100 
0 1 1
0 2 2
0 3 1
0 4 3
0 5 1
0 6 3
0 7 2
0 8 2
0 9 4
0 10 1
0 11 3
0 12 1
0 13 2
0 14 3
0 15 2
0 16 1
0 17 2
0 18 1
0 19 1
0 20 2
0 21 3
0 22 1
0 23 1
0 24 1
0 25 2
0 26 2
0 27 3
0 28 1
0 29 2
0 30 1
0 31 2
0 32 2
0 33 2
0 34 1
0 35 1
0 36 1
0 37 1
0 38 1
0 39 1
0 40 3
0 41 3
0 42 2
0 43 1
0 44 2
0 45 1
0 46 1
0 47 1
0 48 3
0 49 2
0 50 1
0 51 2
0 52 1
0 53 3
0 54 1
0 55 2
0 56 1
0 57 2
0 58 2
0 59 2
0 60 2
0 61 1
0 62 1
0 63 1
0 64 2
0 65 2
0 66 1
0 67 2
0 68 2
0 69 1
0 70 2
0 71 2
0 72 2
0 73 2
0 74 2
0 75 2
0 76 3
0 77 2
0 78 1
0 79 1
0 80 2
0 81 3
0 82 1
0 83 2
0 84 2
0 85 1
0 86 1
0 87 3
0 88 3
0 89 3
0 90 2
0 91 2
0 92 2
0 93 1
0 94 3
0 95 1
0 96 3
0 97 2
0 98 3
0 99 2
1 2 1
1 3 2
1 4 3
1 5 1
1 6 4
1 7 3
1 8 2
1 9 4
1 10 2
1 11 3
1 12 2
1 13 1
1 14 3
1 15 3
1 16 1
1 17 2
1 18 1
1 19 2
1 20 3
1 21 3
1 22 1
1 23 1
1 24 2
1 25 2
1 26 1
1 27 3
1 28 1
1 29 2
1 30 2
1 31 2
1 32 3
1 33 1
1 34 2
1 35 2
1 36 1
1 37 1
1 38 1
1 39 2
1 40 3
1 41 3
1 42 3
1 43 1
1 44 2
1 45 1
1 46 1
1 47 1
1 48 3
1 49 3
1 50 1
1 51 2
1 52 2
1 53 3
1 54 1
1 55 1
1 56 2
1 57 1
1 58 2
1 59 1
1 60 2
1 61 1
1 62 1
1 63 1
1 64 1
1 65 2
1 66 1
1 67 1
1 68 2
1 69 1
1 70 2
1 71 3
1 72 1
1 73 1
1 74 2
1 75 1
1 76 3
1 77 3
1 78 1
1 79 1
1 80 3
1 81 3
1 82 2
1 83 3
1 84 1
1 85 1
1 86 2
1 87 3
1 88 3
1 89 3
1 90 3
1 91 1
1 92 2
1 93 1
1 94 3
1 95 1
1 96 3
1 97 2
1 98 2
1 99 2
2 3 3
2 4 2
2 5 1
2 6 3
2 7 3
2 8 1
2 9 4
2 10 2
2 11 2
2 12 2
2 13 1
2 14 2
2 15 3
2 16 2
2 17 1
2 18 1
2 19 2
2 20 4
2 21 3
2 22 1
2 23 1
2 24 2
2 25 1
2 26 1
2 27 3
2 28 1
2 29 2
2 30 2
2 31 3
2 32 3
2 33 1
2 34 3
2 35 2
2 36 2
2 37 2
2 38 2
2 39 3
2 40 3
2 41 3
2 42 3
2 43 1
2 44 2
2 45 1
2 46 1
2 47 2
2 48 2
2 49 3
2 50 2
2 51 2
2 52 2
2 53 2
2 54 1
2 55 2
2 56 2
2 57 2
2 58 1
2 59 1
2 60 2
2 61 1
2 62 1
2 63 1
2 64 1
2 65 1
2 66 2
2 67 2
2 68 1
2 69 2
2 70 1
2 71 3
2 72 1
2 73 1
2 74 2
2 75 1
2 76 2
2 77 3
2 78 2
2 79 1
2 80 2
2 81 3
2 82 2
2 83 3
2 84 1
2 85 1
2 86 2
2 87 2
2 88 2
2 89 2
2 90 3
2 91 2
2 92 2
2 93 2
2 94 2
2 95 1
2 96 2
2 97 2
2 98 1
2 99 1
3 4 4
3 5 2
3 6 2
3 7 2
3 8 3
3 9 3
3 10 1
3 11 3
3 12 1
3 13 3
3 14 3
3 15 1
3 16 2
3 17 3
3 18 2
3 19 2
3 20 1
3 21 3
3 22 2
3 23 2
3 24 1
3 25 3
3 26 3
3 27 3
3 28 2
3 29 1
3 30 1
3 31 1
3 32 2
3 33 3
3 34 1
3 35 1
3 36 2
3 37 2
3 38 2
3 39 1
3 40 3
3 41 3
3 42 1
3 43 2
3 44 2
3 45 2
3 46 2
3 47 1
3 48 3
3 49 2
3 50 2
3 51 3
3 52 1
3 53 4
3 54 2
3 55 3
3 56 1
3 57 3
3 58 3
3 59 3
3 60 2
3 61 2
3 62 2
3 63 2
3 64 3
3 65 2
3 66 1
3 67 2
3 68 3
3 69 1
3 70 2
3 71 1
3 72 3
3 73 3
3 74 2
3 75 3
3 76 3
3 77 1
3 78 1
3 79 2
3 80 2
3 81 3
3 82 1
3 83 1
3 84 3
3 85 2
3 86 1
3 87 3
3 88 3
3 89 3
3 90 1
3 91 2
3 92 2
3 93 2
3 94 3
3 95 2
3 96 3
3 97 2
3 98 3
3 99 2
4 5 3
4 6 3
4 7 3
4 8 2
4 9 3
4 10 4
4 11 2
4 12 3
4 13 2
4 14 1
4 15 3
4 16 3
4 17 1
4 18 3
4 19 2
4 20 5
4 21 2
4 22 3
4 23 3
4 24 3
4 25 2
4 26 3
4 27 2
4 28 3
4 29 3
4 30 3
4 31 4
4 32 3
4 33 3
4 34 4
4 35 4
4 36 4
4 37 4
4 38 4
4 39 4
4 40 3
4 41 2
4 42 4
4 43 3
4 44 2
4 45 3
4 46 3
4 47 4
4 48 1
4 49 3
4 50 4
4 51 1
4 52 4
4 53 1
4 54 3
4 55 3
4 56 3
4 57 3
4 58 2
4 59 3
4 60 2
4 61 3
4 62 2
4 63 2
4 64 2
4 65 2
4 66 3
4 67 4
4 68 1
4 69 4
4 70 2
4 71 5
4 72 2
4 73 2
4 74 2
4 75 3
4 76 1
4 77 5
4 78 4
4 79 3
4 80 2
4 81 3
4 82 3
4 83 4
4 84 3
4 85 2
4 86 3
4 87 1
4 88 1
4 89 1
4 90 4
4 91 4
4 92 2
4 93 4
4 94 1
4 95 2
4 96 1
4 97 2
4 98 1
4 99 2
5 6 4
5 7 3
5 8 1
5 9 4
5 10 2
5 11 3
5 12 2
5 13 1
5 14 3
5 15 3
5 16 1
5 17 2
5 18 1
5 19 2
5 20 3
5 21 4
5 22 1
5 23 1
5 24 2
5 25 2
5 26 1
5 27 4
5 28 1
5 29 3
5 30 2
5 31 3
5 32 3
5 33 1
5 34 2
5 35 2
5 36 2
5 37 1
5 38 1
5 39 2
5 40 4
5 41 3
5 42 3
5 43 1
5 44 3
5 45 1
5 46 1
5 47 2
5 48 3
5 49 3
5 50 1
5 51 3
5 52 2
5 53 3
5 54 1
5 55 1
5 56 2
5 57 1
5 58 2
5 59 1
5 60 3
5 61 1
5 62 2
5 63 1
5 64 1
5 65 2
5 66 2
5 67 1
5 68 2
5 69 2
5 70 2
5 71 3
5 72 1
5 73 1
5 74 3
5 75 1
5 76 3
5 77 3
5 78 2
5 79 1
5 80 3
5 81 4
5 82 2
5 83 3
5 84 1
5 85 2
5 86 2
5 87 3
5 88 3
5 89 3
5 90 3
5 91 1
5 92 3
5 93 1
5 94 3
5 95 2
5 96 3
5 97 2
5 98 2
5 99 2
6 7 1
6 8 4
6 9 1
6 10 3
6 11 2
6 12 3
6 13 4
6 14 3
6 15 1
6 16 4
6 17 3
6 18 4
6 19 2
6 20 3
6 21 2
6 22 3
6 23 3
6 24 2
6 25 4
6 26 4
6 27 1
6 28 4
6 29 2
6 30 2
6 31 2
6 32 1
6 33 4
6 34 3
6 35 3
6 36 4
6 37 4
6 38 4
6 39 3
6 40 1
6 41 2
6 42 3
6 43 3
6 44 2
6 45 4
6 46 4
6 47 3
6 48 4
6 49 1
6 50 4
6 51 2
6 52 3
6 53 3
6 54 3
6 55 5
6 56 2
6 57 4
6 58 4
6 59 4
6 60 2
6 61 4
6 62 3
6 63 3
6 64 4
6 65 2
6 66 3
6 67 4
6 68 3
6 69 3
6 70 3
6 71 3
6 72 3
6 73 4
6 74 2
6 75 4
6 76 4
6 77 3
6 78 3
6 79 3
6 80 1
6 81 1
6 82 2
6 83 3
6 84 4
6 85 3
6 86 2
6 87 2
6 88 2
6 89 4
6 90 2
6 91 4
6 92 2
6 93 4
6 94 3
6 95 3
6 96 3
6 97 2
6 98 3
6 99 2
7 8 3
7 9 2
7 10 3
7 11 2
7 12 2
7 13 3
7 14 3
7 15 1
7 16 3
7 17 3
7 18 3
7 19 1
7 20 3
7 21 2
7 22 2
7 23 2
7 24 1
7 25 3
7 26 3
7 27 1
7 28 3
7 29 1
7 30 1
7 31 2
7 32 1
7 33 3
7 34 3
7 35 2
7 36 3
7 37 3
7 38 3
7 39 2
7 40 1
7 41 2
7 42 3
7 43 2
7 44 1
7 45 3
7 46 3
7 47 2
7 48 3
7 49 1
7 50 3
7 51 2
7 52 3
7 53 3
7 54 2
7 55 4
7 56 1
7 57 3
7 58 3
7 59 3
7 60 1
7 61 3
7 62 2
7 63 2
7 64 3
7 65 2
7 66 2
7 67 3
7 68 3
7 69 3
7 70 2
7 71 3
7 72 3
7 73 3
7 74 2
7 75 3
7 76 3
7 77 3
7 78 2
7 79 2
7 80 1
7 81 2
7 82 1
7 83 3
7 84 3
7 85 2
7 86 1
7 87 2
7 88 2
7 89 3
7 90 2
7 91 3
7 92 2
7 93 3
7 94 2
7 95 2
7 96 2
7 97 1
7 98 2
7 99 2
8 9 4
8 10 3
8 11 3
8 12 3
8 13 1
8 14 2
8 15 4
8 16 2
8 17 1
8 18 1
8 19 2
8 20 4
8 21 3
8 22 1
8 23 2
8 24 3
8 25 1
8 26 1
8 27 3
8 28 1
8 29 3
8 30 3
8 31 3
8 32 3
8 33 1
8 34 3
8 35 3
8 36 3
8 37 2
8 38 2
8 39 3
8 40 3
8 41 3
8 42 4
8 43 2
8 44 2
8 45 1
8 46 2
8 47 2
8 48 2
8 49 3
8 50 2
8 51 2
8 52 3
8 53 2
8 54 1
8 55 2
8 56 2
8 57 1
8 58 1
8 59 1
8 60 3
8 61 1
8 62 2
8 63 1
8 64 1
8 65 2
8 66 2
8 67 2
8 68 1
8 69 2
8 70 1
8 71 4
8 72 1
8 73 1
8 74 3
8 75 1
8 76 2
8 77 4
8 78 2
8 79 2
8 80 3
8 81 3
8 82 2
8 83 4
8 84 1
8 85 2
8 86 3
8 87 3
8 88 3
8 89 2
8 90 4
8 91 2
8 92 2
8 93 2
8 94 2
8 95 2
8 96 2
8 97 2
8 98 2
8 99 2
9 10 4
9 11 2
9 12 4
9 13 4
9 14 3
9 15 2
9 16 4
9 17 3
9 18 4
9 19 3
9 20 4
9 21 2
9 22 4
9 23 4
9 24 3
9 25 4
9 26 4
9 27 1
9 28 4
9 29 3
9 30 3
9 31 3
9 32 2
9 33 4
9 34 4
9 35 4
9 36 5
9 37 5
9 38 5
9 39 4
9 40 1
9 41 1
9 42 4
9 43 4
9 44 2
9 45 4
9 46 4
9 47 4
9 48 3
9 49 2
9 50 5
9 51 2
9 52 4
9 53 3
9 54 4
9 55 5
9 56 3
9 57 5
9 58 4
9 59 4
9 60 2
9 61 4
9 62 3
9 63 3
9 64 4
9 65 3
9 66 4
9 67 5
9 68 3
9 69 4
9 70 3
9 71 4
9 72 4
9 73 4
9 74 2
9 75 4
9 76 3
9 77 4
9 78 4
9 79 4
9 80 2
9 81 1
9 82 3
9 83 4
9 84 4
9 85 3
9 86 3
9 87 2
9 88 2
9 89 3
9 90 3
9 91 5
9 92 2
9 93 5
9 94 2
9 95 3
9 96 2
9 97 2
9 98 3
9 99 3
10 11 3
10 12 1
10 13 3
10 14 4
10 15 2
10 16 1
10 17 3
10 18 2
10 19 2
10 20 2
10 21 4
10 22 2
10 23 2
10 24 2
10 25 3
10 26 2
10 27 4
10 28 2
10 29 2
10 30 2
10 31 1
10 32 3
10 33 2
10 34 1
10 35 1
10 36 1
10 37 1
10 38 1
10 39 1
10 40 4
10 41 4
10 42 1
10 43 1
10 44 3
10 45 2
10 46 2
10 47 1
10 48 4
10 49 3
10 50 1
10 51 3
10 52 1
10 53 4
10 54 2
10 55 2
10 56 2
10 57 2
10 58 3
10 59 2
10 60 3
10 61 2
10 62 2
10 63 2
10 64 2
10 65 3
10 66 1
10 67 2
10 68 3
10 69 1
10 70 3
10 71 1
10 72 2
10 73 3
10 74 3
10 75 2
10 76 4
10 77 2
10 78 1
10 79 2
10 80 3
10 81 4
10 82 2
10 83 1
10 84 3
10 85 2
10 86 2
10 87 4
10 88 3
10 89 4
10 90 2
10 91 1
10 92 3
10 93 1
10 94 3
10 95 2
10 96 3
10 97 3
10 98 3
10 99 2
11 12 3
11 13 3
11 14 1
11 15 2
11 16 3
11 17 2
11 18 3
11 19 2
11 20 4
11 21 1
11 22 2
11 23 3
11 24 2
11 25 2
11 26 3
11 27 1
11 28 3
11 29 2
11 30 2
11 31 3
11 32 2
11 33 3
11 34 4
11 35 3
11 36 3
11 37 4
11 38 3
11 39 3
11 40 1
11 41 1
11 42 4
11 43 2
11 44 1
11 45 3
11 46 3
11 47 3
11 48 2
11 49 2
11 50 3
11 51 1
11 52 3
11 53 2
11 54 2
11 55 4
11 56 2
11 57 3
11 58 2
11 59 3
11 60 1
11 61 3
11 62 2
11 63 2
11 64 3
11 65 1
11 66 3
11 67 4
11 68 2
11 69 3
11 70 2
11 71 4
11 72 2
11 73 3
11 74 1
11 75 3
11 76 2
11 77 4
11 78 3
11 79 3
11 80 1
11 81 1
11 82 2
11 83 4
11 84 3
11 85 2
11 86 2
11 87 1
11 88 1
11 89 2
11 90 3
11 91 4
11 92 1
11 93 3
11 94 1
11 95 2
11 96 1
11 97 1
11 98 1
11 99 1
12 13 2
12 14 3
12 15 2
12 16 2
12 17 2
12 18 2
12 19 1
12 20 2
12 21 3
12 22 2
12 23 1
12 24 1
12 25 3
12 26 2
12 27 3
12 28 2
12 29 1
12 30 1
12 31 1
12 32 2
12 33 2
12 34 1
12 35 1
12 36 1
12 37 2
12 38 2
12 39 1
12 40 3
12 41 3
12 42 1
12 43 1
12 44 2
12 45 2
12 46 2
12 47 1
12 48 3
12 49 2
12 50 2
12 51 2
12 52 1
12 53 3
12 54 2
12 55 3
12 56 1
12 57 2
12 58 3
12 59 2
12 60 2
12 61 2
12 62 1
12 63 2
12 64 2
12 65 2
12 66 1
12 67 2
12 68 2
12 69 1
12 70 2
12 71 2
12 72 2
12 73 2
12 74 2
12 75 2
12 76 3
12 77 2
12 78 1
12 79 2
12 80 2
12 81 3
12 82 1
12 83 1
12 84 2
12 85 2
12 86 1
12 87 3
12 88 3
12 89 3
12 90 1
12 91 2
12 92 2
12 93 2
12 94 3
12 95 2
12 96 3
12 97 2
12 98 3
12 99 2
13 14 2
13 15 3
13 16 2
13 17 1
13 18 1
13 19 2
13 20 4
13 21 3
13 22 1
13 23 1
13 24 2
13 25 1
13 26 1
13 27 3
13 28 1
13 29 2
13 30 2
13 31 3
13 32 3
13 33 1
13 34 3
13 35 3
13 36 2
13 37 2
13 38 2
13 39 3
13 40 3
13 41 3
13 42 3
13 43 2
13 44 2
13 45 1
13 46 2
13 47 2
13 48 2
13 49 3
13 50 2
13 51 2
13 52 2
13 53 2
13 54 1
13 55 2
13 56 2
13 57 2
13 58 1
13 59 1
13 60 2
13 61 1
13 62 1
13 63 1
13 64 1
13 65 2
13 66 2
13 67 2
13 68 1
13 69 2
13 70 1
13 71 3
13 72 1
13 73 1
13 74 2
13 75 1
13 76 2
13 77 4
13 78 2
13 79 1
13 80 3
13 81 3
13 82 2
13 83 3
13 84 1
13 85 1
13 86 2
13 87 3
13 88 3
13 89 2
13 90 3
13 91 2
13 92 2
13 93 2
13 94 2
13 95 1
13 96 2
13 97 2
13 98 2
13 99 2
14 15 3
14 16 3
14 17 1
14 18 3
14 19 2
14 20 4
14 21 2
14 22 2
14 23 2
14 24 3
14 25 2
14 26 3
14 27 2
14 28 3
14 29 2
14 30 3
14 31 3
14 32 2
14 33 3
14 34 4
14 35 3
14 36 3
14 37 3
14 38 3
14 39 4
14 40 2
14 41 2
14 42 4
14 43 3
14 44 2
14 45 3
14 46 3
14 47 3
14 48 1
14 49 2
14 50 3
14 51 1
14 52 3
14 53 1
14 54 2
14 55 3
14 56 2
14 57 3
14 58 2
14 59 3
14 60 2
14 61 3
14 62 2
14 63 2
14 64 2
14 65 1
14 66 3
14 67 3
14 68 1
14 69 3
14 70 1
14 71 4
14 72 2
14 73 2
14 74 1
14 75 3
14 76 1
14 77 4
14 78 3
14 79 2
14 80 2
14 81 2
14 82 2
14 83 4
14 84 3
14 85 2
14 86 2
14 87 1
14 88 1
14 89 1
14 90 4
14 91 3
14 92 1
14 93 3
14 94 1
14 95 2
14 96 1
14 97 2
14 98 1
14 99 2
15 16 3
15 17 3
15 18 3
15 19 2
15 20 2
15 21 3
15 22 3
15 23 3
15 24 1
15 25 3
15 26 4
15 27 2
15 28 3
15 29 2
15 30 1
15 31 1
15 32 1
15 33 3
15 34 2
15 35 2
15 36 3
15 37 3
15 38 3
15 39 2
15 40 2
15 41 2
15 42 2
15 43 2
15 44 2
15 45 3
15 46 3
15 47 2
15 48 4
15 49 1
15 50 3
15 51 2
15 52 2
15 53 3
15 54 3
15 55 4
15 56 2
15 57 4
15 58 3
15 59 4
15 60 2
15 61 3
15 62 2
15 63 3
15 64 3
15 65 2
15 66 2
15 67 3
15 68 3
15 69 2
15 70 3
15 71 2
15 72 3
15 73 3
15 74 2
15 75 4
15 76 4
15 77 2
15 78 2
15 79 3
15 80 1
15 81 2
15 82 2
15 83 2
15 84 4
15 85 2
15 86 2
15 87 3
15 88 3
15 89 4
15 90 1
15 91 3
15 92 2
15 93 3
15 94 3
15 95 2
15 96 3
15 97 2
15 98 3
15 99 2
16 17 2
16 18 1
16 19 2
16 20 3
16 21 3
16 22 1
16 23 1
16 24 2
16 25 2
16 26 1
16 27 3
16 28 1
16 29 2
16 30 2
16 31 2
16 32 3
16 33 1
16 34 2
16 35 1
16 36 1
16 37 1
16 38 1
16 39 2
16 40 3
16 41 3
16 42 2
16 43 1
16 44 2
16 45 1
16 46 1
16 47 1
16 48 3
16 49 3
16 50 1
16 51 3
16 52 1
16 53 3
16 54 1
16 55 2
16 56 2
16 57 1
16 58 2
16 59 1
16 60 2
16 61 1
16 62 2
16 63 1
16 64 1
16 65 2
16 66 1
16 67 1
16 68 2
16 69 1
16 70 2
16 71 2
16 72 1
16 73 2
16 74 3
16 75 1
16 76 3
16 77 2
16 78 1
16 79 1
16 80 3
16 81 3
16 82 2
16 83 2
16 84 2
16 85 1
16 86 2
16 87 3
16 88 3
16 89 3
16 90 2
16 91 1
16 92 2
16 93 1
16 94 3
16 95 1
16 96 3
16 97 2
16 98 3
16 99 2
17 18 2
17 19 2
17 20 4
17 21 2
17 22 2
17 23 2
17 24 2
17 25 1
17 26 2
17 27 3
17 28 2
17 29 2
17 30 2
17 31 3
17 32 3
17 33 2
17 34 3
17 35 3
17 36 3
17 37 3
17 38 3
17 39 3
17 40 3
17 41 2
17 42 3
17 43 2
17 44 2
17 45 2
17 46 2
17 47 3
17 48 1
17 49 3
17 50 3
17 51 2
17 52 3
17 53 1
17 54 2
17 55 2
17 56 2
17 57 2
17 58 1
17 59 2
17 60 2
17 61 2
17 62 1
17 63 1
17 64 1
17 65 1
17 66 2
17 67 3
17 68 1
17 69 3
17 70 1
17 71 4
17 72 1
17 73 1
17 74 2
17 75 2
17 76 1
17 77 4
17 78 3
17 79 2
17 80 2
17 81 3
17 82 2
17 83 3
17 84 2
17 85 1
17 86 2
17 87 2
17 88 2
17 89 1
17 90 3
17 91 3
17 92 2
17 93 3
17 94 1
17 95 1
17 96 1
17 97 2
17 98 1
17 99 1
18 19 2
18 20 3
18 21 4
18 22 1
18 23 1
18 24 2
18 25 2
18 26 1
18 27 4
18 28 1
18 29 3
18 30 2
18 31 3
18 32 3
18 33 1
18 34 2
18 35 2
18 36 2
18 37 1
18 38 1
18 39 2
18 40 4
18 41 3
18 42 3
18 43 1
18 44 3
18 45 1
18 46 1
18 47 2
18 48 3
18 49 3
18 50 1
18 51 3
18 52 2
18 53 3
18 54 1
18 55 1
18 56 2
18 57 1
18 58 2
18 59 1
18 60 3
18 61 1
18 62 2
18 63 1
18 64 1
18 65 2
18 66 2
18 67 1
18 68 2
18 69 2
18 70 2
18 71 3
18 72 1
18 73 1
18 74 3
18 75 1
18 76 3
18 77 3
18 78 1
18 79 1
18 80 3
18 81 4
18 82 2
18 83 3
18 84 1
18 85 2
18 86 2
18 87 3
18 88 3
18 89 3
18 90 3
18 91 1
18 92 3
18 93 1
18 94 3
18 95 2
18 96 3
18 97 2
18 98 2
18 99 2
19 20 3
19 21 2
19 22 2
19 23 1
19 24 1
19 25 2
19 26 2
19 27 2
19 28 2
19 29 1
19 30 1
19 31 2
19 32 1
19 33 2
19 34 2
19 35 2
19 36 2
19 37 2
19 38 2
19 39 2
19 40 2
19 41 2
19 42 2
19 43 1
19 44 1
19 45 2
19 46 2
19 47 2
19 48 2
19 49 1
19 50 2
19 51 1
19 52 2
19 53 2
19 54 2
19 55 3
19 56 1
19 57 2
19 58 2
19 59 2
19 60 1
19 61 2
19 62 1
19 63 1
19 64 2
19 65 1
19 66 1
19 67 3
19 68 2
19 69 2
19 70 1
19 71 3
19 72 2
19 73 2
19 74 1
19 75 2
19 76 2
19 77 3
19 78 2
19 79 2
19 80 1
19 81 2
19 82 1
19 83 2
19 84 2
19 85 1
19 86 1
19 87 2
19 88 2
19 89 2
19 90 2
19 91 2
19 92 1
19 93 2
19 94 2
19 95 1
19 96 2
19 97 1
19 98 2
19 99 1
20 21 4
20 22 3
20 23 3
20 24 2
20 25 4
20 26 3
20 27 4
20 28 3
20 29 2
20 30 2
20 31 1
20 32 3
20 33 3
20 34 2
20 35 2
20 36 2
20 37 3
20 38 2
20 39 1
20 40 4
20 41 4
20 42 1
20 43 3
20 44 3
20 45 3
20 46 3
20 47 2
20 48 4
20 49 3
20 50 3
20 51 4
20 52 2
20 53 5
20 54 3
20 55 4
20 56 2
20 57 3
20 58 4
20 59 4
20 60 3
20 61 3
20 62 3
20 63 3
20 64 4
20 65 3
20 66 2
20 67 3
20 68 4
20 69 2
20 70 3
20 71 1
20 72 4
20 73 4
20 74 3
20 75 4
20 76 4
20 77 1
20 78 2
20 79 3
20 80 3
20 81 4
20 82 2
20 83 1
20 84 4
20 85 3
20 86 2
20 87 4
20 88 4
20 89 4
20 90 1
20 91 3
20 92 3
20 93 3
20 94 4
20 95 3
20 96 4
20 97 3
20 98 4
20 99 3
21 22 3
21 23 3
21 24 2
21 25 3
21 26 4
21 27 1
21 28 4
21 29 2
21 30 2
21 31 3
21 32 2
21 33 4
21 34 4
21 35 3
21 36 4
21 37 4
21 38 4
21 39 3
21 40 1
21 41 1
21 42 4
21 43 3
21 44 1
21 45 3
21 46 3
21 47 3
21 48 2
21 49 2
21 50 4
21 51 1
21 52 4
21 53 2
21 54 3
21 55 4
21 56 2
21 57 4
21 58 3
21 59 4
21 60 1
21 61 3
21 62 2
21 63 3
21 64 3
21 65 2
21 66 3
21 67 4
21 68 2
21 69 4
21 70 2
21 71 4
21 72 3
21 73 3
21 74 1
21 75 4
21 76 2
21 77 4
21 78 3
21 79 3
21 80 2
21 81 1
21 82 2
21 83 4
21 84 4
21 85 2
21 86 2
21 87 1
21 88 1
21 89 2
21 90 3
21 91 4
21 92 1
21 93 4
21 94 1
21 95 2
21 96 1
21 97 2
21 98 2
21 99 2
22 23 1
22 24 2
22 25 1
22 26 1
22 27 3
22 28 1
22 29 2
22 30 2
22 31 2
22 32 2
22 33 1
22 34 2
22 35 2
22 36 2
22 37 2
22 38 1
22 39 2
22 40 3
22 41 3
22 42 3
22 43 1
22 44 2
22 45 1
22 46 1
22 47 1
22 48 2
22 49 2
22 50 1
22 51 2
22 52 2
22 53 3
22 54 1
22 55 2
22 56 1
22 57 1
22 58 1
22 59 1
22 60 2
22 61 1
22 62 1
22 63 1
22 64 1
22 65 2
22 66 1
22 67 2
22 68 2
22 69 2
22 70 1
22 71 3
22 72 1
22 73 1
22 74 2
22 75 1
22 76 2
22 77 3
22 78 1
22 79 1
22 80 2
22 81 3
22 82 1
22 83 3
22 84 1
22 85 1
22 86 2
22 87 3
22 88 2
22 89 2
22 90 3
22 91 2
22 92 2
22 93 1
22 94 2
22 95 1
22 96 2
22 97 2
22 98 2
22 99 1
23 24 2
23 25 2
23 26 1
23 27 3
23 28 1
23 29 2
23 30 2
23 31 2
23 32 2
23 33 1
23 34 2
23 35 2
23 36 1
23 37 1
23 38 1
23 39 2
23 40 3
23 41 3
23 42 2
23 43 1
23 44 2
23 45 1
23 46 1
23 47 1
23 48 2
23 49 2
23 50 1
23 51 2
23 52 1
23 53 3
23 54 1
23 55 2
23 56 1
23 57 1
23 58 2
23 59 1
23 60 2
23 61 1
23 62 1
23 63 1
23 64 1
23 65 2
23 66 1
23 67 2
23 68 2
23 69 1
23 70 1
23 71 2
23 72 1
23 73 1
23 74 2
23 75 1
23 76 2
23 77 3
23 78 1
23 79 1
23 80 2
23 81 3
23 82 1
23 83 2
23 84 1
23 85 1
23 86 2
23 87 3
23 88 3
23 89 2
23 90 2
23 91 1
23 92 2
23 93 1
23 94 2
23 95 1
23 96 2
23 97 2
23 98 2
23 99 2
24 25 2
24 26 3
24 27 2
24 28 2
24 29 1
24 30 1
24 31 1
24 32 1
24 33 2
24 34 2
24 35 1
24 36 2
24 37 2
24 38 2
24 39 2
24 40 2
24 41 2
24 42 2
24 43 1
24 44 2
24 45 2
24 46 2
24 47 1
24 48 3
24 49 1
24 50 2
24 51 2
24 52 2
24 53 3
24 54 2
24 55 3
24 56 1
24 57 3
24 58 2
24 59 3
24 60 1
24 61 2
24 62 1
24 63 2
24 64 2
24 65 2
24 66 1
24 67 3
24 68 2
24 69 2
24 70 2
24 71 2
24 72 2
24 73 2
24 74 2
24 75 3
24 76 3
24 77 2
24 78 2
24 79 2
24 80 1
24 81 2
24 82 1
24 83 2
24 84 3
24 85 1
24 86 1
24 87 2
24 88 2
24 89 3
24 90 2
24 91 2
24 92 2
24 93 2
24 94 2
24 95 1
24 96 2
24 97 1
24 98 2
24 99 1
25 26 1
25 27 3
25 28 2
25 29 2
25 30 2
25 31 3
25 32 3
25 33 2
25 34 3
25 35 3
25 36 3
25 37 3
25 38 2
25 39 3
25 40 3
25 41 3
25 42 4
25 43 2
25 44 2
25 45 2
25 46 2
25 47 2
25 48 1
25 49 3
25 50 2
25 51 2
25 52 3
25 53 2
25 54 2
25 55 2
25 56 2
25 57 2
25 58 1
25 59 1
25 60 2
25 61 2
25 62 2
25 63 1
25 64 1
25 65 2
25 66 2
25 67 2
25 68 1
25 69 3
25 70 1
25 71 4
25 72 1
25 73 1
25 74 2
25 75 1
25 76 1
25 77 4
25 78 2
25 79 2
25 80 3
25 81 3
25 82 2
25 83 4
25 84 1
25 85 1
25 86 2
25 87 2
25 88 2
25 89 1
25 90 3
25 91 3
25 92 2
25 93 2
25 94 2
25 95 2
25 96 2
25 97 2
25 98 1
25 99 2
26 27 4
26 28 1
26 29 3
26 30 3
26 31 3
26 32 3
26 33 1
26 34 2
26 35 2
26 36 2
26 37 2
26 38 1
26 39 2
26 40 4
26 41 3
26 42 3
26 43 2
26 44 3
26 45 1
26 46 1
26 47 2
26 48 2
26 49 3
26 50 1
26 51 3
26 52 2
26 53 3
26 54 1
26 55 1
26 56 2
26 57 1
26 58 1
26 59 1
26 60 3
26 61 1
26 62 2
26 63 1
26 64 1
26 65 2
26 66 2
26 67 1
26 68 2
26 69 2
26 70 2
26 71 3
26 72 1
26 73 1
26 74 3
26 75 1
26 76 2
26 77 3
26 78 2
26 79 1
26 80 3
26 81 4
26 82 2
26 83 3
26 84 1
26 85 2
26 86 3
26 87 3
26 88 3
26 89 2
26 90 3
26 91 2
26 92 3
26 93 1
26 94 3
26 95 2
26 96 3
26 97 2
26 98 2
26 99 2
27 28 4
27 29 2
27 30 2
27 31 3
27 32 1
27 33 4
27 34 4
27 35 3
27 36 4
27 37 4
27 38 4
27 39 3
27 40 1
27 41 1
27 42 4
27 43 3
27 44 1
27 45 3
27 46 3
27 47 3
27 48 3
27 49 1
27 50 4
27 51 1
27 52 4
27 53 2
27 54 3
27 55 4
27 56 2
27 57 4
27 58 3
27 59 4
27 60 1
27 61 3
27 62 2
27 63 3
27 64 3
27 65 2
27 66 3
27 67 4
27 68 3
27 69 4
27 70 2
27 71 4
27 72 3
27 73 3
27 74 1
27 75 4
27 76 3
27 77 4
27 78 3
27 79 3
27 80 1
27 81 1
27 82 2
27 83 4
27 84 4
27 85 2
27 86 2
27 87 1
27 88 1
27 89 3
27 90 3
27 91 4
27 92 1
27 93 4
27 94 2
27 95 2
27 96 2
27 97 2
27 98 2
27 99 2
28 29 3
28 30 2
28 31 2
28 32 3
28 33 1
28 34 2
28 35 2
28 36 2
28 37 1
28 38 1
28 39 2
28 40 4
28 41 3
28 42 3
28 43 1
28 44 3
28 45 1
28 46 1
28 47 1
28 48 3
28 49 3
28 50 1
28 51 3
28 52 2
28 53 3
28 54 1
28 55 1
28 56 2
28 57 1
28 58 2
28 59 1
28 60 3
28 61 1
28 62 2
28 63 1
28 64 1
28 65 2
28 66 2
28 67 1
28 68 2
28 69 1
28 70 2
28 71 3
28 72 1
28 73 1
28 74 3
28 75 1
28 76 3
28 77 3
28 78 1
28 79 1
28 80 3
28 81 4
28 82 2
28 83 3
28 84 1
28 85 2
28 86 2
28 87 3
28 88 3
28 89 3
28 90 3
28 91 1
28 92 3
28 93 1
28 94 3
28 95 2
28 96 3
28 97 2
28 98 2
28 99 2
29 30 1
29 31 2
29 32 1
29 33 3
29 34 2
29 35 2
29 36 2
29 37 3
29 38 2
29 39 2
29 40 2
29 41 2
29 42 2
29 43 2
29 44 1
29 45 2
29 46 2
29 47 2
29 48 3
29 49 1
29 50 3
29 51 2
29 52 2
29 53 3
29 54 2
29 55 3
29 56 1
29 57 3
29 58 2
29 59 3
29 60 1
29 61 2
29 62 1
29 63 2
29 64 2
29 65 1
29 66 1
29 67 3
29 68 2
29 69 2
29 70 2
29 71 2
29 72 2
29 73 2
29 74 1
29 75 3
29 76 3
29 77 2
29 78 2
29 79 2
29 80 1
29 81 2
29 82 1
29 83 2
29 84 3
29 85 1
29 86 1
29 87 2
29 88 2
29 89 3
29 90 2
29 91 3
29 92 1
29 93 3
29 94 2
29 95 1
29 96 2
29 97 1
29 98 2
29 99 1
30 31 1
30 32 1
30 33 2
30 34 2
30 35 1
30 36 2
30 37 2
30 38 2
30 39 1
30 40 2
30 41 2
30 42 2
30 43 1
30 44 2
30 45 2
30 46 2
30 47 1
30 48 3
30 49 1
30 50 2
30 51 2
30 52 2
30 53 3
30 54 2
30 55 3
30 56 1
30 57 3
30 58 2
30 59 3
30 60 1
30 61 2
30 62 1
30 63 2
30 64 2
30 65 2
30 66 1
30 67 2
30 68 2
30 69 2
30 70 2
30 71 2
30 72 2
30 73 2
30 74 2
30 75 3
30 76 3
30 77 2
30 78 1
30 79 2
30 80 1
30 81 2
30 82 1
30 83 2
30 84 3
30 85 1
30 86 1
30 87 2
30 88 2
30 89 3
30 90 1
30 91 2
30 92 2
30 93 2
30 94 2
30 95 1
30 96 2
30 97 1
30 98 2
30 99 2
31 32 2
31 33 3
31 34 2
31 35 1
31 36 2
31 37 2
31 38 2
31 39 1
31 40 3
31 41 3
31 42 1
31 43 2
31 44 2
31 45 2
31 46 2
31 47 1
31 48 4
31 49 2
31 50 2
31 51 3
31 52 1
31 53 4
31 54 2
31 55 3
31 56 2
31 57 3
31 58 3
31 59 3
31 60 2
31 61 2
31 62 2
31 63 2
31 64 3
31 65 2
31 66 1
31 67 3
31 68 3
31 69 2
31 70 3
31 71 1
31 72 3
31 73 3
31 74 2
31 75 3
31 76 4
31 77 1
31 78 2
31 79 2
31 80 2
31 81 3
31 82 1
31 83 1
31 84 3
31 85 2
31 86 1
31 87 3
31 88 3
31 89 4
31 90 1
31 91 2
31 92 2
31 93 2
31 94 3
31 95 2
31 96 3
31 97 2
31 98 3
31 99 2
32 33 3
32 34 3
32 35 2
32 36 3
32 37 3
32 38 3
32 39 2
32 40 1
32 41 1
32 42 3
32 43 2
32 44 1
32 45 3
32 46 3
32 47 2
32 48 3
32 49 1
32 50 3
32 51 2
32 52 3
32 53 3
32 54 2
32 55 4
32 56 1
32 57 3
32 58 3
32 59 3
32 60 1
32 61 3
32 62 2
32 63 2
32 64 3
32 65 2
32 66 2
32 67 3
32 68 3
32 69 3
32 70 2
32 71 3
32 72 3
32 73 3
32 74 1
32 75 3
32 76 3
32 77 3
32 78 2
32 79 2
32 80 1
32 81 1
32 82 1
32 83 3
32 84 3
32 85 2
32 86 1
32 87 2
32 88 2
32 89 3
32 90 2
32 91 3
32 92 1
32 93 3
32 94 2
32 95 2
32 96 2
32 97 1
32 98 2
32 99 2
33 34 2
33 35 2
33 36 2
33 37 1
33 38 1
33 39 2
33 40 4
33 41 3
33 42 3
33 43 1
33 44 3
33 45 1
33 46 1
33 47 2
33 48 3
33 49 3
33 50 1
33 51 3
33 52 2
33 53 3
33 54 1
33 55 1
33 56 2
33 57 1
33 58 2
33 59 1
33 60 3
33 61 1
33 62 2
33 63 1
33 64 1
33 65 2
33 66 2
33 67 1
33 68 2
33 69 2
33 70 2
33 71 3
33 72 1
33 73 1
33 74 3
33 75 1
33 76 3
33 77 3
33 78 2
33 79 1
33 80 3
33 81 4
33 82 2
33 83 3
33 84 1
33 85 2
33 86 2
33 87 3
33 88 3
33 89 3
33 90 3
33 91 1
33 92 3
33 93 1
33 94 3
33 95 2
33 96 3
33 97 2
33 98 2
33 99 2
34 35 1
34 36 1
34 37 1
34 38 1
34 39 1
34 40 4
34 41 4
34 42 1
34 43 2
34 44 3
34 45 2
34 46 2
34 47 1
34 48 4
34 49 3
34 50 2
34 51 3
34 52 1
34 53 4
34 54 2
34 55 3
34 56 2
34 57 2
34 58 3
34 59 3
34 60 3
34 61 2
34 62 2
34 63 2
34 64 3
34 65 3
34 66 1
34 67 2
34 68 3
34 69 1
34 70 3
34 71 1
34 72 3
34 73 3
34 74 3
34 75 3
34 76 4
34 77 2
34 78 1
34 79 2
34 80 3
34 81 4
34 82 2
34 83 1
34 84 3
34 85 2
34 86 2
34 87 4
34 88 4
34 89 4
34 90 1
34 91 2
34 92 3
34 93 2
34 94 4
34 95 2
34 96 4
34 97 3
34 98 4
34 99 3
35 36 1
35 37 2
35 38 2
35 39 1
35 40 3
35 41 3
35 42 1
35 43 1
35 44 2
35 45 2
35 46 2
35 47 1
35 48 3
35 49 2
35 50 2
35 51 3
35 52 1
35 53 4
35 54 2
35 55 3
35 56 1
35 57 2
35 58 3
35 59 2
35 60 2
35 61 2
35 62 2
35 63 2
35 64 2
35 65 2
35 66 1
35 67 2
35 68 3
35 69 1
35 70 2
35 71 1
35 72 2
35 73 3
35 74 2
35 75 2
35 76 3
35 77 1
35 78 1
35 79 2
35 80 2
35 81 3
35 82 1
35 83 1
35 84 3
35 85 2
35 86 1
35 87 3
35 88 3
35 89 3
35 90 1
35 91 2
35 92 2
35 93 2
35 94 3
35 95 2
35 96 3
35 97 2
35 98 3
35 99 2
36 37 1
36 38 1
36 39 1
36 40 4
36 41 4
36 42 2
36 43 1
36 44 3
36 45 2
36 46 1
36 47 1
36 48 3
36 49 3
36 50 1
36 51 3
36 52 1
36 53 4
36 54 2
36 55 2
36 56 2
36 57 2
36 58 3
36 59 2
36 60 3
36 61 2
36 62 2
36 63 2
36 64 2
36 65 3
36 66 1
36 67 1
36 68 3
36 69 1
36 70 2
36 71 2
36 72 2
36 73 2
36 74 3
36 75 2
36 76 3
36 77 2
36 78 1
36 79 1
36 80 3
36 81 4
36 82 2
36 83 2
36 84 2
36 85 2
36 86 2
36 87 4
36 88 3
36 89 3
36 90 2
36 91 1
36 92 3
36 93 1
36 94 3
36 95 2
36 96 3
36 97 3
36 98 3
36 99 2
37 38 1
37 39 2
37 40 4
37 41 4
37 42 2
37 43 2
37 44 3
37 45 1
37 46 1
37 47 1
37 48 3
37 49 3
37 50 1
37 51 3
37 52 1
37 53 4
37 54 2
37 55 2
37 56 2
37 57 2
37 58 3
37 59 2
37 60 3
37 61 1
37 62 2
37 63 2
37 64 2
37 65 3
37 66 2
37 67 1
37 68 3
37 69 1
37 70 2
37 71 2
37 72 2
37 73 2
37 74 3
37 75 2
37 76 3
37 77 3
37 78 1
37 79 1
37 80 3
37 81 4
37 82 2
37 83 2
37 84 2
37 85 2
37 86 2
37 87 4
37 88 4
37 89 3
37 90 2
37 91 1
37 92 3
37 93 1
37 94 3
37 95 2
37 96 3
37 97 3
37 98 3
37 99 3
38 39 1
38 40 4
38 41 4
38 42 2
38 43 1
38 44 3
38 45 1
38 46 1
38 47 1
38 48 3
38 49 3
38 50 1
38 51 3
38 52 1
38 53 4
38 54 1
38 55 2
38 56 2
38 57 1
38 58 2
38 59 2
38 60 3
38 61 1
38 62 2
38 63 2
38 64 2
38 65 3
38 66 1
38 67 1
38 68 3
38 69 1
38 70 2
38 71 2
38 72 2
38 73 2
38 74 3
38 75 2
38 76 3
38 77 2
38 78 1
38 79 1
38 80 3
38 81 4
38 82 2
38 83 2
38 84 2
38 85 2
38 86 2
38 87 4
38 88 3
38 89 3
38 90 2
38 91 1
38 92 3
38 93 1
38 94 3
38 95 2
38 96 3
38 97 3
38 98 3
38 99 2
39 40 3
39 41 3
39 42 1
39 43 2
39 44 3
39 45 2
39 46 2
39 47 1
39 48 4
39 49 2
39 50 2
39 51 3
39 52 1
39 53 4
39 54 2
39 55 3
39 56 2
39 57 2
39 58 3
39 59 3
39 60 2
39 61 2
39 62 2
39 63 2
39 64 3
39 65 3
39 66 1
39 67 2
39 68 3
39 69 1
39 70 3
39 71 1
39 72 3
39 73 3
39 74 3
39 75 3
39 76 4
39 77 1
39 78 1
39 79 2
39 80 2
39 81 3
39 82 2
39 83 1
39 84 3
39 85 2
39 86 2
39 87 3
39 88 3
39 89 4
39 90 1
39 91 2
39 92 3
39 93 2
39 94 3
39 95 2
39 96 3
39 97 2
39 98 3
39 99 3
40 41 1
40 42 4
40 43 3
40 44 1
40 45 3
40 46 3
40 47 3
40 48 3
40 49 1
40 50 4
40 51 2
40 52 4
40 53 3
40 54 3
40 55 4
40 56 2
40 57 4
40 58 3
40 59 4
40 60 1
40 61 3
40 62 2
40 63 3
40 64 3
40 65 2
40 66 3
40 67 4
40 68 3
40 69 4
40 70 2
40 71 4
40 72 3
40 73 3
40 74 1
40 75 4
40 76 3
40 77 4
40 78 3
40 79 3
40 80 1
40 81 1
40 82 2
40 83 4
40 84 4
40 85 2
40 86 2
40 87 2
40 88 2
40 89 3
40 90 3
40 91 4
40 92 1
40 93 4
40 94 2
40 95 2
40 96 2
40 97 2
40 98 2
40 99 2
41 42 4
41 43 3
41 44 1
41 45 3
41 46 3
41 47 3
41 48 2
41 49 2
41 50 4
41 51 1
41 52 4
41 53 2
41 54 3
41 55 4
41 56 2
41 57 4
41 58 3
41 59 3
41 60 1
41 61 3
41 62 2
41 63 2
41 64 3
41 65 2
41 66 3
41 67 4
41 68 2
41 69 4
41 70 2
41 71 4
41 72 3
41 73 3
41 74 1
41 75 3
41 76 2
41 77 4
41 78 3
41 79 3
41 80 1
41 81 1
41 82 2
41 83 4
41 84 3
41 85 2
41 86 2
41 87 1
41 88 1
41 89 2
41 90 3
41 91 4
41 92 1
41 93 4
41 94 1
41 95 2
41 96 1
41 97 1
41 98 2
41 99 2
42 43 2
42 44 3
42 45 3
42 46 3
42 47 2
42 48 4
42 49 3
42 50 2
42 51 3
42 52 1
42 53 4
42 54 3
42 55 3
42 56 2
42 57 3
42 58 4
42 59 3
42 60 3
42 61 3
42 62 2
42 63 3
42 64 3
42 65 3
42 66 2
42 67 3
42 68 3
42 69 2
42 70 3
42 71 1
42 72 3
42 73 3
42 74 3
42 75 3
42 76 4
42 77 1
42 78 2
42 79 3
42 80 3
42 81 4
42 82 2
42 83 1
42 84 3
42 85 3
42 86 2
42 87 4
42 88 4
42 89 4
42 90 1
42 91 2
42 92 3
42 93 2
42 94 4
42 95 3
42 96 4
42 97 3
42 98 4
42 99 3
43 44 2
43 45 1
43 46 1
43 47 1
43 48 3
43 49 2
43 50 1
43 51 2
43 52 1
43 53 3
43 54 1
43 55 2
43 56 1
43 57 2
43 58 2
43 59 2
43 60 2
43 61 1
43 62 1
43 63 1
43 64 1
43 65 2
43 66 1
43 67 2
43 68 2
43 69 1
43 70 2
43 71 2
43 72 1
43 73 2
43 74 2
43 75 2
43 76 3
43 77 2
43 78 1
43 79 1
43 80 2
43 81 3
43 82 1
43 83 2
43 84 2
43 85 1
43 86 1
43 87 3
43 88 2
43 89 3
43 90 2
43 91 2
43 92 2
43 93 1
43 94 2
43 95 1
43 96 2
43 97 2
43 98 2
43 99 1
44 45 2
44 46 3
44 47 2
44 48 2
44 49 1
44 50 3
44 51 1
44 52 3
44 53 2
44 54 2
44 55 3
44 56 1
44 57 3
44 58 2
44 59 3
44 60 1
44 61 2
44 62 1
44 63 2
44 64 2
44 65 1
44 66 2
44 67 3
44 68 2
44 69 3
44 70 1
44 71 3
44 72 2
44 73 2
44 74 1
44 75 3
44 76 2
44 77 3
44 78 3
44 79 2
44 80 1
44 81 1
44 82 1
44 83 3
44 84 3
44 85 2
44 86 1
44 87 1
44 88 1
44 89 2
44 90 3
44 91 3
44 92 1
44 93 3
44 94 1
44 95 1
44 96 1
44 97 1
44 98 1
44 99 1
45 46 1
45 47 1
45 48 3
45 49 3
45 50 1
45 51 3
45 52 2
45 53 3
45 54 1
45 55 1
45 56 2
45 57 1
45 58 2
45 59 1
45 60 2
45 61 1
45 62 2
45 63 1
45 64 1
45 65 2
45 66 2
45 67 1
45 68 2
45 69 2
45 70 2
45 71 3
45 72 1
45 73 1
45 74 3
45 75 1
45 76 3
45 77 3
45 78 1
45 79 1
45 80 3
45 81 3
45 82 2
45 83 3
45 84 1
45 85 1
45 86 2
45 87 3
45 88 3
45 89 3
45 90 3
45 91 1
45 92 2
45 93 1
45 94 3
45 95 1
45 96 3
45 97 2
45 98 2
45 99 2
46 47 1
46 48 3
46 49 3
46 50 1
46 51 3
46 52 2
46 53 3
46 54 1
46 55 1
46 56 2
46 57 1
46 58 2
46 59 1
46 60 2
46 61 1
46 62 2
46 63 1
46 64 1
46 65 2
46 66 2
46 67 1
46 68 2
46 69 1
46 70 2
46 71 3
46 72 1
46 73 1
46 74 3
46 75 1
46 76 3
46 77 3
46 78 1
46 79 1
46 80 3
46 81 4
46 82 2
46 83 3
46 84 1
46 85 1
46 86 2
46 87 3
46 88 3
46 89 3
46 90 3
46 91 1
46 92 3
46 93 1
46 94 3
46 95 2
46 96 3
46 97 2
46 98 2
46 99 2
47 48 3
47 49 2
47 50 1
47 51 3
47 52 1
47 53 4
47 54 1
47 55 2
47 56 2
47 57 2
47 58 2
47 59 2
47 60 2
47 61 1
47 62 2
47 63 2
47 64 2
47 65 2
47 66 1
47 67 2
47 68 3
47 69 1
47 70 2
47 71 2
47 72 2
47 73 2
47 74 3
47 75 2
47 76 3
47 77 2
47 78 1
47 79 1
47 80 2
47 81 3
47 82 1
47 83 2
47 84 2
47 85 2
47 86 2
47 87 3
47 88 3
47 89 3
47 90 2
47 91 1
47 92 3
47 93 1
47 94 3
47 95 2
47 96 3
47 97 2
47 98 3
47 99 2
48 49 3
48 50 3
48 51 2
48 52 3
48 53 1
48 54 2
48 55 3
48 56 2
48 57 3
48 58 1
48 59 2
48 60 2
48 61 3
48 62 2
48 63 2
48 64 2
48 65 2
48 66 3
48 67 3
48 68 1
48 69 3
48 70 1
48 71 4
48 72 2
48 73 2
48 74 2
48 75 2
48 76 1
48 77 4
48 78 3
48 79 2
48 80 3
48 81 3
48 82 3
48 83 4
48 84 2
48 85 2
48 86 3
48 87 2
48 88 2
48 89 1
48 90 4
48 91 3
48 92 2
48 93 3
48 94 1
48 95 2
48 96 1
48 97 2
48 98 1
48 99 2
49 50 3
49 51 2
49 52 3
49 53 3
49 54 2
49 55 4
49 56 1
49 57 3
49 58 3
49 59 3
49 60 1
49 61 3
49 62 2
49 63 2
49 64 3
49 65 2
49 66 2
49 67 3
49 68 3
49 69 3
49 70 2
49 71 3
49 72 3
49 73 3
49 74 1
49 75 3
49 76 3
49 77 3
49 78 2
49 79 2
49 80 1
49 81 2
49 82 1
49 83 3
49 84 3
49 85 2
49 86 1
49 87 2
49 88 2
49 89 3
49 90 2
49 91 3
49 92 1
49 93 3
49 94 2
49 95 2
49 96 2
49 97 1
49 98 2
49 99 2
50 51 3
50 52 1
50 53 4
50 54 1
50 55 1
50 56 2
50 57 1
50 58 2
50 59 1
50 60 3
50 61 1
50 62 2
50 63 2
50 64 2
50 65 3
50 66 2
50 67 1
50 68 3
50 69 1
50 70 2
50 71 2
50 72 2
50 73 2
50 74 3
50 75 1
50 76 3
50 77 3
50 78 1
50 79 1
50 80 3
50 81 4
50 82 2
50 83 2
50 84 2
50 85 2
50 86 2
50 87 4
50 88 3
50 89 3
50 90 3
50 91 1
50 92 3
50 93 1
50 94 3
50 95 2
50 96 3
50 97 3
50 98 3
50 99 2
51 52 3
51 53 1
51 54 2
51 55 3
51 56 2
51 57 3
51 58 2
51 59 3
51 60 1
51 61 3
51 62 1
51 63 2
51 64 2
51 65 1
51 66 2
51 67 3
51 68 2
51 69 3
51 70 1
51 71 4
51 72 2
51 73 2
51 74 1
51 75 3
51 76 2
51 77 4
51 78 3
51 79 2
51 80 1
51 81 2
51 82 2
51 83 3
51 84 3
51 85 2
51 86 2
51 87 1
51 88 1
51 89 2
51 90 3
51 91 3
51 92 1
51 93 3
51 94 1
51 95 2
51 96 1
51 97 1
51 98 1
51 99 1
52 53 4
52 54 2
52 55 2
52 56 2
52 57 2
52 58 3
52 59 2
52 60 3
52 61 2
52 62 2
52 63 2
52 64 2
52 65 3
52 66 1
52 67 2
52 68 3
52 69 1
52 70 2
52 71 1
52 72 2
52 73 2
52 74 3
52 75 2
52 76 3
52 77 2
52 78 1
52 79 2
52 80 3
52 81 4
52 82 2
52 83 1
52 84 2
52 85 2
52 86 2
52 87 4
52 88 3
52 89 3
52 90 2
52 91 1
52 92 3
52 93 1
52 94 3
52 95 2
52 96 3
52 97 3
52 98 3
52 99 2
53 54 3
53 55 3
53 56 3
53 57 3
53 58 2
53 59 3
53 60 2
53 61 3
53 62 2
53 63 2
53 64 2
53 65 2
53 66 3
53 67 4
53 68 1
53 69 4
53 70 2
53 71 5
53 72 2
53 73 2
53 74 2
53 75 3
53 76 1
53 77 5
53 78 4
53 79 3
53 80 2
53 81 3
53 82 3
53 83 4
53 84 3
53 85 2
53 86 3
53 87 1
53 88 1
53 89 1
53 90 4
53 91 4
53 92 2
53 93 4
53 94 1
53 95 2
53 96 1
53 97 2
53 98 1
53 99 2
54 55 2
54 56 1
54 57 1
54 58 1
54 59 1
54 60 2
54 61 1
54 62 1
54 63 1
54 64 1
54 65 2
54 66 1
54 67 2
54 68 2
54 69 1
54 70 1
54 71 3
54 72 1
54 73 1
54 74 2
54 75 1
54 76 2
54 77 3
54 78 1
54 79 1
54 80 2
54 81 3
54 82 1
54 83 3
54 84 1
54 85 1
54 86 2
54 87 3
54 88 2
54 89 2
54 90 3
54 91 2
54 92 2
54 93 1
54 94 2
54 95 1
54 96 2
54 97 2
54 98 2
54 99 1
55 56 3
55 57 1
55 58 2
55 59 1
55 60 3
55 61 1
55 62 2
55 63 2
55 64 1
55 65 3
55 66 2
55 67 1
55 68 2
55 69 2
55 70 2
55 71 3
55 72 2
55 73 2
55 74 3
55 75 1
55 76 3
55 77 4
55 78 2
55 79 2
55 80 4
55 81 4
55 82 3
55 83 3
55 84 1
55 85 2
55 86 3
55 87 4
55 88 4
55 89 3
55 90 4
55 91 1
55 92 3
55 93 1
55 94 3
55 95 2
55 96 3
55 97 3
55 98 3
55 99 3
56 57 2
56 58 2
56 59 2
56 60 1
56 61 2
56 62 1
56 63 1
56 64 2
56 65 1
56 66 1
56 67 3
56 68 2
56 69 2
56 70 1
56 71 2
56 72 2
56 73 2
56 74 1
56 75 2
56 76 2
56 77 2
56 78 2
56 79 2
56 80 1
56 81 2
56 82 1
56 83 2
56 84 2
56 85 1
56 86 1
56 87 2
56 88 2
56 89 2
56 90 2
56 91 2
56 92 1
56 93 2
56 94 2
56 95 1
56 96 2
56 97 1
56 98 2
56 99 1
57 58 2
57 59 1
57 60 3
57 61 1
57 62 2
57 63 2
57 64 1
57 65 3
57 66 2
57 67 1
57 68 2
57 69 2
57 70 2
57 71 3
57 72 2
57 73 1
57 74 3
57 75 1
57 76 3
57 77 3
57 78 2
57 79 1
57 80 3
57 81 4
57 82 2
57 83 3
57 84 1
57 85 2
57 86 3
57 87 4
57 88 3
57 89 3
57 90 3
57 91 1
57 92 3
57 93 1
57 94 3
57 95 2
57 96 3
57 97 3
57 98 3
57 99 2
58 59 1
58 60 2
58 61 2
58 62 2
58 63 1
58 64 1
58 65 2
58 66 2
58 67 2
58 68 1
58 69 2
58 70 1
58 71 4
58 72 1
58 73 1
58 74 2
58 75 1
58 76 1
58 77 4
58 78 2
58 79 2
58 80 3
58 81 3
58 82 2
58 83 4
58 84 1
58 85 1
58 86 2
58 87 2
58 88 2
58 89 1
58 90 3
58 91 3
58 92 2
58 93 2
58 94 2
58 95 1
58 96 2
58 97 2
58 98 1
58 99 2
59 60 3
59 61 1
59 62 2
59 63 1
59 64 1
59 65 2
59 66 2
59 67 2
59 68 2
59 69 2
59 70 2
59 71 3
59 72 1
59 73 1
59 74 3
59 75 1
59 76 2
59 77 3
59 78 2
59 79 1
59 80 3
59 81 4
59 82 2
59 83 3
59 84 1
59 85 2
59 86 3
59 87 3
59 88 3
59 89 2
59 90 3
59 91 2
59 92 3
59 93 1
59 94 3
59 95 2
59 96 3
59 97 2
59 98 2
59 99 2
60 61 2
60 62 1
60 63 2
60 64 2
60 65 1
60 66 2
60 67 3
60 68 2
60 69 3
60 70 2
60 71 3
60 72 2
60 73 2
60 74 1
60 75 3
60 76 2
60 77 3
60 78 2
60 79 2
60 80 1
60 81 2
60 82 1
60 83 3
60 84 3
60 85 1
60 86 1
60 87 1
60 88 1
60 89 2
60 90 2
60 91 3
60 92 1
60 93 3
60 94 1
60 95 1
60 96 1
60 97 1
60 98 2
60 99 1
61 62 2
61 63 1
61 64 1
61 65 2
61 66 1
61 67 1
61 68 2
61 69 1
61 70 2
61 71 3
61 72 1
61 73 1
61 74 3
61 75 1
61 76 3
61 77 3
61 78 1
61 79 1
61 80 3
61 81 3
61 82 2
61 83 3
61 84 1
61 85 1
61 86 2
61 87 3
61 88 3
61 89 3
61 90 3
61 91 1
61 92 2
61 93 1
61 94 3
61 95 1
61 96 3
61 97 2
61 98 2
61 99 2
62 63 1
62 64 1
62 65 1
62 66 1
62 67 2
62 68 1
62 69 2
62 70 1
62 71 3
62 72 1
62 73 1
62 74 1
62 75 2
62 76 2
62 77 3
62 78 2
62 79 1
62 80 2
62 81 2
62 82 1
62 83 2
62 84 2
62 85 1
62 86 1
62 87 2
62 88 2
62 89 2
62 90 2
62 91 2
62 92 1
62 93 2
62 94 2
62 95 1
62 96 2
62 97 1
62 98 2
62 99 1
63 64 1
63 65 1
63 66 1
63 67 2
63 68 1
63 69 2
63 70 1
63 71 3
63 72 1
63 73 1
63 74 2
63 75 1
63 76 2
63 77 3
63 78 2
63 79 1
63 80 2
63 81 3
63 82 1
63 83 3
63 84 1
63 85 1
63 86 2
63 87 2
63 88 2
63 89 2
63 90 3
63 91 2
63 92 2
63 93 2
63 94 2
63 95 1
63 96 2
63 97 1
63 98 2
63 99 1
64 65 2
64 66 2
64 67 2
64 68 1
64 69 2
64 70 1
64 71 3
64 72 1
64 73 1
64 74 2
64 75 1
64 76 2
64 77 3
64 78 2
64 79 1
64 80 3
64 81 3
64 82 2
64 83 3
64 84 1
64 85 1
64 86 2
64 87 3
64 88 3
64 89 2
64 90 3
64 91 2
64 92 2
64 93 2
64 94 2
64 95 1
64 96 2
64 97 2
64 98 2
64 99 2
65 66 2
65 67 3
65 68 1
65 69 3
65 70 1
65 71 3
65 72 1
65 73 2
65 74 1
65 75 2
65 76 2
65 77 3
65 78 3
65 79 2
65 80 1
65 81 2
65 82 1
65 83 3
65 84 2
65 85 1
65 86 1
65 87 1
65 88 1
65 89 2
65 90 3
65 91 3
65 92 1
65 93 3
65 94 1
65 95 1
65 96 1
65 97 1
65 98 1
65 99 1
66 67 2
66 68 2
66 69 1
66 70 2
66 71 2
66 72 2
66 73 2
66 74 2
66 75 2
66 76 3
66 77 2
66 78 1
66 79 1
66 80 2
66 81 3
66 82 1
66 83 2
66 84 2
66 85 1
66 86 1
66 87 3
66 88 3
66 89 3
66 90 2
66 91 2
66 92 2
66 93 2
66 94 3
66 95 1
66 96 3
66 97 2
66 98 3
66 99 2
67 68 3
67 69 1
67 70 2
67 71 3
67 72 2
67 73 2
67 74 3
67 75 2
67 76 3
67 77 3
67 78 1
67 79 1
67 80 3
67 81 4
67 82 2
67 83 3
67 84 2
67 85 2
67 86 3
67 87 4
67 88 4
67 89 3
67 90 3
67 91 1
67 92 3
67 93 1
67 94 3
67 95 2
67 96 3
67 97 3
67 98 3
67 99 3
68 69 3
68 70 1
68 71 4
68 72 1
68 73 1
68 74 2
68 75 2
68 76 1
68 77 4
68 78 3
68 79 2
68 80 2
68 81 3
68 82 2
68 83 3
68 84 2
68 85 1
68 86 2
68 87 2
68 88 2
68 89 1
68 90 3
68 91 3
68 92 2
68 93 3
68 94 1
68 95 1
68 96 1
68 97 2
68 98 1
68 99 1
69 70 2
69 71 2
69 72 2
69 73 2
69 74 3
69 75 2
69 76 3
69 77 2
69 78 1
69 79 1
69 80 3
69 81 4
69 82 2
69 83 2
69 84 2
69 85 2
69 86 2
69 87 4
69 88 3
69 89 3
69 90 2
69 91 1
69 92 3
69 93 1
69 94 3
69 95 2
69 96 3
69 97 3
69 98 3
69 99 2
70 71 3
70 72 1
70 73 1
70 74 2
70 75 2
70 76 1
70 77 3
70 78 2
70 79 1
70 80 2
70 81 2
70 82 2
70 83 3
70 84 2
70 85 1
70 86 2
70 87 2
70 88 2
70 89 1
70 90 3
70 91 2
70 92 1
70 93 2
70 94 1
70 95 1
70 96 1
70 97 1
70 98 1
70 99 1
71 72 3
71 73 3
71 74 3
71 75 3
71 76 4
71 77 1
71 78 2
71 79 3
71 80 3
71 81 4
71 82 2
71 83 1
71 84 3
71 85 3
71 86 2
71 87 4
71 88 4
71 89 4
71 90 1
71 91 2
71 92 3
71 93 2
71 94 4
71 95 3
71 96 4
71 97 3
71 98 4
71 99 3
72 73 1
72 74 2
72 75 1
72 76 2
72 77 3
72 78 2
72 79 1
72 80 2
72 81 3
72 82 2
72 83 3
72 84 1
72 85 1
72 86 2
72 87 2
72 88 2
72 89 2
72 90 3
72 91 2
72 92 2
72 93 2
72 94 2
72 95 1
72 96 2
72 97 2
72 98 2
72 99 1
73 74 2
73 75 1
73 76 2
73 77 4
73 78 2
73 79 1
73 80 3
73 81 3
73 82 2
73 83 3
73 84 1
73 85 1
73 86 2
73 87 3
73 88 3
73 89 2
73 90 3
73 91 2
73 92 2
73 93 2
73 94 2
73 95 1
73 96 2
73 97 2
73 98 2
73 99 2
74 75 3
74 76 2
74 77 3
74 78 3
74 79 2
74 80 1
74 81 1
74 82 2
74 83 3
74 84 3
74 85 2
74 86 1
74 87 1
74 88 1
74 89 2
74 90 3
74 91 3
74 92 1
74 93 3
74 94 1
74 95 2
74 96 1
74 97 1
74 98 1
74 99 1
75 76 2
75 77 3
75 78 2
75 79 1
75 80 3
75 81 4
75 82 2
75 83 3
75 84 1
75 85 2
75 86 3
75 87 3
75 88 3
75 89 2
75 90 3
75 91 2
75 92 3
75 93 1
75 94 3
75 95 2
75 96 3
75 97 2
75 98 2
75 99 2
76 77 4
76 78 3
76 79 2
76 80 3
76 81 3
76 82 3
76 83 4
76 84 2
76 85 2
76 86 3
76 87 2
76 88 2
76 89 1
76 90 4
76 91 3
76 92 2
76 93 3
76 94 1
76 95 2
76 96 1
76 97 2
76 98 1
76 99 2
77 78 2
77 79 3
77 80 3
77 81 4
77 82 2
77 83 1
77 84 4
77 85 3
77 86 2
77 87 4
77 88 4
77 89 4
77 90 1
77 91 3
77 92 3
77 93 3
77 94 4
77 95 3
77 96 4
77 97 3
77 98 4
77 99 3
78 79 1
78 80 2
78 81 3
78 82 2
78 83 2
78 84 2
78 85 2
78 86 2
78 87 3
78 88 3
78 89 3
78 90 2
78 91 1
78 92 3
78 93 1
78 94 3
78 95 2
78 96 3
78 97 2
78 98 3
78 99 2
79 80 2
79 81 3
79 82 1
79 83 3
79 84 1
79 85 1
79 86 2
79 87 3
79 88 3
79 89 2
79 90 3
79 91 1
79 92 2
79 93 1
79 94 2
79 95 1
79 96 2
79 97 2
79 98 2
79 99 2
80 81 1
80 82 1
80 83 3
80 84 3
80 85 2
80 86 1
80 87 2
80 88 2
80 89 3
80 90 2
80 91 3
80 92 1
80 93 3
80 94 2
80 95 2
80 96 2
80 97 1
80 98 2
80 99 1
81 82 2
81 83 4
81 84 4
81 85 3
81 86 2
81 87 2
81 88 2
81 89 3
81 90 3
81 91 4
81 92 2
81 93 4
81 94 2
81 95 2
81 96 2
81 97 2
81 98 2
81 99 2
82 83 2
82 84 2
82 85 1
82 86 1
82 87 2
82 88 2
82 89 3
82 90 2
82 91 2
82 92 2
82 93 2
82 94 2
82 95 1
82 96 2
82 97 1
82 98 2
82 99 1
83 84 3
83 85 3
83 86 2
83 87 4
83 88 4
83 89 4
83 90 1
83 91 2
83 92 3
83 93 2
83 94 4
83 95 3
83 96 4
83 97 3
83 98 4
83 99 3
84 85 2
84 86 3
84 87 3
84 88 3
84 89 2
84 90 3
84 91 2
84 92 3
84 93 2
84 94 3
84 95 2
84 96 3
84 97 2
84 98 2
84 99 2
85 86 1
85 87 2
85 88 2
85 89 2
85 90 2
85 91 2
85 92 2
85 93 2
85 94 2
85 95 1
85 96 2
85 97 1
85 98 2
85 99 1
86 87 2
86 88 2
86 89 3
86 90 2
86 91 3
86 92 1
86 93 2
86 94 2
86 95 1
86 96 2
86 97 1
86 98 2
86 99 1
87 88 1
87 89 2
87 90 3
87 91 4
87 92 1
87 93 4
87 94 1
87 95 2
87 96 1
87 97 1
87 98 1
87 99 2
88 89 2
88 90 3
88 91 4
88 92 1
88 93 3
88 94 1
88 95 2
88 96 1
88 97 1
88 98 1
88 99 1
89 90 4
89 91 3
89 92 2
89 93 3
89 94 1
89 95 2
89 96 1
89 97 2
89 98 1
89 99 2
90 91 3
90 92 3
90 93 3
90 94 3
90 95 2
90 96 3
90 97 2
90 98 3
90 99 3
91 92 3
91 93 1
91 94 3
91 95 2
91 96 3
91 97 3
91 98 3
91 99 3
92 93 3
92 94 1
92 95 1
92 96 1
92 97 1
92 98 1
92 99 1
93 94 3
93 95 2
93 96 3
93 97 3
93 98 3
93 99 2
94 95 2
94 96 1
94 97 1
94 98 1
94 99 1
95 96 2
95 97 1
95 98 2
95 99 1
96 97 1
96 98 1
96 99 1
97 98 1
97 99 1
98 99 1
