100 
0 1 1
0 2 2
0 3 3
0 4 2
0 5 1
0 6 2
0 7 4
0 8 1
0 9 2
0 10 2
0 11 3
0 12 2
0 13 2
0 14 4
0 15 1
0 16 2
0 17 3
0 18 3
0 19 4
0 20 5
0 21 3
0 22 3
0 23 2
0 24 3
0 25 1
0 26 4
0 27 2
0 28 2
0 29 3
0 30 3
0 31 2
0 32 3
0 33 2
0 34 4
0 35 4
0 36 2
0 37 2
0 38 3
0 39 1
0 40 4
0 41 3
0 42 3
0 43 3
0 44 2
0 45 4
0 46 4
0 47 3
0 48 2
0 49 2
0 50 1
0 51 4
0 52 3
0 53 3
0 54 2
0 55 4
0 56 4
0 57 3
0 58 2
0 59 3
0 60 1
0 61 4
0 62 2
0 63 1
0 64 4
0 65 1
0 66 3
0 67 2
0 68 3
0 69 3
0 70 4
0 71 1
0 72 3
0 73 2
0 74 3
0 75 3
0 76 3
0 77 2
0 78 2
0 79 3
0 80 4
0 81 1
0 82 3
0 83 1
0 84 1
0 85 4
0 86 3
0 87 2
0 88 3
0 89 2
0 90 3
0 91 1
0 92 3
0 93 3
0 94 4
0 95 3
0 96 3
0 97 3
0 98 1
0 99 1
1 2 1
1 3 3
1 4 1
1 5 1
1 6 2
1 7 3
1 8 1
1 9 3
1 10 1
1 11 2
1 12 2
1 13 2
1 14 3
1 15 2
1 16 1
1 17 3
1 18 2
1 19 3
1 20 4
1 21 3
1 22 2
1 23 1
1 24 2
1 25 2
1 26 3
1 27 3
1 28 1
1 29 2
1 30 2
1 31 3
1 32 2
1 33 2
1 34 4
1 35 3
1 36 3
1 37 3
1 38 2
1 39 2
1 40 3
1 41 2
1 42 2
1 43 2
1 44 2
1 45 4
1 46 3
1 47 3
1 48 1
1 49 1
1 50 2
1 51 4
1 52 3
1 53 2
1 54 3
1 55 4
1 56 3
1 57 2
1 58 3
1 59 2
1 60 1
1 61 3
1 62 2
1 63 2
1 64 4
1 65 1
1 66 3
1 67 1
1 68 2
1 69 3
1 70 3
1 71 1
1 72 2
1 73 3
1 74 2
1 75 3
1 76 2
1 77 3
1 78 1
1 79 3
1 80 3
1 81 2
1 82 3
1 83 1
1 84 1
1 85 3
1 86 2
1 87 2
1 88 3
1 89 3
1 90 3
1 91 1
1 92 3
1 93 2
1 94 4
1 95 2
1 96 3
1 97 4
1 98 1
1 99 2
2 3 3
2 4 2
2 5 2
2 6 1
2 7 2
2 8 2
2 9 4
2 10 1
2 11 3
2 12 3
2 13 2
2 14 3
2 15 3
2 16 1
2 17 3
2 18 1
2 19 4
2 20 5
2 21 4
2 22 2
2 23 1
2 24 3
2 25 3
2 26 3
2 27 4
2 28 1
2 29 3
2 30 3
2 31 4
2 32 3
2 33 3
2 34 4
2 35 3
2 36 4
2 37 4
2 38 3
2 39 3
2 40 2
2 41 1
2 42 2
2 43 2
2 44 3
2 45 4
2 46 3
2 47 3
2 48 1
2 49 1
2 50 3
2 51 4
2 52 4
2 53 2
2 54 4
2 55 4
2 56 3
2 57 2
2 58 4
2 59 1
2 60 2
2 61 3
2 62 2
2 63 3
2 64 4
2 65 2
2 66 4
2 67 1
2 68 3
2 69 4
2 70 3
2 71 2
2 72 2
2 73 4
2 74 3
2 75 4
2 76 2
2 77 4
2 78 2
2 79 4
2 80 3
2 81 3
2 82 4
2 83 2
2 84 2
2 85 4
2 86 3
2 87 3
2 88 4
2 89 4
2 90 3
2 91 2
2 92 4
2 93 2
2 94 4
2 95 3
2 96 4
2 97 5
2 98 2
2 99 3
3 4 2
3 5 3
3 6 4
3 7 3
3 8 3
3 9 2
3 10 2
3 11 1
3 12 1
3 13 4
3 14 1
3 15 3
3 16 3
3 17 1
3 18 4
3 19 1
3 20 2
3 21 2
3 22 1
3 23 4
3 24 2
3 25 3
3 26 1
3 27 2
3 28 3
3 29 2
3 30 1
3 31 2
3 32 2
3 33 1
3 34 1
3 35 1
3 36 3
3 37 3
3 38 2
3 39 3
3 40 3
3 41 3
3 42 2
3 43 3
3 44 3
3 45 1
3 46 2
3 47 1
3 48 3
3 49 3
3 50 3
3 51 1
3 52 1
3 53 2
3 54 3
3 55 1
3 56 1
3 57 2
3 58 3
3 59 4
3 60 3
3 61 1
3 62 4
3 63 3
3 64 1
3 65 3
3 66 1
3 67 3
3 68 1
3 69 1
3 70 3
3 71 3
3 72 2
3 73 3
3 74 2
3 75 1
3 76 2
3 77 3
3 78 2
3 79 1
3 80 1
3 81 3
3 82 1
3 83 2
3 84 2
3 85 1
3 86 2
3 87 1
3 88 2
3 89 3
3 90 1
3 91 3
3 92 1
3 93 2
3 94 1
3 95 2
3 96 1
3 97 2
3 98 3
3 99 3
4 5 2
4 6 3
4 7 2
4 8 2
4 9 3
4 10 1
4 11 1
4 12 2
4 13 3
4 14 2
4 15 3
4 16 2
4 17 2
4 18 2
4 19 2
4 20 3
4 21 3
4 22 1
4 23 2
4 24 1
4 25 3
4 26 2
4 27 3
4 28 2
4 29 1
4 30 1
4 31 3
4 32 1
4 33 2
4 34 3
4 35 2
4 36 4
4 37 4
4 38 1
4 39 3
4 40 2
4 41 1
4 42 1
4 43 2
4 44 3
4 45 3
4 46 2
4 47 2
4 48 2
4 49 1
4 50 3
4 51 3
4 52 2
4 53 1
4 54 4
4 55 3
4 56 2
4 57 1
4 58 4
4 59 2
4 60 2
4 61 2
4 62 3
4 63 3
4 64 3
4 65 2
4 66 3
4 67 2
4 68 1
4 69 3
4 70 2
4 71 2
4 72 1
4 73 4
4 74 1
4 75 2
4 76 1
4 77 4
4 78 1
4 79 2
4 80 2
4 81 3
4 82 2
4 83 2
4 84 2
4 85 2
4 86 1
4 87 2
4 88 3
4 89 4
4 90 2
4 91 1
4 92 2
4 93 1
4 94 3
4 95 1
4 96 3
4 97 3
4 98 2
4 99 3
5 6 1
5 7 3
5 8 1
5 9 3
5 10 1
5 11 3
5 12 2
5 13 1
5 14 3
5 15 1
5 16 2
5 17 3
5 18 2
5 19 4
5 20 5
5 21 3
5 22 2
5 23 1
5 24 3
5 25 2
5 26 3
5 27 3
5 28 1
5 29 3
5 30 3
5 31 3
5 32 3
5 33 2
5 34 4
5 35 3
5 36 3
5 37 3
5 38 3
5 39 2
5 40 3
5 41 2
5 42 2
5 43 2
5 44 2
5 45 4
5 46 3
5 47 3
5 48 1
5 49 1
5 50 2
5 51 4
5 52 3
5 53 2
5 54 3
5 55 4
5 56 3
5 57 2
5 58 3
5 59 2
5 60 1
5 61 3
5 62 1
5 63 2
5 64 4
5 65 1
5 66 3
5 67 1
5 68 3
5 69 3
5 70 4
5 71 1
5 72 2
5 73 3
5 74 3
5 75 3
5 76 3
5 77 3
5 78 2
5 79 3
5 80 3
5 81 1
5 82 3
5 83 1
5 84 1
5 85 4
5 86 3
5 87 2
5 88 3
5 89 2
5 90 3
5 91 1
5 92 3
5 93 3
5 94 4
5 95 3
5 96 3
5 97 4
5 98 1
5 99 2
6 7 3
6 8 2
6 9 4
6 10 2
6 11 4
6 12 3
6 13 1
6 14 4
6 15 2
6 16 2
6 17 4
6 18 1
6 19 5
6 20 6
6 21 4
6 22 3
6 23 1
6 24 4
6 25 3
6 26 4
6 27 4
6 28 1
6 29 4
6 30 4
6 31 4
6 32 4
6 33 3
6 34 5
6 35 4
6 36 4
6 37 4
6 38 4
6 39 3
6 40 3
6 41 2
6 42 3
6 43 3
6 44 3
6 45 5
6 46 4
6 47 4
6 48 1
6 49 2
6 50 3
6 51 5
6 52 4
6 53 3
6 54 4
6 55 5
6 56 4
6 57 3
6 58 4
6 59 1
6 60 2
6 61 4
6 62 1
6 63 3
6 64 5
6 65 2
6 66 4
6 67 1
6 68 4
6 69 4
6 70 4
6 71 2
6 72 3
6 73 4
6 74 4
6 75 4
6 76 3
6 77 4
6 78 3
6 79 4
6 80 4
6 81 2
6 82 4
6 83 2
6 84 2
6 85 5
6 86 4
6 87 3
6 88 4
6 89 3
6 90 4
6 91 2
6 92 4
6 93 3
6 94 5
6 95 4
6 96 4
6 97 5
6 98 2
6 99 3
7 8 3
7 9 4
7 10 2
7 11 3
7 12 3
7 13 3
7 14 3
7 15 4
7 16 2
7 17 3
7 18 3
7 19 3
7 20 4
7 21 4
7 22 2
7 23 3
7 24 1
7 25 4
7 26 3
7 27 5
7 28 2
7 29 2
7 30 2
7 31 4
7 32 1
7 33 3
7 34 4
7 35 3
7 36 5
7 37 5
7 38 1
7 39 5
7 40 1
7 41 1
7 42 2
7 43 1
7 44 5
7 45 4
7 46 2
7 47 3
7 48 2
7 49 2
7 50 4
7 51 4
7 52 3
7 53 1
7 54 5
7 55 4
7 56 3
7 57 2
7 58 5
7 59 3
7 60 4
7 61 3
7 62 4
7 63 4
7 64 4
7 65 3
7 66 4
7 67 3
7 68 2
7 69 4
7 70 1
7 71 3
7 72 2
7 73 5
7 74 1
7 75 3
7 76 1
7 77 5
7 78 3
7 79 4
7 80 3
7 81 4
7 82 4
7 83 4
7 84 3
7 85 3
7 86 1
7 87 3
7 88 4
7 89 5
7 90 3
7 91 3
7 92 4
7 93 1
7 94 4
7 95 2
7 96 4
7 97 5
7 98 4
7 99 5
8 9 2
8 10 1
8 11 3
8 12 2
8 13 1
8 14 3
8 15 1
8 16 2
8 17 3
8 18 2
8 19 4
8 20 5
8 21 3
8 22 2
8 23 1
8 24 3
8 25 2
8 26 3
8 27 2
8 28 2
8 29 3
8 30 3
8 31 2
8 32 3
8 33 2
8 34 4
8 35 3
8 36 2
8 37 2
8 38 3
8 39 2
8 40 3
8 41 2
8 42 2
8 43 3
8 44 2
8 45 4
8 46 3
8 47 3
8 48 1
8 49 2
8 50 1
8 51 4
8 52 3
8 53 2
8 54 3
8 55 4
8 56 3
8 57 2
8 58 3
8 59 2
8 60 1
8 61 3
8 62 1
8 63 1
8 64 4
8 65 1
8 66 3
8 67 1
8 68 3
8 69 3
8 70 4
8 71 1
8 72 2
8 73 2
8 74 3
8 75 3
8 76 3
8 77 3
8 78 2
8 79 3
8 80 3
8 81 1
8 82 3
8 83 1
8 84 1
8 85 4
8 86 3
8 87 2
8 88 3
8 89 2
8 90 3
8 91 1
8 92 3
8 93 3
8 94 4
8 95 3
8 96 3
8 97 3
8 98 1
8 99 2
9 10 3
9 11 2
9 12 1
9 13 3
9 14 3
9 15 2
9 16 4
9 17 2
9 18 4
9 19 3
9 20 3
9 21 1
9 22 2
9 23 3
9 24 4
9 25 1
9 26 3
9 27 1
9 28 3
9 29 3
9 30 3
9 31 1
9 32 4
9 33 1
9 34 2
9 35 3
9 36 1
9 37 1
9 38 3
9 39 1
9 40 4
9 41 4
9 42 3
9 43 4
9 44 1
9 45 3
9 46 3
9 47 2
9 48 3
9 49 3
9 50 1
9 51 2
9 52 2
9 53 3
9 54 1
9 55 3
9 56 3
9 57 3
9 58 1
9 59 4
9 60 2
9 61 3
9 62 3
9 63 1
9 64 3
9 65 2
9 66 2
9 67 3
9 68 3
9 69 2
9 70 4
9 71 2
9 72 3
9 73 1
9 74 4
9 75 2
9 76 4
9 77 1
9 78 2
9 79 2
9 80 3
9 81 2
9 82 2
9 83 2
9 84 2
9 85 3
9 86 4
9 87 2
9 88 1
9 89 1
9 90 2
9 91 3
9 92 1
9 93 4
9 94 3
9 95 3
9 96 2
9 97 1
9 98 2
9 99 2
10 11 2
10 12 2
10 13 2
10 14 2
10 15 2
10 16 1
10 17 2
10 18 2
10 19 3
10 20 4
10 21 3
10 22 1
10 23 2
10 24 2
10 25 2
10 26 2
10 27 3
10 28 1
10 29 2
10 30 2
10 31 3
10 32 2
10 33 2
10 34 3
10 35 2
10 36 3
10 37 3
10 38 2
10 39 3
10 40 2
10 41 2
10 42 1
10 43 2
10 44 3
10 45 3
10 46 2
10 47 2
10 48 1
10 49 1
10 50 2
10 51 3
10 52 3
10 53 1
10 54 4
10 55 3
10 56 2
10 57 1
10 58 3
10 59 2
10 60 2
10 61 2
10 62 2
10 63 2
10 64 3
10 65 1
10 66 3
10 67 1
10 68 2
10 69 3
10 70 3
10 71 1
10 72 1
10 73 3
10 74 2
10 75 3
10 76 2
10 77 4
10 78 1
10 79 3
10 80 2
10 81 2
10 82 3
10 83 2
10 84 1
10 85 3
10 86 2
10 87 2
10 88 3
10 89 3
10 90 2
10 91 1
10 92 3
10 93 2
10 94 3
10 95 2
10 96 3
10 97 4
10 98 2
10 99 3
11 12 1
11 13 4
11 14 1
11 15 3
11 16 3
11 17 1
11 18 3
11 19 1
11 20 2
11 21 2
11 22 1
11 23 3
11 24 2
11 25 3
11 26 1
11 27 2
11 28 3
11 29 1
11 30 1
11 31 2
11 32 2
11 33 1
11 34 2
11 35 1
11 36 3
11 37 3
11 38 2
11 39 3
11 40 2
11 41 2
11 42 1
11 43 3
11 44 3
11 45 2
11 46 2
11 47 1
11 48 3
11 49 2
11 50 3
11 51 2
11 52 1
11 53 2
11 54 3
11 55 2
11 56 1
11 57 2
11 58 3
11 59 3
11 60 3
11 61 1
11 62 4
11 63 3
11 64 2
11 65 2
11 66 2
11 67 3
11 68 1
11 69 2
11 70 3
11 71 2
11 72 1
11 73 3
11 74 2
11 75 1
11 76 2
11 77 3
11 78 1
11 79 1
11 80 1
11 81 3
11 82 1
11 83 2
11 84 2
11 85 2
11 86 2
11 87 1
11 88 2
11 89 3
11 90 1
11 91 2
11 92 1
11 93 2
11 94 2
11 95 1
11 96 2
11 97 2
11 98 3
11 99 3
12 13 3
12 14 2
12 15 2
12 16 3
12 17 1
12 18 3
12 19 2
12 20 3
12 21 1
12 22 1
12 23 3
12 24 3
12 25 2
12 26 2
12 27 2
12 28 3
12 29 2
12 30 2
12 31 1
12 32 3
12 33 1
12 34 2
12 35 2
12 36 2
12 37 2
12 38 2
12 39 2
12 40 3
12 41 3
12 42 2
12 43 3
12 44 2
12 45 2
12 46 2
12 47 1
12 48 3
12 49 2
12 50 2
12 51 2
12 52 1
12 53 2
12 54 2
12 55 2
12 56 2
12 57 2
12 58 2
12 59 3
12 60 2
12 61 2
12 62 3
12 63 2
12 64 2
12 65 2
12 66 1
12 67 3
12 68 2
12 69 1
12 70 3
12 71 2
12 72 2
12 73 2
12 74 3
12 75 1
12 76 3
12 77 2
12 78 1
12 79 1
12 80 2
12 81 2
12 82 1
12 83 2
12 84 1
12 85 2
12 86 3
12 87 1
12 88 1
12 89 2
12 90 1
12 91 2
12 92 1
12 93 3
12 94 2
12 95 2
12 96 1
12 97 2
12 98 2
12 99 3
13 14 4
13 15 2
13 16 2
13 17 4
13 18 1
13 19 5
13 20 6
13 21 4
13 22 3
13 23 1
13 24 4
13 25 2
13 26 4
13 27 3
13 28 1
13 29 4
13 30 4
13 31 3
13 32 4
13 33 3
13 34 5
13 35 4
13 36 3
13 37 3
13 38 4
13 39 3
13 40 3
13 41 2
13 42 3
13 43 3
13 44 3
13 45 5
13 46 4
13 47 4
13 48 2
13 49 2
13 50 2
13 51 5
13 52 4
13 53 3
13 54 4
13 55 5
13 56 4
13 57 3
13 58 3
13 59 2
13 60 2
13 61 4
13 62 1
13 63 2
13 64 5
13 65 2
13 66 4
13 67 1
13 68 4
13 69 4
13 70 4
13 71 2
13 72 3
13 73 3
13 74 4
13 75 4
13 76 3
13 77 4
13 78 3
13 79 4
13 80 4
13 81 2
13 82 4
13 83 2
13 84 2
13 85 5
13 86 4
13 87 3
13 88 4
13 89 3
13 90 4
13 91 2
13 92 4
13 93 3
13 94 5
13 95 4
13 96 4
13 97 4
13 98 1
13 99 2
14 15 4
14 16 3
14 17 1
14 18 4
14 19 1
14 20 2
14 21 2
14 22 1
14 23 4
14 24 2
14 25 3
14 26 1
14 27 3
14 28 3
14 29 1
14 30 1
14 31 2
14 32 2
14 33 2
14 34 2
14 35 1
14 36 4
14 37 3
14 38 2
14 39 4
14 40 3
14 41 3
14 42 1
14 43 3
14 44 4
14 45 2
14 46 1
14 47 1
14 48 3
14 49 3
14 50 3
14 51 2
14 52 1
14 53 2
14 54 4
14 55 2
14 56 1
14 57 2
14 58 3
14 59 4
14 60 4
14 61 1
14 62 4
14 63 4
14 64 2
14 65 3
14 66 2
14 67 3
14 68 1
14 69 2
14 70 3
14 71 3
14 72 2
14 73 3
14 74 2
14 75 1
14 76 2
14 77 4
14 78 2
14 79 2
14 80 1
14 81 4
14 82 1
14 83 3
14 84 3
14 85 1
14 86 2
14 87 2
14 88 2
14 89 4
14 90 1
14 91 3
14 92 2
14 93 2
14 94 1
14 95 2
14 96 2
14 97 2
14 98 4
14 99 4
15 16 3
15 17 3
15 18 3
15 19 4
15 20 5
15 21 3
15 22 3
15 23 2
15 24 4
15 25 1
15 26 4
15 27 2
15 28 2
15 29 4
15 30 3
15 31 2
15 32 4
15 33 2
15 34 4
15 35 4
15 36 2
15 37 2
15 38 4
15 39 1
15 40 4
15 41 3
15 42 3
15 43 3
15 44 1
15 45 4
15 46 4
15 47 3
15 48 2
15 49 2
15 50 1
15 51 4
15 52 3
15 53 3
15 54 2
15 55 4
15 56 4
15 57 3
15 58 2
15 59 3
15 60 1
15 61 4
15 62 2
15 63 1
15 64 4
15 65 1
15 66 3
15 67 2
15 68 4
15 69 3
15 70 5
15 71 1
15 72 3
15 73 2
15 74 4
15 75 3
15 76 4
15 77 2
15 78 2
15 79 3
15 80 4
15 81 1
15 82 3
15 83 1
15 84 1
15 85 4
15 86 4
15 87 2
15 88 3
15 89 2
15 90 3
15 91 2
15 92 3
15 93 4
15 94 4
15 95 4
15 96 3
15 97 3
15 98 1
15 99 1
16 17 3
16 18 1
16 19 4
16 20 5
16 21 4
16 22 2
16 23 1
16 24 3
16 25 3
16 26 3
16 27 4
16 28 1
16 29 3
16 30 3
16 31 4
16 32 3
16 33 3
16 34 4
16 35 3
16 36 4
16 37 4
16 38 3
16 39 3
16 40 2
16 41 1
16 42 2
16 43 1
16 44 3
16 45 4
16 46 3
16 47 3
16 48 1
16 49 1
16 50 3
16 51 4
16 52 4
16 53 2
16 54 4
16 55 4
16 56 3
16 57 2
16 58 4
16 59 1
16 60 2
16 61 3
16 62 2
16 63 3
16 64 4
16 65 2
16 66 4
16 67 1
16 68 3
16 69 4
16 70 3
16 71 2
16 72 2
16 73 4
16 74 3
16 75 4
16 76 2
16 77 4
16 78 2
16 79 4
16 80 3
16 81 3
16 82 4
16 83 2
16 84 2
16 85 4
16 86 3
16 87 3
16 88 4
16 89 4
16 90 3
16 91 1
16 92 4
16 93 2
16 94 4
16 95 3
16 96 4
16 97 5
16 98 2
16 99 3
17 18 3
17 19 1
17 20 2
17 21 2
17 22 1
17 23 4
17 24 2
17 25 3
17 26 1
17 27 3
17 28 3
17 29 1
17 30 1
17 31 2
17 32 2
17 33 1
17 34 2
17 35 1
17 36 3
17 37 3
17 38 2
17 39 3
17 40 2
17 41 3
17 42 1
17 43 3
17 44 3
17 45 2
17 46 2
17 47 1
17 48 3
17 49 2
17 50 3
17 51 2
17 52 1
17 53 2
17 54 3
17 55 2
17 56 1
17 57 2
17 58 3
17 59 3
17 60 3
17 61 1
17 62 4
17 63 3
17 64 2
17 65 3
17 66 1
17 67 3
17 68 1
17 69 2
17 70 3
17 71 3
17 72 1
17 73 3
17 74 2
17 75 1
17 76 2
17 77 3
17 78 2
17 79 1
17 80 1
17 81 3
17 82 1
17 83 2
17 84 2
17 85 1
17 86 2
17 87 1
17 88 2
17 89 3
17 90 1
17 91 3
17 92 2
17 93 2
17 94 2
17 95 1
17 96 2
17 97 2
17 98 3
17 99 3
18 19 4
18 20 5
18 21 4
18 22 3
18 23 1
18 24 3
18 25 3
18 26 4
18 27 4
18 28 1
18 29 3
18 30 3
18 31 4
18 32 3
18 33 3
18 34 5
18 35 4
18 36 4
18 37 4
18 38 3
18 39 4
18 40 3
18 41 2
18 42 3
18 43 2
18 44 4
18 45 5
18 46 4
18 47 4
18 48 1
18 49 1
18 50 3
18 51 5
18 52 4
18 53 2
18 54 5
18 55 5
18 56 4
18 57 3
18 58 4
18 59 1
18 60 3
18 61 4
18 62 2
18 63 3
18 64 5
18 65 2
18 66 4
18 67 1
18 68 3
18 69 4
18 70 4
18 71 2
18 72 2
18 73 4
18 74 3
18 75 4
18 76 3
18 77 5
18 78 2
18 79 4
18 80 4
18 81 3
18 82 4
18 83 3
18 84 3
18 85 4
18 86 3
18 87 3
18 88 4
18 89 4
18 90 4
18 91 2
18 92 4
18 93 3
18 94 5
18 95 3
18 96 4
18 97 5
18 98 2
18 99 3
19 20 1
19 21 2
19 22 2
19 23 4
19 24 3
19 25 3
19 26 1
19 27 3
19 28 4
19 29 2
19 30 1
19 31 2
19 32 3
19 33 2
19 34 1
19 35 1
19 36 4
19 37 3
19 38 2
19 39 4
19 40 3
19 41 3
19 42 2
19 43 4
19 44 4
19 45 1
19 46 2
19 47 1
19 48 4
19 49 3
19 50 3
19 51 1
19 52 1
19 53 3
19 54 4
19 55 1
19 56 1
19 57 2
19 58 3
19 59 4
19 60 4
19 61 1
19 62 5
19 63 4
19 64 1
19 65 3
19 66 1
19 67 4
19 68 2
19 69 2
19 70 3
19 71 3
19 72 2
19 73 3
19 74 3
19 75 1
19 76 3
19 77 4
19 78 2
19 79 1
19 80 1
19 81 4
19 82 1
19 83 3
19 84 3
19 85 1
19 86 3
19 87 2
19 88 2
19 89 4
19 90 1
19 91 3
19 92 2
19 93 3
19 94 1
19 95 2
19 96 1
19 97 2
19 98 4
19 99 4
20 21 2
20 22 3
20 23 5
20 24 4
20 25 4
20 26 2
20 27 3
20 28 5
20 29 3
20 30 2
20 31 3
20 32 4
20 33 3
20 34 1
20 35 2
20 36 4
20 37 3
20 38 3
20 39 4
20 40 4
20 41 4
20 42 3
20 43 5
20 44 4
20 45 1
20 46 3
20 47 2
20 48 5
20 49 4
20 50 4
20 51 1
20 52 2
20 53 4
20 54 4
20 55 1
20 56 2
20 57 3
20 58 3
20 59 5
20 60 5
20 61 2
20 62 6
20 63 4
20 64 1
20 65 4
20 66 2
20 67 5
20 68 3
20 69 2
20 70 4
20 71 4
20 72 3
20 73 4
20 74 4
20 75 2
20 76 4
20 77 4
20 78 3
20 79 2
20 80 2
20 81 5
20 82 2
20 83 4
20 84 4
20 85 2
20 86 4
20 87 3
20 88 2
20 89 4
20 90 2
20 91 4
20 92 2
20 93 4
20 94 1
20 95 3
20 96 2
20 97 2
20 98 5
20 99 5
21 22 2
21 23 4
21 24 3
21 25 2
21 26 2
21 27 1
21 28 4
21 29 3
21 30 2
21 31 1
21 32 3
21 33 1
21 34 1
21 35 2
21 36 2
21 37 2
21 38 3
21 39 2
21 40 4
21 41 4
21 42 2
21 43 4
21 44 2
21 45 2
21 46 3
21 47 1
21 48 4
21 49 3
21 50 2
21 51 1
21 52 1
21 53 3
21 54 2
21 55 2
21 56 2
21 57 3
21 58 2
21 59 4
21 60 3
21 61 2
21 62 4
21 63 2
21 64 2
21 65 3
21 66 1
21 67 4
21 68 2
21 69 1
21 70 4
21 71 3
21 72 2
21 73 2
21 74 3
21 75 1
21 76 3
21 77 2
21 78 2
21 79 1
21 80 2
21 81 3
21 82 1
21 83 2
21 84 2
21 85 2
21 86 3
21 87 1
21 88 1
21 89 2
21 90 1
21 91 3
21 92 1
21 93 3
21 94 2
21 95 3
21 96 1
21 97 1
21 98 3
21 99 3
22 23 3
22 24 2
22 25 3
22 26 1
22 27 3
22 28 2
22 29 1
22 30 1
22 31 2
22 32 2
22 33 1
22 34 2
22 35 1
22 36 3
22 37 3
22 38 1
22 39 3
22 40 2
22 41 2
22 42 1
22 43 2
22 44 3
22 45 2
22 46 1
22 47 1
22 48 2
22 49 2
22 50 3
22 51 2
22 52 2
22 53 1
22 54 3
22 55 2
22 56 1
22 57 1
22 58 3
22 59 3
22 60 3
22 61 1
22 62 3
22 63 3
22 64 2
22 65 2
22 66 2
22 67 2
22 68 1
22 69 2
22 70 2
22 71 2
22 72 1
22 73 3
22 74 2
22 75 2
22 76 2
22 77 3
22 78 1
22 79 2
22 80 1
22 81 3
22 82 2
22 83 2
22 84 2
22 85 2
22 86 2
22 87 1
22 88 2
22 89 3
22 90 1
22 91 2
22 92 2
22 93 2
22 94 2
22 95 1
22 96 2
22 97 3
22 98 3
22 99 3
23 24 3
23 25 3
23 26 4
23 27 3
23 28 1
23 29 3
23 30 3
23 31 3
23 32 3
23 33 3
23 34 5
23 35 4
23 36 3
23 37 3
23 38 3
23 39 3
23 40 3
23 41 2
23 42 3
23 43 2
23 44 3
23 45 5
23 46 4
23 47 4
23 48 1
23 49 2
23 50 2
23 51 5
23 52 4
23 53 3
23 54 4
23 55 5
23 56 4
23 57 3
23 58 4
23 59 1
23 60 2
23 61 4
23 62 1
23 63 2
23 64 5
23 65 2
23 66 4
23 67 1
23 68 3
23 69 4
23 70 4
23 71 1
23 72 3
23 73 3
23 74 3
23 75 4
23 76 3
23 77 4
23 78 2
23 79 4
23 80 4
23 81 2
23 82 4
23 83 2
23 84 2
23 85 4
23 86 3
23 87 3
23 88 4
23 89 3
23 90 4
23 91 1
23 92 4
23 93 3
23 94 5
23 95 3
23 96 4
23 97 4
23 98 2
23 99 3
24 25 4
24 26 2
24 27 4
24 28 3
24 29 1
24 30 2
24 31 3
24 32 1
24 33 3
24 34 3
24 35 2
24 36 5
24 37 5
24 38 1
24 39 4
24 40 1
24 41 2
24 42 1
24 43 2
24 44 4
24 45 3
24 46 1
24 47 3
24 48 3
24 49 2
24 50 4
24 51 3
24 52 3
24 53 1
24 54 5
24 55 3
24 56 2
24 57 1
24 58 4
24 59 3
24 60 3
24 61 2
24 62 4
24 63 4
24 64 3
24 65 3
24 66 3
24 67 3
24 68 1
24 69 3
24 70 1
24 71 3
24 72 2
24 73 4
24 74 1
24 75 3
24 76 1
24 77 5
24 78 2
24 79 3
24 80 2
24 81 4
24 82 3
24 83 3
24 84 3
24 85 2
24 86 1
24 87 2
24 88 4
24 89 5
24 90 2
24 91 2
24 92 3
24 93 1
24 94 3
24 95 1
24 96 3
24 97 4
24 98 3
24 99 4
25 26 3
25 27 1
25 28 3
25 29 4
25 30 3
25 31 1
25 32 4
25 33 2
25 34 3
25 35 3
25 36 1
25 37 1
25 38 4
25 39 1
25 40 4
25 41 4
25 42 3
25 43 4
25 44 1
25 45 3
25 46 4
25 47 2
25 48 3
25 49 3
25 50 1
25 51 3
25 52 3
25 53 3
25 54 2
25 55 3
25 56 3
25 57 3
25 58 1
25 59 3
25 60 1
25 61 3
25 62 2
25 63 1
25 64 3
25 65 1
25 66 2
25 67 2
25 68 3
25 69 2
25 70 5
25 71 2
25 72 3
25 73 1
25 74 4
25 75 3
25 76 4
25 77 2
25 78 2
25 79 2
25 80 3
25 81 1
25 82 2
25 83 1
25 84 1
25 85 4
25 86 4
25 87 2
25 88 2
25 89 1
25 90 2
25 91 2
25 92 2
25 93 4
25 94 3
25 95 4
25 96 2
25 97 2
25 98 1
25 99 1
26 27 3
26 28 3
26 29 1
26 30 1
26 31 2
26 32 2
26 33 2
26 34 2
26 35 1
26 36 4
26 37 4
26 38 2
26 39 4
26 40 2
26 41 3
26 42 2
26 43 3
26 44 4
26 45 2
26 46 1
26 47 2
26 48 3
26 49 3
26 50 3
26 51 2
26 52 2
26 53 2
26 54 4
26 55 2
26 56 1
26 57 2
26 58 3
26 59 4
26 60 4
26 61 1
26 62 4
26 63 4
26 64 2
26 65 3
26 66 2
26 67 3
26 68 1
26 69 2
26 70 3
26 71 3
26 72 2
26 73 3
26 74 2
26 75 1
26 76 2
26 77 4
26 78 2
26 79 2
26 80 1
26 81 4
26 82 2
26 83 3
26 84 3
26 85 1
26 86 2
26 87 2
26 88 3
26 89 4
26 90 1
26 91 3
26 92 2
26 93 2
26 94 2
26 95 1
26 96 2
26 97 3
26 98 4
26 99 4
27 28 3
27 29 3
27 30 3
27 31 1
27 32 4
27 33 2
27 34 2
27 35 3
27 36 1
27 37 1
27 38 4
27 39 1
27 40 4
27 41 4
27 42 3
27 43 4
27 44 1
27 45 3
27 46 4
27 47 2
27 48 3
27 49 3
27 50 1
27 51 2
27 52 2
27 53 4
27 54 1
27 55 3
27 56 3
27 57 4
27 58 1
27 59 4
27 60 2
27 61 3
27 62 3
27 63 1
27 64 3
27 65 2
27 66 2
27 67 3
27 68 3
27 69 2
27 70 5
27 71 2
27 72 3
27 73 1
27 74 4
27 75 2
27 76 4
27 77 1
27 78 3
27 79 2
27 80 3
27 81 2
27 82 2
27 83 2
27 84 2
27 85 3
27 86 4
27 87 2
27 88 1
27 89 1
27 90 2
27 91 3
27 92 1
27 93 4
27 94 3
27 95 3
27 96 2
27 97 1
27 98 2
27 99 2
28 29 3
28 30 3
28 31 3
28 32 3
28 33 3
28 34 4
28 35 3
28 36 3
28 37 4
28 38 3
28 39 3
28 40 2
28 41 1
28 42 2
28 43 2
28 44 3
28 45 4
28 46 3
28 47 3
28 48 1
28 49 1
28 50 2
28 51 4
28 52 4
28 53 2
28 54 4
28 55 4
28 56 3
28 57 2
28 58 4
28 59 1
28 60 2
28 61 3
28 62 2
28 63 3
28 64 4
28 65 2
28 66 4
28 67 1
28 68 3
28 69 4
28 70 3
28 71 1
28 72 2
28 73 3
28 74 3
28 75 4
28 76 2
28 77 4
28 78 2
28 79 4
28 80 3
28 81 2
28 82 4
28 83 2
28 84 2
28 85 4
28 86 3
28 87 3
28 88 4
28 89 3
28 90 3
28 91 1
28 92 4
28 93 2
28 94 4
28 95 3
28 96 4
28 97 4
28 98 2
28 99 3
29 30 1
29 31 3
29 32 1
29 33 2
29 34 3
29 35 1
29 36 4
29 37 4
29 38 1
29 39 4
29 40 2
29 41 2
29 42 1
29 43 2
29 44 4
29 45 3
29 46 1
29 47 2
29 48 3
29 49 2
29 50 4
29 51 3
29 52 2
29 53 1
29 54 4
29 55 3
29 56 1
29 57 1
29 58 4
29 59 3
29 60 3
29 61 1
29 62 4
29 63 4
29 64 2
29 65 3
29 66 2
29 67 3
29 68 1
29 69 3
29 70 2
29 71 3
29 72 1
29 73 4
29 74 1
29 75 2
29 76 1
29 77 4
29 78 2
29 79 2
29 80 1
29 81 4
29 82 2
29 83 3
29 84 3
29 85 2
29 86 1
29 87 2
29 88 3
29 89 4
29 90 2
29 91 2
29 92 2
29 93 1
29 94 2
29 95 1
29 96 3
29 97 3
29 98 3
29 99 4
30 31 2
30 32 2
30 33 2
30 34 2
30 35 1
30 36 4
30 37 3
30 38 1
30 39 4
30 40 2
30 41 2
30 42 1
30 43 3
30 44 4
30 45 2
30 46 1
30 47 1
30 48 3
30 49 2
30 50 3
30 51 2
30 52 1
30 53 2
30 54 4
30 55 2
30 56 1
30 57 1
30 58 3
30 59 3
30 60 3
30 61 1
30 62 4
30 63 3
30 64 2
30 65 3
30 66 2
30 67 3
30 68 1
30 69 2
30 70 2
30 71 3
30 72 1
30 73 3
30 74 2
30 75 1
30 76 2
30 77 4
30 78 2
30 79 2
30 80 1
30 81 3
30 82 2
30 83 3
30 84 2
30 85 1
30 86 2
30 87 1
30 88 2
30 89 4
30 90 1
30 91 2
30 92 2
30 93 2
30 94 2
30 95 1
30 96 2
30 97 3
30 98 3
30 99 4
31 32 3
31 33 1
31 34 2
31 35 2
31 36 2
31 37 2
31 38 3
31 39 2
31 40 4
31 41 4
31 42 2
31 43 4
31 44 2
31 45 2
31 46 3
31 47 1
31 48 3
31 49 3
31 50 1
31 51 2
31 52 2
31 53 3
31 54 2
31 55 2
31 56 2
31 57 3
31 58 1
31 59 4
31 60 2
31 61 2
31 62 3
31 63 2
31 64 2
31 65 2
31 66 1
31 67 3
31 68 2
31 69 1
31 70 4
31 71 2
31 72 2
31 73 1
31 74 3
31 75 2
31 76 3
31 77 2
31 78 2
31 79 1
31 80 2
31 81 2
31 82 1
31 83 2
31 84 2
31 85 3
31 86 3
31 87 1
31 88 1
31 89 2
31 90 1
31 91 3
31 92 1
31 93 3
31 94 2
31 95 3
31 96 1
31 97 1
31 98 2
31 99 2
32 33 3
32 34 3
32 35 2
32 36 5
32 37 5
32 38 1
32 39 4
32 40 1
32 41 2
32 42 2
32 43 2
32 44 4
32 45 3
32 46 1
32 47 3
32 48 3
32 49 2
32 50 4
32 51 3
32 52 3
32 53 1
32 54 5
32 55 3
32 56 2
32 57 1
32 58 4
32 59 3
32 60 3
32 61 2
32 62 4
32 63 4
32 64 3
32 65 3
32 66 3
32 67 3
32 68 1
32 69 3
32 70 1
32 71 3
32 72 2
32 73 4
32 74 1
32 75 3
32 76 1
32 77 5
32 78 2
32 79 3
32 80 2
32 81 4
32 82 3
32 83 3
32 84 3
32 85 2
32 86 1
32 87 3
32 88 4
32 89 5
32 90 2
32 91 2
32 92 3
32 93 1
32 94 3
32 95 1
32 96 3
32 97 4
32 98 3
32 99 4
33 34 2
33 35 2
33 36 2
33 37 2
33 38 2
33 39 2
33 40 3
33 41 3
33 42 2
33 43 3
33 44 2
33 45 2
33 46 2
33 47 1
33 48 3
33 49 2
33 50 2
33 51 2
33 52 1
33 53 2
33 54 2
33 55 2
33 56 2
33 57 2
33 58 2
33 59 3
33 60 2
33 61 2
33 62 3
33 63 2
33 64 2
33 65 2
33 66 1
33 67 3
33 68 2
33 69 1
33 70 3
33 71 2
33 72 2
33 73 2
33 74 3
33 75 1
33 76 3
33 77 2
33 78 1
33 79 1
33 80 2
33 81 2
33 82 1
33 83 1
33 84 1
33 85 2
33 86 3
33 87 1
33 88 1
33 89 2
33 90 1
33 91 2
33 92 1
33 93 3
33 94 2
33 95 2
33 96 1
33 97 2
33 98 2
33 99 2
34 35 2
34 36 3
34 37 3
34 38 3
34 39 3
34 40 4
34 41 4
34 42 2
34 43 4
34 44 3
34 45 1
34 46 3
34 47 1
34 48 4
34 49 4
34 50 3
34 51 1
34 52 1
34 53 3
34 54 3
34 55 1
34 56 2
34 57 3
34 58 3
34 59 5
34 60 4
34 61 2
34 62 5
34 63 3
34 64 1
34 65 4
34 66 1
34 67 4
34 68 2
34 69 1
34 70 4
34 71 4
34 72 3
34 73 3
34 74 3
34 75 1
34 76 3
34 77 3
34 78 3
34 79 1
34 80 2
34 81 4
34 82 1
34 83 3
34 84 3
34 85 2
34 86 3
34 87 2
34 88 2
34 89 3
34 90 1
34 91 4
34 92 1
34 93 3
34 94 1
34 95 3
34 96 1
34 97 2
34 98 4
34 99 4
35 36 4
35 37 3
35 38 2
35 39 4
35 40 2
35 41 3
35 42 1
35 43 3
35 44 4
35 45 2
35 46 1
35 47 1
35 48 3
35 49 3
35 50 3
35 51 2
35 52 1
35 53 2
35 54 4
35 55 2
35 56 1
35 57 2
35 58 3
35 59 4
35 60 4
35 61 1
35 62 4
35 63 4
35 64 2
35 65 3
35 66 2
35 67 3
35 68 1
35 69 2
35 70 3
35 71 3
35 72 2
35 73 3
35 74 2
35 75 1
35 76 2
35 77 4
35 78 2
35 79 2
35 80 1
35 81 4
35 82 2
35 83 3
35 84 3
35 85 1
35 86 2
35 87 2
35 88 2
35 89 4
35 90 1
35 91 3
35 92 2
35 93 2
35 94 2
35 95 1
35 96 2
35 97 3
35 98 4
35 99 4
36 37 1
36 38 4
36 39 1
36 40 5
36 41 4
36 42 4
36 43 4
36 44 1
36 45 4
36 46 4
36 47 3
36 48 3
36 49 3
36 50 1
36 51 3
36 52 3
36 53 4
36 54 1
36 55 4
36 56 4
36 57 4
36 58 1
36 59 4
36 60 2
36 61 4
36 62 3
36 63 1
36 64 4
36 65 2
36 66 3
36 67 3
36 68 4
36 69 3
36 70 5
36 71 2
36 72 4
36 73 1
36 74 5
36 75 3
36 76 5
36 77 1
36 78 3
36 79 3
36 80 4
36 81 2
36 82 3
36 83 2
36 84 2
36 85 4
36 86 5
36 87 3
36 88 2
36 89 1
36 90 3
36 91 3
36 92 2
36 93 5
36 94 4
36 95 4
36 96 3
36 97 2
36 98 2
36 99 1
37 38 4
37 39 1
37 40 5
37 41 4
37 42 4
37 43 5
37 44 1
37 45 3
37 46 4
37 47 2
37 48 3
37 49 4
37 50 2
37 51 2
37 52 3
37 53 4
37 54 1
37 55 3
37 56 4
37 57 4
37 58 1
37 59 4
37 60 2
37 61 3
37 62 3
37 63 1
37 64 3
37 65 2
37 66 2
37 67 3
37 68 4
37 69 2
37 70 5
37 71 3
37 72 4
37 73 1
37 74 5
37 75 3
37 76 5
37 77 1
37 78 3
37 79 2
37 80 4
37 81 2
37 82 2
37 83 2
37 84 2
37 85 4
37 86 5
37 87 3
37 88 1
37 89 1
37 90 3
37 91 3
37 92 2
37 93 5
37 94 3
37 95 4
37 96 2
37 97 2
37 98 2
37 99 2
38 39 4
38 40 1
38 41 2
38 42 1
38 43 2
38 44 4
38 45 3
38 46 1
38 47 2
38 48 3
38 49 2
38 50 4
38 51 3
38 52 2
38 53 1
38 54 4
38 55 3
38 56 2
38 57 1
38 58 4
38 59 3
38 60 3
38 61 2
38 62 4
38 63 4
38 64 3
38 65 3
38 66 3
38 67 3
38 68 1
38 69 3
38 70 1
38 71 3
38 72 1
38 73 4
38 74 1
38 75 2
38 76 1
38 77 4
38 78 2
38 79 3
38 80 2
38 81 4
38 82 3
38 83 3
38 84 3
38 85 2
38 86 1
38 87 2
38 88 3
38 89 4
38 90 2
38 91 2
38 92 3
38 93 1
38 94 3
38 95 1
38 96 3
38 97 4
38 98 3
38 99 4
39 40 5
39 41 4
39 42 3
39 43 4
39 44 1
39 45 4
39 46 4
39 47 3
39 48 3
39 49 3
39 50 1
39 51 3
39 52 3
39 53 4
39 54 1
39 55 4
39 56 4
39 57 4
39 58 2
39 59 4
39 60 1
39 61 4
39 62 3
39 63 1
39 64 4
39 65 2
39 66 3
39 67 3
39 68 4
39 69 3
39 70 5
39 71 2
39 72 3
39 73 1
39 74 4
39 75 3
39 76 4
39 77 1
39 78 2
39 79 3
39 80 4
39 81 1
39 82 3
39 83 1
39 84 2
39 85 4
39 86 4
39 87 3
39 88 2
39 89 1
39 90 3
39 91 2
39 92 2
39 93 4
39 94 4
39 95 4
39 96 3
39 97 2
39 98 2
39 99 1
40 41 1
40 42 2
40 43 1
40 44 5
40 45 4
40 46 2
40 47 3
40 48 2
40 49 2
40 50 4
40 51 4
40 52 3
40 53 1
40 54 5
40 55 4
40 56 2
40 57 1
40 58 5
40 59 3
40 60 4
40 61 3
40 62 4
40 63 4
40 64 4
40 65 3
40 66 3
40 67 3
40 68 2
40 69 4
40 70 1
40 71 3
40 72 2
40 73 5
40 74 1
40 75 3
40 76 1
40 77 5
40 78 3
40 79 3
40 80 2
40 81 4
40 82 3
40 83 4
40 84 3
40 85 3
40 86 1
40 87 3
40 88 4
40 89 5
40 90 3
40 91 3
40 92 3
40 93 1
40 94 4
40 95 1
40 96 4
40 97 4
40 98 4
40 99 5
41 42 2
41 43 1
41 44 4
41 45 4
41 46 2
41 47 3
41 48 1
41 49 1
41 50 3
41 51 4
41 52 3
41 53 1
41 54 5
41 55 4
41 56 3
41 57 2
41 58 5
41 59 2
41 60 3
41 61 3
41 62 3
41 63 3
41 64 4
41 65 3
41 66 4
41 67 2
41 68 2
41 69 4
41 70 2
41 71 2
41 72 2
41 73 4
41 74 2
41 75 3
41 76 1
41 77 5
41 78 2
41 79 3
41 80 3
41 81 3
41 82 3
41 83 3
41 84 3
41 85 3
41 86 2
41 87 3
41 88 4
41 89 4
41 90 3
41 91 2
41 92 3
41 93 1
41 94 4
41 95 2
41 96 4
41 97 4
41 98 3
41 99 4
42 43 2
42 44 3
42 45 3
42 46 1
42 47 2
42 48 2
42 49 2
42 50 3
42 51 2
42 52 2
42 53 1
42 54 4
42 55 3
42 56 1
42 57 1
42 58 3
42 59 3
42 60 3
42 61 2
42 62 3
42 63 3
42 64 3
42 65 2
42 66 2
42 67 2
42 68 1
42 69 2
42 70 2
42 71 2
42 72 1
42 73 3
42 74 1
42 75 2
42 76 1
42 77 4
42 78 1
42 79 2
42 80 1
42 81 3
42 82 2
42 83 2
42 84 2
42 85 2
42 86 1
42 87 1
42 88 3
42 89 4
42 90 1
42 91 2
42 92 2
42 93 2
42 94 2
42 95 1
42 96 2
42 97 3
42 98 3
42 99 3
43 44 4
43 45 4
43 46 2
43 47 3
43 48 2
43 49 1
43 50 3
43 51 4
43 52 4
43 53 1
43 54 5
43 55 4
43 56 3
43 57 2
43 58 5
43 59 2
43 60 3
43 61 3
43 62 3
43 63 4
43 64 4
43 65 3
43 66 4
43 67 2
43 68 2
43 69 4
43 70 2
43 71 2
43 72 2
43 73 4
43 74 2
43 75 4
43 76 1
43 77 5
43 78 2
43 79 4
43 80 3
43 81 3
43 82 4
43 83 3
43 84 3
43 85 3
43 86 2
43 87 3
43 88 4
43 89 4
43 90 3
43 91 2
43 92 4
43 93 1
43 94 4
43 95 2
43 96 4
43 97 5
43 98 3
43 99 4
44 45 4
44 46 4
44 47 3
44 48 3
44 49 3
44 50 1
44 51 3
44 52 3
44 53 4
44 54 1
44 55 4
44 56 4
44 57 4
44 58 2
44 59 4
44 60 1
44 61 4
44 62 3
44 63 1
44 64 4
44 65 2
44 66 3
44 67 3
44 68 4
44 69 3
44 70 5
44 71 2
44 72 3
44 73 1
44 74 4
44 75 3
44 76 4
44 77 1
44 78 2
44 79 3
44 80 4
44 81 1
44 82 3
44 83 1
44 84 2
44 85 4
44 86 4
44 87 3
44 88 2
44 89 1
44 90 3
44 91 2
44 92 2
44 93 4
44 94 4
44 95 4
44 96 3
44 97 2
44 98 2
44 99 1
45 46 3
45 47 1
45 48 4
45 49 4
45 50 3
45 51 1
45 52 1
45 53 3
45 54 4
45 55 1
45 56 2
45 57 3
45 58 3
45 59 5
45 60 4
45 61 2
45 62 5
45 63 4
45 64 1
45 65 4
45 66 1
45 67 4
45 68 2
45 69 1
45 70 4
45 71 4
45 72 3
45 73 3
45 74 3
45 75 1
45 76 3
45 77 4
45 78 3
45 79 1
45 80 2
45 81 4
45 82 1
45 83 3
45 84 3
45 85 2
45 86 3
45 87 2
45 88 2
45 89 4
45 90 2
45 91 4
45 92 2
45 93 3
45 94 1
45 95 3
45 96 1
45 97 2
45 98 4
45 99 4
46 47 2
46 48 3
46 49 3
46 50 4
46 51 3
46 52 2
46 53 2
46 54 4
46 55 2
46 56 1
46 57 1
46 58 4
46 59 4
46 60 4
46 61 1
46 62 4
46 63 4
46 64 2
46 65 3
46 66 3
46 67 3
46 68 1
46 69 3
46 70 2
46 71 3
46 72 2
46 73 4
46 74 1
46 75 2
46 76 2
46 77 4
46 78 2
46 79 3
46 80 1
46 81 4
46 82 2
46 83 3
46 84 3
46 85 1
46 86 1
46 87 2
46 88 3
46 89 4
46 90 2
46 91 3
46 92 3
46 93 1
46 94 2
46 95 1
46 96 3
46 97 3
46 98 4
46 99 4
47 48 3
47 49 3
47 50 2
47 51 1
47 52 1
47 53 2
47 54 3
47 55 2
47 56 2
47 57 2
47 58 2
47 59 4
47 60 3
47 61 1
47 62 4
47 63 3
47 64 1
47 65 3
47 66 1
47 67 3
47 68 2
47 69 1
47 70 3
47 71 3
47 72 2
47 73 2
47 74 3
47 75 1
47 76 3
47 77 3
47 78 2
47 79 1
47 80 2
47 81 3
47 82 1
47 83 2
47 84 2
47 85 2
47 86 3
47 87 1
47 88 1
47 89 3
47 90 1
47 91 3
47 92 1
47 93 3
47 94 1
47 95 2
47 96 1
47 97 2
47 98 3
47 99 3
48 49 1
48 50 2
48 51 4
48 52 4
48 53 2
48 54 4
48 55 4
48 56 3
48 57 2
48 58 4
48 59 1
48 60 2
48 61 3
48 62 2
48 63 2
48 64 4
48 65 2
48 66 4
48 67 1
48 68 3
48 69 4
48 70 3
48 71 1
48 72 2
48 73 3
48 74 3
48 75 4
48 76 2
48 77 4
48 78 2
48 79 4
48 80 3
48 81 2
48 82 4
48 83 2
48 84 2
48 85 4
48 86 3
48 87 3
48 88 4
48 89 3
48 90 3
48 91 1
48 92 4
48 93 2
48 94 4
48 95 3
48 96 4
48 97 4
48 98 2
48 99 3
49 50 2
49 51 4
49 52 3
49 53 1
49 54 4
49 55 4
49 56 3
49 57 2
49 58 4
49 59 1
49 60 2
49 61 3
49 62 2
49 63 3
49 64 4
49 65 2
49 66 3
49 67 1
49 68 2
49 69 3
49 70 3
49 71 1
49 72 1
49 73 3
49 74 2
49 75 3
49 76 2
49 77 4
49 78 1
49 79 3
49 80 3
49 81 2
49 82 3
49 83 2
49 84 2
49 85 3
49 86 2
49 87 2
49 88 3
49 89 3
49 90 3
49 91 1
49 92 3
49 93 2
49 94 4
49 95 2
49 96 3
49 97 4
49 98 2
49 99 3
50 51 3
50 52 3
50 53 3
50 54 2
50 55 3
50 56 3
50 57 3
50 58 2
50 59 3
50 60 1
50 61 3
50 62 2
50 63 1
50 64 3
50 65 1
50 66 2
50 67 2
50 68 3
50 69 2
50 70 5
50 71 1
50 72 3
50 73 1
50 74 4
50 75 3
50 76 4
50 77 2
50 78 2
50 79 2
50 80 3
50 81 1
50 82 2
50 83 1
50 84 1
50 85 4
50 86 4
50 87 2
50 88 2
50 89 1
50 90 2
50 91 2
50 92 2
50 93 4
50 94 3
50 95 4
50 96 2
50 97 2
50 98 1
50 99 1
51 52 1
51 53 3
51 54 3
51 55 1
51 56 2
51 57 3
51 58 2
51 59 5
51 60 4
51 61 2
51 62 5
51 63 3
51 64 1
51 65 4
51 66 1
51 67 4
51 68 2
51 69 1
51 70 4
51 71 4
51 72 3
51 73 3
51 74 3
51 75 1
51 76 3
51 77 3
51 78 3
51 79 1
51 80 2
51 81 4
51 82 1
51 83 3
51 84 3
51 85 2
51 86 3
51 87 2
51 88 1
51 89 3
51 90 1
51 91 4
51 92 1
51 93 3
51 94 1
51 95 3
51 96 1
51 97 1
51 98 4
51 99 4
52 53 3
52 54 3
52 55 1
52 56 2
52 57 2
52 58 3
52 59 4
52 60 3
52 61 1
52 62 4
52 63 3
52 64 1
52 65 3
52 66 1
52 67 4
52 68 2
52 69 1
52 70 3
52 71 3
52 72 2
52 73 3
52 74 3
52 75 1
52 76 3
52 77 3
52 78 2
52 79 1
52 80 2
52 81 3
52 82 1
52 83 2
52 84 2
52 85 1
52 86 3
52 87 1
52 88 2
52 89 3
52 90 1
52 91 3
52 92 1
52 93 3
52 94 1
52 95 2
52 96 1
52 97 2
52 98 3
52 99 3
53 54 4
53 55 3
53 56 2
53 57 1
53 58 4
53 59 2
53 60 3
53 61 2
53 62 3
53 63 3
53 64 3
53 65 2
53 66 3
53 67 2
53 68 1
53 69 3
53 70 2
53 71 2
53 72 1
53 73 4
53 74 1
53 75 3
53 76 1
53 77 4
53 78 2
53 79 3
53 80 2
53 81 3
53 82 3
53 83 3
53 84 2
53 85 2
53 86 1
53 87 2
53 88 3
53 89 4
53 90 2
53 91 2
53 92 3
53 93 1
53 94 3
53 95 1
53 96 3
53 97 4
53 98 3
53 99 4
54 55 4
54 56 4
54 57 4
54 58 1
54 59 5
54 60 2
54 61 4
54 62 4
54 63 2
54 64 4
54 65 3
54 66 3
54 67 4
54 68 4
54 69 3
54 70 5
54 71 3
54 72 4
54 73 1
54 74 5
54 75 3
54 76 5
54 77 1
54 78 3
54 79 3
54 80 4
54 81 2
54 82 3
54 83 2
54 84 3
54 85 4
54 86 5
54 87 3
54 88 2
54 89 1
54 90 3
54 91 3
54 92 2
54 93 5
54 94 4
54 95 4
54 96 3
54 97 2
54 98 3
54 99 2
55 56 2
55 57 3
55 58 3
55 59 5
55 60 4
55 61 2
55 62 5
55 63 4
55 64 1
55 65 4
55 66 1
55 67 4
55 68 2
55 69 2
55 70 4
55 71 4
55 72 3
55 73 3
55 74 3
55 75 1
55 76 3
55 77 4
55 78 3
55 79 2
55 80 2
55 81 4
55 82 1
55 83 3
55 84 3
55 85 1
55 86 3
55 87 2
55 88 2
55 89 4
55 90 2
55 91 4
55 92 2
55 93 3
55 94 1
55 95 3
55 96 2
55 97 2
55 98 4
55 99 4
56 57 2
56 58 3
56 59 4
56 60 4
56 61 1
56 62 4
56 63 4
56 64 2
56 65 3
56 66 2
56 67 3
56 68 1
56 69 2
56 70 3
56 71 3
56 72 2
56 73 3
56 74 2
56 75 1
56 76 2
56 77 4
56 78 2
56 79 2
56 80 1
56 81 4
56 82 2
56 83 3
56 84 3
56 85 1
56 86 2
56 87 2
56 88 3
56 89 4
56 90 1
56 91 3
56 92 2
56 93 2
56 94 2
56 95 1
56 96 2
56 97 3
56 98 4
56 99 4
57 58 4
57 59 3
57 60 3
57 61 2
57 62 3
57 63 3
57 64 3
57 65 2
57 66 3
57 67 2
57 68 1
57 69 3
57 70 2
57 71 2
57 72 1
57 73 4
57 74 1
57 75 2
57 76 1
57 77 4
57 78 2
57 79 3
57 80 2
57 81 3
57 82 3
57 83 3
57 84 2
57 85 2
57 86 1
57 87 2
57 88 3
57 89 4
57 90 2
57 91 2
57 92 3
57 93 1
57 94 3
57 95 1
57 96 3
57 97 4
57 98 3
57 99 4
58 59 4
58 60 2
58 61 3
58 62 3
58 63 2
58 64 3
58 65 2
58 66 2
58 67 3
58 68 3
58 69 2
58 70 5
58 71 3
58 72 3
58 73 1
58 74 4
58 75 3
58 76 4
58 77 1
58 78 3
58 79 2
58 80 3
58 81 2
58 82 2
58 83 2
58 84 2
58 85 4
58 86 4
58 87 2
58 88 1
58 89 1
58 90 2
58 91 3
58 92 2
58 93 4
58 94 3
58 95 4
58 96 2
58 97 1
58 98 2
58 99 2
59 60 3
59 61 4
59 62 2
59 63 3
59 64 5
59 65 2
59 66 4
59 67 1
59 68 3
59 69 4
59 70 4
59 71 2
59 72 2
59 73 4
59 74 3
59 75 4
59 76 3
59 77 5
59 78 2
59 79 4
59 80 4
59 81 3
59 82 4
59 83 3
59 84 3
59 85 4
59 86 3
59 87 3
59 88 4
59 89 4
59 90 4
59 91 2
59 92 4
59 93 3
59 94 5
59 95 3
59 96 4
59 97 5
59 98 3
59 99 4
60 61 4
60 62 2
60 63 1
60 64 4
60 65 1
60 66 3
60 67 2
60 68 3
60 69 3
60 70 4
60 71 1
60 72 3
60 73 2
60 74 3
60 75 3
60 76 3
60 77 2
60 78 2
60 79 3
60 80 4
60 81 1
60 82 3
60 83 1
60 84 1
60 85 4
60 86 3
60 87 2
60 88 3
60 89 2
60 90 3
60 91 1
60 92 3
60 93 3
60 94 4
60 95 3
60 96 3
60 97 3
60 98 1
60 99 1
61 62 4
61 63 4
61 64 1
61 65 3
61 66 2
61 67 3
61 68 1
61 69 2
61 70 3
61 71 3
61 72 2
61 73 3
61 74 2
61 75 1
61 76 2
61 77 4
61 78 2
61 79 2
61 80 1
61 81 4
61 82 2
61 83 3
61 84 3
61 85 1
61 86 2
61 87 2
61 88 2
61 89 4
61 90 1
61 91 3
61 92 2
61 93 2
61 94 1
61 95 2
61 96 2
61 97 3
61 98 4
61 99 4
62 63 2
62 64 5
62 65 2
62 66 4
62 67 1
62 68 4
62 69 4
62 70 5
62 71 2
62 72 3
62 73 3
62 74 4
62 75 4
62 76 4
62 77 4
62 78 3
62 79 4
62 80 4
62 81 2
62 82 4
62 83 2
62 84 2
62 85 5
62 86 4
62 87 3
62 88 4
62 89 3
62 90 4
62 91 2
62 92 4
62 93 4
62 94 5
62 95 4
62 96 4
62 97 4
62 98 1
62 99 2
63 64 4
63 65 1
63 66 3
63 67 2
63 68 4
63 69 3
63 70 5
63 71 2
63 72 3
63 73 1
63 74 4
63 75 3
63 76 4
63 77 2
63 78 2
63 79 3
63 80 4
63 81 1
63 82 3
63 83 1
63 84 1
63 85 4
63 86 4
63 87 2
63 88 2
63 89 1
63 90 3
63 91 2
63 92 2
63 93 4
63 94 4
63 95 4
63 96 3
63 97 2
63 98 1
63 99 1
64 65 4
64 66 1
64 67 4
64 68 2
64 69 2
64 70 4
64 71 4
64 72 3
64 73 3
64 74 3
64 75 1
64 76 3
64 77 4
64 78 3
64 79 2
64 80 2
64 81 4
64 82 1
64 83 3
64 84 3
64 85 1
64 86 3
64 87 2
64 88 2
64 89 4
64 90 2
64 91 4
64 92 2
64 93 3
64 94 1
64 95 3
64 96 1
64 97 2
64 98 4
64 99 4
65 66 3
65 67 1
65 68 3
65 69 3
65 70 4
65 71 1
65 72 2
65 73 2
65 74 3
65 75 3
65 76 3
65 77 3
65 78 1
65 79 3
65 80 3
65 81 1
65 82 3
65 83 1
65 84 1
65 85 4
65 86 3
65 87 2
65 88 3
65 89 2
65 90 3
65 91 1
65 92 3
65 93 3
65 94 4
65 95 3
65 96 3
65 97 3
65 98 1
65 99 2
66 67 4
66 68 2
66 69 1
66 70 4
66 71 3
66 72 2
66 73 2
66 74 3
66 75 1
66 76 3
66 77 3
66 78 2
66 79 1
66 80 2
66 81 3
66 82 1
66 83 2
66 84 2
66 85 2
66 86 3
66 87 1
66 88 1
66 89 3
66 90 1
66 91 3
66 92 1
66 93 3
66 94 1
66 95 2
66 96 1
66 97 1
66 98 3
66 99 3
67 68 3
67 69 4
67 70 4
67 71 1
67 72 2
67 73 3
67 74 3
67 75 4
67 76 3
67 77 4
67 78 2
67 79 4
67 80 3
67 81 2
67 82 4
67 83 2
67 84 2
67 85 4
67 86 3
67 87 3
67 88 4
67 89 3
67 90 3
67 91 1
67 92 4
67 93 3
67 94 4
67 95 3
67 96 4
67 97 4
67 98 2
67 99 3
68 69 2
68 70 2
68 71 3
68 72 1
68 73 3
68 74 1
68 75 2
68 76 1
68 77 4
68 78 2
68 79 2
68 80 1
68 81 4
68 82 2
68 83 3
68 84 3
68 85 1
68 86 1
68 87 2
68 88 3
68 89 4
68 90 1
68 91 2
68 92 2
68 93 1
68 94 2
68 95 1
68 96 2
68 97 3
68 98 3
68 99 4
69 70 4
69 71 3
69 72 2
69 73 2
69 74 3
69 75 1
69 76 3
69 77 3
69 78 2
69 79 1
69 80 2
69 81 3
69 82 1
69 83 2
69 84 2
69 85 2
69 86 3
69 87 1
69 88 1
69 89 3
69 90 1
69 91 3
69 92 1
69 93 3
69 94 1
69 95 3
69 96 1
69 97 1
69 98 3
69 99 3
70 71 4
70 72 2
70 73 5
70 74 1
70 75 3
70 76 1
70 77 5
70 78 3
70 79 4
70 80 3
70 81 5
70 82 4
70 83 4
70 84 4
70 85 3
70 86 1
70 87 3
70 88 4
70 89 5
70 90 3
70 91 3
70 92 4
70 93 1
70 94 4
70 95 2
70 96 4
70 97 5
70 98 4
70 99 5
71 72 2
71 73 2
71 74 3
71 75 3
71 76 3
71 77 3
71 78 1
71 79 3
71 80 3
71 81 1
71 82 3
71 83 1
71 84 1
71 85 4
71 86 3
71 87 2
71 88 3
71 89 2
71 90 3
71 91 1
71 92 3
71 93 3
71 94 4
71 95 3
71 96 3
71 97 3
71 98 1
71 99 2
72 73 3
72 74 2
72 75 2
72 76 1
72 77 4
72 78 1
72 79 2
72 80 2
72 81 3
72 82 2
72 83 2
72 84 2
72 85 2
72 86 2
72 87 1
72 88 3
72 89 4
72 90 2
72 91 2
72 92 2
72 93 2
72 94 3
72 95 1
72 96 3
72 97 3
72 98 3
72 99 3
73 74 4
73 75 3
73 76 4
73 77 1
73 78 3
73 79 2
73 80 3
73 81 2
73 82 2
73 83 2
73 84 2
73 85 4
73 86 4
73 87 2
73 88 2
73 89 1
73 90 2
73 91 3
73 92 2
73 93 4
73 94 3
73 95 4
73 96 2
73 97 2
73 98 2
73 99 2
74 75 3
74 76 1
74 77 5
74 78 2
74 79 3
74 80 2
74 81 4
74 82 3
74 83 3
74 84 3
74 85 2
74 86 1
74 87 2
74 88 4
74 89 5
74 90 2
74 91 2
74 92 3
74 93 1
74 94 3
74 95 1
74 96 3
74 97 4
74 98 3
74 99 4
75 76 3
75 77 3
75 78 2
75 79 1
75 80 1
75 81 3
75 82 1
75 83 2
75 84 2
75 85 1
75 86 3
75 87 1
75 88 2
75 89 3
75 90 1
75 91 3
75 92 1
75 93 3
75 94 1
75 95 2
75 96 1
75 97 2
75 98 3
75 99 3
76 77 5
76 78 2
76 79 3
76 80 2
76 81 4
76 82 3
76 83 3
76 84 3
76 85 2
76 86 1
76 87 2
76 88 4
76 89 5
76 90 2
76 91 2
76 92 3
76 93 1
76 94 3
76 95 1
76 96 3
76 97 4
76 98 3
76 99 4
77 78 3
77 79 3
77 80 4
77 81 2
77 82 3
77 83 2
77 84 3
77 85 4
77 86 5
77 87 3
77 88 2
77 89 1
77 90 3
77 91 3
77 92 2
77 93 5
77 94 4
77 95 4
77 96 3
77 97 2
77 98 3
77 99 2
78 79 2
78 80 2
78 81 2
78 82 2
78 83 1
78 84 1
78 85 3
78 86 2
78 87 1
78 88 2
78 89 3
78 90 2
78 91 1
78 92 2
78 93 2
78 94 3
78 95 2
78 96 2
78 97 3
78 98 2
78 99 2
79 80 2
79 81 3
79 82 1
79 83 2
79 84 2
79 85 2
79 86 3
79 87 1
79 88 1
79 89 3
79 90 1
79 91 3
79 92 1
79 93 3
79 94 1
79 95 2
79 96 1
79 97 1
79 98 3
79 99 3
80 81 4
80 82 2
80 83 3
80 84 3
80 85 1
80 86 2
80 87 2
80 88 3
80 89 4
80 90 1
80 91 3
80 92 2
80 93 2
80 94 2
80 95 1
80 96 2
80 97 3
80 98 4
80 99 4
81 82 3
81 83 1
81 84 1
81 85 4
81 86 4
81 87 2
81 88 3
81 89 1
81 90 3
81 91 2
81 92 3
81 93 4
81 94 4
81 95 4
81 96 3
81 97 3
81 98 1
81 99 1
82 83 2
82 84 2
82 85 2
82 86 3
82 87 1
82 88 1
82 89 3
82 90 1
82 91 3
82 92 1
82 93 3
82 94 1
82 95 2
82 96 1
82 97 1
82 98 3
82 99 3
83 84 1
83 85 3
83 86 3
83 87 2
83 88 2
83 89 2
83 90 2
83 91 1
83 92 2
83 93 3
83 94 3
83 95 3
83 96 2
83 97 3
83 98 1
83 99 1
84 85 3
84 86 3
84 87 1
84 88 2
84 89 2
84 90 2
84 91 1
84 92 2
84 93 3
84 94 3
84 95 3
84 96 2
84 97 3
84 98 1
84 99 2
85 86 2
85 87 2
85 88 3
85 89 4
85 90 2
85 91 3
85 92 2
85 93 2
85 94 1
85 95 2
85 96 2
85 97 3
85 98 4
85 99 4
86 87 2
86 88 4
86 89 5
86 90 2
86 91 2
86 92 3
86 93 1
86 94 3
86 95 1
86 96 3
86 97 4
86 98 3
86 99 4
87 88 2
87 89 3
87 90 1
87 91 2
87 92 1
87 93 3
87 94 2
87 95 2
87 96 2
87 97 2
87 98 2
87 99 3
88 89 2
88 90 2
88 91 3
88 92 1
88 93 4
88 94 2
88 95 3
88 96 1
88 97 1
88 98 3
88 99 3
89 90 3
89 91 3
89 92 2
89 93 5
89 94 4
89 95 4
89 96 3
89 97 2
89 98 2
89 99 1
90 91 3
90 92 1
90 93 2
90 94 1
90 95 2
90 96 1
90 97 2
90 98 3
90 99 3
91 92 3
91 93 2
91 94 4
91 95 2
91 96 3
91 97 4
91 98 1
91 99 2
92 93 3
92 94 2
92 95 2
92 96 1
92 97 1
92 98 3
92 99 3
93 94 3
93 95 1
93 96 3
93 97 4
93 98 3
93 99 4
94 95 3
94 96 1
94 97 2
94 98 4
94 99 4
95 96 3
95 97 3
95 98 3
95 99 4
96 97 1
96 98 3
96 99 3
97 98 3
97 99 3
98 99 1
