100 
0 1 3
0 2 3
0 3 1
0 4 1
0 5 3
0 6 1
0 7 4
0 8 2
0 9 2
0 10 2
0 11 3
0 12 1
0 13 2
0 14 2
0 15 2
0 16 2
0 17 2
0 18 1
0 19 3
0 20 3
0 21 2
0 22 2
0 23 3
0 24 3
0 25 2
0 26 2
0 27 2
0 28 3
0 29 2
0 30 3
0 31 2
0 32 2
0 33 2
0 34 2
0 35 2
0 36 2
0 37 4
0 38 1
0 39 4
0 40 3
0 41 2
0 42 3
0 43 1
0 44 3
0 45 3
0 46 2
0 47 1
0 48 2
0 49 3
0 50 1
0 51 1
0 52 3
0 53 3
0 54 2
0 55 1
0 56 2
0 57 1
0 58 2
0 59 1
0 60 1
0 61 1
0 62 2
0 63 3
0 64 1
0 65 2
0 66 2
0 67 1
0 68 2
0 69 3
0 70 2
0 71 3
0 72 3
0 73 3
0 74 2
0 75 2
0 76 1
0 77 3
0 78 2
0 79 2
0 80 2
0 81 3
0 82 1
0 83 2
0 84 3
0 85 3
0 86 1
0 87 2
0 88 2
0 89 3
0 90 3
0 91 1
0 92 3
0 93 2
0 94 1
0 95 2
0 96 1
0 97 2
0 98 1
0 99 3
1 2 3
1 3 4
1 4 3
1 5 3
1 6 3
1 7 1
1 8 3
1 9 2
1 10 3
1 11 3
1 12 4
1 13 4
1 14 2
1 15 5
1 16 3
1 17 5
1 18 4
1 19 5
1 20 2
1 21 3
1 22 4
1 23 5
1 24 4
1 25 1
1 26 3
1 27 4
1 28 1
1 29 4
1 30 2
1 31 4
1 32 4
1 33 2
1 34 4
1 35 2
1 36 5
1 37 2
1 38 4
1 39 2
1 40 1
1 41 5
1 42 2
1 43 3
1 44 5
1 45 1
1 46 3
1 47 4
1 48 5
1 49 3
1 50 3
1 51 3
1 52 4
1 53 4
1 54 2
1 55 4
1 56 2
1 57 4
1 58 4
1 59 4
1 60 4
1 61 4
1 62 4
1 63 4
1 64 3
1 65 2
1 66 5
1 67 3
1 68 4
1 69 4
1 70 3
1 71 5
1 72 2
1 73 5
1 74 4
1 75 4
1 76 4
1 77 3
1 78 2
1 79 4
1 80 2
1 81 4
1 82 3
1 83 2
1 84 4
1 85 1
1 86 4
1 87 2
1 88 4
1 89 1
1 90 1
1 91 3
1 92 3
1 93 5
1 94 3
1 95 4
1 96 2
1 97 3
1 98 3
1 99 5
2 3 4
2 4 2
2 5 5
2 6 3
2 7 3
2 8 1
2 9 3
2 10 4
2 11 5
2 12 3
2 13 2
2 14 2
2 15 3
2 16 1
2 17 5
2 18 4
2 19 6
2 20 4
2 21 4
2 22 2
2 23 6
2 24 5
2 25 2
2 26 4
2 27 4
2 28 3
2 29 2
2 30 4
2 31 4
2 32 5
2 33 3
2 34 5
2 35 3
2 36 5
2 37 4
2 38 3
2 39 4
2 40 3
2 41 5
2 42 4
2 43 3
2 44 5
2 45 3
2 46 1
2 47 4
2 48 5
2 49 5
2 50 3
2 51 3
2 52 1
2 53 1
2 54 1
2 55 3
2 56 4
2 57 3
2 58 2
2 59 4
2 60 4
2 61 4
2 62 2
2 63 5
2 64 3
2 65 2
2 66 3
2 67 2
2 68 3
2 69 5
2 70 1
2 71 6
2 72 2
2 73 5
2 74 4
2 75 5
2 76 4
2 77 5
2 78 4
2 79 5
2 80 2
2 81 1
2 82 3
2 83 2
2 84 5
2 85 3
2 86 3
2 87 2
2 88 4
2 89 3
2 90 2
2 91 3
2 92 5
2 93 4
2 94 4
2 95 1
2 96 2
2 97 1
2 98 2
2 99 6
3 4 2
3 5 3
3 6 1
3 7 4
3 8 3
3 9 2
3 10 2
3 11 2
3 12 2
3 13 3
3 14 3
3 15 3
3 16 3
3 17 2
3 18 1
3 19 3
3 20 3
3 21 2
3 22 3
3 23 2
3 24 2
3 25 3
3 26 1
3 27 1
3 28 3
3 29 3
3 30 3
3 31 1
3 32 2
3 33 2
3 34 1
3 35 2
3 36 2
3 37 4
3 38 2
3 39 4
3 40 3
3 41 2
3 42 3
3 43 1
3 44 3
3 45 3
3 46 3
3 47 1
3 48 2
3 49 3
3 50 1
3 51 1
3 52 4
3 53 4
3 54 3
3 55 2
3 56 2
3 57 2
3 58 3
3 59 2
3 60 1
3 61 2
3 62 3
3 63 2
3 64 1
3 65 3
3 66 3
3 67 2
3 68 3
3 69 2
3 70 3
3 71 2
3 72 4
3 73 2
3 74 1
3 75 2
3 76 1
3 77 2
3 78 2
3 79 2
3 80 3
3 81 4
3 82 1
3 83 3
3 84 2
3 85 3
3 86 2
3 87 3
3 88 2
3 89 3
3 90 3
3 91 2
3 92 3
3 93 2
3 94 1
3 95 3
3 96 2
3 97 3
3 98 2
3 99 3
4 5 4
4 6 2
4 7 4
4 8 2
4 9 2
4 10 3
4 11 4
4 12 1
4 13 1
4 14 2
4 15 2
4 16 1
4 17 3
4 18 2
4 19 4
4 20 4
4 21 3
4 22 1
4 23 4
4 24 4
4 25 2
4 26 3
4 27 3
4 28 3
4 29 1
4 30 3
4 31 3
4 32 3
4 33 2
4 34 3
4 35 2
4 36 3
4 37 4
4 38 2
4 39 4
4 40 3
4 41 3
4 42 3
4 43 2
4 44 3
4 45 3
4 46 2
4 47 2
4 48 3
4 49 4
4 50 1
4 51 2
4 52 2
4 53 2
4 54 2
4 55 1
4 56 3
4 57 1
4 58 1
4 59 2
4 60 2
4 61 2
4 62 1
4 63 4
4 64 2
4 65 2
4 66 2
4 67 1
4 68 2
4 69 4
4 70 2
4 71 4
4 72 3
4 73 4
4 74 3
4 75 3
4 76 2
4 77 4
4 78 3
4 79 3
4 80 1
4 81 2
4 82 1
4 83 2
4 84 4
4 85 3
4 86 1
4 87 2
4 88 2
4 89 3
4 90 3
4 91 1
4 92 4
4 93 3
4 94 2
4 95 2
4 96 1
4 97 2
4 98 1
4 99 4
5 6 2
5 7 2
5 8 4
5 9 2
5 10 1
5 11 1
5 12 4
5 13 5
5 14 3
5 15 5
5 16 4
5 17 4
5 18 4
5 19 2
5 20 1
5 21 1
5 22 5
5 23 3
5 24 1
5 25 3
5 26 2
5 27 3
5 28 2
5 29 5
5 30 1
5 31 2
5 32 3
5 33 2
5 34 2
5 35 2
5 36 3
5 37 2
5 38 4
5 39 2
5 40 3
5 41 4
5 42 1
5 43 3
5 44 5
5 45 2
5 46 4
5 47 3
5 48 5
5 49 1
5 50 3
5 51 3
5 52 5
5 53 5
5 54 4
5 55 4
5 56 1
5 57 4
5 58 5
5 59 4
5 60 3
5 61 4
5 62 5
5 63 1
5 64 3
5 65 3
5 66 5
5 67 4
5 68 5
5 69 2
5 70 5
5 71 3
5 72 4
5 73 3
5 74 2
5 75 3
5 76 3
5 77 1
5 78 1
5 79 2
5 80 3
5 81 5
5 82 3
5 83 3
5 84 2
5 85 2
5 86 4
5 87 3
5 88 4
5 89 2
5 90 3
5 91 4
5 92 1
5 93 5
5 94 2
5 95 5
5 96 3
5 97 4
5 98 4
5 99 2
6 7 3
6 8 3
6 9 1
6 10 2
6 11 2
6 12 2
6 13 3
6 14 2
6 15 3
6 16 3
6 17 2
6 18 2
6 19 3
6 20 2
6 21 2
6 22 3
6 23 3
6 24 3
6 25 2
6 26 1
6 27 1
6 28 2
6 29 3
6 30 2
6 31 1
6 32 2
6 33 1
6 34 2
6 35 1
6 36 2
6 37 3
6 38 2
6 39 3
6 40 2
6 41 2
6 42 2
6 43 1
6 44 3
6 45 2
6 46 3
6 47 1
6 48 3
6 49 3
6 50 1
6 51 1
6 52 4
6 53 4
6 54 2
6 55 2
6 56 1
6 57 2
6 58 3
6 59 2
6 60 1
6 61 2
6 62 3
6 63 3
6 64 1
6 65 2
6 66 3
6 67 2
6 68 3
6 69 2
6 70 3
6 71 3
6 72 3
6 73 2
6 74 1
6 75 2
6 76 1
6 77 2
6 78 2
6 79 2
6 80 2
6 81 4
6 82 1
6 83 2
6 84 2
6 85 2
6 86 2
6 87 2
6 88 2
6 89 2
6 90 2
6 91 2
6 92 3
6 93 3
6 94 1
6 95 3
6 96 1
6 97 3
6 98 2
6 99 3
7 8 3
7 9 2
7 10 3
7 11 3
7 12 4
7 13 4
7 14 2
7 15 5
7 16 3
7 17 5
7 18 4
7 19 4
7 20 1
7 21 3
7 22 5
7 23 5
7 24 3
7 25 2
7 26 3
7 27 4
7 28 1
7 29 4
7 30 1
7 31 4
7 32 4
7 33 2
7 34 4
7 35 2
7 36 5
7 37 1
7 38 4
7 39 1
7 40 1
7 41 5
7 42 2
7 43 3
7 44 6
7 45 1
7 46 3
7 47 4
7 48 5
7 49 3
7 50 3
7 51 3
7 52 4
7 53 4
7 54 2
7 55 4
7 56 2
7 57 4
7 58 5
7 59 5
7 60 4
7 61 5
7 62 5
7 63 3
7 64 3
7 65 2
7 66 5
7 67 3
7 68 5
7 69 4
7 70 3
7 71 5
7 72 2
7 73 5
7 74 4
7 75 4
7 76 4
7 77 3
7 78 2
7 79 4
7 80 3
7 81 4
7 82 4
7 83 2
7 84 4
7 85 1
7 86 5
7 87 2
7 88 5
7 89 1
7 90 1
7 91 4
7 92 3
7 93 5
7 94 3
7 95 4
7 96 3
7 97 3
7 98 3
7 99 4
8 9 3
8 10 4
8 11 4
8 12 3
8 13 2
8 14 2
8 15 3
8 16 1
8 17 4
8 18 3
8 19 5
8 20 4
8 21 4
8 22 3
8 23 5
8 24 5
8 25 2
8 26 4
8 27 4
8 28 3
8 29 2
8 30 4
8 31 4
8 32 4
8 33 3
8 34 4
8 35 2
8 36 4
8 37 4
8 38 3
8 39 4
8 40 3
8 41 4
8 42 4
8 43 3
8 44 4
8 45 3
8 46 1
8 47 3
8 48 4
8 49 4
8 50 3
8 51 3
8 52 1
8 53 1
8 54 1
8 55 3
8 56 3
8 57 2
8 58 3
8 59 3
8 60 3
8 61 3
8 62 3
8 63 5
8 64 3
8 65 2
8 66 4
8 67 2
8 68 3
8 69 5
8 70 1
8 71 5
8 72 1
8 73 5
8 74 4
8 75 4
8 76 3
8 77 4
8 78 3
8 79 4
8 80 1
8 81 2
8 82 3
8 83 2
8 84 5
8 85 3
8 86 3
8 87 2
8 88 3
8 89 3
8 90 2
8 91 2
8 92 4
8 93 4
8 94 3
8 95 1
8 96 2
8 97 1
8 98 1
8 99 5
9 10 1
9 11 2
9 12 2
9 13 3
9 14 2
9 15 3
9 16 3
9 17 3
9 18 2
9 19 3
9 20 2
9 21 1
9 22 3
9 23 3
9 24 2
9 25 1
9 26 1
9 27 2
9 28 1
9 29 3
9 30 1
9 31 2
9 32 2
9 33 1
9 34 2
9 35 1
9 36 3
9 37 2
9 38 2
9 39 2
9 40 2
9 41 3
9 42 1
9 43 1
9 44 4
9 45 1
9 46 3
9 47 2
9 48 3
9 49 2
9 50 1
9 51 1
9 52 4
9 53 4
9 54 2
9 55 2
9 56 1
9 57 2
9 58 3
9 59 3
9 60 2
9 61 3
9 62 3
9 63 2
9 64 1
9 65 1
9 66 3
9 67 2
9 68 3
9 69 2
9 70 3
9 71 3
9 72 3
9 73 3
9 74 2
9 75 2
9 76 2
9 77 2
9 78 1
9 79 2
9 80 2
9 81 4
9 82 2
9 83 2
9 84 2
9 85 2
9 86 3
9 87 1
9 88 3
9 89 1
9 90 2
9 91 2
9 92 2
9 93 3
9 94 1
9 95 3
9 96 1
9 97 3
9 98 2
9 99 3
10 11 1
10 12 3
10 13 4
10 14 3
10 15 4
10 16 4
10 17 3
10 18 3
10 19 2
10 20 2
10 21 1
10 22 4
10 23 2
10 24 1
10 25 2
10 26 1
10 27 2
10 28 2
10 29 4
10 30 2
10 31 1
10 32 2
10 33 2
10 34 1
10 35 2
10 36 2
10 37 2
10 38 3
10 39 3
10 40 3
10 41 3
10 42 1
10 43 2
10 44 4
10 45 2
10 46 4
10 47 2
10 48 4
10 49 1
10 50 2
10 51 2
10 52 5
10 53 5
10 54 3
10 55 3
10 56 1
10 57 3
10 58 4
10 59 3
10 60 2
10 61 3
10 62 4
10 63 1
10 64 2
10 65 2
10 66 4
10 67 3
10 68 4
10 69 2
10 70 4
10 71 2
10 72 4
10 73 2
10 74 1
10 75 2
10 76 2
10 77 1
10 78 1
10 79 2
10 80 3
10 81 5
10 82 3
10 83 3
10 84 2
10 85 2
10 86 3
10 87 2
10 88 3
10 89 2
10 90 3
10 91 3
10 92 1
10 93 4
10 94 1
10 95 4
10 96 2
10 97 4
10 98 3
10 99 2
11 12 3
11 13 4
11 14 3
11 15 4
11 16 4
11 17 3
11 18 3
11 19 2
11 20 2
11 21 1
11 22 4
11 23 2
11 24 1
11 25 3
11 26 1
11 27 2
11 28 2
11 29 4
11 30 2
11 31 1
11 32 2
11 33 2
11 34 1
11 35 2
11 36 2
11 37 3
11 38 3
11 39 3
11 40 3
11 41 3
11 42 2
11 43 3
11 44 4
11 45 2
11 46 4
11 47 2
11 48 4
11 49 1
11 50 3
11 51 2
11 52 5
11 53 5
11 54 4
11 55 3
11 56 1
11 57 4
11 58 4
11 59 3
11 60 2
11 61 3
11 62 4
11 63 1
11 64 2
11 65 3
11 66 4
11 67 4
11 68 4
11 69 2
11 70 5
11 71 2
11 72 4
11 73 2
11 74 1
11 75 2
11 76 2
11 77 1
11 78 1
11 79 1
11 80 3
11 81 5
11 82 3
11 83 3
11 84 1
11 85 3
11 86 4
11 87 3
11 88 3
11 89 2
11 90 3
11 91 3
11 92 1
11 93 4
11 94 2
11 95 5
11 96 3
11 97 4
11 98 4
11 99 2
12 13 1
12 14 2
12 15 1
12 16 2
12 17 2
12 18 1
12 19 4
12 20 4
12 21 3
12 22 1
12 23 4
12 24 4
12 25 3
12 26 3
12 27 2
12 28 3
12 29 1
12 30 3
12 31 2
12 32 3
12 33 2
12 34 3
12 35 2
12 36 3
12 37 4
12 38 1
12 39 4
12 40 3
12 41 2
12 42 3
12 43 1
12 44 2
12 45 3
12 46 2
12 47 1
12 48 2
12 49 4
12 50 1
12 51 1
12 52 3
12 53 3
12 54 2
12 55 1
12 56 3
12 57 1
12 58 2
12 59 1
12 60 1
12 61 1
12 62 1
12 63 4
12 64 2
12 65 2
12 66 2
12 67 1
12 68 1
12 69 3
12 70 3
12 71 4
12 72 3
12 73 3
12 74 2
12 75 3
12 76 2
12 77 4
12 78 3
12 79 3
12 80 2
12 81 2
12 82 1
12 83 2
12 84 3
12 85 3
12 86 1
12 87 2
12 88 1
12 89 3
12 90 3
12 91 1
12 92 4
12 93 2
12 94 2
12 95 3
12 96 2
12 97 3
12 98 2
12 99 4
13 14 2
13 15 2
13 16 1
13 17 3
13 18 2
13 19 5
13 20 4
13 21 4
13 22 1
13 23 5
13 24 5
13 25 3
13 26 4
13 27 3
13 28 3
13 29 1
13 30 4
13 31 3
13 32 4
13 33 3
13 34 4
13 35 3
13 36 4
13 37 4
13 38 2
13 39 4
13 40 3
13 41 3
13 42 4
13 43 2
13 44 3
13 45 3
13 46 1
13 47 2
13 48 3
13 49 5
13 50 2
13 51 2
13 52 2
13 53 2
13 54 2
13 55 1
13 56 4
13 57 1
13 58 1
13 59 2
13 60 2
13 61 2
13 62 1
13 63 5
13 64 3
13 65 2
13 66 2
13 67 1
13 68 1
13 69 4
13 70 2
13 71 5
13 72 3
13 73 4
13 74 3
13 75 4
13 76 3
13 77 5
13 78 4
13 79 4
13 80 2
13 81 1
13 82 2
13 83 2
13 84 4
13 85 3
13 86 1
13 87 2
13 88 2
13 89 3
13 90 3
13 91 1
13 92 5
13 93 3
13 94 3
13 95 2
13 96 2
13 97 2
13 98 1
13 99 5
14 15 3
14 16 1
14 17 4
14 18 3
14 19 5
14 20 2
14 21 3
14 22 3
14 23 4
14 24 4
14 25 1
14 26 3
14 27 3
14 28 2
14 29 2
14 30 2
14 31 3
14 32 4
14 33 1
14 34 3
14 35 1
14 36 4
14 37 3
14 38 3
14 39 3
14 40 1
14 41 4
14 42 2
14 43 2
14 44 4
14 45 1
14 46 2
14 47 3
14 48 4
14 49 3
14 50 2
14 51 2
14 52 2
14 53 2
14 54 1
14 55 2
14 56 2
14 57 2
14 58 3
14 59 3
14 60 3
14 61 3
14 62 3
14 63 4
14 64 2
14 65 1
14 66 4
14 67 1
14 68 3
14 69 4
14 70 2
14 71 4
14 72 2
14 73 4
14 74 3
14 75 4
14 76 3
14 77 3
14 78 2
14 79 4
14 80 1
14 81 2
14 82 2
14 83 1
14 84 4
14 85 2
14 86 3
14 87 1
14 88 3
14 89 1
14 90 1
14 91 2
14 92 3
14 93 4
14 94 2
14 95 2
14 96 1
14 97 2
14 98 1
14 99 5
15 16 3
15 17 2
15 18 2
15 19 5
15 20 5
15 21 4
15 22 1
15 23 4
15 24 5
15 25 4
15 26 4
15 27 3
15 28 4
15 29 2
15 30 4
15 31 3
15 32 4
15 33 3
15 34 4
15 35 3
15 36 3
15 37 5
15 38 1
15 39 5
15 40 4
15 41 3
15 42 4
15 43 2
15 44 2
15 45 4
15 46 3
15 47 2
15 48 3
15 49 5
15 50 2
15 51 2
15 52 3
15 53 4
15 54 3
15 55 1
15 56 4
15 57 1
15 58 2
15 59 1
15 60 2
15 61 1
15 62 1
15 63 5
15 64 3
15 65 3
15 66 1
15 67 2
15 68 1
15 69 4
15 70 3
15 71 5
15 72 4
15 73 4
15 74 3
15 75 4
15 76 3
15 77 5
15 78 4
15 79 4
15 80 3
15 81 2
15 82 2
15 83 3
15 84 4
15 85 4
15 86 1
15 87 3
15 88 1
15 89 4
15 90 4
15 91 2
15 92 5
15 93 1
15 94 3
15 95 3
15 96 3
15 97 3
15 98 2
15 99 5
16 17 4
16 18 3
16 19 5
16 20 3
16 21 4
16 22 2
16 23 5
16 24 5
16 25 2
16 26 4
16 27 3
16 28 3
16 29 2
16 30 3
16 31 4
16 32 4
16 33 2
16 34 4
16 35 2
16 36 4
16 37 4
16 38 3
16 39 4
16 40 2
16 41 4
16 42 3
16 43 2
16 44 4
16 45 2
16 46 1
16 47 3
16 48 4
16 49 4
16 50 2
16 51 3
16 52 1
16 53 1
16 54 1
16 55 2
16 56 3
16 57 2
16 58 2
16 59 3
16 60 3
16 61 3
16 62 2
16 63 5
16 64 3
16 65 2
16 66 3
16 67 1
16 68 2
16 69 4
16 70 1
16 71 5
16 72 2
16 73 4
16 74 4
16 75 4
16 76 3
16 77 4
16 78 3
16 79 4
16 80 1
16 81 1
16 82 2
16 83 2
16 84 5
16 85 3
16 86 2
16 87 2
16 88 3
16 89 2
16 90 2
16 91 2
16 92 4
16 93 4
16 94 3
16 95 1
16 96 2
16 97 1
16 98 1
16 99 5
17 18 1
17 19 3
17 20 4
17 21 3
17 22 3
17 23 2
17 24 3
17 25 4
17 26 2
17 27 1
17 28 4
17 29 3
17 30 4
17 31 2
17 32 2
17 33 3
17 34 2
17 35 3
17 36 1
17 37 5
17 38 2
17 39 5
17 40 4
17 41 1
17 42 4
17 43 2
17 44 1
17 45 4
17 46 4
17 47 1
17 48 1
17 49 4
17 50 2
17 51 2
17 52 5
17 53 5
17 54 4
17 55 2
17 56 3
17 57 2
17 58 3
17 59 1
17 60 1
17 61 2
17 62 3
17 63 3
17 64 2
17 65 4
17 66 2
17 67 3
17 68 2
17 69 2
17 70 4
17 71 3
17 72 5
17 73 2
17 74 2
17 75 2
17 76 2
17 77 3
17 78 3
17 79 2
17 80 4
17 81 4
17 82 2
17 83 4
17 84 2
17 85 4
17 86 2
17 87 4
17 88 1
17 89 4
17 90 4
17 91 3
17 92 4
17 93 2
17 94 2
17 95 4
17 96 3
17 97 4
17 98 3
17 99 3
18 19 3
18 20 4
18 21 3
18 22 2
18 23 3
18 24 3
18 25 3
18 26 2
18 27 1
18 28 3
18 29 2
18 30 3
18 31 2
18 32 2
18 33 3
18 34 2
18 35 2
18 36 2
18 37 4
18 38 1
18 39 4
18 40 4
18 41 1
18 42 3
18 43 1
18 44 2
18 45 3
18 46 3
18 47 1
18 48 1
18 49 4
18 50 2
18 51 1
18 52 4
18 53 4
18 54 3
18 55 1
18 56 3
18 57 2
18 58 3
18 59 1
18 60 1
18 61 1
18 62 2
18 63 3
18 64 1
18 65 3
18 66 2
18 67 2
18 68 2
18 69 2
18 70 3
18 71 3
18 72 4
18 73 2
18 74 2
18 75 2
18 76 1
18 77 3
18 78 3
18 79 2
18 80 3
18 81 3
18 82 1
18 83 3
18 84 3
18 85 4
18 86 2
18 87 3
18 88 1
18 89 3
18 90 4
18 91 2
18 92 4
18 93 1
18 94 2
18 95 3
18 96 2
18 97 3
18 98 2
18 99 3
19 20 3
19 21 2
19 22 5
19 23 1
19 24 1
19 25 4
19 26 2
19 27 2
19 28 4
19 29 5
19 30 3
19 31 2
19 32 2
19 33 4
19 34 2
19 35 4
19 36 2
19 37 4
19 38 4
19 39 4
19 40 5
19 41 3
19 42 3
19 43 3
19 44 4
19 45 4
19 46 5
19 47 3
19 48 4
19 49 2
19 50 3
19 51 3
19 52 6
19 53 6
19 54 5
19 55 4
19 56 3
19 57 4
19 58 5
19 59 4
19 60 3
19 61 4
19 62 5
19 63 1
19 64 3
19 65 4
19 66 5
19 67 4
19 68 5
19 69 1
19 70 5
19 71 1
19 72 6
19 73 2
19 74 2
19 75 1
19 76 2
19 77 2
19 78 3
19 79 1
19 80 5
19 81 6
19 82 3
19 83 5
19 84 1
19 85 4
19 86 4
19 87 4
19 88 4
19 89 4
19 90 5
19 91 4
19 92 2
19 93 4
19 94 3
19 95 5
19 96 4
19 97 5
19 98 4
19 99 1
20 21 2
20 22 5
20 23 4
20 24 2
20 25 2
20 26 2
20 27 3
20 28 1
20 29 4
20 30 1
20 31 3
20 32 3
20 33 2
20 34 3
20 35 2
20 36 4
20 37 1
20 38 4
20 39 1
20 40 2
20 41 4
20 42 1
20 43 3
20 44 5
20 45 1
20 46 4
20 47 3
20 48 5
20 49 2
20 50 3
20 51 3
20 52 4
20 53 4
20 54 3
20 55 4
20 56 1
20 57 4
20 58 5
20 59 4
20 60 3
20 61 4
20 62 5
20 63 2
20 64 3
20 65 2
20 66 5
20 67 3
20 68 5
20 69 3
20 70 4
20 71 4
20 72 3
20 73 4
20 74 3
20 75 3
20 76 3
20 77 2
20 78 1
20 79 3
20 80 3
20 81 4
20 82 3
20 83 2
20 84 3
20 85 1
20 86 4
20 87 2
20 88 4
20 89 1
20 90 2
20 91 4
20 92 2
20 93 5
20 94 2
20 95 4
20 96 3
20 97 4
20 98 3
20 99 3
21 22 4
21 23 2
21 24 1
21 25 2
21 26 1
21 27 2
21 28 2
21 29 4
21 30 2
21 31 1
21 32 2
21 33 2
21 34 1
21 35 2
21 36 2
21 37 2
21 38 3
21 39 3
21 40 3
21 41 3
21 42 1
21 43 2
21 44 4
21 45 2
21 46 4
21 47 2
21 48 4
21 49 1
21 50 2
21 51 2
21 52 5
21 53 5
21 54 3
21 55 3
21 56 1
21 57 3
21 58 4
21 59 3
21 60 2
21 61 3
21 62 4
21 63 1
21 64 2
21 65 2
21 66 4
21 67 3
21 68 4
21 69 2
21 70 4
21 71 2
21 72 4
21 73 2
21 74 1
21 75 2
21 76 2
21 77 1
21 78 1
21 79 2
21 80 3
21 81 5
21 82 3
21 83 3
21 84 2
21 85 2
21 86 3
21 87 2
21 88 3
21 89 2
21 90 3
21 91 3
21 92 1
21 93 4
21 94 1
21 95 4
21 96 2
21 97 4
21 98 3
21 99 2
22 23 5
22 24 5
22 25 3
22 26 4
22 27 3
22 28 4
22 29 1
22 30 4
22 31 3
22 32 4
22 33 3
22 34 4
22 35 3
22 36 4
22 37 5
22 38 2
22 39 5
22 40 4
22 41 3
22 42 4
22 43 2
22 44 3
22 45 4
22 46 2
22 47 2
22 48 3
22 49 5
22 50 2
22 51 2
22 52 2
22 53 3
22 54 3
22 55 1
22 56 4
22 57 1
22 58 1
22 59 2
22 60 2
22 61 2
22 62 1
22 63 5
22 64 3
22 65 3
22 66 2
22 67 2
22 68 1
22 69 4
22 70 2
22 71 5
22 72 4
22 73 4
22 74 3
22 75 4
22 76 3
22 77 5
22 78 4
22 79 4
22 80 2
22 81 1
22 82 2
22 83 3
22 84 4
22 85 4
22 86 1
22 87 3
22 88 2
22 89 4
22 90 4
22 91 1
22 92 5
22 93 2
22 94 3
22 95 2
22 96 2
22 97 3
22 98 2
22 99 5
23 24 2
23 25 4
23 26 2
23 27 2
23 28 4
23 29 5
23 30 4
23 31 2
23 32 1
23 33 4
23 34 1
23 35 3
23 36 1
23 37 4
23 38 4
23 39 5
23 40 5
23 41 2
23 42 3
23 43 3
23 44 3
23 45 4
23 46 5
23 47 3
23 48 3
23 49 3
23 50 3
23 51 3
23 52 6
23 53 6
23 54 5
23 55 4
23 56 3
23 57 4
23 58 5
23 59 3
23 60 3
23 61 4
23 62 5
23 63 2
23 64 3
23 65 4
23 66 4
23 67 4
23 68 4
23 69 1
23 70 5
23 71 1
23 72 6
23 73 1
23 74 2
23 75 1
23 76 2
23 77 2
23 78 3
23 79 1
23 80 4
23 81 6
23 82 3
23 83 4
23 84 1
23 85 4
23 86 4
23 87 4
23 88 3
23 89 4
23 90 5
23 91 4
23 92 3
23 93 4
23 94 2
23 95 5
23 96 4
23 97 5
23 98 4
23 99 1
24 25 3
24 26 2
24 27 2
24 28 3
24 29 5
24 30 2
24 31 2
24 32 2
24 33 3
24 34 1
24 35 3
24 36 2
24 37 3
24 38 4
24 39 3
24 40 4
24 41 3
24 42 2
24 43 3
24 44 4
24 45 3
24 46 5
24 47 3
24 48 4
24 49 1
24 50 3
24 51 3
24 52 6
24 53 6
24 54 4
24 55 4
24 56 2
24 57 4
24 58 5
24 59 4
24 60 3
24 61 4
24 62 5
24 63 1
24 64 3
24 65 3
24 66 5
24 67 4
24 68 5
24 69 2
24 70 5
24 71 2
24 72 5
24 73 2
24 74 2
24 75 2
24 76 2
24 77 1
24 78 2
24 79 2
24 80 4
24 81 6
24 82 3
24 83 4
24 84 1
24 85 3
24 86 4
24 87 3
24 88 4
24 89 3
24 90 4
24 91 4
24 92 1
24 93 4
24 94 2
24 95 5
24 96 3
24 97 5
24 98 4
24 99 1
25 26 2
25 27 3
25 28 1
25 29 3
25 30 2
25 31 3
25 32 3
25 33 1
25 34 3
25 35 1
25 36 4
25 37 2
25 38 3
25 39 2
25 40 1
25 41 4
25 42 2
25 43 2
25 44 4
25 45 1
25 46 2
25 47 3
25 48 4
25 49 3
25 50 2
25 51 2
25 52 3
25 53 3
25 54 1
25 55 3
25 56 2
25 57 3
25 58 3
25 59 3
25 60 3
25 61 3
25 62 3
25 63 3
25 64 2
25 65 1
25 66 4
25 67 2
25 68 3
25 69 3
25 70 2
25 71 4
25 72 2
25 73 4
25 74 3
25 75 3
25 76 3
25 77 3
25 78 2
25 79 3
25 80 1
25 81 3
25 82 2
25 83 1
25 84 3
25 85 1
25 86 3
25 87 1
25 88 3
25 89 1
25 90 1
25 91 2
25 92 3
25 93 4
25 94 2
25 95 3
25 96 1
25 97 2
25 98 2
25 99 4
26 27 1
26 28 2
26 29 4
26 30 2
26 31 1
26 32 1
26 33 2
26 34 1
26 35 2
26 36 2
26 37 3
26 38 3
26 39 3
26 40 3
26 41 2
26 42 2
26 43 2
26 44 3
26 45 2
26 46 4
26 47 2
26 48 3
26 49 2
26 50 2
26 51 2
26 52 5
26 53 5
26 54 3
26 55 3
26 56 1
26 57 3
26 58 4
26 59 3
26 60 2
26 61 3
26 62 4
26 63 2
26 64 1
26 65 2
26 66 4
26 67 3
26 68 4
26 69 1
26 70 4
26 71 2
26 72 4
26 73 2
26 74 1
26 75 1
26 76 1
26 77 1
26 78 1
26 79 1
26 80 3
26 81 5
26 82 2
26 83 3
26 84 1
26 85 3
26 86 3
26 87 2
26 88 3
26 89 2
26 90 3
26 91 3
26 92 2
26 93 3
26 94 1
26 95 4
26 96 2
26 97 4
26 98 3
26 99 2
27 28 3
27 29 3
27 30 3
27 31 1
27 32 1
27 33 2
27 34 1
27 35 2
27 36 1
27 37 4
27 38 2
27 39 4
27 40 3
27 41 1
27 42 3
27 43 1
27 44 2
27 45 3
27 46 4
27 47 1
27 48 2
27 49 3
27 50 2
27 51 1
27 52 4
27 53 4
27 54 3
27 55 2
27 56 2
27 57 2
27 58 3
27 59 2
27 60 1
27 61 2
27 62 3
27 63 2
27 64 1
27 65 3
27 66 3
27 67 2
27 68 3
27 69 1
27 70 4
27 71 2
27 72 4
27 73 1
27 74 1
27 75 1
27 76 1
27 77 2
27 78 2
27 79 1
27 80 3
27 81 4
27 82 2
27 83 3
27 84 2
27 85 3
27 86 3
27 87 3
27 88 2
27 89 3
27 90 3
27 91 2
27 92 3
27 93 2
27 94 1
27 95 4
27 96 2
27 97 4
27 98 3
27 99 2
28 29 3
28 30 1
28 31 3
28 32 3
28 33 1
28 34 3
28 35 1
28 36 4
28 37 1
28 38 3
28 39 2
28 40 1
28 41 4
28 42 1
28 43 2
28 44 5
28 45 1
28 46 3
28 47 3
28 48 4
28 49 2
28 50 2
28 51 2
28 52 4
28 53 4
28 54 2
28 55 3
28 56 1
28 57 3
28 58 4
28 59 4
28 60 3
28 61 4
28 62 4
28 63 3
28 64 2
28 65 1
28 66 4
28 67 2
28 68 4
28 69 3
28 70 3
28 71 4
28 72 2
28 73 4
28 74 3
28 75 3
28 76 3
28 77 2
28 78 1
28 79 3
28 80 2
28 81 4
28 82 3
28 83 1
28 84 3
28 85 1
28 86 4
28 87 1
28 88 4
28 89 1
28 90 1
28 91 3
28 92 2
28 93 4
28 94 2
28 95 3
28 96 2
28 97 3
28 98 2
28 99 4
29 30 4
29 31 3
29 32 4
29 33 3
29 34 4
29 35 3
29 36 4
29 37 4
29 38 2
29 39 4
29 40 3
29 41 3
29 42 4
29 43 2
29 44 3
29 45 3
29 46 2
29 47 2
29 48 3
29 49 5
29 50 2
29 51 2
29 52 2
29 53 3
29 54 2
29 55 1
29 56 4
29 57 1
29 58 1
29 59 2
29 60 2
29 61 2
29 62 1
29 63 5
29 64 3
29 65 2
29 66 2
29 67 1
29 68 1
29 69 4
29 70 2
29 71 5
29 72 3
29 73 4
29 74 3
29 75 4
29 76 3
29 77 5
29 78 4
29 79 4
29 80 2
29 81 1
29 82 2
29 83 2
29 84 4
29 85 3
29 86 1
29 87 2
29 88 2
29 89 3
29 90 3
29 91 1
29 92 5
29 93 3
29 94 3
29 95 2
29 96 2
29 97 2
29 98 1
29 99 5
30 31 3
30 32 3
30 33 2
30 34 3
30 35 2
30 36 4
30 37 1
30 38 3
30 39 1
30 40 2
30 41 4
30 42 1
30 43 2
30 44 5
30 45 1
30 46 4
30 47 3
30 48 4
30 49 2
30 50 2
30 51 2
30 52 4
30 53 4
30 54 3
30 55 3
30 56 1
30 57 3
30 58 4
30 59 4
30 60 3
30 61 4
30 62 4
30 63 2
30 64 2
30 65 2
30 66 4
30 67 3
30 68 4
30 69 3
30 70 4
30 71 4
30 72 3
30 73 4
30 74 3
30 75 3
30 76 3
30 77 2
30 78 1
30 79 3
30 80 3
30 81 4
30 82 3
30 83 2
30 84 3
30 85 1
30 86 4
30 87 2
30 88 4
30 89 1
30 90 2
30 91 3
30 92 2
30 93 4
30 94 2
30 95 4
30 96 2
30 97 4
30 98 3
30 99 3
31 32 1
31 33 2
31 34 1
31 35 2
31 36 1
31 37 3
31 38 2
31 39 4
31 40 3
31 41 2
31 42 2
31 43 2
31 44 3
31 45 3
31 46 4
31 47 1
31 48 3
31 49 2
31 50 2
31 51 2
31 52 5
31 53 5
31 54 3
31 55 2
31 56 2
31 57 3
31 58 4
31 59 2
31 60 1
31 61 2
31 62 3
31 63 2
31 64 1
31 65 3
31 66 3
31 67 3
31 68 3
31 69 1
31 70 4
31 71 2
31 72 4
31 73 1
31 74 1
31 75 1
31 76 1
31 77 2
31 78 2
31 79 1
31 80 3
31 81 4
31 82 2
31 83 3
31 84 1
31 85 3
31 86 3
31 87 3
31 88 2
31 89 3
31 90 3
31 91 3
31 92 2
31 93 3
31 94 1
31 95 4
31 96 2
31 97 4
31 98 3
31 99 2
32 33 3
32 34 1
32 35 3
32 36 1
32 37 4
32 38 3
32 39 4
32 40 4
32 41 1
32 42 3
32 43 2
32 44 3
32 45 3
32 46 4
32 47 2
32 48 2
32 49 3
32 50 2
32 51 2
32 52 5
32 53 5
32 54 4
32 55 3
32 56 2
32 57 3
32 58 4
32 59 3
32 60 2
32 61 3
32 62 4
32 63 2
32 64 2
32 65 3
32 66 4
32 67 3
32 68 4
32 69 1
32 70 4
32 71 1
32 72 5
32 73 1
32 74 1
32 75 1
32 76 1
32 77 2
32 78 2
32 79 1
32 80 4
32 81 5
32 82 2
32 83 4
32 84 1
32 85 4
32 86 3
32 87 3
32 88 3
32 89 3
32 90 4
32 91 3
32 92 3
32 93 3
32 94 2
32 95 4
32 96 3
32 97 4
32 98 3
32 99 2
33 34 3
33 35 1
33 36 3
33 37 2
33 38 3
33 39 2
33 40 1
33 41 3
33 42 1
33 43 2
33 44 4
33 45 1
33 46 3
33 47 2
33 48 4
33 49 2
33 50 1
33 51 2
33 52 3
33 53 3
33 54 2
33 55 2
33 56 1
33 57 2
33 58 3
33 59 3
33 60 2
33 61 3
33 62 3
33 63 3
33 64 2
33 65 1
33 66 4
33 67 2
33 68 3
33 69 3
33 70 3
33 71 4
33 72 2
33 73 3
33 74 2
33 75 3
33 76 2
33 77 2
33 78 1
33 79 3
33 80 2
33 81 3
33 82 2
33 83 1
33 84 3
33 85 1
33 86 3
33 87 1
33 88 3
33 89 1
33 90 1
33 91 2
33 92 2
33 93 4
33 94 2
33 95 3
33 96 1
33 97 3
33 98 2
33 99 4
34 35 2
34 36 1
34 37 3
34 38 3
34 39 4
34 40 4
34 41 2
34 42 2
34 43 2
34 44 3
34 45 3
34 46 4
34 47 2
34 48 3
34 49 2
34 50 2
34 51 2
34 52 5
34 53 5
34 54 4
34 55 3
34 56 2
34 57 3
34 58 4
34 59 3
34 60 2
34 61 3
34 62 4
34 63 1
34 64 2
34 65 3
34 66 4
34 67 3
34 68 4
34 69 1
34 70 4
34 71 1
34 72 5
34 73 1
34 74 1
34 75 1
34 76 1
34 77 1
34 78 2
34 79 1
34 80 3
34 81 5
34 82 2
34 83 3
34 84 1
34 85 3
34 86 3
34 87 3
34 88 3
34 89 3
34 90 4
34 91 3
34 92 2
34 93 3
34 94 1
34 95 4
34 96 3
34 97 4
34 98 3
34 99 2
35 36 3
35 37 2
35 38 2
35 39 3
35 40 2
35 41 3
35 42 2
35 43 1
35 44 4
35 45 1
35 46 2
35 47 2
35 48 3
35 49 2
35 50 1
35 51 1
35 52 3
35 53 3
35 54 2
35 55 2
35 56 1
35 57 2
35 58 3
35 59 3
35 60 2
35 61 3
35 62 3
35 63 3
35 64 1
35 65 1
35 66 3
35 67 2
35 68 3
35 69 3
35 70 3
35 71 3
35 72 3
35 73 3
35 74 2
35 75 3
35 76 2
35 77 2
35 78 1
35 79 3
35 80 1
35 81 3
35 82 2
35 83 1
35 84 3
35 85 2
35 86 3
35 87 1
35 88 3
35 89 1
35 90 2
35 91 2
35 92 2
35 93 3
35 94 1
35 95 3
35 96 1
35 97 2
35 98 2
35 99 4
36 37 4
36 38 3
36 39 5
36 40 4
36 41 1
36 42 3
36 43 2
36 44 2
36 45 4
36 46 4
36 47 2
36 48 2
36 49 3
36 50 2
36 51 2
36 52 5
36 53 5
36 54 4
36 55 3
36 56 3
36 57 3
36 58 4
36 59 2
36 60 2
36 61 3
36 62 4
36 63 2
36 64 2
36 65 4
36 66 3
36 67 3
36 68 3
36 69 1
36 70 4
36 71 2
36 72 5
36 73 1
36 74 1
36 75 1
36 76 1
36 77 2
36 78 3
36 79 1
36 80 4
36 81 5
36 82 2
36 83 4
36 84 1
36 85 4
36 86 3
36 87 4
36 88 2
36 89 4
36 90 4
36 91 3
36 92 3
36 93 3
36 94 2
36 95 4
36 96 3
36 97 4
36 98 3
36 99 2
37 38 4
37 39 1
37 40 2
37 41 5
37 42 1
37 43 3
37 44 6
37 45 2
37 46 4
37 47 4
37 48 5
37 49 3
37 50 3
37 51 3
37 52 5
37 53 5
37 54 3
37 55 4
37 56 2
37 57 4
37 58 5
37 59 5
37 60 4
37 61 5
37 62 5
37 63 3
37 64 3
37 65 2
37 66 5
37 67 3
37 68 5
37 69 4
37 70 4
37 71 4
37 72 3
37 73 4
37 74 3
37 75 4
37 76 4
37 77 3
37 78 2
37 79 4
37 80 3
37 81 5
37 82 4
37 83 2
37 84 4
37 85 1
37 86 5
37 87 2
37 88 5
37 89 2
37 90 2
37 91 4
37 92 2
37 93 5
37 94 3
37 95 4
37 96 3
37 97 4
37 98 3
37 99 4
38 39 4
38 40 4
38 41 2
38 42 3
38 43 1
38 44 2
38 45 3
38 46 3
38 47 1
38 48 2
38 49 4
38 50 2
38 51 2
38 52 3
38 53 4
38 54 3
38 55 1
38 56 3
38 57 1
38 58 2
38 59 1
38 60 1
38 61 1
38 62 1
38 63 4
38 64 2
38 65 3
38 66 1
38 67 2
38 68 1
38 69 3
38 70 3
38 71 4
38 72 4
38 73 3
38 74 2
38 75 3
38 76 2
38 77 4
38 78 3
38 79 3
38 80 2
38 81 2
38 82 1
38 83 3
38 84 3
38 85 4
38 86 1
38 87 3
38 88 1
38 89 3
38 90 4
38 91 1
38 92 4
38 93 1
38 94 2
38 95 3
38 96 2
38 97 3
38 98 2
38 99 4
39 40 2
39 41 5
39 42 2
39 43 3
39 44 6
39 45 2
39 46 4
39 47 4
39 48 5
39 49 3
39 50 3
39 51 3
39 52 5
39 53 5
39 54 3
39 55 4
39 56 2
39 57 4
39 58 5
39 59 5
39 60 4
39 61 5
39 62 5
39 63 3
39 64 3
39 65 2
39 66 5
39 67 3
39 68 5
39 69 4
39 70 4
39 71 5
39 72 3
39 73 5
39 74 4
39 75 4
39 76 4
39 77 3
39 78 2
39 79 4
39 80 3
39 81 5
39 82 4
39 83 2
39 84 4
39 85 1
39 86 5
39 87 2
39 88 5
39 89 2
39 90 2
39 91 4
39 92 3
39 93 5
39 94 3
39 95 4
39 96 3
39 97 4
39 98 3
39 99 4
40 41 4
40 42 2
40 43 3
40 44 5
40 45 1
40 46 3
40 47 3
40 48 5
40 49 3
40 50 2
40 51 3
40 52 3
40 53 3
40 54 2
40 55 3
40 56 2
40 57 3
40 58 4
40 59 4
40 60 3
40 61 4
40 62 4
40 63 4
40 64 3
40 65 1
40 66 5
40 67 2
40 68 4
40 69 4
40 70 3
40 71 5
40 72 2
40 73 4
40 74 3
40 75 4
40 76 3
40 77 3
40 78 2
40 79 4
40 80 2
40 81 3
40 82 3
40 83 1
40 84 4
40 85 1
40 86 4
40 87 1
40 88 4
40 89 1
40 90 1
40 91 3
40 92 3
40 93 5
40 94 3
40 95 3
40 96 2
40 97 3
40 98 2
40 99 5
41 42 4
41 43 2
41 44 2
41 45 4
41 46 4
41 47 1
41 48 1
41 49 4
41 50 2
41 51 2
41 52 5
41 53 5
41 54 4
41 55 2
41 56 3
41 57 3
41 58 4
41 59 2
41 60 1
41 61 2
41 62 3
41 63 3
41 64 2
41 65 4
41 66 3
41 67 3
41 68 3
41 69 2
41 70 4
41 71 2
41 72 5
41 73 1
41 74 2
41 75 2
41 76 2
41 77 3
41 78 3
41 79 2
41 80 4
41 81 4
41 82 2
41 83 4
41 84 2
41 85 4
41 86 3
41 87 4
41 88 2
41 89 4
41 90 4
41 91 3
41 92 4
41 93 2
41 94 2
41 95 4
41 96 3
41 97 4
41 98 3
41 99 3
42 43 2
42 44 5
42 45 1
42 46 4
42 47 3
42 48 4
42 49 2
42 50 2
42 51 2
42 52 4
42 53 4
42 54 3
42 55 3
42 56 1
42 57 3
42 58 4
42 59 4
42 60 3
42 61 4
42 62 4
42 63 2
42 64 2
42 65 2
42 66 4
42 67 3
42 68 4
42 69 3
42 70 4
42 71 3
42 72 3
42 73 3
42 74 2
42 75 3
42 76 3
42 77 2
42 78 1
42 79 3
42 80 3
42 81 4
42 82 3
42 83 2
42 84 3
42 85 1
42 86 4
42 87 2
42 88 4
42 89 1
42 90 2
42 91 3
42 92 1
42 93 4
42 94 2
42 95 4
42 96 2
42 97 4
42 98 3
42 99 3
43 44 3
43 45 2
43 46 3
43 47 1
43 48 2
43 49 3
43 50 1
43 51 1
43 52 3
43 53 3
43 54 2
43 55 1
43 56 2
43 57 1
43 58 2
43 59 2
43 60 1
43 61 2
43 62 2
43 63 3
43 64 1
43 65 2
43 66 2
43 67 1
43 68 2
43 69 2
43 70 3
43 71 3
43 72 3
43 73 2
43 74 2
43 75 2
43 76 1
43 77 3
43 78 2
43 79 2
43 80 2
43 81 3
43 82 1
43 83 2
43 84 3
43 85 3
43 86 2
43 87 2
43 88 2
43 89 2
43 90 3
43 91 1
43 92 3
43 93 2
43 94 1
43 95 3
43 96 1
43 97 3
43 98 2
43 99 3
44 45 5
44 46 4
44 47 2
44 48 1
44 49 5
44 50 3
44 51 3
44 52 5
44 53 5
44 54 4
44 55 2
44 56 4
44 57 2
44 58 3
44 59 2
44 60 2
44 61 2
44 62 3
44 63 4
44 64 3
44 65 4
44 66 2
44 67 3
44 68 2
44 69 3
44 70 4
44 71 4
44 72 5
44 73 3
44 74 3
44 75 3
44 76 3
44 77 4
44 78 4
44 79 3
44 80 4
44 81 4
44 82 2
44 83 4
44 84 3
44 85 5
44 86 2
44 87 4
44 88 1
44 89 5
44 90 5
44 91 3
44 92 5
44 93 1
44 94 3
44 95 4
44 96 3
44 97 4
44 98 3
44 99 4
45 46 3
45 47 3
45 48 4
45 49 2
45 50 2
45 51 2
45 52 3
45 53 3
45 54 2
45 55 3
45 56 1
45 57 3
45 58 4
45 59 4
45 60 3
45 61 4
45 62 4
45 63 3
45 64 2
45 65 1
45 66 4
45 67 2
45 68 4
45 69 3
45 70 3
45 71 4
45 72 2
45 73 4
45 74 3
45 75 3
45 76 3
45 77 2
45 78 1
45 79 3
45 80 2
45 81 3
45 82 3
45 83 1
45 84 3
45 85 1
45 86 4
45 87 1
45 88 4
45 89 1
45 90 1
45 91 3
45 92 2
45 93 4
45 94 2
45 95 3
45 96 2
45 97 3
45 98 2
45 99 4
46 47 3
46 48 4
46 49 4
46 50 3
46 51 3
46 52 1
46 53 1
46 54 1
46 55 2
46 56 3
46 57 2
46 58 2
46 59 3
46 60 3
46 61 3
46 62 2
46 63 5
46 64 3
46 65 2
46 66 3
46 67 2
46 68 2
46 69 5
46 70 1
46 71 5
46 72 2
46 73 5
46 74 4
46 75 4
46 76 3
46 77 4
46 78 3
46 79 4
46 80 1
46 81 1
46 82 3
46 83 2
46 84 5
46 85 3
46 86 2
46 87 2
46 88 3
46 89 3
46 90 2
46 91 2
46 92 4
46 93 4
46 94 3
46 95 1
46 96 2
46 97 1
46 98 1
46 99 5
47 48 2
47 49 3
47 50 1
47 51 1
47 52 4
47 53 4
47 54 3
47 55 1
47 56 2
47 57 2
47 58 3
47 59 1
47 60 1
47 61 1
47 62 2
47 63 3
47 64 1
47 65 3
47 66 2
47 67 2
47 68 2
47 69 2
47 70 3
47 71 3
47 72 4
47 73 2
47 74 1
47 75 2
47 76 1
47 77 3
47 78 2
47 79 2
47 80 3
47 81 3
47 82 1
47 83 3
47 84 2
47 85 3
47 86 2
47 87 3
47 88 1
47 89 3
47 90 3
47 91 2
47 92 3
47 93 2
47 94 1
47 95 3
47 96 2
47 97 3
47 98 2
47 99 3
48 49 5
48 50 3
48 51 2
48 52 5
48 53 5
48 54 4
48 55 2
48 56 4
48 57 3
48 58 4
48 59 2
48 60 2
48 61 2
48 62 3
48 63 4
48 64 2
48 65 4
48 66 3
48 67 3
48 68 3
48 69 3
48 70 4
48 71 3
48 72 5
48 73 2
48 74 3
48 75 3
48 76 2
48 77 4
48 78 4
48 79 3
48 80 4
48 81 4
48 82 2
48 83 4
48 84 3
48 85 5
48 86 3
48 87 4
48 88 2
48 89 4
48 90 5
48 91 3
48 92 5
48 93 2
48 94 3
48 95 4
48 96 3
48 97 4
48 98 3
48 99 4
49 50 3
49 51 3
49 52 5
49 53 5
49 54 4
49 55 4
49 56 2
49 57 4
49 58 5
49 59 4
49 60 3
49 61 4
49 62 5
49 63 1
49 64 3
49 65 3
49 66 5
49 67 4
49 68 5
49 69 2
49 70 5
49 71 3
49 72 4
49 73 3
49 74 2
49 75 3
49 76 3
49 77 1
49 78 1
49 79 2
49 80 3
49 81 5
49 82 4
49 83 3
49 84 2
49 85 3
49 86 4
49 87 3
49 88 4
49 89 2
49 90 3
49 91 4
49 92 1
49 93 5
49 94 2
49 95 5
49 96 3
49 97 4
49 98 4
49 99 2
50 51 1
50 52 3
50 53 3
50 54 2
50 55 1
50 56 2
50 57 1
50 58 2
50 59 2
50 60 1
50 61 2
50 62 2
50 63 3
50 64 1
50 65 2
50 66 3
50 67 1
50 68 2
50 69 3
50 70 3
50 71 3
50 72 3
50 73 3
50 74 2
50 75 2
50 76 1
50 77 3
50 78 2
50 79 2
50 80 2
50 81 3
50 82 1
50 83 2
50 84 3
50 85 2
50 86 2
50 87 2
50 88 2
50 89 2
50 90 2
50 91 1
50 92 3
50 93 3
50 94 1
50 95 3
50 96 1
50 97 3
50 98 2
50 99 3
51 52 4
51 53 4
51 54 2
51 55 1
51 56 2
51 57 2
51 58 2
51 59 2
51 60 1
51 61 2
51 62 2
51 63 3
51 64 1
51 65 2
51 66 3
51 67 2
51 68 2
51 69 2
51 70 3
51 71 3
51 72 3
51 73 2
51 74 1
51 75 2
51 76 1
51 77 3
51 78 2
51 79 2
51 80 2
51 81 3
51 82 1
51 83 2
51 84 2
51 85 3
51 86 2
51 87 2
51 88 2
51 89 2
51 90 3
51 91 1
51 92 3
51 93 2
51 94 1
51 95 3
51 96 1
51 97 3
51 98 2
51 99 3
52 53 1
52 54 2
52 55 3
52 56 4
52 57 3
52 58 2
52 59 4
52 60 4
52 61 4
52 62 2
52 63 6
52 64 4
52 65 3
52 66 3
52 67 2
52 68 3
52 69 5
52 70 1
52 71 6
52 72 2
52 73 5
52 74 5
52 75 5
52 76 4
52 77 5
52 78 4
52 79 5
52 80 2
52 81 1
52 82 3
52 83 3
52 84 6
52 85 4
52 86 3
52 87 3
52 88 4
52 89 3
52 90 3
52 91 3
52 92 5
52 93 4
52 94 4
52 95 1
52 96 3
52 97 1
52 98 2
52 99 6
53 54 2
53 55 3
53 56 4
53 57 3
53 58 3
53 59 4
53 60 4
53 61 4
53 62 3
53 63 6
53 64 4
53 65 3
53 66 4
53 67 2
53 68 3
53 69 5
53 70 1
53 71 6
53 72 2
53 73 5
53 74 5
53 75 5
53 76 4
53 77 5
53 78 4
53 79 5
53 80 2
53 81 2
53 82 3
53 83 3
53 84 6
53 85 4
53 86 3
53 87 3
53 88 4
53 89 3
53 90 3
53 91 3
53 92 5
53 93 5
53 94 4
53 95 1
53 96 3
53 97 1
53 98 2
53 99 6
54 55 2
54 56 3
54 57 2
54 58 3
54 59 3
54 60 3
54 61 3
54 62 3
54 63 4
54 64 2
54 65 1
54 66 4
54 67 1
54 68 3
54 69 4
54 70 1
54 71 5
54 72 1
54 73 4
54 74 3
54 75 4
54 76 3
54 77 4
54 78 3
54 79 4
54 80 1
54 81 2
54 82 2
54 83 1
54 84 4
54 85 2
54 86 3
54 87 1
54 88 3
54 89 2
54 90 1
54 91 2
54 92 4
54 93 4
54 94 3
54 95 2
54 96 1
54 97 1
54 98 1
54 99 5
55 56 3
55 57 1
55 58 2
55 59 1
55 60 1
55 61 1
55 62 1
55 63 4
55 64 2
55 65 2
55 66 2
55 67 1
55 68 1
55 69 3
55 70 3
55 71 4
55 72 3
55 73 3
55 74 2
55 75 3
55 76 2
55 77 4
55 78 3
55 79 3
55 80 2
55 81 2
55 82 1
55 83 2
55 84 3
55 85 3
55 86 1
55 87 2
55 88 1
55 89 3
55 90 3
55 91 1
55 92 4
55 93 2
55 94 2
55 95 3
55 96 2
55 97 3
55 98 2
55 99 4
56 57 3
56 58 4
56 59 3
56 60 2
56 61 3
56 62 4
56 63 2
56 64 2
56 65 2
56 66 4
56 67 3
56 68 4
56 69 2
56 70 4
56 71 3
56 72 3
56 73 3
56 74 2
56 75 2
56 76 2
56 77 1
56 78 1
56 79 2
56 80 2
56 81 4
56 82 2
56 83 2
56 84 2
56 85 2
56 86 3
56 87 2
56 88 3
56 89 1
56 90 2
56 91 3
56 92 2
56 93 4
56 94 1
56 95 4
56 96 2
56 97 3
56 98 3
56 99 3
57 58 1
57 59 1
57 60 2
57 61 1
57 62 1
57 63 4
57 64 2
57 65 2
57 66 2
57 67 1
57 68 1
57 69 3
57 70 2
57 71 4
57 72 3
57 73 3
57 74 3
57 75 3
57 76 2
57 77 4
57 78 3
57 79 3
57 80 2
57 81 2
57 82 1
57 83 2
57 84 4
57 85 3
57 86 1
57 87 2
57 88 1
57 89 3
57 90 3
57 91 1
57 92 4
57 93 2
57 94 2
57 95 2
57 96 2
57 97 2
57 98 1
57 99 4
58 59 2
58 60 3
58 61 2
58 62 1
58 63 5
58 64 3
58 65 3
58 66 2
58 67 2
58 68 1
58 69 4
58 70 2
58 71 5
58 72 4
58 73 4
58 74 3
58 75 4
58 76 3
58 77 5
58 78 4
58 79 4
58 80 2
58 81 1
58 82 2
58 83 3
58 84 4
58 85 4
58 86 1
58 87 3
58 88 2
58 89 4
58 90 4
58 91 1
58 92 5
58 93 3
58 94 3
58 95 2
58 96 2
58 97 3
58 98 2
58 99 5
59 60 1
59 61 1
59 62 2
59 63 4
59 64 2
59 65 3
59 66 1
59 67 2
59 68 1
59 69 3
59 70 3
59 71 4
59 72 4
59 73 3
59 74 2
59 75 3
59 76 2
59 77 4
59 78 3
59 79 3
59 80 3
59 81 3
59 82 1
59 83 3
59 84 3
59 85 4
59 86 1
59 87 3
59 88 1
59 89 4
59 90 4
59 91 2
59 92 4
59 93 1
59 94 2
59 95 3
59 96 2
59 97 3
59 98 2
59 99 4
60 61 1
60 62 2
60 63 3
60 64 1
60 65 3
60 66 2
60 67 2
60 68 2
60 69 2
60 70 3
60 71 3
60 72 4
60 73 2
60 74 1
60 75 2
60 76 1
60 77 3
60 78 2
60 79 2
60 80 3
60 81 3
60 82 1
60 83 3
60 84 2
60 85 3
60 86 2
60 87 3
60 88 1
60 89 3
60 90 3
60 91 2
60 92 3
60 93 2
60 94 1
60 95 3
60 96 2
60 97 3
60 98 2
60 99 3
61 62 2
61 63 4
61 64 2
61 65 3
61 66 1
61 67 2
61 68 1
61 69 3
61 70 3
61 71 4
61 72 4
61 73 3
61 74 2
61 75 3
61 76 2
61 77 4
61 78 3
61 79 3
61 80 2
61 81 3
61 82 1
61 83 3
61 84 3
61 85 4
61 86 1
61 87 3
61 88 1
61 89 4
61 90 4
61 91 1
61 92 4
61 93 1
61 94 2
61 95 3
61 96 2
61 97 3
61 98 2
61 99 4
62 63 5
62 64 3
62 65 3
62 66 1
62 67 2
62 68 1
62 69 4
62 70 2
62 71 5
62 72 4
62 73 4
62 74 3
62 75 4
62 76 3
62 77 5
62 78 4
62 79 4
62 80 2
62 81 1
62 82 2
62 83 3
62 84 4
62 85 4
62 86 1
62 87 3
62 88 2
62 89 4
62 90 4
62 91 1
62 92 5
62 93 2
62 94 3
62 95 2
62 96 2
62 97 3
62 98 2
62 99 5
63 64 3
63 65 3
63 66 5
63 67 4
63 68 5
63 69 1
63 70 5
63 71 2
63 72 5
63 73 2
63 74 2
63 75 2
63 76 2
63 77 1
63 78 2
63 79 1
63 80 4
63 81 6
63 82 3
63 83 4
63 84 1
63 85 3
63 86 4
63 87 3
63 88 4
63 89 3
63 90 4
63 91 4
63 92 1
63 93 4
63 94 2
63 95 5
63 96 3
63 97 5
63 98 4
63 99 1
64 65 2
64 66 3
64 67 2
64 68 3
64 69 2
64 70 3
64 71 3
64 72 3
64 73 2
64 74 1
64 75 2
64 76 1
64 77 2
64 78 2
64 79 2
64 80 2
64 81 4
64 82 1
64 83 2
64 84 2
64 85 3
64 86 2
64 87 2
64 88 2
64 89 2
64 90 3
64 91 2
64 92 3
64 93 2
64 94 1
64 95 3
64 96 1
64 97 3
64 98 2
64 99 3
65 66 4
65 67 1
65 68 3
65 69 3
65 70 2
65 71 4
65 72 2
65 73 4
65 74 3
65 75 3
65 76 3
65 77 3
65 78 2
65 79 3
65 80 1
65 81 3
65 82 2
65 83 1
65 84 3
65 85 1
65 86 3
65 87 1
65 88 3
65 89 1
65 90 1
65 91 2
65 92 3
65 93 4
65 94 2
65 95 3
65 96 1
65 97 2
65 98 2
65 99 4
66 67 3
66 68 1
66 69 4
66 70 3
66 71 5
66 72 5
66 73 4
66 74 3
66 75 4
66 76 3
66 77 5
66 78 4
66 79 4
66 80 3
66 81 2
66 82 2
66 83 4
66 84 4
66 85 5
66 86 1
66 87 4
66 88 1
66 89 4
66 90 5
66 91 2
66 92 5
66 93 1
66 94 3
66 95 3
66 96 3
66 97 4
66 98 3
66 99 5
67 68 2
67 69 3
67 70 2
67 71 4
67 72 2
67 73 3
67 74 3
67 75 3
67 76 2
67 77 4
67 78 3
67 79 3
67 80 1
67 81 2
67 82 2
67 83 1
67 84 4
67 85 2
67 86 2
67 87 1
67 88 2
67 89 2
67 90 2
67 91 1
67 92 4
67 93 3
67 94 2
67 95 2
67 96 1
67 97 2
67 98 1
67 99 4
68 69 4
68 70 3
68 71 5
68 72 4
68 73 4
68 74 3
68 75 4
68 76 3
68 77 5
68 78 4
68 79 4
68 80 2
68 81 2
68 82 2
68 83 3
68 84 4
68 85 4
68 86 1
68 87 3
68 88 1
68 89 4
68 90 4
68 91 1
68 92 5
68 93 2
68 94 3
68 95 3
68 96 2
68 97 3
68 98 2
68 99 5
69 70 5
69 71 1
69 72 5
69 73 1
69 74 1
69 75 1
69 76 2
69 77 2
69 78 2
69 79 1
69 80 4
69 81 5
69 82 3
69 83 4
69 84 1
69 85 4
69 86 4
69 87 3
69 88 3
69 89 3
69 90 4
69 91 3
69 92 2
69 93 3
69 94 2
69 95 5
69 96 3
69 97 5
69 98 4
69 99 1
70 71 5
70 72 2
70 73 5
70 74 4
70 75 4
70 76 3
70 77 5
70 78 4
70 79 4
70 80 2
70 81 1
70 82 3
70 83 2
70 84 5
70 85 3
70 86 3
70 87 2
70 88 3
70 89 3
70 90 2
70 91 2
70 92 5
70 93 4
70 94 3
70 95 1
70 96 2
70 97 1
70 98 1
70 99 5
71 72 6
71 73 1
71 74 2
71 75 1
71 76 2
71 77 2
71 78 3
71 79 1
71 80 4
71 81 6
71 82 3
71 83 4
71 84 1
71 85 4
71 86 4
71 87 4
71 88 4
71 89 4
71 90 5
71 91 4
71 92 3
71 93 4
71 94 2
71 95 5
71 96 4
71 97 5
71 98 4
71 99 1
72 73 5
72 74 4
72 75 5
72 76 4
72 77 4
72 78 3
72 79 5
72 80 2
72 81 3
72 82 3
72 83 2
72 84 5
72 85 2
72 86 4
72 87 2
72 88 4
72 89 2
72 90 1
72 91 3
72 92 4
72 93 5
72 94 4
72 95 2
72 96 2
72 97 1
72 98 2
72 99 6
73 74 2
73 75 1
73 76 2
73 77 2
73 78 3
73 79 1
73 80 4
73 81 5
73 82 3
73 83 4
73 84 1
73 85 4
73 86 4
73 87 4
73 88 3
73 89 4
73 90 4
73 91 3
73 92 3
73 93 3
73 94 2
73 95 5
73 96 3
73 97 5
73 98 4
73 99 2
74 75 1
74 76 1
74 77 2
74 78 2
74 79 1
74 80 3
74 81 4
74 82 2
74 83 3
74 84 1
74 85 3
74 86 3
74 87 3
74 88 2
74 89 3
74 90 3
74 91 2
74 92 2
74 93 3
74 94 1
74 95 4
74 96 2
74 97 4
74 98 3
74 99 2
75 76 1
75 77 2
75 78 2
75 79 1
75 80 4
75 81 5
75 82 2
75 83 4
75 84 1
75 85 4
75 86 3
75 87 3
75 88 3
75 89 3
75 90 4
75 91 3
75 92 3
75 93 3
75 94 2
75 95 4
75 96 3
75 97 4
75 98 3
75 99 1
76 77 2
76 78 2
76 79 1
76 80 3
76 81 4
76 82 1
76 83 3
76 84 2
76 85 3
76 86 2
76 87 3
76 88 2
76 89 3
76 90 3
76 91 2
76 92 3
76 93 2
76 94 1
76 95 3
76 96 2
76 97 3
76 98 2
76 99 2
77 78 1
77 79 2
77 80 3
77 81 5
77 82 3
77 83 3
77 84 1
77 85 3
77 86 4
77 87 3
77 88 4
77 89 2
77 90 3
77 91 4
77 92 1
77 93 4
77 94 2
77 95 5
77 96 3
77 97 4
77 98 4
77 99 2
78 79 2
78 80 2
78 81 4
78 82 3
78 83 2
78 84 2
78 85 2
78 86 3
78 87 2
78 88 3
78 89 1
78 90 2
78 91 3
78 92 1
78 93 4
78 94 1
78 95 4
78 96 2
78 97 3
78 98 3
78 99 3
79 80 4
79 81 5
79 82 2
79 83 4
79 84 1
79 85 4
79 86 3
79 87 3
79 88 3
79 89 3
79 90 4
79 91 3
79 92 2
79 93 3
79 94 2
79 95 4
79 96 3
79 97 4
79 98 3
79 99 1
80 81 2
80 82 2
80 83 1
80 84 4
80 85 2
80 86 2
80 87 1
80 88 3
80 89 2
80 90 2
80 91 1
80 92 3
80 93 3
80 94 2
80 95 2
80 96 1
80 97 1
80 98 1
80 99 5
81 82 3
81 83 3
81 84 5
81 85 4
81 86 2
81 87 3
81 88 3
81 89 3
81 90 3
81 91 2
81 92 5
81 93 3
81 94 4
81 95 1
81 96 3
81 97 2
81 98 2
81 99 6
82 83 2
82 84 3
82 85 3
82 86 1
82 87 2
82 88 1
82 89 3
82 90 3
82 91 1
82 92 4
82 93 2
82 94 2
82 95 3
82 96 1
82 97 3
82 98 2
82 99 3
83 84 4
83 85 1
83 86 3
83 87 1
83 88 3
83 89 1
83 90 1
83 91 2
83 92 3
83 93 4
83 94 2
83 95 2
83 96 1
83 97 2
83 98 1
83 99 5
84 85 4
84 86 4
84 87 3
84 88 3
84 89 3
84 90 4
84 91 3
84 92 2
84 93 4
84 94 2
84 95 5
84 96 3
84 97 5
84 98 4
84 99 1
85 86 4
85 87 1
85 88 4
85 89 1
85 90 1
85 91 3
85 92 2
85 93 5
85 94 3
85 95 3
85 96 2
85 97 3
85 98 2
85 99 4
86 87 3
86 88 1
86 89 4
86 90 4
86 91 1
86 92 4
86 93 2
86 94 2
86 95 3
86 96 2
86 97 3
86 98 2
86 99 4
87 88 3
87 89 1
87 90 1
87 91 2
87 92 3
87 93 4
87 94 2
87 95 3
87 96 1
87 97 2
87 98 2
87 99 4
88 89 4
88 90 4
88 91 2
88 92 4
88 93 1
88 94 2
88 95 3
88 96 2
88 97 3
88 98 2
88 99 4
89 90 1
89 91 3
89 92 2
89 93 4
89 94 2
89 95 3
89 96 2
89 97 3
89 98 2
89 99 4
90 91 3
90 92 3
90 93 5
90 94 3
90 95 3
90 96 2
90 97 2
90 98 2
90 99 5
91 92 4
91 93 2
91 94 2
91 95 2
91 96 1
91 97 2
91 98 1
91 99 4
92 93 5
92 94 2
92 95 5
92 96 3
92 97 4
92 98 4
92 99 2
93 94 3
93 95 4
93 96 3
93 97 4
93 98 3
93 99 4
94 95 3
94 96 2
94 97 3
94 98 2
94 99 3
95 96 2
95 97 1
95 98 1
95 99 5
96 97 2
96 98 1
96 99 4
97 98 1
97 99 5
98 99 4
