100 
0 1 1
0 2 1
0 3 1
0 4 4
0 5 2
0 6 3
0 7 2
0 8 3
0 9 1
0 10 1
0 11 1
0 12 3
0 13 4
0 14 3
0 15 1
0 16 4
0 17 1
0 18 4
0 19 1
0 20 1
0 21 2
0 22 2
0 23 3
0 24 2
0 25 2
0 26 3
0 27 3
0 28 1
0 29 3
0 30 3
0 31 1
0 32 1
0 33 2
0 34 1
0 35 2
0 36 1
0 37 1
0 38 2
0 39 1
0 40 1
0 41 2
0 42 3
0 43 2
0 44 3
0 45 1
0 46 1
0 47 2
0 48 4
0 49 3
0 50 4
0 51 2
0 52 1
0 53 3
0 54 1
0 55 2
0 56 3
0 57 1
0 58 2
0 59 1
0 60 2
0 61 1
0 62 4
0 63 2
0 64 1
0 65 4
0 66 2
0 67 3
0 68 3
0 69 3
0 70 1
0 71 1
0 72 2
0 73 4
0 74 2
0 75 2
0 76 4
0 77 1
0 78 2
0 79 2
0 80 2
0 81 3
0 82 2
0 83 2
0 84 4
0 85 2
0 86 3
0 87 3
0 88 1
0 89 1
0 90 2
0 91 2
0 92 2
0 93 3
0 94 1
0 95 2
0 96 3
0 97 3
0 98 3
0 99 2
1 2 1
1 3 2
1 4 4
1 5 2
1 6 3
1 7 2
1 8 3
1 9 1
1 10 1
1 11 1
1 12 3
1 13 4
1 14 3
1 15 1
1 16 4
1 17 1
1 18 4
1 19 1
1 20 1
1 21 2
1 22 2
1 23 3
1 24 2
1 25 2
1 26 3
1 27 3
1 28 1
1 29 3
1 30 3
1 31 1
1 32 1
1 33 2
1 34 1
1 35 2
1 36 1
1 37 1
1 38 2
1 39 1
1 40 1
1 41 2
1 42 3
1 43 2
1 44 3
1 45 1
1 46 1
1 47 1
1 48 4
1 49 2
1 50 4
1 51 2
1 52 1
1 53 3
1 54 1
1 55 2
1 56 3
1 57 1
1 58 2
1 59 1
1 60 2
1 61 1
1 62 4
1 63 3
1 64 1
1 65 4
1 66 3
1 67 3
1 68 3
1 69 3
1 70 1
1 71 1
1 72 3
1 73 4
1 74 2
1 75 2
1 76 4
1 77 1
1 78 2
1 79 2
1 80 2
1 81 3
1 82 2
1 83 2
1 84 4
1 85 2
1 86 2
1 87 3
1 88 1
1 89 1
1 90 2
1 91 2
1 92 2
1 93 3
1 94 1
1 95 3
1 96 3
1 97 3
1 98 3
1 99 3
2 3 1
2 4 4
2 5 2
2 6 3
2 7 1
2 8 3
2 9 1
2 10 2
2 11 1
2 12 3
2 13 4
2 14 3
2 15 1
2 16 4
2 17 2
2 18 4
2 19 1
2 20 1
2 21 2
2 22 2
2 23 3
2 24 2
2 25 2
2 26 3
2 27 3
2 28 1
2 29 3
2 30 3
2 31 1
2 32 1
2 33 2
2 34 1
2 35 2
2 36 1
2 37 1
2 38 2
2 39 1
2 40 1
2 41 2
2 42 3
2 43 2
2 44 3
2 45 1
2 46 1
2 47 2
2 48 4
2 49 3
2 50 4
2 51 2
2 52 1
2 53 3
2 54 1
2 55 2
2 56 3
2 57 1
2 58 2
2 59 1
2 60 2
2 61 1
2 62 4
2 63 2
2 64 1
2 65 4
2 66 2
2 67 3
2 68 3
2 69 3
2 70 1
2 71 1
2 72 2
2 73 4
2 74 2
2 75 2
2 76 4
2 77 1
2 78 3
2 79 2
2 80 2
2 81 3
2 82 2
2 83 2
2 84 4
2 85 2
2 86 3
2 87 3
2 88 1
2 89 1
2 90 2
2 91 2
2 92 2
2 93 3
2 94 1
2 95 2
2 96 3
2 97 3
2 98 3
2 99 2
3 4 3
3 5 2
3 6 2
3 7 1
3 8 3
3 9 2
3 10 2
3 11 1
3 12 2
3 13 3
3 14 4
3 15 2
3 16 4
3 17 2
3 18 3
3 19 2
3 20 2
3 21 3
3 22 3
3 23 2
3 24 2
3 25 1
3 26 2
3 27 2
3 28 1
3 29 4
3 30 3
3 31 1
3 32 2
3 33 1
3 34 1
3 35 3
3 36 2
3 37 1
3 38 2
3 39 2
3 40 2
3 41 2
3 42 2
3 43 2
3 44 3
3 45 2
3 46 1
3 47 2
3 48 3
3 49 3
3 50 3
3 51 1
3 52 2
3 53 4
3 54 2
3 55 2
3 56 2
3 57 1
3 58 2
3 59 1
3 60 1
3 61 1
3 62 3
3 63 1
3 64 1
3 65 4
3 66 1
3 67 2
3 68 3
3 69 2
3 70 2
3 71 1
3 72 1
3 73 3
3 74 1
3 75 3
3 76 3
3 77 1
3 78 3
3 79 3
3 80 1
3 81 3
3 82 3
3 83 3
3 84 3
3 85 3
3 86 3
3 87 2
3 88 1
3 89 1
3 90 1
3 91 2
3 92 1
3 93 3
3 94 1
3 95 1
3 96 2
3 97 2
3 98 3
3 99 1
4 5 3
4 6 2
4 7 4
4 8 1
4 9 5
4 10 3
4 11 3
4 12 1
4 13 3
4 14 2
4 15 4
4 16 2
4 17 4
4 18 2
4 19 3
4 20 5
4 21 5
4 22 5
4 23 2
4 24 3
4 25 2
4 26 3
4 27 3
4 28 3
4 29 2
4 30 1
4 31 4
4 32 3
4 33 3
4 34 3
4 35 2
4 36 4
4 37 3
4 38 2
4 39 5
4 40 4
4 41 2
4 42 4
4 43 2
4 44 3
4 45 4
4 46 4
4 47 4
4 48 3
4 49 3
4 50 1
4 51 2
4 52 4
4 53 2
4 54 4
4 55 2
4 56 2
4 57 3
4 58 2
4 59 4
4 60 3
4 61 4
4 62 1
4 63 3
4 64 3
4 65 1
4 66 4
4 67 3
4 68 1
4 69 2
4 70 4
4 71 3
4 72 4
4 73 2
4 74 3
4 75 5
4 76 3
4 77 3
4 78 4
4 79 5
4 80 3
4 81 1
4 82 4
4 83 2
4 84 3
4 85 4
4 86 3
4 87 2
4 88 4
4 89 4
4 90 4
4 91 2
4 92 2
4 93 2
4 94 4
4 95 3
4 96 3
4 97 3
4 98 1
4 99 4
5 6 3
5 7 3
5 8 2
5 9 2
5 10 1
5 11 2
5 12 2
5 13 4
5 14 2
5 15 2
5 16 3
5 17 2
5 18 3
5 19 1
5 20 3
5 21 3
5 22 2
5 23 2
5 24 1
5 25 2
5 26 3
5 27 3
5 28 1
5 29 2
5 30 2
5 31 2
5 32 1
5 33 3
5 34 2
5 35 1
5 36 2
5 37 1
5 38 1
5 39 3
5 40 2
5 41 1
5 42 3
5 43 1
5 44 1
5 45 2
5 46 2
5 47 1
5 48 3
5 49 1
5 50 3
5 51 2
5 52 2
5 53 2
5 54 2
5 55 2
5 56 2
5 57 2
5 58 2
5 59 2
5 60 2
5 61 2
5 62 3
5 63 3
5 64 2
5 65 3
5 66 3
5 67 3
5 68 2
5 69 3
5 70 2
5 71 1
5 72 3
5 73 3
5 74 2
5 75 2
5 76 4
5 77 1
5 78 2
5 79 3
5 80 3
5 81 3
5 82 2
5 83 1
5 84 4
5 85 2
5 86 1
5 87 2
5 88 2
5 89 2
5 90 3
5 91 2
5 92 2
5 93 1
5 94 3
5 95 3
5 96 3
5 97 3
5 98 2
5 99 3
6 7 3
6 8 1
6 9 4
6 10 2
6 11 2
6 12 1
6 13 1
6 14 3
6 15 4
6 16 3
6 17 4
6 18 1
6 19 3
6 20 4
6 21 4
6 22 4
6 23 1
6 24 3
6 25 1
6 26 1
6 27 2
6 28 3
6 29 3
6 30 2
6 31 3
6 32 3
6 33 2
6 34 2
6 35 3
6 36 4
6 37 2
6 38 2
6 39 4
6 40 4
6 41 2
6 42 2
6 43 2
6 44 4
6 45 3
6 46 3
6 47 4
6 48 1
6 49 4
6 50 2
6 51 2
6 52 3
6 53 3
6 54 4
6 55 1
6 56 1
6 57 2
6 58 1
6 59 3
6 60 2
6 61 3
6 62 2
6 63 2
6 64 2
6 65 2
6 66 3
6 67 1
6 68 2
6 69 1
6 70 3
6 71 2
6 72 3
6 73 1
6 74 2
6 75 5
6 76 1
6 77 2
6 78 4
6 79 4
6 80 2
6 81 1
6 82 4
6 83 3
6 84 1
6 85 4
6 86 4
6 87 1
6 88 3
6 89 3
6 90 3
6 91 1
6 92 1
6 93 3
6 94 3
6 95 2
6 96 1
6 97 2
6 98 2
6 99 3
7 8 3
7 9 2
7 10 2
7 11 1
7 12 3
7 13 4
7 14 4
7 15 2
7 16 5
7 17 2
7 18 3
7 19 2
7 20 2
7 21 2
7 22 3
7 23 2
7 24 3
7 25 2
7 26 3
7 27 2
7 28 2
7 29 4
7 30 4
7 31 1
7 32 2
7 33 2
7 34 1
7 35 3
7 36 2
7 37 2
7 38 3
7 39 2
7 40 2
7 41 2
7 42 2
7 43 3
7 44 4
7 45 1
7 46 1
7 47 3
7 48 3
7 49 4
7 50 4
7 51 2
7 52 2
7 53 4
7 54 2
7 55 3
7 56 3
7 57 1
7 58 3
7 59 1
7 60 1
7 61 1
7 62 4
7 63 2
7 64 1
7 65 4
7 66 1
7 67 2
7 68 3
7 69 3
7 70 1
7 71 2
7 72 1
7 73 3
7 74 1
7 75 3
7 76 4
7 77 2
7 78 3
7 79 3
7 80 2
7 81 4
7 82 3
7 83 3
7 84 4
7 85 3
7 86 4
7 87 3
7 88 1
7 89 1
7 90 1
7 91 2
7 92 2
7 93 4
7 94 1
7 95 2
7 96 3
7 97 3
7 98 4
7 99 1
8 9 4
8 10 2
8 11 2
8 12 1
8 13 2
8 14 2
8 15 3
8 16 2
8 17 3
8 18 2
8 19 2
8 20 4
8 21 4
8 22 4
8 23 1
8 24 2
8 25 2
8 26 2
8 27 3
8 28 2
8 29 2
8 30 1
8 31 3
8 32 2
8 33 2
8 34 3
8 35 2
8 36 3
8 37 2
8 38 1
8 39 4
8 40 3
8 41 1
8 42 3
8 43 1
8 44 3
8 45 3
8 46 3
8 47 3
8 48 2
8 49 3
8 50 1
8 51 2
8 52 3
8 53 2
8 54 3
8 55 1
8 56 1
8 57 2
8 58 1
8 59 3
8 60 2
8 61 3
8 62 1
8 63 3
8 64 2
8 65 1
8 66 3
8 67 2
8 68 1
8 69 1
8 70 3
8 71 2
8 72 3
8 73 2
8 74 3
8 75 4
8 76 2
8 77 2
8 78 3
8 79 4
8 80 2
8 81 1
8 82 3
8 83 2
8 84 2
8 85 3
8 86 3
8 87 1
8 88 3
8 89 3
8 90 4
8 91 1
8 92 2
8 93 2
8 94 4
8 95 3
8 96 2
8 97 2
8 98 1
8 99 4
9 10 2
9 11 2
9 12 4
9 13 5
9 14 3
9 15 1
9 16 4
9 17 1
9 18 5
9 19 2
9 20 1
9 21 1
9 22 1
9 23 4
9 24 2
9 25 3
9 26 4
9 27 4
9 28 2
9 29 3
9 30 4
9 31 2
9 32 2
9 33 3
9 34 2
9 35 3
9 36 1
9 37 2
9 38 3
9 39 1
9 40 1
9 41 3
9 42 4
9 43 3
9 44 3
9 45 1
9 46 2
9 47 1
9 48 5
9 49 2
9 50 5
9 51 3
9 52 1
9 53 4
9 54 1
9 55 3
9 56 4
9 57 2
9 58 3
9 59 1
9 60 3
9 61 2
9 62 5
9 63 3
9 64 2
9 65 5
9 66 3
9 67 4
9 68 4
9 69 4
9 70 1
9 71 2
9 72 3
9 73 5
9 74 3
9 75 1
9 76 5
9 77 2
9 78 2
9 79 1
9 80 3
9 81 4
9 82 1
9 83 3
9 84 5
9 85 1
9 86 2
9 87 4
9 88 2
9 89 2
9 90 3
9 91 3
9 92 3
9 93 3
9 94 2
9 95 3
9 96 4
9 97 4
9 98 4
9 99 3
10 11 1
10 12 2
10 13 3
10 14 2
10 15 2
10 16 3
10 17 2
10 18 3
10 19 1
10 20 2
10 21 3
10 22 3
10 23 2
10 24 1
10 25 1
10 26 2
10 27 2
10 28 1
10 29 2
10 30 2
10 31 2
10 32 1
10 33 2
10 34 1
10 35 1
10 36 2
10 37 1
10 38 1
10 39 2
10 40 2
10 41 1
10 42 3
10 43 1
10 44 2
10 45 2
10 46 1
10 47 2
10 48 3
10 49 2
10 50 3
10 51 1
10 52 2
10 53 2
10 54 2
10 55 1
10 56 2
10 57 1
10 58 1
10 59 2
10 60 1
10 61 2
10 62 3
10 63 2
10 64 1
10 65 3
10 66 2
10 67 2
10 68 2
10 69 2
10 70 2
10 71 1
10 72 3
10 73 3
10 74 2
10 75 3
10 76 3
10 77 1
10 78 2
10 79 3
10 80 2
10 81 2
10 82 2
10 83 2
10 84 3
10 85 2
10 86 2
10 87 2
10 88 1
10 89 2
10 90 2
10 91 1
10 92 1
10 93 2
10 94 2
10 95 2
10 96 2
10 97 2
10 98 2
10 99 3
11 12 2
11 13 3
11 14 3
11 15 2
11 16 4
11 17 2
11 18 3
11 19 1
11 20 2
11 21 3
11 22 3
11 23 2
11 24 2
11 25 1
11 26 2
11 27 2
11 28 1
11 29 3
11 30 3
11 31 1
11 32 1
11 33 1
11 34 1
11 35 2
11 36 2
11 37 1
11 38 2
11 39 2
11 40 2
11 41 1
11 42 2
11 43 2
11 44 3
11 45 2
11 46 1
11 47 2
11 48 3
11 49 3
11 50 3
11 51 1
11 52 2
11 53 3
11 54 2
11 55 2
11 56 2
11 57 1
11 58 2
11 59 1
11 60 1
11 61 1
11 62 3
11 63 2
11 64 1
11 65 3
11 66 2
11 67 2
11 68 2
11 69 2
11 70 2
11 71 1
11 72 2
11 73 3
11 74 1
11 75 3
11 76 3
11 77 1
11 78 3
11 79 3
11 80 1
11 81 3
11 82 3
11 83 2
11 84 3
11 85 3
11 86 3
11 87 2
11 88 1
11 89 2
11 90 2
11 91 1
11 92 1
11 93 3
11 94 2
11 95 2
11 96 2
11 97 2
11 98 3
11 99 2
12 13 2
12 14 3
12 15 3
12 16 3
12 17 3
12 18 1
12 19 2
12 20 4
12 21 4
12 22 4
12 23 1
12 24 2
12 25 1
12 26 2
12 27 2
12 28 2
12 29 3
12 30 2
12 31 3
12 32 2
12 33 2
12 34 2
12 35 2
12 36 3
12 37 2
12 38 1
12 39 4
12 40 3
12 41 1
12 42 3
12 43 1
12 44 3
12 45 3
12 46 3
12 47 3
12 48 2
12 49 3
12 50 1
12 51 1
12 52 3
12 53 2
12 54 3
12 55 1
12 56 1
12 57 2
12 58 1
12 59 3
12 60 2
12 61 3
12 62 1
12 63 2
12 64 2
12 65 2
12 66 3
12 67 2
12 68 1
12 69 1
12 70 3
12 71 2
12 72 3
12 73 1
12 74 2
12 75 4
12 76 2
12 77 2
12 78 3
12 79 4
12 80 2
12 81 1
12 82 3
12 83 2
12 84 2
12 85 3
12 86 3
12 87 1
12 88 3
12 89 3
12 90 3
12 91 1
12 92 1
12 93 2
12 94 3
12 95 2
12 96 2
12 97 2
12 98 1
12 99 3
13 14 4
13 15 5
13 16 4
13 17 5
13 18 1
13 19 4
13 20 5
13 21 5
13 22 5
13 23 2
13 24 4
13 25 2
13 26 2
13 27 3
13 28 4
13 29 4
13 30 3
13 31 4
13 32 4
13 33 3
13 34 3
13 35 4
13 36 5
13 37 3
13 38 3
13 39 5
13 40 5
13 41 3
13 42 3
13 43 3
13 44 5
13 45 4
13 46 4
13 47 5
13 48 1
13 49 5
13 50 3
13 51 3
13 52 4
13 53 4
13 54 5
13 55 2
13 56 2
13 57 3
13 58 2
13 59 4
13 60 3
13 61 4
13 62 3
13 63 3
13 64 3
13 65 3
13 66 4
13 67 2
13 68 3
13 69 1
13 70 4
13 71 3
13 72 4
13 73 1
13 74 3
13 75 6
13 76 1
13 77 3
13 78 5
13 79 5
13 80 3
13 81 2
13 82 5
13 83 4
13 84 1
13 85 5
13 86 5
13 87 2
13 88 4
13 89 4
13 90 4
13 91 2
13 92 2
13 93 4
13 94 4
13 95 3
13 96 2
13 97 2
13 98 3
13 99 4
14 15 3
14 16 1
14 17 3
14 18 4
14 19 3
14 20 4
14 21 4
14 22 3
14 23 3
14 24 2
14 25 3
14 26 4
14 27 4
14 28 3
14 29 1
14 30 1
14 31 4
14 32 2
14 33 4
14 34 3
14 35 1
14 36 4
14 37 3
14 38 2
14 39 4
14 40 3
14 41 2
14 42 5
14 43 2
14 44 1
14 45 4
14 46 3
14 47 2
14 48 4
14 49 1
14 50 2
14 51 3
14 52 3
14 53 1
14 54 4
14 55 3
14 56 3
14 57 3
14 58 3
14 59 3
14 60 3
14 61 4
14 62 2
14 63 4
14 64 3
14 65 2
14 66 4
14 67 4
14 68 2
14 69 3
14 70 4
14 71 3
14 72 5
14 73 4
14 74 4
14 75 3
14 76 4
14 77 3
14 78 2
14 79 3
14 80 4
14 81 3
14 82 2
14 83 1
14 84 4
14 85 2
14 86 1
14 87 3
14 88 3
14 89 4
14 90 4
14 91 3
14 92 3
14 93 1
14 94 4
14 95 4
14 96 4
14 97 4
14 98 2
14 99 5
15 16 4
15 17 1
15 18 4
15 19 1
15 20 1
15 21 1
15 22 1
15 23 3
15 24 1
15 25 3
15 26 4
15 27 3
15 28 1
15 29 3
15 30 3
15 31 2
15 32 1
15 33 3
15 34 2
15 35 2
15 36 1
15 37 2
15 38 2
15 39 1
15 40 1
15 41 2
15 42 3
15 43 2
15 44 2
15 45 1
15 46 1
15 47 1
15 48 4
15 49 2
15 50 4
15 51 3
15 52 1
15 53 3
15 54 1
15 55 3
15 56 3
15 57 2
15 58 3
15 59 1
15 60 2
15 61 1
15 62 4
15 63 3
15 64 2
15 65 4
15 66 3
15 67 3
15 68 3
15 69 4
15 70 1
15 71 2
15 72 3
15 73 4
15 74 2
15 75 1
15 76 5
15 77 2
15 78 2
15 79 1
15 80 3
15 81 4
15 82 1
15 83 2
15 84 5
15 85 1
15 86 2
15 87 3
15 88 2
15 89 1
15 90 3
15 91 3
15 92 3
15 93 2
15 94 2
15 95 3
15 96 4
15 97 4
15 98 3
15 99 3
16 17 4
16 18 4
16 19 3
16 20 5
16 21 5
16 22 4
16 23 3
16 24 3
16 25 4
16 26 4
16 27 5
16 28 3
16 29 1
16 30 1
16 31 4
16 32 3
16 33 4
16 34 4
16 35 2
16 36 4
16 37 3
16 38 2
16 39 5
16 40 4
16 41 3
16 42 5
16 43 2
16 44 2
16 45 4
16 46 4
16 47 3
16 48 4
16 49 2
16 50 2
16 51 4
16 52 4
16 53 1
16 54 4
16 55 3
16 56 3
16 57 4
16 58 3
16 59 4
16 60 4
16 61 4
16 62 2
16 63 5
16 64 4
16 65 2
16 66 5
16 67 4
16 68 2
16 69 3
16 70 4
16 71 3
16 72 5
16 73 4
16 74 4
16 75 4
16 76 4
16 77 3
16 78 3
16 79 4
16 80 4
16 81 3
16 82 3
16 83 2
16 84 4
16 85 3
16 86 2
16 87 3
16 88 4
16 89 4
16 90 5
16 91 3
16 92 4
16 93 2
16 94 5
16 95 5
16 96 4
16 97 4
16 98 2
16 99 5
17 18 4
17 19 1
17 20 1
17 21 1
17 22 1
17 23 3
17 24 1
17 25 3
17 26 4
17 27 4
17 28 1
17 29 3
17 30 3
17 31 2
17 32 2
17 33 3
17 34 2
17 35 2
17 36 1
17 37 2
17 38 2
17 39 2
17 40 1
17 41 2
17 42 4
17 43 2
17 44 2
17 45 2
17 46 2
17 47 1
17 48 4
17 49 2
17 50 4
17 51 3
17 52 1
17 53 3
17 54 1
17 55 3
17 56 3
17 57 2
17 58 3
17 59 1
17 60 3
17 61 2
17 62 4
17 63 3
17 64 2
17 65 4
17 66 3
17 67 4
17 68 3
17 69 4
17 70 2
17 71 2
17 72 3
17 73 4
17 74 3
17 75 1
17 76 5
17 77 2
17 78 1
17 79 1
17 80 3
17 81 4
17 82 1
17 83 2
17 84 5
17 85 1
17 86 2
17 87 3
17 88 2
17 89 2
17 90 3
17 91 3
17 92 3
17 93 2
17 94 2
17 95 3
17 96 4
17 97 4
17 98 3
17 99 3
18 19 3
18 20 5
18 21 5
18 22 5
18 23 1
18 24 3
18 25 2
18 26 2
18 27 2
18 28 3
18 29 4
18 30 3
18 31 3
18 32 3
18 33 2
18 34 3
18 35 3
18 36 4
18 37 3
18 38 2
18 39 4
18 40 4
18 41 2
18 42 3
18 43 2
18 44 4
18 45 4
18 46 3
18 47 4
18 48 1
18 49 4
18 50 2
18 51 2
18 52 4
18 53 3
18 54 4
18 55 2
18 56 1
18 57 3
18 58 2
18 59 4
18 60 2
18 61 4
18 62 2
18 63 3
18 64 3
18 65 2
18 66 3
18 67 2
18 68 2
18 69 1
18 70 4
18 71 3
18 72 3
18 73 1
18 74 3
18 75 5
18 76 1
18 77 3
18 78 4
18 79 5
18 80 2
18 81 1
18 82 4
18 83 3
18 84 1
18 85 4
18 86 4
18 87 1
18 88 3
18 89 4
18 90 4
18 91 2
18 92 2
18 93 3
18 94 4
18 95 3
18 96 1
18 97 2
18 98 2
18 99 4
19 20 2
19 21 2
19 22 2
19 23 2
19 24 1
19 25 2
19 26 3
19 27 3
19 28 1
19 29 3
19 30 2
19 31 1
19 32 1
19 33 2
19 34 1
19 35 2
19 36 1
19 37 1
19 38 2
19 39 2
19 40 1
19 41 1
19 42 3
19 43 1
19 44 2
19 45 1
19 46 1
19 47 1
19 48 3
19 49 2
19 50 3
19 51 2
19 52 1
19 53 3
19 54 1
19 55 2
19 56 2
19 57 1
19 58 2
19 59 1
19 60 2
19 61 1
19 62 3
19 63 3
19 64 1
19 65 3
19 66 3
19 67 3
19 68 2
19 69 3
19 70 1
19 71 1
19 72 3
19 73 3
19 74 2
19 75 2
19 76 4
19 77 1
19 78 2
19 79 2
19 80 2
19 81 3
19 82 2
19 83 2
19 84 4
19 85 2
19 86 2
19 87 2
19 88 1
19 89 1
19 90 2
19 91 2
19 92 2
19 93 2
19 94 2
19 95 3
19 96 3
19 97 3
19 98 2
19 99 3
20 21 1
20 22 1
20 23 4
20 24 2
20 25 3
20 26 4
20 27 4
20 28 2
20 29 4
20 30 4
20 31 2
20 32 2
20 33 3
20 34 2
20 35 3
20 36 1
20 37 2
20 38 3
20 39 1
20 40 1
20 41 3
20 42 4
20 43 3
20 44 3
20 45 1
20 46 2
20 47 2
20 48 5
20 49 3
20 50 5
20 51 3
20 52 1
20 53 4
20 54 1
20 55 3
20 56 4
20 57 2
20 58 3
20 59 1
20 60 3
20 61 2
20 62 5
20 63 3
20 64 2
20 65 5
20 66 3
20 67 4
20 68 4
20 69 4
20 70 1
20 71 2
20 72 3
20 73 5
20 74 3
20 75 1
20 76 5
20 77 2
20 78 2
20 79 1
20 80 3
20 81 4
20 82 2
20 83 3
20 84 5
20 85 2
20 86 3
20 87 4
20 88 2
20 89 1
20 90 3
20 91 3
20 92 3
20 93 3
20 94 2
20 95 3
20 96 4
20 97 4
20 98 4
20 99 3
21 22 1
21 23 4
21 24 2
21 25 3
21 26 4
21 27 4
21 28 2
21 29 4
21 30 4
21 31 2
21 32 2
21 33 3
21 34 2
21 35 3
21 36 1
21 37 3
21 38 3
21 39 1
21 40 1
21 41 3
21 42 4
21 43 3
21 44 3
21 45 1
21 46 2
21 47 2
21 48 5
21 49 3
21 50 5
21 51 3
21 52 1
21 53 4
21 54 1
21 55 4
21 56 4
21 57 3
21 58 3
21 59 2
21 60 3
21 61 2
21 62 5
21 63 4
21 64 3
21 65 5
21 66 3
21 67 4
21 68 4
21 69 4
21 70 2
21 71 2
21 72 3
21 73 5
21 74 3
21 75 1
21 76 5
21 77 3
21 78 2
21 79 1
21 80 3
21 81 5
21 82 2
21 83 3
21 84 5
21 85 2
21 86 3
21 87 4
21 88 2
21 89 2
21 90 3
21 91 3
21 92 3
21 93 3
21 94 2
21 95 4
21 96 4
21 97 4
21 98 4
21 99 3
22 23 4
22 24 2
22 25 3
22 26 4
22 27 4
22 28 2
22 29 3
22 30 4
22 31 2
22 32 2
22 33 4
22 34 3
22 35 3
22 36 1
22 37 3
22 38 3
22 39 2
22 40 1
22 41 3
22 42 4
22 43 3
22 44 3
22 45 2
22 46 2
22 47 1
22 48 5
22 49 2
22 50 5
22 51 3
22 52 1
22 53 4
22 54 1
22 55 4
22 56 4
22 57 3
22 58 3
22 59 2
22 60 3
22 61 2
22 62 5
22 63 4
22 64 3
22 65 5
22 66 4
22 67 4
22 68 4
22 69 4
22 70 2
22 71 2
22 72 4
22 73 5
22 74 3
22 75 1
22 76 5
22 77 3
22 78 1
22 79 1
22 80 4
22 81 5
22 82 1
22 83 3
22 84 5
22 85 1
22 86 2
22 87 4
22 88 2
22 89 2
22 90 3
22 91 3
22 92 3
22 93 3
22 94 2
22 95 4
22 96 4
22 97 4
22 98 4
22 99 4
23 24 3
23 25 1
23 26 1
23 27 2
23 28 2
23 29 3
23 30 2
23 31 2
23 32 2
23 33 1
23 34 2
23 35 2
23 36 3
23 37 2
23 38 2
23 39 3
23 40 3
23 41 1
23 42 2
23 43 2
23 44 3
23 45 3
23 46 2
23 47 3
23 48 1
23 49 3
23 50 2
23 51 1
23 52 3
23 53 3
23 54 3
23 55 1
23 56 1
23 57 2
23 58 1
23 59 3
23 60 1
23 61 3
23 62 2
23 63 2
23 64 2
23 65 2
23 66 2
23 67 1
23 68 2
23 69 1
23 70 3
23 71 2
23 72 2
23 73 1
23 74 2
23 75 4
23 76 2
23 77 2
23 78 4
23 79 4
23 80 1
23 81 2
23 82 4
23 83 2
23 84 2
23 85 4
23 86 3
23 87 1
23 88 2
23 89 3
23 90 3
23 91 1
23 92 1
23 93 3
23 94 3
23 95 2
23 96 1
23 97 1
23 98 2
23 99 3
24 25 2
24 26 3
24 27 3
24 28 1
24 29 2
24 30 2
24 31 2
24 32 1
24 33 3
24 34 2
24 35 1
24 36 2
24 37 2
24 38 1
24 39 2
24 40 2
24 41 2
24 42 4
24 43 1
24 44 1
24 45 2
24 46 2
24 47 1
24 48 4
24 49 1
24 50 3
24 51 2
24 52 2
24 53 2
24 54 2
24 55 2
24 56 2
24 57 2
24 58 2
24 59 2
24 60 2
24 61 2
24 62 3
24 63 3
24 64 2
24 65 3
24 66 3
24 67 3
24 68 2
24 69 3
24 70 2
24 71 2
24 72 3
24 73 3
24 74 3
24 75 2
24 76 4
24 77 2
24 78 1
24 79 2
24 80 3
24 81 3
24 82 1
24 83 1
24 84 4
24 85 1
24 86 1
24 87 3
24 88 2
24 89 2
24 90 3
24 91 2
24 92 2
24 93 1
24 94 3
24 95 3
24 96 3
24 97 3
24 98 2
24 99 3
25 26 1
25 27 1
25 28 2
25 29 3
25 30 3
25 31 2
25 32 2
25 33 1
25 34 1
25 35 2
25 36 3
25 37 1
25 38 2
25 39 3
25 40 3
25 41 1
25 42 2
25 43 2
25 44 3
25 45 2
25 46 2
25 47 3
25 48 2
25 49 3
25 50 2
25 51 1
25 52 2
25 53 3
25 54 3
25 55 1
25 56 1
25 57 1
25 58 1
25 59 2
25 60 1
25 61 2
25 62 2
25 63 1
25 64 1
25 65 3
25 66 2
25 67 1
25 68 2
25 69 1
25 70 2
25 71 1
25 72 2
25 73 2
25 74 1
25 75 4
25 76 2
25 77 1
25 78 3
25 79 3
25 80 1
25 81 2
25 82 3
25 83 2
25 84 2
25 85 3
25 86 3
25 87 1
25 88 2
25 89 2
25 90 2
25 91 1
25 92 1
25 93 3
25 94 2
25 95 1
25 96 1
25 97 1
25 98 2
25 99 2
26 27 1
26 28 3
26 29 4
26 30 3
26 31 3
26 32 3
26 33 1
26 34 2
26 35 3
26 36 4
26 37 2
26 38 2
26 39 4
26 40 4
26 41 2
26 42 2
26 43 2
26 44 4
26 45 3
26 46 3
26 47 4
26 48 1
26 49 4
26 50 3
26 51 1
26 52 3
26 53 4
26 54 4
26 55 2
26 56 2
26 57 2
26 58 2
26 59 3
26 60 2
26 61 3
26 62 3
26 63 1
26 64 2
26 65 3
26 66 2
26 67 1
26 68 3
26 69 1
26 70 3
26 71 2
26 72 2
26 73 2
26 74 2
26 75 5
26 76 2
26 77 2
26 78 4
26 79 4
26 80 1
26 81 2
26 82 4
26 83 3
26 84 1
26 85 4
26 86 4
26 87 2
26 88 3
26 89 3
26 90 3
26 91 1
26 92 1
26 93 3
26 94 3
26 95 1
26 96 1
26 97 1
26 98 3
26 99 2
27 28 3
27 29 4
27 30 4
27 31 2
27 32 3
27 33 1
27 34 2
27 35 3
27 36 3
27 37 2
27 38 3
27 39 3
27 40 3
27 41 2
27 42 1
27 43 3
27 44 4
27 45 3
27 46 2
27 47 4
27 48 2
27 49 4
27 50 3
27 51 1
27 52 3
27 53 4
27 54 3
27 55 2
27 56 2
27 57 2
27 58 2
27 59 3
27 60 1
27 61 3
27 62 3
27 63 1
27 64 2
27 65 4
27 66 1
27 67 1
27 68 3
27 69 2
27 70 3
27 71 2
27 72 1
27 73 2
27 74 1
27 75 4
27 76 3
27 77 2
27 78 4
27 79 4
27 80 1
27 81 3
27 82 4
27 83 3
27 84 2
27 85 4
27 86 4
27 87 2
27 88 2
27 89 3
27 90 2
27 91 2
27 92 2
27 93 4
27 94 3
27 95 1
27 96 1
27 97 1
27 98 3
27 99 2
28 29 3
28 30 2
28 31 1
28 32 1
28 33 2
28 34 1
28 35 2
28 36 1
28 37 1
28 38 2
28 39 2
28 40 1
28 41 1
28 42 3
28 43 1
28 44 2
28 45 1
28 46 1
28 47 1
28 48 3
28 49 2
28 50 3
28 51 2
28 52 1
28 53 3
28 54 1
28 55 2
28 56 2
28 57 1
28 58 2
28 59 1
28 60 2
28 61 1
28 62 3
28 63 2
28 64 1
28 65 3
28 66 2
28 67 3
28 68 2
28 69 3
28 70 1
28 71 1
28 72 2
28 73 3
28 74 2
28 75 2
28 76 4
28 77 1
28 78 2
28 79 2
28 80 2
28 81 3
28 82 2
28 83 2
28 84 4
28 85 2
28 86 2
28 87 2
28 88 1
28 89 1
28 90 2
28 91 2
28 92 2
28 93 2
28 94 2
28 95 2
28 96 3
28 97 3
28 98 2
28 99 2
29 30 1
29 31 4
29 32 2
29 33 4
29 34 3
29 35 1
29 36 4
29 37 3
29 38 2
29 39 4
29 40 3
29 41 2
29 42 5
29 43 2
29 44 1
29 45 4
29 46 3
29 47 2
29 48 4
29 49 1
29 50 2
29 51 3
29 52 3
29 53 1
29 54 4
29 55 3
29 56 3
29 57 3
29 58 3
29 59 3
29 60 3
29 61 4
29 62 2
29 63 4
29 64 3
29 65 2
29 66 4
29 67 4
29 68 2
29 69 3
29 70 4
29 71 3
29 72 5
29 73 4
29 74 4
29 75 3
29 76 4
29 77 3
29 78 2
29 79 3
29 80 4
29 81 3
29 82 2
29 83 1
29 84 4
29 85 2
29 86 1
29 87 3
29 88 3
29 89 4
29 90 4
29 91 3
29 92 3
29 93 1
29 94 4
29 95 4
29 96 4
29 97 4
29 98 2
29 99 5
30 31 3
30 32 2
30 33 3
30 34 3
30 35 1
30 36 3
30 37 2
30 38 1
30 39 4
30 40 3
30 41 2
30 42 4
30 43 1
30 44 2
30 45 3
30 46 3
30 47 3
30 48 3
30 49 2
30 50 1
30 51 3
30 52 3
30 53 1
30 54 3
30 55 2
30 56 2
30 57 3
30 58 2
30 59 3
30 60 3
30 61 3
30 62 1
30 63 4
30 64 3
30 65 1
30 66 4
30 67 3
30 68 1
30 69 2
30 70 3
30 71 2
30 72 4
30 73 3
30 74 3
30 75 4
30 76 3
30 77 2
30 78 3
30 79 4
30 80 3
30 81 2
30 82 3
30 83 1
30 84 3
30 85 3
30 86 2
30 87 2
30 88 3
30 89 3
30 90 4
30 91 2
30 92 3
30 93 1
30 94 4
30 95 4
30 96 3
30 97 3
30 98 1
30 99 4
31 32 2
31 33 2
31 34 1
31 35 3
31 36 1
31 37 1
31 38 2
31 39 1
31 40 2
31 41 2
31 42 2
31 43 2
31 44 3
31 45 1
31 46 1
31 47 2
31 48 3
31 49 3
31 50 4
31 51 2
31 52 1
31 53 4
31 54 1
31 55 2
31 56 3
31 57 1
31 58 2
31 59 1
31 60 1
31 61 1
31 62 4
31 63 2
31 64 1
31 65 4
31 66 2
31 67 2
31 68 3
31 69 3
31 70 1
31 71 1
31 72 2
31 73 3
31 74 1
31 75 3
31 76 4
31 77 1
31 78 3
31 79 2
31 80 2
31 81 3
31 82 3
31 83 3
31 84 4
31 85 3
31 86 3
31 87 3
31 88 1
31 89 1
31 90 1
31 91 2
31 92 2
31 93 3
31 94 1
31 95 2
31 96 3
31 97 3
31 98 3
31 99 2
32 33 2
32 34 2
32 35 1
32 36 2
32 37 1
32 38 1
32 39 2
32 40 2
32 41 1
32 42 3
32 43 1
32 44 2
32 45 2
32 46 1
32 47 1
32 48 3
32 49 2
32 50 3
32 51 2
32 52 1
32 53 2
32 54 2
32 55 2
32 56 2
32 57 1
32 58 2
32 59 1
32 60 2
32 61 2
32 62 3
32 63 3
32 64 1
32 65 3
32 66 3
32 67 3
32 68 2
32 69 3
32 70 2
32 71 1
32 72 3
32 73 3
32 74 2
32 75 2
32 76 4
32 77 1
32 78 2
32 79 2
32 80 2
32 81 3
32 82 2
32 83 1
32 84 4
32 85 2
32 86 2
32 87 2
32 88 2
32 89 2
32 90 3
32 91 2
32 92 2
32 93 2
32 94 2
32 95 3
32 96 3
32 97 3
32 98 2
32 99 3
33 34 1
33 35 3
33 36 3
33 37 2
33 38 2
33 39 3
33 40 3
33 41 2
33 42 1
33 43 2
33 44 4
33 45 2
33 46 2
33 47 3
33 48 2
33 49 4
33 50 3
33 51 1
33 52 3
33 53 4
33 54 3
33 55 2
33 56 2
33 57 1
33 58 2
33 59 2
33 60 1
33 61 2
33 62 3
33 63 1
33 64 1
33 65 3
33 66 1
33 67 1
33 68 3
33 69 2
33 70 2
33 71 2
33 72 1
33 73 2
33 74 1
33 75 4
33 76 3
33 77 2
33 78 4
33 79 4
33 80 1
33 81 3
33 82 4
33 83 3
33 84 2
33 85 4
33 86 4
33 87 2
33 88 2
33 89 2
33 90 2
33 91 1
33 92 1
33 93 3
33 94 2
33 95 1
33 96 1
33 97 1
33 98 3
33 99 2
34 35 2
34 36 2
34 37 1
34 38 2
34 39 2
34 40 2
34 41 2
34 42 2
34 43 2
34 44 3
34 45 1
34 46 1
34 47 2
34 48 3
34 49 3
34 50 3
34 51 1
34 52 2
34 53 3
34 54 2
34 55 2
34 56 2
34 57 1
34 58 2
34 59 1
34 60 1
34 61 1
34 62 3
34 63 2
34 64 1
34 65 4
34 66 2
34 67 2
34 68 3
34 69 2
34 70 1
34 71 1
34 72 2
34 73 3
34 74 1
34 75 3
34 76 3
34 77 1
34 78 3
34 79 3
34 80 1
34 81 3
34 82 3
34 83 3
34 84 3
34 85 3
34 86 3
34 87 2
34 88 1
34 89 1
34 90 1
34 91 2
34 92 2
34 93 3
34 94 1
34 95 2
34 96 2
34 97 2
34 98 3
34 99 2
35 36 3
35 37 2
35 38 1
35 39 3
35 40 3
35 41 1
35 42 4
35 43 1
35 44 1
35 45 3
35 46 2
35 47 2
35 48 3
35 49 1
35 50 2
35 51 2
35 52 2
35 53 1
35 54 3
35 55 2
35 56 2
35 57 2
35 58 2
35 59 2
35 60 2
35 61 3
35 62 2
35 63 3
35 64 2
35 65 2
35 66 3
35 67 3
35 68 1
35 69 3
35 70 3
35 71 2
35 72 4
35 73 3
35 74 3
35 75 3
35 76 4
35 77 2
35 78 2
35 79 3
35 80 3
35 81 2
35 82 2
35 83 1
35 84 4
35 85 2
35 86 1
35 87 2
35 88 2
35 89 3
35 90 3
35 91 2
35 92 2
35 93 1
35 94 3
35 95 3
35 96 3
35 97 3
35 98 1
35 99 4
36 37 2
36 38 3
36 39 1
36 40 1
36 41 2
36 42 3
36 43 2
36 44 3
36 45 1
36 46 1
36 47 2
36 48 4
36 49 3
36 50 4
36 51 3
36 52 1
36 53 4
36 54 1
36 55 3
36 56 3
36 57 2
36 58 3
36 59 1
36 60 2
36 61 1
36 62 4
36 63 3
36 64 2
36 65 4
36 66 3
36 67 3
36 68 3
36 69 4
36 70 1
36 71 2
36 72 3
36 73 4
36 74 2
36 75 2
36 76 5
36 77 2
36 78 2
36 79 1
36 80 3
36 81 4
36 82 2
36 83 3
36 84 5
36 85 2
36 86 3
36 87 3
36 88 1
36 89 1
36 90 2
36 91 3
36 92 3
36 93 3
36 94 1
36 95 3
36 96 4
36 97 4
36 98 3
36 99 3
37 38 1
37 39 2
37 40 2
37 41 1
37 42 2
37 43 1
37 44 2
37 45 2
37 46 1
37 47 2
37 48 3
37 49 2
37 50 3
37 51 1
37 52 2
37 53 3
37 54 2
37 55 1
37 56 2
37 57 1
37 58 1
37 59 1
37 60 1
37 61 1
37 62 3
37 63 2
37 64 1
37 65 3
37 66 2
37 67 2
37 68 2
37 69 2
37 70 2
37 71 1
37 72 2
37 73 3
37 74 1
37 75 3
37 76 3
37 77 1
37 78 3
37 79 3
37 80 2
37 81 2
37 82 3
37 83 2
37 84 3
37 85 3
37 86 2
37 87 2
37 88 1
37 89 2
37 90 2
37 91 1
37 92 1
37 93 2
37 94 2
37 95 2
37 96 2
37 97 2
37 98 2
37 99 2
38 39 3
38 40 3
38 41 1
38 42 3
38 43 1
38 44 2
38 45 3
38 46 2
38 47 2
38 48 3
38 49 2
38 50 2
38 51 2
38 52 2
38 53 2
38 54 3
38 55 1
38 56 1
38 57 2
38 58 1
38 59 2
38 60 2
38 61 2
38 62 2
38 63 3
38 64 2
38 65 2
38 66 3
38 67 2
38 68 1
38 69 2
38 70 3
38 71 1
38 72 3
38 73 2
38 74 2
38 75 3
38 76 3
38 77 1
38 78 2
38 79 3
38 80 2
38 81 2
38 82 2
38 83 1
38 84 3
38 85 2
38 86 2
38 87 2
38 88 2
38 89 2
38 90 3
38 91 1
38 92 2
38 93 1
38 94 3
38 95 3
38 96 3
38 97 3
38 98 1
38 99 3
39 40 1
39 41 3
39 42 3
39 43 3
39 44 3
39 45 1
39 46 1
39 47 2
39 48 4
39 49 3
39 50 5
39 51 3
39 52 1
39 53 4
39 54 1
39 55 3
39 56 4
39 57 2
39 58 3
39 59 1
39 60 2
39 61 1
39 62 5
39 63 3
39 64 2
39 65 5
39 66 3
39 67 3
39 68 4
39 69 4
39 70 1
39 71 2
39 72 3
39 73 4
39 74 2
39 75 2
39 76 5
39 77 2
39 78 3
39 79 2
39 80 3
39 81 4
39 82 2
39 83 3
39 84 5
39 85 2
39 86 3
39 87 4
39 88 1
39 89 1
39 90 2
39 91 3
39 92 3
39 93 3
39 94 1
39 95 3
39 96 4
39 97 4
39 98 4
39 99 3
40 41 2
40 42 3
40 43 2
40 44 3
40 45 1
40 46 1
40 47 1
40 48 4
40 49 2
40 50 4
40 51 3
40 52 1
40 53 4
40 54 1
40 55 3
40 56 3
40 57 2
40 58 3
40 59 1
40 60 2
40 61 1
40 62 4
40 63 3
40 64 2
40 65 4
40 66 3
40 67 3
40 68 3
40 69 4
40 70 1
40 71 2
40 72 3
40 73 4
40 74 2
40 75 1
40 76 5
40 77 2
40 78 2
40 79 1
40 80 3
40 81 4
40 82 2
40 83 3
40 84 5
40 85 2
40 86 2
40 87 3
40 88 2
40 89 1
40 90 3
40 91 3
40 92 3
40 93 3
40 94 2
40 95 3
40 96 4
40 97 4
40 98 3
40 99 3
41 42 3
41 43 1
41 44 2
41 45 2
41 46 2
41 47 2
41 48 2
41 49 2
41 50 2
41 51 1
41 52 2
41 53 2
41 54 2
41 55 1
41 56 1
41 57 1
41 58 1
41 59 2
41 60 2
41 61 2
41 62 2
41 63 2
41 64 1
41 65 2
41 66 3
41 67 2
41 68 1
41 69 2
41 70 2
41 71 1
41 72 3
41 73 2
41 74 2
41 75 3
41 76 3
41 77 1
41 78 3
41 79 3
41 80 2
41 81 2
41 82 3
41 83 1
41 84 3
41 85 3
41 86 2
41 87 1
41 88 2
41 89 2
41 90 3
41 91 1
41 92 1
41 93 2
41 94 3
41 95 2
41 96 2
41 97 2
41 98 2
41 99 3
42 43 3
42 44 4
42 45 3
42 46 2
42 47 4
42 48 2
42 49 4
42 50 4
42 51 2
42 52 3
42 53 5
42 54 3
42 55 3
42 56 3
42 57 2
42 58 3
42 59 3
42 60 2
42 61 3
42 62 4
42 63 1
42 64 2
42 65 4
42 66 1
42 67 1
42 68 4
42 69 2
42 70 3
42 71 2
42 72 1
42 73 3
42 74 1
42 75 4
42 76 3
42 77 2
42 78 5
42 79 4
42 80 1
42 81 3
42 82 4
42 83 4
42 84 3
42 85 4
42 86 4
42 87 3
42 88 2
42 89 3
42 90 1
42 91 2
42 92 2
42 93 4
42 94 2
42 95 1
42 96 2
42 97 1
42 98 4
42 99 1
43 44 2
43 45 2
43 46 2
43 47 2
43 48 3
43 49 2
43 50 2
43 51 2
43 52 2
43 53 2
43 54 2
43 55 1
43 56 2
43 57 2
43 58 1
43 59 2
43 60 2
43 61 2
43 62 2
43 63 3
43 64 2
43 65 2
43 66 3
43 67 2
43 68 1
43 69 2
43 70 2
43 71 1
43 72 3
43 73 2
43 74 2
43 75 3
43 76 3
43 77 1
43 78 2
43 79 3
43 80 2
43 81 2
43 82 2
43 83 1
43 84 3
43 85 2
43 86 2
43 87 2
43 88 2
43 89 2
43 90 3
43 91 1
43 92 2
43 93 1
43 94 3
43 95 3
43 96 3
43 97 3
43 98 1
43 99 3
44 45 3
44 46 3
44 47 2
44 48 4
44 49 1
44 50 2
44 51 3
44 52 3
44 53 1
44 54 3
44 55 3
44 56 3
44 57 3
44 58 3
44 59 3
44 60 3
44 61 3
44 62 3
44 63 4
44 64 3
44 65 2
44 66 4
44 67 4
44 68 2
44 69 4
44 70 3
44 71 2
44 72 4
44 73 4
44 74 3
44 75 3
44 76 5
44 77 2
44 78 2
44 79 3
44 80 4
44 81 3
44 82 2
44 83 1
44 84 5
44 85 2
44 86 1
44 87 3
44 88 3
44 89 3
44 90 4
44 91 3
44 92 3
44 93 1
44 94 4
44 95 4
44 96 4
44 97 4
44 98 2
44 99 4
45 46 1
45 47 2
45 48 4
45 49 3
45 50 4
45 51 2
45 52 1
45 53 4
45 54 1
45 55 3
45 56 3
45 57 2
45 58 3
45 59 1
45 60 2
45 61 1
45 62 4
45 63 3
45 64 2
45 65 4
45 66 2
45 67 3
45 68 3
45 69 3
45 70 1
45 71 2
45 72 2
45 73 4
45 74 2
45 75 2
45 76 4
45 77 2
45 78 3
45 79 2
45 80 2
45 81 4
45 82 2
45 83 3
45 84 4
45 85 2
45 86 3
45 87 3
45 88 1
45 89 1
45 90 2
45 91 3
45 92 3
45 93 3
45 94 1
45 95 3
45 96 3
45 97 3
45 98 3
45 99 2
46 47 2
46 48 3
46 49 3
46 50 4
46 51 2
46 52 1
46 53 3
46 54 1
46 55 2
46 56 3
46 57 1
46 58 2
46 59 1
46 60 1
46 61 1
46 62 4
46 63 2
46 64 1
46 65 4
46 66 2
46 67 2
46 68 3
46 69 3
46 70 1
46 71 1
46 72 2
46 73 3
46 74 1
46 75 2
46 76 4
46 77 1
46 78 3
46 79 2
46 80 2
46 81 3
46 82 2
46 83 2
46 84 4
46 85 2
46 86 3
46 87 3
46 88 1
46 89 1
46 90 2
46 91 2
46 92 2
46 93 3
46 94 1
46 95 2
46 96 3
46 97 3
46 98 3
46 99 2
47 48 4
47 49 1
47 50 4
47 51 3
47 52 1
47 53 3
47 54 2
47 55 3
47 56 3
47 57 2
47 58 3
47 59 2
47 60 3
47 61 2
47 62 4
47 63 3
47 64 2
47 65 4
47 66 3
47 67 4
47 68 3
47 69 4
47 70 2
47 71 2
47 72 3
47 73 4
47 74 3
47 75 1
47 76 5
47 77 2
47 78 1
47 79 2
47 80 3
47 81 4
47 82 1
47 83 2
47 84 5
47 85 1
47 86 1
47 87 3
47 88 2
47 89 2
47 90 3
47 91 3
47 92 3
47 93 2
47 94 2
47 95 3
47 96 4
47 97 4
47 98 3
47 99 3
48 49 4
48 50 3
48 51 2
48 52 4
48 53 4
48 54 4
48 55 2
48 56 2
48 57 3
48 58 2
48 59 4
48 60 2
48 61 4
48 62 3
48 63 2
48 64 3
48 65 3
48 66 3
48 67 1
48 68 3
48 69 1
48 70 4
48 71 3
48 72 3
48 73 1
48 74 2
48 75 5
48 76 1
48 77 3
48 78 5
48 79 5
48 80 2
48 81 2
48 82 5
48 83 3
48 84 1
48 85 5
48 86 4
48 87 2
48 88 3
48 89 4
48 90 3
48 91 2
48 92 2
48 93 4
48 94 4
48 95 2
48 96 1
48 97 1
48 98 3
48 99 3
49 50 3
49 51 3
49 52 2
49 53 2
49 54 3
49 55 3
49 56 3
49 57 3
49 58 3
49 59 3
49 60 3
49 61 3
49 62 3
49 63 4
49 64 3
49 65 3
49 66 4
49 67 4
49 68 2
49 69 4
49 70 3
49 71 2
49 72 4
49 73 4
49 74 3
49 75 2
49 76 5
49 77 2
49 78 1
49 79 2
49 80 4
49 81 3
49 82 1
49 83 1
49 84 5
49 85 1
49 86 1
49 87 3
49 88 3
49 89 3
49 90 4
49 91 3
49 92 3
49 93 1
49 94 3
49 95 4
49 96 4
49 97 4
49 98 2
49 99 4
50 51 2
50 52 4
50 53 1
50 54 4
50 55 2
50 56 2
50 57 3
50 58 2
50 59 4
50 60 3
50 61 4
50 62 1
50 63 3
50 64 3
50 65 1
50 66 4
50 67 3
50 68 1
50 69 2
50 70 4
50 71 3
50 72 4
50 73 2
50 74 3
50 75 5
50 76 3
50 77 3
50 78 4
50 79 5
50 80 3
50 81 1
50 82 4
50 83 2
50 84 3
50 85 4
50 86 3
50 87 2
50 88 4
50 89 4
50 90 4
50 91 2
50 92 2
50 93 2
50 94 4
50 95 3
50 96 3
50 97 3
50 98 1
50 99 4
51 52 2
51 53 3
51 54 3
51 55 1
51 56 1
51 57 1
51 58 1
51 59 2
51 60 1
51 61 2
51 62 2
51 63 2
51 64 1
51 65 3
51 66 2
51 67 1
51 68 2
51 69 2
51 70 2
51 71 1
51 72 2
51 73 2
51 74 1
51 75 4
51 76 3
51 77 1
51 78 3
51 79 3
51 80 1
51 81 2
51 82 3
51 83 2
51 84 2
51 85 3
51 86 3
51 87 1
51 88 2
51 89 2
51 90 2
51 91 1
51 92 1
51 93 3
51 94 2
51 95 1
51 96 2
51 97 2
51 98 2
51 99 2
52 53 3
52 54 1
52 55 3
52 56 3
52 57 2
52 58 2
52 59 1
52 60 2
52 61 1
52 62 4
52 63 3
52 64 2
52 65 4
52 66 3
52 67 3
52 68 3
52 69 3
52 70 1
52 71 1
52 72 3
52 73 4
52 74 2
52 75 2
52 76 4
52 77 2
52 78 2
52 79 1
52 80 3
52 81 4
52 82 2
52 83 2
52 84 4
52 85 2
52 86 2
52 87 3
52 88 1
52 89 1
52 90 2
52 91 2
52 92 2
52 93 3
52 94 2
52 95 3
52 96 3
52 97 3
52 98 3
52 99 3
53 54 4
53 55 2
53 56 2
53 57 3
53 58 2
53 59 3
53 60 3
53 61 4
53 62 2
53 63 4
53 64 3
53 65 1
53 66 4
53 67 4
53 68 2
53 69 3
53 70 4
53 71 3
53 72 5
53 73 3
53 74 4
53 75 4
53 76 4
53 77 3
53 78 3
53 79 4
53 80 4
53 81 2
53 82 3
53 83 1
53 84 4
53 85 3
53 86 2
53 87 2
53 88 3
53 89 4
53 90 4
53 91 3
53 92 3
53 93 1
53 94 4
53 95 4
53 96 4
53 97 4
53 98 1
53 99 5
54 55 3
54 56 3
54 57 2
54 58 3
54 59 1
54 60 2
54 61 1
54 62 4
54 63 3
54 64 2
54 65 4
54 66 3
54 67 3
54 68 3
54 69 4
54 70 1
54 71 2
54 72 3
54 73 4
54 74 2
54 75 2
54 76 5
54 77 2
54 78 2
54 79 1
54 80 3
54 81 4
54 82 2
54 83 3
54 84 5
54 85 2
54 86 3
54 87 3
54 88 1
54 89 1
54 90 2
54 91 3
54 92 3
54 93 3
54 94 1
54 95 3
54 96 4
54 97 4
54 98 3
54 99 3
55 56 1
55 57 2
55 58 1
55 59 2
55 60 2
55 61 2
55 62 2
55 63 2
55 64 2
55 65 2
55 66 3
55 67 2
55 68 1
55 69 1
55 70 3
55 71 2
55 72 3
55 73 2
55 74 2
55 75 4
55 76 2
55 77 1
55 78 3
55 79 4
55 80 2
55 81 1
55 82 3
55 83 2
55 84 2
55 85 3
55 86 3
55 87 1
55 88 2
55 89 3
55 90 3
55 91 1
55 92 1
55 93 2
55 94 3
55 95 2
55 96 2
55 97 2
55 98 1
55 99 3
56 57 2
56 58 1
56 59 3
56 60 2
56 61 3
56 62 1
56 63 2
56 64 2
56 65 2
56 66 3
56 67 2
56 68 1
56 69 1
56 70 3
56 71 2
56 72 3
56 73 1
56 74 2
56 75 4
56 76 2
56 77 2
56 78 3
56 79 4
56 80 2
56 81 1
56 82 3
56 83 2
56 84 2
56 85 3
56 86 3
56 87 1
56 88 3
56 89 3
56 90 3
56 91 1
56 92 1
56 93 2
56 94 3
56 95 2
56 96 2
56 97 2
56 98 1
56 99 3
57 58 2
57 59 1
57 60 1
57 61 1
57 62 3
57 63 2
57 64 1
57 65 3
57 66 2
57 67 2
57 68 2
57 69 2
57 70 2
57 71 1
57 72 2
57 73 3
57 74 1
57 75 3
57 76 3
57 77 1
57 78 3
57 79 3
57 80 1
57 81 3
57 82 3
57 83 2
57 84 3
57 85 3
57 86 3
57 87 2
57 88 1
57 89 1
57 90 2
57 91 1
57 92 1
57 93 3
57 94 2
57 95 2
57 96 2
57 97 2
57 98 3
57 99 2
58 59 2
58 60 2
58 61 2
58 62 2
58 63 2
58 64 2
58 65 2
58 66 3
58 67 2
58 68 1
58 69 1
58 70 3
58 71 1
58 72 3
58 73 2
58 74 2
58 75 4
58 76 2
58 77 1
58 78 3
58 79 3
58 80 2
58 81 2
58 82 3
58 83 2
58 84 2
58 85 3
58 86 3
58 87 1
58 88 2
58 89 2
58 90 3
58 91 1
58 92 1
58 93 2
58 94 3
58 95 2
58 96 2
58 97 2
58 98 1
58 99 3
59 60 2
59 61 1
59 62 4
59 63 2
59 64 1
59 65 4
59 66 2
59 67 3
59 68 3
59 69 3
59 70 1
59 71 1
59 72 2
59 73 4
59 74 2
59 75 2
59 76 4
59 77 1
59 78 2
59 79 2
59 80 2
59 81 3
59 82 2
59 83 2
59 84 4
59 85 2
59 86 3
59 87 3
59 88 1
59 89 1
59 90 2
59 91 2
59 92 2
59 93 3
59 94 1
59 95 2
59 96 3
59 97 3
59 98 3
59 99 2
60 61 2
60 62 3
60 63 1
60 64 1
60 65 3
60 66 1
60 67 1
60 68 3
60 69 2
60 70 2
60 71 1
60 72 2
60 73 2
60 74 1
60 75 3
60 76 3
60 77 1
60 78 3
60 79 3
60 80 1
60 81 3
60 82 3
60 83 3
60 84 3
60 85 3
60 86 3
60 87 2
60 88 1
60 89 2
60 90 2
60 91 1
60 92 1
60 93 3
60 94 2
60 95 1
60 96 2
60 97 2
60 98 3
60 99 2
61 62 4
61 63 2
61 64 1
61 65 4
61 66 2
61 67 3
61 68 3
61 69 3
61 70 1
61 71 1
61 72 2
61 73 4
61 74 2
61 75 2
61 76 4
61 77 2
61 78 3
61 79 2
61 80 2
61 81 3
61 82 2
61 83 3
61 84 4
61 85 2
61 86 3
61 87 3
61 88 1
61 89 1
61 90 2
61 91 2
61 92 2
61 93 3
61 94 1
61 95 2
61 96 3
61 97 3
61 98 3
61 99 2
62 63 3
62 64 3
62 65 1
62 66 4
62 67 3
62 68 1
62 69 2
62 70 4
62 71 3
62 72 4
62 73 2
62 74 3
62 75 5
62 76 3
62 77 3
62 78 4
62 79 5
62 80 3
62 81 1
62 82 4
62 83 2
62 84 3
62 85 4
62 86 3
62 87 1
62 88 4
62 89 4
62 90 4
62 91 2
62 92 2
62 93 2
62 94 4
62 95 3
62 96 3
62 97 3
62 98 1
62 99 4
63 64 2
63 65 4
63 66 1
63 67 1
63 68 3
63 69 2
63 70 3
63 71 2
63 72 1
63 73 3
63 74 1
63 75 4
63 76 3
63 77 2
63 78 4
63 79 4
63 80 1
63 81 3
63 82 4
63 83 3
63 84 2
63 85 4
63 86 4
63 87 2
63 88 2
63 89 2
63 90 2
63 91 2
63 92 2
63 93 4
63 94 2
63 95 1
63 96 2
63 97 1
63 98 3
63 99 1
64 65 3
64 66 2
64 67 2
64 68 2
64 69 2
64 70 2
64 71 1
64 72 2
64 73 3
64 74 1
64 75 3
64 76 3
64 77 1
64 78 3
64 79 3
64 80 1
64 81 3
64 82 3
64 83 2
64 84 3
64 85 3
64 86 3
64 87 2
64 88 1
64 89 1
64 90 2
64 91 1
64 92 1
64 93 3
64 94 2
64 95 2
64 96 2
64 97 2
64 98 3
64 99 2
65 66 4
65 67 3
65 68 1
65 69 2
65 70 4
65 71 3
65 72 4
65 73 2
65 74 4
65 75 5
65 76 3
65 77 3
65 78 4
65 79 5
65 80 3
65 81 1
65 82 4
65 83 2
65 84 3
65 85 4
65 86 3
65 87 2
65 88 4
65 89 4
65 90 5
65 91 2
65 92 3
65 93 2
65 94 5
65 95 4
65 96 3
65 97 3
65 98 1
65 99 5
66 67 2
66 68 4
66 69 3
66 70 2
66 71 2
66 72 1
66 73 3
66 74 1
66 75 4
66 76 4
66 77 2
66 78 4
66 79 4
66 80 1
66 81 4
66 82 4
66 83 4
66 84 3
66 85 4
66 86 4
66 87 3
66 88 2
66 89 2
66 90 1
66 91 2
66 92 2
66 93 4
66 94 2
66 95 1
66 96 2
66 97 2
66 98 4
66 99 1
67 68 3
67 69 1
67 70 3
67 71 2
67 72 2
67 73 2
67 74 1
67 75 4
67 76 2
67 77 2
67 78 4
67 79 4
67 80 1
67 81 2
67 82 4
67 83 3
67 84 2
67 85 4
67 86 4
67 87 2
67 88 2
67 89 3
67 90 2
67 91 1
67 92 1
67 93 3
67 94 3
67 95 1
67 96 1
67 97 1
67 98 3
67 99 2
68 69 2
68 70 3
68 71 2
68 72 4
68 73 2
68 74 3
68 75 4
68 76 3
68 77 2
68 78 3
68 79 4
68 80 3
68 81 1
68 82 3
68 83 2
68 84 3
68 85 3
68 86 2
68 87 1
68 88 3
68 89 3
68 90 4
68 91 2
68 92 2
68 93 1
68 94 4
68 95 3
68 96 3
68 97 3
68 98 1
68 99 4
69 70 3
69 71 2
69 72 3
69 73 1
69 74 2
69 75 5
69 76 1
69 77 2
69 78 4
69 79 4
69 80 2
69 81 2
69 82 4
69 83 3
69 84 1
69 85 4
69 86 4
69 87 1
69 88 3
69 89 3
69 90 3
69 91 1
69 92 1
69 93 3
69 94 3
69 95 2
69 96 1
69 97 1
69 98 2
69 99 3
70 71 2
70 72 2
70 73 4
70 74 2
70 75 2
70 76 4
70 77 2
70 78 3
70 79 2
70 80 2
70 81 4
70 82 2
70 83 3
70 84 4
70 85 2
70 86 3
70 87 3
70 88 1
70 89 1
70 90 2
70 91 3
70 92 3
70 93 3
70 94 1
70 95 3
70 96 3
70 97 3
70 98 3
70 99 2
71 72 2
71 73 3
71 74 1
71 75 3
71 76 3
71 77 1
71 78 3
71 79 2
71 80 2
71 81 3
71 82 3
71 83 2
71 84 3
71 85 3
71 86 2
71 87 2
71 88 1
71 89 1
71 90 2
71 91 1
71 92 1
71 93 2
71 94 2
71 95 2
71 96 2
71 97 2
71 98 2
71 99 2
72 73 3
72 74 1
72 75 4
72 76 4
72 77 2
72 78 4
72 79 4
72 80 1
72 81 4
72 82 4
72 83 4
72 84 3
72 85 4
72 86 4
72 87 3
72 88 2
72 89 2
72 90 1
72 91 2
72 92 2
72 93 4
72 94 2
72 95 1
72 96 2
72 97 2
72 98 4
72 99 1
73 74 3
73 75 5
73 76 1
73 77 3
73 78 4
73 79 5
73 80 2
73 81 1
73 82 4
73 83 3
73 84 1
73 85 4
73 86 4
73 87 1
73 88 3
73 89 4
73 90 4
73 91 2
73 92 2
73 93 3
73 94 4
73 95 3
73 96 1
73 97 2
73 98 2
73 99 4
74 75 3
74 76 3
74 77 1
74 78 4
74 79 3
74 80 1
74 81 3
74 82 3
74 83 3
74 84 3
74 85 3
74 86 3
74 87 2
74 88 1
74 89 2
74 90 1
74 91 2
74 92 1
74 93 3
74 94 2
74 95 1
74 96 2
74 97 2
74 98 3
74 99 1
75 76 6
75 77 3
75 78 1
75 79 1
75 80 4
75 81 5
75 82 1
75 83 3
75 84 6
75 85 1
75 86 2
75 87 4
75 88 3
75 89 2
75 90 4
75 91 4
75 92 4
75 93 3
75 94 3
75 95 4
75 96 5
75 97 5
75 98 4
75 99 4
76 77 3
76 78 5
76 79 5
76 80 3
76 81 2
76 82 5
76 83 4
76 84 1
76 85 5
76 86 5
76 87 2
76 88 4
76 89 4
76 90 4
76 91 2
76 92 2
76 93 4
76 94 4
76 95 3
76 96 2
76 97 2
76 98 3
76 99 4
77 78 3
77 79 3
77 80 2
77 81 2
77 82 3
77 83 2
77 84 3
77 85 3
77 86 2
77 87 2
77 88 1
77 89 2
77 90 2
77 91 1
77 92 1
77 93 2
77 94 2
77 95 2
77 96 2
77 97 2
77 98 2
77 99 2
78 79 2
78 80 4
78 81 4
78 82 1
78 83 2
78 84 5
78 85 1
78 86 1
78 87 4
78 88 3
78 89 3
78 90 4
78 91 3
78 92 3
78 93 2
78 94 3
78 95 4
78 96 4
78 97 4
78 98 3
78 99 4
79 80 4
79 81 5
79 82 2
79 83 3
79 84 5
79 85 1
79 86 2
79 87 4
79 88 2
79 89 2
79 90 3
79 91 3
79 92 3
79 93 3
79 94 2
79 95 4
79 96 4
79 97 4
79 98 4
79 99 4
80 81 3
80 82 4
80 83 3
80 84 2
80 85 4
80 86 4
80 87 2
80 88 2
80 89 2
80 90 2
80 91 1
80 92 1
80 93 3
80 94 2
80 95 1
80 96 1
80 97 1
80 98 3
80 99 2
81 82 4
81 83 3
81 84 2
81 85 4
81 86 3
81 87 1
81 88 3
81 89 4
81 90 4
81 91 2
81 92 2
81 93 2
81 94 4
81 95 3
81 96 2
81 97 3
81 98 1
81 99 4
82 83 2
82 84 5
82 85 1
82 86 1
82 87 4
82 88 3
82 89 2
82 90 4
82 91 3
82 92 3
82 93 2
82 94 3
82 95 4
82 96 4
82 97 4
82 98 3
82 99 4
83 84 4
83 85 2
83 86 1
83 87 2
83 88 3
83 89 3
83 90 4
83 91 2
83 92 2
83 93 1
83 94 3
83 95 3
83 96 3
83 97 3
83 98 2
83 99 4
84 85 5
84 86 5
84 87 2
84 88 4
84 89 4
84 90 4
84 91 2
84 92 2
84 93 4
84 94 4
84 95 2
84 96 1
84 97 2
84 98 3
84 99 3
85 86 1
85 87 4
85 88 3
85 89 2
85 90 4
85 91 3
85 92 3
85 93 2
85 94 3
85 95 4
85 96 4
85 97 4
85 98 3
85 99 4
86 87 3
86 88 3
86 89 3
86 90 4
86 91 3
86 92 3
86 93 1
86 94 3
86 95 4
86 96 4
86 97 4
86 98 2
86 99 4
87 88 3
87 89 3
87 90 3
87 91 1
87 92 1
87 93 2
87 94 3
87 95 2
87 96 2
87 97 2
87 98 1
87 99 3
88 89 1
88 90 1
88 91 2
88 92 2
88 93 3
88 94 1
88 95 2
88 96 3
88 97 3
88 98 3
88 99 2
89 90 2
89 91 2
89 92 2
89 93 3
89 94 1
89 95 2
89 96 3
89 97 3
89 98 3
89 99 2
90 91 3
90 92 2
90 93 4
90 94 1
90 95 2
90 96 3
90 97 2
90 98 4
90 99 1
91 92 1
91 93 2
91 94 3
91 95 2
91 96 2
91 97 2
91 98 2
91 99 3
92 93 3
92 94 2
92 95 2
92 96 1
92 97 2
92 98 2
92 99 2
93 94 4
93 95 4
93 96 4
93 97 4
93 98 1
93 99 4
94 95 2
94 96 3
94 97 3
94 98 4
94 99 2
95 96 2
95 97 1
95 98 3
95 99 1
96 97 1
96 98 3
96 99 3
97 98 3
97 99 2
98 99 4
