100 
0 1 3
0 2 4
0 3 4
0 4 6
0 5 1
0 6 6
0 7 4
0 8 3
0 9 7
0 10 5
0 11 6
0 12 4
0 13 1
0 14 1
0 15 1
0 16 6
0 17 6
0 18 5
0 19 5
0 20 5
0 21 2
0 22 3
0 23 2
0 24 5
0 25 6
0 26 7
0 27 7
0 28 4
0 29 1
0 30 2
0 31 2
0 32 5
0 33 6
0 34 6
0 35 4
0 36 2
0 37 2
0 38 4
0 39 4
0 40 3
0 41 5
0 42 7
0 43 5
0 44 4
0 45 3
0 46 5
0 47 7
0 48 4
0 49 4
0 50 3
0 51 5
0 52 5
0 53 5
0 54 2
0 55 5
0 56 5
0 57 4
0 58 4
0 59 3
0 60 5
0 61 1
0 62 3
0 63 4
0 64 3
0 65 1
0 66 1
0 67 4
0 68 4
0 69 2
0 70 1
0 71 3
0 72 3
0 73 1
0 74 6
0 75 4
0 76 5
0 77 3
0 78 2
0 79 6
0 80 4
0 81 4
0 82 5
0 83 2
0 84 6
0 85 4
0 86 4
0 87 5
0 88 7
0 89 5
0 90 5
0 91 4
0 92 1
0 93 5
0 94 2
0 95 2
0 96 5
0 97 2
0 98 4
0 99 7
1 2 4
1 3 1
1 4 5
1 5 3
1 6 4
1 7 4
1 8 4
1 9 4
1 10 3
1 11 4
1 12 4
1 13 2
1 14 2
1 15 4
1 16 3
1 17 3
1 18 3
1 19 4
1 20 2
1 21 3
1 22 3
1 23 3
1 24 4
1 25 3
1 26 5
1 27 4
1 28 3
1 29 2
1 30 4
1 31 2
1 32 4
1 33 4
1 34 4
1 35 4
1 36 2
1 37 4
1 38 5
1 39 5
1 40 3
1 41 4
1 42 5
1 43 2
1 44 3
1 45 3
1 46 4
1 47 5
1 48 2
1 49 1
1 50 4
1 51 3
1 52 4
1 53 3
1 54 4
1 55 4
1 56 4
1 57 3
1 58 4
1 59 3
1 60 5
1 61 2
1 62 4
1 63 5
1 64 2
1 65 3
1 66 4
1 67 4
1 68 3
1 69 3
1 70 3
1 71 1
1 72 2
1 73 2
1 74 3
1 75 3
1 76 5
1 77 3
1 78 1
1 79 3
1 80 4
1 81 1
1 82 3
1 83 3
1 84 4
1 85 3
1 86 3
1 87 4
1 88 5
1 89 5
1 90 2
1 91 5
1 92 4
1 93 4
1 94 3
1 95 3
1 96 2
1 97 4
1 98 1
1 99 4
2 3 4
2 4 4
2 5 3
2 6 4
2 7 1
2 8 7
2 9 6
2 10 6
2 11 4
2 12 7
2 13 4
2 14 3
2 15 5
2 16 6
2 17 6
2 18 3
2 19 3
2 20 5
2 21 2
2 22 1
2 23 2
2 24 7
2 25 6
2 26 5
2 27 5
2 28 2
2 29 3
2 30 6
2 31 2
2 32 3
2 33 4
2 34 4
2 35 7
2 36 2
2 37 6
2 38 2
2 39 1
2 40 1
2 41 3
2 42 5
2 43 5
2 44 2
2 45 1
2 46 7
2 47 5
2 48 2
2 49 4
2 50 1
2 51 6
2 52 7
2 53 6
2 54 5
2 55 7
2 56 3
2 57 2
2 58 7
2 59 2
2 60 8
2 61 3
2 62 1
2 63 1
2 64 5
2 65 4
2 66 4
2 67 7
2 68 6
2 69 2
2 70 5
2 71 4
2 72 5
2 73 3
2 74 5
2 75 2
2 76 8
2 77 6
2 78 3
2 79 4
2 80 7
2 81 3
2 82 6
2 83 5
2 84 4
2 85 6
2 86 6
2 87 2
2 88 5
2 89 8
2 90 5
2 91 1
2 92 5
2 93 3
2 94 5
2 95 5
2 96 5
2 97 6
2 98 4
2 99 5
3 4 4
3 5 4
3 6 4
3 7 4
3 8 4
3 9 3
3 10 2
3 11 3
3 12 3
3 13 3
3 14 3
3 15 5
3 16 2
3 17 2
3 18 3
3 19 4
3 20 1
3 21 4
3 22 4
3 23 4
3 24 3
3 25 2
3 26 4
3 27 3
3 28 3
3 29 3
3 30 5
3 31 3
3 32 4
3 33 3
3 34 3
3 35 4
3 36 3
3 37 4
3 38 5
3 39 5
3 40 3
3 41 4
3 42 4
3 43 1
3 44 3
3 45 4
3 46 3
3 47 4
3 48 2
3 49 1
3 50 5
3 51 2
3 52 4
3 53 2
3 54 5
3 55 4
3 56 4
3 57 3
3 58 4
3 59 3
3 60 4
3 61 3
3 62 5
3 63 5
3 64 2
3 65 4
3 66 5
3 67 3
3 68 2
3 69 4
3 70 4
3 71 1
3 72 2
3 73 3
3 74 2
3 75 3
3 76 4
3 77 3
3 78 2
3 79 2
3 80 3
3 81 1
3 82 2
3 83 4
3 84 4
3 85 3
3 86 2
3 87 4
3 88 4
3 89 4
3 90 1
3 91 5
3 92 5
3 93 3
3 94 3
3 95 4
3 96 1
3 97 4
3 98 1
3 99 3
4 5 6
4 6 1
4 7 4
4 8 7
4 9 2
4 10 4
4 11 1
4 12 6
4 13 6
4 14 5
4 15 7
4 16 3
4 17 3
4 18 2
4 19 2
4 20 4
4 21 5
4 22 4
4 23 5
4 24 6
4 25 4
4 26 1
4 27 2
4 28 3
4 29 5
4 30 8
4 31 4
4 32 3
4 33 1
4 34 1
4 35 7
4 36 5
4 37 7
4 38 5
4 39 5
4 40 3
4 41 2
4 42 2
4 43 3
4 44 2
4 45 4
4 46 5
4 47 1
4 48 3
4 49 4
4 50 5
4 51 4
4 52 6
4 53 5
4 54 7
4 55 6
4 56 3
4 57 3
4 58 7
4 59 3
4 60 6
4 61 5
4 62 5
4 63 5
4 64 5
4 65 6
4 66 7
4 67 6
4 68 5
4 69 5
4 70 7
4 71 5
4 72 5
4 73 5
4 74 3
4 75 3
4 76 6
4 77 6
4 78 5
4 79 2
4 80 6
4 81 4
4 82 4
4 83 7
4 84 1
4 85 6
4 86 5
4 87 4
4 88 1
4 89 6
4 90 4
4 91 5
4 92 7
4 93 1
4 94 6
4 95 7
4 96 4
4 97 7
4 98 4
4 99 2
5 6 6
5 7 3
5 8 4
5 9 7
5 10 6
5 11 6
5 12 5
5 13 2
5 14 2
5 15 2
5 16 6
5 17 6
5 18 5
5 19 5
5 20 5
5 21 1
5 22 2
5 23 2
5 24 6
5 25 6
5 26 7
5 27 7
5 28 4
5 29 2
5 30 3
5 31 2
5 32 5
5 33 6
5 34 6
5 35 5
5 36 2
5 37 3
5 38 4
5 39 3
5 40 3
5 41 5
5 42 7
5 43 5
5 44 4
5 45 3
5 46 6
5 47 7
5 48 4
5 49 4
5 50 3
5 51 6
5 52 6
5 53 6
5 54 2
5 55 6
5 56 5
5 57 4
5 58 5
5 59 3
5 60 6
5 61 1
5 62 2
5 63 4
5 64 4
5 65 1
5 66 1
5 67 5
5 68 5
5 69 1
5 70 2
5 71 3
5 72 4
5 73 1
5 74 6
5 75 4
5 76 6
5 77 4
5 78 2
5 79 6
5 80 5
5 81 4
5 82 6
5 83 3
5 84 6
5 85 5
5 86 5
5 87 4
5 88 7
5 89 6
5 90 5
5 91 3
5 92 2
5 93 5
5 94 3
5 95 3
5 96 5
5 97 3
5 98 4
5 99 7
6 7 4
6 8 7
6 9 2
6 10 4
6 11 1
6 12 6
6 13 6
6 14 5
6 15 7
6 16 3
6 17 3
6 18 1
6 19 1
6 20 4
6 21 5
6 22 4
6 23 5
6 24 6
6 25 4
6 26 2
6 27 2
6 28 2
6 29 5
6 30 8
6 31 4
6 32 2
6 33 1
6 34 1
6 35 7
6 36 5
6 37 7
6 38 5
6 39 4
6 40 3
6 41 2
6 42 2
6 43 3
6 44 2
6 45 3
6 46 5
6 47 1
6 48 2
6 49 4
6 50 5
6 51 4
6 52 6
6 53 5
6 54 7
6 55 6
6 56 2
6 57 2
6 58 7
6 59 3
6 60 6
6 61 5
6 62 5
6 63 5
6 64 5
6 65 6
6 66 7
6 67 6
6 68 5
6 69 5
6 70 7
6 71 4
6 72 5
6 73 5
6 74 3
6 75 2
6 76 6
6 77 6
6 78 5
6 79 2
6 80 6
6 81 3
6 82 4
6 83 7
6 84 1
6 85 6
6 86 5
6 87 3
6 88 1
6 89 6
6 90 4
6 91 5
6 92 7
6 93 1
6 94 6
6 95 7
6 96 4
6 97 7
6 98 4
6 99 2
7 8 7
7 9 6
7 10 6
7 11 4
7 12 7
7 13 4
7 14 3
7 15 5
7 16 6
7 17 6
7 18 3
7 19 3
7 20 5
7 21 2
7 22 1
7 23 2
7 24 7
7 25 6
7 26 5
7 27 5
7 28 2
7 29 3
7 30 6
7 31 2
7 32 2
7 33 4
7 34 4
7 35 7
7 36 2
7 37 6
7 38 1
7 39 1
7 40 1
7 41 3
7 42 5
7 43 5
7 44 2
7 45 1
7 46 7
7 47 5
7 48 2
7 49 4
7 50 1
7 51 6
7 52 7
7 53 6
7 54 5
7 55 7
7 56 2
7 57 2
7 58 7
7 59 2
7 60 8
7 61 3
7 62 1
7 63 1
7 64 5
7 65 4
7 66 4
7 67 7
7 68 6
7 69 2
7 70 5
7 71 4
7 72 5
7 73 3
7 74 5
7 75 2
7 76 8
7 77 6
7 78 3
7 79 4
7 80 7
7 81 3
7 82 6
7 83 5
7 84 4
7 85 6
7 86 6
7 87 1
7 88 5
7 89 8
7 90 5
7 91 1
7 92 5
7 93 3
7 94 5
7 95 5
7 96 5
7 97 6
7 98 4
7 99 5
8 9 5
8 10 4
8 11 6
8 12 2
8 13 3
8 14 4
8 15 3
8 16 4
8 17 4
8 18 6
8 19 7
8 20 4
8 21 5
8 22 6
8 23 5
8 24 3
8 25 4
8 26 6
8 27 5
8 28 6
8 29 4
8 30 2
8 31 5
8 32 7
8 33 6
8 34 6
8 35 1
8 36 5
8 37 1
8 38 7
8 39 7
8 40 6
8 41 7
8 42 6
8 43 4
8 44 6
8 45 6
8 46 3
8 47 6
8 48 5
8 49 4
8 50 6
8 51 4
8 52 2
8 53 3
8 54 4
8 55 2
8 56 7
8 57 6
8 58 1
8 59 6
8 60 3
8 61 4
8 62 6
8 63 7
8 64 2
8 65 3
8 66 4
8 67 2
8 68 2
8 69 5
8 70 2
8 71 4
8 72 2
8 73 4
8 74 5
8 75 6
8 76 3
8 77 1
8 78 4
8 79 5
8 80 2
8 81 4
8 82 3
8 83 2
8 84 7
8 85 2
8 86 3
8 87 7
8 88 7
8 89 3
8 90 4
8 91 7
8 92 3
8 93 6
8 94 2
8 95 2
8 96 3
8 97 1
8 98 3
8 99 5
9 10 2
9 11 2
9 12 4
9 13 6
9 14 6
9 15 7
9 16 1
9 17 1
9 18 3
9 19 3
9 20 2
9 21 7
9 22 6
9 23 7
9 24 4
9 25 2
9 26 1
9 27 1
9 28 4
9 29 6
9 30 7
9 31 6
9 32 4
9 33 2
9 34 2
9 35 5
9 36 6
9 37 6
9 38 7
9 39 6
9 40 5
9 41 3
9 42 1
9 43 2
9 44 4
9 45 5
9 46 3
9 47 1
9 48 4
9 49 3
9 50 7
9 51 2
9 52 4
9 53 3
9 54 8
9 55 4
9 56 4
9 57 4
9 58 5
9 59 5
9 60 4
9 61 6
9 62 7
9 63 7
9 64 4
9 65 7
9 66 8
9 67 4
9 68 3
9 69 7
9 70 6
9 71 4
9 72 4
9 73 6
9 74 1
9 75 4
9 76 4
9 77 4
9 78 5
9 79 2
9 80 4
9 81 4
9 82 2
9 83 6
9 84 2
9 85 4
9 86 3
9 87 5
9 88 2
9 89 4
9 90 2
9 91 7
9 92 7
9 93 3
9 94 5
9 95 6
9 96 2
9 97 6
9 98 3
9 99 1
10 11 3
10 12 2
10 13 4
10 14 5
10 15 5
10 16 1
10 17 1
10 18 3
10 19 4
10 20 1
10 21 6
10 22 6
10 23 6
10 24 2
10 25 1
10 26 3
10 27 2
10 28 4
10 29 5
10 30 5
10 31 5
10 32 5
10 33 3
10 34 3
10 35 3
10 36 5
10 37 4
10 38 7
10 39 6
10 40 5
10 41 4
10 42 3
10 43 2
10 44 4
10 45 5
10 46 2
10 47 3
10 48 4
10 49 2
10 50 7
10 51 1
10 52 3
10 53 1
10 54 6
10 55 3
10 56 5
10 57 4
10 58 3
10 59 5
10 60 3
10 61 5
10 62 7
10 63 7
10 64 2
10 65 5
10 66 6
10 67 3
10 68 2
10 69 6
10 70 4
10 71 3
10 72 2
10 73 5
10 74 1
10 75 4
10 76 3
10 77 3
10 78 4
10 79 2
10 80 3
10 81 3
10 82 1
10 83 4
10 84 4
10 85 2
10 86 1
10 87 5
10 88 4
10 89 3
10 90 1
10 91 7
10 92 5
10 93 3
10 94 3
10 95 4
10 96 1
10 97 4
10 98 2
10 99 2
11 12 5
11 13 6
11 14 5
11 15 7
11 16 3
11 17 3
11 18 1
11 19 1
11 20 3
11 21 5
11 22 4
11 23 5
11 24 5
11 25 4
11 26 1
11 27 2
11 28 2
11 29 5
11 30 7
11 31 4
11 32 2
11 33 1
11 34 1
11 35 6
11 36 5
11 37 6
11 38 5
11 39 4
11 40 3
11 41 1
11 42 2
11 43 2
11 44 2
11 45 3
11 46 5
11 47 1
11 48 2
11 49 3
11 50 5
11 51 3
11 52 6
11 53 4
11 54 7
11 55 6
11 56 2
11 57 2
11 58 6
11 59 3
11 60 6
11 61 5
11 62 5
11 63 5
11 64 4
11 65 6
11 66 7
11 67 5
11 68 4
11 69 5
11 70 6
11 71 4
11 72 4
11 73 5
11 74 2
11 75 2
11 76 6
11 77 5
11 78 5
11 79 1
11 80 5
11 81 3
11 82 4
11 83 6
11 84 1
11 85 5
11 86 4
11 87 3
11 88 1
11 89 6
11 90 3
11 91 5
11 92 7
11 93 1
11 94 5
11 95 6
11 96 3
11 97 6
11 98 3
11 99 2
12 13 3
12 14 4
12 15 4
12 16 3
12 17 3
12 18 5
12 19 6
12 20 2
12 21 6
12 22 6
12 23 6
12 24 1
12 25 2
12 26 5
12 27 4
12 28 6
12 29 4
12 30 4
12 31 5
12 32 7
12 33 5
12 34 5
12 35 2
12 36 5
12 37 3
12 38 8
12 39 8
12 40 6
12 41 6
12 42 5
12 43 3
12 44 6
12 45 6
12 46 1
12 47 5
12 48 5
12 49 3
12 50 7
12 51 2
12 52 1
12 53 1
12 54 5
12 55 1
12 56 7
12 57 6
12 58 1
12 59 6
12 60 1
12 61 5
12 62 7
12 63 8
12 64 2
12 65 4
12 66 5
12 67 1
12 68 1
12 69 6
12 70 3
12 71 4
12 72 2
12 73 5
12 74 3
12 75 6
12 76 1
12 77 1
12 78 4
12 79 4
12 80 1
12 81 4
12 82 2
12 83 3
12 84 6
12 85 1
12 86 1
12 87 7
12 88 6
12 89 1
12 90 2
12 91 8
12 92 4
12 93 5
12 94 2
12 95 3
12 96 2
12 97 3
12 98 3
12 99 4
13 14 1
13 15 2
13 16 5
13 17 5
13 18 5
13 19 5
13 20 4
13 21 3
13 22 3
13 23 3
13 24 4
13 25 5
13 26 7
13 27 6
13 28 4
13 29 1
13 30 2
13 31 2
13 32 5
13 33 6
13 34 6
13 35 3
13 36 2
13 37 2
13 38 5
13 39 5
13 40 3
13 41 5
13 42 7
13 43 4
13 44 4
13 45 3
13 46 4
13 47 7
13 48 4
13 49 3
13 50 4
13 51 4
13 52 4
13 53 4
13 54 2
13 55 4
13 56 5
13 57 4
13 58 3
13 59 3
13 60 4
13 61 2
13 62 4
13 63 5
13 64 2
13 65 1
13 66 2
13 67 3
13 68 3
13 69 3
13 70 1
13 71 2
13 72 2
13 73 2
13 74 5
13 75 4
13 76 4
13 77 2
13 78 1
13 79 5
13 80 3
13 81 3
13 82 4
13 83 1
13 84 6
13 85 3
13 86 3
13 87 5
13 88 7
13 89 4
13 90 4
13 91 5
13 92 2
13 93 5
13 94 1
13 95 1
13 96 4
13 97 2
13 98 3
13 99 6
14 15 2
14 16 5
14 17 5
14 18 4
14 19 4
14 20 4
14 21 2
14 22 2
14 23 2
14 24 5
14 25 5
14 26 6
14 27 6
14 28 3
14 29 1
14 30 3
14 31 1
14 32 4
14 33 5
14 34 5
14 35 4
14 36 1
14 37 3
14 38 4
14 39 4
14 40 2
14 41 4
14 42 6
14 43 4
14 44 3
14 45 2
14 46 5
14 47 6
14 48 3
14 49 3
14 50 3
14 51 5
14 52 5
14 53 5
14 54 3
14 55 5
14 56 4
14 57 3
14 58 4
14 59 2
14 60 5
14 61 1
14 62 3
14 63 4
14 64 3
14 65 2
14 66 2
14 67 4
14 68 4
14 69 2
14 70 2
14 71 2
14 72 3
14 73 1
14 74 5
14 75 3
14 76 5
14 77 3
14 78 1
14 79 5
14 80 4
14 81 3
14 82 5
14 83 2
14 84 5
14 85 4
14 86 4
14 87 4
14 88 6
14 89 5
14 90 4
14 91 4
14 92 2
14 93 4
14 94 2
14 95 2
14 96 4
14 97 3
14 98 3
14 99 6
15 16 6
15 17 6
15 18 6
15 19 6
15 20 5
15 21 3
15 22 4
15 23 3
15 24 5
15 25 6
15 26 8
15 27 7
15 28 5
15 29 2
15 30 1
15 31 3
15 32 6
15 33 7
15 34 7
15 35 4
15 36 3
15 37 2
15 38 5
15 39 5
15 40 4
15 41 6
15 42 8
15 43 5
15 44 5
15 45 4
15 46 5
15 47 8
15 48 5
15 49 5
15 50 4
15 51 5
15 52 5
15 53 5
15 54 1
15 55 5
15 56 6
15 57 5
15 58 4
15 59 4
15 60 5
15 61 2
15 62 4
15 63 5
15 64 3
15 65 1
15 66 1
15 67 4
15 68 4
15 69 3
15 70 1
15 71 4
15 72 3
15 73 2
15 74 6
15 75 5
15 76 5
15 77 3
15 78 3
15 79 6
15 80 4
15 81 5
15 82 5
15 83 1
15 84 7
15 85 4
15 86 4
15 87 6
15 88 8
15 89 5
15 90 5
15 91 5
15 92 1
15 93 6
15 94 2
15 95 2
15 96 5
15 97 2
15 98 4
15 99 7
16 17 1
16 18 3
16 19 4
16 20 1
16 21 6
16 22 6
16 23 6
16 24 3
16 25 1
16 26 2
16 27 1
16 28 4
16 29 5
16 30 6
16 31 5
16 32 5
16 33 2
16 34 2
16 35 4
16 36 5
16 37 5
16 38 7
16 39 6
16 40 5
16 41 4
16 42 2
16 43 1
16 44 4
16 45 5
16 46 2
16 47 2
16 48 4
16 49 2
16 50 7
16 51 1
16 52 3
16 53 2
16 54 7
16 55 3
16 56 5
16 57 4
16 58 4
16 59 5
16 60 3
16 61 5
16 62 7
16 63 7
16 64 3
16 65 6
16 66 7
16 67 3
16 68 2
16 69 6
16 70 5
16 71 3
16 72 3
16 73 5
16 74 1
16 75 4
16 76 3
16 77 3
16 78 4
16 79 2
16 80 3
16 81 3
16 82 1
16 83 5
16 84 3
16 85 3
16 86 2
16 87 5
16 88 3
16 89 3
16 90 1
16 91 7
16 92 6
16 93 3
16 94 4
16 95 5
16 96 1
16 97 5
16 98 2
16 99 1
17 18 3
17 19 4
17 20 1
17 21 6
17 22 6
17 23 6
17 24 3
17 25 1
17 26 2
17 27 2
17 28 4
17 29 5
17 30 6
17 31 5
17 32 5
17 33 3
17 34 2
17 35 4
17 36 5
17 37 5
17 38 7
17 39 6
17 40 5
17 41 4
17 42 2
17 43 1
17 44 4
17 45 5
17 46 2
17 47 2
17 48 4
17 49 2
17 50 7
17 51 1
17 52 3
17 53 2
17 54 7
17 55 3
17 56 5
17 57 4
17 58 4
17 59 5
17 60 3
17 61 5
17 62 7
17 63 7
17 64 3
17 65 6
17 66 7
17 67 3
17 68 2
17 69 6
17 70 5
17 71 3
17 72 3
17 73 5
17 74 1
17 75 4
17 76 3
17 77 3
17 78 4
17 79 2
17 80 3
17 81 3
17 82 1
17 83 5
17 84 3
17 85 3
17 86 2
17 87 5
17 88 3
17 89 3
17 90 1
17 91 7
17 92 6
17 93 3
17 94 4
17 95 5
17 96 1
17 97 5
17 98 2
17 99 1
18 19 1
18 20 3
18 21 4
18 22 3
18 23 4
18 24 5
18 25 4
18 26 2
18 27 2
18 28 1
18 29 4
18 30 7
18 31 3
18 32 2
18 33 1
18 34 1
18 35 6
18 36 4
18 37 6
18 38 4
18 39 3
18 40 2
18 41 1
18 42 2
18 43 2
18 44 1
18 45 2
18 46 5
18 47 2
18 48 1
18 49 3
18 50 4
18 51 3
18 52 6
18 53 4
18 54 6
18 55 6
18 56 2
18 57 1
18 58 6
18 59 2
18 60 6
18 61 4
18 62 4
18 63 4
18 64 4
18 65 5
18 66 6
18 67 5
18 68 4
18 69 4
18 70 6
18 71 3
18 72 4
18 73 4
18 74 2
18 75 1
18 76 6
18 77 5
18 78 4
18 79 1
18 80 5
18 81 2
18 82 4
18 83 6
18 84 1
18 85 5
18 86 4
18 87 2
18 88 2
18 89 6
18 90 3
18 91 4
18 92 6
18 93 1
18 94 5
18 95 6
18 96 3
18 97 6
18 98 3
18 99 2
19 20 4
19 21 4
19 22 3
19 23 4
19 24 6
19 25 5
19 26 2
19 27 3
19 28 1
19 29 4
19 30 7
19 31 3
19 32 1
19 33 2
19 34 2
19 35 7
19 36 4
19 37 7
19 38 4
19 39 3
19 40 2
19 41 1
19 42 3
19 43 3
19 44 1
19 45 2
19 46 6
19 47 2
19 48 2
19 49 4
19 50 4
19 51 4
19 52 7
19 53 5
19 54 6
19 55 7
19 56 1
19 57 1
19 58 7
19 59 2
19 60 7
19 61 4
19 62 4
19 63 4
19 64 5
19 65 5
19 66 6
19 67 6
19 68 5
19 69 4
19 70 6
19 71 4
19 72 5
19 73 4
19 74 3
19 75 1
19 76 7
19 77 6
19 78 4
19 79 2
19 80 6
19 81 3
19 82 5
19 83 6
19 84 1
19 85 6
19 86 5
19 87 2
19 88 2
19 89 7
19 90 4
19 91 4
19 92 6
19 93 1
19 94 6
19 95 6
19 96 4
19 97 7
19 98 4
19 99 3
20 21 5
20 22 5
20 23 5
20 24 2
20 25 1
20 26 3
20 27 2
20 28 4
20 29 4
20 30 5
20 31 4
20 32 5
20 33 3
20 34 3
20 35 3
20 36 4
20 37 4
20 38 6
20 39 6
20 40 4
20 41 4
20 42 3
20 43 1
20 44 4
20 45 5
20 46 2
20 47 3
20 48 3
20 49 1
20 50 6
20 51 1
20 52 3
20 53 1
20 54 6
20 55 3
20 56 5
20 57 4
20 58 3
20 59 4
20 60 3
20 61 4
20 62 6
20 63 6
20 64 2
20 65 5
20 66 6
20 67 3
20 68 2
20 69 5
20 70 4
20 71 2
20 72 2
20 73 4
20 74 1
20 75 4
20 76 3
20 77 3
20 78 3
20 79 2
20 80 3
20 81 2
20 82 1
20 83 4
20 84 4
20 85 2
20 86 1
20 87 5
20 88 4
20 89 3
20 90 1
20 91 6
20 92 5
20 93 3
20 94 3
20 95 4
20 96 1
20 97 4
20 98 1
20 99 2
21 22 1
21 23 1
21 24 7
21 25 6
21 26 6
21 27 6
21 28 3
21 29 2
21 30 4
21 31 2
21 32 4
21 33 5
21 34 5
21 35 6
21 36 1
21 37 4
21 38 3
21 39 2
21 40 2
21 41 4
21 42 6
21 43 5
21 44 3
21 45 2
21 46 7
21 47 6
21 48 3
21 49 4
21 50 2
21 51 6
21 52 7
21 53 6
21 54 3
21 55 7
21 56 4
21 57 3
21 58 6
21 59 3
21 60 7
21 61 1
21 62 1
21 63 3
21 64 5
21 65 2
21 66 2
21 67 6
21 68 6
21 69 1
21 70 3
21 71 3
21 72 5
21 73 1
21 74 6
21 75 3
21 76 7
21 77 5
21 78 2
21 79 5
21 80 6
21 81 4
21 82 6
21 83 4
21 84 5
21 85 6
21 86 6
21 87 3
21 88 6
21 89 7
21 90 5
21 91 2
21 92 3
21 93 4
21 94 4
21 95 4
21 96 5
21 97 4
21 98 4
21 99 6
22 23 1
22 24 7
22 25 6
22 26 5
22 27 5
22 28 2
22 29 2
22 30 5
22 31 1
22 32 3
22 33 4
22 34 4
22 35 6
22 36 1
22 37 5
22 38 2
22 39 2
22 40 1
22 41 3
22 42 5
22 43 5
22 44 2
22 45 1
22 46 7
22 47 5
22 48 2
22 49 4
22 50 1
22 51 6
22 52 7
22 53 6
22 54 4
22 55 7
22 56 3
22 57 2
22 58 6
22 59 2
22 60 7
22 61 2
22 62 1
22 63 2
22 64 5
22 65 3
22 66 3
22 67 6
22 68 6
22 69 1
22 70 4
22 71 3
22 72 5
22 73 2
22 74 5
22 75 2
22 76 7
22 77 5
22 78 2
22 79 4
22 80 6
22 81 3
22 82 6
22 83 4
22 84 4
22 85 6
22 86 6
22 87 2
22 88 5
22 89 7
22 90 5
22 91 2
22 92 4
22 93 3
22 94 4
22 95 4
22 96 5
22 97 5
22 98 4
22 99 5
23 24 7
23 25 6
23 26 6
23 27 6
23 28 3
23 29 2
23 30 4
23 31 2
23 32 4
23 33 5
23 34 5
23 35 6
23 36 2
23 37 4
23 38 2
23 39 2
23 40 2
23 41 4
23 42 6
23 43 5
23 44 3
23 45 2
23 46 7
23 47 6
23 48 3
23 49 4
23 50 1
23 51 6
23 52 7
23 53 6
23 54 3
23 55 7
23 56 4
23 57 3
23 58 6
23 59 3
23 60 7
23 61 1
23 62 1
23 63 2
23 64 5
23 65 2
23 66 3
23 67 6
23 68 6
23 69 1
23 70 3
23 71 3
23 72 5
23 73 2
23 74 6
23 75 3
23 76 7
23 77 5
23 78 2
23 79 5
23 80 6
23 81 4
23 82 6
23 83 4
23 84 5
23 85 6
23 86 6
23 87 3
23 88 6
23 89 7
23 90 5
23 91 2
23 92 3
23 93 4
23 94 4
23 95 4
23 96 5
23 97 4
23 98 4
23 99 6
24 25 2
24 26 5
24 27 4
24 28 6
24 29 5
24 30 5
24 31 6
24 32 7
24 33 5
24 34 5
24 35 2
24 36 6
24 37 4
24 38 8
24 39 8
24 40 6
24 41 6
24 42 5
24 43 3
24 44 6
24 45 7
24 46 1
24 47 5
24 48 5
24 49 3
24 50 8
24 51 2
24 52 1
24 53 1
24 54 6
24 55 1
24 56 7
24 57 6
24 58 2
24 59 6
24 60 1
24 61 6
24 62 8
24 63 8
24 64 2
24 65 5
24 66 6
24 67 1
24 68 1
24 69 7
24 70 4
24 71 4
24 72 2
24 73 6
24 74 3
24 75 6
24 76 1
24 77 2
24 78 5
24 79 4
24 80 1
24 81 4
24 82 2
24 83 4
24 84 6
24 85 1
24 86 1
24 87 7
24 88 6
24 89 1
24 90 2
24 91 8
24 92 5
24 93 5
24 94 3
24 95 4
24 96 2
24 97 4
24 98 3
24 99 4
25 26 3
25 27 2
25 28 5
25 29 5
25 30 6
25 31 5
25 32 6
25 33 3
25 34 3
25 35 4
25 36 5
25 37 5
25 38 7
25 39 7
25 40 5
25 41 5
25 42 3
25 43 2
25 44 5
25 45 6
25 46 2
25 47 3
25 48 4
25 49 2
25 50 7
25 51 1
25 52 3
25 53 1
25 54 7
25 55 3
25 56 6
25 57 5
25 58 3
25 59 5
25 60 3
25 61 5
25 62 7
25 63 7
25 64 3
25 65 6
25 66 7
25 67 3
25 68 2
25 69 6
25 70 5
25 71 3
25 72 3
25 73 5
25 74 2
25 75 5
25 76 3
25 77 3
25 78 4
25 79 3
25 80 3
25 81 3
25 82 1
25 83 5
25 84 4
25 85 3
25 86 2
25 87 6
25 88 4
25 89 3
25 90 2
25 91 7
25 92 6
25 93 4
25 94 4
25 95 5
25 96 1
25 97 5
25 98 2
25 99 2
26 27 1
26 28 3
26 29 6
26 30 8
26 31 5
26 32 3
26 33 1
26 34 1
26 35 6
26 36 6
26 37 7
26 38 6
26 39 5
26 40 4
26 41 2
26 42 1
26 43 3
26 44 3
26 45 4
26 46 4
26 47 1
26 48 3
26 49 4
26 50 6
26 51 3
26 52 5
26 53 4
26 54 8
26 55 5
26 56 3
26 57 3
26 58 6
26 59 4
26 60 5
26 61 6
26 62 6
26 63 6
26 64 5
26 65 7
26 66 8
26 67 5
26 68 4
26 69 6
26 70 7
26 71 5
26 72 5
26 73 6
26 74 2
26 75 3
26 76 5
26 77 5
26 78 6
26 79 2
26 80 5
26 81 4
26 82 3
26 83 7
26 84 2
26 85 5
26 86 4
26 87 4
26 88 1
26 89 5
26 90 3
26 91 6
26 92 8
26 93 2
26 94 6
26 95 7
26 96 3
26 97 7
26 98 4
26 99 1
27 28 3
27 29 6
27 30 7
27 31 5
27 32 4
27 33 1
27 34 1
27 35 5
27 36 6
27 37 6
27 38 6
27 39 5
27 40 4
27 41 3
27 42 1
27 43 2
27 44 3
27 45 4
27 46 3
27 47 1
27 48 3
27 49 3
27 50 6
27 51 2
27 52 4
27 53 3
27 54 8
27 55 4
27 56 4
27 57 3
27 58 5
27 59 4
27 60 4
27 61 6
27 62 6
27 63 6
27 64 4
27 65 7
27 66 8
27 67 4
27 68 3
27 69 6
27 70 6
27 71 4
27 72 4
27 73 6
27 74 1
27 75 3
27 76 4
27 77 4
27 78 5
27 79 1
27 80 4
27 81 4
27 82 2
27 83 6
27 84 2
27 85 4
27 86 3
27 87 4
27 88 2
27 89 4
27 90 2
27 91 6
27 92 7
27 93 2
27 94 5
27 95 6
27 96 2
27 97 6
27 98 3
27 99 1
28 29 3
28 30 6
28 31 2
28 32 1
28 33 2
28 34 2
28 35 6
28 36 3
28 37 6
28 38 3
28 39 3
28 40 1
28 41 1
28 42 3
28 43 3
28 44 1
28 45 1
28 46 6
28 47 3
28 48 1
28 49 3
28 50 3
28 51 4
28 52 6
28 53 5
28 54 5
28 55 6
28 56 1
28 57 1
28 58 6
28 59 1
28 60 7
28 61 3
28 62 3
28 63 3
28 64 4
28 65 4
28 66 5
28 67 6
28 68 5
28 69 3
28 70 5
28 71 3
28 72 4
28 73 3
28 74 3
28 75 1
28 76 7
28 77 5
28 78 3
28 79 2
28 80 6
28 81 2
28 82 5
28 83 5
28 84 2
28 85 5
28 86 5
28 87 2
28 88 3
28 89 7
28 90 4
28 91 3
28 92 5
28 93 2
28 94 5
28 95 5
28 96 4
28 97 6
28 98 3
28 99 3
29 30 3
29 31 1
29 32 4
29 33 5
29 34 5
29 35 4
29 36 1
29 37 3
29 38 4
29 39 4
29 40 2
29 41 4
29 42 6
29 43 4
29 44 3
29 45 2
29 46 5
29 47 6
29 48 3
29 49 3
29 50 3
29 51 5
29 52 5
29 53 5
29 54 3
29 55 5
29 56 4
29 57 3
29 58 4
29 59 2
29 60 5
29 61 1
29 62 3
29 63 4
29 64 3
29 65 2
29 66 2
29 67 4
29 68 4
29 69 2
29 70 2
29 71 2
29 72 3
29 73 1
29 74 5
29 75 3
29 76 5
29 77 3
29 78 1
29 79 5
29 80 4
29 81 3
29 82 5
29 83 2
29 84 5
29 85 4
29 86 4
29 87 4
29 88 6
29 89 5
29 90 4
29 91 4
29 92 2
29 93 4
29 94 2
29 95 2
29 96 4
29 97 3
29 98 3
29 99 6
30 31 4
30 32 7
30 33 7
30 34 7
30 35 3
30 36 4
30 37 1
30 38 6
30 39 6
30 40 5
30 41 7
30 42 8
30 43 5
30 44 6
30 45 5
30 46 5
30 47 8
30 48 6
30 49 5
30 50 5
30 51 5
30 52 4
30 53 5
30 54 2
30 55 4
30 56 7
30 57 6
30 58 3
30 59 5
30 60 5
30 61 3
30 62 5
30 63 6
30 64 3
30 65 2
30 66 2
30 67 4
30 68 4
30 69 4
30 70 1
30 71 4
30 72 3
30 73 3
30 74 6
30 75 6
30 76 5
30 77 3
30 78 3
30 79 6
30 80 4
30 81 5
30 82 5
30 83 1
30 84 8
30 85 4
30 86 4
30 87 7
30 88 8
30 89 5
30 90 5
30 91 6
30 92 2
30 93 7
30 94 2
30 95 1
30 96 5
30 97 1
30 98 4
30 99 7
31 32 3
31 33 4
31 34 4
31 35 5
31 36 1
31 37 4
31 38 3
31 39 3
31 40 1
31 41 3
31 42 5
31 43 4
31 44 2
31 45 1
31 46 6
31 47 5
31 48 2
31 49 3
31 50 2
31 51 5
31 52 6
31 53 5
31 54 3
31 55 6
31 56 3
31 57 2
31 58 5
31 59 1
31 60 6
31 61 1
31 62 2
31 63 3
31 64 4
31 65 2
31 66 3
31 67 5
31 68 5
31 69 2
31 70 3
31 71 2
31 72 4
31 73 1
31 74 5
31 75 2
31 76 6
31 77 4
31 78 1
31 79 4
31 80 5
31 81 3
31 82 5
31 83 3
31 84 4
31 85 5
31 86 5
31 87 3
31 88 5
31 89 6
31 90 4
31 91 3
31 92 3
31 93 3
31 94 3
31 95 3
31 96 4
31 97 4
31 98 3
31 99 5
32 33 3
32 34 3
32 35 7
32 36 4
32 37 7
32 38 3
32 39 2
32 40 2
32 41 1
32 42 4
32 43 4
32 44 1
32 45 2
32 46 7
32 47 3
32 48 2
32 49 4
32 50 3
32 51 5
32 52 7
32 53 6
32 54 6
32 55 7
32 56 1
32 57 1
32 58 7
32 59 2
32 60 8
32 61 4
32 62 3
32 63 3
32 64 5
32 65 5
32 66 6
32 67 7
32 68 6
32 69 4
32 70 6
32 71 4
32 72 5
32 73 4
32 74 4
32 75 2
32 76 8
32 77 6
32 78 4
32 79 3
32 80 7
32 81 3
32 82 6
32 83 6
32 84 2
32 85 6
32 86 6
32 87 1
32 88 3
32 89 8
32 90 5
32 91 3
32 92 6
32 93 2
32 94 6
32 95 6
32 96 5
32 97 7
32 98 4
32 99 4
33 34 1
33 35 6
33 36 5
33 37 6
33 38 5
33 39 4
33 40 3
33 41 2
33 42 2
33 43 2
33 44 2
33 45 3
33 46 4
33 47 1
33 48 2
33 49 3
33 50 5
33 51 3
33 52 5
33 53 4
33 54 7
33 55 5
33 56 3
33 57 2
33 58 6
33 59 3
33 60 5
33 61 5
33 62 5
33 63 5
33 64 4
33 65 6
33 66 7
33 67 5
33 68 4
33 69 5
33 70 6
33 71 4
33 72 4
33 73 5
33 74 2
33 75 2
33 76 5
33 77 5
33 78 5
33 79 1
33 80 5
33 81 3
33 82 3
33 83 6
33 84 1
33 85 5
33 86 4
33 87 3
33 88 1
33 89 5
33 90 3
33 91 5
33 92 7
33 93 1
33 94 5
33 95 6
33 96 3
33 97 6
33 98 3
33 99 2
34 35 6
34 36 5
34 37 6
34 38 5
34 39 4
34 40 3
34 41 2
34 42 1
34 43 2
34 44 2
34 45 3
34 46 4
34 47 1
34 48 2
34 49 3
34 50 5
34 51 3
34 52 5
34 53 4
34 54 7
34 55 5
34 56 3
34 57 2
34 58 6
34 59 3
34 60 5
34 61 5
34 62 5
34 63 5
34 64 4
34 65 6
34 66 7
34 67 5
34 68 4
34 69 5
34 70 6
34 71 4
34 72 4
34 73 5
34 74 2
34 75 2
34 76 5
34 77 5
34 78 5
34 79 1
34 80 5
34 81 3
34 82 3
34 83 6
34 84 1
34 85 5
34 86 4
34 87 3
34 88 1
34 89 5
34 90 3
34 91 5
34 92 7
34 93 1
34 94 5
34 95 6
34 96 3
34 97 6
34 98 3
34 99 1
35 36 5
35 37 2
35 38 8
35 39 8
35 40 6
35 41 7
35 42 6
35 43 4
35 44 6
35 45 6
35 46 2
35 47 6
35 48 5
35 49 4
35 50 7
35 51 3
35 52 2
35 53 3
35 54 5
35 55 2
35 56 7
35 57 6
35 58 1
35 59 6
35 60 2
35 61 5
35 62 7
35 63 8
35 64 2
35 65 4
35 66 5
35 67 1
35 68 2
35 69 6
35 70 3
35 71 4
35 72 2
35 73 5
35 74 4
35 75 6
35 76 2
35 77 1
35 78 4
35 79 5
35 80 2
35 81 4
35 82 3
35 83 3
35 84 7
35 85 1
35 86 2
35 87 7
35 88 7
35 89 2
35 90 3
35 91 8
35 92 4
35 93 6
35 94 2
35 95 3
35 96 3
35 97 2
35 98 3
35 99 5
36 37 4
36 38 3
36 39 3
36 40 2
36 41 4
36 42 6
36 43 4
36 44 3
36 45 2
36 46 6
36 47 6
36 48 3
36 49 3
36 50 2
36 51 5
36 52 6
36 53 5
36 54 3
36 55 6
36 56 4
36 57 3
36 58 5
36 59 2
36 60 6
36 61 1
36 62 2
36 63 3
36 64 4
36 65 2
36 66 3
36 67 5
36 68 5
36 69 2
36 70 3
36 71 2
36 72 4
36 73 1
36 74 5
36 75 3
36 76 6
36 77 4
36 78 1
36 79 5
36 80 5
36 81 3
36 82 5
36 83 3
36 84 5
36 85 5
36 86 5
36 87 3
36 88 6
36 89 6
36 90 4
36 91 3
36 92 3
36 93 4
36 94 3
36 95 3
36 96 4
36 97 4
36 98 3
36 99 6
37 38 6
37 39 6
37 40 5
37 41 7
37 42 7
37 43 4
37 44 6
37 45 5
37 46 4
37 47 7
37 48 5
37 49 4
37 50 5
37 51 4
37 52 3
37 53 4
37 54 3
37 55 3
37 56 7
37 57 6
37 58 2
37 59 5
37 60 4
37 61 3
37 62 5
37 63 6
37 64 2
37 65 2
37 66 3
37 67 3
37 68 3
37 69 4
37 70 1
37 71 4
37 72 2
37 73 3
37 74 5
37 75 6
37 76 4
37 77 2
37 78 3
37 79 5
37 80 3
37 81 4
37 82 4
37 83 1
37 84 7
37 85 3
37 86 3
37 87 7
37 88 7
37 89 4
37 90 4
37 91 6
37 92 2
37 93 6
37 94 1
37 95 1
37 96 4
37 97 1
37 98 3
37 99 6
38 39 1
38 40 2
38 41 4
38 42 6
38 43 6
38 44 3
38 45 2
38 46 8
38 47 6
38 48 3
38 49 5
38 50 1
38 51 7
38 52 8
38 53 7
38 54 5
38 55 8
38 56 3
38 57 3
38 58 8
38 59 3
38 60 9
38 61 3
38 62 2
38 63 1
38 64 6
38 65 4
38 66 5
38 67 8
38 68 7
38 69 3
38 70 5
38 71 5
38 72 6
38 73 4
38 74 6
38 75 3
38 76 9
38 77 7
38 78 4
38 79 5
38 80 8
38 81 4
38 82 7
38 83 6
38 84 5
38 85 7
38 86 7
38 87 2
38 88 6
38 89 9
38 90 6
38 91 1
38 92 5
38 93 4
38 94 6
38 95 6
38 96 6
38 97 6
38 98 5
38 99 6
39 40 2
39 41 3
39 42 5
39 43 5
39 44 3
39 45 2
39 46 8
39 47 5
39 48 3
39 49 5
39 50 1
39 51 6
39 52 8
39 53 7
39 54 5
39 55 8
39 56 2
39 57 2
39 58 8
39 59 3
39 60 9
39 61 3
39 62 1
39 63 1
39 64 6
39 65 4
39 66 4
39 67 8
39 68 7
39 69 3
39 70 5
39 71 5
39 72 6
39 73 3
39 74 5
39 75 3
39 76 9
39 77 7
39 78 4
39 79 4
39 80 8
39 81 4
39 82 7
39 83 6
39 84 4
39 85 7
39 86 7
39 87 1
39 88 5
39 89 9
39 90 6
39 91 1
39 92 5
39 93 4
39 94 6
39 95 6
39 96 6
39 97 6
39 98 5
39 99 5
40 41 2
40 42 4
40 43 4
40 44 1
40 45 1
40 46 6
40 47 4
40 48 1
40 49 3
40 50 2
40 51 5
40 52 6
40 53 5
40 54 4
40 55 6
40 56 2
40 57 1
40 58 6
40 59 1
40 60 7
40 61 2
40 62 2
40 63 2
40 64 4
40 65 3
40 66 4
40 67 6
40 68 5
40 69 2
40 70 4
40 71 3
40 72 4
40 73 2
40 74 4
40 75 1
40 76 7
40 77 5
40 78 2
40 79 3
40 80 6
40 81 2
40 82 5
40 83 4
40 84 3
40 85 5
40 86 5
40 87 2
40 88 4
40 89 7
40 90 4
40 91 2
40 92 4
40 93 2
40 94 4
40 95 4
40 96 4
40 97 5
40 98 3
40 99 4
41 42 3
41 43 3
41 44 1
41 45 2
41 46 6
41 47 2
41 48 2
41 49 4
41 50 4
41 51 4
41 52 7
41 53 5
41 54 6
41 55 7
41 56 1
41 57 1
41 58 7
41 59 2
41 60 7
41 61 4
41 62 4
41 63 4
41 64 5
41 65 5
41 66 6
41 67 6
41 68 5
41 69 4
41 70 6
41 71 4
41 72 5
41 73 4
41 74 3
41 75 1
41 76 7
41 77 6
41 78 4
41 79 2
41 80 6
41 81 3
41 82 5
41 83 6
41 84 1
41 85 6
41 86 5
41 87 2
41 88 2
41 89 7
41 90 4
41 91 4
41 92 6
41 93 1
41 94 6
41 95 6
41 96 4
41 97 7
41 98 4
41 99 3
42 43 3
42 44 3
42 45 4
42 46 4
42 47 1
42 48 3
42 49 4
42 50 6
42 51 3
42 52 5
42 53 4
42 54 8
42 55 5
42 56 4
42 57 3
42 58 6
42 59 4
42 60 5
42 61 6
42 62 6
42 63 6
42 64 5
42 65 7
42 66 8
42 67 5
42 68 4
42 69 6
42 70 7
42 71 5
42 72 5
42 73 6
42 74 2
42 75 3
42 76 5
42 77 5
42 78 6
42 79 2
42 80 5
42 81 4
42 82 3
42 83 7
42 84 2
42 85 5
42 86 4
42 87 4
42 88 2
42 89 5
42 90 3
42 91 6
42 92 8
42 93 2
42 94 6
42 95 7
42 96 3
42 97 7
42 98 4
42 99 1
43 44 3
43 45 4
43 46 3
43 47 3
43 48 3
43 49 1
43 50 6
43 51 1
43 52 4
43 53 2
43 54 6
43 55 4
43 56 4
43 57 3
43 58 4
43 59 4
43 60 4
43 61 4
43 62 6
43 63 6
43 64 2
43 65 5
43 66 6
43 67 3
43 68 2
43 69 5
43 70 4
43 71 2
43 72 2
43 73 4
43 74 1
43 75 3
43 76 4
43 77 3
43 78 3
43 79 1
43 80 3
43 81 2
43 82 2
43 83 4
43 84 3
43 85 3
43 86 2
43 87 4
43 88 3
43 89 4
43 90 1
43 91 6
43 92 5
43 93 2
43 94 3
43 95 4
43 96 1
43 97 4
43 98 1
43 99 2
44 45 2
44 46 6
44 47 3
44 48 1
44 49 3
44 50 3
44 51 4
44 52 6
44 53 5
44 54 5
44 55 6
44 56 1
44 57 1
44 58 6
44 59 1
44 60 7
44 61 3
44 62 3
44 63 3
44 64 4
44 65 4
44 66 5
44 67 6
44 68 5
44 69 3
44 70 5
44 71 3
44 72 4
44 73 3
44 74 3
44 75 1
44 76 7
44 77 5
44 78 3
44 79 2
44 80 6
44 81 2
44 82 5
44 83 5
44 84 2
44 85 5
44 86 5
44 87 2
44 88 3
44 89 7
44 90 4
44 91 3
44 92 5
44 93 1
44 94 5
44 95 5
44 96 4
44 97 6
44 98 3
44 99 3
45 46 7
45 47 4
45 48 2
45 49 4
45 50 2
45 51 5
45 52 7
45 53 6
45 54 4
45 55 7
45 56 2
45 57 1
45 58 6
45 59 1
45 60 7
45 61 2
45 62 2
45 63 2
45 64 5
45 65 3
45 66 4
45 67 6
45 68 6
45 69 2
45 70 4
45 71 3
45 72 5
45 73 2
45 74 4
45 75 1
45 76 7
45 77 5
45 78 2
45 79 3
45 80 6
45 81 3
45 82 6
45 83 4
45 84 3
45 85 6
45 86 6
45 87 2
45 88 4
45 89 7
45 90 5
45 91 2
45 92 4
45 93 3
45 94 4
45 95 4
45 96 5
45 97 5
45 98 4
45 99 4
46 47 4
46 48 5
46 49 3
46 50 8
46 51 2
46 52 1
46 53 1
46 54 6
46 55 1
46 56 7
46 57 6
46 58 2
46 59 6
46 60 1
46 61 6
46 62 8
46 63 8
46 64 2
46 65 5
46 66 6
46 67 1
46 68 1
46 69 7
46 70 4
46 71 4
46 72 2
46 73 6
46 74 3
46 75 6
46 76 1
46 77 2
46 78 5
46 79 4
46 80 1
46 81 4
46 82 1
46 83 4
46 84 5
46 85 2
46 86 1
46 87 7
46 88 5
46 89 1
46 90 2
46 91 8
46 92 5
46 93 5
46 94 3
46 95 4
46 96 2
46 97 4
46 98 3
46 99 3
47 48 3
47 49 4
47 50 6
47 51 3
47 52 5
47 53 4
47 54 8
47 55 5
47 56 3
47 57 3
47 58 6
47 59 4
47 60 5
47 61 6
47 62 6
47 63 6
47 64 5
47 65 7
47 66 8
47 67 5
47 68 4
47 69 6
47 70 7
47 71 5
47 72 5
47 73 6
47 74 2
47 75 3
47 76 5
47 77 5
47 78 6
47 79 2
47 80 5
47 81 4
47 82 3
47 83 7
47 84 1
47 85 5
47 86 4
47 87 4
47 88 1
47 89 5
47 90 3
47 91 6
47 92 8
47 93 2
47 94 6
47 95 7
47 96 3
47 97 7
47 98 4
47 99 1
48 49 2
48 50 3
48 51 4
48 52 5
48 53 4
48 54 5
48 55 5
48 56 2
48 57 1
48 58 5
48 59 1
48 60 6
48 61 3
48 62 3
48 63 3
48 64 3
48 65 4
48 66 5
48 67 5
48 68 4
48 69 3
48 70 5
48 71 2
48 72 3
48 73 3
48 74 3
48 75 1
48 76 6
48 77 4
48 78 3
48 79 2
48 80 5
48 81 1
48 82 4
48 83 5
48 84 2
48 85 4
48 86 4
48 87 2
48 88 3
48 89 6
48 90 3
48 91 3
48 92 5
48 93 2
48 94 4
48 95 5
48 96 3
48 97 5
48 98 2
48 99 3
49 50 5
49 51 2
49 52 4
49 53 2
49 54 5
49 55 4
49 56 4
49 57 3
49 58 4
49 59 3
49 60 4
49 61 3
49 62 5
49 63 5
49 64 2
49 65 4
49 66 5
49 67 3
49 68 2
49 69 4
49 70 4
49 71 1
49 72 2
49 73 3
49 74 2
49 75 3
49 76 4
49 77 3
49 78 2
49 79 2
49 80 3
49 81 1
49 82 2
49 83 4
49 84 4
49 85 3
49 86 2
49 87 4
49 88 4
49 89 4
49 90 1
49 91 5
49 92 5
49 93 3
49 94 3
49 95 4
49 96 1
49 97 4
49 98 1
49 99 3
50 51 7
50 52 8
50 53 7
50 54 4
50 55 8
50 56 3
50 57 3
50 58 7
50 59 3
50 60 8
50 61 2
50 62 1
50 63 1
50 64 6
50 65 3
50 66 4
50 67 7
50 68 7
50 69 2
50 70 4
50 71 4
50 72 6
50 73 3
50 74 6
50 75 3
50 76 8
50 77 6
50 78 3
50 79 5
50 80 7
50 81 4
50 82 7
50 83 5
50 84 5
50 85 7
50 86 7
50 87 2
50 88 6
50 89 8
50 90 6
50 91 1
50 92 4
50 93 4
50 94 5
50 95 5
50 96 6
50 97 5
50 98 5
50 99 6
51 52 3
51 53 1
51 54 6
51 55 3
51 56 5
51 57 4
51 58 3
51 59 5
51 60 3
51 61 5
51 62 7
51 63 7
51 64 2
51 65 5
51 66 6
51 67 3
51 68 2
51 69 6
51 70 4
51 71 3
51 72 2
51 73 5
51 74 1
51 75 4
51 76 3
51 77 3
51 78 4
51 79 2
51 80 3
51 81 3
51 82 1
51 83 4
51 84 4
51 85 2
51 86 1
51 87 5
51 88 4
51 89 3
51 90 1
51 91 7
51 92 5
51 93 3
51 94 3
51 95 4
51 96 1
51 97 4
51 98 2
51 99 2
52 53 2
52 54 6
52 55 1
52 56 7
52 57 6
52 58 1
52 59 6
52 60 1
52 61 6
52 62 8
52 63 8
52 64 2
52 65 5
52 66 6
52 67 1
52 68 2
52 69 7
52 70 4
52 71 4
52 72 2
52 73 6
52 74 4
52 75 6
52 76 1
52 77 2
52 78 5
52 79 5
52 80 1
52 81 4
52 82 2
52 83 4
52 84 6
52 85 1
52 86 2
52 87 7
52 88 6
52 89 1
52 90 3
52 91 8
52 92 5
52 93 6
52 94 3
52 95 4
52 96 3
52 97 3
52 98 3
52 99 4
53 54 6
53 55 2
53 56 6
53 57 5
53 58 2
53 59 5
53 60 2
53 61 5
53 62 7
53 63 7
53 64 2
53 65 5
53 66 6
53 67 2
53 68 1
53 69 6
53 70 4
53 71 3
53 72 2
53 73 5
53 74 2
53 75 5
53 76 2
53 77 2
53 78 4
53 79 3
53 80 2
53 81 3
53 82 1
53 83 4
53 84 5
53 85 2
53 86 1
53 87 6
53 88 5
53 89 2
53 90 2
53 91 7
53 92 5
53 93 4
53 94 3
53 95 4
53 96 1
53 97 4
53 98 2
53 99 3
54 55 6
54 56 6
54 57 5
54 58 5
54 59 4
54 60 6
54 61 2
54 62 4
54 63 5
54 64 4
54 65 1
54 66 1
54 67 5
54 68 5
54 69 3
54 70 2
54 71 4
54 72 4
54 73 2
54 74 7
54 75 5
54 76 6
54 77 4
54 78 3
54 79 7
54 80 5
54 81 5
54 82 6
54 83 2
54 84 7
54 85 5
54 86 5
54 87 6
54 88 8
54 89 6
54 90 6
54 91 5
54 92 1
54 93 6
54 94 3
54 95 3
54 96 6
54 97 3
54 98 5
54 99 8
55 56 7
55 57 6
55 58 1
55 59 6
55 60 1
55 61 6
55 62 8
55 63 8
55 64 2
55 65 5
55 66 6
55 67 1
55 68 2
55 69 7
55 70 4
55 71 4
55 72 2
55 73 6
55 74 4
55 75 6
55 76 1
55 77 2
55 78 5
55 79 5
55 80 1
55 81 4
55 82 2
55 83 4
55 84 6
55 85 1
55 86 2
55 87 7
55 88 6
55 89 1
55 90 3
55 91 8
55 92 5
55 93 6
55 94 3
55 95 4
55 96 3
55 97 3
55 98 3
55 99 4
56 57 1
56 58 7
56 59 2
56 60 8
56 61 4
56 62 3
56 63 3
56 64 5
56 65 5
56 66 6
56 67 7
56 68 6
56 69 4
56 70 6
56 71 4
56 72 5
56 73 4
56 74 4
56 75 1
56 76 8
56 77 6
56 78 4
56 79 3
56 80 7
56 81 3
56 82 6
56 83 6
56 84 2
56 85 6
56 86 6
56 87 1
56 88 3
56 89 8
56 90 5
56 91 3
56 92 6
56 93 2
56 94 6
56 95 6
56 96 5
56 97 7
56 98 4
56 99 4
57 58 6
57 59 1
57 60 7
57 61 3
57 62 3
57 63 3
57 64 4
57 65 4
57 66 5
57 67 6
57 68 5
57 69 3
57 70 5
57 71 3
57 72 4
57 73 3
57 74 3
57 75 1
57 76 7
57 77 5
57 78 3
57 79 2
57 80 6
57 81 2
57 82 5
57 83 5
57 84 2
57 85 5
57 86 5
57 87 1
57 88 3
57 89 7
57 90 4
57 91 3
57 92 5
57 93 2
57 94 5
57 95 5
57 96 4
57 97 6
57 98 3
57 99 3
58 59 6
58 60 2
58 61 5
58 62 7
58 63 8
58 64 2
58 65 4
58 66 5
58 67 1
58 68 2
58 69 6
58 70 3
58 71 4
58 72 2
58 73 5
58 74 4
58 75 6
58 76 2
58 77 1
58 78 4
58 79 5
58 80 1
58 81 4
58 82 3
58 83 3
58 84 7
58 85 1
58 86 2
58 87 7
58 88 7
58 89 2
58 90 3
58 91 8
58 92 4
58 93 6
58 94 2
58 95 3
58 96 3
58 97 2
58 98 3
58 99 5
59 60 7
59 61 2
59 62 3
59 63 3
59 64 4
59 65 3
59 66 4
59 67 6
59 68 5
59 69 3
59 70 4
59 71 3
59 72 4
59 73 2
59 74 4
59 75 1
59 76 7
59 77 5
59 78 2
59 79 3
59 80 6
59 81 2
59 82 5
59 83 4
59 84 3
59 85 5
59 86 5
59 87 2
59 88 4
59 89 7
59 90 4
59 91 3
59 92 4
59 93 2
59 94 4
59 95 4
59 96 4
59 97 5
59 98 3
59 99 4
60 61 6
60 62 8
60 63 9
60 64 3
60 65 5
60 66 6
60 67 1
60 68 2
60 69 7
60 70 4
60 71 5
60 72 3
60 73 6
60 74 4
60 75 7
60 76 1
60 77 2
60 78 5
60 79 5
60 80 1
60 81 5
60 82 2
60 83 4
60 84 6
60 85 2
60 86 2
60 87 8
60 88 6
60 89 1
60 90 3
60 91 9
60 92 5
60 93 6
60 94 3
60 95 4
60 96 3
60 97 4
60 98 4
60 99 4
61 62 2
61 63 3
61 64 4
61 65 1
61 66 2
61 67 5
61 68 5
61 69 1
61 70 2
61 71 2
61 72 4
61 73 1
61 74 5
61 75 3
61 76 6
61 77 4
61 78 1
61 79 5
61 80 5
61 81 3
61 82 5
61 83 3
61 84 5
61 85 5
61 86 5
61 87 4
61 88 6
61 89 6
61 90 4
61 91 3
61 92 2
61 93 4
61 94 3
61 95 3
61 96 4
61 97 3
61 98 3
61 99 6
62 63 2
62 64 6
62 65 3
62 66 3
62 67 7
62 68 7
62 69 2
62 70 4
62 71 4
62 72 6
62 73 2
62 74 6
62 75 3
62 76 8
62 77 6
62 78 3
62 79 5
62 80 7
62 81 4
62 82 7
62 83 5
62 84 5
62 85 7
62 86 7
62 87 2
62 88 6
62 89 8
62 90 6
62 91 1
62 92 4
62 93 4
62 94 5
62 95 5
62 96 6
62 97 5
62 98 5
62 99 6
63 64 6
63 65 4
63 66 5
63 67 8
63 68 7
63 69 3
63 70 5
63 71 5
63 72 6
63 73 4
63 74 6
63 75 3
63 76 9
63 77 7
63 78 4
63 79 5
63 80 8
63 81 4
63 82 7
63 83 6
63 84 5
63 85 7
63 86 7
63 87 2
63 88 6
63 89 9
63 90 6
63 91 1
63 92 5
63 93 4
63 94 6
63 95 6
63 96 6
63 97 6
63 98 5
63 99 6
64 65 3
64 66 4
64 67 2
64 68 1
64 69 5
64 70 2
64 71 2
64 72 1
64 73 4
64 74 3
64 75 4
64 76 3
64 77 1
64 78 3
64 79 3
64 80 2
64 81 2
64 82 2
64 83 2
64 84 5
64 85 1
64 86 1
64 87 5
64 88 5
64 89 3
64 90 2
64 91 6
64 92 3
64 93 4
64 94 1
64 95 2
64 96 2
64 97 2
64 98 1
64 99 4
65 66 1
65 67 4
65 68 4
65 69 2
65 70 1
65 71 3
65 72 3
65 73 1
65 74 6
65 75 4
65 76 5
65 77 3
65 78 2
65 79 6
65 80 4
65 81 4
65 82 5
65 83 2
65 84 6
65 85 4
65 86 4
65 87 5
65 88 7
65 89 5
65 90 5
65 91 4
65 92 1
65 93 5
65 94 2
65 95 2
65 96 5
65 97 2
65 98 4
65 99 7
66 67 5
66 68 5
66 69 2
66 70 2
66 71 4
66 72 4
66 73 2
66 74 7
66 75 5
66 76 6
66 77 4
66 78 3
66 79 7
66 80 5
66 81 5
66 82 6
66 83 2
66 84 7
66 85 5
66 86 5
66 87 5
66 88 8
66 89 6
66 90 6
66 91 4
66 92 1
66 93 6
66 94 3
66 95 3
66 96 6
66 97 3
66 98 5
66 99 8
67 68 1
67 69 6
67 70 3
67 71 4
67 72 2
67 73 5
67 74 4
67 75 6
67 76 1
67 77 1
67 78 4
67 79 4
67 80 1
67 81 4
67 82 2
67 83 3
67 84 6
67 85 1
67 86 2
67 87 7
67 88 6
67 89 1
67 90 3
67 91 8
67 92 4
67 93 5
67 94 2
67 95 3
67 96 2
67 97 3
67 98 3
67 99 4
68 69 6
68 70 3
68 71 3
68 72 1
68 73 5
68 74 3
68 75 5
68 76 2
68 77 1
68 78 4
68 79 3
68 80 1
68 81 3
68 82 1
68 83 3
68 84 5
68 85 1
68 86 1
68 87 6
68 88 5
68 89 2
68 90 2
68 91 7
68 92 4
68 93 4
68 94 2
68 95 3
68 96 1
68 97 3
68 98 2
68 99 3
69 70 3
69 71 3
69 72 5
69 73 1
69 74 6
69 75 3
69 76 7
69 77 5
69 78 2
69 79 5
69 80 6
69 81 4
69 82 6
69 83 4
69 84 5
69 85 6
69 86 6
69 87 3
69 88 6
69 89 7
69 90 5
69 91 3
69 92 3
69 93 4
69 94 4
69 95 4
69 96 5
69 97 4
69 98 4
69 99 6
70 71 3
70 72 2
70 73 2
70 74 5
70 75 5
70 76 4
70 77 2
70 78 2
70 79 5
70 80 3
70 81 4
70 82 4
70 83 1
70 84 7
70 85 3
70 86 3
70 87 6
70 88 7
70 89 4
70 90 4
70 91 5
70 92 1
70 93 6
70 94 1
70 95 1
70 96 4
70 97 1
70 98 3
70 99 6
71 72 2
71 73 2
71 74 3
71 75 3
71 76 5
71 77 3
71 78 1
71 79 3
71 80 4
71 81 1
71 82 3
71 83 3
71 84 4
71 85 3
71 86 3
71 87 4
71 88 5
71 89 5
71 90 2
71 91 5
71 92 4
71 93 4
71 94 3
71 95 3
71 96 2
71 97 4
71 98 1
71 99 4
72 73 4
72 74 3
72 75 4
72 76 3
72 77 1
72 78 3
72 79 3
72 80 2
72 81 2
72 82 2
72 83 2
72 84 5
72 85 1
72 86 1
72 87 5
72 88 5
72 89 3
72 90 2
72 91 6
72 92 3
72 93 4
72 94 1
72 95 2
72 96 2
72 97 2
72 98 1
72 99 4
73 74 5
73 75 3
73 76 6
73 77 4
73 78 1
73 79 5
73 80 5
73 81 3
73 82 5
73 83 3
73 84 5
73 85 5
73 86 5
73 87 4
73 88 6
73 89 6
73 90 4
73 91 3
73 92 2
73 93 4
73 94 3
73 95 3
73 96 4
73 97 3
73 98 3
73 99 6
74 75 3
74 76 4
74 77 4
74 78 4
74 79 1
74 80 4
74 81 3
74 82 2
74 83 5
74 84 3
74 85 3
74 86 2
74 87 4
74 88 3
74 89 4
74 90 1
74 91 6
74 92 6
74 93 2
74 94 4
74 95 5
74 96 2
74 97 5
74 98 2
74 99 1
75 76 7
75 77 5
75 78 3
75 79 2
75 80 6
75 81 2
75 82 5
75 83 5
75 84 2
75 85 5
75 86 5
75 87 2
75 88 3
75 89 7
75 90 4
75 91 3
75 92 5
75 93 2
75 94 5
75 95 5
75 96 4
75 97 6
75 98 3
75 99 3
76 77 2
76 78 5
76 79 5
76 80 1
76 81 5
76 82 2
76 83 4
76 84 6
76 85 2
76 86 2
76 87 8
76 88 6
76 89 1
76 90 3
76 91 9
76 92 5
76 93 6
76 94 3
76 95 4
76 96 3
76 97 4
76 98 4
76 99 4
77 78 3
77 79 4
77 80 1
77 81 3
77 82 2
77 83 2
77 84 6
77 85 1
77 86 2
77 87 6
77 88 6
77 89 2
77 90 3
77 91 7
77 92 3
77 93 5
77 94 1
77 95 2
77 96 2
77 97 2
77 98 2
77 99 4
78 79 4
78 80 4
78 81 2
78 82 4
78 83 2
78 84 5
78 85 4
78 86 4
78 87 4
78 88 6
78 89 5
78 90 3
78 91 4
78 92 3
78 93 4
78 94 2
78 95 2
78 96 3
78 97 3
78 98 2
78 99 5
79 80 4
79 81 3
79 82 3
79 83 5
79 84 2
79 85 4
79 86 3
79 87 3
79 88 2
79 89 5
79 90 2
79 91 5
79 92 6
79 93 1
79 94 4
79 95 5
79 96 2
79 97 5
79 98 2
79 99 1
80 81 4
80 82 2
80 83 3
80 84 6
80 85 1
80 86 2
80 87 7
80 88 6
80 89 1
80 90 3
80 91 8
80 92 4
80 93 5
80 94 2
80 95 3
80 96 2
80 97 3
80 98 3
80 99 4
81 82 3
81 83 4
81 84 3
81 85 3
81 86 3
81 87 3
81 88 4
81 89 5
81 90 2
81 91 4
81 92 5
81 93 3
81 94 3
81 95 4
81 96 2
81 97 4
81 98 1
81 99 4
82 83 4
82 84 4
82 85 2
82 86 1
82 87 6
82 88 4
82 89 2
82 90 1
82 91 7
82 92 5
82 93 4
82 94 3
82 95 4
82 96 1
82 97 4
82 98 2
82 99 2
83 84 7
83 85 3
83 86 3
83 87 6
83 88 7
83 89 4
83 90 4
83 91 6
83 92 2
83 93 6
83 94 1
83 95 1
83 96 4
83 97 1
83 98 3
83 99 6
84 85 6
84 86 5
84 87 3
84 88 1
84 89 6
84 90 4
84 91 5
84 92 7
84 93 1
84 94 6
84 95 7
84 96 4
84 97 7
84 98 4
84 99 2
85 86 1
85 87 6
85 88 6
85 89 2
85 90 2
85 91 7
85 92 4
85 93 5
85 94 2
85 95 3
85 96 2
85 97 3
85 98 2
85 99 4
86 87 6
86 88 5
86 89 2
86 90 1
86 91 7
86 92 4
86 93 4
86 94 2
86 95 3
86 96 1
86 97 3
86 98 2
86 99 3
87 88 4
87 89 8
87 90 5
87 91 2
87 92 6
87 93 3
87 94 6
87 95 6
87 96 5
87 97 7
87 98 4
87 99 4
88 89 6
88 90 4
88 91 6
88 92 8
88 93 2
88 94 6
88 95 7
88 96 4
88 97 7
88 98 4
88 99 2
89 90 3
89 91 9
89 92 5
89 93 6
89 94 3
89 95 4
89 96 3
89 97 4
89 98 4
89 99 4
90 91 6
90 92 5
90 93 3
90 94 3
90 95 4
90 96 1
90 97 4
90 98 1
90 99 2
91 92 5
91 93 4
91 94 6
91 95 6
91 96 6
91 97 6
91 98 5
91 99 6
92 93 6
92 94 2
92 95 2
92 96 5
92 97 2
92 98 4
92 99 7
93 94 5
93 95 6
93 96 3
93 97 6
93 98 3
93 99 2
94 95 1
94 96 3
94 97 1
94 98 2
94 99 5
95 96 4
95 97 1
95 98 3
95 99 6
96 97 4
96 98 1
96 99 2
97 98 3
97 99 6
98 99 3
