100 
0 1 1
0 2 5
0 3 5
0 4 4
0 5 7
0 6 3
0 7 3
0 8 4
0 9 1
0 10 4
0 11 4
0 12 5
0 13 3
0 14 3
0 15 6
0 16 5
0 17 2
0 18 2
0 19 2
0 20 4
0 21 3
0 22 4
0 23 5
0 24 6
0 25 1
0 26 6
0 27 3
0 28 4
0 29 3
0 30 5
0 31 5
0 32 3
0 33 3
0 34 2
0 35 6
0 36 4
0 37 2
0 38 5
0 39 1
0 40 3
0 41 4
0 42 2
0 43 2
0 44 3
0 45 2
0 46 4
0 47 1
0 48 5
0 49 3
0 50 4
0 51 5
0 52 1
0 53 3
0 54 2
0 55 4
0 56 6
0 57 1
0 58 6
0 59 4
0 60 4
0 61 2
0 62 2
0 63 6
0 64 6
0 65 3
0 66 4
0 67 4
0 68 5
0 69 1
0 70 3
0 71 5
0 72 4
0 73 1
0 74 5
0 75 6
0 76 3
0 77 1
0 78 2
0 79 5
0 80 1
0 81 1
0 82 2
0 83 2
0 84 3
0 85 2
0 86 5
0 87 4
0 88 2
0 89 3
0 90 4
0 91 3
0 92 1
0 93 5
0 94 4
0 95 5
0 96 4
0 97 5
0 98 4
0 99 7
1 2 5
1 3 5
1 4 4
1 5 7
1 6 3
1 7 3
1 8 4
1 9 1
1 10 4
1 11 5
1 12 5
1 13 2
1 14 3
1 15 6
1 16 5
1 17 2
1 18 1
1 19 3
1 20 4
1 21 3
1 22 5
1 23 5
1 24 6
1 25 1
1 26 6
1 27 3
1 28 4
1 29 3
1 30 5
1 31 5
1 32 3
1 33 3
1 34 3
1 35 6
1 36 4
1 37 2
1 38 5
1 39 1
1 40 3
1 41 4
1 42 2
1 43 2
1 44 3
1 45 2
1 46 4
1 47 1
1 48 5
1 49 4
1 50 4
1 51 5
1 52 1
1 53 3
1 54 2
1 55 4
1 56 6
1 57 1
1 58 6
1 59 4
1 60 5
1 61 3
1 62 2
1 63 6
1 64 6
1 65 4
1 66 4
1 67 4
1 68 5
1 69 1
1 70 3
1 71 5
1 72 4
1 73 1
1 74 5
1 75 6
1 76 3
1 77 1
1 78 2
1 79 5
1 80 1
1 81 1
1 82 2
1 83 3
1 84 4
1 85 2
1 86 5
1 87 4
1 88 2
1 89 3
1 90 4
1 91 3
1 92 2
1 93 5
1 94 4
1 95 5
1 96 4
1 97 5
1 98 4
1 99 7
2 3 2
2 4 2
2 5 3
2 6 5
2 7 4
2 8 2
2 9 4
2 10 1
2 11 5
2 12 4
2 13 3
2 14 3
2 15 3
2 16 1
2 17 3
2 18 4
2 19 4
2 20 2
2 21 3
2 22 5
2 23 2
2 24 2
2 25 5
2 26 3
2 27 3
2 28 1
2 29 2
2 30 1
2 31 4
2 32 3
2 33 2
2 34 4
2 35 1
2 36 1
2 37 3
2 38 4
2 39 5
2 40 4
2 41 4
2 42 3
2 43 3
2 44 2
2 45 3
2 46 5
2 47 5
2 48 2
2 49 5
2 50 1
2 51 1
2 52 4
2 53 2
2 54 3
2 55 2
2 56 3
2 57 4
2 58 2
2 59 4
2 60 4
2 61 5
2 62 4
2 63 1
2 64 2
2 65 5
2 66 3
2 67 2
2 68 1
2 69 5
2 70 4
2 71 2
2 72 5
2 73 4
2 74 3
2 75 2
2 76 3
2 77 4
2 78 4
2 79 4
2 80 4
2 81 5
2 82 3
2 83 4
2 84 5
2 85 3
2 86 1
2 87 3
2 88 3
2 89 2
2 90 5
2 91 3
2 92 4
2 93 1
2 94 5
2 95 1
2 96 4
2 97 1
2 98 1
2 99 3
3 4 3
3 5 2
3 6 3
3 7 3
3 8 3
3 9 4
3 10 2
3 11 3
3 12 2
3 13 4
3 14 4
3 15 2
3 16 2
3 17 4
3 18 4
3 19 3
3 20 1
3 21 2
3 22 4
3 23 1
3 24 2
3 25 5
3 26 1
3 27 2
3 28 3
3 29 3
3 30 2
3 31 3
3 32 4
3 33 2
3 34 3
3 35 2
3 36 2
3 37 4
3 38 2
3 39 5
3 40 3
3 41 3
3 42 3
3 43 3
3 44 3
3 45 4
3 46 4
3 47 4
3 48 1
3 49 4
3 50 2
3 51 2
3 52 4
3 53 4
3 54 3
3 55 1
3 56 1
3 57 4
3 58 1
3 59 3
3 60 3
3 61 3
3 62 5
3 63 2
3 64 2
3 65 4
3 66 2
3 67 3
3 68 2
3 69 5
3 70 2
3 71 1
3 72 4
3 73 4
3 74 1
3 75 2
3 76 2
3 77 4
3 78 3
3 79 2
3 80 4
3 81 4
3 82 4
3 83 3
3 84 4
3 85 3
3 86 2
3 87 1
3 88 4
3 89 2
3 90 4
3 91 2
3 92 4
3 93 2
3 94 4
3 95 3
3 96 3
3 97 1
3 98 1
3 99 2
4 5 4
4 6 6
4 7 5
4 8 1
4 9 4
4 10 2
4 11 6
4 12 5
4 13 2
4 14 2
4 15 4
4 16 1
4 17 2
4 18 3
4 19 5
4 20 3
4 21 4
4 22 6
4 23 4
4 24 3
4 25 4
4 26 4
4 27 4
4 28 1
4 29 3
4 30 2
4 31 5
4 32 2
4 33 3
4 34 5
4 35 3
4 36 2
4 37 3
4 38 5
4 39 5
4 40 5
4 41 5
4 42 4
4 43 3
4 44 3
4 45 3
4 46 6
4 47 5
4 48 3
4 49 6
4 50 2
4 51 2
4 52 4
4 53 1
4 54 4
4 55 3
4 56 4
4 57 4
4 58 3
4 59 5
4 60 5
4 61 6
4 62 3
4 63 3
4 64 3
4 65 6
4 66 4
4 67 1
4 68 2
4 69 4
4 70 5
4 71 3
4 72 6
4 73 3
4 74 4
4 75 3
4 76 4
4 77 4
4 78 5
4 79 5
4 80 4
4 81 5
4 82 3
4 83 5
4 84 6
4 85 4
4 86 2
4 87 4
4 88 3
4 89 3
4 90 6
4 91 4
4 92 5
4 93 1
4 94 6
4 95 1
4 96 5
4 97 3
4 98 2
4 99 4
5 6 5
5 7 5
5 8 4
5 9 6
5 10 3
5 11 4
5 12 3
5 13 5
5 14 5
5 15 1
5 16 3
5 17 5
5 18 6
5 19 5
5 20 3
5 21 4
5 22 5
5 23 2
5 24 1
5 25 7
5 26 2
5 27 4
5 28 4
5 29 4
5 30 3
5 31 4
5 32 5
5 33 4
5 34 5
5 35 2
5 36 3
5 37 5
5 38 3
5 39 7
5 40 5
5 41 4
5 42 5
5 43 5
5 44 4
5 45 5
5 46 5
5 47 6
5 48 2
5 49 5
5 50 3
5 51 2
5 52 6
5 53 5
5 54 5
5 55 3
5 56 1
5 57 6
5 58 1
5 59 4
5 60 4
5 61 5
5 62 6
5 63 2
5 64 1
5 65 5
5 66 4
5 67 4
5 68 2
5 69 7
5 70 4
5 71 2
5 72 5
5 73 6
5 74 2
5 75 1
5 76 4
5 77 6
5 78 5
5 79 3
5 80 6
5 81 6
5 82 5
5 83 5
5 84 5
5 85 5
5 86 2
5 87 3
5 88 5
5 89 4
5 90 5
5 91 4
5 92 6
5 93 3
5 94 5
5 95 3
5 96 4
5 97 2
5 98 3
5 99 1
6 7 1
6 8 6
6 9 3
6 10 4
6 11 2
6 12 2
6 13 5
6 14 5
6 15 4
6 16 5
6 17 5
6 18 4
6 19 1
6 20 3
6 21 2
6 22 2
6 23 4
6 24 5
6 25 3
6 26 3
6 27 2
6 28 6
6 29 4
6 30 4
6 31 2
6 32 5
6 33 4
6 34 1
6 35 5
6 36 4
6 37 4
6 38 2
6 39 4
6 40 1
6 41 1
6 42 2
6 43 4
6 44 5
6 45 4
6 46 2
6 47 2
6 48 3
6 49 1
6 50 4
6 51 4
6 52 3
6 53 6
6 54 2
6 55 3
6 56 4
6 57 3
6 58 4
6 59 1
6 60 2
6 61 1
6 62 5
6 63 5
6 64 5
6 65 1
6 66 2
6 67 5
6 68 5
6 69 3
6 70 1
6 71 4
6 72 2
6 73 4
6 74 3
6 75 5
6 76 2
6 77 4
6 78 1
6 79 2
6 80 3
6 81 2
6 82 5
6 83 1
6 84 1
6 85 2
6 86 5
6 87 2
6 88 5
6 89 3
6 90 1
6 91 2
6 92 2
6 93 5
6 94 1
6 95 6
6 96 1
6 97 4
6 98 4
6 99 5
7 8 5
7 9 3
7 10 3
7 11 2
7 12 2
7 13 4
7 14 4
7 15 4
7 16 4
7 17 4
7 18 4
7 19 1
7 20 3
7 21 2
7 22 2
7 23 3
7 24 5
7 25 3
7 26 3
7 27 2
7 28 5
7 29 3
7 30 4
7 31 2
7 32 4
7 33 3
7 34 1
7 35 4
7 36 4
7 37 3
7 38 2
7 39 4
7 40 1
7 41 1
7 42 2
7 43 3
7 44 4
7 45 3
7 46 1
7 47 3
7 48 3
7 49 1
7 50 3
7 51 4
7 52 3
7 53 5
7 54 1
7 55 2
7 56 4
7 57 3
7 58 4
7 59 1
7 60 2
7 61 1
7 62 4
7 63 5
7 64 5
7 65 1
7 66 1
7 67 4
7 68 4
7 69 3
7 70 1
7 71 4
7 72 1
7 73 3
7 74 3
7 75 5
7 76 2
7 77 3
7 78 2
7 79 2
7 80 2
7 81 3
7 82 4
7 83 1
7 84 1
7 85 2
7 86 5
7 87 2
7 88 4
7 89 2
7 90 1
7 91 1
7 92 2
7 93 4
7 94 1
7 95 5
7 96 1
7 97 3
7 98 3
7 99 5
8 9 3
8 10 2
8 11 6
8 12 5
8 13 2
8 14 1
8 15 4
8 16 1
8 17 2
8 18 3
8 19 5
8 20 3
8 21 4
8 22 6
8 23 4
8 24 3
8 25 4
8 26 4
8 27 4
8 28 1
8 29 2
8 30 2
8 31 5
8 32 2
8 33 3
8 34 5
8 35 3
8 36 2
8 37 2
8 38 5
8 39 4
8 40 5
8 41 5
8 42 4
8 43 2
8 44 2
8 45 2
8 46 6
8 47 4
8 48 3
8 49 6
8 50 2
8 51 2
8 52 3
8 53 1
8 54 4
8 55 3
8 56 4
8 57 3
8 58 3
8 59 5
8 60 5
8 61 5
8 62 2
8 63 3
8 64 3
8 65 6
8 66 4
8 67 1
8 68 2
8 69 4
8 70 5
8 71 3
8 72 6
8 73 3
8 74 4
8 75 3
8 76 4
8 77 3
8 78 5
8 79 5
8 80 3
8 81 4
8 82 2
8 83 5
8 84 6
8 85 4
8 86 2
8 87 4
8 88 2
8 89 3
8 90 6
8 91 4
8 92 4
8 93 1
8 94 6
8 95 1
8 96 5
8 97 3
8 98 2
8 99 4
9 10 3
9 11 4
9 12 4
9 13 2
9 14 2
9 15 5
9 16 4
9 17 2
9 18 1
9 19 3
9 20 3
9 21 2
9 22 4
9 23 4
9 24 5
9 25 1
9 26 5
9 27 3
9 28 4
9 29 2
9 30 4
9 31 4
9 32 3
9 33 2
9 34 2
9 35 5
9 36 3
9 37 1
9 38 4
9 39 2
9 40 2
9 41 3
9 42 1
9 43 1
9 44 2
9 45 1
9 46 4
9 47 1
9 48 4
9 49 3
9 50 3
9 51 4
9 52 1
9 53 3
9 54 2
9 55 3
9 56 5
9 57 1
9 58 5
9 59 3
9 60 4
9 61 3
9 62 2
9 63 5
9 64 5
9 65 4
9 66 3
9 67 3
9 68 4
9 69 1
9 70 2
9 71 4
9 72 4
9 73 1
9 74 4
9 75 5
9 76 2
9 77 1
9 78 2
9 79 4
9 80 1
9 81 1
9 82 2
9 83 3
9 84 3
9 85 1
9 86 4
9 87 3
9 88 2
9 89 2
9 90 4
9 91 2
9 92 2
9 93 4
9 94 4
9 95 4
9 96 3
9 97 4
9 98 3
9 99 6
10 11 4
10 12 3
10 13 3
10 14 3
10 15 3
10 16 1
10 17 3
10 18 3
10 19 3
10 20 1
10 21 2
10 22 5
10 23 2
10 24 2
10 25 4
10 26 2
10 27 2
10 28 2
10 29 2
10 30 1
10 31 4
10 32 3
10 33 1
10 34 3
10 35 2
10 36 1
10 37 3
10 38 3
10 39 4
10 40 3
10 41 3
10 42 2
10 43 2
10 44 2
10 45 3
10 46 4
10 47 4
10 48 1
10 49 4
10 50 1
10 51 1
10 52 3
10 53 3
10 54 2
10 55 2
10 56 2
10 57 3
10 58 2
10 59 3
10 60 4
10 61 4
10 62 4
10 63 2
10 64 2
10 65 4
10 66 3
10 67 2
10 68 1
10 69 4
10 70 3
10 71 1
10 72 4
10 73 3
10 74 2
10 75 2
10 76 2
10 77 3
10 78 3
10 79 3
10 80 3
10 81 4
10 82 3
10 83 3
10 84 4
10 85 2
10 86 2
10 87 2
10 88 3
10 89 1
10 90 4
10 91 2
10 92 3
10 93 1
10 94 4
10 95 2
10 96 4
10 97 1
10 98 1
10 99 3
11 12 2
11 13 5
11 14 5
11 15 3
11 16 5
11 17 5
11 18 5
11 19 2
11 20 4
11 21 3
11 22 1
11 23 3
11 24 4
11 25 4
11 26 3
11 27 2
11 28 6
11 29 4
11 30 4
11 31 1
11 32 5
11 33 4
11 34 3
11 35 4
11 36 4
11 37 5
11 38 2
11 39 5
11 40 2
11 41 1
11 42 3
11 43 4
11 44 5
11 45 5
11 46 1
11 47 4
11 48 3
11 49 1
11 50 4
11 51 4
11 52 4
11 53 6
11 54 3
11 55 3
11 56 3
11 57 4
11 58 3
11 59 1
11 60 1
11 61 2
11 62 6
11 63 4
11 64 4
11 65 1
11 66 2
11 67 5
11 68 5
11 69 4
11 70 3
11 71 4
11 72 1
11 73 5
11 74 2
11 75 4
11 76 3
11 77 5
11 78 3
11 79 1
11 80 4
11 81 4
11 82 5
11 83 2
11 84 2
11 85 3
11 86 5
11 87 3
11 88 5
11 89 3
11 90 1
11 91 2
11 92 3
11 93 5
11 94 1
11 95 6
11 96 1
11 97 4
11 98 4
11 99 4
12 13 5
12 14 5
12 15 2
12 16 4
12 17 5
12 18 5
12 19 3
12 20 3
12 21 2
12 22 2
12 23 2
12 24 3
12 25 5
12 26 1
12 27 2
12 28 5
12 29 4
12 30 3
12 31 1
12 32 5
12 33 4
12 34 3
12 35 3
12 36 3
12 37 5
12 38 1
12 39 5
12 40 2
12 41 1
12 42 3
12 43 4
12 44 5
12 45 5
12 46 2
12 47 4
12 48 2
12 49 2
12 50 4
12 51 3
12 52 4
12 53 6
12 54 3
12 55 2
12 56 2
12 57 4
12 58 2
12 59 1
12 60 1
12 61 3
12 62 6
12 63 3
12 64 3
12 65 2
12 66 1
12 67 5
12 68 3
12 69 5
12 70 2
12 71 2
12 72 2
12 73 5
12 74 1
12 75 3
12 76 2
12 77 5
12 78 3
12 79 1
12 80 4
12 81 4
12 82 5
12 83 3
12 84 2
12 85 3
12 86 3
12 87 2
12 88 5
12 89 3
12 90 2
12 91 2
12 92 4
12 93 4
12 94 2
12 95 4
12 96 2
12 97 3
12 98 3
12 99 3
13 14 1
13 15 5
13 16 3
13 17 1
13 18 1
13 19 4
13 20 3
13 21 3
13 22 6
13 23 4
13 24 5
13 25 3
13 26 5
13 27 3
13 28 2
13 29 1
13 30 3
13 31 5
13 32 1
13 33 2
13 34 4
13 35 4
13 36 3
13 37 1
13 38 5
13 39 3
13 40 4
13 41 4
13 42 3
13 43 1
13 44 1
13 45 1
13 46 5
13 47 3
13 48 4
13 49 5
13 50 2
13 51 4
13 52 2
13 53 1
13 54 3
13 55 3
13 56 5
13 57 2
13 58 4
13 59 4
13 60 5
13 61 4
13 62 1
13 63 4
13 64 5
13 65 5
13 66 4
13 67 2
13 68 4
13 69 3
13 70 4
13 71 4
13 72 5
13 73 2
13 74 4
13 75 5
13 76 3
13 77 2
13 78 4
13 79 5
13 80 2
13 81 3
13 82 1
13 83 4
13 84 5
13 85 3
13 86 4
13 87 3
13 88 1
13 89 2
13 90 5
13 91 3
13 92 3
13 93 3
13 94 5
13 95 3
13 96 5
13 97 3
13 98 3
13 99 5
14 15 5
14 16 2
14 17 1
14 18 2
14 19 4
14 20 3
14 21 3
14 22 6
14 23 4
14 24 4
14 25 3
14 26 5
14 27 3
14 28 2
14 29 1
14 30 3
14 31 5
14 32 1
14 33 2
14 34 4
14 35 4
14 36 3
14 37 1
14 38 5
14 39 3
14 40 4
14 41 4
14 42 3
14 43 1
14 44 1
14 45 1
14 46 5
14 47 3
14 48 4
14 49 5
14 50 2
14 51 3
14 52 2
14 53 1
14 54 3
14 55 3
14 56 5
14 57 2
14 58 4
14 59 4
14 60 5
14 61 4
14 62 1
14 63 4
14 64 4
14 65 5
14 66 4
14 67 1
14 68 3
14 69 3
14 70 4
14 71 4
14 72 5
14 73 2
14 74 4
14 75 4
14 76 3
14 77 2
14 78 4
14 79 5
14 80 2
14 81 3
14 82 1
14 83 4
14 84 5
14 85 3
14 86 3
14 87 3
14 88 1
14 89 2
14 90 5
14 91 3
14 92 3
14 93 2
14 94 5
14 95 2
14 96 5
14 97 3
14 98 3
14 99 5
15 16 3
15 17 5
15 18 5
15 19 4
15 20 2
15 21 3
15 22 4
15 23 1
15 24 2
15 25 6
15 26 1
15 27 3
15 28 4
15 29 4
15 30 3
15 31 3
15 32 5
15 33 3
15 34 4
15 35 2
15 36 3
15 37 5
15 38 2
15 39 6
15 40 4
15 41 3
15 42 4
15 43 4
15 44 4
15 45 5
15 46 4
15 47 5
15 48 2
15 49 4
15 50 3
15 51 2
15 52 5
15 53 5
15 54 4
15 55 2
15 56 1
15 57 5
15 58 1
15 59 3
15 60 3
15 61 4
15 62 6
15 63 2
15 64 1
15 65 4
15 66 3
15 67 4
15 68 3
15 69 6
15 70 3
15 71 2
15 72 4
15 73 5
15 74 1
15 75 2
15 76 3
15 77 5
15 78 4
15 79 2
15 80 5
15 81 5
15 82 5
15 83 4
15 84 4
15 85 4
15 86 3
15 87 2
15 88 5
15 89 3
15 90 4
15 91 3
15 92 5
15 93 3
15 94 4
15 95 4
15 96 3
15 97 2
15 98 3
15 99 1
16 17 3
16 18 4
16 19 4
16 20 2
16 21 3
16 22 5
16 23 3
16 24 2
16 25 5
16 26 3
16 27 3
16 28 1
16 29 2
16 30 1
16 31 4
16 32 3
16 33 2
16 34 4
16 35 2
16 36 1
16 37 3
16 38 4
16 39 5
16 40 4
16 41 4
16 42 3
16 43 3
16 44 2
16 45 3
16 46 5
16 47 5
16 48 2
16 49 5
16 50 1
16 51 1
16 52 4
16 53 2
16 54 3
16 55 2
16 56 3
16 57 4
16 58 2
16 59 4
16 60 4
16 61 5
16 62 3
16 63 2
16 64 2
16 65 5
16 66 3
16 67 1
16 68 1
16 69 5
16 70 4
16 71 2
16 72 5
16 73 4
16 74 3
16 75 2
16 76 3
16 77 4
16 78 4
16 79 4
16 80 4
16 81 5
16 82 3
16 83 4
16 84 5
16 85 3
16 86 1
16 87 3
16 88 3
16 89 2
16 90 5
16 91 3
16 92 4
16 93 1
16 94 5
16 95 1
16 96 4
16 97 2
16 98 1
16 99 3
17 18 1
17 19 4
17 20 3
17 21 3
17 22 6
17 23 4
17 24 5
17 25 2
17 26 5
17 27 3
17 28 2
17 29 1
17 30 3
17 31 5
17 32 1
17 33 2
17 34 4
17 35 4
17 36 3
17 37 1
17 38 5
17 39 3
17 40 4
17 41 4
17 42 3
17 43 1
17 44 1
17 45 1
17 46 5
17 47 3
17 48 4
17 49 5
17 50 2
17 51 4
17 52 2
17 53 1
17 54 3
17 55 3
17 56 5
17 57 2
17 58 4
17 59 4
17 60 5
17 61 4
17 62 1
17 63 4
17 64 5
17 65 5
17 66 4
17 67 2
17 68 4
17 69 2
17 70 4
17 71 4
17 72 5
17 73 1
17 74 4
17 75 5
17 76 3
17 77 2
17 78 4
17 79 5
17 80 2
17 81 3
17 82 1
17 83 4
17 84 5
17 85 3
17 86 4
17 87 3
17 88 1
17 89 2
17 90 5
17 91 3
17 92 3
17 93 3
17 94 5
17 95 3
17 96 5
17 97 3
17 98 3
17 99 5
18 19 4
18 20 3
18 21 3
18 22 5
18 23 4
18 24 5
18 25 2
18 26 5
18 27 3
18 28 3
18 29 2
18 30 4
18 31 5
18 32 2
18 33 2
18 34 3
18 35 5
18 36 3
18 37 1
18 38 5
18 39 2
18 40 3
18 41 4
18 42 2
18 43 1
18 44 2
18 45 1
18 46 5
18 47 2
18 48 4
18 49 4
18 50 3
18 51 4
18 52 1
18 53 2
18 54 3
18 55 3
18 56 5
18 57 2
18 58 5
18 59 4
18 60 5
18 61 4
18 62 1
18 63 5
18 64 5
18 65 5
18 66 4
18 67 3
18 68 4
18 69 2
18 70 3
18 71 4
18 72 5
18 73 1
18 74 4
18 75 5
18 76 3
18 77 1
18 78 3
18 79 5
18 80 2
18 81 2
18 82 1
18 83 4
18 84 4
18 85 2
18 86 4
18 87 3
18 88 1
18 89 2
18 90 5
18 91 3
18 92 3
18 93 4
18 94 5
18 95 4
18 96 4
18 97 4
18 98 3
18 99 6
19 20 3
19 21 2
19 22 2
19 23 4
19 24 5
19 25 2
19 26 4
19 27 2
19 28 5
19 29 3
19 30 4
19 31 3
19 32 4
19 33 3
19 34 1
19 35 5
19 36 4
19 37 3
19 38 3
19 39 3
19 40 1
19 41 2
19 42 2
19 43 3
19 44 4
19 45 3
19 46 2
19 47 2
19 48 3
19 49 1
19 50 3
19 51 4
19 52 3
19 53 5
19 54 1
19 55 3
19 56 4
19 57 2
19 58 4
19 59 2
19 60 2
19 61 1
19 62 4
19 63 5
19 64 5
19 65 1
19 66 2
19 67 4
19 68 4
19 69 2
19 70 1
19 71 4
19 72 2
19 73 3
19 74 3
19 75 5
19 76 2
19 77 3
19 78 1
19 79 3
19 80 2
19 81 2
19 82 4
19 83 1
19 84 1
19 85 2
19 86 5
19 87 2
19 88 4
19 89 2
19 90 2
19 91 2
19 92 1
19 93 4
19 94 2
19 95 5
19 96 2
19 97 4
19 98 3
19 99 5
20 21 2
20 22 4
20 23 1
20 24 2
20 25 4
20 26 2
20 27 2
20 28 3
20 29 2
20 30 1
20 31 3
20 32 3
20 33 1
20 34 3
20 35 2
20 36 1
20 37 3
20 38 3
20 39 4
20 40 2
20 41 3
20 42 2
20 43 2
20 44 2
20 45 3
20 46 4
20 47 4
20 48 1
20 49 3
20 50 1
20 51 2
20 52 3
20 53 3
20 54 2
20 55 1
20 56 2
20 57 3
20 58 2
20 59 3
20 60 3
20 61 3
20 62 4
20 63 2
20 64 2
20 65 4
20 66 2
20 67 2
20 68 2
20 69 4
20 70 2
20 71 1
20 72 4
20 73 3
20 74 2
20 75 2
20 76 1
20 77 3
20 78 3
20 79 3
20 80 3
20 81 4
20 82 3
20 83 3
20 84 3
20 85 2
20 86 2
20 87 1
20 88 3
20 89 1
20 90 4
20 91 2
20 92 3
20 93 2
20 94 4
20 95 3
20 96 3
20 97 1
20 98 1
20 99 3
21 22 3
21 23 2
21 24 4
21 25 3
21 26 3
21 27 1
21 28 4
21 29 2
21 30 3
21 31 2
21 32 3
21 33 2
21 34 1
21 35 3
21 36 3
21 37 3
21 38 2
21 39 3
21 40 1
21 41 2
21 42 1
21 43 2
21 44 3
21 45 3
21 46 3
21 47 3
21 48 2
21 49 2
21 50 2
21 51 3
21 52 2
21 53 4
21 54 1
21 55 1
21 56 3
21 57 2
21 58 3
21 59 2
21 60 2
21 61 2
21 62 4
21 63 4
21 64 4
21 65 3
21 66 1
21 67 3
21 68 3
21 69 3
21 70 1
21 71 3
21 72 3
21 73 3
21 74 2
21 75 4
21 76 1
21 77 3
21 78 2
21 79 2
21 80 2
21 81 3
21 82 3
21 83 2
21 84 2
21 85 1
21 86 4
21 87 1
21 88 3
21 89 1
21 90 3
21 91 1
21 92 2
21 93 3
21 94 3
21 95 4
21 96 2
21 97 2
21 98 2
21 99 4
22 23 4
22 24 5
22 25 4
22 26 3
22 27 3
22 28 6
22 29 5
22 30 5
22 31 2
22 32 6
22 33 5
22 34 3
22 35 5
22 36 5
22 37 5
22 38 2
22 39 5
22 40 2
22 41 2
22 42 3
22 43 5
22 44 6
22 45 5
22 46 1
22 47 4
22 48 4
22 49 1
22 50 5
22 51 5
22 52 4
22 53 7
22 54 3
22 55 3
22 56 4
22 57 4
22 58 4
22 59 2
22 60 1
22 61 2
22 62 6
22 63 5
22 64 5
22 65 1
22 66 2
22 67 6
22 68 5
22 69 4
22 70 3
22 71 4
22 72 1
22 73 5
22 74 3
22 75 5
22 76 3
22 77 5
22 78 3
22 79 2
22 80 4
22 81 4
22 82 6
22 83 2
22 84 1
22 85 3
22 86 5
22 87 3
22 88 6
22 89 4
22 90 1
22 91 3
22 92 3
22 93 5
22 94 1
22 95 6
22 96 1
22 97 4
22 98 4
22 99 5
23 24 2
23 25 5
23 26 1
23 27 2
23 28 3
23 29 3
23 30 2
23 31 3
23 32 4
23 33 2
23 34 3
23 35 2
23 36 2
23 37 4
23 38 2
23 39 5
23 40 3
23 41 3
23 42 3
23 43 3
23 44 3
23 45 4
23 46 4
23 47 5
23 48 1
23 49 4
23 50 2
23 51 2
23 52 4
23 53 4
23 54 3
23 55 1
23 56 1
23 57 4
23 58 1
23 59 3
23 60 3
23 61 4
23 62 5
23 63 2
23 64 2
23 65 4
23 66 2
23 67 3
23 68 2
23 69 5
23 70 3
23 71 1
23 72 4
23 73 4
23 74 1
23 75 2
23 76 2
23 77 4
23 78 4
23 79 2
23 80 4
23 81 5
23 82 4
23 83 4
23 84 4
23 85 3
23 86 2
23 87 2
23 88 4
23 89 2
23 90 4
23 91 2
23 92 4
23 93 3
23 94 4
23 95 3
23 96 3
23 97 1
23 98 2
23 99 2
24 25 6
24 26 2
24 27 4
24 28 3
24 29 4
24 30 2
24 31 4
24 32 5
24 33 3
24 34 5
24 35 1
24 36 2
24 37 5
24 38 3
24 39 6
24 40 4
24 41 4
24 42 4
24 43 4
24 44 4
24 45 5
24 46 5
24 47 6
24 48 2
24 49 5
24 50 3
24 51 1
24 52 5
24 53 4
24 54 4
24 55 3
24 56 2
24 57 5
24 58 1
24 59 4
24 60 4
24 61 5
24 62 5
24 63 1
24 64 1
24 65 5
24 66 4
24 67 3
24 68 1
24 69 6
24 70 4
24 71 1
24 72 5
24 73 5
24 74 2
24 75 1
24 76 3
24 77 5
24 78 5
24 79 3
24 80 5
24 81 6
24 82 5
24 83 5
24 84 5
24 85 4
24 86 1
24 87 3
24 88 5
24 89 3
24 90 5
24 91 4
24 92 5
24 93 2
24 94 5
24 95 2
24 96 4
24 97 2
24 98 2
24 99 1
25 26 6
25 27 3
25 28 4
25 29 3
25 30 5
25 31 5
25 32 3
25 33 3
25 34 2
25 35 6
25 36 4
25 37 2
25 38 5
25 39 1
25 40 3
25 41 4
25 42 2
25 43 2
25 44 3
25 45 2
25 46 4
25 47 1
25 48 5
25 49 3
25 50 4
25 51 5
25 52 1
25 53 3
25 54 2
25 55 4
25 56 6
25 57 1
25 58 6
25 59 4
25 60 4
25 61 2
25 62 2
25 63 6
25 64 6
25 65 3
25 66 4
25 67 4
25 68 5
25 69 1
25 70 3
25 71 5
25 72 4
25 73 1
25 74 5
25 75 6
25 76 3
25 77 1
25 78 2
25 79 5
25 80 1
25 81 1
25 82 2
25 83 2
25 84 3
25 85 2
25 86 5
25 87 4
25 88 2
25 89 3
25 90 4
25 91 3
25 92 1
25 93 5
25 94 4
25 95 5
25 96 4
25 97 5
25 98 4
25 99 7
26 27 3
26 28 4
26 29 4
26 30 2
26 31 2
26 32 5
26 33 3
26 34 4
26 35 2
26 36 2
26 37 5
26 38 1
26 39 6
26 40 3
26 41 2
26 42 4
26 43 4
26 44 4
26 45 5
26 46 3
26 47 5
26 48 1
26 49 3
26 50 3
26 51 2
26 52 5
26 53 5
26 54 4
26 55 2
26 56 1
26 57 5
26 58 1
26 59 2
26 60 2
26 61 4
26 62 6
26 63 2
26 64 2
26 65 3
26 66 2
26 67 4
26 68 2
26 69 6
26 70 3
26 71 1
26 72 3
26 73 5
26 74 1
26 75 2
26 76 3
26 77 5
26 78 4
26 79 2
26 80 5
26 81 5
26 82 5
26 83 4
26 84 3
26 85 4
26 86 2
26 87 2
26 88 5
26 89 3
26 90 3
26 91 3
26 92 5
26 93 3
26 94 3
26 95 3
26 96 3
26 97 2
26 98 2
26 99 2
27 28 4
27 29 2
27 30 3
27 31 2
27 32 3
27 33 2
27 34 2
27 35 3
27 36 3
27 37 3
27 38 2
27 39 4
27 40 1
27 41 1
27 42 2
27 43 2
27 44 3
27 45 3
27 46 2
27 47 3
27 48 2
27 49 2
27 50 2
27 51 3
27 52 3
27 53 4
27 54 1
27 55 1
27 56 3
27 57 3
27 58 3
27 59 1
27 60 2
27 61 2
27 62 4
27 63 4
27 64 4
27 65 3
27 66 1
27 67 3
27 68 3
27 69 3
27 70 1
27 71 3
27 72 2
27 73 3
27 74 2
27 75 4
27 76 1
27 77 3
27 78 2
27 79 2
27 80 2
27 81 3
27 82 3
27 83 2
27 84 2
27 85 2
27 86 4
27 87 1
27 88 3
27 89 1
27 90 2
27 91 1
27 92 2
27 93 3
27 94 3
27 95 4
27 96 2
27 97 2
27 98 2
27 99 4
28 29 3
28 30 2
28 31 5
28 32 2
28 33 3
28 34 5
28 35 2
28 36 2
28 37 3
28 38 5
28 39 5
28 40 5
28 41 5
28 42 4
28 43 3
28 44 3
28 45 3
28 46 6
28 47 5
28 48 3
28 49 6
28 50 2
28 51 2
28 52 4
28 53 1
28 54 4
28 55 3
28 56 4
28 57 4
28 58 3
28 59 5
28 60 5
28 61 6
28 62 3
28 63 2
28 64 3
28 65 6
28 66 4
28 67 1
28 68 2
28 69 4
28 70 5
28 71 3
28 72 6
28 73 3
28 74 4
28 75 3
28 76 4
28 77 4
28 78 5
28 79 5
28 80 4
28 81 5
28 82 3
28 83 5
28 84 6
28 85 4
28 86 2
28 87 4
28 88 3
28 89 3
28 90 6
28 91 4
28 92 5
28 93 1
28 94 6
28 95 1
28 96 5
28 97 2
28 98 2
28 99 4
29 30 2
29 31 4
29 32 1
29 33 1
29 34 3
29 35 3
29 36 2
29 37 1
29 38 4
29 39 3
29 40 3
29 41 3
29 42 2
29 43 1
29 44 1
29 45 1
29 46 4
29 47 3
29 48 3
29 49 4
29 50 1
29 51 3
29 52 2
29 53 2
29 54 2
29 55 2
29 56 4
29 57 2
29 58 3
29 59 3
29 60 4
29 61 4
29 62 2
29 63 3
29 64 4
29 65 4
29 66 3
29 67 2
29 68 3
29 69 3
29 70 3
29 71 3
29 72 4
29 73 2
29 74 3
29 75 4
29 76 2
29 77 2
29 78 3
29 79 4
29 80 2
29 81 3
29 82 2
29 83 3
29 84 4
29 85 2
29 86 3
29 87 2
29 88 2
29 89 1
29 90 4
29 91 2
29 92 3
29 93 2
29 94 4
29 95 3
29 96 4
29 97 2
29 98 2
29 99 4
30 31 4
30 32 3
30 33 2
30 34 4
30 35 1
30 36 1
30 37 3
30 38 3
30 39 5
30 40 3
30 41 4
30 42 3
30 43 3
30 44 2
30 45 3
30 46 5
30 47 5
30 48 1
30 49 4
30 50 1
30 51 1
30 52 4
30 53 3
30 54 3
30 55 2
30 56 2
30 57 4
30 58 2
30 59 4
30 60 4
30 61 4
30 62 4
30 63 1
30 64 2
30 65 5
30 66 3
30 67 2
30 68 1
30 69 5
30 70 3
30 71 1
30 72 5
30 73 4
30 74 2
30 75 2
30 76 2
30 77 4
30 78 4
30 79 3
30 80 4
30 81 5
30 82 3
30 83 4
30 84 4
30 85 3
30 86 1
30 87 2
30 88 3
30 89 2
30 90 5
30 91 3
30 92 4
30 93 1
30 94 5
30 95 2
30 96 4
30 97 1
30 98 1
30 99 3
31 32 5
31 33 4
31 34 3
31 35 4
31 36 4
31 37 5
31 38 1
31 39 5
31 40 2
31 41 1
31 42 3
31 43 4
31 44 5
31 45 5
31 46 1
31 47 4
31 48 3
31 49 2
31 50 4
31 51 4
31 52 4
31 53 6
31 54 3
31 55 2
31 56 3
31 57 4
31 58 3
31 59 1
31 60 1
31 61 3
31 62 6
31 63 4
31 64 4
31 65 2
31 66 1
31 67 5
31 68 4
31 69 5
31 70 2
31 71 3
31 72 1
31 73 5
31 74 2
31 75 4
31 76 2
31 77 5
31 78 3
31 79 1
31 80 4
31 81 4
31 82 5
31 83 3
31 84 2
31 85 3
31 86 4
31 87 2
31 88 5
31 89 3
31 90 2
31 91 2
31 92 4
31 93 4
31 94 2
31 95 5
31 96 1
31 97 3
31 98 3
31 99 4
32 33 2
32 34 4
32 35 4
32 36 3
32 37 2
32 38 5
32 39 3
32 40 4
32 41 4
32 42 3
32 43 2
32 44 1
32 45 2
32 46 5
32 47 4
32 48 4
32 49 5
32 50 2
32 51 4
32 52 3
32 53 1
32 54 3
32 55 3
32 56 5
32 57 3
32 58 4
32 59 4
32 60 5
32 61 5
32 62 1
32 63 4
32 64 5
32 65 5
32 66 4
32 67 2
32 68 4
32 69 3
32 70 4
32 71 4
32 72 5
32 73 2
32 74 4
32 75 5
32 76 3
32 77 2
32 78 4
32 79 5
32 80 3
32 81 4
32 82 1
32 83 4
32 84 5
32 85 3
32 86 4
32 87 3
32 88 1
32 89 2
32 90 5
32 91 3
32 92 4
32 93 3
32 94 5
32 95 3
32 96 5
32 97 3
32 98 3
32 99 5
33 34 3
33 35 3
33 36 1
33 37 2
33 38 4
33 39 3
33 40 3
33 41 3
33 42 2
33 43 1
33 44 1
33 45 2
33 46 4
33 47 3
33 48 2
33 49 4
33 50 1
33 51 2
33 52 2
33 53 3
33 54 2
33 55 2
33 56 3
33 57 3
33 58 3
33 59 3
33 60 4
33 61 4
33 62 3
33 63 3
33 64 3
33 65 4
33 66 3
33 67 2
33 68 2
33 69 3
33 70 3
33 71 2
33 72 4
33 73 2
33 74 3
33 75 3
33 76 2
33 77 2
33 78 3
33 79 4
33 80 2
33 81 3
33 82 2
33 83 3
33 84 4
33 85 2
33 86 2
33 87 2
33 88 2
33 89 1
33 90 4
33 91 2
33 92 3
33 93 2
33 94 4
33 95 3
33 96 4
33 97 2
33 98 1
33 99 4
34 35 4
34 36 4
34 37 3
34 38 3
34 39 3
34 40 1
34 41 2
34 42 1
34 43 3
34 44 4
34 45 3
34 46 2
34 47 2
34 48 3
34 49 2
34 50 3
34 51 4
34 52 2
34 53 5
34 54 1
34 55 2
34 56 4
34 57 2
34 58 4
34 59 2
34 60 3
34 61 1
34 62 4
34 63 5
34 64 5
34 65 2
34 66 2
34 67 4
34 68 4
34 69 2
34 70 1
34 71 4
34 72 2
34 73 3
34 74 3
34 75 5
34 76 2
34 77 3
34 78 1
34 79 3
34 80 2
34 81 2
34 82 4
34 83 1
34 84 2
34 85 1
34 86 5
34 87 2
34 88 4
34 89 2
34 90 2
34 91 1
34 92 1
34 93 4
34 94 2
34 95 5
34 96 2
34 97 3
34 98 3
34 99 5
35 36 2
35 37 4
35 38 3
35 39 6
35 40 4
35 41 4
35 42 4
35 43 4
35 44 3
35 45 4
35 46 5
35 47 6
35 48 2
35 49 5
35 50 2
35 51 1
35 52 5
35 53 3
35 54 4
35 55 2
35 56 2
35 57 5
35 58 1
35 59 4
35 60 4
35 61 5
35 62 5
35 63 1
35 64 1
35 65 5
35 66 3
35 67 3
35 68 1
35 69 6
35 70 4
35 71 1
35 72 5
35 73 5
35 74 2
35 75 1
35 76 3
35 77 5
35 78 5
35 79 3
35 80 5
35 81 6
35 82 4
35 83 5
35 84 5
35 85 4
35 86 1
35 87 3
35 88 4
35 89 3
35 90 5
35 91 3
35 92 5
35 93 2
35 94 5
35 95 2
35 96 4
35 97 1
35 98 2
35 99 2
36 37 3
36 38 3
36 39 4
36 40 3
36 41 4
36 42 3
36 43 2
36 44 2
36 45 3
36 46 5
36 47 4
36 48 1
36 49 4
36 50 1
36 51 1
36 52 3
36 53 3
36 54 3
36 55 2
36 56 2
36 57 4
36 58 2
36 59 4
36 60 4
36 61 4
36 62 4
36 63 2
36 64 2
36 65 5
36 66 3
36 67 2
36 68 1
36 69 4
36 70 3
36 71 1
36 72 5
36 73 3
36 74 2
36 75 2
36 76 2
36 77 3
36 78 4
36 79 3
36 80 3
36 81 4
36 82 3
36 83 4
36 84 4
36 85 3
36 86 1
36 87 2
36 88 3
36 89 2
36 90 5
36 91 3
36 92 4
36 93 1
36 94 5
36 95 2
36 96 4
36 97 1
36 98 1
36 99 3
37 38 5
37 39 2
37 40 3
37 41 4
37 42 2
37 43 1
37 44 1
37 45 1
37 46 4
37 47 2
37 48 4
37 49 4
37 50 2
37 51 4
37 52 1
37 53 2
37 54 2
37 55 3
37 56 5
37 57 1
37 58 4
37 59 4
37 60 5
37 61 3
37 62 1
37 63 4
37 64 5
37 65 4
37 66 4
37 67 2
37 68 4
37 69 2
37 70 3
37 71 4
37 72 4
37 73 1
37 74 4
37 75 5
37 76 3
37 77 1
37 78 3
37 79 5
37 80 1
37 81 2
37 82 1
37 83 3
37 84 4
37 85 2
37 86 4
37 87 3
37 88 1
37 89 2
37 90 4
37 91 3
37 92 2
37 93 3
37 94 4
37 95 3
37 96 4
37 97 3
37 98 3
37 99 5
38 39 5
38 40 2
38 41 1
38 42 3
38 43 4
38 44 5
38 45 5
38 46 2
38 47 4
38 48 2
38 49 2
38 50 4
38 51 3
38 52 4
38 53 6
38 54 3
38 55 2
38 56 2
38 57 4
38 58 2
38 59 1
38 60 1
38 61 3
38 62 6
38 63 3
38 64 3
38 65 2
38 66 1
38 67 5
38 68 3
38 69 5
38 70 2
38 71 2
38 72 2
38 73 5
38 74 1
38 75 3
38 76 2
38 77 5
38 78 3
38 79 1
38 80 4
38 81 4
38 82 5
38 83 3
38 84 2
38 85 3
38 86 3
38 87 2
38 88 5
38 89 3
38 90 2
38 91 2
38 92 4
38 93 4
38 94 2
38 95 4
38 96 2
38 97 3
38 98 3
38 99 3
39 40 3
39 41 4
39 42 2
39 43 2
39 44 3
39 45 2
39 46 5
39 47 2
39 48 5
39 49 4
39 50 4
39 51 5
39 52 2
39 53 4
39 54 3
39 55 4
39 56 6
39 57 1
39 58 6
39 59 4
39 60 5
39 61 3
39 62 3
39 63 6
39 64 6
39 65 4
39 66 4
39 67 4
39 68 5
39 69 1
39 70 3
39 71 5
39 72 5
39 73 2
39 74 5
39 75 6
39 76 3
39 77 1
39 78 3
39 79 5
39 80 2
39 81 2
39 82 3
39 83 3
39 84 4
39 85 2
39 86 5
39 87 4
39 88 2
39 89 3
39 90 5
39 91 3
39 92 2
39 93 5
39 94 5
39 95 5
39 96 4
39 97 5
39 98 4
39 99 7
40 41 1
40 42 1
40 43 3
40 44 4
40 45 3
40 46 2
40 47 2
40 48 3
40 49 1
40 50 3
40 51 4
40 52 2
40 53 5
40 54 1
40 55 2
40 56 4
40 57 2
40 58 4
40 59 1
40 60 2
40 61 1
40 62 4
40 63 4
40 64 4
40 65 2
40 66 1
40 67 4
40 68 4
40 69 3
40 70 1
40 71 3
40 72 2
40 73 3
40 74 3
40 75 4
40 76 1
40 77 3
40 78 1
40 79 2
40 80 2
40 81 2
40 82 4
40 83 1
40 84 1
40 85 1
40 86 4
40 87 2
40 88 4
40 89 2
40 90 2
40 91 1
40 92 2
40 93 4
40 94 2
40 95 5
40 96 1
40 97 3
40 98 3
40 99 5
41 42 2
41 43 3
41 44 4
41 45 4
41 46 1
41 47 3
41 48 3
41 49 1
41 50 3
41 51 4
41 52 3
41 53 5
41 54 2
41 55 2
41 56 3
41 57 3
41 58 3
41 59 1
41 60 1
41 61 2
41 62 5
41 63 4
41 64 4
41 65 2
41 66 1
41 67 4
41 68 4
41 69 4
41 70 2
41 71 3
41 72 1
41 73 4
41 74 2
41 75 4
41 76 2
41 77 4
41 78 2
41 79 1
41 80 3
41 81 3
41 82 4
41 83 2
41 84 1
41 85 2
41 86 4
41 87 2
41 88 4
41 89 2
41 90 1
41 91 1
41 92 3
41 93 4
41 94 2
41 95 5
41 96 1
41 97 3
41 98 3
41 99 4
42 43 2
42 44 3
42 45 2
42 46 3
42 47 2
42 48 3
42 49 2
42 50 2
42 51 3
42 52 1
42 53 4
42 54 1
42 55 2
42 56 4
42 57 1
42 58 4
42 59 2
42 60 3
42 61 2
42 62 3
42 63 4
42 64 4
42 65 3
42 66 2
42 67 3
42 68 3
42 69 2
42 70 1
42 71 3
42 72 3
42 73 2
42 74 3
42 75 4
42 76 1
42 77 2
42 78 1
42 79 3
42 80 1
42 81 2
42 82 3
42 83 2
42 84 2
42 85 1
42 86 4
42 87 2
42 88 3
42 89 1
42 90 3
42 91 1
42 92 1
42 93 3
42 94 3
42 95 4
42 96 2
42 97 3
42 98 2
42 99 5
43 44 1
43 45 1
43 46 4
43 47 2
43 48 3
43 49 4
43 50 2
43 51 3
43 52 1
43 53 2
43 54 2
43 55 2
43 56 4
43 57 2
43 58 4
43 59 3
43 60 4
43 61 4
43 62 2
43 63 4
43 64 4
43 65 4
43 66 3
43 67 2
43 68 3
43 69 2
43 70 3
43 71 3
43 72 4
43 73 1
43 74 3
43 75 4
43 76 2
43 77 1
43 78 3
43 79 4
43 80 1
43 81 2
43 82 1
43 83 3
43 84 4
43 85 2
43 86 3
43 87 2
43 88 1
43 89 1
43 90 4
43 91 2
43 92 3
43 93 3
43 94 4
43 95 3
43 96 4
43 97 3
43 98 2
43 99 5
44 45 1
44 46 5
44 47 3
44 48 3
44 49 5
44 50 1
44 51 3
44 52 2
44 53 2
44 54 3
44 55 3
44 56 4
44 57 2
44 58 3
44 59 4
44 60 5
44 61 4
44 62 2
44 63 3
44 64 4
44 65 5
44 66 4
44 67 2
44 68 3
44 69 3
44 70 4
44 71 3
44 72 5
44 73 2
44 74 4
44 75 4
44 76 3
44 77 2
44 78 4
44 79 5
44 80 2
44 81 3
44 82 1
44 83 4
44 84 5
44 85 3
44 86 3
44 87 3
44 88 1
44 89 2
44 90 5
44 91 3
44 92 3
44 93 2
44 94 5
44 95 3
44 96 5
44 97 2
44 98 2
44 99 4
45 46 4
45 47 2
45 48 4
45 49 4
45 50 2
45 51 4
45 52 1
45 53 2
45 54 2
45 55 3
45 56 5
45 57 2
45 58 4
45 59 4
45 60 5
45 61 4
45 62 1
45 63 4
45 64 5
45 65 4
45 66 4
45 67 2
45 68 4
45 69 2
45 70 3
45 71 4
45 72 4
45 73 1
45 74 4
45 75 5
45 76 3
45 77 1
45 78 3
45 79 5
45 80 1
45 81 2
45 82 1
45 83 3
45 84 4
45 85 2
45 86 4
45 87 3
45 88 1
45 89 2
45 90 4
45 91 3
45 92 3
45 93 3
45 94 4
45 95 3
45 96 4
45 97 3
45 98 3
45 99 5
46 47 4
46 48 4
46 49 1
46 50 4
46 51 5
46 52 4
46 53 6
46 54 2
46 55 3
46 56 4
46 57 4
46 58 4
46 59 1
46 60 1
46 61 2
46 62 5
46 63 5
46 64 5
46 65 1
46 66 2
46 67 5
46 68 5
46 69 4
46 70 2
46 71 4
46 72 1
46 73 4
46 74 3
46 75 5
46 76 3
46 77 4
46 78 3
46 79 2
46 80 3
46 81 4
46 82 5
46 83 2
46 84 1
46 85 3
46 86 5
46 87 3
46 88 5
46 89 3
46 90 1
46 91 2
46 92 3
46 93 5
46 94 1
46 95 6
46 96 1
46 97 4
46 98 4
46 99 5
47 48 4
47 49 3
47 50 4
47 51 5
47 52 1
47 53 4
47 54 2
47 55 4
47 56 5
47 57 1
47 58 5
47 59 3
47 60 4
47 61 2
47 62 3
47 63 6
47 64 6
47 65 3
47 66 3
47 67 4
47 68 5
47 69 1
47 70 2
47 71 5
47 72 4
47 73 2
47 74 4
47 75 6
47 76 3
47 77 2
47 78 1
47 79 4
47 80 2
47 81 1
47 82 3
47 83 2
47 84 3
47 85 2
47 86 5
47 87 3
47 88 3
47 89 3
47 90 3
47 91 3
47 92 1
47 93 5
47 94 3
47 95 5
47 96 3
47 97 5
47 98 4
47 99 6
48 49 4
48 50 2
48 51 1
48 52 4
48 53 4
48 54 3
48 55 1
48 56 1
48 57 4
48 58 1
48 59 3
48 60 3
48 61 3
48 62 5
48 63 2
48 64 2
48 65 4
48 66 2
48 67 3
48 68 2
48 69 5
48 70 2
48 71 1
48 72 4
48 73 4
48 74 1
48 75 2
48 76 2
48 77 4
48 78 3
48 79 2
48 80 4
48 81 4
48 82 4
48 83 3
48 84 4
48 85 3
48 86 2
48 87 1
48 88 4
48 89 2
48 90 4
48 91 2
48 92 4
48 93 2
48 94 4
48 95 3
48 96 3
48 97 1
48 98 1
48 99 2
49 50 4
49 51 5
49 52 3
49 53 6
49 54 2
49 55 3
49 56 4
49 57 3
49 58 4
49 59 1
49 60 1
49 61 1
49 62 5
49 63 5
49 64 5
49 65 1
49 66 2
49 67 5
49 68 5
49 69 3
49 70 2
49 71 4
49 72 1
49 73 4
49 74 3
49 75 5
49 76 2
49 77 4
49 78 2
49 79 2
49 80 3
49 81 3
49 82 5
49 83 1
49 84 1
49 85 2
49 86 5
49 87 3
49 88 5
49 89 3
49 90 1
49 91 2
49 92 2
49 93 5
49 94 1
49 95 6
49 96 1
49 97 4
49 98 4
49 99 5
50 51 2
50 52 3
50 53 2
50 54 2
50 55 2
50 56 3
50 57 3
50 58 2
50 59 3
50 60 4
50 61 4
50 62 3
50 63 2
50 64 3
50 65 4
50 66 3
50 67 1
50 68 2
50 69 4
50 70 3
50 71 2
50 72 4
50 73 3
50 74 3
50 75 3
50 76 2
50 77 3
50 78 3
50 79 4
50 80 3
50 81 4
50 82 2
50 83 3
50 84 4
50 85 2
50 86 2
50 87 2
50 88 2
50 89 1
50 90 4
50 91 2
50 92 3
50 93 1
50 94 4
50 95 2
50 96 4
50 97 1
50 98 1
50 99 3
51 52 4
51 53 3
51 54 3
51 55 2
51 56 2
51 57 4
51 58 1
51 59 4
51 60 4
51 61 4
51 62 4
51 63 1
51 64 1
51 65 5
51 66 3
51 67 2
51 68 1
51 69 5
51 70 3
51 71 1
51 72 5
51 73 4
51 74 2
51 75 1
51 76 3
51 77 4
51 78 4
51 79 3
51 80 4
51 81 5
51 82 4
51 83 4
51 84 5
51 85 3
51 86 1
51 87 2
51 88 4
51 89 2
51 90 5
51 91 3
51 92 4
51 93 1
51 94 5
51 95 2
51 96 4
51 97 1
51 98 1
51 99 2
52 53 3
52 54 2
52 55 3
52 56 5
52 57 1
52 58 5
52 59 3
52 60 4
52 61 3
52 62 2
52 63 5
52 64 5
52 65 4
52 66 3
52 67 3
52 68 4
52 69 1
52 70 2
52 71 4
52 72 4
52 73 1
52 74 4
52 75 5
52 76 2
52 77 1
52 78 2
52 79 4
52 80 1
52 81 1
52 82 2
52 83 3
52 84 3
52 85 1
52 86 4
52 87 3
52 88 2
52 89 2
52 90 4
52 91 2
52 92 2
52 93 4
52 94 4
52 95 4
52 96 3
52 97 4
52 98 3
52 99 6
53 54 4
53 55 4
53 56 5
53 57 3
53 58 4
53 59 5
53 60 6
53 61 5
53 62 2
53 63 3
53 64 4
53 65 6
53 66 5
53 67 1
53 68 3
53 69 3
53 70 5
53 71 4
53 72 6
53 73 2
53 74 5
53 75 4
53 76 4
53 77 3
53 78 5
53 79 6
53 80 3
53 81 4
53 82 2
53 83 5
53 84 6
53 85 4
53 86 3
53 87 4
53 88 2
53 89 3
53 90 6
53 91 4
53 92 4
53 93 2
53 94 6
53 95 2
53 96 6
53 97 3
53 98 3
53 99 5
54 55 2
54 56 4
54 57 2
54 58 4
54 59 2
54 60 3
54 61 2
54 62 3
54 63 4
54 64 4
54 65 2
54 66 2
54 67 3
54 68 3
54 69 2
54 70 1
54 71 3
54 72 2
54 73 2
54 74 3
54 75 4
54 76 1
54 77 2
54 78 1
54 79 3
54 80 1
54 81 2
54 82 3
54 83 1
54 84 2
54 85 1
54 86 4
54 87 2
54 88 3
54 89 1
54 90 2
54 91 1
54 92 1
54 93 3
54 94 2
54 95 4
54 96 2
54 97 3
54 98 2
54 99 5
55 56 2
55 57 3
55 58 2
55 59 2
55 60 2
55 61 3
55 62 4
55 63 3
55 64 3
55 65 3
55 66 1
55 67 3
55 68 2
55 69 4
55 70 2
55 71 2
55 72 3
55 73 3
55 74 1
55 75 3
55 76 1
55 77 3
55 78 3
55 79 2
55 80 3
55 81 4
55 82 3
55 83 3
55 84 3
55 85 2
55 86 3
55 87 1
55 88 3
55 89 1
55 90 3
55 91 1
55 92 3
55 93 2
55 94 3
55 95 3
55 96 2
55 97 1
55 98 1
55 99 3
56 57 5
56 58 1
56 59 3
56 60 3
56 61 4
56 62 6
56 63 2
56 64 1
56 65 4
56 66 3
56 67 4
56 68 2
56 69 6
56 70 3
56 71 1
56 72 4
56 73 5
56 74 1
56 75 1
56 76 3
56 77 5
56 78 4
56 79 2
56 80 5
56 81 5
56 82 5
56 83 4
56 84 4
56 85 4
56 86 2
56 87 2
56 88 5
56 89 3
56 90 4
56 91 3
56 92 5
56 93 3
56 94 4
56 95 3
56 96 3
56 97 2
56 98 2
56 99 1
57 58 5
57 59 3
57 60 4
57 61 2
57 62 2
57 63 5
57 64 5
57 65 3
57 66 3
57 67 3
57 68 4
57 69 1
57 70 2
57 71 4
57 72 4
57 73 1
57 74 4
57 75 5
57 76 2
57 77 1
57 78 2
57 79 4
57 80 1
57 81 1
57 82 2
57 83 2
57 84 3
57 85 1
57 86 5
57 87 3
57 88 2
57 89 2
57 90 4
57 91 2
57 92 1
57 93 4
57 94 4
57 95 4
57 96 3
57 97 4
57 98 3
57 99 6
58 59 3
58 60 3
58 61 4
58 62 5
58 63 1
58 64 1
58 65 4
58 66 3
58 67 3
58 68 2
58 69 6
58 70 3
58 71 1
58 72 4
58 73 5
58 74 1
58 75 1
58 76 3
58 77 5
58 78 4
58 79 2
58 80 5
58 81 5
58 82 4
58 83 4
58 84 4
58 85 4
58 86 2
58 87 2
58 88 4
58 89 3
58 90 4
58 91 3
58 92 5
58 93 2
58 94 4
58 95 3
58 96 3
58 97 1
58 98 2
58 99 1
59 60 1
59 61 2
59 62 5
59 63 4
59 64 4
59 65 2
59 66 1
59 67 4
59 68 4
59 69 4
59 70 2
59 71 3
59 72 1
59 73 4
59 74 2
59 75 4
59 76 2
59 77 4
59 78 2
59 79 1
59 80 3
59 81 3
59 82 4
59 83 2
59 84 1
59 85 2
59 86 4
59 87 2
59 88 4
59 89 2
59 90 1
59 91 1
59 92 3
59 93 4
59 94 2
59 95 5
59 96 1
59 97 3
59 98 3
59 99 4
60 61 2
60 62 6
60 63 4
60 64 4
60 65 1
60 66 1
60 67 5
60 68 4
60 69 4
60 70 2
60 71 3
60 72 1
60 73 5
60 74 2
60 75 4
60 76 2
60 77 5
60 78 3
60 79 1
60 80 4
60 81 4
60 82 5
60 83 2
60 84 2
60 85 3
60 86 4
60 87 2
60 88 5
60 89 3
60 90 1
60 91 2
60 92 3
60 93 4
60 94 1
60 95 5
60 96 1
60 97 3
60 98 3
60 99 4
61 62 4
61 63 5
61 64 5
61 65 2
61 66 2
61 67 5
61 68 5
61 69 2
61 70 1
61 71 4
61 72 2
61 73 3
61 74 3
61 75 5
61 76 2
61 77 3
61 78 1
61 79 3
61 80 3
61 81 2
61 82 4
61 83 1
61 84 1
61 85 2
61 86 5
61 87 2
61 88 4
61 89 3
61 90 2
61 91 2
61 92 1
61 93 5
61 94 2
61 95 6
61 96 2
61 97 4
61 98 4
61 99 5
62 63 5
62 64 5
62 65 5
62 66 5
62 67 2
62 68 4
62 69 2
62 70 4
62 71 5
62 72 5
62 73 1
62 74 5
62 75 5
62 76 4
62 77 2
62 78 4
62 79 6
62 80 2
62 81 3
62 82 1
62 83 4
62 84 5
62 85 3
62 86 4
62 87 4
62 88 1
62 89 3
62 90 5
62 91 4
62 92 3
62 93 3
62 94 5
62 95 3
62 96 5
62 97 4
62 98 4
62 99 6
63 64 1
63 65 5
63 66 4
63 67 3
63 68 1
63 69 6
63 70 4
63 71 1
63 72 5
63 73 5
63 74 2
63 75 1
63 76 3
63 77 5
63 78 5
63 79 3
63 80 5
63 81 6
63 82 4
63 83 5
63 84 5
63 85 4
63 86 1
63 87 3
63 88 4
63 89 3
63 90 5
63 91 4
63 92 5
63 93 2
63 94 5
63 95 2
63 96 4
63 97 2
63 98 2
63 99 2
64 65 5
64 66 4
64 67 3
64 68 2
64 69 6
64 70 4
64 71 1
64 72 5
64 73 5
64 74 2
64 75 1
64 76 3
64 77 5
64 78 5
64 79 3
64 80 5
64 81 6
64 82 5
64 83 5
64 84 5
64 85 4
64 86 2
64 87 3
64 88 5
64 89 3
64 90 5
64 91 4
64 92 5
64 93 2
64 94 5
64 95 3
64 96 4
64 97 2
64 98 2
64 99 1
65 66 2
65 67 5
65 68 5
65 69 3
65 70 2
65 71 4
65 72 1
65 73 4
65 74 3
65 75 5
65 76 3
65 77 4
65 78 2
65 79 2
65 80 3
65 81 3
65 82 5
65 83 2
65 84 1
65 85 3
65 86 5
65 87 3
65 88 5
65 89 3
65 90 1
65 91 2
65 92 2
65 93 5
65 94 1
65 95 6
65 96 1
65 97 4
65 98 4
65 99 5
66 67 4
66 68 3
66 69 4
66 70 1
66 71 3
66 72 2
66 73 4
66 74 2
66 75 4
66 76 1
66 77 4
66 78 2
66 79 1
66 80 3
66 81 3
66 82 4
66 83 2
66 84 2
66 85 2
66 86 4
66 87 1
66 88 4
66 89 2
66 90 2
66 91 1
66 92 3
66 93 3
66 94 2
66 95 4
66 96 1
66 97 2
66 98 2
66 99 4
67 68 2
67 69 4
67 70 4
67 71 3
67 72 5
67 73 3
67 74 4
67 75 3
67 76 3
67 77 3
67 78 4
67 79 5
67 80 3
67 81 4
67 82 2
67 83 4
67 84 5
67 85 3
67 86 2
67 87 3
67 88 2
67 89 2
67 90 5
67 91 3
67 92 4
67 93 1
67 94 5
67 95 1
67 96 5
67 97 2
67 98 2
67 99 4
68 69 5
68 70 4
68 71 1
68 72 5
68 73 4
68 74 3
68 75 1
68 76 3
68 77 4
68 78 4
68 79 4
68 80 4
68 81 5
68 82 4
68 83 4
68 84 5
68 85 3
68 86 1
68 87 3
68 88 4
68 89 2
68 90 5
68 91 3
68 92 4
68 93 1
68 94 5
68 95 2
68 96 4
68 97 1
68 98 1
68 99 2
69 70 3
69 71 5
69 72 4
69 73 1
69 74 5
69 75 6
69 76 3
69 77 1
69 78 2
69 79 5
69 80 1
69 81 1
69 82 2
69 83 2
69 84 3
69 85 2
69 86 5
69 87 4
69 88 2
69 89 3
69 90 4
69 91 3
69 92 1
69 93 5
69 94 4
69 95 5
69 96 4
69 97 5
69 98 4
69 99 7
70 71 3
70 72 2
70 73 3
70 74 2
70 75 4
70 76 1
70 77 3
70 78 1
70 79 2
70 80 2
70 81 2
70 82 4
70 83 1
70 84 2
70 85 1
70 86 4
70 87 1
70 88 4
70 89 2
70 90 2
70 91 1
70 92 2
70 93 4
70 94 2
70 95 5
70 96 2
70 97 3
70 98 3
70 99 4
71 72 4
71 73 4
71 74 2
71 75 1
71 76 2
71 77 4
71 78 4
71 79 3
71 80 4
71 81 5
71 82 4
71 83 4
71 84 4
71 85 3
71 86 1
71 87 2
71 88 4
71 89 2
71 90 4
71 91 3
71 92 4
71 93 2
71 94 4
71 95 2
71 96 4
71 97 1
71 98 1
71 99 2
72 73 4
72 74 3
72 75 5
72 76 3
72 77 4
72 78 3
72 79 2
72 80 3
72 81 4
72 82 5
72 83 2
72 84 1
72 85 3
72 86 5
72 87 3
72 88 5
72 89 3
72 90 1
72 91 2
72 92 3
72 93 5
72 94 1
72 95 6
72 96 1
72 97 4
72 98 4
72 99 5
73 74 4
73 75 5
73 76 3
73 77 1
73 78 3
73 79 5
73 80 1
73 81 2
73 82 1
73 83 3
73 84 4
73 85 2
73 86 4
73 87 3
73 88 1
73 89 2
73 90 4
73 91 3
73 92 2
73 93 4
73 94 4
73 95 4
73 96 4
73 97 4
73 98 3
73 99 6
74 75 2
74 76 2
74 77 4
74 78 3
74 79 1
74 80 4
74 81 4
74 82 4
74 83 3
74 84 3
74 85 3
74 86 3
74 87 1
74 88 4
74 89 2
74 90 3
74 91 2
74 92 4
74 93 3
74 94 3
74 95 4
74 96 2
74 97 2
74 98 2
74 99 2
75 76 3
75 77 5
75 78 5
75 79 3
75 80 5
75 81 6
75 82 5
75 83 5
75 84 5
75 85 4
75 86 1
75 87 3
75 88 5
75 89 3
75 90 5
75 91 4
75 92 5
75 93 2
75 94 5
75 95 2
75 96 4
75 97 2
75 98 2
75 99 1
76 77 3
76 78 2
76 79 2
76 80 2
76 81 3
76 82 3
76 83 2
76 84 2
76 85 2
76 86 3
76 87 1
76 88 3
76 89 1
76 90 3
76 91 1
76 92 2
76 93 3
76 94 3
76 95 4
76 96 2
76 97 2
76 98 2
76 99 4
77 78 3
77 79 5
77 80 1
77 81 2
77 82 2
77 83 3
77 84 4
77 85 2
77 86 4
77 87 3
77 88 1
77 89 2
77 90 4
77 91 3
77 92 2
77 93 4
77 94 4
77 95 4
77 96 4
77 97 4
77 98 3
77 99 6
78 79 3
78 80 2
78 81 1
78 82 4
78 83 1
78 84 2
78 85 1
78 86 5
78 87 2
78 88 4
78 89 2
78 90 2
78 91 2
78 92 1
78 93 4
78 94 2
78 95 5
78 96 2
78 97 4
78 98 3
78 99 5
79 80 4
79 81 4
79 82 5
79 83 3
79 84 2
79 85 3
79 86 4
79 87 2
79 88 5
79 89 3
79 90 2
79 91 2
79 92 4
79 93 4
79 94 2
79 95 5
79 96 1
79 97 3
79 98 3
79 99 3
80 81 1
80 82 2
80 83 2
80 84 3
80 85 1
80 86 4
80 87 3
80 88 2
80 89 2
80 90 3
80 91 2
80 92 2
80 93 4
80 94 3
80 95 4
80 96 3
80 97 4
80 98 3
80 99 6
81 82 3
81 83 2
81 84 3
81 85 2
81 86 5
81 87 3
81 88 3
81 89 3
81 90 3
81 91 3
81 92 1
81 93 5
81 94 3
81 95 5
81 96 3
81 97 5
81 98 4
81 99 6
82 83 4
82 84 5
82 85 3
82 86 4
82 87 3
82 88 1
82 89 2
82 90 5
82 91 3
82 92 3
82 93 3
82 94 5
82 95 3
82 96 5
82 97 3
82 98 3
82 99 5
83 84 1
83 85 2
83 86 5
83 87 2
83 88 4
83 89 2
83 90 2
83 91 2
83 92 1
83 93 4
83 94 2
83 95 5
83 96 2
83 97 4
83 98 3
83 99 5
84 85 2
84 86 5
84 87 3
84 88 5
84 89 3
84 90 1
84 91 2
84 92 2
84 93 5
84 94 1
84 95 6
84 96 1
84 97 4
84 98 4
84 99 5
85 86 4
85 87 2
85 88 3
85 89 1
85 90 3
85 91 1
85 92 1
85 93 3
85 94 3
85 95 4
85 96 2
85 97 3
85 98 2
85 99 5
86 87 3
86 88 4
86 89 3
86 90 5
86 91 4
86 92 5
86 93 1
86 94 5
86 95 1
86 96 5
86 97 2
86 98 2
86 99 2
87 88 3
87 89 1
87 90 3
87 91 1
87 92 3
87 93 3
87 94 3
87 95 4
87 96 2
87 97 2
87 98 2
87 99 3
88 89 2
88 90 5
88 91 3
88 92 3
88 93 3
88 94 5
88 95 3
88 96 5
88 97 3
88 98 3
88 99 5
89 90 3
89 91 1
89 92 2
89 93 2
89 94 3
89 95 3
89 96 3
89 97 2
89 98 1
89 99 4
90 91 2
90 92 3
90 93 5
90 94 1
90 95 6
90 96 1
90 97 4
90 98 4
90 99 5
91 92 2
91 93 3
91 94 2
91 95 4
91 96 2
91 97 2
91 98 2
91 99 4
92 93 4
92 94 3
92 95 5
92 96 3
92 97 4
92 98 3
92 99 6
93 94 5
93 95 1
93 96 4
93 97 2
93 98 1
93 99 3
94 95 6
94 96 1
94 97 4
94 98 4
94 99 5
95 96 5
95 97 2
95 98 2
95 99 3
96 97 3
96 98 3
96 99 4
97 98 1
97 99 2
98 99 3
