100 
0 1 3
0 2 3
0 3 2
0 4 4
0 5 3
0 6 2
0 7 3
0 8 5
0 9 2
0 10 2
0 11 1
0 12 3
0 13 4
0 14 3
0 15 2
0 16 2
0 17 4
0 18 3
0 19 2
0 20 2
0 21 1
0 22 4
0 23 2
0 24 4
0 25 3
0 26 3
0 27 2
0 28 1
0 29 3
0 30 3
0 31 3
0 32 2
0 33 4
0 34 3
0 35 4
0 36 1
0 37 1
0 38 3
0 39 1
0 40 2
0 41 2
0 42 3
0 43 2
0 44 1
0 45 2
0 46 2
0 47 3
0 48 1
0 49 2
0 50 1
0 51 3
0 52 2
0 53 3
0 54 4
0 55 2
0 56 4
0 57 4
0 58 3
0 59 2
0 60 1
0 61 3
0 62 1
0 63 2
0 64 1
0 65 4
0 66 3
0 67 2
0 68 1
0 69 3
0 70 4
0 71 2
0 72 1
0 73 3
0 74 2
0 75 3
0 76 4
0 77 1
0 78 3
0 79 2
0 80 2
0 81 3
0 82 2
0 83 1
0 84 3
0 85 3
0 86 1
0 87 3
0 88 2
0 89 1
0 90 2
0 91 4
0 92 3
0 93 3
0 94 2
0 95 4
0 96 2
0 97 2
0 98 2
0 99 4
1 2 1
1 3 4
1 4 4
1 5 2
1 6 4
1 7 3
1 8 4
1 9 2
1 10 2
1 11 3
1 12 1
1 13 4
1 14 4
1 15 3
1 16 2
1 17 3
1 18 1
1 19 3
1 20 1
1 21 3
1 22 4
1 23 4
1 24 1
1 25 3
1 26 4
1 27 2
1 28 3
1 29 2
1 30 4
1 31 4
1 32 3
1 33 2
1 34 1
1 35 2
1 36 2
1 37 2
1 38 4
1 39 3
1 40 1
1 41 2
1 42 1
1 43 2
1 44 2
1 45 4
1 46 3
1 47 4
1 48 3
1 49 1
1 50 3
1 51 3
1 52 4
1 53 5
1 54 1
1 55 4
1 56 3
1 57 2
1 58 1
1 59 4
1 60 3
1 61 4
1 62 3
1 63 3
1 64 2
1 65 2
1 66 3
1 67 2
1 68 3
1 69 4
1 70 4
1 71 1
1 72 2
1 73 3
1 74 3
1 75 4
1 76 4
1 77 2
1 78 1
1 79 1
1 80 2
1 81 2
1 82 1
1 83 2
1 84 4
1 85 3
1 86 2
1 87 3
1 88 2
1 89 2
1 90 3
1 91 3
1 92 4
1 93 3
1 94 4
1 95 4
1 96 3
1 97 1
1 98 3
1 99 4
2 3 5
2 4 4
2 5 2
2 6 5
2 7 4
2 8 3
2 9 2
2 10 3
2 11 3
2 12 1
2 13 4
2 14 5
2 15 4
2 16 2
2 17 3
2 18 2
2 19 4
2 20 1
2 21 4
2 22 4
2 23 5
2 24 1
2 25 4
2 26 5
2 27 3
2 28 4
2 29 3
2 30 5
2 31 4
2 32 4
2 33 1
2 34 2
2 35 1
2 36 2
2 37 3
2 38 5
2 39 3
2 40 2
2 41 3
2 42 2
2 43 2
2 44 2
2 45 5
2 46 4
2 47 5
2 48 4
2 49 2
2 50 4
2 51 2
2 52 4
2 53 6
2 54 1
2 55 5
2 56 2
2 57 3
2 58 1
2 59 5
2 60 4
2 61 5
2 62 4
2 63 4
2 64 3
2 65 1
2 66 4
2 67 3
2 68 4
2 69 5
2 70 3
2 71 2
2 72 3
2 73 3
2 74 3
2 75 4
2 76 4
2 77 3
2 78 1
2 79 2
2 80 3
2 81 2
2 82 2
2 83 3
2 84 5
2 85 2
2 86 3
2 87 2
2 88 3
2 89 3
2 90 4
2 91 2
2 92 4
2 93 2
2 94 4
2 95 3
2 96 4
2 97 2
2 98 4
2 99 4
3 4 3
3 5 5
3 6 1
3 7 2
3 8 5
3 9 4
3 10 3
3 11 2
3 12 5
3 13 3
3 14 2
3 15 3
3 16 4
3 17 5
3 18 4
3 19 1
3 20 4
3 21 1
3 22 3
3 23 1
3 24 5
3 25 2
3 26 1
3 27 2
3 28 1
3 29 4
3 30 2
3 31 2
3 32 1
3 33 5
3 34 4
3 35 5
3 36 3
3 37 3
3 38 3
3 39 2
3 40 3
3 41 3
3 42 4
3 43 3
3 44 3
3 45 2
3 46 1
3 47 2
3 48 1
3 49 3
3 50 2
3 51 4
3 52 1
3 53 3
3 54 5
3 55 1
3 56 5
3 57 5
3 58 4
3 59 1
3 60 1
3 61 2
3 62 1
3 63 2
3 64 2
3 65 5
3 66 2
3 67 4
3 68 1
3 69 2
3 70 4
3 71 4
3 72 2
3 73 3
3 74 2
3 75 2
3 76 3
3 77 3
3 78 4
3 79 4
3 80 4
3 81 4
3 82 3
3 83 3
3 84 2
3 85 4
3 86 2
3 87 5
3 88 3
3 89 3
3 90 1
3 91 5
3 92 3
3 93 4
3 94 1
3 95 3
3 96 2
3 97 3
3 98 4
3 99 3
4 5 5
4 6 2
4 7 1
4 8 3
4 9 3
4 10 5
4 11 3
4 12 5
4 13 1
4 14 1
4 15 5
4 16 3
4 17 6
4 18 5
4 19 2
4 20 4
4 21 3
4 22 1
4 23 4
4 24 5
4 25 1
4 26 2
4 27 2
4 28 3
4 29 5
4 30 1
4 31 1
4 32 2
4 33 3
4 34 4
4 35 3
4 36 3
4 37 4
4 38 6
4 39 4
4 40 3
4 41 2
4 42 5
4 43 3
4 44 3
4 45 5
4 46 2
4 47 2
4 48 3
4 49 4
4 50 4
4 51 3
4 52 3
4 53 6
4 54 5
4 55 2
4 56 3
4 57 6
4 58 5
4 59 3
4 60 4
4 61 2
4 62 3
4 63 2
4 64 3
4 65 4
4 66 1
4 67 5
4 68 4
4 69 1
4 70 2
4 71 4
4 72 3
4 73 2
4 74 2
4 75 1
4 76 1
4 77 4
4 78 4
4 79 4
4 80 5
4 81 3
4 82 4
4 83 4
4 84 2
4 85 2
4 86 4
4 87 3
4 88 4
4 89 3
4 90 2
4 91 3
4 92 1
4 93 3
4 94 3
4 95 1
4 96 2
4 97 3
4 98 5
4 99 1
5 6 5
5 7 4
5 8 5
5 9 3
5 10 2
5 11 4
5 12 1
5 13 5
5 14 5
5 15 3
5 16 3
5 17 1
5 18 1
5 19 5
5 20 2
5 21 4
5 22 5
5 23 5
5 24 2
5 25 4
5 26 6
5 27 4
5 28 4
5 29 1
5 30 5
5 31 5
5 32 5
5 33 3
5 34 1
5 35 3
5 36 3
5 37 2
5 38 4
5 39 3
5 40 3
5 41 3
5 42 1
5 43 3
5 44 3
5 45 5
5 46 5
5 47 6
5 48 4
5 49 2
5 50 4
5 51 3
5 52 5
5 53 5
5 54 2
5 55 5
5 56 4
5 57 1
5 58 2
5 59 5
5 60 4
5 61 6
5 62 4
5 63 4
5 64 3
5 65 2
5 66 5
5 67 2
5 68 4
5 69 5
5 70 4
5 71 2
5 72 3
5 73 4
5 74 4
5 75 5
5 76 5
5 77 2
5 78 2
5 79 2
5 80 1
5 81 3
5 82 2
5 83 3
5 84 6
5 85 4
5 86 3
5 87 3
5 88 2
5 89 3
5 90 5
5 91 4
5 92 5
5 93 4
5 94 5
5 95 5
5 96 4
5 97 2
5 98 4
5 99 5
6 7 2
6 8 5
6 9 3
6 10 4
6 11 2
6 12 5
6 13 3
6 14 1
6 15 4
6 16 3
6 17 6
6 18 4
6 19 1
6 20 4
6 21 2
6 22 3
6 23 2
6 24 5
6 25 2
6 26 1
6 27 2
6 28 2
6 29 5
6 30 1
6 31 2
6 32 1
6 33 4
6 34 4
6 35 4
6 36 3
6 37 3
6 38 4
6 39 3
6 40 3
6 41 2
6 42 4
6 43 3
6 44 3
6 45 3
6 46 1
6 47 1
6 48 1
6 49 3
6 50 2
6 51 3
6 52 1
6 53 4
6 54 5
6 55 1
6 56 4
6 57 5
6 58 4
6 59 1
6 60 2
6 61 1
6 62 2
6 63 1
6 64 2
6 65 4
6 66 2
6 67 4
6 68 2
6 69 1
6 70 4
6 71 4
6 72 3
6 73 2
6 74 2
6 75 2
6 76 3
6 77 3
6 78 4
6 79 4
6 80 4
6 81 3
6 82 4
6 83 3
6 84 1
6 85 3
6 86 3
6 87 4
6 88 4
6 89 3
6 90 1
6 91 4
6 92 2
6 93 3
6 94 1
6 95 3
6 96 1
6 97 3
6 98 4
6 99 3
7 8 3
7 9 2
7 10 4
7 11 2
7 12 4
7 13 1
7 14 2
7 15 4
7 16 2
7 17 5
7 18 4
7 19 1
7 20 3
7 21 3
7 22 1
7 23 3
7 24 4
7 25 1
7 26 2
7 27 1
7 28 2
7 29 4
7 30 2
7 31 1
7 32 2
7 33 3
7 34 3
7 35 3
7 36 2
7 37 3
7 38 5
7 39 3
7 40 2
7 41 1
7 42 4
7 43 2
7 44 2
7 45 4
7 46 2
7 47 3
7 48 2
7 49 3
7 50 3
7 51 2
7 52 2
7 53 5
7 54 4
7 55 2
7 56 3
7 57 5
7 58 4
7 59 3
7 60 3
7 61 2
7 62 2
7 63 1
7 64 2
7 65 3
7 66 1
7 67 4
7 68 3
7 69 2
7 70 2
7 71 3
7 72 2
7 73 1
7 74 2
7 75 1
7 76 1
7 77 3
7 78 3
7 79 3
7 80 4
7 81 2
7 82 3
7 83 3
7 84 3
7 85 2
7 86 3
7 87 3
7 88 3
7 89 2
7 90 2
7 91 3
7 92 1
7 93 2
7 94 2
7 95 1
7 96 1
7 97 2
7 98 4
7 99 1
8 9 3
8 10 6
8 11 5
8 12 4
8 13 2
8 14 4
8 15 6
8 16 3
8 17 6
8 18 5
8 19 4
8 20 4
8 21 6
8 22 2
8 23 6
8 24 4
8 25 3
8 26 4
8 27 4
8 28 5
8 29 6
8 30 4
8 31 3
8 32 5
8 33 2
8 34 5
8 35 2
8 36 4
8 37 5
8 38 7
8 39 5
8 40 4
8 41 4
8 42 5
8 43 4
8 44 4
8 45 7
8 46 4
8 47 5
8 48 5
8 49 5
8 50 6
8 51 2
8 52 5
8 53 8
8 54 4
8 55 5
8 56 1
8 57 6
8 58 4
8 59 6
8 60 6
8 61 4
8 62 5
8 63 4
8 64 5
8 65 3
8 66 3
8 67 6
8 68 6
8 69 4
8 70 1
8 71 5
8 72 5
8 73 3
8 74 4
8 75 3
8 76 2
8 77 5
8 78 4
8 79 4
8 80 5
8 81 3
8 82 5
8 83 6
8 84 5
8 85 2
8 86 5
8 87 2
8 88 5
8 89 5
8 90 4
8 91 1
8 92 3
8 93 2
8 94 5
8 95 2
8 96 4
8 97 4
8 98 7
8 99 2
9 10 3
9 11 2
9 12 2
9 13 2
9 14 3
9 15 3
9 16 1
9 17 4
9 18 2
9 19 3
9 20 1
9 21 3
9 22 2
9 23 4
9 24 2
9 25 2
9 26 4
9 27 2
9 28 3
9 29 3
9 30 3
9 31 3
9 32 3
9 33 2
9 34 2
9 35 2
9 36 1
9 37 2
9 38 4
9 39 2
9 40 1
9 41 1
9 42 2
9 43 1
9 44 1
9 45 4
9 46 3
9 47 4
9 48 3
9 49 2
9 50 3
9 51 1
9 52 3
9 53 5
9 54 2
9 55 4
9 56 2
9 57 3
9 58 2
9 59 4
9 60 3
9 61 4
9 62 3
9 63 2
9 64 2
9 65 2
9 66 2
9 67 3
9 68 3
9 69 3
9 70 2
9 71 2
9 72 2
9 73 1
9 74 2
9 75 3
9 76 3
9 77 2
9 78 1
9 79 1
9 80 2
9 81 1
9 82 2
9 83 3
9 84 4
9 85 1
9 86 2
9 87 1
9 88 2
9 89 2
9 90 3
9 91 2
9 92 2
9 93 1
9 94 3
9 95 2
9 96 2
9 97 1
9 98 4
9 99 2
10 11 2
10 12 2
10 13 4
10 14 4
10 15 1
10 16 3
10 17 2
10 18 1
10 19 3
10 20 2
10 21 3
10 22 4
10 23 3
10 24 3
10 25 4
10 26 4
10 27 3
10 28 3
10 29 1
10 30 4
10 31 4
10 32 3
10 33 4
10 34 2
10 35 4
10 36 2
10 37 1
10 38 2
10 39 2
10 40 2
10 41 3
10 42 2
10 43 2
10 44 2
10 45 3
10 46 4
10 47 5
10 48 3
10 49 1
10 50 2
10 51 4
10 52 3
10 53 3
10 54 3
10 55 4
10 56 5
10 57 2
10 58 2
10 59 3
10 60 2
10 61 5
10 62 2
10 63 3
10 64 2
10 65 3
10 66 4
10 67 1
10 68 2
10 69 4
10 70 5
10 71 1
10 72 2
10 73 3
10 74 3
10 75 4
10 76 5
10 77 1
10 78 2
10 79 2
10 80 1
10 81 3
10 82 1
10 83 1
10 84 5
10 85 4
10 86 1
10 87 4
10 88 1
10 89 2
10 90 4
10 91 5
10 92 4
10 93 4
10 94 3
10 95 4
10 96 3
10 97 2
10 98 2
10 99 4
11 12 3
11 13 3
11 14 2
11 15 2
11 16 2
11 17 4
11 18 3
11 19 1
11 20 2
11 21 1
11 22 3
11 23 2
11 24 3
11 25 2
11 26 2
11 27 1
11 28 1
11 29 3
11 30 2
11 31 2
11 32 1
11 33 4
11 34 3
11 35 4
11 36 1
11 37 2
11 38 3
11 39 1
11 40 2
11 41 1
11 42 3
11 43 1
11 44 1
11 45 2
11 46 2
11 47 3
11 48 1
11 49 2
11 50 1
11 51 3
11 52 1
11 53 3
11 54 3
11 55 2
11 56 4
11 57 4
11 58 3
11 59 2
11 60 1
11 61 3
11 62 1
11 63 1
11 64 1
11 65 3
11 66 2
11 67 3
11 68 1
11 69 2
11 70 4
11 71 2
11 72 1
11 73 2
11 74 1
11 75 2
11 76 3
11 77 2
11 78 2
11 79 2
11 80 3
11 81 2
11 82 2
11 83 2
11 84 3
11 85 3
11 86 1
11 87 3
11 88 2
11 89 1
11 90 2
11 91 4
11 92 2
11 93 3
11 94 1
11 95 3
11 96 1
11 97 2
11 98 3
11 99 3
12 13 4
12 14 5
12 15 3
12 16 2
12 17 2
12 18 1
12 19 4
12 20 1
12 21 4
12 22 4
12 23 5
12 24 1
12 25 4
12 26 5
12 27 3
12 28 4
12 29 2
12 30 5
12 31 5
12 32 4
12 33 2
12 34 1
12 35 2
12 36 2
12 37 2
12 38 4
12 39 3
12 40 2
12 41 3
12 42 1
12 43 2
12 44 2
12 45 5
12 46 4
12 47 5
12 48 4
12 49 2
12 50 4
12 51 2
12 52 4
12 53 5
12 54 1
12 55 5
12 56 3
12 57 2
12 58 1
12 59 5
12 60 4
12 61 5
12 62 4
12 63 4
12 64 3
12 65 1
12 66 4
12 67 2
12 68 4
12 69 5
12 70 3
12 71 1
12 72 3
12 73 3
12 74 3
12 75 5
12 76 4
12 77 2
12 78 1
12 79 1
12 80 2
12 81 2
12 82 2
12 83 3
12 84 5
12 85 3
12 86 3
12 87 2
12 88 2
12 89 2
12 90 4
12 91 3
12 92 4
12 93 3
12 94 4
12 95 4
12 96 4
12 97 2
12 98 4
12 99 4
13 14 2
13 15 4
13 16 2
13 17 5
13 18 4
13 19 2
13 20 3
13 21 4
13 22 1
13 23 4
13 24 4
13 25 1
13 26 2
13 27 2
13 28 3
13 29 4
13 30 2
13 31 1
13 32 3
13 33 3
13 34 4
13 35 3
13 36 3
13 37 4
13 38 5
13 39 4
13 40 3
13 41 2
13 42 4
13 43 2
13 44 3
13 45 5
13 46 2
13 47 3
13 48 3
13 49 3
13 50 4
13 51 2
13 52 3
13 53 6
13 54 4
13 55 3
13 56 2
13 57 5
13 58 4
13 59 4
13 60 4
13 61 2
13 62 3
13 63 2
13 64 3
13 65 3
13 66 1
13 67 4
13 68 4
13 69 2
13 70 1
13 71 3
13 72 3
13 73 1
13 74 2
13 75 1
13 76 1
13 77 3
13 78 3
13 79 3
13 80 4
13 81 2
13 82 3
13 83 4
13 84 3
13 85 2
13 86 4
13 87 2
13 88 4
13 89 3
13 90 2
13 91 2
13 92 1
13 93 2
13 94 3
13 95 1
13 96 2
13 97 3
13 98 5
13 99 1
14 15 4
14 16 3
14 17 6
14 18 5
14 19 1
14 20 4
14 21 2
14 22 2
14 23 3
14 24 5
14 25 1
14 26 1
14 27 2
14 28 2
14 29 5
14 30 1
14 31 1
14 32 1
14 33 4
14 34 4
14 35 4
14 36 3
14 37 4
14 38 5
14 39 3
14 40 3
14 41 2
14 42 5
14 43 3
14 44 3
14 45 4
14 46 1
14 47 1
14 48 2
14 49 4
14 50 3
14 51 3
14 52 2
14 53 5
14 54 5
14 55 1
14 56 4
14 57 6
14 58 5
14 59 2
14 60 3
14 61 1
14 62 2
14 63 2
14 64 3
14 65 4
14 66 1
14 67 5
14 68 3
14 69 1
14 70 3
14 71 4
14 72 3
14 73 2
14 74 2
14 75 1
14 76 2
14 77 4
14 78 4
14 79 4
14 80 5
14 81 3
14 82 4
14 83 4
14 84 2
14 85 3
14 86 3
14 87 4
14 88 4
14 89 3
14 90 1
14 91 4
14 92 1
14 93 3
14 94 2
14 95 2
14 96 2
14 97 3
14 98 5
14 99 2
15 16 3
15 17 3
15 18 2
15 19 3
15 20 3
15 21 2
15 22 4
15 23 3
15 24 4
15 25 4
15 26 4
15 27 3
15 28 2
15 29 2
15 30 4
15 31 4
15 32 3
15 33 5
15 34 2
15 35 5
15 36 2
15 37 1
15 38 1
15 39 1
15 40 2
15 41 3
15 42 2
15 43 2
15 44 2
15 45 2
15 46 3
15 47 5
15 48 3
15 49 2
15 50 2
15 51 4
15 52 3
15 53 2
15 54 4
15 55 4
15 56 5
15 57 3
15 58 3
15 59 3
15 60 2
15 61 5
15 62 2
15 63 3
15 64 2
15 65 4
15 66 4
15 67 1
15 68 2
15 69 4
15 70 5
15 71 2
15 72 2
15 73 3
15 74 3
15 75 4
15 76 5
15 77 1
15 78 3
15 79 2
15 80 2
15 81 3
15 82 2
15 83 1
15 84 5
15 85 4
15 86 1
15 87 4
15 88 1
15 89 2
15 90 4
15 91 5
15 92 4
15 93 4
15 94 3
15 95 4
15 96 3
15 97 2
15 98 1
15 99 4
16 17 4
16 18 3
16 19 3
16 20 1
16 21 3
16 22 2
16 23 4
16 24 2
16 25 2
16 26 4
16 27 2
16 28 3
16 29 3
16 30 3
16 31 3
16 32 3
16 33 2
16 34 2
16 35 2
16 36 1
16 37 2
16 38 4
16 39 3
16 40 1
16 41 1
16 42 2
16 43 1
16 44 2
16 45 4
16 46 3
16 47 4
16 48 3
16 49 2
16 50 3
16 51 1
16 52 3
16 53 5
16 54 2
16 55 4
16 56 2
16 57 3
16 58 2
16 59 4
16 60 3
16 61 4
16 62 3
16 63 2
16 64 2
16 65 2
16 66 2
16 67 3
16 68 3
16 69 3
16 70 2
16 71 2
16 72 2
16 73 1
16 74 2
16 75 3
16 76 3
16 77 2
16 78 1
16 79 2
16 80 3
16 81 1
16 82 2
16 83 3
16 84 4
16 85 1
16 86 2
16 87 1
16 88 2
16 89 2
16 90 3
16 91 2
16 92 2
16 93 1
16 94 3
16 95 2
16 96 2
16 97 1
16 98 4
16 99 2
17 18 2
17 19 5
17 20 3
17 21 5
17 22 5
17 23 5
17 24 3
17 25 5
17 26 6
17 27 4
17 28 5
17 29 1
17 30 6
17 31 6
17 32 5
17 33 4
17 34 2
17 35 4
17 36 3
17 37 3
17 38 4
17 39 4
17 40 3
17 41 4
17 42 2
17 43 3
17 44 3
17 45 5
17 46 5
17 47 6
17 48 5
17 49 3
17 50 4
17 51 4
17 52 5
17 53 5
17 54 3
17 55 6
17 56 5
17 57 1
17 58 3
17 59 5
17 60 4
17 61 6
17 62 4
17 63 5
17 64 4
17 65 3
17 66 5
17 67 2
17 68 4
17 69 6
17 70 5
17 71 3
17 72 3
17 73 4
17 74 4
17 75 6
17 76 6
17 77 3
17 78 3
17 79 3
17 80 2
17 81 4
17 82 2
17 83 3
17 84 6
17 85 5
17 86 3
17 87 4
17 88 2
17 89 3
17 90 5
17 91 5
17 92 5
17 93 5
17 94 5
17 95 5
17 96 5
17 97 3
17 98 4
17 99 5
18 19 4
18 20 2
18 21 3
18 22 4
18 23 4
18 24 2
18 25 4
18 26 5
18 27 3
18 28 3
18 29 1
18 30 5
18 31 5
18 32 4
18 33 3
18 34 1
18 35 3
18 36 2
18 37 2
18 38 3
18 39 3
18 40 2
18 41 3
18 42 1
18 43 2
18 44 2
18 45 4
18 46 4
18 47 5
18 48 3
18 49 1
18 50 3
18 51 3
18 52 4
18 53 4
18 54 2
18 55 4
18 56 4
18 57 2
18 58 1
18 59 4
18 60 3
18 61 5
18 62 3
18 63 3
18 64 2
18 65 2
18 66 4
18 67 1
18 68 3
18 69 5
18 70 4
18 71 1
18 72 2
18 73 3
18 74 3
18 75 5
18 76 5
18 77 2
18 78 2
18 79 1
18 80 1
18 81 3
18 82 1
18 83 2
18 84 5
18 85 3
18 86 2
18 87 3
18 88 1
18 89 2
18 90 4
18 91 4
18 92 4
18 93 3
18 94 4
18 95 4
18 96 4
18 97 2
18 98 3
18 99 4
19 20 3
19 21 2
19 22 2
19 23 2
19 24 4
19 25 1
19 26 1
19 27 1
19 28 2
19 29 4
19 30 1
19 31 1
19 32 1
19 33 4
19 34 4
19 35 4
19 36 2
19 37 3
19 38 4
19 39 2
19 40 2
19 41 2
19 42 4
19 43 2
19 44 2
19 45 3
19 46 1
19 47 2
19 48 1
19 49 3
19 50 2
19 51 3
19 52 1
19 53 4
19 54 4
19 55 1
19 56 4
19 57 5
19 58 4
19 59 2
19 60 2
19 61 2
19 62 2
19 63 1
19 64 2
19 65 4
19 66 1
19 67 4
19 68 2
19 69 1
19 70 3
19 71 3
19 72 2
19 73 2
19 74 1
19 75 1
19 76 2
19 77 3
19 78 3
19 79 3
19 80 4
19 81 3
19 82 3
19 83 3
19 84 2
19 85 3
19 86 2
19 87 4
19 88 3
19 89 2
19 90 1
19 91 4
19 92 2
19 93 3
19 94 1
19 95 2
19 96 1
19 97 3
19 98 4
19 99 2
20 21 3
20 22 3
20 23 4
20 24 2
20 25 3
20 26 4
20 27 2
20 28 3
20 29 2
20 30 4
20 31 4
20 32 3
20 33 2
20 34 1
20 35 2
20 36 1
20 37 2
20 38 4
20 39 2
20 40 1
20 41 2
20 42 1
20 43 1
20 44 1
20 45 4
20 46 3
20 47 4
20 48 3
20 49 1
20 50 3
20 51 2
20 52 3
20 53 5
20 54 2
20 55 4
20 56 3
20 57 2
20 58 1
20 59 4
20 60 3
20 61 4
20 62 3
20 63 3
20 64 2
20 65 2
20 66 3
20 67 2
20 68 3
20 69 4
20 70 3
20 71 1
20 72 2
20 73 2
20 74 2
20 75 4
20 76 4
20 77 2
20 78 1
20 79 1
20 80 2
20 81 1
20 82 1
20 83 2
20 84 4
20 85 2
20 86 2
20 87 2
20 88 2
20 89 2
20 90 3
20 91 3
20 92 3
20 93 2
20 94 3
20 95 3
20 96 3
20 97 1
20 98 3
20 99 3
21 22 4
21 23 1
21 24 4
21 25 3
21 26 2
21 27 2
21 28 1
21 29 4
21 30 3
21 31 3
21 32 1
21 33 5
21 34 3
21 35 5
21 36 2
21 37 2
21 38 3
21 39 1
21 40 2
21 41 2
21 42 3
21 43 2
21 44 2
21 45 2
21 46 2
21 47 3
21 48 1
21 49 2
21 50 1
21 51 4
21 52 1
21 53 3
21 54 4
21 55 2
21 56 5
21 57 4
21 58 3
21 59 1
21 60 1
21 61 3
21 62 1
21 63 2
21 64 1
21 65 4
21 66 3
21 67 3
21 68 1
21 69 3
21 70 5
21 71 3
21 72 2
21 73 3
21 74 2
21 75 3
21 76 4
21 77 2
21 78 3
21 79 3
21 80 3
21 81 3
21 82 3
21 83 2
21 84 3
21 85 4
21 86 2
21 87 4
21 88 3
21 89 2
21 90 2
21 91 5
21 92 3
21 93 4
21 94 1
21 95 4
21 96 2
21 97 2
21 98 3
21 99 4
22 23 4
22 24 4
22 25 1
22 26 2
22 27 2
22 28 3
22 29 4
22 30 2
22 31 1
22 32 3
22 33 3
22 34 4
22 35 3
22 36 3
22 37 4
22 38 5
22 39 4
22 40 3
22 41 2
22 42 4
22 43 2
22 44 3
22 45 5
22 46 2
22 47 3
22 48 3
22 49 3
22 50 4
22 51 2
22 52 3
22 53 6
22 54 4
22 55 3
22 56 2
22 57 5
22 58 4
22 59 4
22 60 4
22 61 2
22 62 3
22 63 2
22 64 3
22 65 3
22 66 1
22 67 4
22 68 4
22 69 2
22 70 1
22 71 3
22 72 3
22 73 1
22 74 2
22 75 1
22 76 1
22 77 3
22 78 3
22 79 3
22 80 4
22 81 2
22 82 3
22 83 4
22 84 3
22 85 2
22 86 4
22 87 2
22 88 4
22 89 3
22 90 2
22 91 2
22 92 1
22 93 2
22 94 3
22 95 1
22 96 2
22 97 3
22 98 5
22 99 1
23 24 5
23 25 3
23 26 2
23 27 2
23 28 1
23 29 4
23 30 3
23 31 3
23 32 2
23 33 5
23 34 4
23 35 5
23 36 3
23 37 3
23 38 3
23 39 2
23 40 3
23 41 3
23 42 4
23 43 3
23 44 3
23 45 2
23 46 2
23 47 3
23 48 1
23 49 3
23 50 1
23 51 4
23 52 1
23 53 3
23 54 5
23 55 2
23 56 5
23 57 5
23 58 4
23 59 1
23 60 1
23 61 3
23 62 1
23 63 2
23 64 2
23 65 5
23 66 3
23 67 4
23 68 1
23 69 3
23 70 5
23 71 4
23 72 2
23 73 3
23 74 2
23 75 3
23 76 4
23 77 3
23 78 4
23 79 4
23 80 4
23 81 4
23 82 3
23 83 3
23 84 3
23 85 4
23 86 2
23 87 5
23 88 3
23 89 3
23 90 2
23 91 5
23 92 3
23 93 4
23 94 1
23 95 4
23 96 2
23 97 3
23 98 4
23 99 4
24 25 4
24 26 5
24 27 3
24 28 4
24 29 3
24 30 5
24 31 5
24 32 4
24 33 2
24 34 2
24 35 2
24 36 3
24 37 3
24 38 5
24 39 4
24 40 2
24 41 3
24 42 2
24 43 2
24 44 3
24 45 5
24 46 4
24 47 5
24 48 4
24 49 2
24 50 4
24 51 2
24 52 4
24 53 6
24 54 1
24 55 5
24 56 3
24 57 3
24 58 1
24 59 5
24 60 4
24 61 5
24 62 4
24 63 4
24 64 3
24 65 1
24 66 4
24 67 3
24 68 4
24 69 5
24 70 3
24 71 2
24 72 3
24 73 3
24 74 3
24 75 5
24 76 4
24 77 3
24 78 1
24 79 2
24 80 3
24 81 2
24 82 2
24 83 3
24 84 5
24 85 3
24 86 3
24 87 2
24 88 3
24 89 3
24 90 4
24 91 3
24 92 4
24 93 3
24 94 4
24 95 4
24 96 4
24 97 2
24 98 4
24 99 4
25 26 2
25 27 1
25 28 2
25 29 4
25 30 1
25 31 1
25 32 2
25 33 3
25 34 3
25 35 3
25 36 2
25 37 3
25 38 5
25 39 3
25 40 2
25 41 1
25 42 4
25 43 2
25 44 2
25 45 4
25 46 1
25 47 2
25 48 2
25 49 3
25 50 3
25 51 2
25 52 2
25 53 5
25 54 4
25 55 2
25 56 3
25 57 5
25 58 4
25 59 3
25 60 3
25 61 2
25 62 2
25 63 1
25 64 2
25 65 3
25 66 1
25 67 4
25 68 3
25 69 1
25 70 2
25 71 3
25 72 2
25 73 1
25 74 1
25 75 1
25 76 2
25 77 3
25 78 3
25 79 3
25 80 4
25 81 2
25 82 3
25 83 3
25 84 2
25 85 2
25 86 3
25 87 3
25 88 3
25 89 2
25 90 1
25 91 3
25 92 1
25 93 2
25 94 2
25 95 2
25 96 1
25 97 2
25 98 4
25 99 1
26 27 2
26 28 2
26 29 5
26 30 1
26 31 1
26 32 1
26 33 4
26 34 5
26 35 4
26 36 3
26 37 4
26 38 4
26 39 3
26 40 3
26 41 3
26 42 5
26 43 3
26 44 3
26 45 3
26 46 1
26 47 1
26 48 2
26 49 4
26 50 3
26 51 4
26 52 2
26 53 4
26 54 5
26 55 1
26 56 4
26 57 6
26 58 5
26 59 2
26 60 2
26 61 1
26 62 2
26 63 2
26 64 3
26 65 5
26 66 2
26 67 5
26 68 2
26 69 1
26 70 3
26 71 4
26 72 3
26 73 3
26 74 2
26 75 2
26 76 3
26 77 4
26 78 4
26 79 4
26 80 5
26 81 4
26 82 4
26 83 4
26 84 1
26 85 3
26 86 3
26 87 4
26 88 4
26 89 3
26 90 1
26 91 4
26 92 2
26 93 4
26 94 2
26 95 2
26 96 2
26 97 4
26 98 5
26 99 2
27 28 2
27 29 3
27 30 2
27 31 2
27 32 1
27 33 3
27 34 3
27 35 3
27 36 1
27 37 2
27 38 4
27 39 2
27 40 1
27 41 1
27 42 3
27 43 1
27 44 1
27 45 3
27 46 1
27 47 2
27 48 1
27 49 2
27 50 2
27 51 2
27 52 2
27 53 4
27 54 3
27 55 2
27 56 3
27 57 4
27 58 3
27 59 2
27 60 2
27 61 2
27 62 2
27 63 1
27 64 1
27 65 3
27 66 1
27 67 3
27 68 2
27 69 2
27 70 3
27 71 2
27 72 2
27 73 1
27 74 1
27 75 2
27 76 2
27 77 2
27 78 2
27 79 2
27 80 3
27 81 2
27 82 2
27 83 3
27 84 2
27 85 2
27 86 2
27 87 3
27 88 2
27 89 2
27 90 1
27 91 3
27 92 2
27 93 2
27 94 2
27 95 2
27 96 1
27 97 2
27 98 4
27 99 2
28 29 4
28 30 2
28 31 3
28 32 1
28 33 5
28 34 3
28 35 5
28 36 2
28 37 2
28 38 3
28 39 1
28 40 2
28 41 2
28 42 3
28 43 2
28 44 2
28 45 2
28 46 1
28 47 3
28 48 1
28 49 2
28 50 1
28 51 4
28 52 1
28 53 3
28 54 4
28 55 2
28 56 5
28 57 4
28 58 3
28 59 1
28 60 1
28 61 3
28 62 1
28 63 1
28 64 1
28 65 4
28 66 2
28 67 3
28 68 1
28 69 2
28 70 4
28 71 3
28 72 2
28 73 3
28 74 1
28 75 3
28 76 3
28 77 2
28 78 3
28 79 3
28 80 3
28 81 3
28 82 3
28 83 2
28 84 3
28 85 4
28 86 2
28 87 4
28 88 3
28 89 2
28 90 2
28 91 5
28 92 3
28 93 4
28 94 1
28 95 3
28 96 2
28 97 2
28 98 3
28 99 3
29 30 5
29 31 5
29 32 4
29 33 4
29 34 1
29 35 4
29 36 2
29 37 2
29 38 3
29 39 3
29 40 2
29 41 3
29 42 1
29 43 2
29 44 2
29 45 4
29 46 4
29 47 5
29 48 4
29 49 2
29 50 3
29 51 4
29 52 4
29 53 4
29 54 3
29 55 5
29 56 5
29 57 1
29 58 2
29 59 4
29 60 3
29 61 5
29 62 3
29 63 4
29 64 3
29 65 3
29 66 4
29 67 1
29 68 3
29 69 5
29 70 5
29 71 2
29 72 2
29 73 3
29 74 3
29 75 5
29 76 5
29 77 2
29 78 2
29 79 2
29 80 1
29 81 3
29 82 1
29 83 2
29 84 5
29 85 4
29 86 2
29 87 4
29 88 1
29 89 2
29 90 4
29 91 5
29 92 4
29 93 4
29 94 4
29 95 4
29 96 4
29 97 2
29 98 3
29 99 4
30 31 1
30 32 2
30 33 4
30 34 4
30 35 4
30 36 3
30 37 4
30 38 5
30 39 3
30 40 3
30 41 2
30 42 5
30 43 3
30 44 3
30 45 4
30 46 1
30 47 1
30 48 2
30 49 4
30 50 3
30 51 3
30 52 2
30 53 5
30 54 5
30 55 1
30 56 4
30 57 6
30 58 5
30 59 2
30 60 3
30 61 1
30 62 3
30 63 2
30 64 3
30 65 4
30 66 1
30 67 5
30 68 3
30 69 1
30 70 3
30 71 4
30 72 3
30 73 2
30 74 2
30 75 1
30 76 2
30 77 4
30 78 4
30 79 4
30 80 5
30 81 3
30 82 4
30 83 4
30 84 1
30 85 3
30 86 3
30 87 4
30 88 4
30 89 3
30 90 1
30 91 4
30 92 1
30 93 3
30 94 2
30 95 2
30 96 2
30 97 3
30 98 5
30 99 2
31 32 2
31 33 3
31 34 4
31 35 3
31 36 3
31 37 4
31 38 5
31 39 3
31 40 3
31 41 2
31 42 5
31 43 3
31 44 3
31 45 4
31 46 2
31 47 2
31 48 2
31 49 4
31 50 3
31 51 3
31 52 2
31 53 5
31 54 5
31 55 2
31 56 3
31 57 6
31 58 5
31 59 3
31 60 3
31 61 1
31 62 3
31 63 2
31 64 3
31 65 4
31 66 1
31 67 5
31 68 3
31 69 1
31 70 2
31 71 4
31 72 3
31 73 2
31 74 2
31 75 1
31 76 2
31 77 4
31 78 4
31 79 4
31 80 5
31 81 3
31 82 4
31 83 4
31 84 2
31 85 2
31 86 3
31 87 3
31 88 4
31 89 3
31 90 1
31 91 3
31 92 1
31 93 3
31 94 2
31 95 1
31 96 1
31 97 3
31 98 5
31 99 1
32 33 4
32 34 4
32 35 4
32 36 2
32 37 3
32 38 4
32 39 2
32 40 2
32 41 2
32 42 4
32 43 2
32 44 2
32 45 3
32 46 1
32 47 2
32 48 1
32 49 3
32 50 2
32 51 3
32 52 1
32 53 4
32 54 4
32 55 1
32 56 4
32 57 5
32 58 4
32 59 1
32 60 2
32 61 2
32 62 1
32 63 1
32 64 2
32 65 4
32 66 2
32 67 4
32 68 2
32 69 2
32 70 4
32 71 3
32 72 2
32 73 2
32 74 1
32 75 2
32 76 3
32 77 3
32 78 3
32 79 3
32 80 4
32 81 3
32 82 3
32 83 3
32 84 2
32 85 3
32 86 2
32 87 4
32 88 3
32 89 2
32 90 1
32 91 4
32 92 2
32 93 3
32 94 1
32 95 3
32 96 1
32 97 3
32 98 4
32 99 3
33 34 3
33 35 1
33 36 3
33 37 4
33 38 6
33 39 4
33 40 3
33 41 3
33 42 3
33 43 3
33 44 3
33 45 6
33 46 4
33 47 5
33 48 4
33 49 3
33 50 5
33 51 1
33 52 5
33 53 7
33 54 2
33 55 5
33 56 1
33 57 4
33 58 2
33 59 5
33 60 5
33 61 4
33 62 5
33 63 4
33 64 4
33 65 1
33 66 3
33 67 4
33 68 5
33 69 4
33 70 2
33 71 3
33 72 4
33 73 2
33 74 4
33 75 3
33 76 3
33 77 4
33 78 2
33 79 3
33 80 4
33 81 2
33 82 3
33 83 4
33 84 5
33 85 1
33 86 4
33 87 1
33 88 4
33 89 4
33 90 4
33 91 1
33 92 3
33 93 1
33 94 5
33 95 2
33 96 3
33 97 3
33 98 5
33 99 3
34 35 3
34 36 2
34 37 2
34 38 3
34 39 3
34 40 2
34 41 2
34 42 1
34 43 2
34 44 2
34 45 4
34 46 4
34 47 5
34 48 3
34 49 1
34 50 3
34 51 3
34 52 4
34 53 4
34 54 2
34 55 4
34 56 4
34 57 2
34 58 1
34 59 4
34 60 3
34 61 5
34 62 3
34 63 3
34 64 2
34 65 2
34 66 4
34 67 2
34 68 3
34 69 4
34 70 4
34 71 1
34 72 2
34 73 3
34 74 3
34 75 4
34 76 4
34 77 2
34 78 1
34 79 1
34 80 1
34 81 2
34 82 1
34 83 2
34 84 5
34 85 3
34 86 2
34 87 3
34 88 1
34 89 2
34 90 4
34 91 4
34 92 4
34 93 3
34 94 4
34 95 4
34 96 3
34 97 1
34 98 3
34 99 4
35 36 3
35 37 4
35 38 6
35 39 4
35 40 3
35 41 3
35 42 3
35 43 3
35 44 3
35 45 6
35 46 4
35 47 5
35 48 4
35 49 3
35 50 5
35 51 1
35 52 5
35 53 7
35 54 2
35 55 5
35 56 1
35 57 4
35 58 2
35 59 5
35 60 5
35 61 4
35 62 5
35 63 4
35 64 4
35 65 1
35 66 3
35 67 4
35 68 5
35 69 4
35 70 2
35 71 3
35 72 4
35 73 2
35 74 4
35 75 3
35 76 3
35 77 4
35 78 2
35 79 3
35 80 4
35 81 2
35 82 3
35 83 4
35 84 5
35 85 1
35 86 4
35 87 1
35 88 4
35 89 4
35 90 4
35 91 1
35 92 3
35 93 1
35 94 5
35 95 2
35 96 3
35 97 3
35 98 5
35 99 3
36 37 1
36 38 3
36 39 2
36 40 1
36 41 1
36 42 2
36 43 1
36 44 1
36 45 3
36 46 2
36 47 3
36 48 2
36 49 1
36 50 2
36 51 2
36 52 2
36 53 4
36 54 3
36 55 3
36 56 3
36 57 3
36 58 2
36 59 3
36 60 2
36 61 3
36 62 2
36 63 2
36 64 1
36 65 3
36 66 2
36 67 2
36 68 2
36 69 3
36 70 3
36 71 1
36 72 1
36 73 2
36 74 1
36 75 3
36 76 3
36 77 1
36 78 2
36 79 1
36 80 2
36 81 2
36 82 1
36 83 2
36 84 3
36 85 2
36 86 1
36 87 2
36 88 2
36 89 1
36 90 2
36 91 3
36 92 3
36 93 2
36 94 2
36 95 3
36 96 2
36 97 1
36 98 3
36 99 3
37 38 2
37 39 1
37 40 2
37 41 2
37 42 2
37 43 2
37 44 1
37 45 3
37 46 3
37 47 4
37 48 2
37 49 1
37 50 2
37 51 3
37 52 3
37 53 3
37 54 3
37 55 3
37 56 4
37 57 3
37 58 2
37 59 3
37 60 2
37 61 4
37 62 2
37 63 2
37 64 1
37 65 3
37 66 3
37 67 1
37 68 2
37 69 4
37 70 4
37 71 1
37 72 1
37 73 3
37 74 2
37 75 4
37 76 4
37 77 1
37 78 2
37 79 2
37 80 1
37 81 2
37 82 1
37 83 1
37 84 4
37 85 3
37 86 1
37 87 3
37 88 1
37 89 1
37 90 3
37 91 4
37 92 4
37 93 3
37 94 3
37 95 4
37 96 3
37 97 1
37 98 2
37 99 4
38 39 2
38 40 3
38 41 4
38 42 3
38 43 3
38 44 3
38 45 1
38 46 4
38 47 5
38 48 3
38 49 3
38 50 2
38 51 5
38 52 3
38 53 1
38 54 5
38 55 4
38 56 6
38 57 4
38 58 4
38 59 3
38 60 2
38 61 5
38 62 3
38 63 4
38 64 3
38 65 5
38 66 5
38 67 2
38 68 2
38 69 5
38 70 6
38 71 3
38 72 3
38 73 4
38 74 4
38 75 5
38 76 6
38 77 2
38 78 4
38 79 3
38 80 3
38 81 4
38 82 3
38 83 2
38 84 5
38 85 5
38 86 2
38 87 5
38 88 2
38 89 3
38 90 4
38 91 6
38 92 5
38 93 5
38 94 3
38 95 5
38 96 4
38 97 3
38 98 1
38 99 5
39 40 2
39 41 2
39 42 3
39 43 2
39 44 1
39 45 2
39 46 2
39 47 4
39 48 2
39 49 2
39 50 1
39 51 3
39 52 2
39 53 3
39 54 4
39 55 3
39 56 4
39 57 4
39 58 3
39 59 2
39 60 1
39 61 4
39 62 1
39 63 2
39 64 1
39 65 4
39 66 3
39 67 2
39 68 1
39 69 3
39 70 4
39 71 2
39 72 1
39 73 3
39 74 2
39 75 3
39 76 4
39 77 1
39 78 3
39 79 3
39 80 2
39 81 3
39 82 2
39 83 1
39 84 4
39 85 3
39 86 1
39 87 3
39 88 2
39 89 1
39 90 3
39 91 4
39 92 3
39 93 3
39 94 2
39 95 4
39 96 2
39 97 2
39 98 2
39 99 4
40 41 1
40 42 2
40 43 1
40 44 1
40 45 3
40 46 2
40 47 3
40 48 2
40 49 1
40 50 2
40 51 2
40 52 3
40 53 4
40 54 2
40 55 3
40 56 3
40 57 3
40 58 2
40 59 3
40 60 2
40 61 3
40 62 2
40 63 2
40 64 1
40 65 2
40 66 2
40 67 2
40 68 2
40 69 3
40 70 3
40 71 1
40 72 1
40 73 2
40 74 2
40 75 3
40 76 3
40 77 1
40 78 1
40 79 1
40 80 2
40 81 1
40 82 1
40 83 2
40 84 3
40 85 2
40 86 2
40 87 2
40 88 2
40 89 1
40 90 2
40 91 3
40 92 3
40 93 2
40 94 3
40 95 3
40 96 2
40 97 1
40 98 3
40 99 3
41 42 3
41 43 1
41 44 1
41 45 3
41 46 2
41 47 3
41 48 2
41 49 2
41 50 2
41 51 2
41 52 2
41 53 4
41 54 3
41 55 3
41 56 3
41 57 4
41 58 3
41 59 3
41 60 2
41 61 3
41 62 2
41 63 1
41 64 1
41 65 3
41 66 2
41 67 3
41 68 2
41 69 2
41 70 3
41 71 2
41 72 1
41 73 1
41 74 1
41 75 2
41 76 2
41 77 2
41 78 2
41 79 2
41 80 3
41 81 1
41 82 2
41 83 2
41 84 3
41 85 2
41 86 2
41 87 2
41 88 2
41 89 1
41 90 2
41 91 3
41 92 2
41 93 2
41 94 2
41 95 2
41 96 1
41 97 1
41 98 3
41 99 2
42 43 2
42 44 2
42 45 4
42 46 4
42 47 5
42 48 3
42 49 1
42 50 3
42 51 3
42 52 4
42 53 4
42 54 2
42 55 4
42 56 4
42 57 1
42 58 1
42 59 4
42 60 3
42 61 5
42 62 3
42 63 3
42 64 2
42 65 2
42 66 4
42 67 2
42 68 3
42 69 5
42 70 4
42 71 1
42 72 2
42 73 3
42 74 3
42 75 5
42 76 5
42 77 2
42 78 1
42 79 1
42 80 1
42 81 2
42 82 1
42 83 2
42 84 5
42 85 3
42 86 2
42 87 3
42 88 1
42 89 2
42 90 4
42 91 4
42 92 4
42 93 3
42 94 4
42 95 4
42 96 4
42 97 2
42 98 3
42 99 4
43 44 1
43 45 3
43 46 2
43 47 3
43 48 2
43 49 1
43 50 2
43 51 2
43 52 2
43 53 4
43 54 2
43 55 3
43 56 3
43 57 3
43 58 2
43 59 3
43 60 2
43 61 3
43 62 2
43 63 2
43 64 1
43 65 2
43 66 2
43 67 2
43 68 2
43 69 3
43 70 3
43 71 1
43 72 1
43 73 1
43 74 1
43 75 3
43 76 3
43 77 1
43 78 1
43 79 1
43 80 2
43 81 1
43 82 1
43 83 2
43 84 3
43 85 2
43 86 2
43 87 2
43 88 2
43 89 1
43 90 2
43 91 3
43 92 2
43 93 2
43 94 2
43 95 2
43 96 2
43 97 1
43 98 3
43 99 2
44 45 3
44 46 2
44 47 3
44 48 2
44 49 1
44 50 2
44 51 2
44 52 2
44 53 4
44 54 3
44 55 3
44 56 3
44 57 3
44 58 2
44 59 3
44 60 2
44 61 3
44 62 2
44 63 2
44 64 1
44 65 3
44 66 2
44 67 2
44 68 2
44 69 3
44 70 3
44 71 1
44 72 1
44 73 2
44 74 1
44 75 3
44 76 3
44 77 1
44 78 2
44 79 2
44 80 2
44 81 2
44 82 1
44 83 2
44 84 3
44 85 2
44 86 1
44 87 2
44 88 1
44 89 1
44 90 2
44 91 3
44 92 3
44 93 2
44 94 2
44 95 3
44 96 2
44 97 1
44 98 3
44 99 3
45 46 3
45 47 4
45 48 2
45 49 3
45 50 1
45 51 5
45 52 2
45 53 1
45 54 5
45 55 3
45 56 6
45 57 5
45 58 4
45 59 2
45 60 1
45 61 4
45 62 2
45 63 3
45 64 2
45 65 5
45 66 4
45 67 3
45 68 1
45 69 4
45 70 6
45 71 4
45 72 2
45 73 4
45 74 3
45 75 4
45 76 5
45 77 3
45 78 4
45 79 4
45 80 4
45 81 4
45 82 3
45 83 3
45 84 4
45 85 5
45 86 2
45 87 5
45 88 3
45 89 3
45 90 3
45 91 6
45 92 4
45 93 5
45 94 2
45 95 5
45 96 3
45 97 3
45 98 2
45 99 5
46 47 2
46 48 1
46 49 3
46 50 2
46 51 3
46 52 1
46 53 4
46 54 4
46 55 1
46 56 4
46 57 5
46 58 4
46 59 2
46 60 2
46 61 2
46 62 2
46 63 1
46 64 2
46 65 4
46 66 1
46 67 4
46 68 2
46 69 1
46 70 3
46 71 3
46 72 2
46 73 2
46 74 1
46 75 2
46 76 3
46 77 3
46 78 3
46 79 3
46 80 4
46 81 3
46 82 3
46 83 3
46 84 2
46 85 3
46 86 3
46 87 4
46 88 3
46 89 2
46 90 1
46 91 4
46 92 2
46 93 3
46 94 1
46 95 2
46 96 1
46 97 3
46 98 4
46 99 2
47 48 2
47 49 4
47 50 3
47 51 4
47 52 2
47 53 5
47 54 5
47 55 1
47 56 5
47 57 6
47 58 5
47 59 2
47 60 3
47 61 1
47 62 3
47 63 2
47 64 3
47 65 5
47 66 2
47 67 5
47 68 3
47 69 1
47 70 4
47 71 4
47 72 3
47 73 3
47 74 2
47 75 2
47 76 3
47 77 4
47 78 4
47 79 4
47 80 5
47 81 4
47 82 4
47 83 4
47 84 1
47 85 4
47 86 4
47 87 5
47 88 4
47 89 3
47 90 1
47 91 5
47 92 2
47 93 4
47 94 2
47 95 3
47 96 2
47 97 4
47 98 5
47 99 3
48 49 2
48 50 1
48 51 3
48 52 1
48 53 3
48 54 4
48 55 1
48 56 4
48 57 4
48 58 3
48 59 1
48 60 1
48 61 2
48 62 1
48 63 1
48 64 1
48 65 4
48 66 2
48 67 3
48 68 1
48 69 2
48 70 4
48 71 3
48 72 2
48 73 2
48 74 1
48 75 2
48 76 3
48 77 2
48 78 3
48 79 3
48 80 3
48 81 3
48 82 3
48 83 2
48 84 2
48 85 3
48 86 2
48 87 4
48 88 3
48 89 2
48 90 1
48 91 4
48 92 2
48 93 3
48 94 1
48 95 3
48 96 1
48 97 2
48 98 3
48 99 3
49 50 2
49 51 3
49 52 3
49 53 4
49 54 2
49 55 3
49 56 4
49 57 2
49 58 1
49 59 3
49 60 2
49 61 4
49 62 2
49 63 2
49 64 1
49 65 2
49 66 3
49 67 2
49 68 2
49 69 4
49 70 4
49 71 1
49 72 1
49 73 2
49 74 2
49 75 4
49 76 4
49 77 1
49 78 1
49 79 1
49 80 1
49 81 2
49 82 1
49 83 2
49 84 4
49 85 3
49 86 1
49 87 3
49 88 1
49 89 1
49 90 3
49 91 4
49 92 3
49 93 3
49 94 3
49 95 3
49 96 3
49 97 1
49 98 3
49 99 3
50 51 4
50 52 1
50 53 2
50 54 4
50 55 2
50 56 5
50 57 4
50 58 3
50 59 1
50 60 1
50 61 3
50 62 1
50 63 2
50 64 1
50 65 4
50 66 3
50 67 3
50 68 1
50 69 3
50 70 5
50 71 3
50 72 2
50 73 3
50 74 2
50 75 3
50 76 4
50 77 2
50 78 3
50 79 3
50 80 3
50 81 3
50 82 2
50 83 2
50 84 3
50 85 4
50 86 1
50 87 4
50 88 2
50 89 2
50 90 2
50 91 5
50 92 3
50 93 4
50 94 1
50 95 4
50 96 2
50 97 2
50 98 3
50 99 4
51 52 4
51 53 6
51 54 2
51 55 4
51 56 1
51 57 4
51 58 2
51 59 4
51 60 4
51 61 4
51 62 4
51 63 3
51 64 3
51 65 1
51 66 2
51 67 4
51 68 4
51 69 3
51 70 1
51 71 3
51 72 3
51 73 1
51 74 3
51 75 3
51 76 2
51 77 3
51 78 2
51 79 2
51 80 3
51 81 1
51 82 3
51 83 4
51 84 4
51 85 1
51 86 3
51 87 1
51 88 3
51 89 3
51 90 3
51 91 1
51 92 2
51 93 1
51 94 4
51 95 2
51 96 2
51 97 2
51 98 5
51 99 2
52 53 3
52 54 4
52 55 1
52 56 5
52 57 5
52 58 4
52 59 1
52 60 1
52 61 2
52 62 1
52 63 1
52 64 2
52 65 4
52 66 2
52 67 4
52 68 1
52 69 2
52 70 4
52 71 3
52 72 2
52 73 3
52 74 1
52 75 2
52 76 3
52 77 3
52 78 3
52 79 3
52 80 4
52 81 3
52 82 3
52 83 3
52 84 2
52 85 4
52 86 2
52 87 4
52 88 3
52 89 2
52 90 1
52 91 5
52 92 3
52 93 4
52 94 1
52 95 3
52 96 2
52 97 3
52 98 4
52 99 3
53 54 6
53 55 4
53 56 7
53 57 5
53 58 5
53 59 3
53 60 2
53 61 5
53 62 3
53 63 4
53 64 3
53 65 6
53 66 5
53 67 3
53 68 2
53 69 5
53 70 7
53 71 4
53 72 3
53 73 5
53 74 4
53 75 5
53 76 6
53 77 3
53 78 5
53 79 4
53 80 4
53 81 5
53 82 4
53 83 3
53 84 5
53 85 6
53 86 3
53 87 6
53 88 3
53 89 4
53 90 4
53 91 7
53 92 5
53 93 6
53 94 3
53 95 6
53 96 4
53 97 4
53 98 2
53 99 6
54 55 5
54 56 3
54 57 3
54 58 1
54 59 5
54 60 4
54 61 5
54 62 4
54 63 4
54 64 3
54 65 1
54 66 4
54 67 3
54 68 4
54 69 5
54 70 3
54 71 2
54 72 3
54 73 3
54 74 3
54 75 5
54 76 4
54 77 3
54 78 1
54 79 2
54 80 3
54 81 2
54 82 2
54 83 3
54 84 5
54 85 3
54 86 3
54 87 2
54 88 3
54 89 3
54 90 4
54 91 3
54 92 4
54 93 3
54 94 4
54 95 4
54 96 4
54 97 2
54 98 4
54 99 4
55 56 5
55 57 5
55 58 4
55 59 1
55 60 2
55 61 1
55 62 2
55 63 2
55 64 2
55 65 5
55 66 2
55 67 4
55 68 2
55 69 1
55 70 4
55 71 4
55 72 3
55 73 3
55 74 2
55 75 2
55 76 3
55 77 3
55 78 4
55 79 4
55 80 4
55 81 4
55 82 4
55 83 3
55 84 1
55 85 4
55 86 3
55 87 5
55 88 4
55 89 3
55 90 1
55 91 5
55 92 2
55 93 4
55 94 1
55 95 3
55 96 2
55 97 3
55 98 4
55 99 3
56 57 5
56 58 3
56 59 5
56 60 5
56 61 4
56 62 5
56 63 4
56 64 4
56 65 2
56 66 3
56 67 5
56 68 5
56 69 4
56 70 1
56 71 4
56 72 4
56 73 2
56 74 4
56 75 3
56 76 2
56 77 4
56 78 3
56 79 3
56 80 4
56 81 2
56 82 4
56 83 5
56 84 5
56 85 1
56 86 4
56 87 1
56 88 4
56 89 4
56 90 4
56 91 1
56 92 3
56 93 1
56 94 5
56 95 2
56 96 3
56 97 3
56 98 6
56 99 2
57 58 2
57 59 5
57 60 4
57 61 6
57 62 4
57 63 4
57 64 3
57 65 3
57 66 5
57 67 2
57 68 4
57 69 6
57 70 5
57 71 2
57 72 3
57 73 4
57 74 4
57 75 6
57 76 6
57 77 3
57 78 2
57 79 2
57 80 2
57 81 3
57 82 2
57 83 3
57 84 6
57 85 4
57 86 3
57 87 4
57 88 2
57 89 3
57 90 5
57 91 5
57 92 5
57 93 4
57 94 5
57 95 5
57 96 5
57 97 3
57 98 4
57 99 5
58 59 4
58 60 3
58 61 5
58 62 3
58 63 3
58 64 2
58 65 1
58 66 4
58 67 2
58 68 3
58 69 5
58 70 3
58 71 1
58 72 2
58 73 3
58 74 3
58 75 5
58 76 4
58 77 2
58 78 1
58 79 1
58 80 2
58 81 2
58 82 2
58 83 3
58 84 5
58 85 3
58 86 2
58 87 2
58 88 2
58 89 2
58 90 4
58 91 3
58 92 4
58 93 3
58 94 4
58 95 4
58 96 4
58 97 2
58 98 4
58 99 4
59 60 1
59 61 2
59 62 1
59 63 2
59 64 2
59 65 5
59 66 3
59 67 4
59 68 1
59 69 2
59 70 5
59 71 4
59 72 2
59 73 3
59 74 2
59 75 3
59 76 4
59 77 3
59 78 4
59 79 4
59 80 4
59 81 4
59 82 3
59 83 3
59 84 2
59 85 4
59 86 2
59 87 5
59 88 3
59 89 3
59 90 2
59 91 5
59 92 3
59 93 4
59 94 1
59 95 4
59 96 2
59 97 3
59 98 4
59 99 4
60 61 3
60 62 1
60 63 2
60 64 1
60 65 4
60 66 3
60 67 3
60 68 1
60 69 3
60 70 5
60 71 3
60 72 2
60 73 3
60 74 2
60 75 3
60 76 4
60 77 2
60 78 3
60 79 3
60 80 3
60 81 3
60 82 2
60 83 2
60 84 3
60 85 4
60 86 1
60 87 4
60 88 2
60 89 2
60 90 2
60 91 5
60 92 3
60 93 4
60 94 1
60 95 4
60 96 2
60 97 2
60 98 3
60 99 4
61 62 3
61 63 2
61 64 3
61 65 5
61 66 2
61 67 5
61 68 3
61 69 1
61 70 3
61 71 4
61 72 3
61 73 3
61 74 2
61 75 2
61 76 3
61 77 4
61 78 4
61 79 4
61 80 5
61 81 4
61 82 4
61 83 4
61 84 1
61 85 3
61 86 4
61 87 4
61 88 4
61 89 3
61 90 1
61 91 4
61 92 2
61 93 4
61 94 2
61 95 2
61 96 2
61 97 4
61 98 5
61 99 2
62 63 1
62 64 1
62 65 4
62 66 2
62 67 3
62 68 1
62 69 3
62 70 4
62 71 3
62 72 1
62 73 3
62 74 1
62 75 3
62 76 3
62 77 2
62 78 3
62 79 3
62 80 3
62 81 3
62 82 2
62 83 2
62 84 3
62 85 4
62 86 1
62 87 4
62 88 2
62 89 2
62 90 2
62 91 5
62 92 3
62 93 4
62 94 1
62 95 3
62 96 2
62 97 2
62 98 3
62 99 3
63 64 1
63 65 4
63 66 1
63 67 3
63 68 2
63 69 2
63 70 3
63 71 3
63 72 2
63 73 2
63 74 1
63 75 2
63 76 2
63 77 2
63 78 3
63 79 3
63 80 3
63 81 2
63 82 3
63 83 3
63 84 2
63 85 3
63 86 2
63 87 3
63 88 3
63 89 2
63 90 1
63 91 4
63 92 2
63 93 3
63 94 2
63 95 2
63 96 1
63 97 2
63 98 4
63 99 2
64 65 3
64 66 2
64 67 2
64 68 1
64 69 3
64 70 4
64 71 2
64 72 1
64 73 2
64 74 1
64 75 3
64 76 3
64 77 1
64 78 2
64 79 2
64 80 2
64 81 2
64 82 2
64 83 2
64 84 3
64 85 3
64 86 1
64 87 3
64 88 2
64 89 1
64 90 2
64 91 4
64 92 3
64 93 3
64 94 2
64 95 3
64 96 2
64 97 1
64 98 3
64 99 3
65 66 3
65 67 3
65 68 4
65 69 4
65 70 2
65 71 2
65 72 3
65 73 2
65 74 3
65 75 4
65 76 3
65 77 3
65 78 1
65 79 2
65 80 3
65 81 2
65 82 3
65 83 4
65 84 5
65 85 2
65 86 3
65 87 1
65 88 3
65 89 3
65 90 4
65 91 2
65 92 3
65 93 2
65 94 4
65 95 3
65 96 3
65 97 2
65 98 5
65 99 3
66 67 4
66 68 3
66 69 1
66 70 2
66 71 3
66 72 3
66 73 1
66 74 2
66 75 1
66 76 2
66 77 3
66 78 3
66 79 3
66 80 4
66 81 2
66 82 3
66 83 4
66 84 2
66 85 2
66 86 3
66 87 3
66 88 3
66 89 3
66 90 1
66 91 3
66 92 1
66 93 2
66 94 2
66 95 1
66 96 1
66 97 3
66 98 5
66 99 1
67 68 3
67 69 5
67 70 5
67 71 2
67 72 2
67 73 3
67 74 3
67 75 5
67 76 5
67 77 1
67 78 3
67 79 2
67 80 1
67 81 3
67 82 1
67 83 1
67 84 5
67 85 4
67 86 2
67 87 4
67 88 1
67 89 2
67 90 4
67 91 5
67 92 4
67 93 4
67 94 4
67 95 4
67 96 4
67 97 2
67 98 2
67 99 4
68 69 3
68 70 5
68 71 3
68 72 1
68 73 3
68 74 2
68 75 3
68 76 4
68 77 2
68 78 3
68 79 3
68 80 3
68 81 3
68 82 2
68 83 2
68 84 3
68 85 4
68 86 1
68 87 4
68 88 2
68 89 2
68 90 2
68 91 5
68 92 3
68 93 4
68 94 1
68 95 4
68 96 2
68 97 2
68 98 3
68 99 4
69 70 3
69 71 4
69 72 3
69 73 2
69 74 2
69 75 1
69 76 2
69 77 4
69 78 4
69 79 4
69 80 5
69 81 3
69 82 4
69 83 4
69 84 1
69 85 3
69 86 3
69 87 4
69 88 4
69 89 3
69 90 1
69 91 4
69 92 1
69 93 3
69 94 2
69 95 2
69 96 2
69 97 3
69 98 5
69 99 2
70 71 4
70 72 4
70 73 2
70 74 3
70 75 2
70 76 1
70 77 4
70 78 3
70 79 3
70 80 4
70 81 2
70 82 4
70 83 5
70 84 4
70 85 1
70 86 4
70 87 1
70 88 4
70 89 4
70 90 3
70 91 1
70 92 2
70 93 1
70 94 4
70 95 1
70 96 3
70 97 3
70 98 6
70 99 1
71 72 2
71 73 2
71 74 2
71 75 4
71 76 4
71 77 1
71 78 1
71 79 1
71 80 1
71 81 2
71 82 1
71 83 2
71 84 4
71 85 3
71 86 2
71 87 3
71 88 1
71 89 1
71 90 3
71 91 4
71 92 3
71 93 3
71 94 3
71 95 3
71 96 3
71 97 1
71 98 3
71 99 3
72 73 2
72 74 1
72 75 3
72 76 3
72 77 1
72 78 2
72 79 2
72 80 2
72 81 2
72 82 1
72 83 1
72 84 3
72 85 3
72 86 1
72 87 3
72 88 1
72 89 1
72 90 2
72 91 4
72 92 3
72 93 3
72 94 2
72 95 3
72 96 2
72 97 1
72 98 2
72 99 3
73 74 2
73 75 2
73 76 2
73 77 2
73 78 2
73 79 2
73 80 3
73 81 1
73 82 2
73 83 3
73 84 3
73 85 1
73 86 3
73 87 2
73 88 3
73 89 2
73 90 2
73 91 2
73 92 1
73 93 1
73 94 3
73 95 1
73 96 1
73 97 2
73 98 4
73 99 1
74 75 2
74 76 3
74 77 2
74 78 2
74 79 2
74 80 3
74 81 2
74 82 2
74 83 2
74 84 2
74 85 3
74 86 2
74 87 3
74 88 2
74 89 1
74 90 1
74 91 4
74 92 2
74 93 3
74 94 2
74 95 3
74 96 1
74 97 2
74 98 3
74 99 2
75 76 2
75 77 4
75 78 4
75 79 4
75 80 5
75 81 3
75 82 4
75 83 4
75 84 2
75 85 2
75 86 3
75 87 3
75 88 4
75 89 3
75 90 1
75 91 3
75 92 1
75 93 3
75 94 2
75 95 1
75 96 1
75 97 3
75 98 5
75 99 1
76 77 4
76 78 4
76 79 4
76 80 5
76 81 3
76 82 4
76 83 4
76 84 3
76 85 2
76 86 4
76 87 2
76 88 4
76 89 3
76 90 3
76 91 2
76 92 1
76 93 2
76 94 3
76 95 1
76 96 2
76 97 3
76 98 5
76 99 1
77 78 2
77 79 2
77 80 1
77 81 2
77 82 1
77 83 1
77 84 4
77 85 3
77 86 1
77 87 3
77 88 1
77 89 1
77 90 3
77 91 4
77 92 3
77 93 3
77 94 3
77 95 3
77 96 3
77 97 1
77 98 2
77 99 3
78 79 1
78 80 2
78 81 1
78 82 2
78 83 3
78 84 4
78 85 2
78 86 2
78 87 2
78 88 2
78 89 2
78 90 3
78 91 3
78 92 3
78 93 2
78 94 3
78 95 3
78 96 3
78 97 1
78 98 4
78 99 3
79 80 1
79 81 2
79 82 1
79 83 2
79 84 4
79 85 2
79 86 2
79 87 2
79 88 1
79 89 2
79 90 3
79 91 3
79 92 3
79 93 2
79 94 3
79 95 3
79 96 3
79 97 1
79 98 3
79 99 3
80 81 3
80 82 1
80 83 2
80 84 5
80 85 3
80 86 2
80 87 3
80 88 1
80 89 2
80 90 4
80 91 4
80 92 4
80 93 3
80 94 4
80 95 4
80 96 4
80 97 2
80 98 3
80 99 4
81 82 2
81 83 3
81 84 4
81 85 1
81 86 3
81 87 1
81 88 2
81 89 2
81 90 3
81 91 2
81 92 2
81 93 1
81 94 3
81 95 2
81 96 2
81 97 1
81 98 4
81 99 2
82 83 1
82 84 4
82 85 3
82 86 1
82 87 3
82 88 1
82 89 1
82 90 3
82 91 4
82 92 3
82 93 3
82 94 3
82 95 3
82 96 3
82 97 1
82 98 2
82 99 3
83 84 4
83 85 4
83 86 1
83 87 4
83 88 1
83 89 2
83 90 3
83 91 5
83 92 4
83 93 4
83 94 3
83 95 4
83 96 3
83 97 2
83 98 1
83 99 4
84 85 4
84 86 4
84 87 5
84 88 4
84 89 3
84 90 1
84 91 5
84 92 2
84 93 4
84 94 2
84 95 3
84 96 2
84 97 4
84 98 5
84 99 3
85 86 3
85 87 1
85 88 3
85 89 3
85 90 3
85 91 1
85 92 2
85 93 1
85 94 4
85 95 1
85 96 2
85 97 2
85 98 5
85 99 2
86 87 3
86 88 1
86 89 1
86 90 3
86 91 4
86 92 3
86 93 3
86 94 2
86 95 4
86 96 2
86 97 2
86 98 2
86 99 4
87 88 3
87 89 3
87 90 4
87 91 1
87 92 3
87 93 1
87 94 4
87 95 2
87 96 3
87 97 2
87 98 5
87 99 2
88 89 1
88 90 3
88 91 4
88 92 4
88 93 3
88 94 3
88 95 4
88 96 3
88 97 1
88 98 2
88 99 4
89 90 2
89 91 4
89 92 3
89 93 3
89 94 2
89 95 3
89 96 2
89 97 1
89 98 3
89 99 3
90 91 4
90 92 2
90 93 3
90 94 2
90 95 2
90 96 1
90 97 3
90 98 4
90 99 2
91 92 3
91 93 1
91 94 5
91 95 2
91 96 3
91 97 3
91 98 6
91 99 2
92 93 2
92 94 3
92 95 1
92 96 1
92 97 3
92 98 5
92 99 1
93 94 4
93 95 2
93 96 2
93 97 2
93 98 5
93 99 2
94 95 3
94 96 2
94 97 3
94 98 4
94 99 3
95 96 2
95 97 3
95 98 5
95 99 1
96 97 2
96 98 4
96 99 2
97 98 3
97 99 3
98 99 5
