100 
0 1 4
0 2 2
0 3 2
0 4 3
0 5 3
0 6 3
0 7 3
0 8 3
0 9 3
0 10 1
0 11 2
0 12 3
0 13 1
0 14 3
0 15 2
0 16 2
0 17 3
0 18 2
0 19 2
0 20 3
0 21 2
0 22 4
0 23 3
0 24 1
0 25 3
0 26 1
0 27 2
0 28 2
0 29 2
0 30 4
0 31 4
0 32 2
0 33 2
0 34 3
0 35 3
0 36 1
0 37 3
0 38 4
0 39 3
0 40 4
0 41 1
0 42 4
0 43 3
0 44 3
0 45 2
0 46 4
0 47 3
0 48 3
0 49 2
0 50 3
0 51 1
0 52 3
0 53 2
0 54 1
0 55 2
0 56 2
0 57 4
0 58 1
0 59 1
0 60 1
0 61 3
0 62 3
0 63 2
0 64 3
0 65 3
0 66 3
0 67 3
0 68 3
0 69 1
0 70 3
0 71 1
0 72 1
0 73 3
0 74 3
0 75 4
0 76 1
0 77 2
0 78 4
0 79 3
0 80 1
0 81 1
0 82 4
0 83 4
0 84 3
0 85 3
0 86 1
0 87 3
0 88 2
0 89 2
0 90 3
0 91 1
0 92 1
0 93 3
0 94 2
0 95 3
0 96 3
0 97 3
0 98 2
0 99 2
1 2 2
1 3 3
1 4 2
1 5 2
1 6 2
1 7 3
1 8 2
1 9 1
1 10 3
1 11 3
1 12 2
1 13 3
1 14 2
1 15 3
1 16 2
1 17 2
1 18 2
1 19 3
1 20 3
1 21 2
1 22 1
1 23 2
1 24 4
1 25 1
1 26 3
1 27 3
1 28 2
1 29 3
1 30 1
1 31 1
1 32 3
1 33 2
1 34 3
1 35 1
1 36 3
1 37 2
1 38 1
1 39 3
1 40 1
1 41 3
1 42 1
1 43 3
1 44 1
1 45 2
1 46 1
1 47 1
1 48 1
1 49 2
1 50 2
1 51 4
1 52 2
1 53 2
1 54 3
1 55 3
1 56 2
1 57 1
1 58 3
1 59 3
1 60 3
1 61 2
1 62 1
1 63 4
1 64 3
1 65 1
1 66 3
1 67 1
1 68 2
1 69 4
1 70 2
1 71 3
1 72 3
1 73 2
1 74 1
1 75 1
1 76 3
1 77 2
1 78 1
1 79 2
1 80 4
1 81 4
1 82 1
1 83 1
1 84 2
1 85 1
1 86 4
1 87 1
1 88 2
1 89 3
1 90 3
1 91 4
1 92 4
1 93 2
1 94 2
1 95 1
1 96 2
1 97 2
1 98 3
1 99 3
2 3 2
2 4 1
2 5 2
2 6 2
2 7 2
2 8 1
2 9 1
2 10 2
2 11 2
2 12 2
2 13 2
2 14 1
2 15 1
2 16 1
2 17 1
2 18 1
2 19 3
2 20 2
2 21 1
2 22 2
2 23 2
2 24 2
2 25 1
2 26 2
2 27 2
2 28 1
2 29 3
2 30 2
2 31 2
2 32 2
2 33 1
2 34 2
2 35 1
2 36 1
2 37 1
2 38 2
2 39 2
2 40 2
2 41 1
2 42 2
2 43 2
2 44 1
2 45 1
2 46 2
2 47 1
2 48 1
2 49 1
2 50 2
2 51 2
2 52 1
2 53 1
2 54 2
2 55 2
2 56 1
2 57 2
2 58 2
2 59 2
2 60 1
2 61 2
2 62 1
2 63 3
2 64 2
2 65 1
2 66 2
2 67 1
2 68 2
2 69 2
2 70 2
2 71 1
2 72 1
2 73 2
2 74 1
2 75 2
2 76 2
2 77 1
2 78 2
2 79 2
2 80 2
2 81 2
2 82 2
2 83 2
2 84 2
2 85 2
2 86 2
2 87 1
2 88 1
2 89 1
2 90 2
2 91 2
2 92 2
2 93 2
2 94 1
2 95 1
2 96 1
2 97 2
2 98 1
2 99 3
3 4 2
3 5 1
3 6 3
3 7 1
3 8 2
3 9 2
3 10 1
3 11 3
3 12 3
3 13 2
3 14 1
3 15 1
3 16 1
3 17 1
3 18 1
3 19 3
3 20 3
3 21 1
3 22 3
3 23 3
3 24 2
3 25 2
3 26 2
3 27 3
3 28 1
3 29 3
3 30 3
3 31 3
3 32 1
3 33 2
3 34 3
3 35 2
3 36 1
3 37 1
3 38 3
3 39 1
3 40 3
3 41 2
3 42 3
3 43 3
3 44 2
3 45 2
3 46 3
3 47 2
3 48 2
3 49 2
3 50 1
3 51 2
3 52 1
3 53 2
3 54 2
3 55 3
3 56 1
3 57 3
3 58 2
3 59 2
3 60 2
3 61 3
3 62 2
3 63 3
3 64 1
3 65 2
3 66 1
3 67 2
3 68 3
3 69 2
3 70 3
3 71 1
3 72 1
3 73 3
3 74 2
3 75 3
3 76 2
3 77 1
3 78 3
3 79 3
3 80 2
3 81 2
3 82 3
3 83 3
3 84 3
3 85 3
3 86 2
3 87 2
3 88 1
3 89 1
3 90 3
3 91 2
3 92 3
3 93 3
3 94 1
3 95 2
3 96 2
3 97 2
3 98 1
3 99 4
4 5 1
4 6 2
4 7 2
4 8 2
4 9 1
4 10 2
4 11 3
4 12 2
4 13 3
4 14 1
4 15 2
4 16 1
4 17 1
4 18 1
4 19 3
4 20 3
4 21 1
4 22 2
4 23 2
4 24 3
4 25 1
4 26 2
4 27 2
4 28 1
4 29 3
4 30 1
4 31 2
4 32 2
4 33 2
4 34 3
4 35 1
4 36 2
4 37 1
4 38 1
4 39 2
4 40 2
4 41 2
4 42 2
4 43 3
4 44 1
4 45 1
4 46 1
4 47 1
4 48 1
4 49 2
4 50 1
4 51 3
4 52 1
4 53 1
4 54 2
4 55 2
4 56 1
4 57 2
4 58 2
4 59 3
4 60 2
4 61 2
4 62 1
4 63 3
4 64 2
4 65 1
4 66 2
4 67 1
4 68 2
4 69 3
4 70 2
4 71 2
4 72 2
4 73 2
4 74 1
4 75 2
4 76 2
4 77 1
4 78 2
4 79 2
4 80 3
4 81 3
4 82 2
4 83 1
4 84 2
4 85 2
4 86 3
4 87 1
4 88 1
4 89 2
4 90 3
4 91 3
4 92 3
4 93 2
4 94 1
4 95 1
4 96 2
4 97 1
4 98 2
4 99 3
5 6 3
5 7 1
5 8 3
5 9 2
5 10 2
5 11 4
5 12 3
5 13 3
5 14 1
5 15 2
5 16 1
5 17 1
5 18 2
5 19 4
5 20 4
5 21 1
5 22 3
5 23 3
5 24 3
5 25 2
5 26 2
5 27 3
5 28 1
5 29 4
5 30 2
5 31 3
5 32 2
5 33 3
5 34 4
5 35 1
5 36 2
5 37 1
5 38 2
5 39 1
5 40 3
5 41 3
5 42 3
5 43 4
5 44 2
5 45 2
5 46 2
5 47 2
5 48 1
5 49 3
5 50 1
5 51 3
5 52 1
5 53 2
5 54 3
5 55 3
5 56 1
5 57 3
5 58 3
5 59 3
5 60 2
5 61 3
5 62 2
5 63 4
5 64 1
5 65 1
5 66 1
5 67 2
5 68 3
5 69 3
5 70 3
5 71 2
5 72 2
5 73 3
5 74 1
5 75 3
5 76 3
5 77 1
5 78 3
5 79 3
5 80 3
5 81 3
5 82 3
5 83 2
5 84 3
5 85 3
5 86 3
5 87 2
5 88 2
5 89 2
5 90 4
5 91 3
5 92 3
5 93 3
5 94 2
5 95 2
5 96 3
5 97 1
5 98 2
5 99 4
6 7 3
6 8 1
6 9 1
6 10 3
6 11 1
6 12 1
6 13 2
6 14 3
6 15 3
6 16 3
6 17 2
6 18 2
6 19 2
6 20 1
6 21 3
6 22 2
6 23 1
6 24 3
6 25 2
6 26 3
6 27 1
6 28 3
6 29 2
6 30 2
6 31 1
6 32 3
6 33 1
6 34 1
6 35 3
6 36 3
6 37 3
6 38 2
6 39 3
6 40 2
6 41 2
6 42 2
6 43 1
6 44 1
6 45 2
6 46 2
6 47 2
6 48 2
6 49 1
6 50 3
6 51 2
6 52 3
6 53 1
6 54 2
6 55 1
6 56 2
6 57 1
6 58 3
6 59 2
6 60 3
6 61 1
6 62 2
6 63 2
6 64 3
6 65 2
6 66 3
6 67 2
6 68 1
6 69 3
6 70 1
6 71 3
6 72 3
6 73 1
6 74 3
6 75 1
6 76 3
6 77 2
6 78 1
6 79 1
6 80 3
6 81 3
6 82 2
6 83 2
6 84 1
6 85 1
6 86 3
6 87 2
6 88 2
6 89 2
6 90 1
6 91 3
6 92 2
6 93 1
6 94 2
6 95 2
6 96 1
6 97 3
6 98 3
6 99 2
7 8 3
7 9 3
7 10 2
7 11 4
7 12 4
7 13 3
7 14 1
7 15 1
7 16 1
7 17 1
7 18 2
7 19 4
7 20 4
7 21 1
7 22 3
7 23 3
7 24 3
7 25 2
7 26 2
7 27 3
7 28 1
7 29 4
7 30 3
7 31 3
7 32 1
7 33 2
7 34 3
7 35 2
7 36 2
7 37 1
7 38 3
7 39 1
7 40 3
7 41 2
7 42 3
7 43 3
7 44 3
7 45 2
7 46 3
7 47 2
7 48 2
7 49 3
7 50 1
7 51 3
7 52 1
7 53 2
7 54 2
7 55 3
7 56 1
7 57 3
7 58 2
7 59 3
7 60 2
7 61 3
7 62 2
7 63 3
7 64 1
7 65 2
7 66 1
7 67 2
7 68 3
7 69 3
7 70 3
7 71 2
7 72 2
7 73 3
7 74 2
7 75 3
7 76 2
7 77 1
7 78 3
7 79 3
7 80 3
7 81 3
7 82 3
7 83 3
7 84 3
7 85 3
7 86 3
7 87 2
7 88 1
7 89 1
7 90 3
7 91 2
7 92 3
7 93 3
7 94 1
7 95 2
7 96 3
7 97 2
7 98 1
7 99 4
8 9 1
8 10 3
8 11 1
8 12 1
8 13 2
8 14 2
8 15 2
8 16 2
8 17 2
8 18 1
8 19 2
8 20 1
8 21 2
8 22 1
8 23 1
8 24 3
8 25 1
8 26 3
8 27 1
8 28 2
8 29 2
8 30 2
8 31 1
8 32 2
8 33 1
8 34 1
8 35 2
8 36 2
8 37 2
8 38 2
8 39 3
8 40 2
8 41 2
8 42 2
8 43 1
8 44 1
8 45 1
8 46 2
8 47 1
8 48 2
8 49 1
8 50 3
8 51 2
8 52 2
8 53 1
8 54 2
8 55 1
8 56 2
8 57 1
8 58 3
8 59 2
8 60 2
8 61 1
8 62 1
8 63 2
8 64 3
8 65 2
8 66 3
8 67 2
8 68 1
8 69 3
8 70 1
8 71 2
8 72 2
8 73 1
8 74 2
8 75 1
8 76 3
8 77 2
8 78 1
8 79 1
8 80 3
8 81 3
8 82 2
8 83 2
8 84 1
8 85 1
8 86 3
8 87 1
8 88 2
8 89 2
8 90 1
8 91 3
8 92 2
8 93 1
8 94 2
8 95 2
8 96 1
8 97 2
8 98 2
8 99 2
9 10 3
9 11 2
9 12 1
9 13 2
9 14 2
9 15 2
9 16 2
9 17 2
9 18 1
9 19 2
9 20 2
9 21 2
9 22 1
9 23 1
9 24 3
9 25 1
9 26 3
9 27 2
9 28 2
9 29 2
9 30 1
9 31 1
9 32 2
9 33 1
9 34 2
9 35 2
9 36 2
9 37 2
9 38 2
9 39 3
9 40 1
9 41 2
9 42 2
9 43 2
9 44 1
9 45 1
9 46 1
9 47 1
9 48 2
9 49 1
9 50 2
9 51 3
9 52 2
9 53 1
9 54 2
9 55 2
9 56 2
9 57 1
9 58 3
9 59 2
9 60 2
9 61 1
9 62 1
9 63 3
9 64 3
9 65 1
9 66 3
9 67 1
9 68 1
9 69 3
9 70 1
9 71 2
9 72 2
9 73 1
9 74 2
9 75 1
9 76 3
9 77 2
9 78 1
9 79 1
9 80 3
9 81 3
9 82 1
9 83 2
9 84 1
9 85 1
9 86 3
9 87 1
9 88 2
9 89 2
9 90 2
9 91 3
9 92 3
9 93 1
9 94 2
9 95 1
9 96 1
9 97 2
9 98 2
9 99 2
10 11 3
10 12 3
10 13 1
10 14 2
10 15 1
10 16 1
10 17 2
10 18 2
10 19 2
10 20 3
10 21 2
10 22 3
10 23 3
10 24 1
10 25 3
10 26 1
10 27 2
10 28 2
10 29 2
10 30 3
10 31 3
10 32 1
10 33 2
10 34 3
10 35 2
10 36 1
10 37 2
10 38 3
10 39 2
10 40 4
10 41 1
10 42 4
10 43 3
10 44 3
10 45 2
10 46 3
10 47 2
10 48 2
10 49 2
10 50 2
10 51 2
10 52 2
10 53 2
10 54 1
10 55 2
10 56 2
10 57 3
10 58 1
10 59 2
10 60 1
10 61 3
10 62 2
10 63 2
10 64 2
10 65 2
10 66 2
10 67 2
10 68 3
10 69 1
10 70 3
10 71 1
10 72 1
10 73 3
10 74 2
10 75 3
10 76 1
10 77 1
10 78 3
10 79 3
10 80 2
10 81 1
10 82 3
10 83 3
10 84 3
10 85 3
10 86 1
10 87 2
10 88 1
10 89 1
10 90 3
10 91 1
10 92 2
10 93 3
10 94 1
10 95 2
10 96 3
10 97 2
10 98 1
10 99 3
11 12 2
11 13 2
11 14 3
11 15 3
11 16 3
11 17 3
11 18 2
11 19 1
11 20 1
11 21 3
11 22 2
11 23 1
11 24 2
11 25 2
11 26 3
11 27 1
11 28 3
11 29 1
11 30 3
11 31 2
11 32 3
11 33 2
11 34 1
11 35 3
11 36 3
11 37 3
11 38 3
11 39 4
11 40 3
11 41 2
11 42 3
11 43 1
11 44 2
11 45 2
11 46 3
11 47 2
11 48 3
11 49 1
11 50 4
11 51 2
11 52 3
11 53 2
11 54 2
11 55 1
11 56 3
11 57 2
11 58 2
11 59 2
11 60 2
11 61 2
11 62 2
11 63 1
11 64 4
11 65 3
11 66 4
11 67 3
11 68 1
11 69 2
11 70 1
11 71 3
11 72 3
11 73 1
11 74 3
11 75 2
11 76 2
11 77 3
11 78 2
11 79 1
11 80 2
11 81 3
11 82 3
11 83 3
11 84 2
11 85 2
11 86 3
11 87 2
11 88 3
11 89 3
11 90 1
11 91 3
11 92 1
11 93 2
11 94 3
11 95 3
11 96 2
11 97 3
11 98 3
11 99 1
12 13 2
12 14 3
12 15 3
12 16 3
12 17 3
12 18 2
12 19 2
12 20 1
12 21 3
12 22 1
12 23 1
12 24 3
12 25 2
12 26 3
12 27 2
12 28 3
12 29 2
12 30 2
12 31 1
12 32 3
12 33 2
12 34 1
12 35 3
12 36 3
12 37 3
12 38 2
12 39 4
12 40 1
12 41 3
12 42 2
12 43 1
12 44 1
12 45 2
12 46 2
12 47 2
12 48 2
12 49 1
12 50 3
12 51 3
12 52 3
12 53 2
12 54 2
12 55 2
12 56 3
12 57 1
12 58 3
12 59 2
12 60 3
12 61 1
12 62 2
12 63 2
12 64 4
12 65 2
12 66 4
12 67 2
12 68 1
12 69 3
12 70 1
12 71 3
12 72 3
12 73 1
12 74 3
12 75 1
12 76 3
12 77 3
12 78 1
12 79 1
12 80 3
12 81 3
12 82 1
12 83 2
12 84 1
12 85 1
12 86 3
12 87 2
12 88 3
12 89 3
12 90 1
12 91 3
12 92 3
12 93 1
12 94 3
12 95 2
12 96 1
12 97 3
12 98 3
12 99 2
13 14 3
13 15 2
13 16 2
13 17 3
13 18 2
13 19 1
13 20 2
13 21 2
13 22 3
13 23 2
13 24 1
13 25 3
13 26 1
13 27 1
13 28 2
13 29 1
13 30 3
13 31 3
13 32 2
13 33 2
13 34 2
13 35 3
13 36 1
13 37 3
13 38 3
13 39 3
13 40 3
13 41 1
13 42 4
13 43 2
13 44 2
13 45 2
13 46 3
13 47 2
13 48 3
13 49 1
13 50 3
13 51 1
13 52 3
13 53 2
13 54 1
13 55 1
13 56 2
13 57 3
13 58 1
13 59 1
13 60 1
13 61 2
13 62 3
13 63 1
13 64 3
13 65 3
13 66 3
13 67 3
13 68 2
13 69 1
13 70 2
13 71 1
13 72 1
13 73 2
13 74 3
13 75 3
13 76 1
13 77 2
13 78 3
13 79 2
13 80 1
13 81 2
13 82 3
13 83 3
13 84 2
13 85 3
13 86 2
13 87 2
13 88 2
13 89 2
13 90 2
13 91 1
13 92 1
13 93 2
13 94 2
13 95 3
13 96 2
13 97 3
13 98 2
13 99 2
14 15 1
14 16 1
14 17 1
14 18 1
14 19 4
14 20 3
14 21 1
14 22 3
14 23 3
14 24 3
14 25 2
14 26 2
14 27 3
14 28 1
14 29 4
14 30 2
14 31 3
14 32 1
14 33 2
14 34 3
14 35 1
14 36 2
14 37 1
14 38 2
14 39 1
14 40 3
14 41 2
14 42 3
14 43 3
14 44 2
14 45 2
14 46 2
14 47 2
14 48 1
14 49 2
14 50 1
14 51 3
14 52 1
14 53 2
14 54 2
14 55 3
14 56 1
14 57 3
14 58 2
14 59 3
14 60 2
14 61 3
14 62 2
14 63 3
14 64 1
14 65 1
14 66 1
14 67 2
14 68 3
14 69 3
14 70 3
14 71 2
14 72 2
14 73 3
14 74 1
14 75 3
14 76 2
14 77 1
14 78 3
14 79 3
14 80 3
14 81 3
14 82 3
14 83 2
14 84 3
14 85 3
14 86 3
14 87 2
14 88 1
14 89 1
14 90 3
14 91 2
14 92 3
14 93 3
14 94 1
14 95 2
14 96 2
14 97 1
14 98 1
14 99 4
15 16 1
15 17 1
15 18 1
15 19 3
15 20 3
15 21 1
15 22 3
15 23 3
15 24 2
15 25 2
15 26 1
15 27 3
15 28 1
15 29 3
15 30 3
15 31 3
15 32 1
15 33 2
15 34 3
15 35 2
15 36 1
15 37 1
15 38 3
15 39 1
15 40 3
15 41 1
15 42 3
15 43 3
15 44 2
15 45 2
15 46 3
15 47 2
15 48 2
15 49 2
15 50 2
15 51 2
15 52 1
15 53 2
15 54 2
15 55 3
15 56 1
15 57 3
15 58 1
15 59 2
15 60 1
15 61 3
15 62 2
15 63 3
15 64 1
15 65 2
15 66 2
15 67 2
15 68 3
15 69 2
15 70 3
15 71 1
15 72 1
15 73 3
15 74 2
15 75 3
15 76 1
15 77 1
15 78 3
15 79 3
15 80 2
15 81 2
15 82 3
15 83 3
15 84 3
15 85 3
15 86 2
15 87 2
15 88 1
15 89 1
15 90 3
15 91 1
15 92 2
15 93 3
15 94 1
15 95 2
15 96 2
15 97 2
15 98 1
15 99 3
16 17 1
16 18 1
16 19 3
16 20 3
16 21 1
16 22 3
16 23 3
16 24 2
16 25 2
16 26 1
16 27 3
16 28 1
16 29 3
16 30 2
16 31 3
16 32 1
16 33 2
16 34 3
16 35 2
16 36 1
16 37 1
16 38 2
16 39 1
16 40 3
16 41 2
16 42 3
16 43 3
16 44 2
16 45 1
16 46 2
16 47 1
16 48 2
16 49 2
16 50 2
16 51 2
16 52 1
16 53 2
16 54 2
16 55 3
16 56 1
16 57 3
16 58 2
16 59 2
16 60 1
16 61 3
16 62 2
16 63 3
16 64 1
16 65 1
16 66 2
16 67 2
16 68 3
16 69 2
16 70 2
16 71 1
16 72 1
16 73 2
16 74 2
16 75 3
16 76 2
16 77 1
16 78 3
16 79 3
16 80 2
16 81 2
16 82 2
16 83 2
16 84 2
16 85 2
16 86 2
16 87 2
16 88 1
16 89 1
16 90 3
16 91 2
16 92 2
16 93 3
16 94 1
16 95 2
16 96 2
16 97 2
16 98 1
16 99 3
17 18 1
17 19 3
17 20 3
17 21 1
17 22 2
17 23 3
17 24 3
17 25 1
17 26 2
17 27 2
17 28 1
17 29 3
17 30 2
17 31 2
17 32 1
17 33 2
17 34 3
17 35 1
17 36 2
17 37 1
17 38 2
17 39 1
17 40 2
17 41 2
17 42 2
17 43 3
17 44 2
17 45 1
17 46 2
17 47 1
17 48 1
17 49 2
17 50 1
17 51 3
17 52 1
17 53 1
17 54 2
17 55 2
17 56 1
17 57 2
17 58 2
17 59 3
17 60 2
17 61 2
17 62 1
17 63 3
17 64 1
17 65 1
17 66 1
17 67 1
17 68 3
17 69 3
17 70 2
17 71 2
17 72 2
17 73 2
17 74 1
17 75 2
17 76 2
17 77 1
17 78 2
17 79 2
17 80 3
17 81 3
17 82 2
17 83 2
17 84 2
17 85 2
17 86 3
17 87 1
17 88 1
17 89 1
17 90 3
17 91 2
17 92 3
17 93 3
17 94 1
17 95 1
17 96 2
17 97 1
17 98 1
17 99 3
18 19 3
18 20 2
18 21 1
18 22 2
18 23 2
18 24 2
18 25 1
18 26 2
18 27 2
18 28 1
18 29 3
18 30 2
18 31 2
18 32 1
18 33 1
18 34 2
18 35 1
18 36 1
18 37 1
18 38 2
18 39 2
18 40 2
18 41 1
18 42 2
18 43 2
18 44 1
18 45 1
18 46 2
18 47 1
18 48 1
18 49 1
18 50 2
18 51 2
18 52 1
18 53 1
18 54 2
18 55 2
18 56 1
18 57 2
18 58 2
18 59 2
18 60 1
18 61 2
18 62 1
18 63 3
18 64 2
18 65 1
18 66 2
18 67 1
18 68 2
18 69 2
18 70 2
18 71 1
18 72 1
18 73 2
18 74 1
18 75 2
18 76 2
18 77 1
18 78 2
18 79 2
18 80 2
18 81 2
18 82 2
18 83 2
18 84 2
18 85 2
18 86 2
18 87 1
18 88 1
18 89 1
18 90 2
18 91 2
18 92 2
18 93 2
18 94 1
18 95 1
18 96 1
18 97 2
18 98 1
18 99 3
19 20 2
19 21 3
19 22 3
19 23 2
19 24 2
19 25 3
19 26 2
19 27 1
19 28 3
19 29 1
19 30 3
19 31 3
19 32 3
19 33 2
19 34 1
19 35 3
19 36 2
19 37 4
19 38 3
19 39 4
19 40 3
19 41 2
19 42 4
19 43 1
19 44 2
19 45 2
19 46 3
19 47 3
19 48 3
19 49 2
19 50 4
19 51 1
19 52 3
19 53 2
19 54 2
19 55 1
19 56 3
19 57 3
19 58 2
19 59 1
19 60 2
19 61 2
19 62 3
19 63 1
19 64 4
19 65 3
19 66 4
19 67 3
19 68 2
19 69 2
19 70 1
19 71 2
19 72 2
19 73 1
19 74 3
19 75 3
19 76 2
19 77 3
19 78 3
19 79 2
19 80 1
19 81 2
19 82 3
19 83 3
19 84 2
19 85 3
19 86 2
19 87 3
19 88 3
19 89 3
19 90 1
19 91 2
19 92 1
19 93 2
19 94 3
19 95 3
19 96 2
19 97 4
19 98 3
19 99 1
20 21 3
20 22 2
20 23 1
20 24 3
20 25 2
20 26 3
20 27 1
20 28 3
20 29 2
20 30 2
20 31 2
20 32 3
20 33 2
20 34 1
20 35 3
20 36 3
20 37 3
20 38 3
20 39 4
20 40 2
20 41 3
20 42 3
20 43 1
20 44 2
20 45 2
20 46 2
20 47 2
20 48 3
20 49 1
20 50 4
20 51 2
20 52 3
20 53 2
20 54 2
20 55 2
20 56 3
20 57 2
20 58 3
20 59 2
20 60 3
20 61 1
20 62 2
20 63 2
20 64 4
20 65 3
20 66 4
20 67 2
20 68 1
20 69 3
20 70 1
20 71 3
20 72 3
20 73 1
20 74 3
20 75 2
20 76 3
20 77 3
20 78 2
20 79 1
20 80 3
20 81 3
20 82 2
20 83 3
20 84 1
20 85 2
20 86 3
20 87 2
20 88 3
20 89 3
20 90 1
20 91 3
20 92 2
20 93 1
20 94 3
20 95 3
20 96 1
20 97 3
20 98 3
20 99 2
21 22 2
21 23 3
21 24 2
21 25 2
21 26 2
21 27 3
21 28 1
21 29 3
21 30 2
21 31 2
21 32 1
21 33 2
21 34 3
21 35 1
21 36 1
21 37 1
21 38 2
21 39 1
21 40 3
21 41 2
21 42 3
21 43 3
21 44 2
21 45 1
21 46 2
21 47 1
21 48 1
21 49 2
21 50 1
21 51 2
21 52 1
21 53 2
21 54 2
21 55 3
21 56 1
21 57 2
21 58 2
21 59 2
21 60 2
21 61 3
21 62 1
21 63 3
21 64 1
21 65 1
21 66 1
21 67 1
21 68 3
21 69 2
21 70 2
21 71 2
21 72 1
21 73 2
21 74 1
21 75 2
21 76 2
21 77 1
21 78 2
21 79 3
21 80 3
21 81 3
21 82 2
21 83 2
21 84 2
21 85 2
21 86 2
21 87 2
21 88 1
21 89 1
21 90 3
21 91 2
21 92 3
21 93 3
21 94 1
21 95 1
21 96 2
21 97 1
21 98 1
21 99 3
22 23 2
22 24 4
22 25 1
22 26 3
22 27 2
22 28 3
22 29 3
22 30 1
22 31 1
22 32 3
22 33 2
22 34 2
22 35 2
22 36 3
22 37 3
22 38 1
22 39 3
22 40 1
22 41 3
22 42 1
22 43 2
22 44 1
22 45 2
22 46 1
22 47 2
22 48 2
22 49 2
22 50 2
22 51 3
22 52 2
22 53 2
22 54 3
22 55 2
22 56 2
22 57 1
22 58 3
22 59 3
22 60 3
22 61 1
22 62 1
22 63 3
22 64 3
22 65 2
22 66 3
22 67 1
22 68 2
22 69 4
22 70 2
22 71 3
22 72 3
22 73 2
22 74 2
22 75 1
22 76 4
22 77 3
22 78 1
22 79 2
22 80 4
22 81 4
22 82 1
22 83 1
22 84 1
22 85 1
22 86 4
22 87 1
22 88 3
22 89 3
22 90 2
22 91 4
22 92 3
22 93 1
22 94 2
22 95 1
22 96 1
22 97 2
22 98 3
22 99 3
23 24 3
23 25 2
23 26 3
23 27 1
23 28 3
23 29 2
23 30 2
23 31 1
23 32 3
23 33 1
23 34 1
23 35 3
23 36 3
23 37 3
23 38 2
23 39 3
23 40 2
23 41 3
23 42 2
23 43 1
23 44 1
23 45 2
23 46 2
23 47 2
23 48 2
23 49 1
23 50 3
23 51 2
23 52 3
23 53 2
23 54 2
23 55 2
23 56 3
23 57 2
23 58 3
23 59 2
23 60 3
23 61 1
23 62 2
23 63 2
23 64 4
23 65 2
23 66 4
23 67 2
23 68 1
23 69 3
23 70 1
23 71 3
23 72 3
23 73 1
23 74 3
23 75 1
23 76 3
23 77 3
23 78 1
23 79 1
23 80 3
23 81 3
23 82 2
23 83 2
23 84 1
23 85 2
23 86 3
23 87 2
23 88 3
23 89 3
23 90 1
23 91 3
23 92 2
23 93 1
23 94 2
23 95 2
23 96 1
23 97 3
23 98 3
23 99 2
24 25 3
24 26 1
24 27 2
24 28 2
24 29 2
24 30 4
24 31 4
24 32 2
24 33 2
24 34 3
24 35 3
24 36 1
24 37 3
24 38 4
24 39 3
24 40 4
24 41 1
24 42 4
24 43 2
24 44 3
24 45 2
24 46 4
24 47 3
24 48 3
24 49 2
24 50 3
24 51 1
24 52 3
24 53 2
24 54 1
24 55 2
24 56 2
24 57 4
24 58 1
24 59 1
24 60 1
24 61 3
24 62 3
24 63 1
24 64 3
24 65 3
24 66 3
24 67 3
24 68 3
24 69 1
24 70 3
24 71 1
24 72 1
24 73 3
24 74 3
24 75 4
24 76 1
24 77 2
24 78 4
24 79 3
24 80 1
24 81 1
24 82 4
24 83 4
24 84 3
24 85 3
24 86 1
24 87 3
24 88 2
24 89 2
24 90 3
24 91 1
24 92 1
24 93 3
24 94 2
24 95 3
24 96 3
24 97 3
24 98 2
24 99 2
25 26 3
25 27 2
25 28 2
25 29 3
25 30 1
25 31 1
25 32 2
25 33 1
25 34 2
25 35 1
25 36 2
25 37 2
25 38 1
25 39 2
25 40 1
25 41 2
25 42 1
25 43 2
25 44 1
25 45 1
25 46 1
25 47 1
25 48 1
25 49 2
25 50 2
25 51 3
25 52 2
25 53 1
25 54 3
25 55 2
25 56 1
25 57 1
25 58 3
25 59 2
25 60 2
25 61 2
25 62 1
25 63 3
25 64 2
25 65 1
25 66 2
25 67 1
25 68 2
25 69 3
25 70 2
25 71 2
25 72 2
25 73 2
25 74 1
25 75 1
25 76 3
25 77 2
25 78 1
25 79 2
25 80 3
25 81 3
25 82 1
25 83 1
25 84 1
25 85 1
25 86 3
25 87 1
25 88 2
25 89 2
25 90 2
25 91 3
25 92 3
25 93 2
25 94 2
25 95 1
25 96 1
25 97 1
25 98 2
25 99 3
26 27 2
26 28 2
26 29 2
26 30 3
26 31 3
26 32 1
26 33 2
26 34 3
26 35 2
26 36 1
26 37 2
26 38 3
26 39 2
26 40 4
26 41 1
26 42 4
26 43 3
26 44 3
26 45 2
26 46 3
26 47 2
26 48 2
26 49 2
26 50 2
26 51 1
26 52 2
26 53 2
26 54 1
26 55 2
26 56 2
26 57 3
26 58 1
26 59 1
26 60 1
26 61 3
26 62 2
26 63 2
26 64 2
26 65 2
26 66 3
26 67 2
26 68 3
26 69 1
26 70 3
26 71 1
26 72 1
26 73 3
26 74 2
26 75 3
26 76 1
26 77 1
26 78 3
26 79 3
26 80 1
26 81 1
26 82 3
26 83 3
26 84 3
26 85 3
26 86 1
26 87 2
26 88 1
26 89 1
26 90 3
26 91 1
26 92 2
26 93 3
26 94 1
26 95 2
26 96 3
26 97 2
26 98 1
26 99 3
27 28 3
27 29 1
27 30 2
27 31 2
27 32 3
27 33 1
27 34 1
27 35 3
27 36 2
27 37 3
27 38 3
27 39 3
27 40 2
27 41 2
27 42 3
27 43 1
27 44 2
27 45 2
27 46 2
27 47 2
27 48 3
27 49 1
27 50 3
27 51 1
27 52 3
27 53 1
27 54 1
27 55 1
27 56 2
27 57 2
27 58 2
27 59 1
27 60 2
27 61 1
27 62 2
27 63 1
27 64 3
27 65 2
27 66 3
27 67 2
27 68 1
27 69 2
27 70 1
27 71 2
27 72 2
27 73 1
27 74 3
27 75 2
27 76 2
27 77 2
27 78 2
27 79 1
27 80 2
27 81 2
27 82 2
27 83 3
27 84 2
27 85 2
27 86 2
27 87 2
27 88 2
27 89 2
27 90 1
27 91 2
27 92 1
27 93 2
27 94 2
27 95 2
27 96 1
27 97 3
27 98 3
27 99 1
28 29 3
28 30 2
28 31 3
28 32 1
28 33 2
28 34 3
28 35 1
28 36 1
28 37 1
28 38 2
28 39 1
28 40 3
28 41 2
28 42 3
28 43 3
28 44 2
28 45 2
28 46 2
28 47 2
28 48 2
28 49 2
28 50 1
28 51 2
28 52 1
28 53 2
28 54 2
28 55 3
28 56 1
28 57 3
28 58 2
28 59 2
28 60 2
28 61 3
28 62 2
28 63 3
28 64 1
28 65 1
28 66 1
28 67 2
28 68 3
28 69 2
28 70 3
28 71 1
28 72 1
28 73 3
28 74 1
28 75 3
28 76 2
28 77 1
28 78 3
28 79 3
28 80 2
28 81 3
28 82 3
28 83 2
28 84 3
28 85 3
28 86 2
28 87 2
28 88 1
28 89 1
28 90 3
28 91 2
28 92 3
28 93 3
28 94 1
28 95 2
28 96 2
28 97 1
28 98 1
28 99 4
29 30 3
29 31 3
29 32 3
29 33 2
29 34 1
29 35 3
29 36 2
29 37 4
29 38 3
29 39 4
29 40 3
29 41 2
29 42 4
29 43 1
29 44 2
29 45 2
29 46 3
29 47 3
29 48 3
29 49 2
29 50 4
29 51 1
29 52 3
29 53 2
29 54 2
29 55 1
29 56 3
29 57 3
29 58 2
29 59 1
29 60 2
29 61 2
29 62 3
29 63 1
29 64 4
29 65 3
29 66 4
29 67 3
29 68 2
29 69 2
29 70 1
29 71 2
29 72 2
29 73 1
29 74 3
29 75 3
29 76 2
29 77 3
29 78 3
29 79 2
29 80 2
29 81 3
29 82 3
29 83 3
29 84 2
29 85 3
29 86 3
29 87 3
29 88 3
29 89 3
29 90 1
29 91 2
29 92 1
29 93 2
29 94 3
29 95 3
29 96 2
29 97 4
29 98 3
29 99 1
30 31 1
30 32 3
30 33 2
30 34 2
30 35 1
30 36 3
30 37 2
30 38 1
30 39 3
30 40 1
30 41 3
30 42 1
30 43 2
30 44 1
30 45 2
30 46 1
30 47 1
30 48 1
30 49 2
30 50 2
30 51 3
30 52 2
30 53 2
30 54 3
30 55 2
30 56 2
30 57 1
30 58 3
30 59 3
30 60 3
30 61 2
30 62 1
30 63 3
30 64 3
30 65 1
30 66 3
30 67 1
30 68 2
30 69 4
30 70 2
30 71 3
30 72 3
30 73 2
30 74 1
30 75 1
30 76 3
30 77 2
30 78 1
30 79 2
30 80 4
30 81 4
30 82 1
30 83 1
30 84 1
30 85 1
30 86 4
30 87 1
30 88 2
30 89 3
30 90 2
30 91 4
30 92 3
30 93 1
30 94 2
30 95 1
30 96 1
30 97 2
30 98 3
30 99 3
31 32 3
31 33 2
31 34 2
31 35 2
31 36 3
31 37 3
31 38 2
31 39 3
31 40 1
31 41 3
31 42 1
31 43 2
31 44 1
31 45 2
31 46 1
31 47 2
31 48 2
31 49 2
31 50 3
31 51 3
31 52 2
31 53 2
31 54 3
31 55 2
31 56 2
31 57 1
31 58 3
31 59 3
31 60 3
31 61 1
31 62 1
31 63 3
31 64 3
31 65 2
31 66 3
31 67 2
31 68 2
31 69 4
31 70 2
31 71 3
31 72 3
31 73 2
31 74 2
31 75 1
31 76 4
31 77 3
31 78 1
31 79 1
31 80 4
31 81 4
31 82 1
31 83 1
31 84 1
31 85 1
31 86 4
31 87 1
31 88 3
31 89 3
31 90 2
31 91 4
31 92 3
31 93 1
31 94 2
31 95 2
31 96 1
31 97 2
31 98 3
31 99 3
32 33 2
32 34 3
32 35 2
32 36 1
32 37 1
32 38 3
32 39 1
32 40 3
32 41 2
32 42 3
32 43 3
32 44 2
32 45 2
32 46 3
32 47 2
32 48 2
32 49 2
32 50 2
32 51 2
32 52 1
32 53 2
32 54 2
32 55 3
32 56 1
32 57 3
32 58 2
32 59 2
32 60 1
32 61 3
32 62 2
32 63 3
32 64 1
32 65 2
32 66 2
32 67 2
32 68 3
32 69 2
32 70 3
32 71 1
32 72 1
32 73 3
32 74 2
32 75 3
32 76 2
32 77 1
32 78 3
32 79 3
32 80 2
32 81 2
32 82 3
32 83 3
32 84 3
32 85 3
32 86 2
32 87 2
32 88 1
32 89 1
32 90 3
32 91 2
32 92 2
32 93 3
32 94 1
32 95 2
32 96 2
32 97 2
32 98 1
32 99 3
33 34 1
33 35 2
33 36 2
33 37 2
33 38 2
33 39 2
33 40 2
33 41 2
33 42 2
33 43 1
33 44 1
33 45 1
33 46 2
33 47 1
33 48 2
33 49 1
33 50 3
33 51 2
33 52 2
33 53 1
33 54 2
33 55 1
33 56 2
33 57 2
33 58 2
33 59 1
33 60 2
33 61 1
33 62 1
33 63 2
33 64 3
33 65 2
33 66 3
33 67 2
33 68 1
33 69 2
33 70 1
33 71 2
33 72 2
33 73 1
33 74 2
33 75 2
33 76 2
33 77 2
33 78 2
33 79 1
33 80 2
33 81 3
33 82 2
33 83 2
33 84 1
33 85 2
33 86 3
33 87 1
33 88 2
33 89 2
33 90 1
33 91 3
33 92 2
33 93 1
33 94 1
33 95 2
33 96 1
33 97 2
33 98 2
33 99 2
34 35 3
34 36 3
34 37 3
34 38 3
34 39 3
34 40 2
34 41 3
34 42 3
34 43 1
34 44 2
34 45 2
34 46 2
34 47 2
34 48 3
34 49 1
34 50 4
34 51 2
34 52 3
34 53 2
34 54 2
34 55 1
34 56 3
34 57 2
34 58 3
34 59 2
34 60 3
34 61 1
34 62 2
34 63 2
34 64 4
34 65 3
34 66 4
34 67 2
34 68 1
34 69 3
34 70 1
34 71 3
34 72 3
34 73 1
34 74 3
34 75 2
34 76 3
34 77 3
34 78 2
34 79 1
34 80 2
34 81 3
34 82 2
34 83 3
34 84 1
34 85 2
34 86 3
34 87 2
34 88 3
34 89 3
34 90 1
34 91 3
34 92 2
34 93 1
34 94 2
34 95 3
34 96 1
34 97 3
34 98 3
34 99 1
35 36 2
35 37 1
35 38 1
35 39 2
35 40 2
35 41 2
35 42 2
35 43 3
35 44 2
35 45 1
35 46 2
35 47 1
35 48 1
35 49 2
35 50 1
35 51 3
35 52 1
35 53 2
35 54 3
35 55 3
35 56 1
35 57 2
35 58 2
35 59 3
35 60 2
35 61 2
35 62 1
35 63 4
35 64 2
35 65 1
35 66 2
35 67 1
35 68 3
35 69 3
35 70 2
35 71 2
35 72 2
35 73 2
35 74 1
35 75 2
35 76 3
35 77 1
35 78 2
35 79 3
35 80 3
35 81 3
35 82 2
35 83 1
35 84 2
35 85 2
35 86 3
35 87 1
35 88 2
35 89 2
35 90 3
35 91 3
35 92 3
35 93 2
35 94 1
35 95 1
35 96 2
35 97 1
35 98 2
35 99 3
36 37 2
36 38 3
36 39 2
36 40 3
36 41 1
36 42 3
36 43 3
36 44 2
36 45 1
36 46 3
36 47 2
36 48 2
36 49 2
36 50 2
36 51 1
36 52 2
36 53 2
36 54 1
36 55 2
36 56 1
36 57 3
36 58 1
36 59 1
36 60 1
36 61 3
36 62 2
36 63 2
36 64 2
36 65 2
36 66 2
36 67 2
36 68 3
36 69 1
36 70 2
36 71 1
36 72 1
36 73 2
36 74 2
36 75 3
36 76 1
36 77 1
36 78 3
36 79 3
36 80 2
36 81 2
36 82 3
36 83 3
36 84 2
36 85 3
36 86 1
36 87 2
36 88 1
36 89 1
36 90 3
36 91 1
36 92 2
36 93 3
36 94 1
36 95 2
36 96 2
36 97 2
36 98 1
36 99 3
37 38 2
37 39 1
37 40 3
37 41 2
37 42 3
37 43 3
37 44 2
37 45 2
37 46 2
37 47 2
37 48 2
37 49 2
37 50 1
37 51 3
37 52 1
37 53 2
37 54 2
37 55 3
37 56 1
37 57 3
37 58 2
37 59 3
37 60 2
37 61 3
37 62 2
37 63 3
37 64 1
37 65 1
37 66 1
37 67 2
37 68 3
37 69 3
37 70 3
37 71 2
37 72 2
37 73 3
37 74 1
37 75 3
37 76 2
37 77 1
37 78 3
37 79 3
37 80 3
37 81 3
37 82 3
37 83 2
37 84 3
37 85 3
37 86 3
37 87 2
37 88 1
37 89 1
37 90 3
37 91 2
37 92 3
37 93 3
37 94 1
37 95 2
37 96 2
37 97 1
37 98 1
37 99 4
38 39 2
38 40 2
38 41 3
38 42 1
38 43 3
38 44 1
38 45 2
38 46 1
38 47 1
38 48 1
38 49 2
38 50 2
38 51 4
38 52 2
38 53 2
38 54 3
38 55 3
38 56 2
38 57 1
38 58 3
38 59 3
38 60 3
38 61 2
38 62 1
38 63 4
38 64 2
38 65 1
38 66 2
38 67 1
38 68 3
38 69 4
38 70 2
38 71 3
38 72 3
38 73 2
38 74 1
38 75 1
38 76 3
38 77 2
38 78 2
38 79 2
38 80 4
38 81 4
38 82 1
38 83 1
38 84 2
38 85 1
38 86 4
38 87 1
38 88 2
38 89 3
38 90 3
38 91 4
38 92 4
38 93 2
38 94 2
38 95 1
38 96 2
38 97 1
38 98 3
38 99 3
39 40 3
39 41 2
39 42 3
39 43 3
39 44 3
39 45 2
39 46 3
39 47 2
39 48 2
39 49 3
39 50 1
39 51 3
39 52 1
39 53 2
39 54 3
39 55 3
39 56 1
39 57 3
39 58 2
39 59 3
39 60 2
39 61 3
39 62 2
39 63 4
39 64 1
39 65 2
39 66 1
39 67 2
39 68 3
39 69 3
39 70 3
39 71 2
39 72 2
39 73 3
39 74 2
39 75 3
39 76 2
39 77 1
39 78 3
39 79 3
39 80 3
39 81 3
39 82 3
39 83 2
39 84 3
39 85 3
39 86 3
39 87 2
39 88 2
39 89 2
39 90 3
39 91 2
39 92 3
39 93 3
39 94 1
39 95 2
39 96 3
39 97 1
39 98 1
39 99 4
40 41 3
40 42 1
40 43 2
40 44 1
40 45 2
40 46 1
40 47 2
40 48 2
40 49 2
40 50 3
40 51 3
40 52 3
40 53 2
40 54 3
40 55 2
40 56 2
40 57 1
40 58 4
40 59 3
40 60 3
40 61 1
40 62 2
40 63 3
40 64 3
40 65 2
40 66 3
40 67 2
40 68 2
40 69 4
40 70 2
40 71 3
40 72 3
40 73 2
40 74 2
40 75 1
40 76 4
40 77 3
40 78 1
40 79 2
40 80 4
40 81 4
40 82 1
40 83 2
40 84 1
40 85 1
40 86 4
40 87 2
40 88 3
40 89 3
40 90 2
40 91 4
40 92 3
40 93 1
40 94 3
40 95 2
40 96 2
40 97 2
40 98 3
40 99 3
41 42 3
41 43 3
41 44 2
41 45 2
41 46 3
41 47 2
41 48 2
41 49 2
41 50 3
41 51 1
41 52 2
41 53 1
41 54 1
41 55 2
41 56 2
41 57 3
41 58 1
41 59 1
41 60 1
41 61 2
41 62 2
41 63 2
41 64 2
41 65 2
41 66 3
41 67 2
41 68 3
41 69 1
41 70 2
41 71 1
41 72 1
41 73 2
41 74 2
41 75 3
41 76 1
41 77 2
41 78 3
41 79 2
41 80 1
41 81 1
41 82 3
41 83 3
41 84 2
41 85 2
41 86 1
41 87 2
41 88 1
41 89 1
41 90 3
41 91 1
41 92 1
41 93 3
41 94 1
41 95 2
41 96 2
41 97 3
41 98 1
41 99 2
42 43 3
42 44 2
42 45 2
42 46 1
42 47 2
42 48 2
42 49 3
42 50 3
42 51 4
42 52 3
42 53 2
42 54 4
42 55 3
42 56 2
42 57 1
42 58 4
42 59 3
42 60 3
42 61 2
42 62 2
42 63 4
42 64 3
42 65 2
42 66 3
42 67 2
42 68 3
42 69 4
42 70 3
42 71 3
42 72 3
42 73 3
42 74 2
42 75 1
42 76 4
42 77 3
42 78 1
42 79 2
42 80 4
42 81 4
42 82 1
42 83 1
42 84 2
42 85 1
42 86 4
42 87 2
42 88 3
42 89 3
42 90 3
42 91 4
42 92 4
42 93 2
42 94 3
42 95 2
42 96 2
42 97 2
42 98 3
42 99 4
43 44 2
43 45 2
43 46 2
43 47 2
43 48 3
43 49 1
43 50 4
43 51 2
43 52 3
43 53 2
43 54 2
43 55 1
43 56 3
43 57 2
43 58 3
43 59 2
43 60 3
43 61 1
43 62 2
43 63 1
43 64 4
43 65 3
43 66 4
43 67 2
43 68 1
43 69 3
43 70 1
43 71 3
43 72 3
43 73 1
43 74 3
43 75 2
43 76 3
43 77 3
43 78 2
43 79 1
43 80 2
43 81 3
43 82 2
43 83 3
43 84 1
43 85 2
43 86 3
43 87 2
43 88 3
43 89 3
43 90 1
43 91 3
43 92 2
43 93 1
43 94 2
43 95 3
43 96 1
43 97 3
43 98 3
43 99 1
44 45 1
44 46 1
44 47 1
44 48 1
44 49 1
44 50 2
44 51 3
44 52 2
44 53 1
44 54 2
44 55 2
44 56 2
44 57 1
44 58 3
44 59 2
44 60 2
44 61 1
44 62 1
44 63 3
44 64 3
44 65 1
44 66 3
44 67 1
44 68 2
44 69 3
44 70 1
44 71 2
44 72 2
44 73 1
44 74 2
44 75 1
44 76 3
44 77 2
44 78 1
44 79 1
44 80 3
44 81 3
44 82 1
44 83 1
44 84 1
44 85 1
44 86 3
44 87 1
44 88 2
44 89 2
44 90 2
44 91 3
44 92 3
44 93 1
44 94 2
44 95 1
44 96 1
44 97 2
44 98 2
44 99 2
45 46 2
45 47 1
45 48 1
45 49 1
45 50 2
45 51 2
45 52 1
45 53 1
45 54 2
45 55 2
45 56 1
45 57 2
45 58 2
45 59 2
45 60 2
45 61 2
45 62 1
45 63 3
45 64 2
45 65 1
45 66 2
45 67 1
45 68 2
45 69 2
45 70 1
45 71 2
45 72 2
45 73 1
45 74 1
45 75 2
45 76 2
45 77 1
45 78 2
45 79 2
45 80 3
45 81 3
45 82 2
45 83 2
45 84 1
45 85 2
45 86 2
45 87 1
45 88 1
45 89 1
45 90 2
45 91 2
45 92 3
45 93 2
45 94 1
45 95 1
45 96 1
45 97 2
45 98 2
45 99 2
46 47 1
46 48 1
46 49 2
46 50 2
46 51 3
46 52 2
46 53 2
46 54 3
46 55 2
46 56 2
46 57 1
46 58 3
46 59 3
46 60 3
46 61 2
46 62 1
46 63 3
46 64 3
46 65 1
46 66 3
46 67 1
46 68 2
46 69 4
46 70 2
46 71 3
46 72 3
46 73 2
46 74 1
46 75 1
46 76 3
46 77 2
46 78 1
46 79 2
46 80 4
46 81 4
46 82 1
46 83 1
46 84 1
46 85 1
46 86 4
46 87 1
46 88 2
46 89 3
46 90 2
46 91 4
46 92 3
46 93 1
46 94 2
46 95 1
46 96 1
46 97 2
46 98 3
46 99 3
47 48 1
47 49 1
47 50 2
47 51 3
47 52 1
47 53 1
47 54 2
47 55 2
47 56 1
47 57 2
47 58 2
47 59 2
47 60 2
47 61 2
47 62 1
47 63 3
47 64 2
47 65 1
47 66 2
47 67 1
47 68 2
47 69 3
47 70 2
47 71 2
47 72 2
47 73 2
47 74 1
47 75 2
47 76 2
47 77 1
47 78 2
47 79 2
47 80 3
47 81 3
47 82 1
47 83 1
47 84 1
47 85 1
47 86 3
47 87 1
47 88 1
47 89 2
47 90 2
47 91 3
47 92 3
47 93 2
47 94 1
47 95 1
47 96 1
47 97 1
47 98 2
47 99 3
48 49 2
48 50 1
48 51 3
48 52 1
48 53 2
48 54 3
48 55 3
48 56 1
48 57 2
48 58 2
48 59 3
48 60 2
48 61 2
48 62 1
48 63 4
48 64 2
48 65 1
48 66 2
48 67 1
48 68 3
48 69 3
48 70 2
48 71 2
48 72 2
48 73 2
48 74 1
48 75 2
48 76 3
48 77 1
48 78 2
48 79 2
48 80 3
48 81 3
48 82 2
48 83 1
48 84 2
48 85 2
48 86 3
48 87 1
48 88 2
48 89 2
48 90 3
48 91 3
48 92 3
48 93 2
48 94 1
48 95 1
48 96 2
48 97 1
48 98 2
48 99 3
49 50 3
49 51 2
49 52 2
49 53 1
49 54 1
49 55 1
49 56 2
49 57 2
49 58 2
49 59 1
49 60 2
49 61 1
49 62 2
49 63 2
49 64 3
49 65 2
49 66 3
49 67 2
49 68 1
49 69 2
49 70 1
49 71 2
49 72 2
49 73 1
49 74 2
49 75 2
49 76 2
49 77 2
49 78 2
49 79 1
49 80 2
49 81 2
49 82 2
49 83 2
49 84 1
49 85 2
49 86 2
49 87 1
49 88 2
49 89 2
49 90 1
49 91 2
49 92 2
49 93 1
49 94 2
49 95 2
49 96 1
49 97 2
49 98 2
49 99 2
50 51 3
50 52 1
50 53 2
50 54 3
50 55 3
50 56 1
50 57 3
50 58 3
50 59 3
50 60 2
50 61 3
50 62 2
50 63 4
50 64 1
50 65 1
50 66 1
50 67 2
50 68 3
50 69 3
50 70 3
50 71 2
50 72 2
50 73 3
50 74 1
50 75 3
50 76 3
50 77 1
50 78 3
50 79 3
50 80 3
50 81 3
50 82 2
50 83 2
50 84 3
50 85 2
50 86 3
50 87 2
50 88 2
50 89 2
50 90 4
50 91 3
50 92 3
50 93 3
50 94 2
50 95 1
50 96 3
50 97 1
50 98 2
50 99 4
51 52 3
51 53 2
51 54 1
51 55 1
51 56 2
51 57 3
51 58 1
51 59 1
51 60 1
51 61 2
51 62 3
51 63 1
51 64 3
51 65 3
51 66 3
51 67 3
51 68 2
51 69 1
51 70 2
51 71 1
51 72 1
51 73 2
51 74 3
51 75 3
51 76 1
51 77 2
51 78 3
51 79 2
51 80 1
51 81 2
51 82 3
51 83 4
51 84 3
51 85 3
51 86 2
51 87 3
51 88 2
51 89 2
51 90 2
51 91 2
51 92 1
51 93 3
51 94 2
51 95 3
51 96 2
51 97 3
51 98 2
51 99 2
52 53 2
52 54 2
52 55 3
52 56 1
52 57 2
52 58 2
52 59 3
52 60 2
52 61 3
52 62 1
52 63 3
52 64 1
52 65 1
52 66 1
52 67 1
52 68 3
52 69 3
52 70 2
52 71 2
52 72 2
52 73 2
52 74 1
52 75 2
52 76 2
52 77 1
52 78 2
52 79 3
52 80 3
52 81 3
52 82 2
52 83 2
52 84 2
52 85 2
52 86 3
52 87 2
52 88 1
52 89 1
52 90 3
52 91 2
52 92 3
52 93 3
52 94 1
52 95 1
52 96 2
52 97 1
52 98 1
52 99 3
53 54 2
53 55 1
53 56 1
53 57 2
53 58 2
53 59 2
53 60 2
53 61 1
53 62 1
53 63 2
53 64 2
53 65 1
53 66 2
53 67 1
53 68 2
53 69 2
53 70 1
53 71 2
53 72 2
53 73 1
53 74 2
53 75 2
53 76 2
53 77 1
53 78 2
53 79 1
53 80 2
53 81 2
53 82 2
53 83 2
53 84 1
53 85 1
53 86 2
53 87 1
53 88 1
53 89 1
53 90 2
53 91 2
53 92 2
53 93 2
53 94 1
53 95 1
53 96 1
53 97 2
53 98 2
53 99 2
54 55 1
54 56 2
54 57 3
54 58 1
54 59 1
54 60 1
54 61 2
54 62 3
54 63 1
54 64 3
54 65 2
54 66 3
54 67 3
54 68 2
54 69 1
54 70 2
54 71 1
54 72 1
54 73 2
54 74 3
54 75 3
54 76 1
54 77 2
54 78 3
54 79 2
54 80 1
54 81 1
54 82 3
54 83 3
54 84 2
54 85 3
54 86 1
54 87 2
54 88 1
54 89 1
54 90 2
54 91 1
54 92 1
54 93 2
54 94 2
54 95 3
54 96 2
54 97 3
54 98 2
54 99 2
55 56 2
55 57 2
55 58 2
55 59 1
55 60 2
55 61 1
55 62 2
55 63 1
55 64 3
55 65 2
55 66 3
55 67 2
55 68 1
55 69 2
55 70 1
55 71 2
55 72 2
55 73 1
55 74 3
55 75 2
55 76 2
55 77 2
55 78 2
55 79 1
55 80 2
55 81 2
55 82 2
55 83 3
55 84 2
55 85 2
55 86 2
55 87 2
55 88 2
55 89 2
55 90 1
55 91 2
55 92 1
55 93 2
55 94 2
55 95 2
55 96 1
55 97 3
55 98 3
55 99 1
56 57 2
56 58 2
56 59 2
56 60 2
56 61 2
56 62 1
56 63 3
56 64 1
56 65 1
56 66 2
56 67 1
56 68 3
56 69 2
56 70 2
56 71 2
56 72 1
56 73 2
56 74 1
56 75 2
56 76 2
56 77 1
56 78 2
56 79 2
56 80 3
56 81 3
56 82 2
56 83 2
56 84 2
56 85 2
56 86 2
56 87 1
56 88 1
56 89 1
56 90 3
56 91 2
56 92 3
56 93 3
56 94 1
56 95 1
56 96 2
56 97 1
56 98 1
56 99 3
57 58 3
57 59 3
57 60 3
57 61 1
57 62 1
57 63 3
57 64 3
57 65 2
57 66 3
57 67 1
57 68 2
57 69 4
57 70 2
57 71 3
57 72 3
57 73 2
57 74 2
57 75 1
57 76 4
57 77 3
57 78 1
57 79 1
57 80 4
57 81 4
57 82 1
57 83 1
57 84 1
57 85 1
57 86 4
57 87 1
57 88 3
57 89 3
57 90 2
57 91 4
57 92 3
57 93 1
57 94 2
57 95 2
57 96 1
57 97 2
57 98 3
57 99 3
58 59 1
58 60 1
58 61 3
58 62 2
58 63 2
58 64 2
58 65 2
58 66 3
58 67 2
58 68 3
58 69 1
58 70 3
58 71 1
58 72 1
58 73 3
58 74 2
58 75 3
58 76 1
58 77 2
58 78 3
58 79 3
58 80 1
58 81 1
58 82 3
58 83 3
58 84 3
58 85 3
58 86 1
58 87 2
58 88 1
58 89 1
58 90 3
58 91 1
58 92 1
58 93 3
58 94 1
58 95 2
58 96 3
58 97 3
58 98 1
58 99 2
59 60 1
59 61 2
59 62 2
59 63 1
59 64 3
59 65 3
59 66 3
59 67 3
59 68 2
59 69 1
59 70 2
59 71 1
59 72 1
59 73 2
59 74 3
59 75 3
59 76 1
59 77 2
59 78 3
59 79 2
59 80 1
59 81 2
59 82 3
59 83 3
59 84 2
59 85 3
59 86 2
59 87 2
59 88 2
59 89 2
59 90 2
59 91 2
59 92 1
59 93 2
59 94 2
59 95 3
59 96 2
59 97 3
59 98 2
59 99 2
60 61 3
60 62 2
60 63 2
60 64 2
60 65 2
60 66 3
60 67 2
60 68 3
60 69 1
60 70 3
60 71 1
60 72 1
60 73 3
60 74 2
60 75 3
60 76 1
60 77 1
60 78 3
60 79 3
60 80 1
60 81 1
60 82 3
60 83 3
60 84 3
60 85 3
60 86 1
60 87 2
60 88 1
60 89 1
60 90 3
60 91 1
60 92 1
60 93 3
60 94 1
60 95 2
60 96 2
60 97 2
60 98 1
60 99 2
61 62 2
61 63 2
61 64 3
61 65 2
61 66 3
61 67 2
61 68 1
61 69 3
61 70 1
61 71 3
61 72 3
61 73 1
61 74 2
61 75 1
61 76 3
61 77 2
61 78 1
61 79 1
61 80 3
61 81 3
61 82 2
61 83 2
61 84 1
61 85 1
61 86 3
61 87 1
61 88 2
61 89 2
61 90 1
61 91 3
61 92 2
61 93 1
61 94 2
61 95 2
61 96 1
61 97 2
61 98 3
61 99 2
62 63 3
62 64 2
62 65 1
62 66 2
62 67 1
62 68 2
62 69 3
62 70 2
62 71 2
62 72 2
62 73 2
62 74 1
62 75 1
62 76 3
62 77 2
62 78 1
62 79 2
62 80 3
62 81 3
62 82 1
62 83 1
62 84 1
62 85 1
62 86 3
62 87 1
62 88 2
62 89 2
62 90 2
62 91 3
62 92 3
62 93 2
62 94 1
62 95 1
62 96 1
62 97 1
62 98 2
62 99 3
63 64 4
63 65 3
63 66 4
63 67 3
63 68 2
63 69 2
63 70 2
63 71 2
63 72 2
63 73 2
63 74 4
63 75 3
63 76 2
63 77 3
63 78 3
63 79 2
63 80 1
63 81 2
63 82 3
63 83 4
63 84 2
63 85 3
63 86 2
63 87 3
63 88 2
63 89 2
63 90 2
63 91 2
63 92 1
63 93 2
63 94 3
63 95 3
63 96 2
63 97 4
63 98 3
63 99 1
64 65 2
64 66 1
64 67 2
64 68 4
64 69 3
64 70 3
64 71 2
64 72 2
64 73 3
64 74 2
64 75 3
64 76 2
64 77 1
64 78 3
64 79 3
64 80 3
64 81 3
64 82 3
64 83 2
64 84 3
64 85 3
64 86 3
64 87 2
64 88 2
64 89 2
64 90 4
64 91 2
64 92 3
64 93 4
64 94 2
64 95 2
64 96 3
64 97 1
64 98 1
64 99 4
65 66 2
65 67 1
65 68 2
65 69 3
65 70 2
65 71 2
65 72 2
65 73 2
65 74 1
65 75 2
65 76 2
65 77 1
65 78 2
65 79 2
65 80 3
65 81 3
65 82 2
65 83 1
65 84 2
65 85 2
65 86 3
65 87 1
65 88 1
65 89 2
65 90 3
65 91 3
65 92 3
65 93 2
65 94 1
65 95 1
65 96 2
65 97 1
65 98 2
65 99 3
66 67 2
66 68 4
66 69 3
66 70 3
66 71 2
66 72 2
66 73 3
66 74 2
66 75 3
66 76 3
66 77 2
66 78 3
66 79 3
66 80 3
66 81 3
66 82 3
66 83 2
66 84 3
66 85 3
66 86 3
66 87 2
66 88 2
66 89 2
66 90 4
66 91 3
66 92 4
66 93 4
66 94 2
66 95 2
66 96 3
66 97 1
66 98 2
66 99 4
67 68 2
67 69 3
67 70 2
67 71 2
67 72 2
67 73 2
67 74 1
67 75 1
67 76 3
67 77 2
67 78 2
67 79 2
67 80 3
67 81 3
67 82 1
67 83 1
67 84 2
67 85 1
67 86 3
67 87 1
67 88 2
67 89 2
67 90 2
67 91 3
67 92 3
67 93 2
67 94 1
67 95 1
67 96 1
67 97 1
67 98 2
67 99 3
68 69 3
68 70 1
68 71 3
68 72 3
68 73 1
68 74 3
68 75 2
68 76 3
68 77 3
68 78 2
68 79 1
68 80 3
68 81 3
68 82 2
68 83 3
68 84 1
68 85 2
68 86 3
68 87 2
68 88 3
68 89 3
68 90 1
68 91 3
68 92 2
68 93 1
68 94 2
68 95 2
68 96 1
68 97 3
68 98 3
68 99 2
69 70 3
69 71 1
69 72 1
69 73 3
69 74 3
69 75 4
69 76 1
69 77 2
69 78 4
69 79 3
69 80 1
69 81 1
69 82 4
69 83 4
69 84 3
69 85 3
69 86 1
69 87 3
69 88 2
69 89 2
69 90 3
69 91 1
69 92 1
69 93 3
69 94 2
69 95 3
69 96 3
69 97 3
69 98 2
69 99 2
70 71 3
70 72 3
70 73 1
70 74 2
70 75 2
70 76 3
70 77 2
70 78 2
70 79 1
70 80 2
70 81 3
70 82 2
70 83 2
70 84 1
70 85 2
70 86 3
70 87 2
70 88 2
70 89 2
70 90 1
70 91 3
70 92 2
70 93 1
70 94 2
70 95 2
70 96 1
70 97 3
70 98 3
70 99 1
71 72 1
71 73 3
71 74 2
71 75 3
71 76 1
71 77 1
71 78 3
71 79 3
71 80 1
71 81 2
71 82 3
71 83 3
71 84 3
71 85 3
71 86 1
71 87 2
71 88 1
71 89 1
71 90 3
71 91 1
71 92 2
71 93 3
71 94 1
71 95 2
71 96 2
71 97 2
71 98 1
71 99 3
72 73 3
72 74 2
72 75 3
72 76 1
72 77 1
72 78 3
72 79 3
72 80 2
72 81 2
72 82 3
72 83 3
72 84 3
72 85 3
72 86 1
72 87 2
72 88 1
72 89 1
72 90 3
72 91 1
72 92 2
72 93 3
72 94 1
72 95 2
72 96 2
72 97 2
72 98 1
72 99 3
73 74 2
73 75 2
73 76 3
73 77 2
73 78 2
73 79 1
73 80 2
73 81 3
73 82 2
73 83 2
73 84 1
73 85 2
73 86 3
73 87 2
73 88 2
73 89 2
73 90 1
73 91 3
73 92 2
73 93 1
73 94 2
73 95 2
73 96 1
73 97 3
73 98 3
73 99 2
74 75 2
74 76 3
74 77 1
74 78 2
74 79 3
74 80 3
74 81 3
74 82 2
74 83 1
74 84 2
74 85 2
74 86 3
74 87 1
74 88 2
74 89 2
74 90 3
74 91 3
74 92 3
74 93 2
74 94 1
74 95 1
74 96 2
74 97 1
74 98 2
74 99 3
75 76 4
75 77 3
75 78 1
75 79 1
75 80 4
75 81 4
75 82 1
75 83 1
75 84 1
75 85 1
75 86 4
75 87 1
75 88 3
75 89 3
75 90 2
75 91 4
75 92 3
75 93 1
75 94 2
75 95 2
75 96 1
75 97 2
75 98 3
75 99 3
76 77 2
76 78 4
76 79 3
76 80 1
76 81 1
76 82 3
76 83 3
76 84 3
76 85 3
76 86 1
76 87 3
76 88 1
76 89 1
76 90 3
76 91 1
76 92 1
76 93 3
76 94 2
76 95 3
76 96 3
76 97 3
76 98 1
76 99 2
77 78 3
77 79 2
77 80 2
77 81 2
77 82 2
77 83 2
77 84 2
77 85 2
77 86 2
77 87 2
77 88 1
77 89 1
77 90 3
77 91 2
77 92 2
77 93 3
77 94 1
77 95 2
77 96 2
77 97 1
77 98 1
77 99 3
78 79 1
78 80 4
78 81 4
78 82 1
78 83 1
78 84 1
78 85 1
78 86 4
78 87 1
78 88 3
78 89 3
78 90 2
78 91 4
78 92 3
78 93 1
78 94 2
78 95 2
78 96 1
78 97 2
78 98 3
78 99 3
79 80 3
79 81 3
79 82 2
79 83 2
79 84 1
79 85 1
79 86 3
79 87 2
79 88 2
79 89 2
79 90 1
79 91 3
79 92 2
79 93 1
79 94 2
79 95 2
79 96 1
79 97 3
79 98 3
79 99 2
80 81 1
80 82 4
80 83 4
80 84 3
80 85 3
80 86 1
80 87 3
80 88 2
80 89 2
80 90 2
80 91 1
80 92 1
80 93 3
80 94 2
80 95 3
80 96 3
80 97 3
80 98 2
80 99 2
81 82 4
81 83 4
81 84 3
81 85 3
81 86 1
81 87 3
81 88 2
81 89 2
81 90 3
81 91 1
81 92 2
81 93 3
81 94 2
81 95 3
81 96 3
81 97 3
81 98 2
81 99 3
82 83 1
82 84 1
82 85 1
82 86 4
82 87 1
82 88 2
82 89 3
82 90 2
82 91 4
82 92 3
82 93 1
82 94 2
82 95 1
82 96 1
82 97 2
82 98 3
82 99 3
83 84 2
83 85 1
83 86 4
83 87 1
83 88 2
83 89 3
83 90 3
83 91 4
83 92 4
83 93 2
83 94 2
83 95 1
83 96 2
83 97 1
83 98 3
83 99 3
84 85 1
84 86 3
84 87 1
84 88 2
84 89 2
84 90 1
84 91 3
84 92 3
84 93 1
84 94 2
84 95 2
84 96 1
84 97 2
84 98 3
84 99 2
85 86 3
85 87 1
85 88 2
85 89 2
85 90 2
85 91 3
85 92 3
85 93 1
85 94 2
85 95 1
85 96 1
85 97 2
85 98 3
85 99 3
86 87 3
86 88 2
86 89 2
86 90 3
86 91 1
86 92 2
86 93 3
86 94 2
86 95 3
86 96 3
86 97 3
86 98 2
86 99 3
87 88 2
87 89 2
87 90 2
87 91 3
87 92 3
87 93 2
87 94 1
87 95 1
87 96 1
87 97 1
87 98 2
87 99 3
88 89 1
88 90 3
88 91 2
88 92 2
88 93 3
88 94 1
88 95 2
88 96 2
88 97 2
88 98 1
88 99 3
89 90 3
89 91 1
89 92 2
89 93 3
89 94 1
89 95 2
89 96 2
89 97 2
89 98 1
89 99 3
90 91 3
90 92 2
90 93 1
90 94 2
90 95 3
90 96 1
90 97 3
90 98 3
90 99 1
91 92 2
91 93 3
91 94 2
91 95 3
91 96 3
91 97 3
91 98 1
91 99 3
92 93 3
92 94 2
92 95 3
92 96 2
92 97 3
92 98 2
92 99 1
93 94 2
93 95 2
93 96 1
93 97 3
93 98 3
93 99 2
94 95 1
94 96 2
94 97 2
94 98 1
94 99 3
95 96 2
95 97 1
95 98 2
95 99 3
96 97 2
96 98 2
96 99 2
97 98 2
97 99 4
98 99 3
