100 
0 1 4
0 2 3
0 3 2
0 4 1
0 5 3
0 6 2
0 7 3
0 8 2
0 9 2
0 10 4
0 11 2
0 12 3
0 13 3
0 14 4
0 15 1
0 16 1
0 17 3
0 18 1
0 19 2
0 20 1
0 21 3
0 22 4
0 23 4
0 24 3
0 25 3
0 26 1
0 27 1
0 28 3
0 29 3
0 30 2
0 31 1
0 32 1
0 33 1
0 34 1
0 35 4
0 36 3
0 37 1
0 38 3
0 39 1
0 40 3
0 41 4
0 42 3
0 43 2
0 44 3
0 45 3
0 46 4
0 47 2
0 48 4
0 49 2
0 50 2
0 51 1
0 52 4
0 53 4
0 54 3
0 55 4
0 56 2
0 57 2
0 58 2
0 59 1
0 60 1
0 61 3
0 62 1
0 63 3
0 64 3
0 65 4
0 66 1
0 67 3
0 68 4
0 69 2
0 70 3
0 71 1
0 72 2
0 73 4
0 74 2
0 75 2
0 76 2
0 77 1
0 78 1
0 79 3
0 80 3
0 81 4
0 82 4
0 83 4
0 84 4
0 85 3
0 86 3
0 87 2
0 88 1
0 89 4
0 90 2
0 91 3
0 92 3
0 93 1
0 94 4
0 95 1
0 96 3
0 97 4
0 98 2
0 99 3
1 2 2
1 3 3
1 4 4
1 5 3
1 6 3
1 7 2
1 8 3
1 9 2
1 10 1
1 11 3
1 12 3
1 13 2
1 14 1
1 15 4
1 16 4
1 17 4
1 18 4
1 19 2
1 20 3
1 21 2
1 22 1
1 23 1
1 24 4
1 25 4
1 26 4
1 27 4
1 28 1
1 29 4
1 30 4
1 31 4
1 32 3
1 33 4
1 34 5
1 35 1
1 36 2
1 37 3
1 38 3
1 39 5
1 40 1
1 41 1
1 42 3
1 43 3
1 44 4
1 45 1
1 46 4
1 47 3
1 48 3
1 49 3
1 50 2
1 51 4
1 52 4
1 53 2
1 54 4
1 55 1
1 56 3
1 57 4
1 58 3
1 59 4
1 60 3
1 61 3
1 62 4
1 63 1
1 64 1
1 65 2
1 66 4
1 67 3
1 68 2
1 69 3
1 70 4
1 71 3
1 72 4
1 73 1
1 74 2
1 75 3
1 76 3
1 77 3
1 78 3
1 79 2
1 80 3
1 81 1
1 82 2
1 83 2
1 84 1
1 85 4
1 86 3
1 87 2
1 88 3
1 89 2
1 90 3
1 91 3
1 92 2
1 93 4
1 94 1
1 95 4
1 96 4
1 97 1
1 98 2
1 99 4
2 3 3
2 4 3
2 5 3
2 6 3
2 7 1
2 8 3
2 9 3
2 10 2
2 11 3
2 12 1
2 13 1
2 14 2
2 15 3
2 16 4
2 17 3
2 18 4
2 19 2
2 20 3
2 21 2
2 22 2
2 23 3
2 24 4
2 25 2
2 26 3
2 27 3
2 28 1
2 29 2
2 30 2
2 31 3
2 32 2
2 33 3
2 34 4
2 35 2
2 36 1
2 37 3
2 38 1
2 39 4
2 40 1
2 41 2
2 42 3
2 43 1
2 44 4
2 45 2
2 46 2
2 47 2
2 48 4
2 49 1
2 50 2
2 51 2
2 52 2
2 53 1
2 54 2
2 55 2
2 56 3
2 57 3
2 58 3
2 59 4
2 60 2
2 61 4
2 62 3
2 63 2
2 64 2
2 65 1
2 66 4
2 67 3
2 68 1
2 69 3
2 70 2
2 71 2
2 72 2
2 73 1
2 74 2
2 75 1
2 76 3
2 77 3
2 78 3
2 79 2
2 80 1
2 81 2
2 82 3
2 83 1
2 84 2
2 85 4
2 86 3
2 87 1
2 88 3
2 89 1
2 90 3
2 91 2
2 92 3
2 93 3
2 94 1
2 95 2
2 96 2
2 97 2
2 98 2
2 99 4
3 4 1
3 5 1
3 6 1
3 7 3
3 8 1
3 9 1
3 10 4
3 11 1
3 12 4
3 13 2
3 14 4
3 15 3
3 16 2
3 17 5
3 18 3
3 19 2
3 20 1
3 21 2
3 22 4
3 23 4
3 24 1
3 25 5
3 26 2
3 27 3
3 28 3
3 29 5
3 30 4
3 31 2
3 32 1
3 33 3
3 34 3
3 35 4
3 36 4
3 37 2
3 38 4
3 39 3
3 40 3
3 41 3
3 42 1
3 43 3
3 44 1
3 45 3
3 46 5
3 47 1
3 48 2
3 49 2
3 50 1
3 51 2
3 52 5
3 53 4
3 54 4
3 55 3
3 56 1
3 57 1
3 58 1
3 59 2
3 60 1
3 61 1
3 62 3
3 63 3
3 64 2
3 65 3
3 66 2
3 67 1
3 68 4
3 69 1
3 70 5
3 71 2
3 72 3
3 73 4
3 74 2
3 75 3
3 76 1
3 77 2
3 78 1
3 79 2
3 80 4
3 81 4
3 82 3
3 83 4
3 84 3
3 85 1
3 86 1
3 87 2
3 88 2
3 89 4
3 90 1
3 91 4
3 92 2
3 93 2
3 94 3
3 95 3
3 96 5
3 97 3
3 98 2
3 99 1
4 5 2
4 6 2
4 7 4
4 8 2
4 9 2
4 10 4
4 11 1
4 12 4
4 13 3
4 14 4
4 15 2
4 16 1
4 17 4
4 18 2
4 19 2
4 20 1
4 21 3
4 22 4
4 23 4
4 24 2
4 25 4
4 26 1
4 27 2
4 28 3
4 29 4
4 30 3
4 31 1
4 32 1
4 33 2
4 34 2
4 35 4
4 36 4
4 37 1
4 38 4
4 39 2
4 40 3
4 41 4
4 42 2
4 43 3
4 44 2
4 45 3
4 46 4
4 47 2
4 48 3
4 49 2
4 50 2
4 51 2
4 52 4
4 53 4
4 54 3
4 55 4
4 56 1
4 57 1
4 58 2
4 59 1
4 60 2
4 61 2
4 62 2
4 63 3
4 64 3
4 65 4
4 66 1
4 67 2
4 68 4
4 69 1
4 70 4
4 71 2
4 72 2
4 73 4
4 74 2
4 75 3
4 76 1
4 77 1
4 78 1
4 79 3
4 80 4
4 81 4
4 82 4
4 83 4
4 84 4
4 85 2
4 86 2
4 87 3
4 88 1
4 89 4
4 90 1
4 91 4
4 92 3
4 93 2
4 94 4
4 95 2
4 96 4
4 97 4
4 98 2
4 99 2
5 6 1
5 7 4
5 8 1
5 9 2
5 10 3
5 11 1
5 12 4
5 13 3
5 14 3
5 15 3
5 16 2
5 17 6
5 18 3
5 19 2
5 20 2
5 21 1
5 22 3
5 23 3
5 24 1
5 25 5
5 26 3
5 27 4
5 28 2
5 29 5
5 30 5
5 31 3
5 32 2
5 33 3
5 34 3
5 35 3
5 36 4
5 37 3
5 38 4
5 39 3
5 40 2
5 41 3
5 42 1
5 43 4
5 44 1
5 45 2
5 46 5
5 47 2
5 48 1
5 49 3
5 50 2
5 51 3
5 52 5
5 53 4
5 54 5
5 55 3
5 56 1
5 57 1
5 58 1
5 59 2
5 60 2
5 61 1
5 62 4
5 63 2
5 64 2
5 65 3
5 66 3
5 67 1
5 68 4
5 69 2
5 70 5
5 71 3
5 72 4
5 73 3
5 74 2
5 75 4
5 76 1
5 77 3
5 78 2
5 79 2
5 80 4
5 81 3
5 82 2
5 83 4
5 84 2
5 85 1
5 86 1
5 87 3
5 88 2
5 89 4
5 90 1
5 91 5
5 92 1
5 93 3
5 94 3
5 95 4
5 96 5
5 97 2
5 98 2
5 99 1
6 7 3
6 8 1
6 9 1
6 10 3
6 11 1
6 12 4
6 13 2
6 14 3
6 15 3
6 16 2
6 17 5
6 18 3
6 19 1
6 20 1
6 21 1
6 22 3
6 23 3
6 24 1
6 25 5
6 26 3
6 27 3
6 28 2
6 29 5
6 30 4
6 31 2
6 32 1
6 33 3
6 34 3
6 35 3
6 36 4
6 37 2
6 38 4
6 39 3
6 40 2
6 41 3
6 42 1
6 43 3
6 44 1
6 45 2
6 46 5
6 47 1
6 48 2
6 49 2
6 50 1
6 51 2
6 52 5
6 53 4
6 54 4
6 55 2
6 56 1
6 57 1
6 58 1
6 59 2
6 60 1
6 61 1
6 62 3
6 63 2
6 64 2
6 65 3
6 66 2
6 67 1
6 68 4
6 69 1
6 70 5
6 71 2
6 72 3
6 73 3
6 74 1
6 75 3
6 76 1
6 77 2
6 78 2
6 79 1
6 80 4
6 81 3
6 82 2
6 83 4
6 84 3
6 85 1
6 86 1
6 87 2
6 88 2
6 89 4
6 90 1
6 91 4
6 92 2
6 93 2
6 94 3
6 95 3
6 96 5
6 97 2
6 98 2
6 99 1
7 8 3
7 9 3
7 10 2
7 11 3
7 12 1
7 13 1
7 14 2
7 15 4
7 16 4
7 17 2
7 18 4
7 19 2
7 20 3
7 21 3
7 22 2
7 23 2
7 24 4
7 25 2
7 26 4
7 27 3
7 28 2
7 29 2
7 30 3
7 31 4
7 32 3
7 33 3
7 34 4
7 35 2
7 36 1
7 37 3
7 38 1
7 39 4
7 40 2
7 41 1
7 42 4
7 43 1
7 44 4
7 45 2
7 46 2
7 47 2
7 48 4
7 49 2
7 50 2
7 51 3
7 52 2
7 53 1
7 54 2
7 55 2
7 56 4
7 57 4
7 58 3
7 59 4
7 60 3
7 61 4
7 62 3
7 63 2
7 64 2
7 65 1
7 66 4
7 67 4
7 68 1
7 69 3
7 70 2
7 71 2
7 72 3
7 73 1
7 74 2
7 75 2
7 76 3
7 77 3
7 78 3
7 79 2
7 80 1
7 81 2
7 82 3
7 83 1
7 84 3
7 85 4
7 86 4
7 87 1
7 88 3
7 89 1
7 90 3
7 91 1
7 92 3
7 93 3
7 94 1
7 95 3
7 96 2
7 97 3
7 98 2
7 99 4
8 9 1
8 10 3
8 11 1
8 12 4
8 13 2
8 14 3
8 15 2
8 16 2
8 17 5
8 18 3
8 19 1
8 20 1
8 21 1
8 22 3
8 23 3
8 24 2
8 25 5
8 26 2
8 27 3
8 28 2
8 29 5
8 30 4
8 31 2
8 32 1
8 33 2
8 34 3
8 35 3
8 36 4
8 37 2
8 38 4
8 39 3
8 40 2
8 41 3
8 42 1
8 43 3
8 44 1
8 45 2
8 46 5
8 47 1
8 48 2
8 49 2
8 50 1
8 51 2
8 52 5
8 53 4
8 54 4
8 55 2
8 56 1
8 57 1
8 58 1
8 59 2
8 60 1
8 61 2
8 62 3
8 63 2
8 64 2
8 65 3
8 66 2
8 67 1
8 68 4
8 69 1
8 70 5
8 71 2
8 72 3
8 73 3
8 74 1
8 75 3
8 76 1
8 77 2
8 78 1
8 79 1
8 80 4
8 81 3
8 82 2
8 83 4
8 84 3
8 85 2
8 86 1
8 87 2
8 88 1
8 89 4
8 90 1
8 91 4
8 92 2
8 93 2
8 94 3
8 95 3
8 96 5
8 97 2
8 98 1
8 99 1
9 10 3
9 11 1
9 12 4
9 13 2
9 14 3
9 15 2
9 16 2
9 17 4
9 18 2
9 19 1
9 20 1
9 21 1
9 22 3
9 23 3
9 24 2
9 25 4
9 26 2
9 27 2
9 28 2
9 29 4
9 30 3
9 31 2
9 32 1
9 33 2
9 34 3
9 35 3
9 36 4
9 37 1
9 38 4
9 39 3
9 40 2
9 41 3
9 42 1
9 43 3
9 44 2
9 45 2
9 46 5
9 47 1
9 48 2
9 49 2
9 50 1
9 51 2
9 52 5
9 53 4
9 54 4
9 55 2
9 56 1
9 57 2
9 58 1
9 59 2
9 60 1
9 61 2
9 62 2
9 63 2
9 64 1
9 65 3
9 66 2
9 67 2
9 68 4
9 69 1
9 70 4
9 71 2
9 72 3
9 73 3
9 74 1
9 75 3
9 76 1
9 77 2
9 78 1
9 79 1
9 80 4
9 81 3
9 82 2
9 83 4
9 84 3
9 85 2
9 86 2
9 87 2
9 88 1
9 89 4
9 90 1
9 91 4
9 92 2
9 93 2
9 94 3
9 95 3
9 96 4
9 97 2
9 98 1
9 99 2
10 11 4
10 12 3
10 13 2
10 14 1
10 15 5
10 16 5
10 17 4
10 18 5
10 19 2
10 20 4
10 21 2
10 22 1
10 23 1
10 24 4
10 25 3
10 26 5
10 27 5
10 28 2
10 29 4
10 30 4
10 31 4
10 32 3
10 33 5
10 34 5
10 35 1
10 36 2
10 37 4
10 38 2
10 39 5
10 40 2
10 41 1
10 42 3
10 43 3
10 44 4
10 45 2
10 46 3
10 47 3
10 48 4
10 49 3
10 50 3
10 51 4
10 52 4
10 53 2
10 54 3
10 55 1
10 56 4
10 57 4
10 58 3
10 59 5
10 60 3
10 61 4
10 62 5
10 63 1
10 64 2
10 65 2
10 66 5
10 67 3
10 68 1
10 69 4
10 70 4
10 71 4
10 72 4
10 73 1
10 74 3
10 75 3
10 76 4
10 77 4
10 78 4
10 79 2
10 80 2
10 81 1
10 82 2
10 83 1
10 84 2
10 85 4
10 86 3
10 87 3
10 88 4
10 89 2
10 90 4
10 91 3
10 92 3
10 93 5
10 94 1
10 95 4
10 96 4
10 97 2
10 98 3
10 99 4
11 12 4
11 13 2
11 14 4
11 15 2
11 16 2
11 17 5
11 18 3
11 19 2
11 20 1
11 21 2
11 22 4
11 23 4
11 24 1
11 25 5
11 26 2
11 27 3
11 28 3
11 29 5
11 30 4
11 31 2
11 32 1
11 33 2
11 34 3
11 35 4
11 36 4
11 37 2
11 38 4
11 39 3
11 40 3
11 41 3
11 42 1
11 43 3
11 44 1
11 45 3
11 46 5
11 47 1
11 48 2
11 49 2
11 50 1
11 51 2
11 52 5
11 53 4
11 54 4
11 55 3
11 56 1
11 57 1
11 58 1
11 59 2
11 60 1
11 61 1
11 62 3
11 63 3
11 64 2
11 65 3
11 66 2
11 67 1
11 68 4
11 69 1
11 70 5
11 71 2
11 72 3
11 73 4
11 74 2
11 75 3
11 76 1
11 77 2
11 78 1
11 79 2
11 80 4
11 81 4
11 82 3
11 83 4
11 84 3
11 85 1
11 86 1
11 87 2
11 88 1
11 89 4
11 90 1
11 91 4
11 92 2
11 93 2
11 94 3
11 95 3
11 96 5
11 97 3
11 98 2
11 99 1
12 13 2
12 14 3
12 15 3
12 16 4
12 17 2
12 18 4
12 19 3
12 20 4
12 21 3
12 22 3
12 23 3
12 24 5
12 25 1
12 26 4
12 27 3
12 28 2
12 29 1
12 30 2
12 31 4
12 32 3
12 33 3
12 34 4
12 35 3
12 36 1
12 37 3
12 38 1
12 39 4
12 40 2
12 41 2
12 42 4
12 43 1
12 44 5
12 45 3
12 46 1
12 47 3
12 48 5
12 49 2
12 50 3
12 51 3
12 52 1
12 53 1
12 54 1
12 55 3
12 56 4
12 57 4
12 58 4
12 59 4
12 60 3
12 61 5
12 62 3
12 63 3
12 64 3
12 65 2
12 66 4
12 67 4
12 68 2
12 69 4
12 70 1
12 71 2
12 72 2
12 73 2
12 74 3
12 75 2
12 76 4
12 77 3
12 78 4
12 79 3
12 80 1
12 81 3
12 82 4
12 83 2
12 84 3
12 85 5
12 86 4
12 87 2
12 88 4
12 89 1
12 90 4
12 91 1
12 92 4
12 93 3
12 94 2
12 95 3
12 96 1
12 97 3
12 98 3
12 99 5
13 14 2
13 15 3
13 16 3
13 17 3
13 18 3
13 19 1
13 20 2
13 21 2
13 22 2
13 23 2
13 24 3
13 25 3
13 26 3
13 27 3
13 28 1
13 29 3
13 30 3
13 31 3
13 32 2
13 33 3
13 34 4
13 35 2
13 36 2
13 37 2
13 38 2
13 39 4
13 40 1
13 41 1
13 42 3
13 43 1
13 44 3
13 45 1
13 46 3
13 47 2
13 48 3
13 49 1
13 50 1
13 51 2
13 52 3
13 53 2
13 54 2
13 55 2
13 56 3
13 57 3
13 58 2
13 59 3
13 60 2
13 61 3
13 62 3
13 63 1
13 64 1
13 65 1
13 66 3
13 67 3
13 68 2
13 69 3
13 70 3
13 71 2
13 72 2
13 73 2
13 74 1
13 75 2
13 76 2
13 77 2
13 78 2
13 79 1
13 80 2
13 81 2
13 82 2
13 83 2
13 84 2
13 85 3
13 86 3
13 87 1
13 88 2
13 89 2
13 90 3
13 91 2
13 92 2
13 93 3
13 94 1
13 95 3
13 96 3
13 97 2
13 98 1
13 99 3
14 15 5
14 16 5
14 17 4
14 18 5
14 19 2
14 20 4
14 21 2
14 22 1
14 23 1
14 24 4
14 25 4
14 26 5
14 27 5
14 28 1
14 29 4
14 30 4
14 31 4
14 32 3
14 33 5
14 34 5
14 35 1
14 36 2
14 37 4
14 38 3
14 39 5
14 40 2
14 41 1
14 42 3
14 43 3
14 44 4
14 45 1
14 46 4
14 47 3
14 48 3
14 49 3
14 50 3
14 51 4
14 52 4
14 53 2
14 54 4
14 55 1
14 56 4
14 57 4
14 58 3
14 59 5
14 60 3
14 61 3
14 62 5
14 63 1
14 64 2
14 65 2
14 66 5
14 67 3
14 68 2
14 69 4
14 70 4
14 71 4
14 72 4
14 73 1
14 74 3
14 75 3
14 76 4
14 77 4
14 78 4
14 79 2
14 80 3
14 81 1
14 82 2
14 83 2
14 84 1
14 85 4
14 86 3
14 87 3
14 88 4
14 89 2
14 90 4
14 91 3
14 92 2
14 93 5
14 94 1
14 95 4
14 96 4
14 97 1
14 98 3
14 99 4
15 16 2
15 17 3
15 18 1
15 19 3
15 20 2
15 21 3
15 22 5
15 23 5
15 24 3
15 25 3
15 26 1
15 27 1
15 28 4
15 29 3
15 30 2
15 31 1
15 32 2
15 33 1
15 34 1
15 35 5
15 36 4
15 37 1
15 38 3
15 39 1
15 40 4
15 41 4
15 42 3
15 43 3
15 44 3
15 45 4
15 46 3
15 47 2
15 48 4
15 49 2
15 50 2
15 51 1
15 52 3
15 53 4
15 54 2
15 55 4
15 56 2
15 57 2
15 58 3
15 59 2
15 60 2
15 61 3
15 62 1
15 63 4
15 64 3
15 65 4
15 66 1
15 67 3
15 68 4
15 69 2
15 70 3
15 71 2
15 72 1
15 73 4
15 74 3
15 75 2
15 76 3
15 77 1
15 78 2
15 79 3
15 80 4
15 81 5
15 82 4
15 83 4
15 84 5
15 85 3
15 86 3
15 87 3
15 88 1
15 89 4
15 90 2
15 91 3
15 92 4
15 93 1
15 94 4
15 95 1
15 96 3
15 97 4
15 98 3
15 99 3
16 17 4
16 18 1
16 19 3
16 20 1
16 21 3
16 22 5
16 23 5
16 24 2
16 25 4
16 26 1
16 27 2
16 28 4
16 29 4
16 30 3
16 31 1
16 32 2
16 33 2
16 34 2
16 35 4
16 36 4
16 37 1
16 38 4
16 39 1
16 40 3
16 41 4
16 42 2
16 43 3
16 44 2
16 45 4
16 46 4
16 47 2
16 48 3
16 49 3
16 50 2
16 51 2
16 52 4
16 53 5
16 54 3
16 55 4
16 56 1
16 57 1
16 58 2
16 59 1
16 60 2
16 61 3
16 62 2
16 63 4
16 64 3
16 65 4
16 66 1
16 67 2
16 68 5
16 69 1
16 70 4
16 71 2
16 72 2
16 73 4
16 74 2
16 75 3
16 76 2
16 77 1
16 78 1
16 79 3
16 80 4
16 81 5
16 82 4
16 83 5
16 84 4
16 85 2
16 86 2
16 87 3
16 88 1
16 89 5
16 90 1
16 91 4
16 92 3
16 93 2
16 94 4
16 95 2
16 96 4
16 97 4
16 98 3
16 99 2
17 18 4
17 19 4
17 20 4
17 21 5
17 22 4
17 23 4
17 24 6
17 25 1
17 26 4
17 27 2
17 28 4
17 29 1
17 30 1
17 31 4
17 32 4
17 33 3
17 34 4
17 35 4
17 36 2
17 37 3
17 38 2
17 39 4
17 40 4
17 41 3
17 42 5
17 43 2
17 44 5
17 45 4
17 46 1
17 47 4
17 48 6
17 49 3
17 50 4
17 51 3
17 52 1
17 53 3
17 54 1
17 55 4
17 56 5
17 57 5
17 58 5
17 59 4
17 60 4
17 61 6
17 62 2
17 63 4
17 64 4
17 65 3
17 66 4
17 67 6
17 68 3
17 69 4
17 70 1
17 71 3
17 72 2
17 73 3
17 74 4
17 75 2
17 76 5
17 77 3
17 78 4
17 79 4
17 80 2
17 81 4
17 82 5
17 83 3
17 84 5
17 85 6
17 86 6
17 87 3
17 88 4
17 89 3
17 90 5
17 91 1
17 92 5
17 93 3
17 94 3
17 95 2
17 96 1
17 97 5
17 98 4
17 99 5
18 19 3
18 20 2
18 21 3
18 22 5
18 23 5
18 24 3
18 25 4
18 26 1
18 27 2
18 28 4
18 29 4
18 30 3
18 31 1
18 32 2
18 33 1
18 34 1
18 35 5
18 36 4
18 37 1
18 38 4
18 39 1
18 40 4
18 41 4
18 42 3
18 43 3
18 44 3
18 45 4
18 46 4
18 47 2
18 48 4
18 49 3
18 50 2
18 51 2
18 52 4
18 53 5
18 54 3
18 55 4
18 56 2
18 57 2
18 58 3
18 59 1
18 60 2
18 61 4
18 62 2
18 63 4
18 64 3
18 65 4
18 66 1
18 67 3
18 68 5
18 69 2
18 70 4
18 71 2
18 72 2
18 73 5
18 74 3
18 75 3
18 76 3
18 77 1
18 78 2
18 79 3
18 80 4
18 81 5
18 82 4
18 83 5
18 84 5
18 85 3
18 86 3
18 87 3
18 88 2
18 89 5
18 90 2
18 91 4
18 92 4
18 93 1
18 94 4
18 95 2
18 96 4
18 97 4
18 98 3
18 99 3
19 20 2
19 21 1
19 22 2
19 23 2
19 24 2
19 25 4
19 26 3
19 27 3
19 28 1
19 29 4
19 30 3
19 31 2
19 32 1
19 33 3
19 34 3
19 35 2
19 36 3
19 37 2
19 38 3
19 39 3
19 40 1
19 41 2
19 42 2
19 43 2
19 44 2
19 45 1
19 46 4
19 47 1
19 48 3
19 49 1
19 50 1
19 51 2
19 52 4
19 53 3
19 54 3
19 55 2
19 56 2
19 57 2
19 58 1
19 59 3
19 60 1
19 61 2
19 62 3
19 63 1
19 64 1
19 65 2
19 66 3
19 67 2
19 68 3
19 69 2
19 70 4
19 71 2
19 72 2
19 73 2
19 74 1
19 75 2
19 76 2
19 77 2
19 78 2
19 79 1
19 80 3
19 81 2
19 82 2
19 83 3
19 84 2
19 85 2
19 86 2
19 87 1
19 88 2
19 89 3
19 90 2
19 91 3
19 92 2
19 93 3
19 94 2
19 95 3
19 96 4
19 97 2
19 98 1
19 99 2
20 21 2
20 22 4
20 23 4
20 24 2
20 25 4
20 26 2
20 27 2
20 28 3
20 29 4
20 30 3
20 31 1
20 32 1
20 33 2
20 34 2
20 35 3
20 36 4
20 37 1
20 38 4
20 39 2
20 40 2
20 41 3
20 42 2
20 43 3
20 44 2
20 45 3
20 46 4
20 47 1
20 48 3
20 49 2
20 50 1
20 51 1
20 52 4
20 53 4
20 54 3
20 55 3
20 56 1
20 57 1
20 58 1
20 59 1
20 60 1
20 61 2
20 62 2
20 63 3
20 64 2
20 65 3
20 66 1
20 67 2
20 68 4
20 69 1
20 70 4
20 71 2
20 72 2
20 73 3
20 74 1
20 75 3
20 76 1
20 77 1
20 78 1
20 79 2
20 80 4
20 81 4
20 82 3
20 83 4
20 84 3
20 85 2
20 86 2
20 87 2
20 88 1
20 89 4
20 90 1
20 91 4
20 92 2
20 93 1
20 94 3
20 95 2
20 96 4
20 97 3
20 98 2
20 99 2
21 22 2
21 23 2
21 24 2
21 25 4
21 26 3
21 27 3
21 28 1
21 29 4
21 30 4
21 31 3
21 32 2
21 33 3
21 34 4
21 35 2
21 36 3
21 37 2
21 38 3
21 39 4
21 40 1
21 41 2
21 42 1
21 43 3
21 44 2
21 45 1
21 46 4
21 47 2
21 48 2
21 49 2
21 50 1
21 51 3
21 52 4
21 53 3
21 54 4
21 55 2
21 56 2
21 57 2
21 58 1
21 59 3
21 60 2
21 61 2
21 62 3
21 63 1
21 64 1
21 65 2
21 66 3
21 67 1
21 68 3
21 69 2
21 70 4
21 71 2
21 72 3
21 73 2
21 74 1
21 75 3
21 76 2
21 77 2
21 78 2
21 79 1
21 80 3
21 81 2
21 82 1
21 83 3
21 84 2
21 85 2
21 86 1
21 87 2
21 88 2
21 89 3
21 90 2
21 91 4
21 92 1
21 93 3
21 94 2
21 95 3
21 96 4
21 97 1
21 98 1
21 99 2
22 23 1
22 24 4
22 25 3
22 26 5
22 27 5
22 28 2
22 29 4
22 30 4
22 31 4
22 32 3
22 33 5
22 34 5
22 35 1
22 36 2
22 37 4
22 38 2
22 39 5
22 40 2
22 41 1
22 42 3
22 43 3
22 44 4
22 45 2
22 46 3
22 47 3
22 48 4
22 49 3
22 50 3
22 51 4
22 52 4
22 53 2
22 54 3
22 55 2
22 56 4
22 57 4
22 58 3
22 59 5
22 60 3
22 61 4
22 62 5
22 63 1
22 64 2
22 65 1
22 66 5
22 67 3
22 68 1
22 69 4
22 70 4
22 71 4
22 72 4
22 73 1
22 74 3
22 75 3
22 76 4
22 77 4
22 78 4
22 79 2
22 80 2
22 81 1
22 82 3
22 83 1
22 84 2
22 85 4
22 86 3
22 87 3
22 88 4
22 89 2
22 90 4
22 91 3
22 92 3
22 93 5
22 94 1
22 95 4
22 96 4
22 97 2
22 98 3
22 99 4
23 24 4
23 25 4
23 26 5
23 27 5
23 28 2
23 29 4
23 30 5
23 31 4
23 32 3
23 33 5
23 34 5
23 35 1
23 36 3
23 37 4
23 38 3
23 39 5
23 40 2
23 41 1
23 42 3
23 43 3
23 44 4
23 45 2
23 46 4
23 47 3
23 48 3
23 49 3
23 50 3
23 51 4
23 52 4
23 53 2
23 54 4
23 55 1
23 56 4
23 57 4
23 58 3
23 59 5
23 60 3
23 61 3
23 62 5
23 63 1
23 64 2
23 65 2
23 66 5
23 67 3
23 68 2
23 69 4
23 70 4
23 71 4
23 72 4
23 73 2
23 74 3
23 75 4
23 76 4
23 77 4
23 78 4
23 79 2
23 80 3
23 81 1
23 82 2
23 83 2
23 84 1
23 85 4
23 86 3
23 87 3
23 88 4
23 89 3
23 90 4
23 91 3
23 92 2
23 93 5
23 94 2
23 95 5
23 96 4
23 97 1
23 98 3
23 99 4
24 25 6
24 26 3
24 27 4
24 28 3
24 29 6
24 30 5
24 31 3
24 32 2
24 33 3
24 34 3
24 35 4
24 36 5
24 37 3
24 38 5
24 39 3
24 40 3
24 41 4
24 42 1
24 43 4
24 44 1
24 45 3
24 46 6
24 47 2
24 48 1
24 49 3
24 50 2
24 51 3
24 52 6
24 53 5
24 54 5
24 55 3
24 56 2
24 57 1
24 58 1
24 59 2
24 60 2
24 61 1
24 62 4
24 63 3
24 64 3
24 65 4
24 66 3
24 67 1
24 68 5
24 69 2
24 70 6
24 71 3
24 72 4
24 73 4
24 74 2
24 75 4
24 76 1
24 77 3
24 78 2
24 79 2
24 80 5
24 81 4
24 82 3
24 83 5
24 84 3
24 85 1
24 86 1
24 87 3
24 88 2
24 89 5
24 90 1
24 91 5
24 92 2
24 93 3
24 94 4
24 95 4
24 96 6
24 97 3
24 98 2
24 99 1
25 26 4
25 27 2
25 28 3
25 29 1
25 30 1
25 31 4
25 32 4
25 33 3
25 34 4
25 35 4
25 36 2
25 37 3
25 38 1
25 39 4
25 40 3
25 41 3
25 42 5
25 43 2
25 44 5
25 45 4
25 46 1
25 47 4
25 48 6
25 49 3
25 50 4
25 51 3
25 52 1
25 53 2
25 54 1
25 55 4
25 56 5
25 57 5
25 58 5
25 59 4
25 60 4
25 61 6
25 62 2
25 63 4
25 64 4
25 65 3
25 66 4
25 67 5
25 68 2
25 69 4
25 70 1
25 71 3
25 72 2
25 73 3
25 74 4
25 75 2
25 76 5
25 77 3
25 78 4
25 79 4
25 80 2
25 81 4
25 82 5
25 83 3
25 84 4
25 85 6
25 86 5
25 87 3
25 88 4
25 89 2
25 90 5
25 91 1
25 92 5
25 93 3
25 94 3
25 95 2
25 96 1
25 97 4
25 98 4
25 99 5
26 27 2
26 28 4
26 29 4
26 30 3
26 31 1
26 32 2
26 33 1
26 34 1
26 35 5
26 36 4
26 37 1
26 38 4
26 39 1
26 40 4
26 41 4
26 42 3
26 43 3
26 44 3
26 45 4
26 46 4
26 47 2
26 48 4
26 49 2
26 50 2
26 51 1
26 52 4
26 53 4
26 54 3
26 55 4
26 56 2
26 57 2
26 58 3
26 59 1
26 60 2
26 61 3
26 62 2
26 63 4
26 64 3
26 65 4
26 66 1
26 67 3
26 68 4
26 69 2
26 70 4
26 71 2
26 72 2
26 73 4
26 74 3
26 75 3
26 76 2
26 77 1
26 78 1
26 79 3
26 80 4
26 81 5
26 82 4
26 83 4
26 84 5
26 85 3
26 86 3
26 87 3
26 88 1
26 89 4
26 90 2
26 91 4
26 92 4
26 93 1
26 94 4
26 95 2
26 96 4
26 97 4
26 98 3
26 99 3
27 28 4
27 29 2
27 30 1
27 31 2
27 32 2
27 33 1
27 34 2
27 35 4
27 36 3
27 37 1
27 38 3
27 39 2
27 40 3
27 41 4
27 42 3
27 43 2
27 44 3
27 45 4
27 46 3
27 47 2
27 48 4
27 49 2
27 50 2
27 51 1
27 52 3
27 53 4
27 54 2
27 55 4
27 56 3
27 57 3
27 58 3
27 59 2
27 60 2
27 61 4
27 62 1
27 63 4
27 64 3
27 65 4
27 66 2
27 67 4
27 68 4
27 69 2
27 70 2
27 71 1
27 72 1
27 73 4
27 74 3
27 75 2
27 76 3
27 77 1
27 78 2
27 79 3
27 80 3
27 81 5
27 82 4
27 83 4
27 84 5
27 85 4
27 86 4
27 87 2
27 88 2
27 89 4
27 90 3
27 91 3
27 92 4
27 93 1
27 94 4
27 95 1
27 96 2
27 97 4
27 98 2
27 99 3
28 29 3
28 30 3
28 31 3
28 32 2
28 33 4
28 34 4
28 35 1
28 36 2
28 37 3
28 38 2
28 39 4
28 40 1
28 41 1
28 42 2
28 43 2
28 44 3
28 45 1
28 46 3
28 47 2
28 48 3
28 49 2
28 50 2
28 51 3
28 52 3
28 53 2
28 54 3
28 55 1
28 56 3
28 57 3
28 58 2
28 59 4
28 60 2
28 61 3
28 62 4
28 63 1
28 64 1
28 65 1
28 66 4
28 67 2
28 68 2
28 69 3
28 70 3
28 71 3
28 72 3
28 73 1
28 74 2
28 75 2
28 76 3
28 77 3
28 78 3
28 79 1
28 80 2
28 81 2
28 82 2
28 83 2
28 84 1
28 85 3
28 86 2
28 87 2
28 88 3
28 89 2
28 90 3
28 91 3
28 92 2
28 93 4
28 94 1
28 95 3
28 96 3
28 97 1
28 98 2
28 99 3
29 30 1
29 31 4
29 32 4
29 33 3
29 34 4
29 35 4
29 36 2
29 37 3
29 38 2
29 39 4
29 40 3
29 41 3
29 42 5
29 43 2
29 44 5
29 45 4
29 46 1
29 47 4
29 48 6
29 49 3
29 50 4
29 51 3
29 52 1
29 53 2
29 54 1
29 55 4
29 56 5
29 57 5
29 58 5
29 59 4
29 60 4
29 61 6
29 62 2
29 63 4
29 64 4
29 65 3
29 66 4
29 67 5
29 68 3
29 69 4
29 70 1
29 71 3
29 72 2
29 73 3
29 74 4
29 75 2
29 76 5
29 77 3
29 78 4
29 79 4
29 80 2
29 81 4
29 82 5
29 83 3
29 84 4
29 85 6
29 86 5
29 87 3
29 88 4
29 89 2
29 90 5
29 91 1
29 92 5
29 93 3
29 94 3
29 95 2
29 96 1
29 97 4
29 98 4
29 99 5
30 31 3
30 32 3
30 33 2
30 34 3
30 35 4
30 36 3
30 37 2
30 38 2
30 39 3
30 40 3
30 41 4
30 42 4
30 43 2
30 44 4
30 45 4
30 46 2
30 47 3
30 48 5
30 49 2
30 50 3
30 51 2
30 52 2
30 53 3
30 54 1
30 55 4
30 56 4
30 57 4
30 58 4
30 59 3
30 60 3
30 61 5
30 62 1
30 63 4
30 64 4
30 65 3
30 66 3
30 67 5
30 68 3
30 69 3
30 70 1
30 71 2
30 72 1
30 73 3
30 74 3
30 75 1
30 76 4
30 77 2
30 78 3
30 79 4
30 80 3
30 81 4
30 82 5
30 83 3
30 84 4
30 85 5
30 86 5
30 87 2
30 88 3
30 89 3
30 90 4
30 91 2
30 92 5
30 93 2
30 94 3
30 95 1
30 96 1
30 97 4
30 98 3
30 99 4
31 32 1
31 33 1
31 34 1
31 35 4
31 36 4
31 37 1
31 38 4
31 39 1
31 40 3
31 41 4
31 42 2
31 43 3
31 44 2
31 45 3
31 46 4
31 47 2
31 48 3
31 49 2
31 50 2
31 51 1
31 52 4
31 53 4
31 54 3
31 55 4
31 56 2
31 57 2
31 58 2
31 59 1
31 60 1
31 61 3
31 62 2
31 63 3
31 64 3
31 65 4
31 66 1
31 67 3
31 68 4
31 69 1
31 70 4
31 71 2
31 72 2
31 73 4
31 74 2
31 75 3
31 76 2
31 77 1
31 78 1
31 79 3
31 80 4
31 81 4
31 82 4
31 83 4
31 84 4
31 85 3
31 86 3
31 87 3
31 88 1
31 89 4
31 90 2
31 91 4
31 92 3
31 93 1
31 94 4
31 95 2
31 96 4
31 97 4
31 98 2
31 99 2
32 33 2
32 34 2
32 35 3
32 36 3
32 37 1
32 38 3
32 39 2
32 40 2
32 41 3
32 42 2
32 43 2
32 44 2
32 45 2
32 46 4
32 47 1
32 48 3
32 49 1
32 50 1
32 51 1
32 52 4
32 53 3
32 54 3
32 55 3
32 56 1
32 57 1
32 58 1
32 59 2
32 60 1
32 61 2
32 62 2
32 63 2
32 64 2
32 65 3
32 66 2
32 67 2
32 68 3
32 69 1
32 70 4
32 71 1
32 72 2
32 73 3
32 74 1
32 75 2
32 76 1
32 77 1
32 78 1
32 79 2
32 80 3
32 81 3
32 82 3
32 83 3
32 84 3
32 85 2
32 86 2
32 87 2
32 88 1
32 89 3
32 90 1
32 91 3
32 92 2
32 93 2
32 94 3
32 95 2
32 96 4
32 97 3
32 98 1
32 99 2
33 34 2
33 35 4
33 36 3
33 37 1
33 38 3
33 39 2
33 40 3
33 41 4
33 42 3
33 43 2
33 44 3
33 45 4
33 46 3
33 47 2
33 48 4
33 49 2
33 50 2
33 51 1
33 52 3
33 53 4
33 54 2
33 55 4
33 56 2
33 57 2
33 58 3
33 59 2
33 60 2
33 61 3
33 62 1
33 63 4
33 64 3
33 65 4
33 66 2
33 67 3
33 68 4
33 69 2
33 70 3
33 71 1
33 72 1
33 73 4
33 74 3
33 75 2
33 76 3
33 77 1
33 78 2
33 79 3
33 80 3
33 81 5
33 82 4
33 83 4
33 84 5
33 85 3
33 86 3
33 87 2
33 88 1
33 89 4
33 90 2
33 91 3
33 92 4
33 93 1
33 94 4
33 95 1
33 96 3
33 97 4
33 98 2
33 99 3
34 35 5
34 36 4
34 37 2
34 38 4
34 39 1
34 40 4
34 41 5
34 42 3
34 43 3
34 44 3
34 45 4
34 46 4
34 47 3
34 48 4
34 49 3
34 50 3
34 51 2
34 52 4
34 53 5
34 54 3
34 55 5
34 56 2
34 57 2
34 58 3
34 59 1
34 60 2
34 61 4
34 62 2
34 63 4
34 64 4
34 65 5
34 66 1
34 67 3
34 68 5
34 69 2
34 70 4
34 71 2
34 72 2
34 73 5
34 74 3
34 75 3
34 76 3
34 77 2
34 78 2
34 79 4
34 80 4
34 81 5
34 82 5
34 83 5
34 84 5
34 85 3
34 86 3
34 87 3
34 88 2
34 89 5
34 90 3
34 91 4
34 92 4
34 93 1
34 94 5
34 95 2
34 96 4
34 97 5
34 98 3
34 99 3
35 36 2
35 37 4
35 38 3
35 39 5
35 40 1
35 41 1
35 42 3
35 43 3
35 44 4
35 45 1
35 46 4
35 47 3
35 48 3
35 49 3
35 50 3
35 51 4
35 52 4
35 53 2
35 54 4
35 55 1
35 56 4
35 57 4
35 58 3
35 59 4
35 60 3
35 61 3
35 62 4
35 63 1
35 64 2
35 65 2
35 66 4
35 67 3
35 68 2
35 69 4
35 70 4
35 71 3
35 72 4
35 73 1
35 74 2
35 75 3
35 76 4
35 77 4
35 78 4
35 79 2
35 80 3
35 81 1
35 82 2
35 83 2
35 84 1
35 85 4
35 86 3
35 87 2
35 88 4
35 89 2
35 90 4
35 91 3
35 92 2
35 93 4
35 94 1
35 95 4
35 96 4
35 97 1
35 98 2
35 99 4
36 37 3
36 38 1
36 39 4
36 40 2
36 41 2
36 42 4
36 43 1
36 44 5
36 45 2
36 46 2
36 47 3
36 48 5
36 49 2
36 50 3
36 51 3
36 52 2
36 53 1
36 54 2
36 55 3
36 56 4
36 57 4
36 58 4
36 59 4
36 60 3
36 61 5
36 62 3
36 63 2
36 64 3
36 65 1
36 66 4
36 67 4
36 68 1
36 69 4
36 70 2
36 71 2
36 72 3
36 73 1
36 74 3
36 75 2
36 76 4
36 77 3
36 78 4
36 79 3
36 80 1
36 81 2
36 82 4
36 83 1
36 84 3
36 85 5
36 86 4
36 87 2
36 88 4
36 89 1
36 90 4
36 91 1
36 92 4
36 93 3
36 94 2
36 95 3
36 96 2
36 97 3
36 98 3
36 99 5
37 38 3
37 39 2
37 40 3
37 41 3
37 42 2
37 43 2
37 44 2
37 45 3
37 46 4
37 47 1
37 48 3
37 49 2
37 50 1
37 51 1
37 52 4
37 53 4
37 54 3
37 55 3
37 56 2
37 57 2
37 58 2
37 59 1
37 60 1
37 61 3
37 62 1
37 63 3
37 64 2
37 65 3
37 66 1
37 67 3
37 68 4
37 69 1
37 70 3
37 71 1
37 72 2
37 73 4
37 74 2
37 75 2
37 76 2
37 77 1
37 78 1
37 79 2
37 80 3
37 81 4
37 82 3
37 83 4
37 84 4
37 85 3
37 86 3
37 87 2
37 88 1
37 89 4
37 90 2
37 91 3
37 92 3
37 93 1
37 94 3
37 95 2
37 96 3
37 97 3
37 98 2
37 99 2
38 39 4
38 40 2
38 41 2
38 42 4
38 43 1
38 44 5
38 45 3
38 46 1
38 47 3
38 48 5
38 49 2
38 50 3
38 51 3
38 52 2
38 53 1
38 54 1
38 55 3
38 56 4
38 57 4
38 58 4
38 59 4
38 60 3
38 61 5
38 62 3
38 63 3
38 64 3
38 65 2
38 66 4
38 67 4
38 68 1
38 69 4
38 70 2
38 71 2
38 72 2
38 73 2
38 74 3
38 75 2
38 76 4
38 77 3
38 78 4
38 79 3
38 80 1
38 81 3
38 82 4
38 83 2
38 84 3
38 85 5
38 86 4
38 87 2
38 88 4
38 89 1
38 90 4
38 91 1
38 92 4
38 93 3
38 94 2
38 95 3
38 96 2
38 97 3
38 98 3
38 99 5
39 40 4
39 41 5
39 42 3
39 43 3
39 44 3
39 45 4
39 46 4
39 47 3
39 48 4
39 49 3
39 50 3
39 51 2
39 52 4
39 53 5
39 54 3
39 55 5
39 56 2
39 57 2
39 58 3
39 59 1
39 60 2
39 61 4
39 62 2
39 63 4
39 64 4
39 65 5
39 66 1
39 67 3
39 68 5
39 69 2
39 70 4
39 71 2
39 72 2
39 73 5
39 74 3
39 75 3
39 76 3
39 77 2
39 78 2
39 79 4
39 80 4
39 81 5
39 82 5
39 83 5
39 84 5
39 85 3
39 86 3
39 87 3
39 88 2
39 89 5
39 90 2
39 91 4
39 92 4
39 93 1
39 94 5
39 95 2
39 96 4
39 97 5
39 98 3
39 99 3
40 41 1
40 42 2
40 43 2
40 44 3
40 45 1
40 46 3
40 47 2
40 48 3
40 49 2
40 50 2
40 51 3
40 52 3
40 53 2
40 54 3
40 55 2
40 56 3
40 57 3
40 58 2
40 59 3
40 60 2
40 61 3
40 62 3
40 63 1
40 64 1
40 65 1
40 66 3
40 67 2
40 68 2
40 69 3
40 70 3
40 71 2
40 72 3
40 73 1
40 74 1
40 75 2
40 76 3
40 77 3
40 78 3
40 79 1
40 80 2
40 81 2
40 82 2
40 83 2
40 84 2
40 85 3
40 86 2
40 87 1
40 88 3
40 89 2
40 90 3
40 91 3
40 92 2
40 93 3
40 94 1
40 95 3
40 96 3
40 97 2
40 98 1
40 99 3
41 42 3
41 43 2
41 44 4
41 45 1
41 46 3
41 47 3
41 48 4
41 49 2
41 50 2
41 51 3
41 52 3
41 53 1
41 54 3
41 55 1
41 56 4
41 57 4
41 58 3
41 59 4
41 60 3
41 61 4
41 62 4
41 63 1
41 64 2
41 65 1
41 66 4
41 67 3
41 68 1
41 69 4
41 70 3
41 71 3
41 72 3
41 73 1
41 74 2
41 75 3
41 76 3
41 77 3
41 78 3
41 79 2
41 80 2
41 81 1
41 82 2
41 83 1
41 84 2
41 85 4
41 86 3
41 87 2
41 88 3
41 89 2
41 90 4
41 91 2
41 92 3
41 93 4
41 94 1
41 95 4
41 96 3
41 97 2
41 98 2
41 99 4
42 43 4
42 44 1
42 45 2
42 46 5
42 47 2
42 48 1
42 49 3
42 50 2
42 51 3
42 52 5
42 53 4
42 54 5
42 55 3
42 56 1
42 57 1
42 58 1
42 59 2
42 60 2
42 61 1
42 62 3
42 63 2
42 64 2
42 65 3
42 66 3
42 67 1
42 68 4
42 69 1
42 70 5
42 71 3
42 72 4
42 73 3
42 74 2
42 75 4
42 76 1
42 77 3
42 78 2
42 79 2
42 80 4
42 81 3
42 82 2
42 83 4
42 84 2
42 85 1
42 86 1
42 87 3
42 88 2
42 89 4
42 90 1
42 91 5
42 92 1
42 93 3
42 94 3
42 95 4
42 96 5
42 97 2
42 98 2
42 99 1
43 44 4
43 45 2
43 46 2
43 47 2
43 48 4
43 49 1
43 50 2
43 51 2
43 52 2
43 53 2
43 54 1
43 55 3
43 56 3
43 57 3
43 58 3
43 59 3
43 60 2
43 61 4
43 62 2
43 63 2
43 64 2
43 65 2
43 66 3
43 67 4
43 68 2
43 69 3
43 70 2
43 71 1
43 72 2
43 73 2
43 74 2
43 75 1
43 76 3
43 77 2
43 78 3
43 79 2
43 80 1
43 81 3
43 82 3
43 83 2
43 84 3
43 85 4
43 86 4
43 87 1
43 88 3
43 89 2
43 90 3
43 91 1
43 92 3
43 93 2
43 94 2
43 95 2
43 96 2
43 97 3
43 98 2
43 99 4
44 45 3
44 46 6
44 47 2
44 48 1
44 49 3
44 50 2
44 51 3
44 52 6
44 53 5
44 54 5
44 55 3
44 56 1
44 57 1
44 58 1
44 59 2
44 60 2
44 61 1
44 62 3
44 63 3
44 64 3
44 65 4
44 66 3
44 67 1
44 68 5
44 69 1
44 70 5
44 71 3
44 72 4
44 73 4
44 74 2
44 75 4
44 76 1
44 77 3
44 78 2
44 79 2
44 80 5
44 81 4
44 82 3
44 83 5
44 84 3
44 85 1
44 86 1
44 87 3
44 88 2
44 89 5
44 90 1
44 91 5
44 92 2
44 93 3
44 94 4
44 95 4
44 96 5
44 97 3
44 98 2
44 99 1
45 46 4
45 47 2
45 48 3
45 49 2
45 50 2
45 51 3
45 52 4
45 53 2
45 54 3
45 55 1
45 56 3
45 57 3
45 58 2
45 59 4
45 60 2
45 61 3
45 62 4
45 63 1
45 64 1
45 65 1
45 66 4
45 67 2
45 68 2
45 69 3
45 70 4
45 71 3
45 72 3
45 73 1
45 74 2
45 75 3
45 76 3
45 77 3
45 78 3
45 79 1
45 80 2
45 81 2
45 82 2
45 83 2
45 84 1
45 85 3
45 86 2
45 87 2
45 88 3
45 89 2
45 90 3
45 91 3
45 92 2
45 93 4
45 94 1
45 95 4
45 96 4
45 97 1
45 98 2
45 99 3
46 47 4
46 48 6
46 49 3
46 50 4
46 51 3
46 52 1
46 53 2
46 54 1
46 55 4
46 56 5
46 57 5
46 58 5
46 59 4
46 60 4
46 61 6
46 62 3
46 63 4
46 64 4
46 65 3
46 66 4
46 67 5
46 68 2
46 69 5
46 70 1
46 71 3
46 72 2
46 73 3
46 74 4
46 75 2
46 76 5
46 77 3
46 78 4
46 79 4
46 80 2
46 81 4
46 82 5
46 83 3
46 84 4
46 85 6
46 86 5
46 87 3
46 88 4
46 89 2
46 90 5
46 91 1
46 92 5
46 93 3
46 94 3
46 95 3
46 96 1
46 97 4
46 98 4
46 99 6
47 48 3
47 49 1
47 50 1
47 51 1
47 52 4
47 53 3
47 54 3
47 55 2
47 56 2
47 57 2
47 58 1
47 59 2
47 60 1
47 61 2
47 62 2
47 63 2
47 64 2
47 65 3
47 66 2
47 67 2
47 68 3
47 69 1
47 70 4
47 71 1
47 72 2
47 73 3
47 74 1
47 75 2
47 76 1
47 77 1
47 78 1
47 79 1
47 80 3
47 81 3
47 82 2
47 83 3
47 84 3
47 85 2
47 86 2
47 87 1
47 88 1
47 89 3
47 90 1
47 91 3
47 92 2
47 93 2
47 94 3
47 95 2
47 96 4
47 97 2
47 98 1
47 99 2
48 49 4
48 50 3
48 51 4
48 52 6
48 53 5
48 54 5
48 55 3
48 56 2
48 57 2
48 58 2
48 59 3
48 60 3
48 61 1
48 62 4
48 63 3
48 64 3
48 65 4
48 66 4
48 67 1
48 68 5
48 69 2
48 70 6
48 71 4
48 72 5
48 73 4
48 74 3
48 75 5
48 76 2
48 77 4
48 78 3
48 79 2
48 80 5
48 81 3
48 82 2
48 83 5
48 84 2
48 85 1
48 86 1
48 87 4
48 88 3
48 89 5
48 90 2
48 91 5
48 92 1
48 93 4
48 94 4
48 95 5
48 96 6
48 97 2
48 98 3
48 99 1
49 50 1
49 51 1
49 52 3
49 53 2
49 54 2
49 55 3
49 56 2
49 57 2
49 58 2
49 59 3
49 60 1
49 61 3
49 62 2
49 63 2
49 64 2
49 65 2
49 66 3
49 67 3
49 68 2
49 69 2
49 70 3
49 71 1
49 72 1
49 73 2
49 74 1
49 75 1
49 76 2
49 77 2
49 78 2
49 79 2
49 80 2
49 81 3
49 82 3
49 83 2
49 84 3
49 85 3
49 86 3
49 87 1
49 88 2
49 89 2
49 90 2
49 91 2
49 92 3
49 93 2
49 94 2
49 95 2
49 96 3
49 97 3
49 98 1
49 99 3
50 51 2
50 52 4
50 53 3
50 54 3
50 55 2
50 56 2
50 57 2
50 58 1
50 59 2
50 60 1
50 61 2
50 62 2
50 63 2
50 64 1
50 65 2
50 66 2
50 67 2
50 68 3
50 69 2
50 70 4
50 71 1
50 72 2
50 73 3
50 74 1
50 75 2
50 76 1
50 77 1
50 78 1
50 79 1
50 80 3
50 81 3
50 82 2
50 83 3
50 84 3
50 85 2
50 86 2
50 87 1
50 88 1
50 89 3
50 90 2
50 91 3
50 92 2
50 93 2
50 94 2
50 95 2
50 96 4
50 97 2
50 98 1
50 99 2
51 52 3
51 53 3
51 54 2
51 55 3
51 56 2
51 57 2
51 58 2
51 59 2
51 60 1
51 61 3
51 62 1
51 63 3
51 64 3
51 65 3
51 66 2
51 67 3
51 68 3
51 69 2
51 70 3
51 71 1
51 72 1
51 73 3
51 74 2
51 75 2
51 76 2
51 77 1
51 78 1
51 79 2
51 80 3
51 81 4
51 82 3
51 83 3
51 84 4
51 85 3
51 86 3
51 87 2
51 88 1
51 89 3
51 90 2
51 91 3
51 92 3
51 93 1
51 94 3
51 95 1
51 96 3
51 97 3
51 98 2
51 99 3
52 53 2
52 54 1
52 55 4
52 56 5
52 57 5
52 58 5
52 59 4
52 60 4
52 61 6
52 62 3
52 63 4
52 64 4
52 65 3
52 66 4
52 67 5
52 68 3
52 69 5
52 70 1
52 71 3
52 72 2
52 73 3
52 74 4
52 75 2
52 76 5
52 77 3
52 78 4
52 79 4
52 80 2
52 81 4
52 82 5
52 83 3
52 84 4
52 85 6
52 86 5
52 87 3
52 88 4
52 89 2
52 90 5
52 91 1
52 92 5
52 93 3
52 94 3
52 95 3
52 96 1
52 97 4
52 98 4
52 99 6
53 54 2
53 55 2
53 56 4
53 57 4
53 58 4
53 59 5
53 60 3
53 61 5
53 62 4
53 63 2
53 64 3
53 65 1
53 66 5
53 67 4
53 68 1
53 69 4
53 70 2
53 71 3
53 72 3
53 73 1
53 74 3
53 75 2
53 76 4
53 77 4
53 78 4
53 79 3
53 80 1
53 81 2
53 82 3
53 83 1
53 84 3
53 85 5
53 86 4
53 87 2
53 88 4
53 89 1
53 90 4
53 91 2
53 92 4
53 93 4
53 94 1
53 95 3
53 96 2
53 97 3
53 98 3
53 99 5
54 55 4
54 56 4
54 57 4
54 58 4
54 59 3
54 60 3
54 61 5
54 62 2
54 63 3
54 64 3
54 65 3
54 66 3
54 67 5
54 68 2
54 69 4
54 70 1
54 71 2
54 72 1
54 73 3
54 74 3
54 75 1
54 76 4
54 77 2
54 78 3
54 79 3
54 80 2
54 81 4
54 82 4
54 83 3
54 84 4
54 85 5
54 86 5
54 87 2
54 88 3
54 89 2
54 90 4
54 91 1
54 92 4
54 93 2
54 94 3
54 95 2
54 96 1
54 97 4
54 98 3
54 99 5
55 56 3
55 57 3
55 58 2
55 59 4
55 60 3
55 61 3
55 62 4
55 63 1
55 64 1
55 65 2
55 66 4
55 67 3
55 68 2
55 69 3
55 70 4
55 71 3
55 72 4
55 73 2
55 74 2
55 75 3
55 76 3
55 77 3
55 78 3
55 79 1
55 80 3
55 81 1
55 82 1
55 83 2
55 84 1
55 85 3
55 86 3
55 87 3
55 88 3
55 89 3
55 90 3
55 91 3
55 92 2
55 93 4
55 94 2
55 95 4
55 96 4
55 97 1
55 98 2
55 99 3
56 57 1
56 58 1
56 59 1
56 60 1
56 61 2
56 62 3
56 63 3
56 64 2
56 65 4
56 66 2
56 67 1
56 68 4
56 69 1
56 70 5
56 71 2
56 72 3
56 73 4
56 74 2
56 75 3
56 76 1
56 77 2
56 78 1
56 79 2
56 80 4
56 81 4
56 82 3
56 83 4
56 84 3
56 85 1
56 86 1
56 87 3
56 88 1
56 89 4
56 90 1
56 91 4
56 92 2
56 93 2
56 94 4
56 95 3
56 96 5
56 97 3
56 98 2
56 99 1
57 58 1
57 59 1
57 60 2
57 61 2
57 62 3
57 63 3
57 64 3
57 65 4
57 66 2
57 67 1
57 68 4
57 69 1
57 70 5
57 71 2
57 72 3
57 73 4
57 74 2
57 75 3
57 76 1
57 77 2
57 78 1
57 79 2
57 80 4
57 81 4
57 82 3
57 83 4
57 84 3
57 85 1
57 86 1
57 87 3
57 88 1
57 89 4
57 90 1
57 91 4
57 92 2
57 93 2
57 94 4
57 95 3
57 96 5
57 97 3
57 98 2
57 99 1
58 59 2
58 60 1
58 61 1
58 62 3
58 63 2
58 64 2
58 65 3
58 66 2
58 67 1
58 68 4
58 69 1
58 70 5
58 71 2
58 72 3
58 73 3
58 74 1
58 75 3
58 76 1
58 77 2
58 78 2
58 79 1
58 80 4
58 81 3
58 82 2
58 83 4
58 84 2
58 85 1
58 86 1
58 87 2
58 88 2
58 89 4
58 90 1
58 91 4
58 92 1
58 93 2
58 94 3
58 95 3
58 96 5
58 97 2
58 98 1
58 99 1
59 60 2
59 61 3
59 62 2
59 63 4
59 64 3
59 65 4
59 66 1
59 67 2
59 68 5
59 69 1
59 70 4
59 71 2
59 72 2
59 73 4
59 74 2
59 75 3
59 76 2
59 77 1
59 78 1
59 79 3
59 80 4
59 81 5
59 82 4
59 83 5
59 84 4
59 85 2
59 86 2
59 87 3
59 88 1
59 89 5
59 90 2
59 91 4
59 92 3
59 93 2
59 94 4
59 95 2
59 96 4
59 97 4
59 98 3
59 99 2
60 61 2
60 62 2
60 63 2
60 64 2
60 65 3
60 66 2
60 67 2
60 68 3
60 69 1
60 70 4
60 71 1
60 72 2
60 73 3
60 74 1
60 75 2
60 76 1
60 77 1
60 78 1
60 79 2
60 80 3
60 81 3
60 82 3
60 83 3
60 84 3
60 85 2
60 86 2
60 87 2
60 88 1
60 89 3
60 90 1
60 91 3
60 92 2
60 93 2
60 94 3
60 95 2
60 96 4
60 97 3
60 98 1
60 99 2
61 62 4
61 63 3
61 64 3
61 65 4
61 66 3
61 67 1
61 68 5
61 69 2
61 70 6
61 71 3
61 72 4
61 73 4
61 74 2
61 75 4
61 76 1
61 77 3
61 78 2
61 79 2
61 80 5
61 81 3
61 82 2
61 83 5
61 84 2
61 85 1
61 86 1
61 87 3
61 88 2
61 89 5
61 90 2
61 91 5
61 92 1
61 93 3
61 94 4
61 95 4
61 96 6
61 97 2
61 98 2
61 99 1
62 63 4
62 64 3
62 65 4
62 66 2
62 67 4
62 68 4
62 69 2
62 70 2
62 71 1
62 72 1
62 73 4
62 74 3
62 75 2
62 76 3
62 77 1
62 78 2
62 79 3
62 80 3
62 81 5
62 82 4
62 83 4
62 84 5
62 85 4
62 86 4
62 87 2
62 88 2
62 89 4
62 90 3
62 91 3
62 92 4
62 93 1
62 94 4
62 95 1
62 96 2
62 97 4
62 98 2
62 99 3
63 64 1
63 65 2
63 66 4
63 67 2
63 68 2
63 69 3
63 70 4
63 71 3
63 72 3
63 73 1
63 74 2
63 75 3
63 76 3
63 77 3
63 78 3
63 79 1
63 80 3
63 81 1
63 82 2
63 83 2
63 84 1
63 85 3
63 86 2
63 87 2
63 88 3
63 89 2
63 90 3
63 91 3
63 92 2
63 93 4
63 94 1
63 95 4
63 96 4
63 97 1
63 98 2
63 99 3
64 65 2
64 66 3
64 67 2
64 68 3
64 69 2
64 70 4
64 71 2
64 72 3
64 73 2
64 74 1
64 75 3
64 76 2
64 77 2
64 78 2
64 79 1
64 80 3
64 81 2
64 82 2
64 83 3
64 84 2
64 85 3
64 86 2
64 87 2
64 88 2
64 89 3
64 90 2
64 91 3
64 92 2
64 93 3
64 94 2
64 95 3
64 96 4
64 97 1
64 98 1
64 99 3
65 66 4
65 67 3
65 68 1
65 69 4
65 70 3
65 71 3
65 72 3
65 73 1
65 74 2
65 75 2
65 76 3
65 77 3
65 78 3
65 79 2
65 80 1
65 81 2
65 82 3
65 83 1
65 84 2
65 85 4
65 86 3
65 87 2
65 88 3
65 89 1
65 90 4
65 91 2
65 92 3
65 93 4
65 94 1
65 95 3
65 96 3
65 97 2
65 98 2
65 99 4
66 67 3
66 68 5
66 69 2
66 70 4
66 71 2
66 72 2
66 73 4
66 74 2
66 75 3
66 76 2
66 77 1
66 78 1
66 79 3
66 80 4
66 81 5
66 82 4
66 83 5
66 84 4
66 85 3
66 86 3
66 87 3
66 88 1
66 89 5
66 90 2
66 91 4
66 92 3
66 93 1
66 94 4
66 95 2
66 96 4
66 97 4
66 98 3
66 99 3
67 68 4
67 69 2
67 70 5
67 71 3
67 72 4
67 73 3
67 74 2
67 75 4
67 76 1
67 77 3
67 78 2
67 79 2
67 80 4
67 81 3
67 82 2
67 83 4
67 84 2
67 85 1
67 86 1
67 87 3
67 88 2
67 89 4
67 90 1
67 91 5
67 92 1
67 93 3
67 94 3
67 95 4
67 96 5
67 97 2
67 98 2
67 99 1
68 69 4
68 70 3
68 71 3
68 72 3
68 73 1
68 74 3
68 75 2
68 76 4
68 77 4
68 78 4
68 79 3
68 80 1
68 81 2
68 82 3
68 83 1
68 84 3
68 85 5
68 86 4
68 87 2
68 88 4
68 89 1
68 90 4
68 91 2
68 92 4
68 93 4
68 94 1
68 95 3
68 96 3
68 97 3
68 98 3
68 99 5
69 70 4
69 71 2
69 72 3
69 73 4
69 74 2
69 75 3
69 76 1
69 77 2
69 78 1
69 79 2
69 80 4
69 81 4
69 82 3
69 83 4
69 84 3
69 85 2
69 86 2
69 87 2
69 88 1
69 89 4
69 90 1
69 91 4
69 92 2
69 93 2
69 94 4
69 95 3
69 96 4
69 97 3
69 98 2
69 99 1
70 71 3
70 72 2
70 73 3
70 74 4
70 75 2
70 76 5
70 77 3
70 78 4
70 79 4
70 80 2
70 81 4
70 82 5
70 83 3
70 84 4
70 85 6
70 86 5
70 87 3
70 88 4
70 89 2
70 90 5
70 91 1
70 92 5
70 93 3
70 94 3
70 95 2
70 96 1
70 97 4
70 98 4
70 99 5
71 72 1
71 73 3
71 74 2
71 75 1
71 76 2
71 77 1
71 78 2
71 79 2
71 80 2
71 81 4
71 82 3
71 83 3
71 84 4
71 85 3
71 86 3
71 87 1
71 88 2
71 89 3
71 90 2
71 91 2
71 92 3
71 93 1
71 94 3
71 95 1
71 96 3
71 97 3
71 98 1
71 99 3
72 73 3
72 74 2
72 75 1
72 76 3
72 77 1
72 78 2
72 79 3
72 80 3
72 81 4
72 82 4
72 83 3
72 84 4
72 85 4
72 86 4
72 87 2
72 88 2
72 89 3
72 90 3
72 91 2
72 92 4
72 93 1
72 94 3
72 95 1
72 96 2
72 97 4
72 98 2
72 99 4
73 74 2
73 75 2
73 76 4
73 77 4
73 78 4
73 79 2
73 80 2
73 81 1
73 82 3
73 83 1
73 84 2
73 85 4
73 86 3
73 87 2
73 88 4
73 89 1
73 90 4
73 91 2
73 92 3
73 93 4
73 94 1
73 95 3
73 96 3
73 97 2
73 98 2
73 99 4
74 75 2
74 76 2
74 77 2
74 78 2
74 79 1
74 80 3
74 81 3
74 82 2
74 83 3
74 84 3
74 85 2
74 86 2
74 87 1
74 88 2
74 89 3
74 90 2
74 91 3
74 92 2
74 93 2
74 94 2
74 95 3
74 96 4
74 97 2
74 98 1
74 99 2
75 76 3
75 77 2
75 78 3
75 79 3
75 80 2
75 81 3
75 82 4
75 83 2
75 84 3
75 85 4
75 86 4
75 87 1
75 88 3
75 89 2
75 90 3
75 91 2
75 92 4
75 93 2
75 94 2
75 95 1
75 96 2
75 97 3
75 98 2
75 99 4
76 77 2
76 78 1
76 79 2
76 80 4
76 81 4
76 82 3
76 83 4
76 84 3
76 85 1
76 86 1
76 87 2
76 88 2
76 89 4
76 90 1
76 91 4
76 92 2
76 93 2
76 94 3
76 95 3
76 96 5
76 97 3
76 98 2
76 99 1
77 78 1
77 79 2
77 80 3
77 81 4
77 82 3
77 83 4
77 84 4
77 85 3
77 86 3
77 87 2
77 88 1
77 89 4
77 90 2
77 91 3
77 92 3
77 93 1
77 94 3
77 95 1
77 96 3
77 97 3
77 98 2
77 99 3
78 79 2
78 80 4
78 81 4
78 82 3
78 83 4
78 84 4
78 85 2
78 86 2
78 87 2
78 88 1
78 89 4
78 90 1
78 91 4
78 92 3
78 93 1
78 94 3
78 95 2
78 96 4
78 97 3
78 98 2
78 99 2
79 80 3
79 81 2
79 82 1
79 83 3
79 84 2
79 85 2
79 86 2
79 87 2
79 88 2
79 89 3
79 90 2
79 91 3
79 92 1
79 93 3
79 94 2
79 95 3
79 96 4
79 97 1
79 98 1
79 99 2
80 81 3
80 82 4
80 83 1
80 84 3
80 85 5
80 86 4
80 87 2
80 88 4
80 89 1
80 90 4
80 91 1
80 92 4
80 93 3
80 94 2
80 95 3
80 96 2
80 97 3
80 98 3
80 99 5
81 82 2
81 83 2
81 84 1
81 85 4
81 86 3
81 87 3
81 88 4
81 89 2
81 90 4
81 91 3
81 92 2
81 93 5
81 94 1
81 95 4
81 96 4
81 97 2
81 98 3
81 99 4
82 83 3
82 84 1
82 85 3
82 86 2
82 87 3
82 88 3
82 89 4
82 90 3
82 91 4
82 92 1
82 93 4
82 94 3
82 95 4
82 96 5
82 97 1
82 98 2
82 99 3
83 84 3
83 85 5
83 86 4
83 87 2
83 88 4
83 89 1
83 90 4
83 91 2
83 92 4
83 93 4
83 94 1
83 95 3
83 96 3
83 97 3
83 98 3
83 99 5
84 85 3
84 86 2
84 87 3
84 88 4
84 89 3
84 90 3
84 91 4
84 92 1
84 93 4
84 94 2
84 95 4
84 96 4
84 97 1
84 98 3
84 99 3
85 86 1
85 87 3
85 88 2
85 89 5
85 90 1
85 91 5
85 92 2
85 93 3
85 94 4
85 95 4
85 96 6
85 97 3
85 98 2
85 99 1
86 87 3
86 88 2
86 89 4
86 90 1
86 91 5
86 92 1
86 93 3
86 94 3
86 95 4
86 96 5
86 97 2
86 98 2
86 99 1
87 88 2
87 89 2
87 90 2
87 91 2
87 92 3
87 93 2
87 94 2
87 95 2
87 96 3
87 97 3
87 98 1
87 99 3
88 89 4
88 90 1
88 91 4
88 92 3
88 93 1
88 94 3
88 95 2
88 96 4
88 97 3
88 98 2
88 99 2
89 90 4
89 91 2
89 92 4
89 93 4
89 94 1
89 95 3
89 96 2
89 97 3
89 98 3
89 99 5
90 91 4
90 92 2
90 93 2
90 94 4
90 95 3
90 96 5
90 97 3
90 98 2
90 99 1
91 92 4
91 93 3
91 94 2
91 95 3
91 96 1
91 97 4
91 98 3
91 99 5
92 93 3
92 94 3
92 95 4
92 96 5
92 97 1
92 98 2
92 99 2
93 94 4
93 95 1
93 96 3
93 97 4
93 98 2
93 99 3
94 95 3
94 96 3
94 97 2
94 98 2
94 99 4
95 96 2
95 97 4
95 98 2
95 99 4
96 97 4
96 98 4
96 99 5
97 98 2
97 99 3
98 99 2
