100 
0 1 1
0 2 3
0 3 4
0 4 3
0 5 2
0 6 3
0 7 2
0 8 3
0 9 3
0 10 2
0 11 4
0 12 1
0 13 2
0 14 3
0 15 3
0 16 2
0 17 1
0 18 2
0 19 3
0 20 2
0 21 2
0 22 2
0 23 1
0 24 3
0 25 3
0 26 3
0 27 3
0 28 3
0 29 3
0 30 4
0 31 2
0 32 2
0 33 2
0 34 2
0 35 4
0 36 3
0 37 3
0 38 2
0 39 4
0 40 1
0 41 1
0 42 3
0 43 1
0 44 3
0 45 1
0 46 3
0 47 3
0 48 3
0 49 2
0 50 3
0 51 2
0 52 1
0 53 3
0 54 2
0 55 3
0 56 4
0 57 2
0 58 2
0 59 3
0 60 3
0 61 3
0 62 1
0 63 1
0 64 2
0 65 2
0 66 3
0 67 3
0 68 3
0 69 2
0 70 1
0 71 2
0 72 2
0 73 2
0 74 3
0 75 4
0 76 4
0 77 1
0 78 4
0 79 2
0 80 2
0 81 1
0 82 1
0 83 2
0 84 2
0 85 3
0 86 2
0 87 3
0 88 1
0 89 4
0 90 3
0 91 2
0 92 4
0 93 3
0 94 2
0 95 3
0 96 3
0 97 1
0 98 1
0 99 3
1 2 3
1 3 4
1 4 2
1 5 2
1 6 2
1 7 1
1 8 3
1 9 3
1 10 2
1 11 3
1 12 1
1 13 1
1 14 3
1 15 2
1 16 2
1 17 1
1 18 2
1 19 2
1 20 2
1 21 2
1 22 2
1 23 1
1 24 3
1 25 2
1 26 2
1 27 2
1 28 3
1 29 3
1 30 3
1 31 2
1 32 2
1 33 1
1 34 2
1 35 4
1 36 3
1 37 3
1 38 2
1 39 3
1 40 1
1 41 1
1 42 3
1 43 1
1 44 3
1 45 1
1 46 3
1 47 3
1 48 3
1 49 2
1 50 3
1 51 2
1 52 1
1 53 3
1 54 2
1 55 2
1 56 3
1 57 2
1 58 1
1 59 3
1 60 2
1 61 3
1 62 1
1 63 1
1 64 2
1 65 2
1 66 3
1 67 2
1 68 2
1 69 2
1 70 1
1 71 2
1 72 2
1 73 1
1 74 3
1 75 3
1 76 4
1 77 1
1 78 3
1 79 2
1 80 1
1 81 1
1 82 1
1 83 2
1 84 2
1 85 3
1 86 2
1 87 3
1 88 1
1 89 3
1 90 3
1 91 1
1 92 3
1 93 2
1 94 2
1 95 3
1 96 3
1 97 1
1 98 1
1 99 3
2 3 2
2 4 3
2 5 2
2 6 2
2 7 2
2 8 1
2 9 1
2 10 1
2 11 2
2 12 2
2 13 3
2 14 1
2 15 2
2 16 3
2 17 3
2 18 1
2 19 3
2 20 2
2 21 1
2 22 2
2 23 3
2 24 1
2 25 3
2 26 1
2 27 3
2 28 1
2 29 1
2 30 1
2 31 1
2 32 2
2 33 2
2 34 3
2 35 2
2 36 1
2 37 2
2 38 3
2 39 2
2 40 3
2 41 2
2 42 1
2 43 2
2 44 1
2 45 3
2 46 2
2 47 3
2 48 1
2 49 2
2 50 3
2 51 2
2 52 3
2 53 1
2 54 2
2 55 1
2 56 1
2 57 2
2 58 3
2 59 1
2 60 1
2 61 3
2 62 2
2 63 3
2 64 2
2 65 2
2 66 1
2 67 1
2 68 2
2 69 2
2 70 3
2 71 2
2 72 3
2 73 2
2 74 2
2 75 2
2 76 2
2 77 2
2 78 1
2 79 1
2 80 2
2 81 3
2 82 3
2 83 2
2 84 2
2 85 1
2 86 2
2 87 1
2 88 2
2 89 2
2 90 1
2 91 3
2 92 2
2 93 3
2 94 2
2 95 1
2 96 1
2 97 3
2 98 3
2 99 1
3 4 2
3 5 3
3 6 2
3 7 3
3 8 2
3 9 2
3 10 3
3 11 1
3 12 3
3 13 3
3 14 2
3 15 2
3 16 2
3 17 3
3 18 2
3 19 3
3 20 2
3 21 3
3 22 3
3 23 4
3 24 2
3 25 3
3 26 2
3 27 3
3 28 3
3 29 1
3 30 2
3 31 3
3 32 4
3 33 3
3 34 3
3 35 1
3 36 2
3 37 1
3 38 3
3 39 1
3 40 4
3 41 3
3 42 3
3 43 3
3 44 2
3 45 4
3 46 3
3 47 3
3 48 1
3 49 2
3 50 2
3 51 2
3 52 4
3 53 3
3 54 2
3 55 2
3 56 2
3 57 4
3 58 3
3 59 2
3 60 2
3 61 3
3 62 3
3 63 4
3 64 3
3 65 3
3 66 2
3 67 2
3 68 2
3 69 3
3 70 4
3 71 4
3 72 3
3 73 3
3 74 2
3 75 1
3 76 1
3 77 3
3 78 1
3 79 3
3 80 3
3 81 4
3 82 4
3 83 3
3 84 3
3 85 2
3 86 2
3 87 2
3 88 4
3 89 1
3 90 2
3 91 3
3 92 1
3 93 2
3 94 3
3 95 2
3 96 1
3 97 4
3 98 4
3 99 2
4 5 3
4 6 1
4 7 2
4 8 3
4 9 3
4 10 3
4 11 2
4 12 2
4 13 1
4 14 3
4 15 2
4 16 1
4 17 2
4 18 2
4 19 1
4 20 1
4 21 3
4 22 3
4 23 3
4 24 2
4 25 1
4 26 2
4 27 1
4 28 3
4 29 2
4 30 3
4 31 2
4 32 3
4 33 2
4 34 1
4 35 2
4 36 3
4 37 1
4 38 1
4 39 2
4 40 3
4 41 2
4 42 4
4 43 2
4 44 3
4 45 3
4 46 4
4 47 1
4 48 2
4 49 2
4 50 1
4 51 1
4 52 3
4 53 3
4 54 2
4 55 2
4 56 3
4 57 3
4 58 2
4 59 3
4 60 3
4 61 1
4 62 3
4 63 3
4 64 4
4 65 2
4 66 2
4 67 3
4 68 2
4 69 3
4 70 2
4 71 3
4 72 1
4 73 2
4 74 1
4 75 2
4 76 2
4 77 2
4 78 2
4 79 2
4 80 2
4 81 3
4 82 3
4 83 1
4 84 1
4 85 3
4 86 2
4 87 3
4 88 3
4 89 2
4 90 2
4 91 2
4 92 2
4 93 1
4 94 2
4 95 3
4 96 2
4 97 2
4 98 2
4 99 3
5 6 3
5 7 2
5 8 2
5 9 2
5 10 1
5 11 3
5 12 1
5 13 2
5 14 2
5 15 2
5 16 3
5 17 2
5 18 1
5 19 3
5 20 3
5 21 1
5 22 1
5 23 2
5 24 2
5 25 3
5 26 2
5 27 3
5 28 1
5 29 2
5 30 2
5 31 1
5 32 1
5 33 2
5 34 3
5 35 3
5 36 2
5 37 3
5 38 3
5 39 3
5 40 1
5 41 1
5 42 2
5 43 1
5 44 2
5 45 2
5 46 1
5 47 3
5 48 2
5 49 2
5 50 3
5 51 2
5 52 2
5 53 2
5 54 2
5 55 2
5 56 2
5 57 1
5 58 3
5 59 2
5 60 2
5 61 3
5 62 1
5 63 1
5 64 1
5 65 2
5 66 2
5 67 1
5 68 2
5 69 1
5 70 2
5 71 1
5 72 3
5 73 2
5 74 3
5 75 3
5 76 3
5 77 2
5 78 3
5 79 1
5 80 1
5 81 1
5 82 2
5 83 2
5 84 2
5 85 2
5 86 2
5 87 2
5 88 1
5 89 3
5 90 2
5 91 2
5 92 3
5 93 3
5 94 1
5 95 2
5 96 2
5 97 2
5 98 2
5 99 2
6 7 1
6 8 2
6 9 2
6 10 3
6 11 1
6 12 2
6 13 2
6 14 2
6 15 1
6 16 1
6 17 2
6 18 2
6 19 2
6 20 1
6 21 2
6 22 2
6 23 3
6 24 1
6 25 1
6 26 1
6 27 1
6 28 3
6 29 1
6 30 2
6 31 2
6 32 3
6 33 1
6 34 2
6 35 2
6 36 2
6 37 1
6 38 1
6 39 2
6 40 3
6 41 2
6 42 3
6 43 2
6 44 2
6 45 3
6 46 3
6 47 2
6 48 1
6 49 1
6 50 1
6 51 1
6 52 3
6 53 2
6 54 1
6 55 1
6 56 2
6 57 3
6 58 2
6 59 2
6 60 2
6 61 1
6 62 2
6 63 3
6 64 3
6 65 1
6 66 2
6 67 2
6 68 1
6 69 3
6 70 2
6 71 3
6 72 1
6 73 2
6 74 1
6 75 1
6 76 2
6 77 2
6 78 2
6 79 2
6 80 2
6 81 3
6 82 3
6 83 1
6 84 1
6 85 2
6 86 1
6 87 2
6 88 3
6 89 1
6 90 1
6 91 2
6 92 1
6 93 1
6 94 2
6 95 2
6 96 2
6 97 2
6 98 2
6 99 2
7 8 2
7 9 2
7 10 2
7 11 2
7 12 1
7 13 1
7 14 2
7 15 1
7 16 1
7 17 1
7 18 2
7 19 2
7 20 1
7 21 2
7 22 2
7 23 2
7 24 2
7 25 1
7 26 2
7 27 2
7 28 2
7 29 2
7 30 3
7 31 1
7 32 2
7 33 1
7 34 1
7 35 3
7 36 2
7 37 2
7 38 1
7 39 2
7 40 2
7 41 1
7 42 3
7 43 1
7 44 3
7 45 2
7 46 3
7 47 2
7 48 2
7 49 1
7 50 2
7 51 1
7 52 2
7 53 2
7 54 1
7 55 2
7 56 3
7 57 2
7 58 1
7 59 2
7 60 2
7 61 2
7 62 1
7 63 2
7 64 2
7 65 1
7 66 2
7 67 2
7 68 1
7 69 2
7 70 1
7 71 2
7 72 1
7 73 1
7 74 2
7 75 2
7 76 3
7 77 1
7 78 2
7 79 1
7 80 1
7 81 2
7 82 2
7 83 1
7 84 1
7 85 2
7 86 1
7 87 2
7 88 2
7 89 2
7 90 2
7 91 1
7 92 2
7 93 1
7 94 1
7 95 3
7 96 2
7 97 1
7 98 1
7 99 2
8 9 1
8 10 1
8 11 2
8 12 2
8 13 3
8 14 1
8 15 2
8 16 3
8 17 3
8 18 1
8 19 3
8 20 2
8 21 1
8 22 2
8 23 3
8 24 1
8 25 3
8 26 1
8 27 3
8 28 1
8 29 1
8 30 1
8 31 2
8 32 2
8 33 2
8 34 3
8 35 2
8 36 1
8 37 2
8 38 3
8 39 2
8 40 3
8 41 2
8 42 1
8 43 2
8 44 1
8 45 3
8 46 2
8 47 3
8 48 1
8 49 2
8 50 3
8 51 2
8 52 3
8 53 1
8 54 2
8 55 1
8 56 1
8 57 2
8 58 3
8 59 1
8 60 1
8 61 3
8 62 2
8 63 3
8 64 2
8 65 2
8 66 1
8 67 1
8 68 2
8 69 2
8 70 3
8 71 2
8 72 3
8 73 2
8 74 2
8 75 1
8 76 2
8 77 2
8 78 1
8 79 1
8 80 2
8 81 3
8 82 3
8 83 2
8 84 2
8 85 1
8 86 2
8 87 1
8 88 3
8 89 2
8 90 1
8 91 3
8 92 2
8 93 3
8 94 2
8 95 1
8 96 1
8 97 3
8 98 3
8 99 1
9 10 2
9 11 2
9 12 2
9 13 2
9 14 1
9 15 1
9 16 2
9 17 2
9 18 1
9 19 3
9 20 2
9 21 1
9 22 2
9 23 3
9 24 1
9 25 3
9 26 1
9 27 3
9 28 1
9 29 1
9 30 1
9 31 1
9 32 2
9 33 2
9 34 3
9 35 1
9 36 1
9 37 2
9 38 2
9 39 1
9 40 2
9 41 2
9 42 2
9 43 2
9 44 1
9 45 3
9 46 2
9 47 3
9 48 1
9 49 1
9 50 2
9 51 2
9 52 3
9 53 1
9 54 1
9 55 1
9 56 1
9 57 2
9 58 3
9 59 1
9 60 1
9 61 3
9 62 2
9 63 2
9 64 2
9 65 2
9 66 1
9 67 1
9 68 1
9 69 2
9 70 3
9 71 2
9 72 2
9 73 2
9 74 2
9 75 1
9 76 1
9 77 2
9 78 1
9 79 1
9 80 2
9 81 3
9 82 3
9 83 2
9 84 2
9 85 1
9 86 1
9 87 1
9 88 2
9 89 2
9 90 1
9 91 3
9 92 1
9 93 2
9 94 1
9 95 1
9 96 1
9 97 3
9 98 3
9 99 1
10 11 3
10 12 2
10 13 3
10 14 2
10 15 2
10 16 3
10 17 2
10 18 1
10 19 3
10 20 3
10 21 1
10 22 1
10 23 2
10 24 2
10 25 3
10 26 2
10 27 3
10 28 1
10 29 2
10 30 2
10 31 1
10 32 1
10 33 2
10 34 3
10 35 3
10 36 1
10 37 3
10 38 3
10 39 3
10 40 2
10 41 2
10 42 1
10 43 2
10 44 2
10 45 3
10 46 1
10 47 4
10 48 2
10 49 2
10 50 3
10 51 2
10 52 3
10 53 1
10 54 2
10 55 2
10 56 2
10 57 1
10 58 3
10 59 2
10 60 1
10 61 4
10 62 1
10 63 2
10 64 1
10 65 2
10 66 2
10 67 1
10 68 2
10 69 1
10 70 2
10 71 1
10 72 3
10 73 2
10 74 3
10 75 2
10 76 3
10 77 2
10 78 2
10 79 1
10 80 2
10 81 2
10 82 2
10 83 2
10 84 3
10 85 1
10 86 2
10 87 2
10 88 2
10 89 3
10 90 2
10 91 3
10 92 3
10 93 3
10 94 1
10 95 2
10 96 2
10 97 3
10 98 3
10 99 2
11 12 3
11 13 3
11 14 2
11 15 1
11 16 2
11 17 3
11 18 2
11 19 3
11 20 2
11 21 2
11 22 3
11 23 4
11 24 1
11 25 2
11 26 2
11 27 2
11 28 3
11 29 1
11 30 2
11 31 2
11 32 3
11 33 2
11 34 3
11 35 1
11 36 2
11 37 1
11 38 2
11 39 1
11 40 3
11 41 3
11 42 3
11 43 3
11 44 2
11 45 4
11 46 3
11 47 2
11 48 1
11 49 2
11 50 2
11 51 2
11 52 4
11 53 3
11 54 2
11 55 2
11 56 2
11 57 3
11 58 3
11 59 2
11 60 2
11 61 2
11 62 3
11 63 3
11 64 3
11 65 2
11 66 1
11 67 2
11 68 1
11 69 3
11 70 3
11 71 3
11 72 2
11 73 2
11 74 1
11 75 1
11 76 1
11 77 3
11 78 1
11 79 2
11 80 3
11 81 3
11 82 4
11 83 2
11 84 2
11 85 2
11 86 2
11 87 2
11 88 3
11 89 1
11 90 1
11 91 3
11 92 1
11 93 2
11 94 2
11 95 2
11 96 1
11 97 3
11 98 3
11 99 2
12 13 1
12 14 2
12 15 2
12 16 2
12 17 1
12 18 2
12 19 2
12 20 2
12 21 2
12 22 1
12 23 1
12 24 2
12 25 2
12 26 2
12 27 2
12 28 2
12 29 2
12 30 3
12 31 1
12 32 1
12 33 1
12 34 2
12 35 3
12 36 2
12 37 2
12 38 2
12 39 3
12 40 1
12 41 1
12 42 2
12 43 1
12 44 3
12 45 2
12 46 2
12 47 3
12 48 2
12 49 1
12 50 2
12 51 1
12 52 1
12 53 2
12 54 1
12 55 2
12 56 3
12 57 1
12 58 2
12 59 2
12 60 2
12 61 3
12 62 1
12 63 1
12 64 2
12 65 1
12 66 2
12 67 2
12 68 2
12 69 1
12 70 1
12 71 1
12 72 2
12 73 1
12 74 2
12 75 3
12 76 3
12 77 1
12 78 3
12 79 1
12 80 1
12 81 1
12 82 1
12 83 1
12 84 2
12 85 2
12 86 1
12 87 2
12 88 1
12 89 3
12 90 2
12 91 2
12 92 3
12 93 2
12 94 1
12 95 3
12 96 3
12 97 1
12 98 1
12 99 2
13 14 2
13 15 2
13 16 1
13 17 1
13 18 2
13 19 1
13 20 1
13 21 2
13 22 2
13 23 2
13 24 2
13 25 1
13 26 2
13 27 1
13 28 3
13 29 2
13 30 3
13 31 2
13 32 2
13 33 1
13 34 1
13 35 3
13 36 3
13 37 2
13 38 1
13 39 3
13 40 2
13 41 1
13 42 3
13 43 1
13 44 3
13 45 2
13 46 3
13 47 2
13 48 2
13 49 1
13 50 2
13 51 1
13 52 2
13 53 3
13 54 1
13 55 2
13 56 3
13 57 2
13 58 1
13 59 2
13 60 2
13 61 2
13 62 2
13 63 2
13 64 3
13 65 1
13 66 2
13 67 2
13 68 2
13 69 2
13 70 1
13 71 2
13 72 1
13 73 1
13 74 2
13 75 3
13 76 3
13 77 1
13 78 3
13 79 2
13 80 1
13 81 2
13 82 2
13 83 1
13 84 1
13 85 2
13 86 1
13 87 2
13 88 2
13 89 3
13 90 2
13 91 1
13 92 3
13 93 1
13 94 2
13 95 3
13 96 3
13 97 1
13 98 1
13 99 2
14 15 1
14 16 2
14 17 2
14 18 1
14 19 3
14 20 2
14 21 1
14 22 2
14 23 3
14 24 1
14 25 3
14 26 1
14 27 3
14 28 2
14 29 1
14 30 1
14 31 1
14 32 2
14 33 2
14 34 3
14 35 1
14 36 1
14 37 2
14 38 2
14 39 1
14 40 2
14 41 2
14 42 2
14 43 2
14 44 1
14 45 3
14 46 2
14 47 3
14 48 1
14 49 1
14 50 2
14 51 2
14 52 3
14 53 1
14 54 1
14 55 1
14 56 1
14 57 2
14 58 3
14 59 1
14 60 1
14 61 3
14 62 2
14 63 2
14 64 2
14 65 2
14 66 1
14 67 1
14 68 1
14 69 2
14 70 3
14 71 2
14 72 2
14 73 2
14 74 2
14 75 1
14 76 1
14 77 2
14 78 1
14 79 1
14 80 2
14 81 3
14 82 3
14 83 2
14 84 2
14 85 1
14 86 1
14 87 1
14 88 2
14 89 2
14 90 1
14 91 3
14 92 1
14 93 2
14 94 1
14 95 1
14 96 1
14 97 3
14 98 3
14 99 1
15 16 1
15 17 2
15 18 1
15 19 2
15 20 1
15 21 2
15 22 2
15 23 3
15 24 1
15 25 2
15 26 1
15 27 2
15 28 2
15 29 1
15 30 2
15 31 1
15 32 2
15 33 1
15 34 2
15 35 2
15 36 2
15 37 1
15 38 2
15 39 2
15 40 2
15 41 2
15 42 2
15 43 2
15 44 2
15 45 3
15 46 3
15 47 2
15 48 1
15 49 1
15 50 1
15 51 1
15 52 3
15 53 2
15 54 1
15 55 1
15 56 2
15 57 2
15 58 2
15 59 1
15 60 1
15 61 2
15 62 2
15 63 2
15 64 3
15 65 1
15 66 1
15 67 2
15 68 1
15 69 2
15 70 2
15 71 2
15 72 2
15 73 1
15 74 1
15 75 1
15 76 2
15 77 2
15 78 1
15 79 1
15 80 2
15 81 2
15 82 3
15 83 1
15 84 1
15 85 2
15 86 1
15 87 1
15 88 2
15 89 1
15 90 1
15 91 2
15 92 1
15 93 1
15 94 1
15 95 2
15 96 1
15 97 2
15 98 2
15 99 1
16 17 2
16 18 2
16 19 1
16 20 1
16 21 2
16 22 2
16 23 3
16 24 2
16 25 1
16 26 2
16 27 1
16 28 3
16 29 2
16 30 3
16 31 2
16 32 3
16 33 1
16 34 1
16 35 2
16 36 3
16 37 1
16 38 1
16 39 2
16 40 3
16 41 2
16 42 3
16 43 2
16 44 3
16 45 3
16 46 3
16 47 1
16 48 2
16 49 2
16 50 1
16 51 1
16 52 3
16 53 3
16 54 1
16 55 2
16 56 3
16 57 3
16 58 1
16 59 2
16 60 2
16 61 1
16 62 2
16 63 2
16 64 3
16 65 1
16 66 2
16 67 2
16 68 1
16 69 3
16 70 2
16 71 3
16 72 1
16 73 1
16 74 1
16 75 2
16 76 2
16 77 1
16 78 2
16 79 2
16 80 2
16 81 2
16 82 2
16 83 1
16 84 1
16 85 3
16 86 2
16 87 2
16 88 3
16 89 2
16 90 2
16 91 2
16 92 2
16 93 1
16 94 2
16 95 3
16 96 2
16 97 2
16 98 2
16 99 2
17 18 2
17 19 2
17 20 1
17 21 2
17 22 2
17 23 2
17 24 2
17 25 2
17 26 2
17 27 2
17 28 3
17 29 2
17 30 3
17 31 2
17 32 2
17 33 1
17 34 1
17 35 3
17 36 3
17 37 2
17 38 1
17 39 3
17 40 2
17 41 1
17 42 3
17 43 1
17 44 3
17 45 2
17 46 3
17 47 2
17 48 2
17 49 1
17 50 2
17 51 1
17 52 2
17 53 3
17 54 1
17 55 2
17 56 3
17 57 2
17 58 1
17 59 2
17 60 2
17 61 2
17 62 1
17 63 1
17 64 2
17 65 1
17 66 2
17 67 2
17 68 2
17 69 2
17 70 1
17 71 2
17 72 1
17 73 1
17 74 2
17 75 3
17 76 3
17 77 1
17 78 3
17 79 2
17 80 1
17 81 1
17 82 1
17 83 1
17 84 1
17 85 2
17 86 1
17 87 2
17 88 2
17 89 3
17 90 2
17 91 1
17 92 3
17 93 2
17 94 1
17 95 3
17 96 3
17 97 1
17 98 1
17 99 2
18 19 3
18 20 2
18 21 1
18 22 1
18 23 2
18 24 1
18 25 2
18 26 1
18 27 3
18 28 1
18 29 1
18 30 2
18 31 1
18 32 2
18 33 2
18 34 3
18 35 2
18 36 1
18 37 2
18 38 2
18 39 2
18 40 2
18 41 2
18 42 2
18 43 2
18 44 1
18 45 3
18 46 2
18 47 3
18 48 1
18 49 1
18 50 2
18 51 1
18 52 3
18 53 1
18 54 1
18 55 1
18 56 2
18 57 2
18 58 3
18 59 1
18 60 1
18 61 3
18 62 1
18 63 2
18 64 2
18 65 1
18 66 1
18 67 1
18 68 1
18 69 2
18 70 2
18 71 2
18 72 2
18 73 1
18 74 2
18 75 2
18 76 2
18 77 2
18 78 2
18 79 1
18 80 1
18 81 2
18 82 2
18 83 2
18 84 2
18 85 1
18 86 1
18 87 1
18 88 2
18 89 2
18 90 1
18 91 2
18 92 2
18 93 2
18 94 1
18 95 1
18 96 1
18 97 2
18 98 2
18 99 1
19 20 1
19 21 3
19 22 3
19 23 3
19 24 3
19 25 1
19 26 3
19 27 1
19 28 3
19 29 3
19 30 3
19 31 3
19 32 3
19 33 2
19 34 1
19 35 3
19 36 3
19 37 2
19 38 1
19 39 3
19 40 3
19 41 2
19 42 4
19 43 2
19 44 3
19 45 3
19 46 4
19 47 1
19 48 3
19 49 2
19 50 1
19 51 2
19 52 3
19 53 3
19 54 2
19 55 3
19 56 3
19 57 3
19 58 1
19 59 3
19 60 3
19 61 1
19 62 3
19 63 3
19 64 4
19 65 2
19 66 3
19 67 3
19 68 2
19 69 3
19 70 2
19 71 3
19 72 1
19 73 2
19 74 2
19 75 3
19 76 3
19 77 2
19 78 3
19 79 2
19 80 2
19 81 3
19 82 3
19 83 1
19 84 1
19 85 3
19 86 2
19 87 3
19 88 3
19 89 3
19 90 2
19 91 1
19 92 3
19 93 1
19 94 2
19 95 3
19 96 3
19 97 2
19 98 2
19 99 3
20 21 2
20 22 2
20 23 3
20 24 2
20 25 1
20 26 2
20 27 1
20 28 3
20 29 2
20 30 2
20 31 2
20 32 3
20 33 1
20 34 1
20 35 2
20 36 3
20 37 1
20 38 1
20 39 2
20 40 3
20 41 2
20 42 3
20 43 2
20 44 2
20 45 3
20 46 3
20 47 1
20 48 2
20 49 1
20 50 1
20 51 1
20 52 3
20 53 3
20 54 1
20 55 2
20 56 2
20 57 3
20 58 1
20 59 2
20 60 2
20 61 1
20 62 2
20 63 2
20 64 3
20 65 1
20 66 2
20 67 2
20 68 1
20 69 3
20 70 2
20 71 3
20 72 1
20 73 1
20 74 1
20 75 2
20 76 2
20 77 1
20 78 2
20 79 2
20 80 2
20 81 2
20 82 2
20 83 1
20 84 1
20 85 2
20 86 1
20 87 2
20 88 3
20 89 2
20 90 1
20 91 1
20 92 2
20 93 1
20 94 2
20 95 2
20 96 2
20 97 2
20 98 2
20 99 2
21 22 1
21 23 2
21 24 2
21 25 3
21 26 1
21 27 3
21 28 1
21 29 2
21 30 2
21 31 1
21 32 2
21 33 2
21 34 3
21 35 2
21 36 1
21 37 2
21 38 2
21 39 2
21 40 2
21 41 2
21 42 1
21 43 2
21 44 1
21 45 3
21 46 1
21 47 3
21 48 2
21 49 1
21 50 3
21 51 2
21 52 3
21 53 1
21 54 1
21 55 1
21 56 2
21 57 2
21 58 3
21 59 1
21 60 1
21 61 3
21 62 1
21 63 2
21 64 1
21 65 2
21 66 1
21 67 1
21 68 2
21 69 1
21 70 2
21 71 1
21 72 2
21 73 2
21 74 3
21 75 2
21 76 2
21 77 2
21 78 2
21 79 1
21 80 1
21 81 2
21 82 2
21 83 2
21 84 2
21 85 1
21 86 1
21 87 1
21 88 2
21 89 2
21 90 2
21 91 3
21 92 2
21 93 3
21 94 1
21 95 1
21 96 2
21 97 3
21 98 2
21 99 1
22 23 2
22 24 2
22 25 3
22 26 2
22 27 3
22 28 1
22 29 2
22 30 2
22 31 1
22 32 1
22 33 2
22 34 3
22 35 3
22 36 2
22 37 3
22 38 2
22 39 3
22 40 1
22 41 1
22 42 2
22 43 1
22 44 2
22 45 2
22 46 1
22 47 3
22 48 2
22 49 1
22 50 3
22 51 2
22 52 2
22 53 2
22 54 2
22 55 2
22 56 2
22 57 1
22 58 3
22 59 2
22 60 1
22 61 3
22 62 1
22 63 1
22 64 1
22 65 2
22 66 2
22 67 1
22 68 2
22 69 1
22 70 2
22 71 1
22 72 2
22 73 1
22 74 3
22 75 3
22 76 3
22 77 2
22 78 3
22 79 1
22 80 1
22 81 1
22 82 2
22 83 2
22 84 2
22 85 1
22 86 1
22 87 2
22 88 1
22 89 3
22 90 2
22 91 2
22 92 3
22 93 3
22 94 1
22 95 2
22 96 2
22 97 2
22 98 2
22 99 2
23 24 3
23 25 3
23 26 3
23 27 3
23 28 3
23 29 3
23 30 4
23 31 2
23 32 1
23 33 2
23 34 2
23 35 4
23 36 3
23 37 3
23 38 2
23 39 4
23 40 1
23 41 1
23 42 3
23 43 1
23 44 3
23 45 1
23 46 3
23 47 3
23 48 3
23 49 2
23 50 3
23 51 2
23 52 1
23 53 3
23 54 2
23 55 3
23 56 4
23 57 2
23 58 2
23 59 3
23 60 3
23 61 3
23 62 1
23 63 1
23 64 2
23 65 2
23 66 3
23 67 3
23 68 3
23 69 2
23 70 1
23 71 2
23 72 2
23 73 2
23 74 3
23 75 4
23 76 4
23 77 2
23 78 4
23 79 2
23 80 2
23 81 1
23 82 1
23 83 2
23 84 3
23 85 3
23 86 2
23 87 3
23 88 1
23 89 4
23 90 3
23 91 2
23 92 4
23 93 3
23 94 2
23 95 3
23 96 3
23 97 1
23 98 1
23 99 3
24 25 2
24 26 1
24 27 2
24 28 2
24 29 1
24 30 1
24 31 2
24 32 2
24 33 2
24 34 3
24 35 1
24 36 2
24 37 1
24 38 2
24 39 1
24 40 3
24 41 2
24 42 2
24 43 2
24 44 1
24 45 3
24 46 2
24 47 3
24 48 1
24 49 1
24 50 2
24 51 1
24 52 3
24 53 2
24 54 1
24 55 1
24 56 1
24 57 3
24 58 3
24 59 1
24 60 1
24 61 2
24 62 2
24 63 3
24 64 2
24 65 2
24 66 1
24 67 1
24 68 1
24 69 2
24 70 3
24 71 2
24 72 2
24 73 2
24 74 2
24 75 1
24 76 1
24 77 2
24 78 1
24 79 1
24 80 2
24 81 3
24 82 3
24 83 2
24 84 2
24 85 1
24 86 1
24 87 1
24 88 3
24 89 1
24 90 1
24 91 3
24 92 1
24 93 2
24 94 2
24 95 1
24 96 1
24 97 3
24 98 3
24 99 1
25 26 2
25 27 1
25 28 3
25 29 2
25 30 3
25 31 2
25 32 3
25 33 1
25 34 1
25 35 3
25 36 3
25 37 2
25 38 1
25 39 3
25 40 3
25 41 2
25 42 4
25 43 2
25 44 3
25 45 3
25 46 4
25 47 1
25 48 2
25 49 2
25 50 1
25 51 1
25 52 3
25 53 3
25 54 2
25 55 2
25 56 3
25 57 3
25 58 1
25 59 3
25 60 3
25 61 1
25 62 2
25 63 3
25 64 3
25 65 2
25 66 3
25 67 3
25 68 2
25 69 3
25 70 2
25 71 3
25 72 1
25 73 2
25 74 1
25 75 2
25 76 3
25 77 2
25 78 3
25 79 2
25 80 2
25 81 3
25 82 3
25 83 1
25 84 1
25 85 3
25 86 2
25 87 3
25 88 3
25 89 2
25 90 2
25 91 2
25 92 2
25 93 1
25 94 2
25 95 3
25 96 3
25 97 2
25 98 2
25 99 3
26 27 2
26 28 2
26 29 1
26 30 1
26 31 1
26 32 2
26 33 2
26 34 3
26 35 2
26 36 1
26 37 1
26 38 2
26 39 2
26 40 2
26 41 2
26 42 2
26 43 2
26 44 1
26 45 3
26 46 2
26 47 3
26 48 1
26 49 1
26 50 2
26 51 1
26 52 3
26 53 1
26 54 1
26 55 1
26 56 1
26 57 2
26 58 3
26 59 1
26 60 1
26 61 2
26 62 2
26 63 2
26 64 2
26 65 1
26 66 1
26 67 1
26 68 1
26 69 2
26 70 2
26 71 2
26 72 2
26 73 1
26 74 2
26 75 1
26 76 2
26 77 2
26 78 1
26 79 1
26 80 1
26 81 2
26 82 2
26 83 2
26 84 2
26 85 1
26 86 1
26 87 1
26 88 2
26 89 2
26 90 1
26 91 2
26 92 1
26 93 2
26 94 1
26 95 1
26 96 1
26 97 2
26 98 2
26 99 1
27 28 3
27 29 2
27 30 3
27 31 3
27 32 3
27 33 2
27 34 1
27 35 3
27 36 3
27 37 2
27 38 1
27 39 3
27 40 3
27 41 2
27 42 4
27 43 2
27 44 3
27 45 3
27 46 4
27 47 1
27 48 2
27 49 2
27 50 1
27 51 2
27 52 3
27 53 3
27 54 2
27 55 2
27 56 3
27 57 3
27 58 2
27 59 3
27 60 3
27 61 1
27 62 3
27 63 3
27 64 4
27 65 2
27 66 3
27 67 3
27 68 2
27 69 3
27 70 2
27 71 3
27 72 1
27 73 2
27 74 1
27 75 2
27 76 3
27 77 2
27 78 3
27 79 2
27 80 2
27 81 3
27 82 3
27 83 1
27 84 1
27 85 3
27 86 2
27 87 3
27 88 3
27 89 2
27 90 2
27 91 2
27 92 2
27 93 1
27 94 2
27 95 3
27 96 3
27 97 2
27 98 2
27 99 3
28 29 2
28 30 2
28 31 1
28 32 2
28 33 2
28 34 3
28 35 2
28 36 1
28 37 3
28 38 3
28 39 2
28 40 2
28 41 2
28 42 1
28 43 2
28 44 2
28 45 3
28 46 1
28 47 4
28 48 2
28 49 2
28 50 3
28 51 2
28 52 3
28 53 1
28 54 2
28 55 2
28 56 2
28 57 2
28 58 3
28 59 1
28 60 1
28 61 4
28 62 2
28 63 2
28 64 1
28 65 2
28 66 2
28 67 1
28 68 2
28 69 1
28 70 3
28 71 2
28 72 3
28 73 2
28 74 3
28 75 2
28 76 2
28 77 2
28 78 2
28 79 1
28 80 2
28 81 2
28 82 3
28 83 2
28 84 3
28 85 1
28 86 2
28 87 1
28 88 2
28 89 3
28 90 2
28 91 3
28 92 2
28 93 3
28 94 2
28 95 1
28 96 2
28 97 3
28 98 3
28 99 2
29 30 1
29 31 2
29 32 3
29 33 2
29 34 3
29 35 1
29 36 2
29 37 1
29 38 2
29 39 1
29 40 3
29 41 3
29 42 2
29 43 3
29 44 1
29 45 4
29 46 3
29 47 3
29 48 1
29 49 1
29 50 2
29 51 2
29 52 3
29 53 2
29 54 2
29 55 1
29 56 1
29 57 3
29 58 3
29 59 1
29 60 1
29 61 2
29 62 2
29 63 3
29 64 3
29 65 2
29 66 1
29 67 2
29 68 1
29 69 3
29 70 3
29 71 3
29 72 2
29 73 2
29 74 2
29 75 1
29 76 1
29 77 2
29 78 1
29 79 2
29 80 2
29 81 3
29 82 3
29 83 2
29 84 2
29 85 2
29 86 2
29 87 1
29 88 3
29 89 1
29 90 1
29 91 3
29 92 1
29 93 2
29 94 2
29 95 1
29 96 1
29 97 3
29 98 3
29 99 1
30 31 2
30 32 3
30 33 3
30 34 3
30 35 1
30 36 1
30 37 2
30 38 3
30 39 1
30 40 3
30 41 3
30 42 2
30 43 3
30 44 1
30 45 4
30 46 2
30 47 3
30 48 1
30 49 2
30 50 3
30 51 2
30 52 4
30 53 2
30 54 2
30 55 1
30 56 1
30 57 3
30 58 3
30 59 1
30 60 1
30 61 3
30 62 3
30 63 3
30 64 2
30 65 2
30 66 1
30 67 1
30 68 2
30 69 2
30 70 3
30 71 3
30 72 3
30 73 2
30 74 2
30 75 1
30 76 1
30 77 3
30 78 1
30 79 2
30 80 2
30 81 3
30 82 3
30 83 3
30 84 2
30 85 1
30 86 2
30 87 1
30 88 3
30 89 2
30 90 1
30 91 3
30 92 1
30 93 3
30 94 2
30 95 1
30 96 1
30 97 3
30 98 3
30 99 1
31 32 1
31 33 1
31 34 2
31 35 2
31 36 1
31 37 2
31 38 2
31 39 2
31 40 2
31 41 1
31 42 2
31 43 1
31 44 2
31 45 2
31 46 2
31 47 3
31 48 2
31 49 1
31 50 2
31 51 1
31 52 2
31 53 1
31 54 1
31 55 1
31 56 2
31 57 1
31 58 2
31 59 1
31 60 1
31 61 3
31 62 1
31 63 2
31 64 2
31 65 1
31 66 2
31 67 1
31 68 1
31 69 1
31 70 2
31 71 1
31 72 2
31 73 1
31 74 2
31 75 2
31 76 2
31 77 1
31 78 2
31 79 1
31 80 1
31 81 2
31 82 2
31 83 2
31 84 2
31 85 1
31 86 1
31 87 1
31 88 1
31 89 2
31 90 1
31 91 2
31 92 2
31 93 2
31 94 1
31 95 2
31 96 2
31 97 2
31 98 2
31 99 1
32 33 2
32 34 3
32 35 3
32 36 2
32 37 3
32 38 3
32 39 3
32 40 1
32 41 1
32 42 2
32 43 1
32 44 3
32 45 2
32 46 2
32 47 3
32 48 3
32 49 2
32 50 3
32 51 2
32 52 2
32 53 2
32 54 2
32 55 2
32 56 3
32 57 1
32 58 3
32 59 2
32 60 2
32 61 3
32 62 1
32 63 1
32 64 1
32 65 2
32 66 2
32 67 2
32 68 2
32 69 1
32 70 2
32 71 1
32 72 3
32 73 2
32 74 3
32 75 3
32 76 3
32 77 2
32 78 3
32 79 1
32 80 1
32 81 1
32 82 1
32 83 2
32 84 2
32 85 2
32 86 2
32 87 2
32 88 1
32 89 3
32 90 2
32 91 2
32 92 3
32 93 3
32 94 1
32 95 3
32 96 3
32 97 2
32 98 2
32 99 2
33 34 1
33 35 3
33 36 2
33 37 2
33 38 1
33 39 2
33 40 2
33 41 1
33 42 3
33 43 1
33 44 3
33 45 2
33 46 3
33 47 2
33 48 2
33 49 1
33 50 2
33 51 1
33 52 2
33 53 2
33 54 1
33 55 2
33 56 3
33 57 2
33 58 1
33 59 2
33 60 2
33 61 2
33 62 2
33 63 2
33 64 3
33 65 1
33 66 2
33 67 2
33 68 1
33 69 2
33 70 1
33 71 2
33 72 1
33 73 1
33 74 2
33 75 2
33 76 3
33 77 1
33 78 2
33 79 1
33 80 1
33 81 2
33 82 2
33 83 1
33 84 1
33 85 2
33 86 1
33 87 2
33 88 2
33 89 2
33 90 2
33 91 1
33 92 2
33 93 1
33 94 1
33 95 3
33 96 2
33 97 1
33 98 1
33 99 2
34 35 3
34 36 3
34 37 2
34 38 1
34 39 3
34 40 3
34 41 2
34 42 4
34 43 2
34 44 3
34 45 3
34 46 4
34 47 1
34 48 3
34 49 2
34 50 1
34 51 2
34 52 2
34 53 3
34 54 2
34 55 3
34 56 3
34 57 3
34 58 1
34 59 3
34 60 3
34 61 1
34 62 2
34 63 2
34 64 3
34 65 2
34 66 3
34 67 3
34 68 2
34 69 3
34 70 2
34 71 3
34 72 1
34 73 2
34 74 2
34 75 3
34 76 3
34 77 2
34 78 3
34 79 2
34 80 2
34 81 2
34 82 2
34 83 1
34 84 1
34 85 3
34 86 2
34 87 3
34 88 3
34 89 3
34 90 2
34 91 1
34 92 3
34 93 1
34 94 2
34 95 3
34 96 3
34 97 1
34 98 2
34 99 3
35 36 2
35 37 1
35 38 3
35 39 1
35 40 3
35 41 3
35 42 3
35 43 3
35 44 1
35 45 4
35 46 3
35 47 3
35 48 1
35 49 2
35 50 2
35 51 2
35 52 4
35 53 2
35 54 2
35 55 2
35 56 1
35 57 3
35 58 3
35 59 2
35 60 2
35 61 3
35 62 3
35 63 3
35 64 3
35 65 2
35 66 1
35 67 2
35 68 2
35 69 3
35 70 3
35 71 3
35 72 3
35 73 3
35 74 2
35 75 1
35 76 1
35 77 3
35 78 1
35 79 2
35 80 3
35 81 4
35 82 4
35 83 3
35 84 2
35 85 2
35 86 2
35 87 1
35 88 3
35 89 1
35 90 1
35 91 3
35 92 1
35 93 2
35 94 2
35 95 2
35 96 1
35 97 4
35 98 4
35 99 1
36 37 2
36 38 3
36 39 2
36 40 3
36 41 2
36 42 1
36 43 2
36 44 1
36 45 3
36 46 1
36 47 4
36 48 2
36 49 2
36 50 3
36 51 2
36 52 3
36 53 1
36 54 2
36 55 1
36 56 1
36 57 2
36 58 3
36 59 1
36 60 1
36 61 3
36 62 2
36 63 3
36 64 2
36 65 2
36 66 1
36 67 1
36 68 2
36 69 2
36 70 3
36 71 2
36 72 3
36 73 2
36 74 3
36 75 2
36 76 2
36 77 2
36 78 2
36 79 1
36 80 2
36 81 3
36 82 3
36 83 2
36 84 3
36 85 1
36 86 2
36 87 1
36 88 2
36 89 2
36 90 2
36 91 3
36 92 2
36 93 3
36 94 2
36 95 1
36 96 1
36 97 3
36 98 3
36 99 1
37 38 2
37 39 1
37 40 3
37 41 3
37 42 3
37 43 3
37 44 2
37 45 4
37 46 3
37 47 2
37 48 1
37 49 2
37 50 1
37 51 1
37 52 3
37 53 2
37 54 2
37 55 2
37 56 2
37 57 3
37 58 2
37 59 2
37 60 2
37 61 2
37 62 3
37 63 3
37 64 3
37 65 2
37 66 1
37 67 2
37 68 1
37 69 3
37 70 3
37 71 3
37 72 2
37 73 2
37 74 1
37 75 1
37 76 1
37 77 2
37 78 1
37 79 2
37 80 2
37 81 3
37 82 3
37 83 2
37 84 2
37 85 2
37 86 2
37 87 2
37 88 3
37 89 1
37 90 1
37 91 2
37 92 1
37 93 1
37 94 2
37 95 2
37 96 1
37 97 3
37 98 3
37 99 2
38 39 3
38 40 3
38 41 2
38 42 3
38 43 2
38 44 3
38 45 3
38 46 3
38 47 1
38 48 2
38 49 2
38 50 1
38 51 1
38 52 2
38 53 3
38 54 1
38 55 2
38 56 3
38 57 3
38 58 1
38 59 2
38 60 2
38 61 1
38 62 2
38 63 2
38 64 3
38 65 1
38 66 2
38 67 2
38 68 2
38 69 3
38 70 1
38 71 3
38 72 1
38 73 1
38 74 2
38 75 2
38 76 3
38 77 1
38 78 3
38 79 2
38 80 2
38 81 2
38 82 2
38 83 1
38 84 1
38 85 3
38 86 2
38 87 2
38 88 3
38 89 2
38 90 2
38 91 1
38 92 2
38 93 1
38 94 2
38 95 3
38 96 3
38 97 1
38 98 2
38 99 2
39 40 3
39 41 3
39 42 3
39 43 3
39 44 1
39 45 4
39 46 3
39 47 3
39 48 1
39 49 2
39 50 2
39 51 2
39 52 4
39 53 2
39 54 2
39 55 2
39 56 1
39 57 3
39 58 3
39 59 1
39 60 2
39 61 3
39 62 3
39 63 3
39 64 3
39 65 2
39 66 1
39 67 2
39 68 1
39 69 3
39 70 3
39 71 3
39 72 3
39 73 2
39 74 2
39 75 1
39 76 1
39 77 3
39 78 1
39 79 2
39 80 3
39 81 3
39 82 4
39 83 2
39 84 2
39 85 2
39 86 2
39 87 1
39 88 3
39 89 1
39 90 1
39 91 3
39 92 1
39 93 2
39 94 2
39 95 2
39 96 1
39 97 3
39 98 3
39 99 1
40 41 1
40 42 2
40 43 1
40 44 3
40 45 1
40 46 2
40 47 3
40 48 3
40 49 2
40 50 3
40 51 2
40 52 1
40 53 3
40 54 2
40 55 2
40 56 3
40 57 1
40 58 2
40 59 2
40 60 2
40 61 3
40 62 1
40 63 1
40 64 2
40 65 2
40 66 3
40 67 2
40 68 2
40 69 1
40 70 2
40 71 1
40 72 3
40 73 2
40 74 3
40 75 3
40 76 3
40 77 2
40 78 3
40 79 2
40 80 1
40 81 1
40 82 1
40 83 2
40 84 2
40 85 2
40 86 2
40 87 2
40 88 1
40 89 3
40 90 2
40 91 2
40 92 3
40 93 3
40 94 1
40 95 3
40 96 3
40 97 2
40 98 2
40 99 2
41 42 3
41 43 1
41 44 3
41 45 1
41 46 2
41 47 3
41 48 2
41 49 2
41 50 2
41 51 2
41 52 1
41 53 2
41 54 2
41 55 2
41 56 3
41 57 1
41 58 2
41 59 2
41 60 2
41 61 3
41 62 1
41 63 1
41 64 2
41 65 1
41 66 2
41 67 2
41 68 2
41 69 2
41 70 1
41 71 1
41 72 2
41 73 1
41 74 3
41 75 3
41 76 3
41 77 1
41 78 3
41 79 1
41 80 1
41 81 1
41 82 1
41 83 1
41 84 2
41 85 2
41 86 1
41 87 2
41 88 1
41 89 3
41 90 2
41 91 2
41 92 3
41 93 2
41 94 1
41 95 3
41 96 3
41 97 1
41 98 1
41 99 2
42 43 3
42 44 2
42 45 3
42 46 1
42 47 4
42 48 2
42 49 2
42 50 3
42 51 3
42 52 3
42 53 1
42 54 2
42 55 2
42 56 2
42 57 2
42 58 4
42 59 2
42 60 1
42 61 4
42 62 2
42 63 3
42 64 1
42 65 3
42 66 2
42 67 1
42 68 2
42 69 1
42 70 3
42 71 2
42 72 3
42 73 3
42 74 3
42 75 2
42 76 3
42 77 3
42 78 2
42 79 2
42 80 2
42 81 2
42 82 3
42 83 3
42 84 3
42 85 1
42 86 2
42 87 2
42 88 2
42 89 3
42 90 2
42 91 4
42 92 3
42 93 3
42 94 2
42 95 1
42 96 2
42 97 3
42 98 3
42 99 2
43 44 3
43 45 1
43 46 2
43 47 3
43 48 2
43 49 2
43 50 2
43 51 2
43 52 1
43 53 2
43 54 2
43 55 2
43 56 3
43 57 1
43 58 2
43 59 2
43 60 2
43 61 3
43 62 1
43 63 1
43 64 2
43 65 1
43 66 2
43 67 2
43 68 2
43 69 2
43 70 1
43 71 1
43 72 2
43 73 1
43 74 3
43 75 3
43 76 3
43 77 1
43 78 3
43 79 1
43 80 1
43 81 1
43 82 1
43 83 1
43 84 2
43 85 2
43 86 1
43 87 2
43 88 1
43 89 3
43 90 2
43 91 1
43 92 3
43 93 2
43 94 1
43 95 3
43 96 3
43 97 1
43 98 1
43 99 2
44 45 4
44 46 2
44 47 3
44 48 1
44 49 2
44 50 3
44 51 2
44 52 4
44 53 1
44 54 2
44 55 1
44 56 1
44 57 3
44 58 3
44 59 1
44 60 1
44 61 3
44 62 2
44 63 3
44 64 2
44 65 2
44 66 1
44 67 1
44 68 2
44 69 2
44 70 3
44 71 2
44 72 3
44 73 2
44 74 2
44 75 1
44 76 1
44 77 3
44 78 1
44 79 2
44 80 2
44 81 3
44 82 3
44 83 3
44 84 2
44 85 1
44 86 2
44 87 1
44 88 3
44 89 2
44 90 1
44 91 3
44 92 2
44 93 3
44 94 2
44 95 1
44 96 1
44 97 3
44 98 3
44 99 1
45 46 3
45 47 4
45 48 3
45 49 3
45 50 3
45 51 3
45 52 1
45 53 3
45 54 3
45 55 3
45 56 4
45 57 2
45 58 2
45 59 3
45 60 3
45 61 4
45 62 2
45 63 1
45 64 2
45 65 2
45 66 3
45 67 3
45 68 3
45 69 2
45 70 2
45 71 2
45 72 3
45 73 2
45 74 4
45 75 4
45 76 4
45 77 2
45 78 4
45 79 2
45 80 2
45 81 1
45 82 1
45 83 2
45 84 3
45 85 3
45 86 2
45 87 3
45 88 1
45 89 4
45 90 3
45 91 2
45 92 4
45 93 3
45 94 2
45 95 4
45 96 4
45 97 2
45 98 2
45 99 3
46 47 4
46 48 2
46 49 2
46 50 4
46 51 3
46 52 3
46 53 1
46 54 2
46 55 2
46 56 2
46 57 1
46 58 4
46 59 2
46 60 2
46 61 4
46 62 2
46 63 2
46 64 1
46 65 3
46 66 2
46 67 1
46 68 3
46 69 1
46 70 3
46 71 1
46 72 3
46 73 2
46 74 3
46 75 3
46 76 3
46 77 3
46 78 3
46 79 2
46 80 2
46 81 2
46 82 3
46 83 3
46 84 3
46 85 1
46 86 2
46 87 2
46 88 2
46 89 3
46 90 2
46 91 3
46 92 3
46 93 4
46 94 2
46 95 2
46 96 2
46 97 3
46 98 3
46 99 2
47 48 3
47 49 2
47 50 1
47 51 2
47 52 3
47 53 4
47 54 2
47 55 3
47 56 3
47 57 3
47 58 2
47 59 3
47 60 3
47 61 1
47 62 3
47 63 3
47 64 4
47 65 2
47 66 3
47 67 3
47 68 2
47 69 3
47 70 2
47 71 3
47 72 1
47 73 2
47 74 1
47 75 3
47 76 3
47 77 2
47 78 3
47 79 3
47 80 2
47 81 3
47 82 3
47 83 2
47 84 1
47 85 3
47 86 2
47 87 3
47 88 3
47 89 2
47 90 2
47 91 2
47 92 2
47 93 1
47 94 3
47 95 3
47 96 3
47 97 2
47 98 2
47 99 3
48 49 1
48 50 2
48 51 2
48 52 3
48 53 2
48 54 1
48 55 1
48 56 1
48 57 3
48 58 3
48 59 1
48 60 1
48 61 2
48 62 2
48 63 3
48 64 2
48 65 2
48 66 1
48 67 1
48 68 1
48 69 2
48 70 3
48 71 3
48 72 2
48 73 2
48 74 2
48 75 1
48 76 1
48 77 2
48 78 1
48 79 2
48 80 2
48 81 3
48 82 3
48 83 2
48 84 2
48 85 1
48 86 1
48 87 1
48 88 3
48 89 1
48 90 1
48 91 3
48 92 1
48 93 2
48 94 2
48 95 1
48 96 1
48 97 3
48 98 3
48 99 1
49 50 2
49 51 1
49 52 2
49 53 2
49 54 1
49 55 1
49 56 2
49 57 2
49 58 2
49 59 1
49 60 1
49 61 2
49 62 1
49 63 2
49 64 2
49 65 1
49 66 1
49 67 1
49 68 1
49 69 2
49 70 2
49 71 2
49 72 2
49 73 1
49 74 2
49 75 2
49 76 2
49 77 1
49 78 2
49 79 1
49 80 1
49 81 2
49 82 2
49 83 1
49 84 1
49 85 1
49 86 1
49 87 1
49 88 2
49 89 2
49 90 1
49 91 2
49 92 2
49 93 2
49 94 1
49 95 2
49 96 2
49 97 2
49 98 2
49 99 1
50 51 1
50 52 3
50 53 3
50 54 2
50 55 2
50 56 3
50 57 3
50 58 2
50 59 2
50 60 2
50 61 1
50 62 3
50 63 3
50 64 4
50 65 2
50 66 2
50 67 3
50 68 2
50 69 3
50 70 2
50 71 3
50 72 1
50 73 2
50 74 1
50 75 2
50 76 2
50 77 2
50 78 2
50 79 2
50 80 2
50 81 3
50 82 3
50 83 1
50 84 1
50 85 3
50 86 2
50 87 2
50 88 3
50 89 2
50 90 2
50 91 2
50 92 2
50 93 1
50 94 2
50 95 3
50 96 2
50 97 2
50 98 2
50 99 2
51 52 2
51 53 2
51 54 1
51 55 1
51 56 2
51 57 2
51 58 2
51 59 2
51 60 2
51 61 2
51 62 2
51 63 2
51 64 3
51 65 1
51 66 2
51 67 2
51 68 1
51 69 2
51 70 2
51 71 2
51 72 1
51 73 1
51 74 1
51 75 2
51 76 2
51 77 1
51 78 2
51 79 1
51 80 1
51 81 2
51 82 2
51 83 1
51 84 1
51 85 2
51 86 1
51 87 2
51 88 2
51 89 2
51 90 1
51 91 2
51 92 2
51 93 1
51 94 1
51 95 2
51 96 2
51 97 2
51 98 2
51 99 2
52 53 3
52 54 2
52 55 3
52 56 4
52 57 2
52 58 2
52 59 3
52 60 3
52 61 3
52 62 2
52 63 1
52 64 2
52 65 2
52 66 3
52 67 3
52 68 3
52 69 2
52 70 1
52 71 2
52 72 2
52 73 2
52 74 3
52 75 4
52 76 4
52 77 2
52 78 4
52 79 2
52 80 2
52 81 1
52 82 1
52 83 2
52 84 3
52 85 3
52 86 2
52 87 3
52 88 1
52 89 4
52 90 3
52 91 2
52 92 4
52 93 3
52 94 2
52 95 4
52 96 4
52 97 1
52 98 1
52 99 3
53 54 2
53 55 1
53 56 2
53 57 2
53 58 3
53 59 1
53 60 1
53 61 3
53 62 2
53 63 3
53 64 1
53 65 2
53 66 2
53 67 1
53 68 2
53 69 2
53 70 3
53 71 2
53 72 3
53 73 2
53 74 3
53 75 2
53 76 2
53 77 2
53 78 2
53 79 1
53 80 2
53 81 3
53 82 3
53 83 2
53 84 3
53 85 1
53 86 2
53 87 1
53 88 2
53 89 3
53 90 2
53 91 3
53 92 2
53 93 3
53 94 2
53 95 1
53 96 2
53 97 3
53 98 3
53 99 1
54 55 1
54 56 2
54 57 2
54 58 2
54 59 1
54 60 1
54 61 2
54 62 2
54 63 2
54 64 2
54 65 1
54 66 1
54 67 1
54 68 1
54 69 2
54 70 2
54 71 2
54 72 1
54 73 1
54 74 2
54 75 2
54 76 2
54 77 1
54 78 2
54 79 1
54 80 1
54 81 2
54 82 2
54 83 1
54 84 1
54 85 2
54 86 1
54 87 1
54 88 2
54 89 2
54 90 1
54 91 2
54 92 2
54 93 2
54 94 1
54 95 2
54 96 2
54 97 2
54 98 2
54 99 1
55 56 1
55 57 2
55 58 3
55 59 1
55 60 1
55 61 2
55 62 2
55 63 2
55 64 2
55 65 1
55 66 1
55 67 1
55 68 1
55 69 2
55 70 2
55 71 2
55 72 2
55 73 1
55 74 2
55 75 1
55 76 2
55 77 2
55 78 1
55 79 1
55 80 1
55 81 2
55 82 2
55 83 2
55 84 2
55 85 1
55 86 1
55 87 1
55 88 2
55 89 2
55 90 1
55 91 2
55 92 2
55 93 2
55 94 1
55 95 1
55 96 1
55 97 2
55 98 2
55 99 1
56 57 3
56 58 3
56 59 1
56 60 1
56 61 3
56 62 3
56 63 3
56 64 2
56 65 2
56 66 1
56 67 1
56 68 2
56 69 2
56 70 3
56 71 3
56 72 3
56 73 2
56 74 2
56 75 1
56 76 1
56 77 3
56 78 1
56 79 2
56 80 2
56 81 3
56 82 3
56 83 3
56 84 2
56 85 1
56 86 2
56 87 1
56 88 3
56 89 2
56 90 1
56 91 3
56 92 1
56 93 3
56 94 2
56 95 1
56 96 1
56 97 3
56 98 3
56 99 1
57 58 3
57 59 2
57 60 2
57 61 3
57 62 1
57 63 1
57 64 1
57 65 2
57 66 3
57 67 2
57 68 2
57 69 1
57 70 2
57 71 1
57 72 3
57 73 2
57 74 3
57 75 3
57 76 3
57 77 2
57 78 3
57 79 2
57 80 1
57 81 1
57 82 2
57 83 2
57 84 2
57 85 2
57 86 2
57 87 2
57 88 1
57 89 3
57 90 2
57 91 2
57 92 3
57 93 3
57 94 1
57 95 3
57 96 3
57 97 2
57 98 2
57 99 2
58 59 3
58 60 3
58 61 2
58 62 2
58 63 2
58 64 3
58 65 2
58 66 3
58 67 3
58 68 2
58 69 3
58 70 1
58 71 3
58 72 1
58 73 2
58 74 2
58 75 3
58 76 3
58 77 1
58 78 3
58 79 2
58 80 2
58 81 2
58 82 2
58 83 1
58 84 1
58 85 3
58 86 2
58 87 3
58 88 2
58 89 3
58 90 2
58 91 1
58 92 3
58 93 2
58 94 2
58 95 3
58 96 3
58 97 1
58 98 1
58 99 3
59 60 1
59 61 3
59 62 2
59 63 2
59 64 2
59 65 2
59 66 1
59 67 1
59 68 1
59 69 2
59 70 3
59 71 2
59 72 2
59 73 2
59 74 2
59 75 1
59 76 2
59 77 2
59 78 1
59 79 1
59 80 2
59 81 3
59 82 3
59 83 2
59 84 2
59 85 1
59 86 1
59 87 1
59 88 2
59 89 2
59 90 1
59 91 3
59 92 1
59 93 2
59 94 1
59 95 1
59 96 1
59 97 3
59 98 3
59 99 1
60 61 3
60 62 2
60 63 2
60 64 2
60 65 2
60 66 1
60 67 1
60 68 1
60 69 2
60 70 2
60 71 2
60 72 2
60 73 2
60 74 2
60 75 2
60 76 2
60 77 2
60 78 2
60 79 1
60 80 1
60 81 2
60 82 2
60 83 2
60 84 2
60 85 1
60 86 1
60 87 1
60 88 2
60 89 2
60 90 1
60 91 3
60 92 2
60 93 2
60 94 1
60 95 1
60 96 1
60 97 3
60 98 2
60 99 1
61 62 3
61 63 3
61 64 4
61 65 2
61 66 3
61 67 3
61 68 2
61 69 3
61 70 2
61 71 3
61 72 1
61 73 2
61 74 1
61 75 2
61 76 3
61 77 2
61 78 3
61 79 3
61 80 2
61 81 3
61 82 3
61 83 2
61 84 1
61 85 3
61 86 2
61 87 3
61 88 3
61 89 2
61 90 2
61 91 2
61 92 2
61 93 1
61 94 3
61 95 3
61 96 3
61 97 2
61 98 2
61 99 3
62 63 1
62 64 1
62 65 1
62 66 2
62 67 2
62 68 2
62 69 1
62 70 1
62 71 1
62 72 2
62 73 1
62 74 3
62 75 3
62 76 3
62 77 1
62 78 3
62 79 1
62 80 1
62 81 1
62 82 1
62 83 2
62 84 2
62 85 2
62 86 1
62 87 2
62 88 1
62 89 3
62 90 2
62 91 2
62 92 3
62 93 2
62 94 1
62 95 2
62 96 2
62 97 2
62 98 2
62 99 2
63 64 2
63 65 2
63 66 3
63 67 2
63 68 2
63 69 2
63 70 1
63 71 1
63 72 2
63 73 1
63 74 3
63 75 3
63 76 3
63 77 1
63 78 3
63 79 2
63 80 1
63 81 1
63 82 1
63 83 2
63 84 2
63 85 2
63 86 2
63 87 2
63 88 1
63 89 3
63 90 2
63 91 2
63 92 3
63 93 3
63 94 1
63 95 3
63 96 3
63 97 2
63 98 1
63 99 2
64 65 2
64 66 2
64 67 1
64 68 3
64 69 1
64 70 2
64 71 1
64 72 3
64 73 2
64 74 3
64 75 3
64 76 3
64 77 2
64 78 3
64 79 2
64 80 2
64 81 2
64 82 2
64 83 3
64 84 3
64 85 1
64 86 2
64 87 2
64 88 1
64 89 3
64 90 2
64 91 3
64 92 3
64 93 3
64 94 2
64 95 2
64 96 2
64 97 3
64 98 3
64 99 2
65 66 2
65 67 2
65 68 1
65 69 2
65 70 1
65 71 2
65 72 1
65 73 1
65 74 2
65 75 2
65 76 2
65 77 1
65 78 2
65 79 1
65 80 1
65 81 2
65 82 2
65 83 1
65 84 1
65 85 2
65 86 1
65 87 2
65 88 2
65 89 2
65 90 1
65 91 2
65 92 2
65 93 2
65 94 1
65 95 2
65 96 2
65 97 2
65 98 2
65 99 2
66 67 1
66 68 1
66 69 2
66 70 3
66 71 2
66 72 2
66 73 2
66 74 2
66 75 1
66 76 1
66 77 2
66 78 1
66 79 1
66 80 2
66 81 3
66 82 3
66 83 2
66 84 2
66 85 1
66 86 1
66 87 1
66 88 3
66 89 1
66 90 1
66 91 3
66 92 1
66 93 2
66 94 2
66 95 1
66 96 1
66 97 3
66 98 3
66 99 1
67 68 2
67 69 1
67 70 2
67 71 2
67 72 2
67 73 2
67 74 2
67 75 2
67 76 2
67 77 2
67 78 2
67 79 1
67 80 1
67 81 2
67 82 2
67 83 2
67 84 2
67 85 1
67 86 1
67 87 1
67 88 2
67 89 2
67 90 1
67 91 3
67 92 2
67 93 3
67 94 1
67 95 1
67 96 1
67 97 3
67 98 2
67 99 1
68 69 2
68 70 2
68 71 2
68 72 2
68 73 1
68 74 1
68 75 1
68 76 2
68 77 2
68 78 1
68 79 1
68 80 2
68 81 2
68 82 3
68 83 1
68 84 1
68 85 2
68 86 1
68 87 1
68 88 2
68 89 1
68 90 1
68 91 2
68 92 1
68 93 1
68 94 1
68 95 2
68 96 1
68 97 2
68 98 2
68 99 1
69 70 2
69 71 1
69 72 3
69 73 2
69 74 3
69 75 3
69 76 3
69 77 2
69 78 3
69 79 1
69 80 1
69 81 1
69 82 2
69 83 2
69 84 2
69 85 1
69 86 2
69 87 2
69 88 1
69 89 3
69 90 2
69 91 3
69 92 3
69 93 3
69 94 1
69 95 2
69 96 2
69 97 2
69 98 2
69 99 2
70 71 2
70 72 1
70 73 1
70 74 3
70 75 3
70 76 3
70 77 1
70 78 3
70 79 2
70 80 1
70 81 1
70 82 1
70 83 1
70 84 2
70 85 3
70 86 2
70 87 3
70 88 2
70 89 3
70 90 2
70 91 1
70 92 3
70 93 2
70 94 2
70 95 3
70 96 3
70 97 1
70 98 1
70 99 3
71 72 3
71 73 2
71 74 3
71 75 3
71 76 3
71 77 2
71 78 3
71 79 1
71 80 1
71 81 1
71 82 2
71 83 2
71 84 2
71 85 2
71 86 2
71 87 2
71 88 1
71 89 3
71 90 2
71 91 2
71 92 3
71 93 3
71 94 1
71 95 2
71 96 3
71 97 2
71 98 2
71 99 2
72 73 1
72 74 2
72 75 2
72 76 3
72 77 1
72 78 3
72 79 2
72 80 2
72 81 2
72 82 2
72 83 1
72 84 1
72 85 3
72 86 2
72 87 2
72 88 3
72 89 2
72 90 2
72 91 1
72 92 2
72 93 1
72 94 2
72 95 3
72 96 3
72 97 1
72 98 1
72 99 2
73 74 2
73 75 2
73 76 3
73 77 1
73 78 2
73 79 1
73 80 1
73 81 1
73 82 2
73 83 1
73 84 1
73 85 2
73 86 1
73 87 2
73 88 2
73 89 2
73 90 2
73 91 1
73 92 2
73 93 2
73 94 1
73 95 2
73 96 2
73 97 1
73 98 1
73 99 2
74 75 2
74 76 2
74 77 2
74 78 2
74 79 2
74 80 2
74 81 3
74 82 3
74 83 2
74 84 1
74 85 3
74 86 2
74 87 2
74 88 3
74 89 1
74 90 1
74 91 2
74 92 1
74 93 1
74 94 2
74 95 2
74 96 2
74 97 3
74 98 3
74 99 2
75 76 1
75 77 3
75 78 1
75 79 2
75 80 2
75 81 3
75 82 3
75 83 2
75 84 2
75 85 2
75 86 2
75 87 1
75 88 3
75 89 1
75 90 1
75 91 3
75 92 1
75 93 2
75 94 2
75 95 1
75 96 1
75 97 3
75 98 3
75 99 1
76 77 3
76 78 1
76 79 2
76 80 3
76 81 4
76 82 4
76 83 3
76 84 2
76 85 2
76 86 2
76 87 1
76 88 3
76 89 1
76 90 1
76 91 3
76 92 1
76 93 2
76 94 2
76 95 2
76 96 1
76 97 4
76 98 4
76 99 1
77 78 3
77 79 1
77 80 1
77 81 1
77 82 1
77 83 1
77 84 1
77 85 2
77 86 1
77 87 2
77 88 2
77 89 3
77 90 2
77 91 1
77 92 3
77 93 2
77 94 1
77 95 3
77 96 3
77 97 1
77 98 1
77 99 2
78 79 2
78 80 2
78 81 3
78 82 3
78 83 2
78 84 2
78 85 2
78 86 2
78 87 1
78 88 3
78 89 1
78 90 1
78 91 3
78 92 1
78 93 2
78 94 2
78 95 1
78 96 1
78 97 3
78 98 3
78 99 1
79 80 1
79 81 2
79 82 2
79 83 1
79 84 2
79 85 1
79 86 1
79 87 1
79 88 2
79 89 2
79 90 1
79 91 2
79 92 2
79 93 2
79 94 1
79 95 2
79 96 2
79 97 2
79 98 2
79 99 1
80 81 1
80 82 1
80 83 1
80 84 1
80 85 2
80 86 1
80 87 2
80 88 1
80 89 3
80 90 2
80 91 2
80 92 2
80 93 2
80 94 1
80 95 2
80 96 2
80 97 2
80 98 1
80 99 2
81 82 1
81 83 2
81 84 2
81 85 2
81 86 2
81 87 3
81 88 1
81 89 3
81 90 3
81 91 2
81 92 3
81 93 3
81 94 2
81 95 3
81 96 3
81 97 2
81 98 1
81 99 3
82 83 2
82 84 2
82 85 3
82 86 2
82 87 3
82 88 1
82 89 4
82 90 3
82 91 2
82 92 3
82 93 3
82 94 2
82 95 3
82 96 3
82 97 1
82 98 1
82 99 3
83 84 1
83 85 2
83 86 1
83 87 2
83 88 2
83 89 2
83 90 2
83 91 1
83 92 2
83 93 1
83 94 1
83 95 3
83 96 2
83 97 1
83 98 1
83 99 2
84 85 2
84 86 1
84 87 2
84 88 2
84 89 2
84 90 1
84 91 1
84 92 2
84 93 1
84 94 2
84 95 2
84 96 2
84 97 2
84 98 2
84 99 2
85 86 1
85 87 1
85 88 2
85 89 2
85 90 2
85 91 3
85 92 2
85 93 3
85 94 1
85 95 1
85 96 1
85 97 3
85 98 3
85 99 1
86 87 1
86 88 2
86 89 2
86 90 1
86 91 2
86 92 2
86 93 2
86 94 1
86 95 2
86 96 2
86 97 2
86 98 2
86 99 1
87 88 2
87 89 2
87 90 1
87 91 3
87 92 1
87 93 2
87 94 1
87 95 1
87 96 1
87 97 3
87 98 3
87 99 1
88 89 3
88 90 2
88 91 2
88 92 3
88 93 3
88 94 1
88 95 3
88 96 3
88 97 2
88 98 2
88 99 2
89 90 1
89 91 3
89 92 1
89 93 2
89 94 2
89 95 2
89 96 1
89 97 3
89 98 3
89 99 2
90 91 2
90 92 1
90 93 2
90 94 1
90 95 1
90 96 1
90 97 3
90 98 3
90 99 1
91 92 3
91 93 2
91 94 2
91 95 3
91 96 3
91 97 1
91 98 1
91 99 3
92 93 2
92 94 2
92 95 2
92 96 1
92 97 3
92 98 3
92 99 1
93 94 2
93 95 3
93 96 2
93 97 2
93 98 2
93 99 2
94 95 2
94 96 2
94 97 2
94 98 2
94 99 1
95 96 1
95 97 3
95 98 3
95 99 1
96 97 3
96 98 3
96 99 1
97 98 1
97 99 3
98 99 3
