100 
0 1 2
0 2 2
0 3 2
0 4 1
0 5 2
0 6 2
0 7 2
0 8 1
0 9 1
0 10 2
0 11 2
0 12 2
0 13 2
0 14 3
0 15 3
0 16 1
0 17 1
0 18 2
0 19 1
0 20 2
0 21 2
0 22 2
0 23 2
0 24 2
0 25 2
0 26 2
0 27 1
0 28 2
0 29 2
0 30 2
0 31 1
0 32 3
0 33 2
0 34 1
0 35 1
0 36 2
0 37 2
0 38 3
0 39 2
0 40 2
0 41 3
0 42 2
0 43 2
0 44 2
0 45 2
0 46 1
0 47 1
0 48 2
0 49 1
0 50 1
0 51 1
0 52 2
0 53 1
0 54 2
0 55 1
0 56 1
0 57 2
0 58 2
0 59 1
0 60 2
0 61 2
0 62 2
0 63 2
0 64 2
0 65 1
0 66 1
0 67 2
0 68 2
0 69 2
0 70 2
0 71 1
0 72 2
0 73 1
0 74 1
0 75 2
0 76 1
0 77 2
0 78 3
0 79 2
0 80 2
0 81 2
0 82 2
0 83 2
0 84 1
0 85 3
0 86 1
0 87 2
0 88 3
0 89 1
0 90 2
0 91 2
0 92 1
0 93 1
0 94 2
0 95 2
0 96 2
0 97 1
0 98 2
0 99 1
1 2 3
1 3 2
1 4 3
1 5 2
1 6 2
1 7 2
1 8 2
1 9 3
1 10 3
1 11 3
1 12 3
1 13 4
1 14 1
1 15 3
1 16 1
1 17 3
1 18 2
1 19 3
1 20 3
1 21 4
1 22 2
1 23 4
1 24 1
1 25 3
1 26 3
1 27 3
1 28 4
1 29 3
1 30 3
1 31 3
1 32 1
1 33 2
1 34 2
1 35 3
1 36 1
1 37 3
1 38 1
1 39 2
1 40 2
1 41 3
1 42 2
1 43 2
1 44 2
1 45 1
1 46 2
1 47 2
1 48 2
1 49 3
1 50 2
1 51 3
1 52 2
1 53 3
1 54 4
1 55 2
1 56 3
1 57 2
1 58 3
1 59 3
1 60 1
1 61 3
1 62 3
1 63 1
1 64 1
1 65 3
1 66 2
1 67 1
1 68 1
1 69 3
1 70 3
1 71 3
1 72 2
1 73 2
1 74 3
1 75 3
1 76 2
1 77 3
1 78 1
1 79 2
1 80 4
1 81 1
1 82 2
1 83 2
1 84 3
1 85 1
1 86 3
1 87 1
1 88 3
1 89 2
1 90 4
1 91 4
1 92 3
1 93 2
1 94 3
1 95 2
1 96 3
1 97 2
1 98 2
1 99 3
2 3 2
2 4 2
2 5 2
2 6 4
2 7 1
2 8 3
2 9 3
2 10 1
2 11 1
2 12 4
2 13 2
2 14 3
2 15 1
2 16 3
2 17 2
2 18 1
2 19 3
2 20 1
2 21 2
2 22 2
2 23 2
2 24 3
2 25 4
2 26 1
2 27 2
2 28 1
2 29 4
2 30 1
2 31 3
2 32 4
2 33 4
2 34 1
2 35 2
2 36 4
2 37 1
2 38 3
2 39 2
2 40 2
2 41 1
2 42 2
2 43 3
2 44 1
2 45 3
2 46 3
2 47 2
2 48 4
2 49 3
2 50 2
2 51 3
2 52 1
2 53 2
2 54 3
2 55 3
2 56 3
2 57 2
2 58 1
2 59 2
2 60 3
2 61 4
2 62 1
2 63 3
2 64 2
2 65 2
2 66 2
2 67 3
2 68 2
2 69 3
2 70 4
2 71 3
2 72 1
2 73 3
2 74 2
2 75 1
2 76 2
2 77 2
2 78 3
2 79 4
2 80 2
2 81 3
2 82 1
2 83 2
2 84 2
2 85 4
2 86 2
2 87 2
2 88 1
2 89 2
2 90 3
2 91 3
2 92 3
2 93 2
2 94 1
2 95 4
2 96 4
2 97 2
2 98 4
2 99 3
3 4 2
3 5 1
3 6 2
3 7 1
3 8 2
3 9 3
3 10 2
3 11 2
3 12 3
3 13 3
3 14 1
3 15 2
3 16 1
3 17 2
3 18 1
3 19 2
3 20 2
3 21 3
3 22 1
3 23 3
3 24 2
3 25 3
3 26 2
3 27 2
3 28 3
3 29 3
3 30 2
3 31 3
3 32 2
3 33 3
3 34 1
3 35 2
3 36 2
3 37 2
3 38 1
3 39 1
3 40 1
3 41 2
3 42 1
3 43 2
3 44 1
3 45 2
3 46 2
3 47 2
3 48 3
3 49 2
3 50 1
3 51 3
3 52 1
3 53 3
3 54 3
3 55 2
3 56 3
3 57 1
3 58 2
3 59 2
3 60 1
3 61 3
3 62 2
3 63 2
3 64 1
3 65 2
3 66 1
3 67 1
3 68 1
3 69 3
3 70 3
3 71 3
3 72 1
3 73 2
3 74 2
3 75 2
3 76 2
3 77 2
3 78 1
3 79 3
3 80 3
3 81 2
3 82 1
3 83 1
3 84 3
3 85 2
3 86 3
3 87 1
3 88 2
3 89 1
3 90 3
3 91 3
3 92 3
3 93 2
3 94 2
3 95 3
3 96 3
3 97 1
3 98 3
3 99 2
4 5 2
4 6 3
4 7 2
4 8 2
4 9 1
4 10 2
4 11 1
4 12 2
4 13 1
4 14 3
4 15 3
4 16 2
4 17 1
4 18 2
4 19 2
4 20 2
4 21 1
4 22 2
4 23 1
4 24 3
4 25 2
4 26 1
4 27 1
4 28 1
4 29 3
4 30 2
4 31 1
4 32 4
4 33 3
4 34 1
4 35 1
4 36 3
4 37 2
4 38 3
4 39 2
4 40 2
4 41 3
4 42 2
4 43 3
4 44 2
4 45 3
4 46 2
4 47 1
4 48 3
4 49 1
4 50 2
4 51 1
4 52 1
4 53 1
4 54 1
4 55 2
4 56 1
4 57 2
4 58 1
4 59 1
4 60 3
4 61 2
4 62 2
4 63 3
4 64 3
4 65 1
4 66 2
4 67 3
4 68 2
4 69 2
4 70 2
4 71 1
4 72 2
4 73 2
4 74 1
4 75 2
4 76 1
4 77 1
4 78 3
4 79 3
4 80 1
4 81 3
4 82 2
4 83 2
4 84 1
4 85 4
4 86 1
4 87 2
4 88 3
4 89 2
4 90 1
4 91 2
4 92 1
4 93 1
4 94 2
4 95 3
4 96 2
4 97 2
4 98 3
4 99 1
5 6 3
5 7 1
5 8 2
5 9 3
5 10 1
5 11 2
5 12 4
5 13 3
5 14 2
5 15 1
5 16 2
5 17 2
5 18 1
5 19 3
5 20 1
5 21 3
5 22 1
5 23 3
5 24 2
5 25 4
5 26 2
5 27 2
5 28 3
5 29 4
5 30 2
5 31 3
5 32 2
5 33 3
5 34 1
5 35 2
5 36 3
5 37 1
5 38 2
5 39 1
5 40 1
5 41 1
5 42 1
5 43 3
5 44 1
5 45 3
5 46 2
5 47 2
5 48 3
5 49 3
5 50 1
5 51 3
5 52 1
5 53 3
5 54 3
5 55 3
5 56 3
5 57 1
5 58 2
5 59 2
5 60 2
5 61 4
5 62 1
5 63 3
5 64 1
5 65 2
5 66 2
5 67 2
5 68 2
5 69 4
5 70 4
5 71 3
5 72 1
5 73 2
5 74 2
5 75 1
5 76 2
5 77 2
5 78 1
5 79 3
5 80 3
5 81 3
5 82 1
5 83 1
5 84 3
5 85 2
5 86 3
5 87 1
5 88 1
5 89 2
5 90 3
5 91 3
5 92 3
5 93 2
5 94 2
5 95 3
5 96 4
5 97 2
5 98 3
5 99 3
6 7 3
6 8 1
6 9 3
6 10 4
6 11 3
6 12 2
6 13 3
6 14 2
6 15 4
6 16 2
6 17 3
6 18 3
6 19 2
6 20 4
6 21 3
6 22 3
6 23 3
6 24 2
6 25 2
6 26 3
6 27 3
6 28 4
6 29 2
6 30 4
6 31 3
6 32 2
6 33 1
6 34 3
6 35 3
6 36 1
6 37 4
6 38 2
6 39 2
6 40 2
6 41 4
6 42 2
6 43 1
6 44 3
6 45 1
6 46 2
6 47 2
6 48 1
6 49 2
6 50 2
6 51 3
6 52 3
6 53 3
6 54 3
6 55 1
6 56 3
6 57 3
6 58 4
6 59 3
6 60 1
6 61 2
6 62 4
6 63 1
6 64 2
6 65 3
6 66 2
6 67 1
6 68 2
6 69 2
6 70 2
6 71 3
6 72 3
6 73 1
6 74 3
6 75 4
6 76 2
6 77 3
6 78 2
6 79 1
6 80 4
6 81 1
6 82 3
6 83 3
6 84 3
6 85 2
6 86 3
6 87 2
6 88 4
6 89 2
6 90 3
6 91 3
6 92 3
6 93 2
6 94 4
6 95 1
6 96 2
6 97 2
6 98 1
6 99 3
7 8 2
7 9 3
7 10 1
7 11 1
7 12 4
7 13 2
7 14 2
7 15 1
7 16 2
7 17 2
7 18 1
7 19 3
7 20 1
7 21 2
7 22 1
7 23 2
7 24 2
7 25 4
7 26 1
7 27 2
7 28 2
7 29 4
7 30 1
7 31 3
7 32 3
7 33 3
7 34 1
7 35 2
7 36 3
7 37 1
7 38 2
7 39 1
7 40 1
7 41 1
7 42 1
7 43 3
7 44 1
7 45 3
7 46 2
7 47 2
7 48 3
7 49 2
7 50 1
7 51 3
7 52 1
7 53 2
7 54 3
7 55 3
7 56 3
7 57 1
7 58 1
7 59 2
7 60 2
7 61 4
7 62 1
7 63 3
7 64 2
7 65 2
7 66 1
7 67 2
7 68 2
7 69 3
7 70 4
7 71 3
7 72 1
7 73 2
7 74 2
7 75 1
7 76 2
7 77 2
7 78 2
7 79 3
7 80 2
7 81 3
7 82 1
7 83 1
7 84 2
7 85 3
7 86 2
7 87 1
7 88 1
7 89 2
7 90 3
7 91 3
7 92 3
7 93 2
7 94 1
7 95 3
7 96 4
7 97 2
7 98 3
7 99 2
8 9 2
8 10 3
8 11 2
8 12 2
8 13 3
8 14 2
8 15 3
8 16 1
8 17 2
8 18 2
8 19 1
8 20 3
8 21 3
8 22 2
8 23 3
8 24 2
8 25 2
8 26 2
8 27 2
8 28 3
8 29 2
8 30 3
8 31 2
8 32 2
8 33 1
8 34 2
8 35 2
8 36 2
8 37 3
8 38 2
8 39 1
8 40 2
8 41 3
8 42 1
8 43 1
8 44 2
8 45 1
8 46 1
8 47 1
8 48 1
8 49 2
8 50 1
8 51 2
8 52 2
8 53 2
8 54 2
8 55 1
8 56 2
8 57 2
8 58 3
8 59 2
8 60 1
8 61 2
8 62 3
8 63 1
8 64 2
8 65 2
8 66 1
8 67 1
8 68 1
8 69 2
8 70 2
8 71 2
8 72 2
8 73 1
8 74 2
8 75 3
8 76 1
8 77 3
8 78 2
8 79 1
8 80 3
8 81 1
8 82 2
8 83 2
8 84 2
8 85 2
8 86 2
8 87 2
8 88 3
8 89 1
8 90 3
8 91 3
8 92 2
8 93 1
8 94 3
8 95 1
8 96 2
8 97 1
8 98 1
8 99 2
9 10 3
9 11 2
9 12 2
9 13 1
9 14 4
9 15 3
9 16 2
9 17 1
9 18 2
9 19 1
9 20 3
9 21 1
9 22 3
9 23 1
9 24 3
9 25 2
9 26 2
9 27 1
9 28 2
9 29 2
9 30 3
9 31 1
9 32 4
9 33 2
9 34 2
9 35 1
9 36 3
9 37 3
9 38 3
9 39 2
9 40 3
9 41 3
9 42 2
9 43 3
9 44 2
9 45 3
9 46 2
9 47 2
9 48 3
9 49 1
9 50 2
9 51 1
9 52 2
9 53 1
9 54 1
9 55 2
9 56 1
9 57 3
9 58 2
9 59 1
9 60 3
9 61 2
9 62 3
9 63 3
9 64 3
9 65 1
9 66 2
9 67 3
9 68 3
9 69 1
9 70 2
9 71 1
9 72 3
9 73 2
9 74 1
9 75 3
9 76 2
9 77 1
9 78 3
9 79 2
9 80 2
9 81 3
9 82 3
9 83 3
9 84 1
9 85 4
9 86 1
9 87 3
9 88 3
9 89 2
9 90 1
9 91 1
9 92 1
9 93 2
9 94 2
9 95 2
9 96 2
9 97 2
9 98 2
9 99 1
10 11 1
10 12 4
10 13 2
10 14 3
10 15 1
10 16 3
10 17 2
10 18 1
10 19 3
10 20 1
10 21 2
10 22 1
10 23 2
10 24 3
10 25 4
10 26 1
10 27 2
10 28 2
10 29 4
10 30 1
10 31 3
10 32 3
10 33 4
10 34 1
10 35 2
10 36 4
10 37 1
10 38 3
10 39 2
10 40 2
10 41 1
10 42 2
10 43 3
10 44 1
10 45 3
10 46 3
10 47 2
10 48 4
10 49 3
10 50 2
10 51 3
10 52 1
10 53 2
10 54 3
10 55 3
10 56 3
10 57 1
10 58 1
10 59 2
10 60 3
10 61 4
10 62 1
10 63 3
10 64 2
10 65 2
10 66 2
10 67 3
10 68 2
10 69 3
10 70 4
10 71 3
10 72 1
10 73 3
10 74 2
10 75 1
10 76 2
10 77 2
10 78 2
10 79 4
10 80 2
10 81 3
10 82 1
10 83 2
10 84 2
10 85 3
10 86 2
10 87 2
10 88 1
10 89 2
10 90 3
10 91 3
10 92 3
10 93 2
10 94 1
10 95 4
10 96 4
10 97 2
10 98 4
10 99 3
11 12 3
11 13 2
11 14 3
11 15 2
11 16 2
11 17 1
11 18 1
11 19 2
11 20 1
11 21 2
11 22 1
11 23 2
11 24 3
11 25 3
11 26 1
11 27 1
11 28 1
11 29 3
11 30 1
11 31 2
11 32 3
11 33 3
11 34 1
11 35 1
11 36 3
11 37 1
11 38 3
11 39 1
11 40 2
11 41 2
11 42 2
11 43 3
11 44 1
11 45 3
11 46 2
11 47 1
11 48 3
11 49 2
11 50 1
11 51 2
11 52 1
11 53 2
11 54 2
11 55 2
11 56 2
11 57 2
11 58 1
11 59 1
11 60 2
11 61 3
11 62 1
11 63 3
11 64 2
11 65 1
11 66 1
11 67 2
11 68 2
11 69 3
11 70 3
11 71 2
11 72 1
11 73 2
11 74 1
11 75 1
11 76 2
11 77 1
11 78 2
11 79 3
11 80 2
11 81 3
11 82 1
11 83 2
11 84 2
11 85 3
11 86 2
11 87 2
11 88 2
11 89 2
11 90 2
11 91 2
11 92 2
11 93 1
11 94 1
11 95 3
11 96 3
11 97 2
11 98 3
11 99 2
12 13 2
12 14 4
12 15 5
12 16 3
12 17 2
12 18 3
12 19 1
12 20 4
12 21 2
12 22 3
12 23 2
12 24 3
12 25 1
12 26 3
12 27 2
12 28 3
12 29 1
12 30 4
12 31 2
12 32 3
12 33 1
12 34 3
12 35 3
12 36 3
12 37 4
12 38 4
12 39 3
12 40 3
12 41 4
12 42 3
12 43 2
12 44 3
12 45 2
12 46 2
12 47 2
12 48 2
12 49 2
12 50 3
12 51 1
12 52 3
12 53 2
12 54 1
12 55 2
12 56 1
12 57 4
12 58 3
12 59 2
12 60 3
12 61 1
12 62 4
12 63 2
12 64 4
12 65 2
12 66 3
12 67 3
12 68 3
12 69 1
12 70 1
12 71 2
12 72 4
12 73 2
12 74 2
12 75 4
12 76 2
12 77 2
12 78 4
12 79 1
12 80 3
12 81 3
12 82 4
12 83 4
12 84 2
12 85 4
12 86 2
12 87 3
12 88 5
12 89 2
12 90 2
12 91 2
12 92 2
12 93 2
12 94 4
12 95 1
12 96 1
12 97 2
12 98 1
12 99 2
13 14 4
13 15 3
13 16 3
13 17 1
13 18 2
13 19 2
13 20 3
13 21 1
13 22 3
13 23 1
13 24 4
13 25 2
13 26 1
13 27 1
13 28 2
13 29 3
13 30 2
13 31 1
13 32 4
13 33 3
13 34 2
13 35 1
13 36 4
13 37 3
13 38 3
13 39 2
13 40 3
13 41 3
13 42 2
13 43 3
13 44 2
13 45 3
13 46 2
13 47 2
13 48 3
13 49 1
13 50 2
13 51 1
13 52 2
13 53 1
13 54 1
13 55 3
13 56 1
13 57 3
13 58 2
13 59 1
13 60 3
13 61 2
13 62 2
13 63 3
13 64 3
13 65 1
13 66 2
13 67 3
13 68 3
13 69 2
13 70 2
13 71 1
13 72 3
13 73 2
13 74 1
13 75 3
13 76 2
13 77 1
13 78 3
13 79 3
13 80 1
13 81 3
13 82 3
13 83 3
13 84 1
13 85 4
13 86 1
13 87 3
13 88 3
13 89 2
13 90 1
13 91 1
13 92 1
13 93 2
13 94 2
13 95 3
13 96 2
13 97 2
13 98 3
13 99 1
14 15 3
14 16 2
14 17 3
14 18 2
14 19 3
14 20 3
14 21 4
14 22 2
14 23 4
14 24 1
14 25 4
14 26 3
14 27 3
14 28 4
14 29 3
14 30 3
14 31 4
14 32 1
14 33 3
14 34 2
14 35 3
14 36 1
14 37 3
14 38 1
14 39 2
14 40 2
14 41 3
14 42 2
14 43 2
14 44 2
14 45 2
14 46 3
14 47 2
14 48 3
14 49 3
14 50 2
14 51 3
14 52 2
14 53 3
14 54 4
14 55 2
14 56 4
14 57 2
14 58 3
14 59 3
14 60 1
14 61 4
14 62 3
14 63 2
14 64 1
14 65 3
14 66 2
14 67 1
14 68 2
14 69 4
14 70 4
14 71 4
14 72 2
14 73 2
14 74 3
14 75 3
14 76 2
14 77 3
14 78 1
14 79 3
14 80 4
14 81 2
14 82 2
14 83 2
14 84 4
14 85 1
14 86 4
14 87 1
14 88 3
14 89 2
14 90 4
14 91 4
14 92 3
14 93 2
14 94 3
14 95 3
14 96 4
14 97 2
14 98 3
14 99 3
15 16 3
15 17 3
15 18 2
15 19 4
15 20 1
15 21 3
15 22 2
15 23 3
15 24 3
15 25 5
15 26 2
15 27 3
15 28 2
15 29 5
15 30 1
15 31 3
15 32 3
15 33 4
15 34 2
15 35 2
15 36 4
15 37 1
15 38 3
15 39 2
15 40 2
15 41 1
15 42 2
15 43 4
15 44 2
15 45 4
15 46 3
15 47 3
15 48 4
15 49 3
15 50 2
15 51 4
15 52 2
15 53 3
15 54 4
15 55 4
15 56 4
15 57 1
15 58 2
15 59 3
15 60 3
15 61 5
15 62 1
15 63 3
15 64 2
15 65 3
15 66 2
15 67 3
15 68 2
15 69 4
15 70 5
15 71 3
15 72 1
15 73 3
15 74 3
15 75 1
15 76 3
15 77 3
15 78 2
15 79 4
15 80 3
15 81 3
15 82 1
15 83 2
15 84 3
15 85 3
15 86 3
15 87 2
15 88 1
15 89 3
15 90 4
15 91 4
15 92 3
15 93 3
15 94 1
15 95 4
15 96 5
15 97 3
15 98 4
15 99 3
16 17 2
16 18 2
16 19 2
16 20 3
16 21 3
16 22 2
16 23 3
16 24 1
16 25 3
16 26 2
16 27 2
16 28 3
16 29 2
16 30 3
16 31 2
16 32 2
16 33 2
16 34 2
16 35 2
16 36 2
16 37 3
16 38 2
16 39 1
16 40 1
16 41 3
16 42 1
16 43 1
16 44 2
16 45 1
16 46 1
16 47 1
16 48 2
16 49 2
16 50 1
16 51 2
16 52 2
16 53 2
16 54 3
16 55 1
16 56 2
16 57 2
16 58 3
16 59 2
16 60 1
16 61 3
16 62 3
16 63 1
16 64 2
16 65 2
16 66 1
16 67 1
16 68 1
16 69 3
16 70 3
16 71 2
16 72 2
16 73 1
16 74 2
16 75 3
16 76 1
16 77 3
16 78 2
16 79 2
16 80 3
16 81 1
16 82 2
16 83 2
16 84 2
16 85 2
16 86 2
16 87 1
16 88 3
16 89 1
16 90 3
16 91 3
16 92 2
16 93 1
16 94 3
16 95 2
16 96 3
16 97 1
16 98 2
16 99 2
17 18 1
17 19 2
17 20 2
17 21 1
17 22 2
17 23 1
17 24 3
17 25 2
17 26 1
17 27 1
17 28 1
17 29 3
17 30 2
17 31 1
17 32 3
17 33 3
17 34 1
17 35 1
17 36 3
17 37 2
17 38 3
17 39 2
17 40 2
17 41 3
17 42 2
17 43 3
17 44 1
17 45 3
17 46 1
17 47 1
17 48 3
17 49 1
17 50 1
17 51 1
17 52 1
17 53 1
17 54 2
17 55 2
17 56 2
17 57 2
17 58 1
17 59 1
17 60 2
17 61 2
17 62 2
17 63 3
17 64 2
17 65 1
17 66 1
17 67 2
17 68 2
17 69 2
17 70 2
17 71 1
17 72 2
17 73 2
17 74 1
17 75 2
17 76 1
17 77 1
17 78 3
17 79 2
17 80 1
17 81 3
17 82 2
17 83 2
17 84 1
17 85 3
17 86 1
17 87 2
17 88 3
17 89 2
17 90 2
17 91 2
17 92 1
17 93 1
17 94 2
17 95 2
17 96 2
17 97 2
17 98 2
17 99 1
18 19 2
18 20 1
18 21 2
18 22 1
18 23 2
18 24 2
18 25 3
18 26 1
18 27 2
18 28 2
18 29 3
18 30 1
18 31 2
18 32 3
18 33 3
18 34 1
18 35 1
18 36 3
18 37 1
18 38 2
18 39 1
18 40 1
18 41 2
18 42 1
18 43 2
18 44 1
18 45 2
18 46 2
18 47 1
18 48 3
18 49 2
18 50 1
18 51 2
18 52 1
18 53 2
18 54 3
18 55 2
18 56 2
18 57 1
18 58 1
18 59 1
18 60 2
18 61 3
18 62 1
18 63 2
18 64 2
18 65 1
18 66 1
18 67 2
18 68 1
18 69 3
18 70 3
18 71 2
18 72 1
18 73 2
18 74 1
18 75 1
18 76 1
18 77 2
18 78 2
18 79 3
18 80 2
18 81 2
18 82 1
18 83 1
18 84 2
18 85 3
18 86 2
18 87 1
18 88 2
18 89 1
18 90 3
18 91 3
18 92 2
18 93 1
18 94 1
18 95 3
18 96 3
18 97 1
18 98 3
18 99 2
19 20 3
19 21 2
19 22 2
19 23 2
19 24 3
19 25 1
19 26 2
19 27 1
19 28 3
19 29 1
19 30 3
19 31 1
19 32 3
19 33 1
19 34 2
19 35 2
19 36 2
19 37 3
19 38 3
19 39 2
19 40 2
19 41 3
19 42 2
19 43 2
19 44 2
19 45 2
19 46 1
19 47 1
19 48 2
19 49 1
19 50 2
19 51 1
19 52 2
19 53 1
19 54 1
19 55 1
19 56 1
19 57 3
19 58 2
19 59 2
19 60 2
19 61 1
19 62 3
19 63 2
19 64 3
19 65 2
19 66 2
19 67 2
19 68 2
19 69 1
19 70 1
19 71 2
19 72 3
19 73 1
19 74 2
19 75 3
19 76 1
19 77 2
19 78 3
19 79 1
19 80 3
19 81 2
19 82 3
19 83 3
19 84 2
19 85 3
19 86 2
19 87 2
19 88 4
19 89 1
19 90 2
19 91 2
19 92 1
19 93 1
19 94 3
19 95 1
19 96 1
19 97 1
19 98 1
19 99 1
20 21 3
20 22 1
20 23 3
20 24 3
20 25 4
20 26 2
20 27 2
20 28 2
20 29 4
20 30 1
20 31 3
20 32 3
20 33 4
20 34 1
20 35 2
20 36 4
20 37 1
20 38 3
20 39 2
20 40 2
20 41 1
20 42 2
20 43 3
20 44 1
20 45 3
20 46 3
20 47 2
20 48 4
20 49 3
20 50 2
20 51 3
20 52 1
20 53 3
20 54 3
20 55 3
20 56 3
20 57 1
20 58 2
20 59 2
20 60 3
20 61 4
20 62 1
20 63 3
20 64 2
20 65 2
20 66 2
20 67 3
20 68 2
20 69 4
20 70 4
20 71 3
20 72 1
20 73 3
20 74 2
20 75 1
20 76 2
20 77 2
20 78 2
20 79 4
20 80 3
20 81 3
20 82 1
20 83 2
20 84 3
20 85 3
20 86 3
20 87 2
20 88 1
20 89 2
20 90 3
20 91 3
20 92 3
20 93 2
20 94 1
20 95 4
20 96 4
20 97 2
20 98 4
20 99 3
21 22 3
21 23 1
21 24 4
21 25 2
21 26 1
21 27 1
21 28 1
21 29 3
21 30 2
21 31 1
21 32 4
21 33 3
21 34 2
21 35 1
21 36 4
21 37 3
21 38 3
21 39 2
21 40 3
21 41 3
21 42 2
21 43 3
21 44 2
21 45 3
21 46 2
21 47 2
21 48 3
21 49 1
21 50 2
21 51 1
21 52 2
21 53 1
21 54 1
21 55 3
21 56 1
21 57 3
21 58 1
21 59 1
21 60 3
21 61 2
21 62 2
21 63 3
21 64 3
21 65 1
21 66 2
21 67 3
21 68 3
21 69 2
21 70 2
21 71 1
21 72 3
21 73 2
21 74 1
21 75 3
21 76 2
21 77 1
21 78 3
21 79 3
21 80 1
21 81 3
21 82 3
21 83 3
21 84 1
21 85 4
21 86 1
21 87 3
21 88 3
21 89 2
21 90 1
21 91 1
21 92 1
21 93 2
21 94 2
21 95 3
21 96 2
21 97 2
21 98 3
21 99 1
22 23 3
22 24 2
22 25 3
22 26 2
22 27 2
22 28 2
22 29 3
22 30 1
22 31 3
22 32 3
22 33 3
22 34 1
22 35 2
22 36 3
22 37 1
22 38 2
22 39 1
22 40 1
22 41 1
22 42 1
22 43 3
22 44 1
22 45 3
22 46 2
22 47 2
22 48 3
22 49 2
22 50 1
22 51 3
22 52 1
22 53 3
22 54 3
22 55 2
22 56 3
22 57 1
22 58 2
22 59 2
22 60 2
22 61 3
22 62 1
22 63 2
22 64 1
22 65 2
22 66 1
22 67 2
22 68 1
22 69 3
22 70 3
22 71 3
22 72 1
22 73 2
22 74 2
22 75 1
22 76 2
22 77 2
22 78 2
22 79 3
22 80 3
22 81 2
22 82 1
22 83 1
22 84 3
22 85 3
22 86 3
22 87 1
22 88 2
22 89 2
22 90 3
22 91 3
22 92 3
22 93 2
22 94 2
22 95 3
22 96 3
22 97 1
22 98 3
22 99 2
23 24 4
23 25 2
23 26 1
23 27 1
23 28 1
23 29 3
23 30 2
23 31 1
23 32 4
23 33 3
23 34 2
23 35 1
23 36 4
23 37 3
23 38 3
23 39 2
23 40 3
23 41 3
23 42 2
23 43 3
23 44 2
23 45 3
23 46 2
23 47 2
23 48 3
23 49 1
23 50 2
23 51 1
23 52 2
23 53 1
23 54 1
23 55 3
23 56 1
23 57 3
23 58 1
23 59 1
23 60 3
23 61 2
23 62 2
23 63 3
23 64 3
23 65 1
23 66 2
23 67 3
23 68 3
23 69 2
23 70 2
23 71 1
23 72 3
23 73 2
23 74 1
23 75 3
23 76 2
23 77 1
23 78 3
23 79 3
23 80 1
23 81 3
23 82 3
23 83 3
23 84 1
23 85 4
23 86 1
23 87 3
23 88 3
23 89 2
23 90 1
23 91 1
23 92 1
23 93 2
23 94 2
23 95 3
23 96 2
23 97 2
23 98 3
23 99 1
24 25 3
24 26 3
24 27 3
24 28 4
24 29 3
24 30 3
24 31 3
24 32 1
24 33 2
24 34 2
24 35 3
24 36 1
24 37 3
24 38 1
24 39 2
24 40 2
24 41 3
24 42 2
24 43 2
24 44 2
24 45 1
24 46 2
24 47 2
24 48 2
24 49 3
24 50 2
24 51 3
24 52 2
24 53 3
24 54 4
24 55 2
24 56 3
24 57 2
24 58 3
24 59 3
24 60 1
24 61 3
24 62 3
24 63 1
24 64 2
24 65 3
24 66 2
24 67 1
24 68 1
24 69 3
24 70 3
24 71 3
24 72 2
24 73 2
24 74 3
24 75 3
24 76 2
24 77 3
24 78 1
24 79 2
24 80 4
24 81 1
24 82 2
24 83 2
24 84 3
24 85 1
24 86 3
24 87 1
24 88 3
24 89 2
24 90 4
24 91 4
24 92 3
24 93 2
24 94 3
24 95 2
24 96 3
24 97 2
24 98 2
24 99 3
25 26 3
25 27 2
25 28 3
25 29 1
25 30 4
25 31 2
25 32 3
25 33 1
25 34 3
25 35 3
25 36 3
25 37 4
25 38 4
25 39 3
25 40 3
25 41 4
25 42 3
25 43 2
25 44 3
25 45 2
25 46 2
25 47 2
25 48 2
25 49 2
25 50 3
25 51 1
25 52 3
25 53 2
25 54 2
25 55 2
25 56 2
25 57 4
25 58 3
25 59 2
25 60 3
25 61 1
25 62 4
25 63 2
25 64 4
25 65 2
25 66 3
25 67 3
25 68 3
25 69 1
25 70 1
25 71 2
25 72 4
25 73 2
25 74 2
25 75 4
25 76 2
25 77 3
25 78 4
25 79 1
25 80 3
25 81 3
25 82 4
25 83 4
25 84 2
25 85 4
25 86 2
25 87 3
25 88 5
25 89 2
25 90 2
25 91 2
25 92 2
25 93 2
25 94 4
25 95 1
25 96 1
25 97 2
25 98 1
25 99 2
26 27 1
26 28 1
26 29 3
26 30 1
26 31 2
26 32 4
26 33 3
26 34 1
26 35 1
26 36 4
26 37 2
26 38 3
26 39 2
26 40 2
26 41 2
26 42 2
26 43 3
26 44 1
26 45 3
26 46 2
26 47 2
26 48 3
26 49 2
26 50 2
26 51 2
26 52 1
26 53 1
26 54 2
26 55 3
26 56 2
26 57 2
26 58 1
26 59 1
26 60 3
26 61 3
26 62 1
26 63 3
26 64 3
26 65 1
26 66 1
26 67 3
26 68 2
26 69 2
26 70 3
26 71 2
26 72 2
26 73 2
26 74 1
26 75 2
26 76 2
26 77 1
26 78 3
26 79 3
26 80 1
26 81 3
26 82 2
26 83 2
26 84 1
26 85 4
26 86 1
26 87 2
26 88 2
26 89 2
26 90 2
26 91 2
26 92 2
26 93 2
26 94 1
26 95 3
26 96 3
26 97 2
26 98 3
26 99 2
27 28 2
27 29 2
27 30 2
27 31 1
27 32 3
27 33 2
27 34 1
27 35 1
27 36 3
27 37 2
27 38 3
27 39 2
27 40 2
27 41 3
27 42 2
27 43 3
27 44 2
27 45 3
27 46 1
27 47 1
27 48 3
27 49 1
27 50 2
27 51 1
27 52 2
27 53 1
27 54 1
27 55 2
27 56 1
27 57 2
27 58 1
27 59 1
27 60 2
27 61 2
27 62 2
27 63 2
27 64 3
27 65 1
27 66 1
27 67 2
27 68 2
27 69 2
27 70 2
27 71 1
27 72 2
27 73 2
27 74 1
27 75 2
27 76 1
27 77 1
27 78 3
27 79 2
27 80 2
27 81 3
27 82 2
27 83 2
27 84 1
27 85 3
27 86 1
27 87 2
27 88 3
27 89 2
27 90 1
27 91 1
27 92 1
27 93 1
27 94 2
27 95 2
27 96 2
27 97 1
27 98 2
27 99 1
28 29 4
28 30 2
28 31 2
28 32 4
28 33 4
28 34 2
28 35 1
28 36 4
28 37 2
28 38 4
28 39 2
28 40 3
28 41 2
28 42 3
28 43 4
28 44 2
28 45 4
28 46 2
28 47 2
28 48 4
28 49 2
28 50 2
28 51 2
28 52 2
28 53 2
28 54 2
28 55 3
28 56 2
28 57 3
28 58 1
28 59 1
28 60 3
28 61 3
28 62 2
28 63 4
28 64 3
28 65 2
28 66 2
28 67 3
28 68 3
28 69 3
28 70 3
28 71 2
28 72 2
28 73 3
28 74 1
28 75 2
28 76 2
28 77 1
28 78 3
28 79 3
28 80 1
28 81 4
28 82 2
28 83 3
28 84 1
28 85 4
28 86 2
28 87 3
28 88 2
28 89 3
28 90 2
28 91 2
28 92 2
28 93 2
28 94 1
28 95 3
28 96 3
28 97 3
28 98 3
28 99 2
29 30 4
29 31 2
29 32 3
29 33 1
29 34 3
29 35 3
29 36 2
29 37 4
29 38 3
29 39 3
29 40 3
29 41 4
29 42 3
29 43 2
29 44 3
29 45 2
29 46 2
29 47 2
29 48 1
29 49 2
29 50 3
29 51 2
29 52 3
29 53 2
29 54 2
29 55 1
29 56 2
29 57 4
29 58 3
29 59 3
29 60 2
29 61 1
29 62 4
29 63 2
29 64 3
29 65 3
29 66 3
29 67 2
29 68 3
29 69 1
29 70 1
29 71 2
29 72 4
29 73 2
29 74 3
29 75 4
29 76 2
29 77 3
29 78 3
29 79 1
29 80 4
29 81 2
29 82 4
29 83 4
29 84 3
29 85 3
29 86 3
29 87 3
29 88 5
29 89 2
29 90 2
29 91 2
29 92 2
29 93 2
29 94 4
29 95 1
29 96 1
29 97 2
29 98 1
29 99 2
30 31 3
30 32 4
30 33 4
30 34 1
30 35 2
30 36 4
30 37 1
30 38 3
30 39 2
30 40 2
30 41 1
30 42 2
30 43 3
30 44 1
30 45 3
30 46 3
30 47 2
30 48 4
30 49 3
30 50 2
30 51 3
30 52 1
30 53 2
30 54 3
30 55 3
30 56 3
30 57 2
30 58 1
30 59 2
30 60 3
30 61 4
30 62 1
30 63 3
30 64 2
30 65 2
30 66 2
30 67 3
30 68 2
30 69 3
30 70 4
30 71 3
30 72 1
30 73 3
30 74 2
30 75 1
30 76 2
30 77 2
30 78 3
30 79 4
30 80 2
30 81 3
30 82 1
30 83 2
30 84 2
30 85 4
30 86 2
30 87 2
30 88 1
30 89 2
30 90 3
30 91 3
30 92 3
30 93 2
30 94 1
30 95 4
30 96 4
30 97 2
30 98 4
30 99 3
31 32 4
31 33 2
31 34 2
31 35 1
31 36 3
31 37 3
31 38 3
31 39 2
31 40 3
31 41 3
31 42 2
31 43 3
31 44 2
31 45 3
31 46 2
31 47 2
31 48 3
31 49 1
31 50 2
31 51 1
31 52 2
31 53 1
31 54 1
31 55 2
31 56 1
31 57 3
31 58 2
31 59 1
31 60 3
31 61 2
31 62 3
31 63 3
31 64 3
31 65 1
31 66 2
31 67 3
31 68 3
31 69 1
31 70 2
31 71 1
31 72 3
31 73 2
31 74 1
31 75 3
31 76 2
31 77 1
31 78 3
31 79 2
31 80 2
31 81 3
31 82 3
31 83 3
31 84 1
31 85 4
31 86 1
31 87 3
31 88 3
31 89 2
31 90 1
31 91 1
31 92 1
31 93 2
31 94 2
31 95 2
31 96 2
31 97 2
31 98 2
31 99 1
32 33 2
32 34 3
32 35 4
32 36 1
32 37 3
32 38 1
32 39 2
32 40 2
32 41 3
32 42 2
32 43 2
32 44 3
32 45 2
32 46 3
32 47 3
32 48 2
32 49 3
32 50 2
32 51 4
32 52 3
32 53 4
32 54 4
32 55 2
32 56 4
32 57 2
32 58 4
32 59 4
32 60 1
32 61 3
32 62 3
32 63 1
32 64 2
32 65 3
32 66 3
32 67 1
32 68 2
32 69 4
32 70 3
32 71 4
32 72 3
32 73 2
32 74 4
32 75 3
32 76 3
32 77 4
32 78 1
32 79 2
32 80 4
32 81 1
32 82 3
32 83 2
32 84 4
32 85 1
32 86 4
32 87 2
32 88 3
32 89 2
32 90 4
32 91 4
32 92 4
32 93 3
32 94 4
32 95 2
32 96 3
32 97 2
32 98 3
32 99 3
33 34 3
33 35 3
33 36 2
33 37 4
33 38 3
33 39 2
33 40 3
33 41 4
33 42 2
33 43 1
33 44 3
33 45 1
33 46 2
33 47 2
33 48 1
33 49 2
33 50 2
33 51 2
33 52 3
33 53 2
33 54 2
33 55 1
33 56 2
33 57 3
33 58 3
33 59 3
33 60 2
33 61 1
33 62 4
33 63 1
33 64 3
33 65 3
33 66 2
33 67 2
33 68 2
33 69 2
33 70 1
33 71 3
33 72 3
33 73 1
33 74 3
33 75 4
33 76 2
33 77 3
33 78 3
33 79 1
33 80 4
33 81 2
33 82 3
33 83 3
33 84 3
33 85 3
33 86 3
33 87 3
33 88 4
33 89 2
33 90 2
33 91 2
33 92 2
33 93 2
33 94 4
33 95 1
33 96 1
33 97 2
33 98 1
33 99 2
34 35 1
34 36 3
34 37 1
34 38 2
34 39 1
34 40 1
34 41 2
34 42 1
34 43 3
34 44 1
34 45 3
34 46 2
34 47 1
34 48 3
34 49 2
34 50 1
34 51 2
34 52 1
34 53 2
34 54 2
34 55 2
34 56 2
34 57 1
34 58 1
34 59 1
34 60 2
34 61 3
34 62 1
34 63 2
34 64 2
34 65 1
34 66 1
34 67 2
34 68 2
34 69 3
34 70 3
34 71 2
34 72 1
34 73 2
34 74 1
34 75 1
34 76 1
34 77 1
34 78 2
34 79 3
34 80 2
34 81 3
34 82 1
34 83 1
34 84 2
34 85 3
34 86 2
34 87 1
34 88 2
34 89 2
34 90 2
34 91 2
34 92 2
34 93 1
34 94 1
34 95 3
34 96 3
34 97 1
34 98 3
34 99 2
35 36 3
35 37 2
35 38 3
35 39 2
35 40 2
35 41 2
35 42 2
35 43 3
35 44 1
35 45 3
35 46 2
35 47 1
35 48 3
35 49 1
35 50 2
35 51 2
35 52 1
35 53 1
35 54 2
35 55 2
35 56 2
35 57 2
35 58 1
35 59 1
35 60 3
35 61 3
35 62 2
35 63 3
35 64 3
35 65 1
35 66 1
35 67 3
35 68 2
35 69 2
35 70 3
35 71 1
35 72 2
35 73 2
35 74 1
35 75 2
35 76 1
35 77 1
35 78 3
35 79 3
35 80 1
35 81 3
35 82 2
35 83 2
35 84 1
35 85 4
35 86 1
35 87 2
35 88 2
35 89 2
35 90 2
35 91 2
35 92 1
35 93 1
35 94 1
35 95 3
35 96 3
35 97 2
35 98 3
35 99 1
36 37 4
36 38 2
36 39 2
36 40 2
36 41 4
36 42 2
36 43 1
36 44 3
36 45 1
36 46 2
36 47 2
36 48 2
36 49 3
36 50 2
36 51 3
36 52 3
36 53 3
36 54 3
36 55 1
36 56 3
36 57 3
36 58 4
36 59 3
36 60 1
36 61 3
36 62 4
36 63 1
36 64 2
36 65 3
36 66 3
36 67 1
36 68 2
36 69 3
36 70 3
36 71 3
36 72 3
36 73 2
36 74 3
36 75 4
36 76 2
36 77 4
36 78 2
36 79 2
36 80 4
36 81 1
36 82 3
36 83 3
36 84 3
36 85 1
36 86 3
36 87 2
36 88 4
36 89 2
36 90 4
36 91 4
36 92 3
36 93 3
36 94 4
36 95 2
36 96 3
36 97 2
36 98 2
36 99 3
37 38 3
37 39 2
37 40 2
37 41 1
37 42 2
37 43 3
37 44 1
37 45 3
37 46 3
37 47 2
37 48 4
37 49 3
37 50 2
37 51 3
37 52 1
37 53 3
37 54 3
37 55 3
37 56 3
37 57 1
37 58 2
37 59 2
37 60 3
37 61 4
37 62 1
37 63 3
37 64 2
37 65 2
37 66 2
37 67 3
37 68 2
37 69 4
37 70 4
37 71 3
37 72 1
37 73 3
37 74 2
37 75 1
37 76 2
37 77 2
37 78 2
37 79 4
37 80 3
37 81 3
37 82 1
37 83 2
37 84 3
37 85 3
37 86 3
37 87 2
37 88 1
37 89 2
37 90 3
37 91 3
37 92 3
37 93 2
37 94 1
37 95 4
37 96 4
37 97 2
37 98 4
37 99 3
38 39 2
38 40 1
38 41 3
38 42 1
38 43 2
38 44 2
38 45 2
38 46 2
38 47 2
38 48 3
38 49 3
38 50 2
38 51 3
38 52 2
38 53 3
38 54 4
38 55 2
38 56 4
38 57 2
38 58 3
38 59 3
38 60 1
38 61 4
38 62 3
38 63 2
38 64 1
38 65 2
38 66 2
38 67 1
38 68 1
38 69 4
38 70 4
38 71 3
38 72 2
38 73 2
38 74 3
38 75 2
38 76 2
38 77 3
38 78 1
38 79 3
38 80 4
38 81 2
38 82 2
38 83 1
38 84 3
38 85 1
38 86 3
38 87 1
38 88 3
38 89 2
38 90 4
38 91 4
38 92 3
38 93 2
38 94 3
38 95 3
38 96 4
38 97 2
38 98 3
38 99 3
39 40 1
39 41 2
39 42 1
39 43 2
39 44 1
39 45 2
39 46 1
39 47 1
39 48 2
39 49 2
39 50 1
39 51 2
39 52 1
39 53 2
39 54 3
39 55 2
39 56 3
39 57 1
39 58 2
39 59 2
39 60 1
39 61 3
39 62 2
39 63 2
39 64 1
39 65 1
39 66 1
39 67 1
39 68 1
39 69 3
39 70 3
39 71 2
39 72 1
39 73 2
39 74 2
39 75 2
39 76 1
39 77 2
39 78 1
39 79 2
39 80 3
39 81 2
39 82 1
39 83 1
39 84 2
39 85 2
39 86 2
39 87 1
39 88 2
39 89 1
39 90 3
39 91 3
39 92 2
39 93 1
39 94 2
39 95 2
39 96 3
39 97 1
39 98 2
39 99 2
40 41 2
40 42 1
40 43 2
40 44 1
40 45 2
40 46 2
40 47 1
40 48 3
40 49 2
40 50 1
40 51 2
40 52 1
40 53 2
40 54 3
40 55 2
40 56 3
40 57 1
40 58 2
40 59 2
40 60 1
40 61 3
40 62 2
40 63 2
40 64 1
40 65 2
40 66 1
40 67 1
40 68 1
40 69 3
40 70 3
40 71 3
40 72 1
40 73 2
40 74 2
40 75 2
40 76 1
40 77 2
40 78 1
40 79 3
40 80 3
40 81 2
40 82 1
40 83 1
40 84 3
40 85 2
40 86 3
40 87 1
40 88 2
40 89 1
40 90 3
40 91 3
40 92 2
40 93 1
40 94 2
40 95 3
40 96 3
40 97 1
40 98 3
40 99 2
41 42 2
41 43 4
41 44 2
41 45 4
41 46 3
41 47 3
41 48 4
41 49 3
41 50 2
41 51 4
41 52 2
41 53 3
41 54 4
41 55 3
41 56 4
41 57 1
41 58 2
41 59 3
41 60 3
41 61 4
41 62 1
41 63 3
41 64 2
41 65 3
41 66 2
41 67 3
41 68 2
41 69 4
41 70 4
41 71 3
41 72 1
41 73 3
41 74 3
41 75 1
41 76 3
41 77 3
41 78 2
41 79 4
41 80 3
41 81 3
41 82 1
41 83 2
41 84 3
41 85 3
41 86 3
41 87 2
41 88 1
41 89 3
41 90 4
41 91 4
41 92 3
41 93 3
41 94 1
41 95 4
41 96 4
41 97 2
41 98 4
41 99 3
42 43 2
42 44 1
42 45 2
42 46 2
42 47 1
42 48 2
42 49 2
42 50 1
42 51 2
42 52 1
42 53 2
42 54 3
42 55 2
42 56 3
42 57 1
42 58 2
42 59 2
42 60 1
42 61 3
42 62 2
42 63 2
42 64 1
42 65 1
42 66 1
42 67 1
42 68 1
42 69 3
42 70 3
42 71 2
42 72 1
42 73 2
42 74 2
42 75 2
42 76 1
42 77 2
42 78 1
42 79 2
42 80 3
42 81 2
42 82 1
42 83 1
42 84 2
42 85 2
42 86 2
42 87 1
42 88 2
42 89 1
42 90 3
42 91 3
42 92 2
42 93 1
42 94 2
42 95 2
42 96 3
42 97 1
42 98 2
42 99 2
43 44 3
43 45 1
43 46 2
43 47 2
43 48 1
43 49 2
43 50 2
43 51 3
43 52 3
43 53 3
43 54 3
43 55 1
43 56 3
43 57 3
43 58 3
43 59 3
43 60 1
43 61 2
43 62 3
43 63 1
43 64 2
43 65 2
43 66 2
43 67 1
43 68 2
43 69 2
43 70 2
43 71 3
43 72 3
43 73 1
43 74 3
43 75 3
43 76 2
43 77 3
43 78 2
43 79 1
43 80 4
43 81 1
43 82 3
43 83 3
43 84 3
43 85 2
43 86 3
43 87 2
43 88 4
43 89 1
43 90 3
43 91 3
43 92 3
43 93 2
43 94 3
43 95 1
43 96 2
43 97 2
43 98 1
43 99 3
44 45 3
44 46 2
44 47 1
44 48 3
44 49 2
44 50 1
44 51 2
44 52 1
44 53 2
44 54 3
44 55 2
44 56 2
44 57 1
44 58 1
44 59 1
44 60 2
44 61 3
44 62 1
44 63 2
44 64 2
44 65 1
44 66 1
44 67 2
44 68 1
44 69 3
44 70 3
44 71 2
44 72 1
44 73 2
44 74 1
44 75 1
44 76 1
44 77 2
44 78 2
44 79 3
44 80 2
44 81 2
44 82 1
44 83 1
44 84 2
44 85 3
44 86 2
44 87 1
44 88 2
44 89 2
44 90 3
44 91 3
44 92 2
44 93 1
44 94 1
44 95 3
44 96 3
44 97 1
44 98 3
44 99 2
45 46 2
45 47 2
45 48 1
45 49 2
45 50 2
45 51 3
45 52 3
45 53 3
45 54 3
45 55 1
45 56 3
45 57 3
45 58 3
45 59 3
45 60 1
45 61 2
45 62 3
45 63 1
45 64 2
45 65 2
45 66 2
45 67 1
45 68 2
45 69 2
45 70 2
45 71 3
45 72 3
45 73 1
45 74 3
45 75 3
45 76 2
45 77 3
45 78 2
45 79 1
45 80 4
45 81 1
45 82 3
45 83 3
45 84 3
45 85 2
45 86 3
45 87 2
45 88 4
45 89 1
45 90 3
45 91 3
45 92 3
45 93 2
45 94 3
45 95 1
45 96 2
45 97 2
45 98 1
45 99 3
46 47 1
46 48 2
46 49 1
46 50 1
46 51 1
46 52 2
46 53 1
46 54 2
46 55 1
46 56 2
46 57 2
46 58 2
46 59 1
46 60 2
46 61 2
46 62 3
46 63 2
46 64 2
46 65 1
46 66 1
46 67 2
46 68 1
46 69 2
46 70 2
46 71 2
46 72 2
46 73 1
46 74 2
46 75 3
46 76 1
46 77 2
46 78 2
46 79 1
46 80 2
46 81 2
46 82 2
46 83 2
46 84 2
46 85 3
46 86 2
46 87 2
46 88 3
46 89 1
46 90 2
46 91 2
46 92 1
46 93 1
46 94 3
46 95 1
46 96 2
46 97 1
46 98 1
46 99 1
47 48 2
47 49 1
47 50 1
47 51 1
47 52 1
47 53 1
47 54 2
47 55 1
47 56 2
47 57 2
47 58 2
47 59 1
47 60 2
47 61 2
47 62 2
47 63 2
47 64 2
47 65 1
47 66 1
47 67 2
47 68 1
47 69 2
47 70 2
47 71 2
47 72 2
47 73 1
47 74 1
47 75 2
47 76 1
47 77 2
47 78 2
47 79 2
47 80 2
47 81 2
47 82 2
47 83 2
47 84 2
47 85 3
47 86 2
47 87 1
47 88 3
47 89 1
47 90 2
47 91 2
47 92 1
47 93 1
47 94 2
47 95 2
47 96 2
47 97 1
47 98 2
47 99 1
48 49 2
48 50 2
48 51 3
48 52 3
48 53 3
48 54 3
48 55 1
48 56 3
48 57 3
48 58 4
48 59 3
48 60 2
48 61 2
48 62 4
48 63 1
48 64 3
48 65 3
48 66 2
48 67 2
48 68 2
48 69 2
48 70 2
48 71 3
48 72 3
48 73 1
48 74 3
48 75 4
48 76 2
48 77 3
48 78 3
48 79 1
48 80 4
48 81 1
48 82 3
48 83 3
48 84 3
48 85 3
48 86 3
48 87 3
48 88 4
48 89 2
48 90 3
48 91 3
48 92 3
48 93 2
48 94 4
48 95 1
48 96 2
48 97 2
48 98 1
48 99 3
49 50 2
49 51 1
49 52 2
49 53 1
49 54 1
49 55 2
49 56 1
49 57 2
49 58 2
49 59 1
49 60 2
49 61 2
49 62 3
49 63 2
49 64 3
49 65 1
49 66 1
49 67 2
49 68 2
49 69 1
49 70 2
49 71 1
49 72 2
49 73 1
49 74 1
49 75 3
49 76 1
49 77 1
49 78 3
49 79 2
49 80 2
49 81 2
49 82 2
49 83 2
49 84 1
49 85 3
49 86 1
49 87 2
49 88 3
49 89 2
49 90 1
49 91 1
49 92 1
49 93 1
49 94 2
49 95 2
49 96 2
49 97 1
49 98 2
49 99 1
50 51 2
50 52 1
50 53 2
50 54 3
50 55 2
50 56 2
50 57 1
50 58 2
50 59 2
50 60 1
50 61 3
50 62 2
50 63 2
50 64 1
50 65 1
50 66 1
50 67 1
50 68 1
50 69 3
50 70 3
50 71 2
50 72 1
50 73 1
50 74 2
50 75 2
50 76 1
50 77 2
50 78 2
50 79 2
50 80 2
50 81 2
50 82 1
50 83 1
50 84 2
50 85 2
50 86 2
50 87 1
50 88 2
50 89 1
50 90 3
50 91 3
50 92 2
50 93 1
50 94 2
50 95 2
50 96 3
50 97 1
50 98 2
50 99 2
51 52 2
51 53 1
51 54 1
51 55 2
51 56 1
51 57 3
51 58 2
51 59 1
51 60 3
51 61 1
51 62 3
51 63 3
51 64 3
51 65 1
51 66 2
51 67 3
51 68 2
51 69 1
51 70 1
51 71 1
51 72 3
51 73 2
51 74 1
51 75 3
51 76 1
51 77 2
51 78 3
51 79 2
51 80 2
51 81 3
51 82 3
51 83 3
51 84 1
51 85 4
51 86 1
51 87 2
51 88 4
51 89 2
51 90 1
51 91 1
51 92 1
51 93 1
51 94 3
51 95 2
51 96 1
51 97 2
51 98 2
51 99 1
52 53 2
52 54 2
52 55 2
52 56 2
52 57 1
52 58 1
52 59 1
52 60 2
52 61 3
52 62 1
52 63 2
52 64 2
52 65 1
52 66 1
52 67 2
52 68 1
52 69 3
52 70 3
52 71 2
52 72 1
52 73 2
52 74 1
52 75 1
52 76 1
52 77 2
52 78 2
52 79 3
52 80 2
52 81 2
52 82 1
52 83 1
52 84 2
52 85 3
52 86 2
52 87 1
52 88 2
52 89 2
52 90 2
52 91 3
52 92 2
52 93 1
52 94 1
52 95 3
52 96 3
52 97 1
52 98 3
52 99 2
53 54 1
53 55 2
53 56 1
53 57 3
53 58 2
53 59 1
53 60 3
53 61 2
53 62 2
53 63 3
53 64 3
53 65 1
53 66 2
53 67 3
53 68 2
53 69 1
53 70 2
53 71 1
53 72 3
53 73 2
53 74 1
53 75 3
53 76 1
53 77 1
53 78 3
53 79 2
53 80 2
53 81 3
53 82 3
53 83 3
53 84 1
53 85 4
53 86 1
53 87 2
53 88 3
53 89 2
53 90 1
53 91 1
53 92 1
53 93 1
53 94 2
53 95 2
53 96 2
53 97 2
53 98 2
53 99 1
54 55 2
54 56 1
54 57 3
54 58 2
54 59 2
54 60 3
54 61 1
54 62 3
54 63 3
54 64 4
54 65 2
54 66 2
54 67 3
54 68 3
54 69 1
54 70 1
54 71 1
54 72 3
54 73 2
54 74 2
54 75 3
54 76 2
54 77 2
54 78 4
54 79 2
54 80 2
54 81 3
54 82 3
54 83 3
54 84 1
54 85 4
54 86 1
54 87 3
54 88 4
54 89 2
54 90 1
54 91 1
54 92 1
54 93 2
54 94 3
54 95 2
54 96 2
54 97 2
54 98 2
54 99 1
55 56 2
55 57 3
55 58 3
55 59 2
55 60 1
55 61 2
55 62 3
55 63 1
55 64 2
55 65 2
55 66 2
55 67 1
55 68 2
55 69 2
55 70 2
55 71 2
55 72 3
55 73 1
55 74 2
55 75 3
55 76 1
55 77 3
55 78 2
55 79 1
55 80 3
55 81 1
55 82 3
55 83 3
55 84 2
55 85 2
55 86 2
55 87 2
55 88 4
55 89 1
55 90 3
55 91 3
55 92 2
55 93 2
55 94 3
55 95 1
55 96 2
55 97 1
55 98 1
55 99 2
56 57 3
56 58 2
56 59 1
56 60 3
56 61 1
56 62 3
56 63 3
56 64 3
56 65 2
56 66 2
56 67 3
56 68 3
56 69 1
56 70 1
56 71 1
56 72 3
56 73 2
56 74 1
56 75 3
56 76 2
56 77 1
56 78 4
56 79 2
56 80 2
56 81 3
56 82 3
56 83 3
56 84 1
56 85 4
56 86 1
56 87 3
56 88 4
56 89 2
56 90 1
56 91 1
56 92 1
56 93 2
56 94 3
56 95 2
56 96 2
56 97 2
56 98 2
56 99 1
57 58 2
57 59 2
57 60 2
57 61 4
57 62 1
57 63 3
57 64 1
57 65 2
57 66 1
57 67 2
57 68 2
57 69 3
57 70 4
57 71 3
57 72 1
57 73 2
57 74 2
57 75 1
57 76 2
57 77 2
57 78 1
57 79 3
57 80 3
57 81 3
57 82 1
57 83 1
57 84 3
57 85 2
57 86 3
57 87 1
57 88 1
57 89 2
57 90 3
57 91 3
57 92 3
57 93 2
57 94 2
57 95 3
57 96 4
57 97 2
57 98 3
57 99 2
58 59 1
58 60 3
58 61 3
58 62 1
58 63 3
58 64 3
58 65 1
58 66 2
58 67 3
58 68 2
58 69 3
58 70 3
58 71 2
58 72 2
58 73 3
58 74 1
58 75 2
58 76 2
58 77 1
58 78 3
58 79 3
58 80 1
58 81 3
58 82 2
58 83 2
58 84 1
58 85 4
58 86 1
58 87 2
58 88 2
58 89 2
58 90 2
58 91 2
58 92 2
58 93 2
58 94 1
58 95 3
58 96 3
58 97 2
58 98 3
58 99 2
59 60 3
59 61 2
59 62 2
59 63 3
59 64 3
59 65 1
59 66 1
59 67 3
59 68 2
59 69 2
59 70 2
59 71 1
59 72 2
59 73 2
59 74 1
59 75 2
59 76 1
59 77 1
59 78 3
59 79 2
59 80 1
59 81 3
59 82 2
59 83 2
59 84 1
59 85 4
59 86 1
59 87 2
59 88 3
59 89 2
59 90 2
59 91 2
59 92 1
59 93 1
59 94 2
59 95 2
59 96 2
59 97 2
59 98 2
59 99 1
60 61 3
60 62 3
60 63 1
60 64 2
60 65 2
60 66 2
60 67 1
60 68 1
60 69 3
60 70 3
60 71 3
60 72 2
60 73 1
60 74 3
60 75 3
60 76 2
60 77 3
60 78 1
60 79 2
60 80 3
60 81 1
60 82 2
60 83 2
60 84 3
60 85 1
60 86 3
60 87 1
60 88 3
60 89 1
60 90 3
60 91 3
60 92 3
60 93 2
60 94 3
60 95 2
60 96 3
60 97 1
60 98 2
60 99 2
61 62 4
61 63 2
61 64 4
61 65 2
61 66 3
61 67 3
61 68 3
61 69 1
61 70 1
61 71 2
61 72 4
61 73 2
61 74 2
61 75 4
61 76 2
61 77 2
61 78 4
61 79 1
61 80 3
61 81 3
61 82 4
61 83 4
61 84 2
61 85 4
61 86 2
61 87 3
61 88 5
61 89 2
61 90 2
61 91 2
61 92 2
61 93 2
61 94 4
61 95 1
61 96 1
61 97 2
61 98 1
61 99 2
62 63 3
62 64 2
62 65 2
62 66 2
62 67 3
62 68 2
62 69 3
62 70 4
62 71 3
62 72 1
62 73 3
62 74 2
62 75 1
62 76 2
62 77 2
62 78 2
62 79 4
62 80 2
62 81 3
62 82 1
62 83 2
62 84 2
62 85 3
62 86 2
62 87 2
62 88 1
62 89 2
62 90 3
62 91 3
62 92 3
62 93 2
62 94 1
62 95 4
62 96 4
62 97 2
62 98 4
62 99 3
63 64 2
63 65 2
63 66 2
63 67 1
63 68 1
63 69 3
63 70 2
63 71 3
63 72 2
63 73 1
63 74 3
63 75 3
63 76 2
63 77 3
63 78 2
63 79 1
63 80 4
63 81 1
63 82 3
63 83 2
63 84 3
63 85 2
63 86 3
63 87 2
63 88 3
63 89 1
63 90 3
63 91 3
63 92 3
63 93 2
63 94 3
63 95 1
63 96 2
63 97 1
63 98 2
63 99 2
64 65 2
64 66 2
64 67 1
64 68 1
64 69 4
64 70 4
64 71 3
64 72 1
64 73 2
64 74 3
64 75 2
64 76 2
64 77 3
64 78 1
64 79 3
64 80 3
64 81 2
64 82 2
64 83 1
64 84 3
64 85 2
64 86 3
64 87 1
64 88 2
64 89 2
64 90 4
64 91 4
64 92 3
64 93 2
64 94 2
64 95 3
64 96 4
64 97 2
64 98 3
64 99 3
65 66 1
65 67 2
65 68 2
65 69 2
65 70 2
65 71 1
65 72 2
65 73 2
65 74 1
65 75 2
65 76 1
65 77 1
65 78 2
65 79 2
65 80 2
65 81 2
65 82 2
65 83 2
65 84 1
65 85 3
65 86 1
65 87 2
65 88 3
65 89 1
65 90 2
65 91 2
65 92 1
65 93 1
65 94 2
65 95 2
65 96 2
65 97 1
65 98 2
65 99 1
66 67 2
66 68 1
66 69 2
66 70 3
66 71 2
66 72 1
66 73 1
66 74 1
66 75 2
66 76 1
66 77 2
66 78 2
66 79 2
66 80 2
66 81 2
66 82 1
66 83 1
66 84 2
66 85 3
66 86 2
66 87 1
66 88 2
66 89 1
66 90 2
66 91 2
66 92 2
66 93 1
66 94 2
66 95 2
66 96 3
66 97 1
66 98 2
66 99 1
67 68 1
67 69 3
67 70 3
67 71 3
67 72 2
67 73 1
67 74 3
67 75 3
67 76 2
67 77 3
67 78 1
67 79 2
67 80 3
67 81 1
67 82 2
67 83 2
67 84 3
67 85 1
67 86 3
67 87 1
67 88 3
67 89 1
67 90 3
67 91 3
67 92 3
67 93 2
67 94 3
67 95 2
67 96 3
67 97 1
67 98 2
67 99 2
68 69 3
68 70 3
68 71 3
68 72 1
68 73 1
68 74 2
68 75 2
68 76 1
68 77 3
68 78 1
68 79 2
68 80 3
68 81 1
68 82 2
68 83 1
68 84 3
68 85 2
68 86 3
68 87 1
68 88 2
68 89 1
68 90 3
68 91 3
68 92 2
68 93 1
68 94 2
68 95 2
68 96 3
68 97 1
68 98 2
68 99 2
69 70 1
69 71 1
69 72 3
69 73 2
69 74 2
69 75 4
69 76 2
69 77 2
69 78 4
69 79 2
69 80 3
69 81 3
69 82 3
69 83 3
69 84 2
69 85 4
69 86 2
69 87 3
69 88 4
69 89 2
69 90 1
69 91 1
69 92 1
69 93 2
69 94 3
69 95 2
69 96 1
69 97 2
69 98 1
69 99 1
70 71 2
70 72 4
70 73 2
70 74 2
70 75 4
70 76 2
70 77 2
70 78 4
70 79 1
70 80 3
70 81 3
70 82 4
70 83 4
70 84 2
70 85 4
70 86 2
70 87 3
70 88 5
70 89 2
70 90 1
70 91 1
70 92 2
70 93 2
70 94 4
70 95 1
70 96 1
70 97 2
70 98 1
70 99 2
71 72 3
71 73 2
71 74 1
71 75 3
71 76 2
71 77 1
71 78 3
71 79 3
71 80 2
71 81 3
71 82 3
71 83 3
71 84 1
71 85 4
71 86 1
71 87 3
71 88 3
71 89 2
71 90 1
71 91 1
71 92 1
71 93 2
71 94 2
71 95 3
71 96 2
71 97 2
71 98 2
71 99 1
72 73 2
72 74 2
72 75 1
72 76 2
72 77 2
72 78 2
72 79 3
72 80 3
72 81 2
72 82 1
72 83 1
72 84 3
72 85 3
72 86 3
72 87 1
72 88 1
72 89 2
72 90 3
72 91 3
72 92 3
72 93 2
72 94 1
72 95 3
72 96 4
72 97 2
72 98 3
72 99 2
73 74 2
73 75 3
73 76 1
73 77 2
73 78 2
73 79 1
73 80 3
73 81 1
73 82 2
73 83 2
73 84 2
73 85 2
73 86 2
73 87 2
73 88 3
73 89 1
73 90 2
73 91 2
73 92 2
73 93 1
73 94 3
73 95 1
73 96 2
73 97 1
73 98 1
73 99 2
74 75 2
74 76 1
74 77 1
74 78 3
74 79 3
74 80 1
74 81 3
74 82 2
74 83 2
74 84 1
74 85 4
74 86 1
74 87 2
74 88 3
74 89 2
74 90 2
74 91 2
74 92 1
74 93 1
74 94 2
74 95 3
74 96 2
74 97 2
74 98 3
74 99 1
75 76 2
75 77 2
75 78 2
75 79 4
75 80 3
75 81 3
75 82 1
75 83 1
75 84 3
75 85 3
75 86 3
75 87 2
75 88 1
75 89 2
75 90 3
75 91 3
75 92 3
75 93 2
75 94 1
75 95 4
75 96 4
75 97 2
75 98 4
75 99 3
76 77 2
76 78 2
76 79 2
76 80 2
76 81 2
76 82 2
76 83 2
76 84 2
76 85 3
76 86 2
76 87 1
76 88 3
76 89 1
76 90 2
76 91 2
76 92 1
76 93 1
76 94 2
76 95 2
76 96 2
76 97 1
76 98 2
76 99 1
77 78 3
77 79 3
77 80 1
77 81 3
77 82 2
77 83 2
77 84 1
77 85 4
77 86 1
77 87 2
77 88 3
77 89 2
77 90 2
77 91 2
77 92 1
77 93 2
77 94 2
77 95 3
77 96 3
77 97 2
77 98 3
77 99 1
78 79 3
78 80 4
78 81 2
78 82 2
78 83 1
78 84 3
78 85 1
78 86 3
78 87 1
78 88 2
78 89 2
78 90 4
78 91 4
78 92 3
78 93 2
78 94 3
78 95 3
78 96 4
78 97 2
78 98 3
78 99 3
79 80 3
79 81 2
79 82 3
79 83 3
79 84 3
79 85 3
79 86 3
79 87 3
79 88 4
79 89 2
79 90 2
79 91 2
79 92 2
79 93 2
79 94 4
79 95 1
79 96 1
79 97 2
79 98 1
79 99 2
80 81 4
80 82 3
80 83 3
80 84 1
80 85 4
80 86 1
80 87 3
80 88 3
80 89 3
80 90 2
80 91 2
80 92 2
80 93 2
80 94 2
80 95 3
80 96 3
80 97 3
80 98 3
80 99 2
81 82 3
81 83 2
81 84 3
81 85 2
81 86 3
81 87 2
81 88 3
81 89 1
81 90 3
81 91 3
81 92 3
81 93 2
81 94 3
81 95 2
81 96 3
81 97 2
81 98 2
81 99 3
82 83 1
82 84 3
82 85 3
82 86 3
82 87 1
82 88 1
82 89 2
82 90 3
82 91 3
82 92 3
82 93 2
82 94 1
82 95 3
82 96 4
82 97 2
82 98 3
82 99 2
83 84 3
83 85 2
83 86 3
83 87 1
83 88 2
83 89 2
83 90 3
83 91 3
83 92 3
83 93 2
83 94 2
83 95 3
83 96 4
83 97 2
83 98 3
83 99 2
84 85 4
84 86 1
84 87 3
84 88 3
84 89 2
84 90 1
84 91 1
84 92 1
84 93 2
84 94 2
84 95 3
84 96 2
84 97 2
84 98 3
84 99 1
85 86 4
85 87 2
85 88 3
85 89 2
85 90 4
85 91 4
85 92 4
85 93 3
85 94 4
85 95 3
85 96 4
85 97 2
85 98 3
85 99 3
86 87 3
86 88 3
86 89 2
86 90 1
86 91 1
86 92 1
86 93 2
86 94 2
86 95 3
86 96 2
86 97 2
86 98 3
86 99 1
87 88 2
87 89 1
87 90 3
87 91 3
87 92 2
87 93 1
87 94 2
87 95 3
87 96 3
87 97 1
87 98 3
87 99 2
88 89 3
88 90 4
88 91 4
88 92 3
88 93 3
88 94 1
88 95 4
88 96 5
88 97 3
88 98 4
88 99 3
89 90 3
89 91 3
89 92 2
89 93 1
89 94 2
89 95 2
89 96 2
89 97 1
89 98 2
89 99 2
90 91 1
90 92 1
90 93 2
90 94 3
90 95 2
90 96 2
90 97 2
90 98 2
90 99 1
91 92 1
91 93 2
91 94 3
91 95 2
91 96 2
91 97 2
91 98 2
91 99 1
92 93 1
92 94 2
92 95 2
92 96 2
92 97 2
92 98 2
92 99 1
93 94 2
93 95 2
93 96 2
93 97 1
93 98 2
93 99 1
94 95 4
94 96 4
94 97 2
94 98 4
94 99 2
95 96 1
95 97 2
95 98 1
95 99 2
96 97 2
96 98 1
96 99 2
97 98 2
97 99 1
98 99 2
