100 
0 1 2
0 2 2
0 3 2
0 4 2
0 5 2
0 6 1
0 7 1
0 8 2
0 9 2
0 10 1
0 11 2
0 12 1
0 13 2
0 14 2
0 15 2
0 16 1
0 17 2
0 18 1
0 19 2
0 20 2
0 21 2
0 22 2
0 23 1
0 24 2
0 25 1
0 26 3
0 27 1
0 28 1
0 29 2
0 30 3
0 31 2
0 32 1
0 33 1
0 34 3
0 35 2
0 36 1
0 37 3
0 38 1
0 39 2
0 40 2
0 41 3
0 42 1
0 43 2
0 44 1
0 45 2
0 46 2
0 47 2
0 48 1
0 49 3
0 50 3
0 51 1
0 52 1
0 53 2
0 54 3
0 55 2
0 56 2
0 57 1
0 58 2
0 59 1
0 60 2
0 61 1
0 62 2
0 63 3
0 64 3
0 65 1
0 66 1
0 67 2
0 68 2
0 69 1
0 70 2
0 71 2
0 72 2
0 73 2
0 74 2
0 75 2
0 76 2
0 77 2
0 78 2
0 79 2
0 80 2
0 81 2
0 82 2
0 83 2
0 84 1
0 85 2
0 86 2
0 87 2
0 88 2
0 89 2
0 90 1
0 91 3
0 92 2
0 93 2
0 94 1
0 95 2
0 96 3
0 97 2
0 98 2
0 99 1
1 2 1
1 3 3
1 4 3
1 5 3
1 6 3
1 7 2
1 8 2
1 9 4
1 10 3
1 11 2
1 12 2
1 13 1
1 14 1
1 15 2
1 16 1
1 17 2
1 18 3
1 19 2
1 20 1
1 21 4
1 22 2
1 23 2
1 24 1
1 25 3
1 26 3
1 27 2
1 28 1
1 29 1
1 30 3
1 31 3
1 32 1
1 33 2
1 34 2
1 35 1
1 36 1
1 37 2
1 38 3
1 39 2
1 40 3
1 41 2
1 42 3
1 43 3
1 44 1
1 45 3
1 46 3
1 47 3
1 48 2
1 49 3
1 50 2
1 51 2
1 52 3
1 53 2
1 54 1
1 55 1
1 56 1
1 57 2
1 58 1
1 59 2
1 60 1
1 61 2
1 62 1
1 63 1
1 64 2
1 65 2
1 66 2
1 67 1
1 68 3
1 69 2
1 70 2
1 71 1
1 72 2
1 73 3
1 74 2
1 75 3
1 76 1
1 77 1
1 78 2
1 79 1
1 80 1
1 81 2
1 82 3
1 83 2
1 84 3
1 85 1
1 86 2
1 87 2
1 88 3
1 89 2
1 90 2
1 91 2
1 92 3
1 93 3
1 94 2
1 95 2
1 96 3
1 97 1
1 98 1
1 99 2
2 3 3
2 4 3
2 5 3
2 6 3
2 7 2
2 8 2
2 9 4
2 10 3
2 11 2
2 12 2
2 13 1
2 14 1
2 15 3
2 16 2
2 17 2
2 18 3
2 19 3
2 20 1
2 21 4
2 22 2
2 23 2
2 24 2
2 25 3
2 26 3
2 27 2
2 28 2
2 29 1
2 30 3
2 31 4
2 32 2
2 33 2
2 34 2
2 35 1
2 36 2
2 37 2
2 38 3
2 39 2
2 40 3
2 41 1
2 42 3
2 43 3
2 44 1
2 45 3
2 46 3
2 47 4
2 48 2
2 49 3
2 50 2
2 51 2
2 52 3
2 53 2
2 54 1
2 55 1
2 56 1
2 57 3
2 58 2
2 59 2
2 60 1
2 61 2
2 62 1
2 63 1
2 64 2
2 65 3
2 66 2
2 67 2
2 68 3
2 69 2
2 70 3
2 71 1
2 72 3
2 73 4
2 74 2
2 75 4
2 76 1
2 77 1
2 78 3
2 79 1
2 80 1
2 81 2
2 82 3
2 83 3
2 84 3
2 85 1
2 86 2
2 87 2
2 88 3
2 89 2
2 90 3
2 91 2
2 92 4
2 93 4
2 94 2
2 95 2
2 96 3
2 97 2
2 98 1
2 99 2
3 4 3
3 5 1
3 6 2
3 7 2
3 8 1
3 9 1
3 10 1
3 11 3
3 12 1
3 13 3
3 14 3
3 15 3
3 16 2
3 17 1
3 18 2
3 19 3
3 20 2
3 21 3
3 22 3
3 23 1
3 24 2
3 25 1
3 26 4
3 27 1
3 28 2
3 29 2
3 30 4
3 31 2
3 32 2
3 33 1
3 34 3
3 35 2
3 36 2
3 37 4
3 38 2
3 39 3
3 40 1
3 41 2
3 42 2
3 43 1
3 44 2
3 45 3
3 46 1
3 47 3
3 48 2
3 49 4
3 50 4
3 51 2
3 52 2
3 53 1
3 54 3
3 55 2
3 56 3
3 57 2
3 58 3
3 59 2
3 60 2
3 61 2
3 62 2
3 63 3
3 64 4
3 65 1
3 66 1
3 67 3
3 68 1
3 69 1
3 70 3
3 71 2
3 72 3
3 73 3
3 74 3
3 75 3
3 76 3
3 77 3
3 78 3
3 79 3
3 80 2
3 81 3
3 82 2
3 83 3
3 84 1
3 85 2
3 86 3
3 87 3
3 88 1
3 89 3
3 90 2
3 91 4
3 92 3
3 93 2
3 94 1
3 95 1
3 96 4
3 97 3
3 98 3
3 99 2
4 5 3
4 6 2
4 7 1
4 8 4
4 9 3
4 10 3
4 11 2
4 12 2
4 13 2
4 14 3
4 15 1
4 16 2
4 17 3
4 18 1
4 19 2
4 20 3
4 21 1
4 22 1
4 23 3
4 24 3
4 25 3
4 26 1
4 27 3
4 28 2
4 29 3
4 30 2
4 31 2
4 32 2
4 33 2
4 34 4
4 35 2
4 36 2
4 37 2
4 38 2
4 39 2
4 40 3
4 41 4
4 42 2
4 43 3
4 44 2
4 45 1
4 46 3
4 47 1
4 48 2
4 49 1
4 50 3
4 51 1
4 52 2
4 53 3
4 54 3
4 55 2
4 56 3
4 57 2
4 58 2
4 59 1
4 60 3
4 61 1
4 62 3
4 63 3
4 64 2
4 65 2
4 66 2
4 67 2
4 68 3
4 69 3
4 70 1
4 71 3
4 72 1
4 73 1
4 74 2
4 75 1
4 76 3
4 77 2
4 78 1
4 79 3
4 80 2
4 81 1
4 82 2
4 83 1
4 84 3
4 85 3
4 86 2
4 87 2
4 88 3
4 89 2
4 90 2
4 91 2
4 92 1
4 93 3
4 94 2
4 95 4
4 96 2
4 97 2
4 98 2
4 99 2
5 6 2
5 7 2
5 8 1
5 9 1
5 10 1
5 11 3
5 12 1
5 13 3
5 14 3
5 15 3
5 16 2
5 17 1
5 18 2
5 19 3
5 20 2
5 21 3
5 22 3
5 23 1
5 24 2
5 25 1
5 26 4
5 27 1
5 28 2
5 29 2
5 30 4
5 31 2
5 32 2
5 33 1
5 34 3
5 35 2
5 36 2
5 37 4
5 38 1
5 39 3
5 40 1
5 41 2
5 42 1
5 43 1
5 44 2
5 45 3
5 46 1
5 47 2
5 48 2
5 49 4
5 50 4
5 51 2
5 52 2
5 53 1
5 54 3
5 55 2
5 56 3
5 57 2
5 58 3
5 59 2
5 60 2
5 61 2
5 62 2
5 63 3
5 64 4
5 65 1
5 66 1
5 67 3
5 68 1
5 69 1
5 70 3
5 71 2
5 72 3
5 73 3
5 74 3
5 75 2
5 76 3
5 77 3
5 78 3
5 79 3
5 80 2
5 81 3
5 82 2
5 83 3
5 84 1
5 85 2
5 86 3
5 87 3
5 88 1
5 89 3
5 90 2
5 91 4
5 92 2
5 93 1
5 94 1
5 95 1
5 96 4
5 97 3
5 98 3
5 99 2
6 7 2
6 8 2
6 9 1
6 10 1
6 11 3
6 12 1
6 13 3
6 14 3
6 15 2
6 16 2
6 17 3
6 18 1
6 19 3
6 20 3
6 21 2
6 22 3
6 23 2
6 24 3
6 25 1
6 26 3
6 27 2
6 28 2
6 29 3
6 30 4
6 31 1
6 32 2
6 33 2
6 34 4
6 35 3
6 36 2
6 37 4
6 38 1
6 39 3
6 40 2
6 41 3
6 42 1
6 43 2
6 44 2
6 45 3
6 46 2
6 47 1
6 48 2
6 49 3
6 50 4
6 51 2
6 52 1
6 53 3
6 54 3
6 55 2
6 56 3
6 57 1
6 58 3
6 59 2
6 60 2
6 61 2
6 62 3
6 63 3
6 64 4
6 65 1
6 66 1
6 67 3
6 68 1
6 69 2
6 70 2
6 71 3
6 72 2
6 73 2
6 74 3
6 75 1
6 76 3
6 77 3
6 78 2
6 79 3
6 80 3
6 81 3
6 82 1
6 83 2
6 84 1
6 85 3
6 86 3
6 87 3
6 88 1
6 89 3
6 90 1
6 91 4
6 92 1
6 93 1
6 94 1
6 95 3
6 96 4
6 97 3
6 98 3
6 99 2
7 8 3
7 9 2
7 10 2
7 11 1
7 12 1
7 13 1
7 14 2
7 15 1
7 16 1
7 17 2
7 18 1
7 19 2
7 20 2
7 21 2
7 22 1
7 23 2
7 24 2
7 25 2
7 26 2
7 27 2
7 28 1
7 29 2
7 30 2
7 31 2
7 32 1
7 33 1
7 34 3
7 35 1
7 36 1
7 37 2
7 38 1
7 39 2
7 40 2
7 41 3
7 42 2
7 43 2
7 44 1
7 45 2
7 46 2
7 47 2
7 48 1
7 49 2
7 50 2
7 51 1
7 52 2
7 53 2
7 54 2
7 55 1
7 56 2
7 57 1
7 58 1
7 59 1
7 60 2
7 61 1
7 62 2
7 63 2
7 64 2
7 65 1
7 66 1
7 67 1
7 68 2
7 69 2
7 70 1
7 71 2
7 72 1
7 73 2
7 74 1
7 75 2
7 76 2
7 77 1
7 78 1
7 79 2
7 80 1
7 81 1
7 82 2
7 83 1
7 84 2
7 85 2
7 86 1
7 87 2
7 88 3
7 89 2
7 90 1
7 91 2
7 92 2
7 93 2
7 94 1
7 95 3
7 96 2
7 97 1
7 98 2
7 99 1
8 9 2
8 10 2
8 11 3
8 12 2
8 13 3
8 14 2
8 15 3
8 16 2
8 17 1
8 18 3
8 19 4
8 20 2
8 21 4
8 22 4
8 23 1
8 24 1
8 25 1
8 26 4
8 27 1
8 28 3
8 29 1
8 30 4
8 31 3
8 32 2
8 33 2
8 34 2
8 35 2
8 36 2
8 37 4
8 38 2
8 39 3
8 40 1
8 41 2
8 42 2
8 43 1
8 44 2
8 45 4
8 46 1
8 47 3
8 48 2
8 49 4
8 50 3
8 51 3
8 52 3
8 53 1
8 54 3
8 55 2
8 56 2
8 57 2
8 58 3
8 59 3
8 60 1
8 61 3
8 62 1
8 63 3
8 64 4
8 65 2
8 66 2
8 67 3
8 68 2
8 69 1
8 70 3
8 71 2
8 72 3
8 73 4
8 74 3
8 75 3
8 76 2
8 77 2
8 78 3
8 79 3
8 80 2
8 81 4
8 82 3
8 83 3
8 84 2
8 85 2
8 86 3
8 87 3
8 88 2
8 89 3
8 90 2
8 91 4
8 92 3
8 93 2
8 94 2
8 95 1
8 96 4
8 97 3
8 98 3
8 99 3
9 10 1
9 11 3
9 12 2
9 13 3
9 14 4
9 15 3
9 16 3
9 17 2
9 18 2
9 19 4
9 20 3
9 21 3
9 22 3
9 23 2
9 24 3
9 25 1
9 26 4
9 27 2
9 28 3
9 29 3
9 30 4
9 31 2
9 32 3
9 33 2
9 34 4
9 35 3
9 36 3
9 37 4
9 38 1
9 39 4
9 40 1
9 41 3
9 42 1
9 43 1
9 44 3
9 45 4
9 46 1
9 47 2
9 48 2
9 49 4
9 50 4
9 51 2
9 52 2
9 53 2
9 54 4
9 55 3
9 56 4
9 57 2
9 58 3
9 59 3
9 60 3
9 61 2
9 62 3
9 63 4
9 64 4
9 65 2
9 66 2
9 67 3
9 68 1
9 69 2
9 70 3
9 71 3
9 72 3
9 73 3
9 74 3
9 75 2
9 76 4
9 77 3
9 78 3
9 79 4
9 80 3
9 81 3
9 82 1
9 83 3
9 84 1
9 85 3
9 86 3
9 87 4
9 88 1
9 89 4
9 90 2
9 91 4
9 92 2
9 93 1
9 94 2
9 95 2
9 96 4
9 97 3
9 98 4
9 99 3
10 11 3
10 12 1
10 13 3
10 14 3
10 15 3
10 16 2
10 17 2
10 18 2
10 19 3
10 20 2
10 21 3
10 22 3
10 23 1
10 24 3
10 25 1
10 26 3
10 27 2
10 28 2
10 29 3
10 30 4
10 31 1
10 32 2
10 33 1
10 34 4
10 35 2
10 36 2
10 37 4
10 38 1
10 39 3
10 40 1
10 41 3
10 42 1
10 43 1
10 44 2
10 45 3
10 46 1
10 47 2
10 48 2
10 49 3
10 50 4
10 51 2
10 52 1
10 53 2
10 54 3
10 55 2
10 56 3
10 57 1
10 58 3
10 59 2
10 60 2
10 61 2
10 62 3
10 63 3
10 64 4
10 65 1
10 66 1
10 67 3
10 68 1
10 69 2
10 70 3
10 71 3
10 72 3
10 73 2
10 74 3
10 75 2
10 76 3
10 77 3
10 78 3
10 79 3
10 80 3
10 81 3
10 82 1
10 83 3
10 84 1
10 85 3
10 86 3
10 87 3
10 88 1
10 89 3
10 90 1
10 91 4
10 92 2
10 93 1
10 94 1
10 95 2
10 96 4
10 97 3
10 98 3
10 99 2
11 12 2
11 13 1
11 14 2
11 15 1
11 16 1
11 17 3
11 18 2
11 19 1
11 20 2
11 21 3
11 22 1
11 23 3
11 24 3
11 25 3
11 26 2
11 27 2
11 28 1
11 29 2
11 30 1
11 31 3
11 32 1
11 33 2
11 34 3
11 35 1
11 36 1
11 37 1
11 38 2
11 39 1
11 40 3
11 41 3
11 42 2
11 43 3
11 44 2
11 45 1
11 46 3
11 47 3
11 48 1
11 49 2
11 50 1
11 51 1
11 52 2
11 53 3
11 54 2
11 55 1
11 56 1
11 57 2
11 58 1
11 59 1
11 60 2
11 61 1
11 62 2
11 63 2
11 64 1
11 65 2
11 66 2
11 67 1
11 68 3
11 69 2
11 70 1
11 71 2
11 72 1
11 73 2
11 74 1
11 75 3
11 76 2
11 77 1
11 78 1
11 79 2
11 80 2
11 81 1
11 82 3
11 83 1
11 84 2
11 85 3
11 86 1
11 87 1
11 88 3
11 89 1
11 90 2
11 91 1
11 92 3
11 93 3
11 94 2
11 95 3
11 96 1
11 97 1
11 98 1
11 99 1
12 13 2
12 14 2
12 15 2
12 16 1
12 17 2
12 18 2
12 19 3
12 20 2
12 21 3
12 22 2
12 23 1
12 24 2
12 25 1
12 26 3
12 27 1
12 28 1
12 29 2
12 30 3
12 31 2
12 32 1
12 33 1
12 34 3
12 35 2
12 36 1
12 37 3
12 38 1
12 39 2
12 40 1
12 41 2
12 42 1
12 43 1
12 44 1
12 45 3
12 46 1
12 47 2
12 48 1
12 49 3
12 50 3
12 51 1
12 52 1
12 53 2
12 54 2
12 55 1
12 56 2
12 57 1
12 58 2
12 59 2
12 60 1
12 61 1
12 62 2
12 63 2
12 64 3
12 65 1
12 66 1
12 67 2
12 68 1
12 69 1
12 70 2
12 71 2
12 72 2
12 73 3
12 74 2
12 75 2
12 76 2
12 77 2
12 78 2
12 79 2
12 80 2
12 81 2
12 82 2
12 83 2
12 84 1
12 85 2
12 86 2
12 87 2
12 88 2
12 89 3
12 90 1
12 91 3
12 92 2
12 93 2
12 94 1
12 95 2
12 96 3
12 97 2
12 98 2
12 99 2
13 14 1
13 15 2
13 16 1
13 17 3
13 18 2
13 19 2
13 20 2
13 21 3
13 22 1
13 23 3
13 24 2
13 25 3
13 26 2
13 27 2
13 28 1
13 29 2
13 30 2
13 31 3
13 32 1
13 33 2
13 34 3
13 35 1
13 36 1
13 37 1
13 38 2
13 39 1
13 40 3
13 41 2
13 42 3
13 43 3
13 44 2
13 45 2
13 46 3
13 47 3
13 48 2
13 49 2
13 50 1
13 51 2
13 52 3
13 53 3
13 54 1
13 55 1
13 56 1
13 57 2
13 58 1
13 59 1
13 60 2
13 61 2
13 62 2
13 63 1
13 64 1
13 65 2
13 66 2
13 67 1
13 68 3
13 69 2
13 70 2
13 71 2
13 72 2
13 73 3
13 74 1
13 75 3
13 76 2
13 77 1
13 78 2
13 79 1
13 80 1
13 81 1
13 82 3
13 83 2
13 84 3
13 85 2
13 86 1
13 87 1
13 88 4
13 89 1
13 90 2
13 91 1
13 92 3
13 93 3
13 94 2
13 95 3
13 96 2
13 97 1
13 98 1
13 99 1
14 15 2
14 16 1
14 17 2
14 18 3
14 19 2
14 20 1
14 21 4
14 22 2
14 23 2
14 24 1
14 25 3
14 26 3
14 27 2
14 28 1
14 29 1
14 30 3
14 31 3
14 32 1
14 33 2
14 34 2
14 35 1
14 36 1
14 37 2
14 38 3
14 39 2
14 40 3
14 41 2
14 42 3
14 43 3
14 44 1
14 45 3
14 46 3
14 47 3
14 48 2
14 49 3
14 50 2
14 51 2
14 52 3
14 53 2
14 54 1
14 55 1
14 56 1
14 57 2
14 58 1
14 59 2
14 60 1
14 61 2
14 62 1
14 63 1
14 64 2
14 65 2
14 66 2
14 67 1
14 68 3
14 69 2
14 70 2
14 71 1
14 72 2
14 73 3
14 74 2
14 75 3
14 76 1
14 77 1
14 78 2
14 79 1
14 80 1
14 81 2
14 82 3
14 83 2
14 84 3
14 85 1
14 86 2
14 87 2
14 88 3
14 89 2
14 90 2
14 91 2
14 92 3
14 93 3
14 94 2
14 95 2
14 96 3
14 97 1
14 98 1
14 99 1
15 16 2
15 17 3
15 18 1
15 19 1
15 20 2
15 21 2
15 22 1
15 23 3
15 24 3
15 25 3
15 26 1
15 27 3
15 28 1
15 29 3
15 30 2
15 31 2
15 32 1
15 33 2
15 34 4
15 35 2
15 36 1
15 37 2
15 38 2
15 39 1
15 40 3
15 41 3
15 42 2
15 43 3
15 44 2
15 45 1
15 46 3
15 47 2
15 48 1
15 49 1
15 50 2
15 51 1
15 52 2
15 53 3
15 54 2
15 55 2
15 56 2
15 57 2
15 58 1
15 59 1
15 60 2
15 61 1
15 62 3
15 63 2
15 64 2
15 65 2
15 66 2
15 67 1
15 68 3
15 69 2
15 70 1
15 71 3
15 72 1
15 73 1
15 74 1
15 75 2
15 76 3
15 77 2
15 78 1
15 79 2
15 80 2
15 81 1
15 82 2
15 83 1
15 84 2
15 85 3
15 86 1
15 87 1
15 88 3
15 89 2
15 90 2
15 91 2
15 92 2
15 93 3
15 94 2
15 95 3
15 96 2
15 97 1
15 98 2
15 99 1
16 17 2
16 18 2
16 19 2
16 20 1
16 21 3
16 22 2
16 23 2
16 24 2
16 25 2
16 26 3
16 27 2
16 28 1
16 29 2
16 30 2
16 31 3
16 32 1
16 33 1
16 34 3
16 35 1
16 36 1
16 37 2
16 38 2
16 39 2
16 40 2
16 41 2
16 42 2
16 43 2
16 44 1
16 45 2
16 46 2
16 47 3
16 48 1
16 49 3
16 50 2
16 51 1
16 52 2
16 53 2
16 54 2
16 55 1
16 56 1
16 57 2
16 58 1
16 59 1
16 60 1
16 61 1
16 62 2
16 63 2
16 64 2
16 65 2
16 66 2
16 67 1
16 68 2
16 69 1
16 70 2
16 71 2
16 72 2
16 73 3
16 74 1
16 75 3
16 76 2
16 77 1
16 78 2
16 79 1
16 80 1
16 81 2
16 82 3
16 83 2
16 84 2
16 85 2
16 86 2
16 87 2
16 88 3
16 89 2
16 90 2
16 91 2
16 92 3
16 93 3
16 94 1
16 95 2
16 96 2
16 97 1
16 98 1
16 99 1
17 18 3
17 19 3
17 20 1
17 21 4
17 22 3
17 23 1
17 24 1
17 25 2
17 26 4
17 27 1
17 28 2
17 29 1
17 30 4
17 31 3
17 32 2
17 33 2
17 34 2
17 35 2
17 36 2
17 37 4
17 38 2
17 39 3
17 40 2
17 41 2
17 42 2
17 43 1
17 44 1
17 45 4
17 46 1
17 47 3
17 48 2
17 49 4
17 50 3
17 51 2
17 52 3
17 53 1
17 54 3
17 55 2
17 56 2
17 57 2
17 58 2
17 59 3
17 60 1
17 61 3
17 62 1
17 63 2
17 64 4
17 65 2
17 66 2
17 67 2
17 68 2
17 69 1
17 70 3
17 71 1
17 72 3
17 73 4
17 74 3
17 75 3
17 76 2
17 77 2
17 78 3
17 79 2
17 80 2
17 81 3
17 82 3
17 83 3
17 84 2
17 85 1
17 86 3
17 87 3
17 88 2
17 89 3
17 90 2
17 91 4
17 92 3
17 93 2
17 94 2
17 95 1
17 96 4
17 97 2
17 98 2
17 99 2
18 19 2
18 20 3
18 21 1
18 22 2
18 23 2
18 24 3
18 25 2
18 26 2
18 27 2
18 28 2
18 29 3
18 30 3
18 31 1
18 32 2
18 33 2
18 34 4
18 35 2
18 36 2
18 37 3
18 38 1
18 39 2
18 40 2
18 41 4
18 42 1
18 43 2
18 44 2
18 45 2
18 46 2
18 47 1
18 48 1
18 49 2
18 50 3
18 51 1
18 52 1
18 53 3
18 54 3
18 55 2
18 56 3
18 57 1
18 58 2
18 59 2
18 60 3
18 61 1
18 62 3
18 63 3
18 64 3
18 65 2
18 66 1
18 67 2
18 68 2
18 69 2
18 70 1
18 71 3
18 72 1
18 73 1
18 74 2
18 75 1
18 76 3
18 77 2
18 78 1
18 79 3
18 80 2
18 81 2
18 82 1
18 83 1
18 84 2
18 85 3
18 86 2
18 87 2
18 88 2
18 89 3
18 90 1
18 91 3
18 92 1
18 93 2
18 94 2
18 95 3
18 96 3
18 97 2
18 98 3
18 99 2
19 20 2
19 21 2
19 22 1
19 23 3
19 24 3
19 25 3
19 26 1
19 27 3
19 28 2
19 29 3
19 30 1
19 31 3
19 32 2
19 33 2
19 34 4
19 35 2
19 36 2
19 37 1
19 38 3
19 39 1
19 40 4
19 41 3
19 42 3
19 43 3
19 44 2
19 45 1
19 46 4
19 47 3
19 48 2
19 49 1
19 50 2
19 51 2
19 52 3
19 53 3
19 54 2
19 55 2
19 56 2
19 57 3
19 58 2
19 59 1
19 60 3
19 61 2
19 62 3
19 63 3
19 64 1
19 65 3
19 66 3
19 67 1
19 68 4
19 69 3
19 70 1
19 71 3
19 72 1
19 73 2
19 74 1
19 75 3
19 76 3
19 77 2
19 78 1
19 79 3
19 80 2
19 81 1
19 82 3
19 83 1
19 84 3
19 85 3
19 86 1
19 87 1
19 88 4
19 89 1
19 90 3
19 91 1
19 92 3
19 93 4
19 94 3
19 95 3
19 96 1
19 97 1
19 98 2
19 99 1
20 21 4
20 22 2
20 23 2
20 24 1
20 25 2
20 26 3
20 27 1
20 28 1
20 29 1
20 30 3
20 31 3
20 32 1
20 33 1
20 34 2
20 35 1
20 36 1
20 37 3
20 38 2
20 39 2
20 40 2
20 41 1
20 42 2
20 43 2
20 44 1
20 45 3
20 46 2
20 47 3
20 48 2
20 49 3
20 50 2
20 51 2
20 52 2
20 53 1
20 54 2
20 55 1
20 56 1
20 57 2
20 58 1
20 59 2
20 60 1
20 61 2
20 62 1
20 63 1
20 64 3
20 65 2
20 66 2
20 67 2
20 68 3
20 69 1
20 70 2
20 71 1
20 72 2
20 73 3
20 74 2
20 75 3
20 76 1
20 77 1
20 78 2
20 79 1
20 80 1
20 81 2
20 82 3
20 83 2
20 84 2
20 85 1
20 86 2
20 87 2
20 88 3
20 89 2
20 90 2
20 91 3
20 92 3
20 93 3
20 94 2
20 95 1
20 96 3
20 97 1
20 98 1
20 99 2
21 22 2
21 23 3
21 24 4
21 25 3
21 26 1
21 27 3
21 28 3
21 29 4
21 30 3
21 31 2
21 32 3
21 33 3
21 34 5
21 35 3
21 36 3
21 37 3
21 38 2
21 39 3
21 40 3
21 41 5
21 42 2
21 43 3
21 44 3
21 45 2
21 46 3
21 47 1
21 48 2
21 49 1
21 50 4
21 51 2
21 52 2
21 53 4
21 54 4
21 55 3
21 56 4
21 57 2
21 58 3
21 59 2
21 60 4
21 61 2
21 62 4
21 63 4
21 64 3
21 65 3
21 66 2
21 67 3
21 68 3
21 69 3
21 70 2
21 71 4
21 72 2
21 73 1
21 74 3
21 75 1
21 76 4
21 77 3
21 78 2
21 79 4
21 80 3
21 81 2
21 82 2
21 83 2
21 84 3
21 85 4
21 86 3
21 87 3
21 88 3
21 89 3
21 90 2
21 91 3
21 92 1
21 93 3
21 94 3
21 95 4
21 96 3
21 97 3
21 98 3
21 99 3
22 23 3
22 24 3
22 25 3
22 26 1
22 27 3
22 28 1
22 29 3
22 30 1
22 31 3
22 32 2
22 33 2
22 34 4
22 35 2
22 36 2
22 37 1
22 38 2
22 39 1
22 40 3
22 41 3
22 42 3
22 43 3
22 44 2
22 45 1
22 46 3
22 47 2
22 48 2
22 49 1
22 50 2
22 51 1
22 52 2
22 53 3
22 54 2
22 55 2
22 56 2
22 57 2
22 58 1
22 59 1
22 60 3
22 61 1
22 62 3
22 63 2
22 64 1
22 65 2
22 66 2
22 67 1
22 68 3
22 69 3
22 70 1
22 71 3
22 72 1
22 73 2
22 74 1
22 75 2
22 76 3
22 77 2
22 78 1
22 79 2
22 80 2
22 81 1
22 82 3
22 83 1
22 84 3
22 85 3
22 86 1
22 87 1
22 88 4
22 89 1
22 90 2
22 91 1
22 92 2
22 93 3
22 94 2
22 95 3
22 96 1
22 97 1
22 98 2
22 99 1
23 24 2
23 25 1
23 26 4
23 27 1
23 28 2
23 29 2
23 30 4
23 31 2
23 32 2
23 33 1
23 34 3
23 35 2
23 36 2
23 37 4
23 38 1
23 39 3
23 40 1
23 41 2
23 42 2
23 43 1
23 44 1
23 45 3
23 46 1
23 47 2
23 48 2
23 49 4
23 50 3
23 51 2
23 52 2
23 53 1
23 54 3
23 55 2
23 56 2
23 57 1
23 58 2
23 59 2
23 60 1
23 61 2
23 62 2
23 63 3
23 64 4
23 65 1
23 66 1
23 67 2
23 68 1
23 69 1
23 70 3
23 71 2
23 72 3
23 73 3
23 74 3
23 75 2
23 76 2
23 77 2
23 78 3
23 79 3
23 80 2
23 81 3
23 82 2
23 83 3
23 84 1
23 85 2
23 86 3
23 87 3
23 88 1
23 89 3
23 90 2
23 91 4
23 92 2
23 93 2
23 94 1
23 95 1
23 96 4
23 97 2
23 98 2
23 99 2
24 25 2
24 26 4
24 27 1
24 28 2
24 29 1
24 30 3
24 31 3
24 32 2
24 33 2
24 34 1
24 35 2
24 36 2
24 37 3
24 38 2
24 39 3
24 40 2
24 41 1
24 42 3
24 43 2
24 44 1
24 45 3
24 46 2
24 47 3
24 48 2
24 49 4
24 50 3
24 51 2
24 52 3
24 53 1
24 54 2
24 55 2
24 56 2
24 57 2
24 58 2
24 59 2
24 60 1
24 61 3
24 62 1
24 63 2
24 64 3
24 65 2
24 66 2
24 67 2
24 68 3
24 69 1
24 70 3
24 71 1
24 72 3
24 73 4
24 74 2
24 75 3
24 76 1
24 77 2
24 78 3
24 79 2
24 80 1
24 81 3
24 82 3
24 83 3
24 84 2
24 85 1
24 86 3
24 87 3
24 88 3
24 89 3
24 90 2
24 91 3
24 92 3
24 93 3
24 94 2
24 95 1
24 96 3
24 97 2
24 98 2
24 99 2
25 26 4
25 27 1
25 28 2
25 29 2
25 30 4
25 31 2
25 32 2
25 33 1
25 34 3
25 35 2
25 36 2
25 37 4
25 38 1
25 39 3
25 40 1
25 41 3
25 42 1
25 43 1
25 44 2
25 45 3
25 46 1
25 47 2
25 48 2
25 49 4
25 50 4
25 51 2
25 52 2
25 53 2
25 54 3
25 55 2
25 56 3
25 57 1
25 58 3
25 59 2
25 60 2
25 61 2
25 62 2
25 63 3
25 64 4
25 65 1
25 66 1
25 67 3
25 68 1
25 69 1
25 70 3
25 71 2
25 72 3
25 73 3
25 74 3
25 75 2
25 76 3
25 77 3
25 78 3
25 79 3
25 80 2
25 81 3
25 82 2
25 83 3
25 84 1
25 85 3
25 86 3
25 87 3
25 88 1
25 89 3
25 90 2
25 91 4
25 92 2
25 93 1
25 94 1
25 95 2
25 96 4
25 97 3
25 98 3
25 99 2
26 27 4
26 28 2
26 29 4
26 30 2
26 31 2
26 32 2
26 33 3
26 34 5
26 35 3
26 36 2
26 37 2
26 38 3
26 39 2
26 40 4
26 41 4
26 42 3
26 43 4
26 44 3
26 45 1
26 46 4
26 47 2
26 48 2
26 49 1
26 50 3
26 51 2
26 52 3
26 53 4
26 54 3
26 55 3
26 56 3
26 57 3
26 58 2
26 59 2
26 60 3
26 61 2
26 62 4
26 63 3
26 64 2
26 65 3
26 66 3
26 67 2
26 68 4
26 69 3
26 70 1
26 71 4
26 72 1
26 73 1
26 74 2
26 75 2
26 76 4
26 77 3
26 78 1
26 79 3
26 80 3
26 81 1
26 82 3
26 83 1
26 84 3
26 85 4
26 86 2
26 87 2
26 88 4
26 89 2
26 90 3
26 91 2
26 92 2
26 93 3
26 94 3
26 95 4
26 96 2
26 97 2
26 98 3
26 99 2
27 28 2
27 29 1
27 30 3
27 31 3
27 32 2
27 33 1
27 34 2
27 35 1
27 36 2
27 37 3
27 38 2
27 39 3
27 40 1
27 41 2
27 42 2
27 43 1
27 44 1
27 45 3
27 46 1
27 47 3
27 48 2
27 49 4
27 50 3
27 51 2
27 52 2
27 53 1
27 54 2
27 55 2
27 56 2
27 57 2
27 58 2
27 59 2
27 60 1
27 61 2
27 62 1
27 63 2
27 64 3
27 65 1
27 66 1
27 67 2
27 68 2
27 69 1
27 70 3
27 71 1
27 72 3
27 73 3
27 74 2
27 75 3
27 76 2
27 77 2
27 78 3
27 79 2
27 80 2
27 81 3
27 82 2
27 83 3
27 84 1
27 85 2
27 86 3
27 87 3
27 88 2
27 89 3
27 90 2
27 91 3
27 92 3
27 93 2
27 94 1
27 95 1
27 96 3
27 97 2
27 98 2
27 99 2
28 29 2
28 30 2
28 31 3
28 32 1
28 33 1
28 34 3
28 35 1
28 36 1
28 37 2
28 38 2
28 39 1
28 40 2
28 41 2
28 42 2
28 43 2
28 44 1
28 45 2
28 46 2
28 47 3
28 48 1
28 49 2
28 50 2
28 51 1
28 52 2
28 53 2
28 54 2
28 55 1
28 56 1
28 57 2
28 58 1
28 59 1
28 60 2
28 61 1
28 62 2
28 63 2
28 64 2
28 65 2
28 66 2
28 67 1
28 68 2
28 69 2
28 70 1
28 71 2
28 72 1
28 73 2
28 74 1
28 75 3
28 76 2
28 77 1
28 78 1
28 79 2
28 80 1
28 81 1
28 82 3
28 83 1
28 84 2
28 85 2
28 86 1
28 87 1
28 88 3
28 89 2
28 90 2
28 91 2
28 92 3
28 93 3
28 94 1
28 95 2
28 96 2
28 97 1
28 98 1
28 99 1
29 30 3
29 31 3
29 32 2
29 33 2
29 34 1
29 35 1
29 36 2
29 37 3
29 38 2
29 39 3
29 40 2
29 41 1
29 42 3
29 43 2
29 44 1
29 45 3
29 46 2
29 47 3
29 48 2
29 49 4
29 50 2
29 51 2
29 52 3
29 53 1
29 54 2
29 55 1
29 56 1
29 57 2
29 58 2
29 59 2
29 60 1
29 61 2
29 62 1
29 63 2
29 64 3
29 65 2
29 66 2
29 67 2
29 68 3
29 69 1
29 70 3
29 71 1
29 72 3
29 73 4
29 74 2
29 75 3
29 76 1
29 77 2
29 78 3
29 79 2
29 80 1
29 81 3
29 82 3
29 83 3
29 84 2
29 85 1
29 86 3
29 87 2
29 88 3
29 89 3
29 90 2
29 91 3
29 92 3
29 93 3
29 94 2
29 95 1
29 96 3
29 97 2
29 98 2
29 99 2
30 31 4
30 32 2
30 33 3
30 34 4
30 35 2
30 36 2
30 37 1
30 38 3
30 39 1
30 40 4
30 41 4
30 42 3
30 43 4
30 44 3
30 45 2
30 46 4
30 47 3
30 48 2
30 49 2
30 50 1
30 51 2
30 52 3
30 53 4
30 54 2
30 55 2
30 56 2
30 57 3
30 58 2
30 59 2
30 60 3
30 61 2
30 62 3
30 63 2
30 64 1
30 65 3
30 66 3
30 67 2
30 68 4
30 69 3
30 70 2
30 71 3
30 72 2
30 73 3
30 74 1
30 75 3
30 76 3
30 77 2
30 78 2
30 79 2
30 80 2
30 81 2
30 82 4
30 83 2
30 84 3
30 85 3
30 86 1
30 87 1
30 88 4
30 89 1
30 90 3
30 91 1
30 92 3
30 93 4
30 94 3
30 95 4
30 96 1
30 97 2
30 98 2
30 99 2
31 32 3
31 33 2
31 34 4
31 35 3
31 36 2
31 37 4
31 38 1
31 39 3
31 40 2
31 41 4
31 42 1
31 43 2
31 44 3
31 45 3
31 46 2
31 47 1
31 48 2
31 49 2
31 50 4
31 51 2
31 52 1
31 53 3
31 54 4
31 55 3
31 56 3
31 57 1
31 58 3
31 59 3
31 60 3
31 61 2
31 62 3
31 63 4
31 64 4
31 65 2
31 66 2
31 67 3
31 68 2
31 69 2
31 70 2
31 71 4
31 72 2
31 73 1
31 74 3
31 75 1
31 76 4
31 77 3
31 78 2
31 79 4
31 80 3
31 81 3
31 82 1
31 83 2
31 84 2
31 85 4
31 86 3
31 87 3
31 88 2
31 89 4
31 90 1
31 91 4
31 92 1
31 93 1
31 94 2
31 95 3
31 96 4
31 97 3
31 98 3
31 99 3
32 33 1
32 34 3
32 35 1
32 36 1
32 37 2
32 38 2
32 39 1
32 40 2
32 41 2
32 42 2
32 43 2
32 44 1
32 45 2
32 46 2
32 47 3
32 48 1
32 49 2
32 50 2
32 51 1
32 52 2
32 53 2
32 54 2
32 55 1
32 56 1
32 57 2
32 58 1
32 59 1
32 60 1
32 61 1
32 62 2
32 63 2
32 64 2
32 65 2
32 66 1
32 67 1
32 68 2
32 69 1
32 70 1
32 71 2
32 72 2
32 73 2
32 74 1
32 75 3
32 76 2
32 77 1
32 78 1
32 79 2
32 80 1
32 81 2
32 82 2
32 83 1
32 84 2
32 85 2
32 86 2
32 87 1
32 88 3
32 89 2
32 90 2
32 91 2
32 92 3
32 93 3
32 94 1
32 95 2
32 96 2
32 97 1
32 98 1
32 99 1
33 34 3
33 35 1
33 36 1
33 37 3
33 38 1
33 39 2
33 40 2
33 41 2
33 42 1
33 43 1
33 44 1
33 45 2
33 46 2
33 47 2
33 48 1
33 49 3
33 50 3
33 51 1
33 52 1
33 53 2
33 54 2
33 55 1
33 56 2
33 57 1
33 58 2
33 59 1
33 60 1
33 61 1
33 62 2
33 63 2
33 64 3
33 65 1
33 66 1
33 67 2
33 68 2
33 69 1
33 70 2
33 71 2
33 72 2
33 73 3
33 74 2
33 75 2
33 76 2
33 77 2
33 78 2
33 79 2
33 80 2
33 81 2
33 82 2
33 83 2
33 84 1
33 85 2
33 86 2
33 87 2
33 88 2
33 89 2
33 90 1
33 91 3
33 92 2
33 93 2
33 94 1
33 95 2
33 96 3
33 97 2
33 98 2
33 99 1
34 35 2
34 36 3
34 37 4
34 38 3
34 39 3
34 40 3
34 41 1
34 42 4
34 43 3
34 44 2
34 45 4
34 46 3
34 47 4
34 48 3
34 49 5
34 50 3
34 51 3
34 52 4
34 53 2
34 54 2
34 55 2
34 56 2
34 57 3
34 58 3
34 59 3
34 60 2
34 61 3
34 62 1
34 63 2
34 64 4
34 65 3
34 66 3
34 67 3
34 68 4
34 69 2
34 70 4
34 71 1
34 72 4
34 73 5
34 74 3
34 75 4
34 76 1
34 77 3
34 78 4
34 79 2
34 80 2
34 81 4
34 82 4
34 83 4
34 84 3
34 85 1
34 86 3
34 87 3
34 88 4
34 89 3
34 90 3
34 91 4
34 92 4
34 93 4
34 94 3
34 95 2
34 96 4
34 97 3
34 98 2
34 99 3
35 36 1
35 37 2
35 38 2
35 39 2
35 40 2
35 41 2
35 42 2
35 43 2
35 44 1
35 45 2
35 46 2
35 47 3
35 48 1
35 49 3
35 50 2
35 51 1
35 52 2
35 53 2
35 54 1
35 55 1
35 56 1
35 57 2
35 58 1
35 59 1
35 60 1
35 61 2
35 62 1
35 63 1
35 64 2
35 65 2
35 66 2
35 67 1
35 68 3
35 69 1
35 70 2
35 71 1
35 72 2
35 73 3
35 74 1
35 75 3
35 76 1
35 77 1
35 78 2
35 79 1
35 80 1
35 81 2
35 82 3
35 83 2
35 84 2
35 85 2
35 86 2
35 87 2
35 88 3
35 89 2
35 90 2
35 91 2
35 92 3
35 93 3
35 94 2
35 95 2
35 96 2
35 97 1
35 98 1
35 99 1
36 37 2
36 38 2
36 39 2
36 40 2
36 41 2
36 42 2
36 43 2
36 44 1
36 45 2
36 46 2
36 47 2
36 48 1
36 49 2
36 50 2
36 51 1
36 52 2
36 53 2
36 54 2
36 55 1
36 56 1
36 57 1
36 58 1
36 59 1
36 60 1
36 61 1
36 62 2
36 63 2
36 64 2
36 65 1
36 66 1
36 67 1
36 68 2
36 69 1
36 70 1
36 71 2
36 72 1
36 73 2
36 74 1
36 75 2
36 76 2
36 77 1
36 78 1
36 79 2
36 80 1
36 81 2
36 82 2
36 83 1
36 84 2
36 85 2
36 86 2
36 87 2
36 88 3
36 89 2
36 90 1
36 91 2
36 92 2
36 93 2
36 94 1
36 95 2
36 96 2
36 97 1
36 98 1
36 99 1
37 38 3
37 39 1
37 40 4
37 41 3
37 42 3
37 43 4
37 44 3
37 45 2
37 46 4
37 47 3
37 48 2
37 49 2
37 50 1
37 51 2
37 52 3
37 53 4
37 54 2
37 55 2
37 56 2
37 57 3
37 58 2
37 59 2
37 60 3
37 61 2
37 62 3
37 63 2
37 64 1
37 65 3
37 66 3
37 67 2
37 68 4
37 69 3
37 70 2
37 71 3
37 72 2
37 73 3
37 74 1
37 75 3
37 76 3
37 77 2
37 78 2
37 79 2
37 80 2
37 81 1
37 82 4
37 83 2
37 84 3
37 85 3
37 86 1
37 87 1
37 88 4
37 89 1
37 90 3
37 91 1
37 92 3
37 93 4
37 94 3
37 95 4
37 96 1
37 97 2
37 98 2
37 99 2
38 39 3
38 40 1
38 41 3
38 42 1
38 43 2
38 44 2
38 45 3
38 46 2
38 47 1
38 48 1
38 49 3
38 50 3
38 51 1
38 52 1
38 53 2
38 54 3
38 55 2
38 56 3
38 57 1
38 58 2
38 59 2
38 60 2
38 61 1
38 62 2
38 63 3
38 64 3
38 65 1
38 66 1
38 67 2
38 68 1
38 69 1
38 70 2
38 71 3
38 72 2
38 73 2
38 74 2
38 75 1
38 76 3
38 77 2
38 78 2
38 79 3
38 80 2
38 81 2
38 82 1
38 83 2
38 84 1
38 85 3
38 86 2
38 87 3
38 88 2
38 89 3
38 90 1
38 91 3
38 92 1
38 93 1
38 94 1
38 95 2
38 96 3
38 97 2
38 98 3
38 99 2
39 40 3
39 41 3
39 42 3
39 43 3
39 44 2
39 45 1
39 46 3
39 47 3
39 48 2
39 49 2
39 50 1
39 51 2
39 52 3
39 53 3
39 54 1
39 55 2
39 56 2
39 57 3
39 58 1
39 59 1
39 60 2
39 61 2
39 62 3
39 63 2
39 64 1
39 65 3
39 66 2
39 67 1
39 68 3
39 69 2
39 70 1
39 71 3
39 72 2
39 73 2
39 74 1
39 75 3
39 76 2
39 77 1
39 78 1
39 79 2
39 80 2
39 81 1
39 82 3
39 83 1
39 84 3
39 85 3
39 86 1
39 87 1
39 88 4
39 89 1
39 90 3
39 91 1
39 92 3
39 93 4
39 94 2
39 95 3
39 96 1
39 97 1
39 98 1
39 99 1
40 41 3
40 42 1
40 43 1
40 44 2
40 45 4
40 46 1
40 47 2
40 48 2
40 49 4
40 50 4
40 51 2
40 52 2
40 53 2
40 54 3
40 55 2
40 56 3
40 57 2
40 58 3
40 59 3
40 60 2
40 61 2
40 62 2
40 63 3
40 64 4
40 65 1
40 66 1
40 67 3
40 68 1
40 69 1
40 70 3
40 71 2
40 72 3
40 73 3
40 74 3
40 75 2
40 76 3
40 77 3
40 78 3
40 79 3
40 80 2
40 81 3
40 82 2
40 83 3
40 84 1
40 85 3
40 86 3
40 87 3
40 88 1
40 89 4
40 90 2
40 91 4
40 92 2
40 93 1
40 94 1
40 95 2
40 96 4
40 97 3
40 98 3
40 99 3
41 42 3
41 43 2
41 44 2
41 45 4
41 46 2
41 47 4
41 48 3
41 49 4
41 50 3
41 51 3
41 52 3
41 53 1
41 54 2
41 55 2
41 56 2
41 57 3
41 58 2
41 59 3
41 60 1
41 61 3
41 62 1
41 63 2
41 64 3
41 65 3
41 66 3
41 67 3
41 68 3
41 69 2
41 70 3
41 71 1
41 72 3
41 73 4
41 74 3
41 75 4
41 76 1
41 77 2
41 78 3
41 79 2
41 80 2
41 81 3
41 82 4
41 83 3
41 84 3
41 85 1
41 86 3
41 87 3
41 88 3
41 89 3
41 90 3
41 91 3
41 92 4
41 93 3
41 94 3
41 95 1
41 96 4
41 97 2
41 98 2
41 99 3
42 43 2
42 44 2
42 45 3
42 46 2
42 47 1
42 48 1
42 49 3
42 50 3
42 51 2
42 52 1
42 53 2
42 54 3
42 55 2
42 56 3
42 57 1
42 58 2
42 59 2
42 60 2
42 61 2
42 62 3
42 63 3
42 64 3
42 65 1
42 66 1
42 67 2
42 68 1
42 69 2
42 70 2
42 71 3
42 72 2
42 73 2
42 74 3
42 75 1
42 76 3
42 77 3
42 78 2
42 79 3
42 80 3
42 81 3
42 82 1
42 83 2
42 84 1
42 85 3
42 86 3
42 87 3
42 88 1
42 89 3
42 90 1
42 91 3
42 92 1
42 93 1
42 94 1
42 95 2
42 96 3
42 97 2
42 98 3
42 99 2
43 44 2
43 45 3
43 46 1
43 47 3
43 48 2
43 49 4
43 50 4
43 51 2
43 52 2
43 53 1
43 54 3
43 55 2
43 56 3
43 57 2
43 58 3
43 59 2
43 60 2
43 61 2
43 62 2
43 63 3
43 64 4
43 65 1
43 66 1
43 67 3
43 68 1
43 69 1
43 70 3
43 71 2
43 72 3
43 73 3
43 74 3
43 75 3
43 76 3
43 77 3
43 78 3
43 79 3
43 80 2
43 81 3
43 82 2
43 83 3
43 84 1
43 85 2
43 86 3
43 87 3
43 88 1
43 89 3
43 90 2
43 91 4
43 92 3
43 93 2
43 94 1
43 95 1
43 96 4
43 97 3
43 98 3
43 99 2
44 45 3
44 46 2
44 47 3
44 48 1
44 49 3
44 50 2
44 51 1
44 52 2
44 53 1
44 54 2
44 55 1
44 56 1
44 57 2
44 58 1
44 59 2
44 60 1
44 61 2
44 62 1
44 63 2
44 64 3
44 65 2
44 66 1
44 67 1
44 68 2
44 69 1
44 70 2
44 71 1
44 72 2
44 73 3
44 74 2
44 75 3
44 76 1
44 77 1
44 78 2
44 79 2
44 80 1
44 81 2
44 82 2
44 83 2
44 84 2
44 85 1
44 86 2
44 87 2
44 88 2
44 89 2
44 90 2
44 91 3
44 92 3
44 93 3
44 94 1
44 95 2
44 96 3
44 97 1
44 98 1
44 99 1
45 46 4
45 47 2
45 48 2
45 49 1
45 50 2
45 51 2
45 52 3
45 53 4
45 54 2
45 55 2
45 56 2
45 57 3
45 58 2
45 59 1
45 60 3
45 61 2
45 62 3
45 63 3
45 64 2
45 65 3
45 66 3
45 67 2
45 68 4
45 69 3
45 70 1
45 71 3
45 72 1
45 73 2
45 74 2
45 75 2
45 76 3
45 77 2
45 78 1
45 79 3
45 80 2
45 81 1
45 82 3
45 83 1
45 84 3
45 85 3
45 86 1
45 87 1
45 88 4
45 89 2
45 90 3
45 91 2
45 92 2
45 93 4
45 94 3
45 95 4
45 96 1
45 97 2
45 98 2
45 99 2
46 47 3
46 48 2
46 49 4
46 50 4
46 51 2
46 52 2
46 53 1
46 54 3
46 55 2
46 56 3
46 57 2
46 58 3
46 59 3
46 60 2
46 61 2
46 62 2
46 63 3
46 64 4
46 65 1
46 66 1
46 67 3
46 68 1
46 69 1
46 70 3
46 71 2
46 72 3
46 73 3
46 74 3
46 75 3
46 76 3
46 77 3
46 78 3
46 79 3
46 80 2
46 81 3
46 82 2
46 83 3
46 84 1
46 85 2
46 86 3
46 87 3
46 88 1
46 89 4
46 90 2
46 91 4
46 92 3
46 93 2
46 94 1
46 95 1
46 96 4
46 97 3
46 98 3
46 99 3
47 48 2
47 49 2
47 50 4
47 51 2
47 52 1
47 53 3
47 54 4
47 55 3
47 56 3
47 57 1
47 58 3
47 59 2
47 60 3
47 61 2
47 62 3
47 63 4
47 64 3
47 65 2
47 66 2
47 67 3
47 68 2
47 69 2
47 70 2
47 71 4
47 72 2
47 73 1
47 74 3
47 75 1
47 76 4
47 77 3
47 78 2
47 79 4
47 80 3
47 81 2
47 82 1
47 83 2
47 84 2
47 85 4
47 86 3
47 87 3
47 88 2
47 89 3
47 90 1
47 91 3
47 92 1
47 93 2
47 94 2
47 95 3
47 96 3
47 97 3
47 98 3
47 99 3
48 49 2
48 50 2
48 51 1
48 52 1
48 53 2
48 54 2
48 55 1
48 56 2
48 57 1
48 58 1
48 59 1
48 60 2
48 61 1
48 62 2
48 63 2
48 64 2
48 65 1
48 66 1
48 67 1
48 68 2
48 69 1
48 70 1
48 71 2
48 72 1
48 73 2
48 74 2
48 75 2
48 76 2
48 77 2
48 78 1
48 79 2
48 80 2
48 81 2
48 82 2
48 83 1
48 84 1
48 85 2
48 86 2
48 87 2
48 88 2
48 89 2
48 90 1
48 91 2
48 92 2
48 93 2
48 94 1
48 95 2
48 96 2
48 97 1
48 98 2
48 99 1
49 50 3
49 51 2
49 52 3
49 53 4
49 54 3
49 55 3
49 56 3
49 57 3
49 58 2
49 59 2
49 60 3
49 61 2
49 62 4
49 63 3
49 64 2
49 65 3
49 66 3
49 67 2
49 68 4
49 69 3
49 70 1
49 71 4
49 72 1
49 73 1
49 74 2
49 75 2
49 76 4
49 77 3
49 78 1
49 79 3
49 80 3
49 81 1
49 82 3
49 83 1
49 84 3
49 85 4
49 86 2
49 87 2
49 88 4
49 89 2
49 90 3
49 91 2
49 92 2
49 93 3
49 94 3
49 95 4
49 96 2
49 97 2
49 98 3
49 99 2
50 51 2
50 52 3
50 53 3
50 54 1
50 55 2
50 56 1
50 57 3
50 58 1
50 59 2
50 60 2
50 61 2
50 62 2
50 63 1
50 64 1
50 65 3
50 66 3
50 67 1
50 68 4
50 69 3
50 70 2
50 71 2
50 72 2
50 73 3
50 74 1
50 75 4
50 76 2
50 77 1
50 78 2
50 79 1
50 80 2
50 81 2
50 82 4
50 83 2
50 84 3
50 85 3
50 86 1
50 87 1
50 88 4
50 89 1
50 90 3
50 91 1
50 92 4
50 93 4
50 94 3
50 95 3
50 96 2
50 97 2
50 98 1
50 99 2
51 52 2
51 53 2
51 54 2
51 55 1
51 56 2
51 57 1
51 58 1
51 59 1
51 60 2
51 61 1
51 62 2
51 63 2
51 64 2
51 65 1
51 66 1
51 67 1
51 68 2
51 69 2
51 70 1
51 71 2
51 72 1
51 73 2
51 74 1
51 75 2
51 76 2
51 77 1
51 78 1
51 79 2
51 80 1
51 81 1
51 82 2
51 83 1
51 84 2
51 85 2
51 86 2
51 87 2
51 88 3
51 89 2
51 90 1
51 91 2
51 92 2
51 93 2
51 94 1
51 95 3
51 96 2
51 97 1
51 98 2
51 99 1
52 53 3
52 54 3
52 55 2
52 56 3
52 57 1
52 58 2
52 59 2
52 60 2
52 61 1
52 62 3
52 63 3
52 64 3
52 65 1
52 66 1
52 67 2
52 68 1
52 69 2
52 70 2
52 71 3
52 72 2
52 73 2
52 74 3
52 75 1
52 76 3
52 77 3
52 78 2
52 79 3
52 80 3
52 81 2
52 82 1
52 83 2
52 84 1
52 85 3
52 86 3
52 87 3
52 88 2
52 89 3
52 90 1
52 91 3
52 92 1
52 93 1
52 94 1
52 95 3
52 96 3
52 97 2
52 98 3
52 99 2
53 54 3
53 55 2
53 56 2
53 57 2
53 58 2
53 59 3
53 60 1
53 61 3
53 62 1
53 63 2
53 64 4
53 65 2
53 66 2
53 67 2
53 68 2
53 69 1
53 70 3
53 71 1
53 72 3
53 73 4
53 74 3
53 75 3
53 76 2
53 77 2
53 78 3
53 79 2
53 80 2
53 81 3
53 82 3
53 83 3
53 84 2
53 85 1
53 86 3
53 87 3
53 88 2
53 89 3
53 90 2
53 91 4
53 92 3
53 93 2
53 94 2
53 95 1
53 96 4
53 97 2
53 98 2
53 99 2
54 55 1
54 56 1
54 57 3
54 58 1
54 59 2
54 60 2
54 61 2
54 62 2
54 63 1
54 64 2
54 65 3
54 66 3
54 67 1
54 68 3
54 69 2
54 70 2
54 71 2
54 72 2
54 73 3
54 74 1
54 75 4
54 76 1
54 77 1
54 78 2
54 79 1
54 80 1
54 81 2
54 82 4
54 83 2
54 84 3
54 85 2
54 86 2
54 87 1
54 88 4
54 89 2
54 90 3
54 91 2
54 92 4
54 93 4
54 94 2
54 95 3
54 96 2
54 97 2
54 98 1
54 99 2
55 56 1
55 57 2
55 58 1
55 59 1
55 60 1
55 61 1
55 62 1
55 63 1
55 64 2
55 65 2
55 66 2
55 67 1
55 68 2
55 69 1
55 70 2
55 71 2
55 72 2
55 73 3
55 74 1
55 75 3
55 76 1
55 77 1
55 78 2
55 79 1
55 80 1
55 81 2
55 82 3
55 83 2
55 84 2
55 85 2
55 86 2
55 87 2
55 88 3
55 89 2
55 90 2
55 91 2
55 92 3
55 93 3
55 94 1
55 95 2
55 96 2
55 97 1
55 98 1
55 99 1
56 57 2
56 58 1
56 59 2
56 60 1
56 61 2
56 62 1
56 63 1
56 64 2
56 65 2
56 66 2
56 67 1
56 68 3
56 69 2
56 70 2
56 71 1
56 72 2
56 73 3
56 74 1
56 75 3
56 76 1
56 77 1
56 78 2
56 79 1
56 80 1
56 81 2
56 82 3
56 83 2
56 84 3
56 85 2
56 86 2
56 87 1
56 88 3
56 89 2
56 90 2
56 91 2
56 92 3
56 93 3
56 94 2
56 95 2
56 96 2
56 97 1
56 98 1
56 99 1
57 58 2
57 59 2
57 60 2
57 61 1
57 62 2
57 63 3
57 64 3
57 65 1
57 66 1
57 67 2
57 68 1
57 69 1
57 70 2
57 71 3
57 72 2
57 73 2
57 74 2
57 75 1
57 76 3
57 77 2
57 78 2
57 79 3
57 80 2
57 81 2
57 82 1
57 83 2
57 84 1
57 85 3
57 86 2
57 87 3
57 88 2
57 89 3
57 90 1
57 91 3
57 92 1
57 93 1
57 94 1
57 95 2
57 96 3
57 97 2
57 98 2
57 99 2
58 59 1
58 60 2
58 61 1
58 62 2
58 63 1
58 64 2
58 65 2
58 66 2
58 67 1
58 68 3
58 69 2
58 70 1
58 71 2
58 72 2
58 73 2
58 74 1
58 75 3
58 76 2
58 77 1
58 78 1
58 79 1
58 80 1
58 81 1
58 82 3
58 83 1
58 84 2
58 85 2
58 86 1
58 87 1
58 88 3
58 89 1
58 90 2
58 91 2
58 92 3
58 93 3
58 94 2
58 95 2
58 96 2
58 97 1
58 98 1
58 99 1
59 60 2
59 61 1
59 62 2
59 63 2
59 64 2
59 65 2
59 66 2
59 67 1
59 68 3
59 69 2
59 70 1
59 71 2
59 72 1
59 73 2
59 74 1
59 75 2
59 76 2
59 77 1
59 78 1
59 79 2
59 80 1
59 81 1
59 82 3
59 83 1
59 84 2
59 85 2
59 86 1
59 87 1
59 88 3
59 89 2
59 90 2
59 91 2
59 92 2
59 93 3
59 94 2
59 95 3
59 96 2
59 97 1
59 98 1
59 99 1
60 61 2
60 62 1
60 63 2
60 64 3
60 65 2
60 66 2
60 67 2
60 68 2
60 69 1
60 70 2
60 71 1
60 72 2
60 73 3
60 74 2
60 75 3
60 76 1
60 77 1
60 78 2
60 79 2
60 80 1
60 81 3
60 82 3
60 83 2
60 84 2
60 85 1
60 86 2
60 87 2
60 88 2
60 89 2
60 90 2
60 91 3
60 92 3
60 93 3
60 94 2
60 95 1
60 96 3
60 97 2
60 98 2
60 99 2
61 62 2
61 63 2
61 64 2
61 65 1
61 66 1
61 67 1
61 68 2
61 69 2
61 70 1
61 71 3
61 72 1
61 73 2
61 74 2
61 75 2
61 76 2
61 77 2
61 78 1
61 79 2
61 80 2
61 81 1
61 82 2
61 83 1
61 84 2
61 85 3
61 86 2
61 87 2
61 88 3
61 89 2
61 90 1
61 91 2
61 92 2
61 93 2
61 94 1
61 95 3
61 96 2
61 97 1
61 98 2
61 99 1
62 63 2
62 64 3
62 65 2
62 66 2
62 67 2
62 68 3
62 69 1
62 70 3
62 71 1
62 72 3
62 73 4
62 74 2
62 75 3
62 76 1
62 77 2
62 78 3
62 79 2
62 80 1
62 81 3
62 82 3
62 83 3
62 84 2
62 85 1
62 86 3
62 87 2
62 88 3
62 89 3
62 90 2
62 91 3
62 92 3
62 93 3
62 94 2
62 95 1
62 96 3
62 97 2
62 98 2
62 99 2
63 64 2
63 65 3
63 66 3
63 67 2
63 68 3
63 69 2
63 70 2
63 71 2
63 72 3
63 73 3
63 74 2
63 75 4
63 76 1
63 77 1
63 78 2
63 79 1
63 80 1
63 81 2
63 82 4
63 83 2
63 84 3
63 85 2
63 86 2
63 87 2
63 88 4
63 89 2
63 90 3
63 91 2
63 92 4
63 93 4
63 94 2
63 95 2
63 96 3
63 97 2
63 98 1
63 99 2
64 65 3
64 66 3
64 67 2
64 68 4
64 69 3
64 70 2
64 71 3
64 72 2
64 73 3
64 74 1
64 75 3
64 76 3
64 77 2
64 78 2
64 79 2
64 80 2
64 81 1
64 82 4
64 83 2
64 84 3
64 85 3
64 86 1
64 87 1
64 88 4
64 89 1
64 90 3
64 91 1
64 92 3
64 93 4
64 94 3
64 95 4
64 96 1
64 97 2
64 98 2
64 99 2
65 66 1
65 67 2
65 68 1
65 69 1
65 70 2
65 71 2
65 72 2
65 73 3
65 74 2
65 75 2
65 76 3
65 77 2
65 78 2
65 79 3
65 80 2
65 81 2
65 82 1
65 83 2
65 84 1
65 85 3
65 86 2
65 87 3
65 88 2
65 89 3
65 90 1
65 91 3
65 92 2
65 93 1
65 94 1
65 95 2
65 96 3
65 97 2
65 98 2
65 99 2
66 67 2
66 68 1
66 69 1
66 70 2
66 71 2
66 72 2
66 73 2
66 74 2
66 75 2
66 76 2
66 77 2
66 78 2
66 79 3
66 80 2
66 81 2
66 82 1
66 83 2
66 84 1
66 85 2
66 86 2
66 87 2
66 88 2
66 89 3
66 90 1
66 91 3
66 92 2
66 93 2
66 94 1
66 95 2
66 96 3
66 97 2
66 98 2
66 99 2
67 68 3
67 69 2
67 70 1
67 71 2
67 72 1
67 73 2
67 74 1
67 75 3
67 76 2
67 77 1
67 78 1
67 79 2
67 80 1
67 81 1
67 82 3
67 83 1
67 84 2
67 85 2
67 86 1
67 87 1
67 88 3
67 89 1
67 90 2
67 91 2
67 92 3
67 93 3
67 94 2
67 95 3
67 96 2
67 97 1
67 98 1
67 99 1
68 69 2
68 70 3
68 71 3
68 72 3
68 73 3
68 74 3
68 75 2
68 76 3
68 77 3
68 78 3
68 79 3
68 80 3
68 81 3
68 82 1
68 83 3
68 84 1
68 85 3
68 86 3
68 87 3
68 88 1
68 89 4
68 90 1
68 91 4
68 92 2
68 93 1
68 94 1
68 95 2
68 96 4
68 97 3
68 98 3
68 99 3
69 70 2
69 71 2
69 72 2
69 73 3
69 74 2
69 75 2
69 76 2
69 77 2
69 78 2
69 79 2
69 80 1
69 81 3
69 82 2
69 83 2
69 84 1
69 85 2
69 86 3
69 87 2
69 88 2
69 89 3
69 90 1
69 91 3
69 92 2
69 93 2
69 94 1
69 95 1
69 96 3
69 97 2
69 98 2
69 99 2
70 71 3
70 72 1
70 73 2
70 74 1
70 75 2
70 76 3
70 77 2
70 78 1
70 79 2
70 80 2
70 81 1
70 82 2
70 83 1
70 84 2
70 85 3
70 86 1
70 87 1
70 88 3
70 89 2
70 90 2
70 91 2
70 92 2
70 93 3
70 94 2
70 95 3
70 96 2
70 97 1
70 98 2
70 99 1
71 72 3
71 73 4
71 74 2
71 75 4
71 76 1
71 77 2
71 78 3
71 79 2
71 80 1
71 81 3
71 82 3
71 83 3
71 84 2
71 85 1
71 86 3
71 87 2
71 88 3
71 89 3
71 90 3
71 91 3
71 92 4
71 93 3
71 94 2
71 95 1
71 96 3
71 97 2
71 98 2
71 99 2
72 73 1
72 74 2
72 75 2
72 76 3
72 77 2
72 78 1
72 79 3
72 80 2
72 81 1
72 82 2
72 83 1
72 84 2
72 85 3
72 86 1
72 87 2
72 88 3
72 89 2
72 90 2
72 91 2
72 92 2
72 93 3
72 94 2
72 95 3
72 96 2
72 97 1
72 98 2
72 99 1
73 74 2
73 75 1
73 76 4
73 77 3
73 78 1
73 79 3
73 80 3
73 81 2
73 82 2
73 83 2
73 84 3
73 85 4
73 86 2
73 87 2
73 88 3
73 89 3
73 90 2
73 91 3
73 92 1
73 93 2
73 94 3
73 95 4
73 96 3
73 97 2
73 98 3
73 99 2
74 75 3
74 76 2
74 77 1
74 78 1
74 79 2
74 80 1
74 81 1
74 82 3
74 83 1
74 84 3
74 85 2
74 86 1
74 87 1
74 88 4
74 89 1
74 90 2
74 91 1
74 92 3
74 93 3
74 94 2
74 95 3
74 96 1
74 97 1
74 98 1
74 99 1
75 76 4
75 77 3
75 78 2
75 79 4
75 80 3
75 81 2
75 82 1
75 83 2
75 84 2
75 85 4
75 86 3
75 87 3
75 88 2
75 89 3
75 90 1
75 91 3
75 92 1
75 93 2
75 94 2
75 95 3
75 96 3
75 97 3
75 98 3
75 99 3
76 77 2
76 78 3
76 79 1
76 80 1
76 81 3
76 82 3
76 83 3
76 84 3
76 85 1
76 86 2
76 87 2
76 88 3
76 89 2
76 90 3
76 91 3
76 92 4
76 93 4
76 94 2
76 95 2
76 96 3
76 97 2
76 98 1
76 99 2
77 78 2
77 79 1
77 80 1
77 81 2
77 82 3
77 83 2
77 84 3
77 85 2
77 86 1
77 87 1
77 88 3
77 89 1
77 90 2
77 91 2
77 92 3
77 93 3
77 94 2
77 95 2
77 96 2
77 97 1
77 98 1
77 99 1
78 79 2
78 80 2
78 81 1
78 82 2
78 83 1
78 84 2
78 85 3
78 86 1
78 87 1
78 88 3
78 89 2
78 90 2
78 91 2
78 92 2
78 93 3
78 94 2
78 95 3
78 96 2
78 97 1
78 98 2
78 99 1
79 80 1
79 81 2
79 82 4
79 83 2
79 84 3
79 85 2
79 86 2
79 87 2
79 88 4
79 89 2
79 90 3
79 91 2
79 92 4
79 93 4
79 94 2
79 95 2
79 96 3
79 97 2
79 98 1
79 99 2
80 81 2
80 82 3
80 83 2
80 84 2
80 85 1
80 86 2
80 87 2
80 88 3
80 89 2
80 90 2
80 91 2
80 92 3
80 93 3
80 94 2
80 95 2
80 96 2
80 97 1
80 98 1
80 99 1
81 82 3
81 83 1
81 84 3
81 85 3
81 86 1
81 87 1
81 88 4
81 89 1
81 90 2
81 91 2
81 92 2
81 93 3
81 94 2
81 95 3
81 96 1
81 97 1
81 98 2
81 99 1
82 83 2
82 84 1
82 85 3
82 86 3
82 87 3
82 88 2
82 89 4
82 90 1
82 91 4
82 92 1
82 93 1
82 94 2
82 95 3
82 96 4
82 97 3
82 98 3
82 99 3
83 84 2
83 85 3
83 86 1
83 87 1
83 88 3
83 89 2
83 90 2
83 91 2
83 92 2
83 93 3
83 94 2
83 95 3
83 96 2
83 97 1
83 98 2
83 99 1
84 85 3
84 86 3
84 87 3
84 88 1
84 89 3
84 90 1
84 91 3
84 92 2
84 93 1
84 94 1
84 95 2
84 96 3
84 97 2
84 98 3
84 99 2
85 86 3
85 87 3
85 88 3
85 89 3
85 90 3
85 91 3
85 92 4
85 93 3
85 94 2
85 95 1
85 96 3
85 97 2
85 98 2
85 99 2
86 87 1
86 88 4
86 89 1
86 90 2
86 91 1
86 92 3
86 93 3
86 94 2
86 95 3
86 96 1
86 97 1
86 98 1
86 99 1
87 88 4
87 89 1
87 90 3
87 91 1
87 92 3
87 93 4
87 94 2
87 95 3
87 96 1
87 97 1
87 98 1
87 99 1
88 89 4
88 90 2
88 91 4
88 92 2
88 93 1
88 94 2
88 95 2
88 96 4
88 97 3
88 98 3
88 99 3
89 90 3
89 91 1
89 92 3
89 93 4
89 94 3
89 95 3
89 96 1
89 97 1
89 98 1
89 99 1
90 91 3
90 92 1
90 93 1
90 94 1
90 95 2
90 96 3
90 97 2
90 98 2
90 99 2
91 92 3
91 93 4
91 94 3
91 95 4
91 96 1
91 97 2
91 98 2
91 99 2
92 93 2
92 94 2
92 95 3
92 96 3
92 97 3
92 98 3
92 99 3
93 94 2
93 95 2
93 96 4
93 97 3
93 98 3
93 99 3
94 95 2
94 96 3
94 97 2
94 98 2
94 99 2
95 96 4
95 97 2
95 98 2
95 99 3
96 97 2
96 98 2
96 99 2
97 98 1
97 99 1
98 99 1
