100 
0 1 1
0 2 4
0 3 1
0 4 2
0 5 1
0 6 4
0 7 5
0 8 4
0 9 2
0 10 3
0 11 1
0 12 4
0 13 1
0 14 2
0 15 2
0 16 2
0 17 4
0 18 3
0 19 1
0 20 3
0 21 2
0 22 4
0 23 5
0 24 3
0 25 1
0 26 5
0 27 4
0 28 2
0 29 3
0 30 4
0 31 4
0 32 3
0 33 3
0 34 4
0 35 2
0 36 4
0 37 4
0 38 3
0 39 1
0 40 4
0 41 2
0 42 1
0 43 4
0 44 2
0 45 4
0 46 2
0 47 3
0 48 4
0 49 3
0 50 2
0 51 4
0 52 2
0 53 1
0 54 2
0 55 4
0 56 4
0 57 3
0 58 4
0 59 2
0 60 3
0 61 3
0 62 4
0 63 4
0 64 3
0 65 3
0 66 5
0 67 3
0 68 1
0 69 2
0 70 5
0 71 3
0 72 5
0 73 2
0 74 1
0 75 4
0 76 2
0 77 3
0 78 3
0 79 2
0 80 1
0 81 3
0 82 4
0 83 2
0 84 3
0 85 3
0 86 4
0 87 3
0 88 5
0 89 1
0 90 2
0 91 1
0 92 4
0 93 4
0 94 4
0 95 5
0 96 4
0 97 4
0 98 2
0 99 4
1 2 4
1 3 1
1 4 2
1 5 2
1 6 3
1 7 5
1 8 4
1 9 2
1 10 3
1 11 2
1 12 4
1 13 2
1 14 3
1 15 1
1 16 2
1 17 4
1 18 2
1 19 1
1 20 3
1 21 1
1 22 4
1 23 5
1 24 3
1 25 1
1 26 5
1 27 4
1 28 1
1 29 2
1 30 3
1 31 4
1 32 4
1 33 3
1 34 4
1 35 1
1 36 3
1 37 4
1 38 3
1 39 1
1 40 3
1 41 2
1 42 1
1 43 4
1 44 2
1 45 4
1 46 3
1 47 3
1 48 4
1 49 2
1 50 2
1 51 4
1 52 2
1 53 2
1 54 2
1 55 4
1 56 3
1 57 3
1 58 4
1 59 2
1 60 3
1 61 2
1 62 3
1 63 4
1 64 3
1 65 2
1 66 5
1 67 3
1 68 2
1 69 3
1 70 4
1 71 3
1 72 5
1 73 2
1 74 1
1 75 4
1 76 1
1 77 3
1 78 3
1 79 2
1 80 1
1 81 4
1 82 4
1 83 1
1 84 3
1 85 3
1 86 3
1 87 3
1 88 5
1 89 1
1 90 2
1 91 2
1 92 4
1 93 4
1 94 4
1 95 5
1 96 4
1 97 4
1 98 1
1 99 4
2 3 3
2 4 3
2 5 5
2 6 4
2 7 2
2 8 2
2 9 2
2 10 3
2 11 4
2 12 1
2 13 4
2 14 3
2 15 5
2 16 2
2 17 2
2 18 4
2 19 4
2 20 1
2 21 5
2 22 4
2 23 2
2 24 1
2 25 3
2 26 1
2 27 4
2 28 3
2 29 4
2 30 3
2 31 3
2 32 3
2 33 3
2 34 1
2 35 4
2 36 5
2 37 3
2 38 2
2 39 4
2 40 5
2 41 5
2 42 4
2 43 1
2 44 2
2 45 2
2 46 3
2 47 1
2 48 2
2 49 3
2 50 6
2 51 3
2 52 2
2 53 3
2 54 2
2 55 1
2 56 4
2 57 2
2 58 3
2 59 6
2 60 1
2 61 3
2 62 4
2 63 1
2 64 2
2 65 4
2 66 3
2 67 2
2 68 4
2 69 2
2 70 5
2 71 1
2 72 3
2 73 2
2 74 4
2 75 3
2 76 4
2 77 1
2 78 2
2 79 2
2 80 3
2 81 3
2 82 2
2 83 3
2 84 2
2 85 3
2 86 4
2 87 4
2 88 2
2 89 4
2 90 2
2 91 5
2 92 1
2 93 2
2 94 2
2 95 1
2 96 1
2 97 3
2 98 5
2 99 5
3 4 2
3 5 2
3 6 4
3 7 4
3 8 4
3 9 1
3 10 2
3 11 1
3 12 3
3 13 1
3 14 2
3 15 2
3 16 2
3 17 4
3 18 3
3 19 1
3 20 2
3 21 2
3 22 4
3 23 4
3 24 2
3 25 1
3 26 4
3 27 4
3 28 2
3 29 3
3 30 4
3 31 3
3 32 3
3 33 2
3 34 3
3 35 2
3 36 4
3 37 3
3 38 3
3 39 1
3 40 4
3 41 2
3 42 1
3 43 3
3 44 1
3 45 3
3 46 2
3 47 2
3 48 3
3 49 3
3 50 3
3 51 4
3 52 2
3 53 1
3 54 2
3 55 3
3 56 4
3 57 2
3 58 4
3 59 3
3 60 2
3 61 3
3 62 4
3 63 3
3 64 2
3 65 3
3 66 4
3 67 3
3 68 1
3 69 2
3 70 5
3 71 2
3 72 4
3 73 1
3 74 1
3 75 3
3 76 2
3 77 2
3 78 3
3 79 1
3 80 1
3 81 3
3 82 3
3 83 2
3 84 3
3 85 3
3 86 4
3 87 3
3 88 4
3 89 1
3 90 2
3 91 2
3 92 3
3 93 3
3 94 3
3 95 4
3 96 3
3 97 3
3 98 2
3 99 4
4 5 3
4 6 2
4 7 4
4 8 3
4 9 1
4 10 4
4 11 3
4 12 3
4 13 2
4 14 3
4 15 2
4 16 1
4 17 3
4 18 1
4 19 2
4 20 2
4 21 2
4 22 3
4 23 4
4 24 2
4 25 1
4 26 4
4 27 2
4 28 1
4 29 2
4 30 2
4 31 3
4 32 5
4 33 4
4 34 4
4 35 1
4 36 2
4 37 5
4 38 2
4 39 2
4 40 2
4 41 3
4 42 2
4 43 3
4 44 2
4 45 3
4 46 4
4 47 2
4 48 5
4 49 1
4 50 3
4 51 3
4 52 1
4 53 3
4 54 1
4 55 3
4 56 2
4 57 4
4 58 3
4 59 3
4 60 3
4 61 1
4 62 2
4 63 3
4 64 2
4 65 1
4 66 4
4 67 2
4 68 3
4 69 4
4 70 3
4 71 3
4 72 4
4 73 3
4 74 2
4 75 3
4 76 1
4 77 2
4 78 2
4 79 1
4 80 2
4 81 5
4 82 3
4 83 1
4 84 2
4 85 2
4 86 2
4 87 1
4 88 4
4 89 2
4 90 1
4 91 3
4 92 3
4 93 3
4 94 3
4 95 4
4 96 4
4 97 3
4 98 2
4 99 2
5 6 5
5 7 6
5 8 5
5 9 3
5 10 3
5 11 1
5 12 5
5 13 2
5 14 2
5 15 2
5 16 3
5 17 5
5 18 4
5 19 1
5 20 4
5 21 2
5 22 5
5 23 6
5 24 4
5 25 2
5 26 6
5 27 5
5 28 3
5 29 4
5 30 5
5 31 5
5 32 4
5 33 3
5 34 5
5 35 3
5 36 5
5 37 4
5 38 4
5 39 2
5 40 5
5 41 1
5 42 1
5 43 5
5 44 3
5 45 5
5 46 3
5 47 4
5 48 5
5 49 4
5 50 1
5 51 5
5 52 3
5 53 2
5 54 3
5 55 5
5 56 5
5 57 4
5 58 5
5 59 2
5 60 4
5 61 4
5 62 5
5 63 5
5 64 4
5 65 4
5 66 6
5 67 4
5 68 1
5 69 3
5 70 6
5 71 4
5 72 6
5 73 3
5 74 2
5 75 5
5 76 3
5 77 4
5 78 4
5 79 3
5 80 2
5 81 4
5 82 5
5 83 3
5 84 4
5 85 4
5 86 5
5 87 4
5 88 6
5 89 2
5 90 3
5 91 1
5 92 5
5 93 5
5 94 5
5 95 6
5 96 5
5 97 5
5 98 2
5 99 5
6 7 3
6 8 3
6 9 3
6 10 5
6 11 4
6 12 4
6 13 4
6 14 5
6 15 4
6 16 3
6 17 4
6 18 2
6 19 4
6 20 3
6 21 3
6 22 1
6 23 4
6 24 4
6 25 3
6 26 5
6 27 1
6 28 2
6 29 2
6 30 1
6 31 2
6 32 6
6 33 5
6 34 5
6 35 2
6 36 1
6 37 6
6 38 3
6 39 3
6 40 2
6 41 5
6 42 4
6 43 4
6 44 3
6 45 3
6 46 5
6 47 3
6 48 6
6 49 2
6 50 4
6 51 3
6 52 3
6 53 4
6 54 2
6 55 4
6 56 1
6 57 5
6 58 3
6 59 4
6 60 4
6 61 1
6 62 1
6 63 4
6 64 3
6 65 1
6 66 4
6 67 2
6 68 5
6 69 5
6 70 1
6 71 4
6 72 4
6 73 4
6 74 4
6 75 2
6 76 3
6 77 4
6 78 3
6 79 3
6 80 3
6 81 6
6 82 3
6 83 2
6 84 3
6 85 2
6 86 1
6 87 1
6 88 4
6 89 3
6 90 3
6 91 5
6 92 4
6 93 3
6 94 3
6 95 5
6 96 5
6 97 2
6 98 3
6 99 1
7 8 1
7 9 3
7 10 4
7 11 5
7 12 1
7 13 5
7 14 5
7 15 6
7 16 3
7 17 1
7 18 4
7 19 5
7 20 2
7 21 5
7 22 3
7 23 1
7 24 2
7 25 4
7 26 2
7 27 3
7 28 4
7 29 4
7 30 2
7 31 1
7 32 4
7 33 4
7 34 3
7 35 4
7 36 4
7 37 4
7 38 2
7 39 5
7 40 4
7 41 6
7 42 5
7 43 2
7 44 3
7 45 1
7 46 5
7 47 3
7 48 4
7 49 3
7 50 6
7 51 1
7 52 3
7 53 5
7 54 3
7 55 3
7 56 3
7 57 3
7 58 1
7 59 6
7 60 3
7 61 3
7 62 4
7 63 2
7 64 2
7 65 4
7 66 1
7 67 2
7 68 5
7 69 4
7 70 4
7 71 3
7 72 1
7 73 4
7 74 5
7 75 2
7 76 5
7 77 3
7 78 2
7 79 3
7 80 4
7 81 4
7 82 1
7 83 4
7 84 2
7 85 2
7 86 4
7 87 3
7 88 1
7 89 5
7 90 3
7 91 6
7 92 1
7 93 1
7 94 1
7 95 2
7 96 2
7 97 2
7 98 5
7 99 4
8 9 3
8 10 4
8 11 5
8 12 2
8 13 4
8 14 4
8 15 5
8 16 2
8 17 1
8 18 4
8 19 4
8 20 2
8 21 5
8 22 2
8 23 1
8 24 2
8 25 3
8 26 2
8 27 3
8 28 3
8 29 4
8 30 2
8 31 1
8 32 4
8 33 4
8 34 3
8 35 4
8 36 4
8 37 4
8 38 1
8 39 4
8 40 4
8 41 5
8 42 4
8 43 2
8 44 3
8 45 1
8 46 4
8 47 2
8 48 4
8 49 3
8 50 6
8 51 1
8 52 2
8 53 4
8 54 2
8 55 3
8 56 3
8 57 3
8 58 1
8 59 6
8 60 3
8 61 3
8 62 4
8 63 2
8 64 2
8 65 4
8 66 1
8 67 1
8 68 5
8 69 4
8 70 4
8 71 3
8 72 1
8 73 3
8 74 4
8 75 1
8 76 4
8 77 2
8 78 1
8 79 3
8 80 4
8 81 4
8 82 1
8 83 4
8 84 2
8 85 2
8 86 4
8 87 3
8 88 2
8 89 4
8 90 2
8 91 5
8 92 1
8 93 1
8 94 1
8 95 2
8 96 2
8 97 1
8 98 5
8 99 4
9 10 3
9 11 2
9 12 3
9 13 2
9 14 3
9 15 3
9 16 1
9 17 3
9 18 2
9 19 2
9 20 1
9 21 3
9 22 3
9 23 3
9 24 2
9 25 1
9 26 3
9 27 3
9 28 1
9 29 2
9 30 3
9 31 2
9 32 4
9 33 3
9 34 3
9 35 2
9 36 3
9 37 4
9 38 2
9 39 2
9 40 3
9 41 3
9 42 2
9 43 2
9 44 1
9 45 2
9 46 3
9 47 1
9 48 4
9 49 2
9 50 4
9 51 3
9 52 1
9 53 2
9 54 1
9 55 2
9 56 3
9 57 3
9 58 3
9 59 4
9 60 2
9 61 2
9 62 3
9 63 2
9 64 1
9 65 2
9 66 3
9 67 2
9 68 2
9 69 3
9 70 4
9 71 2
9 72 3
9 73 2
9 74 2
9 75 2
9 76 2
9 77 1
9 78 2
9 79 1
9 80 2
9 81 4
9 82 2
9 83 1
9 84 2
9 85 2
9 86 3
9 87 2
9 88 3
9 89 2
9 90 1
9 91 3
9 92 3
9 93 2
9 94 2
9 95 3
9 96 3
9 97 2
9 98 3
9 99 3
10 11 3
10 12 3
10 13 2
10 14 1
10 15 4
10 16 3
10 17 4
10 18 5
10 19 3
10 20 3
10 21 4
10 22 5
10 23 4
10 24 3
10 25 3
10 26 3
10 27 6
10 28 4
10 29 5
10 30 5
10 31 4
10 32 1
10 33 1
10 34 2
10 35 4
10 36 6
10 37 1
10 38 3
10 39 3
10 40 6
10 41 4
10 42 3
10 43 2
10 44 2
10 45 4
10 46 1
10 47 3
10 48 2
10 49 4
10 50 4
10 51 4
10 52 3
10 53 2
10 54 3
10 55 2
10 56 5
10 57 1
10 58 5
10 59 5
10 60 2
10 61 4
10 62 5
10 63 3
10 64 4
10 65 5
10 66 5
10 67 4
10 68 2
10 69 1
10 70 6
10 71 2
10 72 5
10 73 1
10 74 3
10 75 4
10 76 4
10 77 2
10 78 3
10 79 3
10 80 3
10 81 1
10 82 4
10 83 4
10 84 4
10 85 4
10 86 5
10 87 5
10 88 3
10 89 3
10 90 3
10 91 4
10 92 3
10 93 4
10 94 4
10 95 3
10 96 3
10 97 4
10 98 4
10 99 6
11 12 4
11 13 1
11 14 2
11 15 2
11 16 3
11 17 5
11 18 3
11 19 1
11 20 3
11 21 2
11 22 5
11 23 5
11 24 3
11 25 2
11 26 5
11 27 5
11 28 2
11 29 3
11 30 4
11 31 4
11 32 3
11 33 3
11 34 4
11 35 2
11 36 4
11 37 4
11 38 4
11 39 2
11 40 4
11 41 1
11 42 1
11 43 4
11 44 2
11 45 4
11 46 2
11 47 3
11 48 4
11 49 3
11 50 2
11 51 5
11 52 3
11 53 1
11 54 3
11 55 4
11 56 4
11 57 3
11 58 5
11 59 2
11 60 3
11 61 3
11 62 4
11 63 4
11 64 3
11 65 3
11 66 5
11 67 4
11 68 1
11 69 2
11 70 5
11 71 3
11 72 5
11 73 2
11 74 1
11 75 4
11 76 2
11 77 3
11 78 4
11 79 2
11 80 1
11 81 3
11 82 4
11 83 2
11 84 4
11 85 4
11 86 4
11 87 4
11 88 5
11 89 1
11 90 3
11 91 1
11 92 4
11 93 4
11 94 4
11 95 5
11 96 4
11 97 4
11 98 3
11 99 5
12 13 4
12 14 4
12 15 5
12 16 2
12 17 1
12 18 4
12 19 4
12 20 2
12 21 5
12 22 3
12 23 1
12 24 1
12 25 3
12 26 1
12 27 4
12 28 3
12 29 5
12 30 3
12 31 2
12 32 3
12 33 3
12 34 2
12 35 4
12 36 5
12 37 3
12 38 2
12 39 4
12 40 5
12 41 5
12 42 4
12 43 1
12 44 2
12 45 2
12 46 4
12 47 2
12 48 3
12 49 4
12 50 6
12 51 2
12 52 2
12 53 4
12 54 3
12 55 2
12 56 4
12 57 2
12 58 2
12 59 6
12 60 2
12 61 4
12 62 5
12 63 1
12 64 2
12 65 4
12 66 2
12 67 2
12 68 4
12 69 3
12 70 5
12 71 2
12 72 2
12 73 3
12 74 4
12 75 2
12 76 4
12 77 2
12 78 2
12 79 3
12 80 4
12 81 3
12 82 1
12 83 4
12 84 2
12 85 3
12 86 5
12 87 4
12 88 1
12 89 4
12 90 2
12 91 5
12 92 1
12 93 2
12 94 1
12 95 1
12 96 1
12 97 2
12 98 5
12 99 5
13 14 1
13 15 2
13 16 2
13 17 4
13 18 3
13 19 1
13 20 3
13 21 2
13 22 4
13 23 5
13 24 3
13 25 1
13 26 5
13 27 4
13 28 2
13 29 3
13 30 4
13 31 4
13 32 3
13 33 2
13 34 4
13 35 2
13 36 4
13 37 3
13 38 3
13 39 2
13 40 4
13 41 2
13 42 1
13 43 4
13 44 2
13 45 4
13 46 2
13 47 3
13 48 4
13 49 3
13 50 3
13 51 4
13 52 2
13 53 1
13 54 2
13 55 4
13 56 4
13 57 3
13 58 4
13 59 3
13 60 3
13 61 3
13 62 4
13 63 4
13 64 3
13 65 3
13 66 5
13 67 3
13 68 1
13 69 2
13 70 5
13 71 3
13 72 5
13 73 2
13 74 1
13 75 4
13 76 2
13 77 3
13 78 3
13 79 2
13 80 1
13 81 3
13 82 4
13 83 2
13 84 3
13 85 3
13 86 4
13 87 3
13 88 5
13 89 1
13 90 2
13 91 2
13 92 4
13 93 4
13 94 4
13 95 5
13 96 4
13 97 4
13 98 3
13 99 4
14 15 3
14 16 3
14 17 4
14 18 4
14 19 2
14 20 3
14 21 3
14 22 5
14 23 5
14 24 3
14 25 2
14 26 4
14 27 5
14 28 3
14 29 4
14 30 5
14 31 4
14 32 2
14 33 1
14 34 3
14 35 3
14 36 5
14 37 2
14 38 3
14 39 3
14 40 5
14 41 3
14 42 2
14 43 3
14 44 2
14 45 4
14 46 1
14 47 3
14 48 3
14 49 4
14 50 3
14 51 4
14 52 3
14 53 1
14 54 3
14 55 3
14 56 5
14 57 2
14 58 5
14 59 4
14 60 2
14 61 4
14 62 5
14 63 3
14 64 4
14 65 4
14 66 5
14 67 4
14 68 1
14 69 1
14 70 6
14 71 2
14 72 5
14 73 1
14 74 2
14 75 4
14 76 3
14 77 2
14 78 3
14 79 3
14 80 2
14 81 2
14 82 4
14 83 3
14 84 4
14 85 4
14 86 5
14 87 4
14 88 4
14 89 2
14 90 3
14 91 3
14 92 4
14 93 4
14 94 4
14 95 4
14 96 3
14 97 4
14 98 4
14 99 5
15 16 3
15 17 5
15 18 2
15 19 2
15 20 4
15 21 1
15 22 5
15 23 6
15 24 4
15 25 2
15 26 6
15 27 4
15 28 2
15 29 2
15 30 4
15 31 5
15 32 5
15 33 4
15 34 5
15 35 2
15 36 4
15 37 5
15 38 4
15 39 1
15 40 3
15 41 1
15 42 2
15 43 5
15 44 3
15 45 5
15 46 4
15 47 4
15 48 5
15 49 3
15 50 1
15 51 5
15 52 3
15 53 3
15 54 3
15 55 5
15 56 4
15 57 4
15 58 5
15 59 1
15 60 4
15 61 3
15 62 4
15 63 5
15 64 4
15 65 3
15 66 6
15 67 4
15 68 3
15 69 4
15 70 4
15 71 4
15 72 6
15 73 3
15 74 2
15 75 5
15 76 1
15 77 4
15 78 4
15 79 3
15 80 2
15 81 5
15 82 5
15 83 2
15 84 4
15 85 4
15 86 4
15 87 3
15 88 6
15 89 1
15 90 3
15 91 2
15 92 5
15 93 5
15 94 5
15 95 6
15 96 5
15 97 5
15 98 1
15 99 4
16 17 2
16 18 2
16 19 2
16 20 1
16 21 3
16 22 3
16 23 3
16 24 1
16 25 1
16 26 3
16 27 3
16 28 2
16 29 3
16 30 2
16 31 2
16 32 4
16 33 3
16 34 3
16 35 2
16 36 3
16 37 4
16 38 1
16 39 2
16 40 3
16 41 3
16 42 2
16 43 2
16 44 1
16 45 2
16 46 3
16 47 1
16 48 4
16 49 2
16 50 4
16 51 2
16 52 1
16 53 3
16 54 1
16 55 2
16 56 3
16 57 3
16 58 2
16 59 4
16 60 2
16 61 2
16 62 3
16 63 2
16 64 1
16 65 2
16 66 3
16 67 1
16 68 3
16 69 3
16 70 4
16 71 2
16 72 3
16 73 2
16 74 2
16 75 2
16 76 2
16 77 1
16 78 1
16 79 1
16 80 2
16 81 4
16 82 2
16 83 2
16 84 1
16 85 2
16 86 3
16 87 2
16 88 3
16 89 2
16 90 1
16 91 3
16 92 2
16 93 2
16 94 2
16 95 3
16 96 3
16 97 2
16 98 3
16 99 3
17 18 4
17 19 4
17 20 2
17 21 5
17 22 3
17 23 1
17 24 2
17 25 3
17 26 1
17 27 4
17 28 3
17 29 4
17 30 3
17 31 2
17 32 4
17 33 4
17 34 3
17 35 4
17 36 4
17 37 4
17 38 1
17 39 4
17 40 4
17 41 5
17 42 4
17 43 2
17 44 3
17 45 1
17 46 4
17 47 2
17 48 4
17 49 3
17 50 6
17 51 1
17 52 2
17 53 4
17 54 2
17 55 3
17 56 4
17 57 3
17 58 2
17 59 6
17 60 3
17 61 3
17 62 4
17 63 2
17 64 2
17 65 4
17 66 1
17 67 2
17 68 5
17 69 4
17 70 5
17 71 3
17 72 1
17 73 3
17 74 4
17 75 2
17 76 4
17 77 2
17 78 2
17 79 3
17 80 4
17 81 4
17 82 1
17 83 4
17 84 2
17 85 2
17 86 4
17 87 3
17 88 1
17 89 4
17 90 2
17 91 5
17 92 1
17 93 1
17 94 1
17 95 2
17 96 2
17 97 2
17 98 5
17 99 4
18 19 3
18 20 3
18 21 2
18 22 3
18 23 4
18 24 3
18 25 2
18 26 5
18 27 2
18 28 1
18 29 1
18 30 2
18 31 3
18 32 5
18 33 5
18 34 5
18 35 1
18 36 2
18 37 6
18 38 3
18 39 2
18 40 1
18 41 3
18 42 3
18 43 4
18 44 3
18 45 4
18 46 4
18 47 3
18 48 6
18 49 1
18 50 3
18 51 4
18 52 2
18 53 3
18 54 2
18 55 4
18 56 2
18 57 5
18 58 4
18 59 3
18 60 4
18 61 2
18 62 2
18 63 4
18 64 3
18 65 1
18 66 5
18 67 3
18 68 4
18 69 4
18 70 2
18 71 4
18 72 5
18 73 4
18 74 3
18 75 3
18 76 1
18 77 3
18 78 3
18 79 2
18 80 2
18 81 5
18 82 4
18 83 1
18 84 3
18 85 2
18 86 2
18 87 1
18 88 5
18 89 2
18 90 2
18 91 4
18 92 4
18 93 3
18 94 4
18 95 5
18 96 5
18 97 3
18 98 2
18 99 2
19 20 3
19 21 2
19 22 4
19 23 5
19 24 3
19 25 1
19 26 5
19 27 4
19 28 2
19 29 3
19 30 4
19 31 4
19 32 3
19 33 3
19 34 4
19 35 2
19 36 4
19 37 4
19 38 3
19 39 1
19 40 4
19 41 1
19 42 1
19 43 4
19 44 2
19 45 4
19 46 2
19 47 3
19 48 4
19 49 3
19 50 2
19 51 4
19 52 2
19 53 1
19 54 2
19 55 4
19 56 4
19 57 3
19 58 4
19 59 2
19 60 3
19 61 3
19 62 4
19 63 4
19 64 3
19 65 3
19 66 5
19 67 3
19 68 1
19 69 2
19 70 5
19 71 3
19 72 5
19 73 2
19 74 1
19 75 4
19 76 2
19 77 3
19 78 3
19 79 2
19 80 1
19 81 3
19 82 4
19 83 2
19 84 3
19 85 3
19 86 4
19 87 3
19 88 5
19 89 1
19 90 2
19 91 1
19 92 4
19 93 4
19 94 4
19 95 5
19 96 4
19 97 4
19 98 2
19 99 4
20 21 4
20 22 3
20 23 2
20 24 1
20 25 2
20 26 2
20 27 3
20 28 2
20 29 3
20 30 2
20 31 2
20 32 3
20 33 3
20 34 2
20 35 3
20 36 4
20 37 3
20 38 1
20 39 3
20 40 4
20 41 4
20 42 3
20 43 1
20 44 1
20 45 2
20 46 3
20 47 1
20 48 3
20 49 2
20 50 5
20 51 2
20 52 1
20 53 3
20 54 1
20 55 1
20 56 3
20 57 2
20 58 2
20 59 5
20 60 1
20 61 2
20 62 3
20 63 1
20 64 1
20 65 3
20 66 2
20 67 1
20 68 3
20 69 2
20 70 4
20 71 1
20 72 3
20 73 2
20 74 3
20 75 2
20 76 3
20 77 1
20 78 1
20 79 1
20 80 2
20 81 3
20 82 1
20 83 2
20 84 1
20 85 2
20 86 3
20 87 3
20 88 2
20 89 3
20 90 1
20 91 4
20 92 2
20 93 1
20 94 1
20 95 2
20 96 2
20 97 2
20 98 4
20 99 4
21 22 4
21 23 5
21 24 4
21 25 2
21 26 6
21 27 4
21 28 2
21 29 2
21 30 4
21 31 4
21 32 5
21 33 4
21 34 5
21 35 1
21 36 3
21 37 5
21 38 4
21 39 1
21 40 3
21 41 2
21 42 2
21 43 5
21 44 3
21 45 5
21 46 4
21 47 4
21 48 5
21 49 2
21 50 1
21 51 5
21 52 3
21 53 3
21 54 3
21 55 5
21 56 4
21 57 4
21 58 5
21 59 1
21 60 4
21 61 3
21 62 3
21 63 5
21 64 4
21 65 2
21 66 6
21 67 4
21 68 3
21 69 4
21 70 4
21 71 4
21 72 6
21 73 3
21 74 2
21 75 4
21 76 1
21 77 4
21 78 4
21 79 3
21 80 2
21 81 5
21 82 5
21 83 2
21 84 4
21 85 3
21 86 3
21 87 3
21 88 6
21 89 1
21 90 3
21 91 2
21 92 5
21 93 4
21 94 5
21 95 6
21 96 5
21 97 4
21 98 1
21 99 4
22 23 3
22 24 3
22 25 3
22 26 4
22 27 1
22 28 3
22 29 3
22 30 1
22 31 2
22 32 6
22 33 5
22 34 5
22 35 3
22 36 2
22 37 6
22 38 2
22 39 4
22 40 3
22 41 5
22 42 4
22 43 4
22 44 3
22 45 2
22 46 5
22 47 3
22 48 6
22 49 2
22 50 5
22 51 2
22 52 3
22 53 5
22 54 2
22 55 4
22 56 1
22 57 5
22 58 2
22 59 5
22 60 4
22 61 2
22 62 2
22 63 4
22 64 2
22 65 2
22 66 3
22 67 2
22 68 5
22 69 5
22 70 2
22 71 4
22 72 3
22 73 4
22 74 4
22 75 1
22 76 4
22 77 3
22 78 2
22 79 3
22 80 4
22 81 6
22 82 2
22 83 3
22 84 2
22 85 1
22 86 2
22 87 2
22 88 4
22 89 4
22 90 2
22 91 5
22 92 3
22 93 2
22 94 2
22 95 4
22 96 4
22 97 1
22 98 4
22 99 2
23 24 2
23 25 4
23 26 1
23 27 4
23 28 4
23 29 4
23 30 3
23 31 2
23 32 4
23 33 4
23 34 3
23 35 4
23 36 4
23 37 4
23 38 2
23 39 5
23 40 4
23 41 6
23 42 5
23 43 2
23 44 3
23 45 1
23 46 5
23 47 3
23 48 4
23 49 3
23 50 6
23 51 1
23 52 3
23 53 5
23 54 3
23 55 3
23 56 4
23 57 3
23 58 1
23 59 6
23 60 3
23 61 3
23 62 4
23 63 2
23 64 2
23 65 4
23 66 1
23 67 2
23 68 5
23 69 4
23 70 5
23 71 3
23 72 1
23 73 4
23 74 5
23 75 2
23 76 5
23 77 3
23 78 2
23 79 3
23 80 4
23 81 4
23 82 1
23 83 4
23 84 2
23 85 2
23 86 4
23 87 3
23 88 1
23 89 5
23 90 3
23 91 6
23 92 1
23 93 1
23 94 1
23 95 2
23 96 2
23 97 2
23 98 5
23 99 4
24 25 2
24 26 2
24 27 4
24 28 2
24 29 4
24 30 3
24 31 2
24 32 3
24 33 3
24 34 2
24 35 3
24 36 4
24 37 3
24 38 1
24 39 3
24 40 4
24 41 4
24 42 3
24 43 1
24 44 1
24 45 2
24 46 3
24 47 1
24 48 3
24 49 3
24 50 5
24 51 2
24 52 1
24 53 3
24 54 2
24 55 1
24 56 4
24 57 2
24 58 2
24 59 5
24 60 1
24 61 3
24 62 4
24 63 1
24 64 1
24 65 3
24 66 3
24 67 2
24 68 3
24 69 2
24 70 5
24 71 1
24 72 3
24 73 2
24 74 3
24 75 2
24 76 3
24 77 1
24 78 1
24 79 2
24 80 3
24 81 3
24 82 1
24 83 3
24 84 1
24 85 2
24 86 4
24 87 3
24 88 2
24 89 3
24 90 1
24 91 4
24 92 1
24 93 1
24 94 2
24 95 2
24 96 2
24 97 2
24 98 4
24 99 4
25 26 4
25 27 3
25 28 1
25 29 2
25 30 3
25 31 3
25 32 4
25 33 3
25 34 4
25 35 2
25 36 3
25 37 4
25 38 2
25 39 1
25 40 3
25 41 2
25 42 1
25 43 3
25 44 1
25 45 3
25 46 3
25 47 2
25 48 4
25 49 2
25 50 3
25 51 3
25 52 1
25 53 2
25 54 1
25 55 3
25 56 3
25 57 3
25 58 3
25 59 3
25 60 2
25 61 2
25 62 3
25 63 3
25 64 2
25 65 2
25 66 4
25 67 2
25 68 2
25 69 3
25 70 4
25 71 2
25 72 4
25 73 2
25 74 1
25 75 3
25 76 2
25 77 2
25 78 2
25 79 1
25 80 1
25 81 4
25 82 3
25 83 1
25 84 2
25 85 2
25 86 3
25 87 2
25 88 4
25 89 1
25 90 1
25 91 2
25 92 3
25 93 3
25 94 3
25 95 4
25 96 3
25 97 3
25 98 2
25 99 3
26 27 5
26 28 4
26 29 5
26 30 4
26 31 3
26 32 3
26 33 3
26 34 2
26 35 5
26 36 5
26 37 3
26 38 2
26 39 5
26 40 5
26 41 6
26 42 5
26 43 1
26 44 3
26 45 2
26 46 4
26 47 2
26 48 3
26 49 4
26 50 7
26 51 2
26 52 3
26 53 4
26 54 3
26 55 2
26 56 5
26 57 2
26 58 2
26 59 7
26 60 2
26 61 4
26 62 5
26 63 1
26 64 3
26 65 5
26 66 2
26 67 3
26 68 5
26 69 3
26 70 6
26 71 2
26 72 2
26 73 3
26 74 5
26 75 3
26 76 5
26 77 2
26 78 3
26 79 3
26 80 4
26 81 3
26 82 2
26 83 4
26 84 3
26 85 3
26 86 5
26 87 4
26 88 1
26 89 5
26 90 3
26 91 6
26 92 1
26 93 2
26 94 2
26 95 1
26 96 1
26 97 3
26 98 6
26 99 5
27 28 3
27 29 2
27 30 1
27 31 2
27 32 6
27 33 6
27 34 5
27 35 3
27 36 1
27 37 6
27 38 3
27 39 4
27 40 2
27 41 5
27 42 4
27 43 4
27 44 4
27 45 3
27 46 6
27 47 3
27 48 6
27 49 2
27 50 5
27 51 3
27 52 3
27 53 5
27 54 3
27 55 4
27 56 1
27 57 5
27 58 3
27 59 5
27 60 4
27 61 2
27 62 1
27 63 4
27 64 3
27 65 2
27 66 4
27 67 2
27 68 5
27 69 5
27 70 1
27 71 4
27 72 4
27 73 5
27 74 4
27 75 2
27 76 3
27 77 4
27 78 3
27 79 3
27 80 4
27 81 6
27 82 3
27 83 3
27 84 3
27 85 2
27 86 1
27 87 1
27 88 4
27 89 4
27 90 3
27 91 5
27 92 4
27 93 3
27 94 3
27 95 5
27 96 5
27 97 2
27 98 4
27 99 1
28 29 2
28 30 2
28 31 3
28 32 5
28 33 4
28 34 4
28 35 1
28 36 2
28 37 5
28 38 2
28 39 1
28 40 2
28 41 3
28 42 2
28 43 3
28 44 2
28 45 3
28 46 4
28 47 2
28 48 5
28 49 1
28 50 3
28 51 3
28 52 1
28 53 3
28 54 1
28 55 3
28 56 2
28 57 4
28 58 3
28 59 3
28 60 3
28 61 1
28 62 2
28 63 3
28 64 2
28 65 1
28 66 4
28 67 2
28 68 3
28 69 4
28 70 3
28 71 3
28 72 4
28 73 3
28 74 2
28 75 3
28 76 1
28 77 2
28 78 2
28 79 1
28 80 2
28 81 5
28 82 3
28 83 1
28 84 2
28 85 2
28 86 2
28 87 2
28 88 4
28 89 1
28 90 1
28 91 3
28 92 3
28 93 3
28 94 3
28 95 4
28 96 4
28 97 3
28 98 2
28 99 3
29 30 2
29 31 3
29 32 5
29 33 5
29 34 5
29 35 1
29 36 2
29 37 6
29 38 3
29 39 2
29 40 1
29 41 3
29 42 3
29 43 4
29 44 3
29 45 4
29 46 4
29 47 3
29 48 6
29 49 1
29 50 3
29 51 4
29 52 3
29 53 3
29 54 2
29 55 4
29 56 2
29 57 5
29 58 4
29 59 3
29 60 4
29 61 2
29 62 2
29 63 4
29 64 3
29 65 1
29 66 5
29 67 3
29 68 4
29 69 4
29 70 2
29 71 4
29 72 5
29 73 4
29 74 3
29 75 3
29 76 1
29 77 3
29 78 3
29 79 3
29 80 2
29 81 5
29 82 4
29 83 1
29 84 3
29 85 2
29 86 2
29 87 1
29 88 5
29 89 2
29 90 3
29 91 4
29 92 4
29 93 3
29 94 4
29 95 5
29 96 5
29 97 3
29 98 2
29 99 2
30 31 1
30 32 5
30 33 5
30 34 4
30 35 3
30 36 2
30 37 5
30 38 2
30 39 3
30 40 2
30 41 5
30 42 4
30 43 3
30 44 3
30 45 2
30 46 5
30 47 2
30 48 5
30 49 2
30 50 5
30 51 2
30 52 2
30 53 5
30 54 2
30 55 3
30 56 1
30 57 4
30 58 2
30 59 5
30 60 3
30 61 1
30 62 2
30 63 3
30 64 2
30 65 2
30 66 3
30 67 1
30 68 5
30 69 4
30 70 2
30 71 3
30 72 3
30 73 4
30 74 4
30 75 1
30 76 3
30 77 3
30 78 2
30 79 3
30 80 4
30 81 5
30 82 2
30 83 3
30 84 2
30 85 1
30 86 2
30 87 1
30 88 3
30 89 3
30 90 2
30 91 5
30 92 3
30 93 2
30 94 2
30 95 4
30 96 4
30 97 1
30 98 4
30 99 2
31 32 5
31 33 4
31 34 4
31 35 3
31 36 3
31 37 5
31 38 1
31 39 4
31 40 3
31 41 5
31 42 4
31 43 3
31 44 3
31 45 1
31 46 4
31 47 2
31 48 5
31 49 2
31 50 5
31 51 1
31 52 2
31 53 4
31 54 2
31 55 3
31 56 2
31 57 4
31 58 1
31 59 5
31 60 3
31 61 2
31 62 3
31 63 3
31 64 1
31 65 3
31 66 2
31 67 1
31 68 4
31 69 4
31 70 3
31 71 3
31 72 2
31 73 3
31 74 4
31 75 1
31 76 4
31 77 2
31 78 1
31 79 3
31 80 4
31 81 5
31 82 1
31 83 3
31 84 1
31 85 1
31 86 3
31 87 2
31 88 2
31 89 4
31 90 2
31 91 5
31 92 2
31 93 1
31 94 1
31 95 3
31 96 3
31 97 1
31 98 4
31 99 3
32 33 1
32 34 2
32 35 5
32 36 6
32 37 1
32 38 4
32 39 4
32 40 6
32 41 4
32 42 3
32 43 2
32 44 3
32 45 4
32 46 2
32 47 3
32 48 1
32 49 5
32 50 5
32 51 5
32 52 4
32 53 2
32 54 4
32 55 2
32 56 6
32 57 1
32 58 5
32 59 5
32 60 2
32 61 5
32 62 6
32 63 3
32 64 4
32 65 5
32 66 5
32 67 4
32 68 3
32 69 1
32 70 7
32 71 2
32 72 5
32 73 2
32 74 3
32 75 5
32 76 5
32 77 3
32 78 4
32 79 4
32 80 3
32 81 1
32 82 4
32 83 4
32 84 4
32 85 5
32 86 6
32 87 6
32 88 3
32 89 4
32 90 4
32 91 4
32 92 3
32 93 4
32 94 4
32 95 3
32 96 3
32 97 5
32 98 5
32 99 7
33 34 2
33 35 4
33 36 6
33 37 1
33 38 3
33 39 3
33 40 6
33 41 4
33 42 3
33 43 2
33 44 2
33 45 4
33 46 1
33 47 3
33 48 2
33 49 4
33 50 4
33 51 4
33 52 3
33 53 2
33 54 3
33 55 2
33 56 5
33 57 1
33 58 5
33 59 5
33 60 2
33 61 4
33 62 5
33 63 3
33 64 4
33 65 5
33 66 5
33 67 4
33 68 2
33 69 1
33 70 6
33 71 2
33 72 5
33 73 1
33 74 3
33 75 4
33 76 4
33 77 2
33 78 3
33 79 3
33 80 3
33 81 1
33 82 4
33 83 4
33 84 4
33 85 4
33 86 5
33 87 5
33 88 3
33 89 3
33 90 3
33 91 4
33 92 3
33 93 4
33 94 4
33 95 3
33 96 3
33 97 4
33 98 4
33 99 6
34 35 5
34 36 6
34 37 2
34 38 3
34 39 4
34 40 6
34 41 5
34 42 4
34 43 1
34 44 3
34 45 3
34 46 3
34 47 2
34 48 1
34 49 4
34 50 6
34 51 4
34 52 3
34 53 3
34 54 3
34 55 1
34 56 5
34 57 1
34 58 4
34 59 6
34 60 2
34 61 4
34 62 5
34 63 1
34 64 3
34 65 5
34 66 4
34 67 3
34 68 4
34 69 2
34 70 6
34 71 2
34 72 4
34 73 2
34 74 4
34 75 4
34 76 5
34 77 2
34 78 3
34 79 3
34 80 4
34 81 2
34 82 3
34 83 4
34 84 3
34 85 4
34 86 5
34 87 5
34 88 2
34 89 4
34 90 3
34 91 5
34 92 2
34 93 3
34 94 3
34 95 1
34 96 1
34 97 4
34 98 5
34 99 6
35 36 2
35 37 5
35 38 3
35 39 1
35 40 2
35 41 3
35 42 2
35 43 4
35 44 3
35 45 4
35 46 4
35 47 3
35 48 5
35 49 1
35 50 2
35 51 4
35 52 2
35 53 3
35 54 2
35 55 4
35 56 3
35 57 4
35 58 4
35 59 2
35 60 4
35 61 2
35 62 2
35 63 4
35 64 3
35 65 1
35 66 5
35 67 3
35 68 3
35 69 4
35 70 3
35 71 4
35 72 5
35 73 3
35 74 2
35 75 3
35 76 1
35 77 3
35 78 3
35 79 2
35 80 2
35 81 5
35 82 4
35 83 1
35 84 3
35 85 2
35 86 2
35 87 2
35 88 5
35 89 1
35 90 2
35 91 3
35 92 4
35 93 3
35 94 4
35 95 5
35 96 5
35 97 3
35 98 1
35 99 3
36 37 7
36 38 3
36 39 3
36 40 1
36 41 5
36 42 4
36 43 5
36 44 4
36 45 4
36 46 5
36 47 4
36 48 7
36 49 2
36 50 4
36 51 4
36 52 3
36 53 4
36 54 3
36 55 5
36 56 1
36 57 6
36 58 4
36 59 4
36 60 5
36 61 2
36 62 1
36 63 5
36 64 3
36 65 1
36 66 5
36 67 3
36 68 5
36 69 5
36 70 1
36 71 5
36 72 5
36 73 5
36 74 4
36 75 3
36 76 3
36 77 4
36 78 3
36 79 3
36 80 3
36 81 6
36 82 4
36 83 2
36 84 3
36 85 2
36 86 1
36 87 1
36 88 5
36 89 3
36 90 3
36 91 5
36 92 4
36 93 3
36 94 4
36 95 5
36 96 5
36 97 3
36 98 3
36 99 1
37 38 4
37 39 4
37 40 7
37 41 5
37 42 4
37 43 2
37 44 3
37 45 4
37 46 2
37 47 3
37 48 1
37 49 5
37 50 5
37 51 5
37 52 4
37 53 3
37 54 4
37 55 2
37 56 6
37 57 1
37 58 5
37 59 6
37 60 2
37 61 5
37 62 6
37 63 3
37 64 4
37 65 6
37 66 5
37 67 4
37 68 3
37 69 2
37 70 7
37 71 2
37 72 5
37 73 2
37 74 4
37 75 5
37 76 5
37 77 3
37 78 4
37 79 4
37 80 4
37 81 1
37 82 4
37 83 5
37 84 4
37 85 5
37 86 6
37 87 6
37 88 3
37 89 4
37 90 4
37 91 5
37 92 3
37 93 4
37 94 4
37 95 3
37 96 3
37 97 5
37 98 5
37 99 7
38 39 3
38 40 3
38 41 4
38 42 3
38 43 2
38 44 2
38 45 1
38 46 3
38 47 1
38 48 4
38 49 2
38 50 5
38 51 1
38 52 1
38 53 3
38 54 1
38 55 2
38 56 3
38 57 3
38 58 2
38 59 5
38 60 2
38 61 2
38 62 3
38 63 2
38 64 1
38 65 3
38 66 2
38 67 1
38 68 4
38 69 3
38 70 4
38 71 2
38 72 2
38 73 2
38 74 3
38 75 1
38 76 3
38 77 1
38 78 1
38 79 2
38 80 3
38 81 4
38 82 1
38 83 3
38 84 1
38 85 1
38 86 3
38 87 2
38 88 2
38 89 3
38 90 1
38 91 4
38 92 1
38 93 1
38 94 1
38 95 2
38 96 2
38 97 1
38 98 4
38 99 3
39 40 3
39 41 2
39 42 1
39 43 4
39 44 2
39 45 4
39 46 3
39 47 3
39 48 4
39 49 2
39 50 2
39 51 4
39 52 2
39 53 2
39 54 2
39 55 4
39 56 3
39 57 3
39 58 4
39 59 2
39 60 3
39 61 2
39 62 3
39 63 4
39 64 3
39 65 2
39 66 5
39 67 3
39 68 2
39 69 3
39 70 4
39 71 3
39 72 5
39 73 2
39 74 1
39 75 4
39 76 1
39 77 3
39 78 3
39 79 2
39 80 1
39 81 4
39 82 4
39 83 1
39 84 3
39 85 3
39 86 3
39 87 3
39 88 5
39 89 1
39 90 2
39 91 2
39 92 4
39 93 4
39 94 4
39 95 5
39 96 4
39 97 4
39 98 1
39 99 4
40 41 4
40 42 4
40 43 5
40 44 4
40 45 4
40 46 5
40 47 4
40 48 7
40 49 2
40 50 4
40 51 4
40 52 3
40 53 4
40 54 3
40 55 5
40 56 2
40 57 6
40 58 4
40 59 4
40 60 5
40 61 2
40 62 1
40 63 5
40 64 3
40 65 1
40 66 5
40 67 3
40 68 5
40 69 5
40 70 1
40 71 5
40 72 5
40 73 5
40 74 4
40 75 3
40 76 2
40 77 4
40 78 3
40 79 3
40 80 3
40 81 6
40 82 4
40 83 2
40 84 3
40 85 2
40 86 1
40 87 1
40 88 5
40 89 3
40 90 3
40 91 5
40 92 4
40 93 3
40 94 4
40 95 5
40 96 5
40 97 3
40 98 3
40 99 1
41 42 1
41 43 5
41 44 3
41 45 5
41 46 3
41 47 4
41 48 5
41 49 4
41 50 1
41 51 5
41 52 3
41 53 2
41 54 3
41 55 5
41 56 5
41 57 4
41 58 5
41 59 1
41 60 4
41 61 4
41 62 5
41 63 5
41 64 4
41 65 4
41 66 6
41 67 4
41 68 2
41 69 3
41 70 5
41 71 4
41 72 6
41 73 3
41 74 2
41 75 5
41 76 2
41 77 4
41 78 4
41 79 3
41 80 2
41 81 4
41 82 5
41 83 3
41 84 4
41 85 4
41 86 5
41 87 4
41 88 6
41 89 2
41 90 3
41 91 1
41 92 5
41 93 5
41 94 5
41 95 6
41 96 5
41 97 5
41 98 2
41 99 5
42 43 4
42 44 2
42 45 4
42 46 2
42 47 3
42 48 4
42 49 3
42 50 2
42 51 4
42 52 2
42 53 1
42 54 2
42 55 4
42 56 4
42 57 3
42 58 4
42 59 2
42 60 3
42 61 3
42 62 4
42 63 4
42 64 3
42 65 3
42 66 5
42 67 3
42 68 1
42 69 2
42 70 5
42 71 3
42 72 5
42 73 2
42 74 1
42 75 4
42 76 2
42 77 3
42 78 3
42 79 2
42 80 1
42 81 3
42 82 4
42 83 2
42 84 3
42 85 3
42 86 4
42 87 3
42 88 5
42 89 1
42 90 2
42 91 1
42 92 4
42 93 4
42 94 4
42 95 5
42 96 4
42 97 4
42 98 2
42 99 4
43 44 2
43 45 2
43 46 3
43 47 2
43 48 2
43 49 3
43 50 6
43 51 3
43 52 2
43 53 3
43 54 2
43 55 1
43 56 4
43 57 1
43 58 3
43 59 6
43 60 1
43 61 3
43 62 4
43 63 1
43 64 2
43 65 4
43 66 3
43 67 2
43 68 4
43 69 2
43 70 5
43 71 1
43 72 3
43 73 2
43 74 4
43 75 3
43 76 4
43 77 2
43 78 2
43 79 2
43 80 3
43 81 2
43 82 2
43 83 3
43 84 2
43 85 3
43 86 4
43 87 4
43 88 1
43 89 4
43 90 2
43 91 5
43 92 1
43 93 2
43 94 2
43 95 1
43 96 1
43 97 3
43 98 5
43 99 5
44 45 3
44 46 2
44 47 1
44 48 3
44 49 2
44 50 4
44 51 3
44 52 1
44 53 2
44 54 1
44 55 2
44 56 3
44 57 2
44 58 3
44 59 4
44 60 1
44 61 2
44 62 3
44 63 2
44 64 2
44 65 3
44 66 3
44 67 2
44 68 2
44 69 2
44 70 4
44 71 1
44 72 4
44 73 1
44 74 2
44 75 3
44 76 3
44 77 1
44 78 2
44 79 1
44 80 2
44 81 3
44 82 2
44 83 2
44 84 2
44 85 2
44 86 3
44 87 3
44 88 3
44 89 2
44 90 1
44 91 3
44 92 2
44 93 2
44 94 2
44 95 3
44 96 2
44 97 3
44 98 3
44 99 4
45 46 4
45 47 2
45 48 4
45 49 3
45 50 6
45 51 1
45 52 2
45 53 4
45 54 2
45 55 3
45 56 3
45 57 3
45 58 1
45 59 6
45 60 3
45 61 3
45 62 4
45 63 2
45 64 1
45 65 4
45 66 1
45 67 1
45 68 4
45 69 4
45 70 4
45 71 3
45 72 1
45 73 3
45 74 4
45 75 1
45 76 4
45 77 2
45 78 1
45 79 3
45 80 4
45 81 4
45 82 1
45 83 3
45 84 1
45 85 2
45 86 4
45 87 3
45 88 2
45 89 4
45 90 2
45 91 5
45 92 1
45 93 1
45 94 1
45 95 2
45 96 2
45 97 1
45 98 5
45 99 4
46 47 3
46 48 2
46 49 4
46 50 4
46 51 4
46 52 3
46 53 1
46 54 3
46 55 3
46 56 5
46 57 2
46 58 5
46 59 4
46 60 2
46 61 4
46 62 5
46 63 3
46 64 4
46 65 4
46 66 5
46 67 4
46 68 2
46 69 1
46 70 6
46 71 2
46 72 5
46 73 1
46 74 2
46 75 4
46 76 4
46 77 2
46 78 3
46 79 3
46 80 2
46 81 1
46 82 4
46 83 3
46 84 4
46 85 4
46 86 5
46 87 5
46 88 4
46 89 3
46 90 3
46 91 3
46 92 4
46 93 4
46 94 4
46 95 4
46 96 3
46 97 4
46 98 4
46 99 6
47 48 3
47 49 2
47 50 5
47 51 2
47 52 1
47 53 3
47 54 1
47 55 2
47 56 3
47 57 2
47 58 2
47 59 5
47 60 1
47 61 2
47 62 3
47 63 2
47 64 1
47 65 3
47 66 3
47 67 1
47 68 3
47 69 2
47 70 4
47 71 1
47 72 3
47 73 2
47 74 3
47 75 2
47 76 3
47 77 1
47 78 1
47 79 1
47 80 2
47 81 3
47 82 2
47 83 2
47 84 1
47 85 2
47 86 3
47 87 3
47 88 3
47 89 3
47 90 1
47 91 4
47 92 2
47 93 2
47 94 2
47 95 2
47 96 2
47 97 2
47 98 4
47 99 4
48 49 5
48 50 6
48 51 5
48 52 4
48 53 3
48 54 4
48 55 2
48 56 6
48 57 1
48 58 5
48 59 6
48 60 2
48 61 5
48 62 6
48 63 2
48 64 4
48 65 6
48 66 5
48 67 4
48 68 4
48 69 2
48 70 7
48 71 2
48 72 5
48 73 2
48 74 4
48 75 5
48 76 5
48 77 3
48 78 4
48 79 4
48 80 4
48 81 1
48 82 4
48 83 5
48 84 4
48 85 5
48 86 6
48 87 6
48 88 3
48 89 4
48 90 4
48 91 5
48 92 3
48 93 4
48 94 4
48 95 2
48 96 2
48 97 5
48 98 5
48 99 7
49 50 3
49 51 3
49 52 2
49 53 3
49 54 1
49 55 3
49 56 2
49 57 4
49 58 3
49 59 3
49 60 3
49 61 1
49 62 2
49 63 3
49 64 2
49 65 1
49 66 4
49 67 2
49 68 4
49 69 4
49 70 3
49 71 3
49 72 4
49 73 3
49 74 3
49 75 2
49 76 2
49 77 3
49 78 2
49 79 2
49 80 2
49 81 5
49 82 3
49 83 1
49 84 2
49 85 1
49 86 2
49 87 1
49 88 4
49 89 2
49 90 2
49 91 4
49 92 3
49 93 2
49 94 3
49 95 4
49 96 4
49 97 2
49 98 2
49 99 2
50 51 6
50 52 4
50 53 3
50 54 4
50 55 6
50 56 5
50 57 5
50 58 6
50 59 1
50 60 5
50 61 4
50 62 4
50 63 6
50 64 5
50 65 3
50 66 7
50 67 5
50 68 2
50 69 4
50 70 5
50 71 5
50 72 7
50 73 4
50 74 2
50 75 5
50 76 2
50 77 5
50 78 5
50 79 4
50 80 3
50 81 5
50 82 6
50 83 3
50 84 5
50 85 4
50 86 4
50 87 4
50 88 7
50 89 2
50 90 4
50 91 1
50 92 6
50 93 5
50 94 6
50 95 7
50 96 6
50 97 5
50 98 1
50 99 5
51 52 2
51 53 4
51 54 2
51 55 3
51 56 3
51 57 4
51 58 1
51 59 6
51 60 3
51 61 3
51 62 4
51 63 3
51 64 2
51 65 4
51 66 1
51 67 1
51 68 5
51 69 4
51 70 4
51 71 3
51 72 1
51 73 3
51 74 4
51 75 1
51 76 4
51 77 2
51 78 1
51 79 3
51 80 4
51 81 5
51 82 1
51 83 4
51 84 1
51 85 2
51 86 4
51 87 3
51 88 2
51 89 4
51 90 2
51 91 5
51 92 2
51 93 1
51 94 1
51 95 3
51 96 3
51 97 1
51 98 5
51 99 4
52 53 3
52 54 1
52 55 2
52 56 3
52 57 3
52 58 2
52 59 4
52 60 2
52 61 2
52 62 3
52 63 2
52 64 1
52 65 2
52 66 3
52 67 1
52 68 3
52 69 3
52 70 4
52 71 2
52 72 3
52 73 2
52 74 2
52 75 2
52 76 2
52 77 1
52 78 1
52 79 1
52 80 2
52 81 4
52 82 2
52 83 2
52 84 1
52 85 2
52 86 3
52 87 2
52 88 3
52 89 2
52 90 1
52 91 3
52 92 2
52 93 2
52 94 2
52 95 3
52 96 3
52 97 2
52 98 3
52 99 3
53 54 3
53 55 3
53 56 5
53 57 2
53 58 5
53 59 3
53 60 2
53 61 4
53 62 4
53 63 3
53 64 3
53 65 3
53 66 5
53 67 4
53 68 1
53 69 1
53 70 5
53 71 2
53 72 5
53 73 1
53 74 1
53 75 4
53 76 3
53 77 2
53 78 3
53 79 2
53 80 1
53 81 2
53 82 4
53 83 2
53 84 4
53 85 4
53 86 4
53 87 4
53 88 4
53 89 2
53 90 3
53 91 2
53 92 4
53 93 4
53 94 4
53 95 4
53 96 3
53 97 4
53 98 3
53 99 5
54 55 2
54 56 2
54 57 3
54 58 2
54 59 4
54 60 2
54 61 1
54 62 2
54 63 2
54 64 1
54 65 2
54 66 3
54 67 1
54 68 3
54 69 3
54 70 3
54 71 2
54 72 3
54 73 2
54 74 2
54 75 2
54 76 2
54 77 2
54 78 1
54 79 1
54 80 2
54 81 4
54 82 2
54 83 2
54 84 1
54 85 1
54 86 2
54 87 2
54 88 3
54 89 2
54 90 1
54 91 3
54 92 2
54 93 2
54 94 2
54 95 3
54 96 3
54 97 2
54 98 3
54 99 3
55 56 4
55 57 1
55 58 3
55 59 6
55 60 1
55 61 3
55 62 4
55 63 1
55 64 2
55 65 4
55 66 3
55 67 2
55 68 4
55 69 2
55 70 5
55 71 1
55 72 4
55 73 2
55 74 4
55 75 3
55 76 4
55 77 1
55 78 2
55 79 2
55 80 3
55 81 2
55 82 2
55 83 3
55 84 2
55 85 3
55 86 4
55 87 4
55 88 2
55 89 4
55 90 2
55 91 5
55 92 2
55 93 2
55 94 2
55 95 1
55 96 1
55 97 3
55 98 5
55 99 5
56 57 5
56 58 3
56 59 5
56 60 4
56 61 1
56 62 1
56 63 4
56 64 3
56 65 2
56 66 4
56 67 2
56 68 5
56 69 5
56 70 1
56 71 4
56 72 4
56 73 4
56 74 4
56 75 2
56 76 3
56 77 4
56 78 3
56 79 3
56 80 4
56 81 6
56 82 3
56 83 3
56 84 3
56 85 2
56 86 1
56 87 1
56 88 4
56 89 3
56 90 3
56 91 5
56 92 4
56 93 3
56 94 3
56 95 5
56 96 5
56 97 2
56 98 4
56 99 1
57 58 4
57 59 5
57 60 1
57 61 4
57 62 5
57 63 2
57 64 3
57 65 5
57 66 4
57 67 3
57 68 3
57 69 1
57 70 6
57 71 1
57 72 4
57 73 1
57 74 3
57 75 4
57 76 4
57 77 2
57 78 3
57 79 3
57 80 3
57 81 1
57 82 3
57 83 4
57 84 3
57 85 4
57 86 5
57 87 5
57 88 2
57 89 3
57 90 3
57 91 4
57 92 2
57 93 3
57 94 3
57 95 2
57 96 2
57 97 4
57 98 4
57 99 6
58 59 6
58 60 3
58 61 3
58 62 4
58 63 3
58 64 2
58 65 4
58 66 1
58 67 1
58 68 5
58 69 4
58 70 4
58 71 3
58 72 1
58 73 4
58 74 4
58 75 1
58 76 4
58 77 3
58 78 2
58 79 3
58 80 4
58 81 5
58 82 1
58 83 4
58 84 2
58 85 2
58 86 4
58 87 3
58 88 2
58 89 4
58 90 2
58 91 5
58 92 2
58 93 1
58 94 1
58 95 3
58 96 3
58 97 1
58 98 5
58 99 4
59 60 5
59 61 4
59 62 4
59 63 6
59 64 5
59 65 3
59 66 7
59 67 5
59 68 3
59 69 4
59 70 5
59 71 5
59 72 7
59 73 4
59 74 2
59 75 5
59 76 2
59 77 5
59 78 5
59 79 4
59 80 3
59 81 5
59 82 6
59 83 3
59 84 5
59 85 4
59 86 4
59 87 4
59 88 7
59 89 2
59 90 4
59 91 1
59 92 6
59 93 5
59 94 6
59 95 7
59 96 6
59 97 5
59 98 1
59 99 5
60 61 3
60 62 4
60 63 1
60 64 2
60 65 4
60 66 3
60 67 2
60 68 3
60 69 1
60 70 5
60 71 1
60 72 4
60 73 1
60 74 3
60 75 3
60 76 4
60 77 1
60 78 2
60 79 2
60 80 3
60 81 2
60 82 2
60 83 3
60 84 2
60 85 3
60 86 4
60 87 4
60 88 2
60 89 3
60 90 2
60 91 4
60 92 2
60 93 2
60 94 2
60 95 2
60 96 1
60 97 3
60 98 4
60 99 5
61 62 1
61 63 3
61 64 2
61 65 1
61 66 4
61 67 2
61 68 4
61 69 4
61 70 2
61 71 3
61 72 4
61 73 3
61 74 3
61 75 2
61 76 2
61 77 3
61 78 2
61 79 2
61 80 3
61 81 5
61 82 3
61 83 2
61 84 2
61 85 1
61 86 1
61 87 1
61 88 4
61 89 2
61 90 2
61 91 4
61 92 3
61 93 2
61 94 3
61 95 4
61 96 4
61 97 2
61 98 3
61 99 2
62 63 4
62 64 3
62 65 1
62 66 5
62 67 3
62 68 5
62 69 5
62 70 1
62 71 4
62 72 5
62 73 4
62 74 4
62 75 3
62 76 3
62 77 4
62 78 3
62 79 3
62 80 3
62 81 6
62 82 4
62 83 2
62 84 3
62 85 2
62 86 1
62 87 1
62 88 5
62 89 3
62 90 3
62 91 5
62 92 4
62 93 3
62 94 4
62 95 5
62 96 5
62 97 3
62 98 3
62 99 1
63 64 2
63 65 4
63 66 3
63 67 2
63 68 4
63 69 2
63 70 5
63 71 1
63 72 3
63 73 2
63 74 4
63 75 3
63 76 4
63 77 2
63 78 2
63 79 2
63 80 3
63 81 3
63 82 2
63 83 3
63 84 2
63 85 3
63 86 4
63 87 4
63 88 1
63 89 4
63 90 2
63 91 5
63 92 1
63 93 2
63 94 2
63 95 1
63 96 1
63 97 3
63 98 5
63 99 5
64 65 3
64 66 2
64 67 1
64 68 3
64 69 3
64 70 4
64 71 2
64 72 2
64 73 3
64 74 3
64 75 1
64 76 3
64 77 2
64 78 1
64 79 2
64 80 3
64 81 4
64 82 1
64 83 2
64 84 1
64 85 1
64 86 3
64 87 2
64 88 3
64 89 3
64 90 1
64 91 4
64 92 2
64 93 1
64 94 1
64 95 3
64 96 3
64 97 1
64 98 4
64 99 3
65 66 5
65 67 3
65 68 4
65 69 4
65 70 2
65 71 4
65 72 5
65 73 4
65 74 3
65 75 3
65 76 2
65 77 3
65 78 3
65 79 2
65 80 2
65 81 5
65 82 4
65 83 1
65 84 3
65 85 2
65 86 1
65 87 1
65 88 5
65 89 2
65 90 2
65 91 4
65 92 4
65 93 3
65 94 4
65 95 5
65 96 5
65 97 3
65 98 2
65 99 2
66 67 2
66 68 5
66 69 4
66 70 5
66 71 3
66 72 1
66 73 4
66 74 5
66 75 2
66 76 5
66 77 3
66 78 2
66 79 3
66 80 4
66 81 5
66 82 2
66 83 4
66 84 2
66 85 3
66 86 5
66 87 4
66 88 2
66 89 5
66 90 3
66 91 6
66 92 2
66 93 2
66 94 1
66 95 3
66 96 3
66 97 2
66 98 6
66 99 5
67 68 4
67 69 3
67 70 3
67 71 2
67 72 2
67 73 3
67 74 3
67 75 1
67 76 3
67 77 2
67 78 1
67 79 2
67 80 3
67 81 4
67 82 1
67 83 3
67 84 1
67 85 1
67 86 3
67 87 2
67 88 3
67 89 3
67 90 1
67 91 4
67 92 2
67 93 1
67 94 1
67 95 3
67 96 3
67 97 1
67 98 4
67 99 3
68 69 2
68 70 6
68 71 3
68 72 5
68 73 2
68 74 1
68 75 4
68 76 3
68 77 3
68 78 4
68 79 2
68 80 2
68 81 3
68 82 4
68 83 3
68 84 4
68 85 4
68 86 5
68 87 4
68 88 5
68 89 2
68 90 3
68 91 2
68 92 4
68 93 4
68 94 4
68 95 5
68 96 4
68 97 4
68 98 3
68 99 5
69 70 6
69 71 1
69 72 5
69 73 1
69 74 2
69 75 4
69 76 4
69 77 2
69 78 3
69 79 3
69 80 2
69 81 1
69 82 3
69 83 3
69 84 3
69 85 4
69 86 5
69 87 5
69 88 3
69 89 3
69 90 3
69 91 3
69 92 3
69 93 3
69 94 3
69 95 3
69 96 2
69 97 4
69 98 4
69 99 6
70 71 5
70 72 5
70 73 5
70 74 5
70 75 3
70 76 3
70 77 5
70 78 4
70 79 4
70 80 4
70 81 7
70 82 4
70 83 3
70 84 4
70 85 3
70 86 1
70 87 2
70 88 5
70 89 4
70 90 4
70 91 6
70 92 5
70 93 4
70 94 4
70 95 6
70 96 6
70 97 3
70 98 4
70 99 1
71 72 4
71 73 1
71 74 3
71 75 3
71 76 4
71 77 1
71 78 2
71 79 2
71 80 3
71 81 2
71 82 2
71 83 3
71 84 2
71 85 3
71 86 4
71 87 4
71 88 2
71 89 3
71 90 2
71 91 4
71 92 2
71 93 2
71 94 2
71 95 2
71 96 2
71 97 3
71 98 4
71 99 5
72 73 4
72 74 5
72 75 2
72 76 5
72 77 3
72 78 2
72 79 4
72 80 5
72 81 5
72 82 2
72 83 4
72 84 2
72 85 3
72 86 5
72 87 4
72 88 2
72 89 5
72 90 3
72 91 6
72 92 2
72 93 2
72 94 2
72 95 3
72 96 3
72 97 2
72 98 6
72 99 5
73 74 2
73 75 3
73 76 3
73 77 1
73 78 2
73 79 2
73 80 2
73 81 2
73 82 3
73 83 3
73 84 3
73 85 3
73 86 4
73 87 4
73 88 3
73 89 2
73 90 2
73 91 3
73 92 3
73 93 3
73 94 3
73 95 3
73 96 2
73 97 3
73 98 3
73 99 5
74 75 4
74 76 2
74 77 3
74 78 3
74 79 2
74 80 1
74 81 3
74 82 4
74 83 2
74 84 3
74 85 3
74 86 4
74 87 3
74 88 5
74 89 1
74 90 2
74 91 1
74 92 4
74 93 4
74 94 4
74 95 5
74 96 4
74 97 4
74 98 2
74 99 4
75 76 4
75 77 2
75 78 1
75 79 3
75 80 4
75 81 5
75 82 1
75 83 3
75 84 1
75 85 1
75 86 3
75 87 2
75 88 3
75 89 4
75 90 2
75 91 5
75 92 2
75 93 1
75 94 1
75 95 3
75 96 3
75 97 1
75 98 4
75 99 3
76 77 3
76 78 3
76 79 2
76 80 2
76 81 5
76 82 4
76 83 1
76 84 3
76 85 3
76 86 3
76 87 2
76 88 5
76 89 1
76 90 2
76 91 3
76 92 4
76 93 4
76 94 4
76 95 5
76 96 5
76 97 4
76 98 1
76 99 3
77 78 1
77 79 1
77 80 2
77 81 3
77 82 2
77 83 2
77 84 2
77 85 2
77 86 4
77 87 3
77 88 3
77 89 3
77 90 1
77 91 4
77 92 2
77 93 2
77 94 2
77 95 2
77 96 2
77 97 2
77 98 4
77 99 4
78 79 2
78 80 3
78 81 4
78 82 1
78 83 3
78 84 1
78 85 1
78 86 3
78 87 2
78 88 3
78 89 3
78 90 1
78 91 4
78 92 2
78 93 1
78 94 1
78 95 3
78 96 3
78 97 1
78 98 4
78 99 3
79 80 1
79 81 4
79 82 2
79 83 2
79 84 2
79 85 2
79 86 3
79 87 2
79 88 3
79 89 2
79 90 1
79 91 3
79 92 3
79 93 2
79 94 2
79 95 3
79 96 3
79 97 3
79 98 3
79 99 3
80 81 3
80 82 3
80 83 1
80 84 3
80 85 3
80 86 3
80 87 3
80 88 4
80 89 1
80 90 2
80 91 2
80 92 4
80 93 3
80 94 3
80 95 4
80 96 4
80 97 4
80 98 2
80 99 4
81 82 4
81 83 4
81 84 4
81 85 5
81 86 6
81 87 6
81 88 3
81 89 4
81 90 4
81 91 4
81 92 3
81 93 4
81 94 4
81 95 3
81 96 3
81 97 5
81 98 5
81 99 7
82 83 3
82 84 1
82 85 2
82 86 4
82 87 3
82 88 2
82 89 4
82 90 2
82 91 5
82 92 1
82 93 1
82 94 1
82 95 2
82 96 2
82 97 1
82 98 5
82 99 4
83 84 3
83 85 2
83 86 2
83 87 2
83 88 4
83 89 1
83 90 2
83 91 3
83 92 4
83 93 3
83 94 3
83 95 4
83 96 4
83 97 3
83 98 2
83 99 3
84 85 1
84 86 3
84 87 2
84 88 3
84 89 3
84 90 1
84 91 4
84 92 2
84 93 1
84 94 1
84 95 3
84 96 3
84 97 1
84 98 4
84 99 3
85 86 2
85 87 1
85 88 3
85 89 3
85 90 1
85 91 4
85 92 2
85 93 1
85 94 2
85 95 3
85 96 3
85 97 1
85 98 3
85 99 2
86 87 1
86 88 5
86 89 3
86 90 3
86 91 5
86 92 4
86 93 3
86 94 4
86 95 5
86 96 5
86 97 3
86 98 3
86 99 1
87 88 4
87 89 3
87 90 2
87 91 4
87 92 3
87 93 2
87 94 3
87 95 4
87 96 4
87 97 2
87 98 3
87 99 1
88 89 5
88 90 3
88 91 6
88 92 1
88 93 2
88 94 2
88 95 1
88 96 1
88 97 3
88 98 6
88 99 5
89 90 2
89 91 2
89 92 4
89 93 4
89 94 4
89 95 5
89 96 4
89 97 4
89 98 2
89 99 4
90 91 3
90 92 2
90 93 2
90 94 2
90 95 3
90 96 3
90 97 2
90 98 3
90 99 3
91 92 5
91 93 5
91 94 5
91 95 6
91 96 5
91 97 5
91 98 2
91 99 5
92 93 1
92 94 1
92 95 1
92 96 1
92 97 2
92 98 5
92 99 4
93 94 1
93 95 2
93 96 2
93 97 1
93 98 4
93 99 3
94 95 2
94 96 2
94 97 1
94 98 5
94 99 4
95 96 1
95 97 3
95 98 6
95 99 5
96 97 3
96 98 5
96 99 5
97 98 4
97 99 3
98 99 4
