100 
0 1 4
0 2 3
0 3 5
0 4 2
0 5 5
0 6 5
0 7 3
0 8 5
0 9 2
0 10 2
0 11 5
0 12 1
0 13 3
0 14 2
0 15 4
0 16 4
0 17 3
0 18 3
0 19 2
0 20 5
0 21 4
0 22 2
0 23 2
0 24 2
0 25 2
0 26 1
0 27 5
0 28 2
0 29 3
0 30 3
0 31 2
0 32 3
0 33 2
0 34 4
0 35 3
0 36 1
0 37 2
0 38 4
0 39 4
0 40 5
0 41 1
0 42 2
0 43 5
0 44 4
0 45 4
0 46 2
0 47 2
0 48 5
0 49 1
0 50 4
0 51 5
0 52 5
0 53 1
0 54 3
0 55 4
0 56 2
0 57 1
0 58 3
0 59 3
0 60 5
0 61 2
0 62 4
0 63 3
0 64 2
0 65 5
0 66 1
0 67 2
0 68 3
0 69 3
0 70 5
0 71 5
0 72 1
0 73 3
0 74 3
0 75 3
0 76 3
0 77 4
0 78 1
0 79 1
0 80 3
0 81 1
0 82 4
0 83 1
0 84 3
0 85 3
0 86 1
0 87 5
0 88 4
0 89 3
0 90 4
0 91 3
0 92 4
0 93 2
0 94 4
0 95 2
0 96 2
0 97 2
0 98 4
0 99 3
1 2 2
1 3 1
1 4 3
1 5 2
1 6 2
1 7 4
1 8 1
1 9 4
1 10 2
1 11 1
1 12 4
1 13 6
1 14 5
1 15 4
1 16 2
1 17 5
1 18 2
1 19 3
1 20 2
1 21 2
1 22 4
1 23 2
1 24 5
1 25 5
1 26 4
1 27 4
1 28 3
1 29 2
1 30 2
1 31 3
1 32 4
1 33 3
1 34 4
1 35 3
1 36 4
1 37 3
1 38 4
1 39 1
1 40 2
1 41 4
1 42 4
1 43 4
1 44 2
1 45 2
1 46 5
1 47 3
1 48 3
1 49 4
1 50 1
1 51 1
1 52 4
1 53 4
1 54 2
1 55 2
1 56 4
1 57 4
1 58 3
1 59 4
1 60 2
1 61 3
1 62 4
1 63 4
1 64 4
1 65 3
1 66 3
1 67 2
1 68 5
1 69 4
1 70 1
1 71 3
1 72 3
1 73 2
1 74 6
1 75 1
1 76 3
1 77 3
1 78 4
1 79 5
1 80 2
1 81 4
1 82 3
1 83 4
1 84 5
1 85 4
1 86 4
1 87 1
1 88 5
1 89 3
1 90 1
1 91 1
1 92 2
1 93 3
1 94 1
1 95 3
1 96 3
1 97 5
1 98 1
1 99 2
2 3 3
2 4 1
2 5 3
2 6 3
2 7 3
2 8 3
2 9 3
2 10 1
2 11 3
2 12 2
2 13 4
2 14 3
2 15 3
2 16 2
2 17 4
2 18 1
2 19 2
2 20 3
2 21 2
2 22 3
2 23 1
2 24 3
2 25 3
2 26 2
2 27 3
2 28 1
2 29 1
2 30 1
2 31 1
2 32 3
2 33 2
2 34 3
2 35 2
2 36 2
2 37 2
2 38 3
2 39 2
2 40 3
2 41 3
2 42 3
2 43 4
2 44 2
2 45 2
2 46 3
2 47 1
2 48 3
2 49 2
2 50 2
2 51 3
2 52 4
2 53 3
2 54 2
2 55 2
2 56 3
2 57 2
2 58 2
2 59 3
2 60 3
2 61 1
2 62 3
2 63 3
2 64 2
2 65 3
2 66 2
2 67 1
2 68 4
2 69 3
2 70 3
2 71 3
2 72 2
2 73 1
2 74 4
2 75 2
2 76 2
2 77 2
2 78 3
2 79 3
2 80 1
2 81 3
2 82 2
2 83 2
2 84 4
2 85 3
2 86 3
2 87 3
2 88 4
2 89 3
2 90 2
2 91 1
2 92 2
2 93 2
2 94 2
2 95 1
2 96 1
2 97 3
2 98 2
2 99 2
3 4 4
3 5 2
3 6 2
3 7 5
3 8 1
3 9 5
3 10 3
3 11 1
3 12 5
3 13 6
3 14 6
3 15 4
3 16 3
3 17 5
3 18 3
3 19 4
3 20 2
3 21 2
3 22 5
3 23 3
3 24 5
3 25 6
3 26 5
3 27 4
3 28 4
3 29 2
3 30 3
3 31 4
3 32 5
3 33 4
3 34 4
3 35 4
3 36 5
3 37 4
3 38 4
3 39 2
3 40 2
3 41 5
3 42 5
3 43 4
3 44 3
3 45 3
3 46 6
3 47 3
3 48 3
3 49 5
3 50 1
3 51 1
3 52 4
3 53 5
3 54 3
3 55 3
3 56 5
3 57 5
3 58 4
3 59 5
3 60 2
3 61 3
3 62 4
3 63 5
3 64 5
3 65 3
3 66 4
3 67 3
3 68 5
3 69 5
3 70 1
3 71 3
3 72 4
3 73 3
3 74 6
3 75 2
3 76 4
3 77 3
3 78 5
3 79 6
3 80 3
3 81 5
3 82 3
3 83 4
3 84 5
3 85 5
3 86 5
3 87 1
3 88 5
3 89 4
3 90 2
3 91 2
3 92 3
3 93 4
3 94 2
3 95 4
3 96 3
3 97 6
3 98 2
3 99 3
4 5 4
4 6 4
4 7 3
4 8 4
4 9 3
4 10 1
4 11 4
4 12 2
4 13 4
4 14 3
4 15 4
4 16 3
4 17 4
4 18 2
4 19 2
4 20 4
4 21 3
4 22 3
4 23 1
4 24 3
4 25 3
4 26 2
4 27 4
4 28 1
4 29 2
4 30 2
4 31 1
4 32 3
4 33 1
4 34 4
4 35 1
4 36 2
4 37 1
4 38 4
4 39 3
4 40 4
4 41 2
4 42 3
4 43 5
4 44 3
4 45 2
4 46 3
4 47 1
4 48 4
4 49 2
4 50 3
4 51 4
4 52 5
4 53 2
4 54 2
4 55 3
4 56 3
4 57 2
4 58 2
4 59 2
4 60 4
4 61 1
4 62 4
4 63 2
4 64 2
4 65 4
4 66 1
4 67 1
4 68 4
4 69 2
4 70 4
4 71 4
4 72 1
4 73 1
4 74 4
4 75 2
4 76 2
4 77 3
4 78 3
4 79 3
4 80 2
4 81 2
4 82 3
4 83 2
4 84 4
4 85 2
4 86 2
4 87 4
4 88 5
4 89 2
4 90 3
4 91 2
4 92 2
4 93 1
4 94 3
4 95 1
4 96 1
4 97 3
4 98 3
4 99 1
5 6 1
5 7 4
5 8 1
5 9 4
5 10 3
5 11 2
5 12 4
5 13 6
5 14 5
5 15 3
5 16 1
5 17 3
5 18 2
5 19 3
5 20 1
5 21 1
5 22 4
5 23 3
5 24 5
5 25 4
5 26 5
5 27 2
5 28 4
5 29 2
5 30 2
5 31 4
5 32 3
5 33 4
5 34 2
5 35 4
5 36 5
5 37 4
5 38 2
5 39 3
5 40 1
5 41 5
5 42 4
5 43 3
5 44 1
5 45 4
5 46 5
5 47 3
5 48 1
5 49 5
5 50 2
5 51 3
5 52 3
5 53 5
5 54 4
5 55 1
5 56 4
5 57 5
5 58 4
5 59 5
5 60 1
5 61 3
5 62 3
5 63 5
5 64 4
5 65 2
5 66 4
5 67 3
5 68 3
5 69 5
5 70 2
5 71 2
5 72 4
5 73 3
5 74 6
5 75 3
5 76 4
5 77 2
5 78 4
5 79 5
5 80 2
5 81 5
5 82 2
5 83 4
5 84 4
5 85 5
5 86 5
5 87 2
5 88 3
5 89 5
5 90 3
5 91 2
5 92 4
5 93 4
5 94 3
5 95 3
5 96 3
5 97 5
5 98 1
5 99 4
6 7 4
6 8 1
6 9 4
6 10 3
6 11 2
6 12 4
6 13 6
6 14 5
6 15 3
6 16 1
6 17 4
6 18 2
6 19 3
6 20 1
6 21 1
6 22 4
6 23 3
6 24 5
6 25 5
6 26 5
6 27 3
6 28 4
6 29 2
6 30 2
6 31 4
6 32 4
6 33 4
6 34 3
6 35 4
6 36 5
6 37 4
6 38 3
6 39 2
6 40 1
6 41 5
6 42 4
6 43 3
6 44 1
6 45 3
6 46 5
6 47 3
6 48 2
6 49 5
6 50 1
6 51 3
6 52 3
6 53 5
6 54 3
6 55 1
6 56 4
6 57 5
6 58 4
6 59 5
6 60 1
6 61 3
6 62 3
6 63 5
6 64 4
6 65 2
6 66 4
6 67 3
6 68 4
6 69 5
6 70 2
6 71 2
6 72 4
6 73 3
6 74 6
6 75 2
6 76 4
6 77 2
6 78 4
6 79 5
6 80 2
6 81 5
6 82 2
6 83 4
6 84 4
6 85 5
6 86 5
6 87 2
6 88 4
6 89 4
6 90 2
6 91 2
6 92 3
6 93 4
6 94 2
6 95 3
6 96 3
6 97 5
6 98 1
6 99 3
7 8 4
7 9 1
7 10 3
7 11 5
7 12 2
7 13 3
7 14 2
7 15 2
7 16 3
7 17 1
7 18 3
7 19 1
7 20 4
7 21 3
7 22 1
7 23 3
7 24 2
7 25 1
7 26 4
7 27 3
7 28 3
7 29 3
7 30 3
7 31 2
7 32 1
7 33 4
7 34 2
7 35 4
7 36 4
7 37 3
7 38 2
7 39 5
7 40 4
7 41 3
7 42 1
7 43 3
7 44 3
7 45 5
7 46 2
7 47 3
7 48 3
7 49 4
7 50 4
7 51 5
7 52 3
7 53 4
7 54 4
7 55 3
7 56 1
7 57 3
7 58 5
7 59 5
7 60 4
7 61 2
7 62 2
7 63 5
7 64 1
7 65 3
7 66 3
7 67 3
7 68 1
7 69 5
7 70 5
7 71 4
7 72 3
7 73 4
7 74 3
7 75 4
7 76 5
7 77 3
7 78 2
7 79 3
7 80 2
7 81 3
7 82 3
7 83 2
7 84 1
7 85 4
7 86 4
7 87 5
7 88 2
7 89 5
7 90 4
7 91 4
7 92 5
7 93 3
7 94 4
7 95 2
7 96 3
7 97 2
7 98 3
7 99 4
8 9 4
8 10 3
8 11 1
8 12 4
8 13 6
8 14 5
8 15 3
8 16 2
8 17 4
8 18 2
8 19 3
8 20 1
8 21 1
8 22 4
8 23 3
8 24 5
8 25 5
8 26 5
8 27 3
8 28 4
8 29 2
8 30 2
8 31 4
8 32 4
8 33 4
8 34 3
8 35 4
8 36 5
8 37 4
8 38 3
8 39 2
8 40 1
8 41 5
8 42 4
8 43 3
8 44 2
8 45 3
8 46 5
8 47 3
8 48 2
8 49 5
8 50 1
8 51 2
8 52 3
8 53 5
8 54 3
8 55 2
8 56 4
8 57 5
8 58 4
8 59 5
8 60 1
8 61 3
8 62 3
8 63 5
8 64 4
8 65 2
8 66 4
8 67 3
8 68 4
8 69 5
8 70 1
8 71 2
8 72 4
8 73 3
8 74 6
8 75 2
8 76 4
8 77 2
8 78 4
8 79 5
8 80 2
8 81 5
8 82 2
8 83 4
8 84 4
8 85 5
8 86 5
8 87 1
8 88 4
8 89 4
8 90 2
8 91 2
8 92 3
8 93 4
8 94 2
8 95 3
8 96 3
8 97 5
8 98 1
8 99 3
9 10 3
9 11 5
9 12 1
9 13 3
9 14 2
9 15 2
9 16 3
9 17 1
9 18 3
9 19 1
9 20 4
9 21 3
9 22 1
9 23 3
9 24 2
9 25 1
9 26 3
9 27 3
9 28 3
9 29 3
9 30 3
9 31 2
9 32 1
9 33 4
9 34 2
9 35 4
9 36 3
9 37 3
9 38 2
9 39 5
9 40 4
9 41 3
9 42 1
9 43 3
9 44 3
9 45 5
9 46 2
9 47 3
9 48 3
9 49 3
9 50 4
9 51 5
9 52 3
9 53 3
9 54 4
9 55 3
9 56 1
9 57 3
9 58 5
9 59 5
9 60 4
9 61 2
9 62 2
9 63 5
9 64 1
9 65 3
9 66 3
9 67 3
9 68 1
9 69 5
9 70 5
9 71 4
9 72 3
9 73 4
9 74 3
9 75 4
9 76 5
9 77 3
9 78 2
9 79 3
9 80 2
9 81 2
9 82 3
9 83 1
9 84 1
9 85 4
9 86 3
9 87 5
9 88 2
9 89 5
9 90 4
9 91 4
9 92 5
9 93 3
9 94 4
9 95 2
9 96 3
9 97 2
9 98 3
9 99 4
10 11 3
10 12 3
10 13 4
10 14 4
10 15 4
10 16 3
10 17 4
10 18 2
10 19 2
10 20 3
10 21 2
10 22 3
10 23 1
10 24 3
10 25 4
10 26 2
10 27 4
10 28 1
10 29 1
10 30 2
10 31 1
10 32 3
10 33 1
10 34 4
10 35 1
10 36 2
10 37 1
10 38 4
10 39 2
10 40 3
10 41 2
10 42 3
10 43 5
10 44 3
10 45 2
10 46 3
10 47 1
10 48 3
10 49 2
10 50 2
10 51 3
10 52 5
10 53 2
10 54 1
10 55 2
10 56 3
10 57 2
10 58 2
10 59 2
10 60 3
10 61 2
10 62 4
10 63 2
10 64 3
10 65 4
10 66 1
10 67 1
10 68 4
10 69 2
10 70 3
10 71 4
10 72 1
10 73 1
10 74 4
10 75 1
10 76 2
10 77 3
10 78 3
10 79 3
10 80 2
10 81 2
10 82 3
10 83 2
10 84 4
10 85 2
10 86 2
10 87 3
10 88 5
10 89 2
10 90 2
10 91 2
10 92 2
10 93 1
10 94 2
10 95 2
10 96 1
10 97 4
10 98 2
10 99 1
11 12 5
11 13 6
11 14 6
11 15 4
11 16 3
11 17 5
11 18 3
11 19 4
11 20 2
11 21 2
11 22 5
11 23 3
11 24 5
11 25 6
11 26 5
11 27 4
11 28 4
11 29 2
11 30 3
11 31 4
11 32 5
11 33 4
11 34 4
11 35 4
11 36 5
11 37 4
11 38 4
11 39 1
11 40 2
11 41 5
11 42 5
11 43 4
11 44 3
11 45 2
11 46 6
11 47 3
11 48 3
11 49 5
11 50 1
11 51 1
11 52 4
11 53 5
11 54 3
11 55 3
11 56 5
11 57 5
11 58 3
11 59 4
11 60 2
11 61 3
11 62 4
11 63 4
11 64 5
11 65 3
11 66 4
11 67 3
11 68 5
11 69 4
11 70 1
11 71 3
11 72 4
11 73 3
11 74 6
11 75 2
11 76 3
11 77 3
11 78 5
11 79 6
11 80 3
11 81 5
11 82 3
11 83 4
11 84 5
11 85 4
11 86 5
11 87 1
11 88 5
11 89 4
11 90 2
11 91 2
11 92 3
11 93 4
11 94 2
11 95 4
11 96 3
11 97 6
11 98 2
11 99 3
12 13 2
12 14 1
12 15 3
12 16 3
12 17 2
12 18 2
12 19 1
12 20 4
12 21 3
12 22 1
12 23 3
12 24 1
12 25 1
12 26 2
12 27 4
12 28 2
12 29 3
12 30 2
12 31 2
12 32 2
12 33 3
12 34 3
12 35 3
12 36 2
12 37 3
12 38 3
12 39 4
12 40 4
12 41 2
12 42 1
12 43 4
12 44 3
12 45 4
12 46 1
12 47 2
12 48 4
12 49 2
12 50 4
12 51 5
12 52 4
12 53 2
12 54 3
12 55 3
12 56 1
12 57 2
12 58 4
12 59 4
12 60 4
12 61 2
12 62 3
12 63 4
12 64 1
12 65 4
12 66 2
12 67 2
12 68 2
12 69 4
12 70 5
12 71 4
12 72 2
12 73 3
12 74 2
12 75 4
12 76 4
12 77 3
12 78 1
12 79 2
12 80 2
12 81 1
12 82 3
12 83 1
12 84 2
12 85 4
12 86 2
12 87 5
12 88 3
12 89 4
12 90 4
12 91 3
12 92 4
12 93 3
12 94 4
12 95 1
12 96 2
12 97 1
12 98 3
12 99 3
13 14 1
13 15 4
13 16 5
13 17 3
13 18 4
13 19 3
13 20 6
13 21 5
13 22 2
13 23 4
13 24 1
13 25 2
13 26 3
13 27 5
13 28 4
13 29 4
13 30 4
13 31 3
13 32 3
13 33 4
13 34 4
13 35 5
13 36 3
13 37 4
13 38 4
13 39 6
13 40 6
13 41 3
13 42 3
13 43 5
13 44 5
13 45 6
13 46 1
13 47 4
13 48 5
13 49 3
13 50 5
13 51 7
13 52 5
13 53 3
13 54 5
13 55 5
13 56 2
13 57 3
13 58 5
13 59 5
13 60 6
13 61 3
13 62 4
13 63 5
13 64 2
13 65 5
13 66 3
13 67 4
13 68 3
13 69 5
13 70 6
13 71 6
13 72 3
13 73 5
13 74 1
13 75 5
13 76 5
13 77 5
13 78 2
13 79 3
13 80 4
13 81 2
13 82 5
13 83 2
13 84 3
13 85 5
13 86 3
13 87 6
13 88 4
13 89 5
13 90 5
13 91 5
13 92 6
13 93 4
13 94 5
13 95 3
13 96 4
13 97 1
13 98 5
13 99 5
14 15 3
14 16 4
14 17 2
14 18 3
14 19 2
14 20 5
14 21 4
14 22 1
14 23 4
14 24 1
14 25 1
14 26 3
14 27 4
14 28 3
14 29 4
14 30 3
14 31 3
14 32 2
14 33 4
14 34 3
14 35 4
14 36 3
14 37 4
14 38 3
14 39 5
14 40 5
14 41 2
14 42 2
14 43 4
14 44 4
14 45 5
14 46 1
14 47 3
14 48 4
14 49 3
14 50 5
14 51 6
14 52 4
14 53 3
14 54 4
14 55 4
14 56 1
14 57 2
14 58 5
14 59 5
14 60 5
14 61 3
14 62 3
14 63 5
14 64 1
14 65 4
14 66 3
14 67 3
14 68 2
14 69 5
14 70 6
14 71 5
14 72 3
14 73 4
14 74 1
14 75 5
14 76 5
14 77 4
14 78 1
14 79 2
14 80 3
14 81 2
14 82 4
14 83 2
14 84 2
14 85 5
14 86 3
14 87 6
14 88 3
14 89 5
14 90 5
14 91 4
14 92 5
14 93 4
14 94 5
14 95 2
14 96 3
14 97 1
14 98 4
14 99 4
15 16 2
15 17 1
15 18 3
15 19 2
15 20 3
15 21 3
15 22 2
15 23 4
15 24 3
15 25 2
15 26 5
15 27 1
15 28 4
15 29 3
15 30 2
15 31 3
15 32 1
15 33 5
15 34 1
15 35 5
15 36 5
15 37 4
15 38 1
15 39 5
15 40 3
15 41 4
15 42 2
15 43 2
15 44 2
15 45 5
15 46 3
15 47 4
15 48 2
15 49 5
15 50 4
15 51 5
15 52 2
15 53 5
15 54 5
15 55 2
15 56 2
15 57 4
15 58 5
15 59 6
15 60 2
15 61 3
15 62 1
15 63 6
15 64 3
15 65 2
15 66 4
15 67 3
15 68 1
15 69 6
15 70 4
15 71 2
15 72 4
15 73 4
15 74 4
15 75 4
15 76 5
15 77 1
15 78 3
15 79 4
15 80 2
15 81 4
15 82 1
15 83 3
15 84 1
15 85 5
15 86 5
15 87 4
15 88 1
15 89 6
15 90 4
15 91 4
15 92 5
15 93 4
15 94 4
15 95 3
15 96 4
15 97 3
15 98 3
15 99 5
16 17 3
16 18 1
16 19 2
16 20 1
16 21 1
16 22 3
16 23 3
16 24 4
16 25 4
16 26 4
16 27 2
16 28 3
16 29 2
16 30 1
16 31 3
16 32 3
16 33 4
16 34 2
16 35 4
16 36 4
16 37 3
16 38 2
16 39 3
16 40 1
16 41 4
16 42 3
16 43 2
16 44 1
16 45 4
16 46 4
16 47 3
16 48 1
16 49 4
16 50 2
16 51 3
16 52 2
16 53 4
16 54 4
16 55 1
16 56 3
16 57 4
16 58 4
16 59 5
16 60 1
16 61 2
16 62 2
16 63 5
16 64 3
16 65 1
16 66 3
16 67 2
16 68 3
16 69 5
16 70 3
16 71 2
16 72 3
16 73 3
16 74 5
16 75 3
16 76 4
16 77 1
16 78 3
16 79 4
16 80 1
16 81 4
16 82 1
16 83 3
16 84 3
16 85 5
16 86 4
16 87 3
16 88 3
16 89 5
16 90 3
16 91 2
16 92 4
16 93 4
16 94 3
16 95 2
16 96 3
16 97 4
16 98 1
16 99 4
17 18 4
17 19 2
17 20 3
17 21 4
17 22 1
17 23 4
17 24 2
17 25 1
17 26 4
17 27 2
17 28 4
17 29 4
17 30 3
17 31 3
17 32 1
17 33 5
17 34 1
17 35 5
17 36 4
17 37 4
17 38 1
17 39 6
17 40 3
17 41 4
17 42 1
17 43 2
17 44 3
17 45 6
17 46 2
17 47 4
17 48 2
17 49 4
17 50 5
17 51 6
17 52 2
17 53 4
17 54 5
17 55 3
17 56 2
17 57 4
17 58 6
17 59 6
17 60 3
17 61 3
17 62 1
17 63 6
17 64 2
17 65 2
17 66 4
17 67 4
17 68 1
17 69 6
17 70 5
17 71 3
17 72 4
17 73 5
17 74 3
17 75 5
17 76 6
17 77 2
17 78 3
17 79 4
17 80 3
17 81 3
17 82 2
17 83 2
17 84 1
17 85 5
17 86 4
17 87 5
17 88 2
17 89 6
17 90 5
17 91 5
17 92 6
17 93 4
17 94 5
17 95 3
17 96 4
17 97 2
17 98 4
17 99 5
18 19 2
18 20 2
18 21 1
18 22 3
18 23 2
18 24 3
18 25 3
18 26 3
18 27 3
18 28 2
18 29 1
18 30 1
18 31 2
18 32 3
18 33 3
18 34 3
18 35 3
18 36 3
18 37 2
18 38 3
18 39 2
18 40 2
18 41 3
18 42 3
18 43 3
18 44 1
18 45 3
18 46 3
18 47 2
18 48 2
18 49 3
18 50 2
18 51 3
18 52 3
18 53 3
18 54 3
18 55 1
18 56 3
18 57 3
18 58 3
18 59 4
18 60 2
18 61 1
18 62 3
18 63 4
18 64 2
18 65 2
18 66 2
18 67 1
18 68 4
18 69 4
18 70 3
18 71 3
18 72 2
18 73 2
18 74 4
18 75 2
18 76 3
18 77 2
18 78 3
18 79 4
18 80 1
18 81 3
18 82 2
18 83 2
18 84 4
18 85 4
18 86 3
18 87 3
18 88 4
18 89 4
18 90 2
18 91 1
18 92 3
18 93 3
18 94 2
18 95 1
18 96 2
18 97 3
18 98 1
18 99 3
19 20 3
19 21 2
19 22 1
19 23 2
19 24 2
19 25 2
19 26 3
19 27 3
19 28 2
19 29 2
19 30 2
19 31 1
19 32 1
19 33 3
19 34 2
19 35 3
19 36 3
19 37 2
19 38 2
19 39 4
19 40 3
19 41 2
19 42 1
19 43 3
19 44 2
19 45 4
19 46 2
19 47 2
19 48 3
19 49 3
19 50 3
19 51 4
19 52 3
19 53 3
19 54 3
19 55 2
19 56 1
19 57 2
19 58 4
19 59 4
19 60 3
19 61 1
19 62 2
19 63 4
19 64 1
19 65 3
19 66 2
19 67 2
19 68 2
19 69 4
19 70 4
19 71 3
19 72 2
19 73 3
19 74 3
19 75 3
19 76 4
19 77 2
19 78 1
19 79 2
19 80 1
19 81 2
19 82 2
19 83 1
19 84 2
19 85 3
19 86 3
19 87 4
19 88 3
19 89 4
19 90 3
19 91 3
19 92 4
19 93 2
19 94 3
19 95 1
19 96 2
19 97 2
19 98 2
19 99 3
20 21 1
20 22 4
20 23 3
20 24 5
20 25 4
20 26 5
20 27 2
20 28 4
20 29 2
20 30 2
20 31 4
20 32 3
20 33 4
20 34 2
20 35 4
20 36 5
20 37 4
20 38 2
20 39 3
20 40 1
20 41 5
20 42 4
20 43 3
20 44 1
20 45 4
20 46 5
20 47 3
20 48 1
20 49 5
20 50 2
20 51 3
20 52 3
20 53 5
20 54 4
20 55 1
20 56 4
20 57 5
20 58 4
20 59 5
20 60 1
20 61 3
20 62 3
20 63 5
20 64 4
20 65 2
20 66 4
20 67 3
20 68 3
20 69 5
20 70 2
20 71 2
20 72 4
20 73 3
20 74 6
20 75 3
20 76 4
20 77 2
20 78 4
20 79 5
20 80 2
20 81 5
20 82 2
20 83 4
20 84 4
20 85 5
20 86 5
20 87 2
20 88 3
20 89 5
20 90 3
20 91 2
20 92 4
20 93 4
20 94 3
20 95 3
20 96 3
20 97 5
20 98 1
20 99 4
21 22 3
21 23 2
21 24 4
21 25 4
21 26 4
21 27 3
21 28 3
21 29 1
21 30 1
21 31 3
21 32 3
21 33 3
21 34 3
21 35 3
21 36 4
21 37 3
21 38 3
21 39 2
21 40 1
21 41 4
21 42 3
21 43 3
21 44 1
21 45 3
21 46 4
21 47 2
21 48 2
21 49 4
21 50 1
21 51 3
21 52 3
21 53 4
21 54 3
21 55 1
21 56 3
21 57 4
21 58 3
21 59 4
21 60 1
21 61 2
21 62 3
21 63 4
21 64 3
21 65 2
21 66 3
21 67 2
21 68 4
21 69 4
21 70 2
21 71 2
21 72 3
21 73 2
21 74 5
21 75 2
21 76 3
21 77 2
21 78 3
21 79 4
21 80 1
21 81 4
21 82 2
21 83 3
21 84 4
21 85 4
21 86 4
21 87 2
21 88 4
21 89 4
21 90 2
21 91 1
21 92 3
21 93 3
21 94 2
21 95 2
21 96 2
21 97 4
21 98 1
21 99 3
22 23 3
22 24 2
22 25 1
22 26 3
22 27 3
22 28 3
22 29 3
22 30 3
22 31 2
22 32 1
22 33 4
22 34 2
22 35 4
22 36 3
22 37 3
22 38 2
22 39 5
22 40 4
22 41 3
22 42 1
22 43 3
22 44 3
22 45 5
22 46 2
22 47 3
22 48 3
22 49 3
22 50 4
22 51 5
22 52 3
22 53 3
22 54 4
22 55 3
22 56 1
22 57 3
22 58 5
22 59 5
22 60 4
22 61 2
22 62 2
22 63 5
22 64 1
22 65 3
22 66 3
22 67 3
22 68 1
22 69 5
22 70 5
22 71 4
22 72 3
22 73 4
22 74 2
22 75 4
22 76 5
22 77 3
22 78 2
22 79 3
22 80 2
22 81 2
22 82 3
22 83 2
22 84 1
22 85 4
22 86 3
22 87 5
22 88 2
22 89 5
22 90 4
22 91 4
22 92 5
22 93 3
22 94 4
22 95 2
22 96 3
22 97 2
22 98 3
22 99 4
23 24 3
23 25 4
23 26 2
23 27 4
23 28 1
23 29 1
23 30 2
23 31 1
23 32 3
23 33 1
23 34 4
23 35 1
23 36 2
23 37 1
23 38 4
23 39 2
23 40 3
23 41 2
23 42 3
23 43 5
23 44 3
23 45 2
23 46 3
23 47 1
23 48 3
23 49 2
23 50 2
23 51 3
23 52 5
23 53 2
23 54 1
23 55 2
23 56 3
23 57 2
23 58 2
23 59 2
23 60 3
23 61 2
23 62 4
23 63 2
23 64 3
23 65 4
23 66 1
23 67 1
23 68 4
23 69 2
23 70 3
23 71 4
23 72 1
23 73 1
23 74 4
23 75 1
23 76 2
23 77 3
23 78 3
23 79 3
23 80 2
23 81 2
23 82 3
23 83 2
23 84 4
23 85 2
23 86 2
23 87 3
23 88 5
23 89 2
23 90 2
23 91 2
23 92 2
23 93 1
23 94 2
23 95 2
23 96 1
23 97 4
23 98 2
23 99 1
24 25 1
24 26 2
24 27 4
24 28 3
24 29 3
24 30 3
24 31 2
24 32 2
24 33 3
24 34 3
24 35 4
24 36 2
24 37 3
24 38 3
24 39 5
24 40 5
24 41 2
24 42 2
24 43 4
24 44 4
24 45 5
24 46 1
24 47 3
24 48 4
24 49 2
24 50 4
24 51 6
24 52 4
24 53 2
24 54 4
24 55 4
24 56 1
24 57 2
24 58 4
24 59 4
24 60 5
24 61 2
24 62 3
24 63 4
24 64 1
24 65 4
24 66 2
24 67 3
24 68 3
24 69 4
24 70 5
24 71 5
24 72 2
24 73 4
24 74 1
24 75 4
24 76 4
24 77 4
24 78 1
24 79 2
24 80 3
24 81 1
24 82 4
24 83 1
24 84 2
24 85 4
24 86 2
24 87 5
24 88 4
24 89 4
24 90 4
24 91 4
24 92 5
24 93 3
24 94 4
24 95 2
24 96 3
24 97 1
24 98 4
24 99 4
25 26 3
25 27 3
25 28 3
25 29 4
25 30 3
25 31 3
25 32 2
25 33 4
25 34 2
25 35 4
25 36 3
25 37 4
25 38 2
25 39 5
25 40 4
25 41 3
25 42 1
25 43 3
25 44 4
25 45 5
25 46 1
25 47 3
25 48 3
25 49 3
25 50 5
25 51 6
25 52 3
25 53 3
25 54 4
25 55 4
25 56 1
25 57 3
25 58 5
25 59 5
25 60 4
25 61 3
25 62 2
25 63 5
25 64 1
25 65 3
25 66 3
25 67 3
25 68 2
25 69 5
25 70 6
25 71 4
25 72 3
25 73 4
25 74 2
25 75 5
25 76 5
25 77 3
25 78 2
25 79 3
25 80 3
25 81 2
25 82 3
25 83 2
25 84 1
25 85 5
25 86 3
25 87 6
25 88 3
25 89 5
25 90 5
25 91 4
25 92 5
25 93 4
25 94 5
25 95 2
25 96 3
25 97 1
25 98 4
25 99 4
26 27 5
26 28 1
26 29 3
26 30 3
26 31 2
26 32 4
26 33 2
26 34 5
26 35 2
26 36 1
26 37 1
26 38 5
26 39 4
26 40 5
26 41 1
26 42 3
26 43 6
26 44 4
26 45 3
26 46 2
26 47 2
26 48 5
26 49 1
26 50 4
26 51 5
26 52 6
26 53 1
26 54 3
26 55 4
26 56 3
26 57 1
26 58 3
26 59 3
26 60 5
26 61 2
26 62 5
26 63 3
26 64 3
26 65 5
26 66 1
26 67 2
26 68 4
26 69 3
26 70 5
26 71 5
26 72 1
26 73 2
26 74 3
26 75 3
26 76 3
26 77 4
26 78 2
26 79 1
26 80 3
26 81 1
26 82 4
26 83 2
26 84 4
26 85 2
26 86 1
26 87 5
26 88 5
26 89 3
26 90 4
26 91 3
26 92 3
26 93 1
26 94 4
26 95 2
26 96 2
26 97 3
26 98 4
26 99 2
27 28 4
27 29 3
27 30 2
27 31 4
27 32 2
27 33 5
27 34 1
27 35 5
27 36 5
27 37 4
27 38 1
27 39 5
27 40 2
27 41 5
27 42 3
27 43 1
27 44 2
27 45 5
27 46 4
27 47 4
27 48 1
27 49 5
27 50 4
27 51 5
27 52 1
27 53 5
27 54 5
27 55 2
27 56 3
27 57 5
27 58 5
27 59 6
27 60 2
27 61 3
27 62 1
27 63 6
27 64 4
27 65 1
27 66 4
27 67 3
27 68 2
27 69 6
27 70 4
27 71 1
27 72 4
27 73 4
27 74 5
27 75 4
27 76 5
27 77 1
27 78 4
27 79 5
27 80 2
27 81 5
27 82 1
27 83 4
27 84 2
27 85 6
27 86 5
27 87 4
27 88 1
27 89 6
27 90 4
27 91 4
27 92 5
27 93 5
27 94 4
27 95 3
27 96 4
27 97 4
27 98 3
27 99 5
28 29 2
28 30 2
28 31 1
28 32 3
28 33 1
28 34 4
28 35 1
28 36 1
28 37 1
28 38 4
28 39 3
28 40 4
28 41 2
28 42 3
28 43 5
28 44 3
28 45 2
28 46 3
28 47 1
28 48 4
28 49 1
28 50 3
28 51 4
28 52 5
28 53 2
28 54 2
28 55 3
28 56 3
28 57 1
28 58 2
28 59 2
28 60 4
28 61 1
28 62 4
28 63 2
28 64 2
28 65 4
28 66 1
28 67 1
28 68 4
28 69 2
28 70 4
28 71 4
28 72 1
28 73 1
28 74 4
28 75 2
28 76 2
28 77 3
28 78 2
28 79 2
28 80 2
28 81 2
28 82 3
28 83 2
28 84 4
28 85 2
28 86 2
28 87 4
28 88 5
28 89 2
28 90 3
28 91 2
28 92 2
28 93 1
28 94 3
28 95 1
28 96 1
28 97 3
28 98 3
28 99 1
29 30 1
29 31 2
29 32 3
29 33 2
29 34 3
29 35 2
29 36 3
29 37 2
29 38 3
29 39 2
29 40 2
29 41 3
29 42 3
29 43 4
29 44 2
29 45 2
29 46 4
29 47 1
29 48 2
29 49 3
29 50 1
29 51 3
29 52 4
29 53 3
29 54 2
29 55 1
29 56 3
29 57 3
29 58 2
29 59 3
29 60 2
29 61 1
29 62 3
29 63 3
29 64 3
29 65 3
29 66 2
29 67 1
29 68 4
29 69 3
29 70 2
29 71 3
29 72 2
29 73 1
29 74 4
29 75 1
29 76 2
29 77 2
29 78 3
29 79 4
29 80 1
29 81 3
29 82 2
29 83 2
29 84 4
29 85 3
29 86 3
29 87 2
29 88 4
29 89 3
29 90 1
29 91 1
29 92 2
29 93 2
29 94 1
29 95 2
29 96 1
29 97 4
29 98 1
29 99 2
30 31 2
30 32 3
30 33 3
30 34 2
30 35 3
30 36 3
30 37 2
30 38 2
30 39 3
30 40 2
30 41 3
30 42 3
30 43 3
30 44 1
30 45 3
30 46 3
30 47 2
30 48 2
30 49 3
30 50 2
30 51 3
30 52 3
30 53 3
30 54 3
30 55 1
30 56 3
30 57 3
30 58 3
30 59 4
30 60 2
30 61 1
30 62 2
30 63 4
30 64 2
30 65 2
30 66 2
30 67 1
30 68 3
30 69 4
30 70 3
30 71 2
30 72 2
30 73 2
30 74 4
30 75 2
30 76 3
30 77 1
30 78 3
30 79 4
30 80 1
30 81 3
30 82 2
30 83 2
30 84 3
30 85 4
30 86 3
30 87 3
30 88 3
30 89 4
30 90 2
30 91 2
30 92 3
30 93 3
30 94 2
30 95 1
30 96 2
30 97 3
30 98 1
30 99 3
31 32 2
31 33 2
31 34 3
31 35 2
31 36 2
31 37 1
31 38 3
31 39 3
31 40 4
31 41 2
31 42 2
31 43 4
31 44 3
31 45 3
31 46 3
31 47 1
31 48 4
31 49 2
31 50 3
31 51 4
31 52 4
31 53 2
31 54 2
31 55 3
31 56 2
31 57 2
31 58 3
31 59 3
31 60 4
31 61 1
31 62 3
31 63 3
31 64 2
31 65 4
31 66 1
31 67 1
31 68 3
31 69 3
31 70 4
31 71 4
31 72 1
31 73 2
31 74 3
31 75 2
31 76 3
31 77 3
31 78 2
31 79 3
31 80 2
31 81 2
31 82 3
31 83 1
31 84 3
31 85 2
31 86 2
31 87 4
31 88 4
31 89 3
31 90 3
31 91 2
31 92 3
31 93 1
31 94 3
31 95 1
31 96 1
31 97 3
31 98 3
31 99 2
32 33 4
32 34 1
32 35 4
32 36 4
32 37 3
32 38 1
32 39 5
32 40 3
32 41 3
32 42 1
32 43 2
32 44 3
32 45 5
32 46 2
32 47 3
32 48 2
32 49 4
32 50 4
32 51 5
32 52 2
32 53 4
32 54 4
32 55 3
32 56 1
32 57 3
32 58 5
32 59 5
32 60 3
32 61 2
32 62 1
32 63 5
32 64 2
32 65 2
32 66 3
32 67 3
32 68 1
32 69 5
32 70 5
32 71 3
32 72 3
32 73 4
32 74 3
32 75 4
32 76 5
32 77 2
32 78 2
32 79 3
32 80 2
32 81 3
32 82 2
32 83 2
32 84 1
32 85 4
32 86 4
32 87 5
32 88 2
32 89 5
32 90 4
32 91 4
32 92 5
32 93 3
32 94 4
32 95 2
32 96 3
32 97 2
32 98 3
32 99 4
33 34 5
33 35 1
33 36 2
33 37 1
33 38 5
33 39 3
33 40 4
33 41 2
33 42 4
33 43 6
33 44 4
33 45 2
33 46 3
33 47 2
33 48 4
33 49 2
33 50 3
33 51 4
33 52 6
33 53 2
33 54 2
33 55 3
33 56 4
33 57 2
33 58 1
33 59 1
33 60 4
33 61 2
33 62 5
33 63 1
33 64 3
33 65 5
33 66 1
33 67 2
33 68 5
33 69 1
33 70 4
33 71 5
33 72 1
33 73 1
33 74 4
33 75 2
33 76 1
33 77 4
33 78 3
33 79 3
33 80 3
33 81 2
33 82 4
33 83 3
33 84 5
33 85 1
33 86 2
33 87 4
33 88 6
33 89 1
33 90 3
33 91 3
33 92 2
33 93 1
33 94 3
33 95 2
33 96 1
33 97 4
33 98 3
33 99 1
34 35 5
34 36 5
34 37 4
34 38 1
34 39 5
34 40 2
34 41 4
34 42 2
34 43 1
34 44 2
34 45 5
34 46 3
34 47 4
34 48 1
34 49 5
34 50 4
34 51 5
34 52 1
34 53 5
34 54 5
34 55 2
34 56 2
34 57 4
34 58 5
34 59 6
34 60 2
34 61 3
34 62 1
34 63 6
34 64 3
34 65 1
34 66 4
34 67 3
34 68 1
34 69 6
34 70 4
34 71 2
34 72 4
34 73 4
34 74 4
34 75 4
34 76 5
34 77 1
34 78 3
34 79 4
34 80 2
34 81 4
34 82 1
34 83 3
34 84 2
34 85 5
34 86 5
34 87 4
34 88 1
34 89 6
34 90 4
34 91 4
34 92 5
34 93 4
34 94 4
34 95 3
34 96 4
34 97 3
34 98 3
34 99 5
35 36 2
35 37 1
35 38 5
35 39 3
35 40 4
35 41 3
35 42 4
35 43 6
35 44 4
35 45 2
35 46 4
35 47 2
35 48 4
35 49 2
35 50 3
35 51 4
35 52 6
35 53 3
35 54 1
35 55 3
35 56 4
35 57 2
35 58 1
35 59 1
35 60 4
35 61 2
35 62 5
35 63 1
35 64 3
35 65 5
35 66 2
35 67 2
35 68 5
35 69 1
35 70 4
35 71 5
35 72 2
35 73 1
35 74 5
35 75 2
35 76 1
35 77 4
35 78 3
35 79 3
35 80 3
35 81 3
35 82 4
35 83 3
35 84 5
35 85 1
35 86 3
35 87 4
35 88 6
35 89 1
35 90 2
35 91 3
35 92 1
35 93 1
35 94 2
35 95 2
35 96 1
35 97 4
35 98 3
35 99 1
36 37 1
36 38 5
36 39 4
36 40 5
36 41 1
36 42 3
36 43 6
36 44 4
36 45 3
36 46 2
36 47 2
36 48 5
36 49 1
36 50 4
36 51 5
36 52 6
36 53 1
36 54 3
36 55 4
36 56 3
36 57 1
36 58 3
36 59 3
36 60 5
36 61 2
36 62 5
36 63 3
36 64 3
36 65 5
36 66 1
36 67 2
36 68 4
36 69 3
36 70 5
36 71 5
36 72 1
36 73 2
36 74 3
36 75 3
36 76 3
36 77 4
36 78 2
36 79 1
36 80 3
36 81 1
36 82 4
36 83 2
36 84 4
36 85 2
36 86 1
36 87 5
36 88 5
36 89 3
36 90 4
36 91 3
36 92 3
36 93 1
36 94 4
36 95 2
36 96 2
36 97 3
36 98 4
36 99 2
37 38 4
37 39 3
37 40 4
37 41 2
37 42 3
37 43 5
37 44 3
37 45 2
37 46 3
37 47 1
37 48 4
37 49 1
37 50 3
37 51 4
37 52 5
37 53 2
37 54 2
37 55 3
37 56 3
37 57 2
37 58 2
37 59 2
37 60 4
37 61 2
37 62 4
37 63 2
37 64 3
37 65 4
37 66 1
37 67 1
37 68 4
37 69 2
37 70 4
37 71 4
37 72 1
37 73 1
37 74 4
37 75 2
37 76 2
37 77 3
37 78 3
37 79 2
37 80 2
37 81 2
37 82 3
37 83 2
37 84 4
37 85 2
37 86 2
37 87 4
37 88 5
37 89 2
37 90 3
37 91 2
37 92 2
37 93 1
37 94 3
37 95 2
37 96 1
37 97 4
37 98 3
37 99 1
38 39 5
38 40 2
38 41 4
38 42 2
38 43 2
38 44 2
38 45 5
38 46 3
38 47 4
38 48 1
38 49 5
38 50 4
38 51 5
38 52 2
38 53 5
38 54 5
38 55 2
38 56 2
38 57 4
38 58 5
38 59 6
38 60 2
38 61 3
38 62 1
38 63 6
38 64 3
38 65 1
38 66 4
38 67 3
38 68 1
38 69 6
38 70 4
38 71 2
38 72 4
38 73 4
38 74 4
38 75 4
38 76 5
38 77 1
38 78 3
38 79 4
38 80 2
38 81 4
38 82 1
38 83 3
38 84 2
38 85 5
38 86 5
38 87 4
38 88 1
38 89 6
38 90 4
38 91 4
38 92 5
38 93 4
38 94 4
38 95 3
38 96 4
38 97 3
38 98 3
38 99 5
39 40 3
39 41 4
39 42 5
39 43 5
39 44 3
39 45 1
39 46 5
39 47 3
39 48 4
39 49 4
39 50 1
39 51 2
39 52 5
39 53 4
39 54 2
39 55 3
39 56 5
39 57 4
39 58 2
39 59 3
39 60 3
39 61 3
39 62 5
39 63 3
39 64 4
39 65 4
39 66 3
39 67 2
39 68 6
39 69 3
39 70 2
39 71 4
39 72 3
39 73 2
39 74 6
39 75 1
39 76 2
39 77 4
39 78 5
39 79 5
39 80 3
39 81 4
39 82 4
39 83 4
39 84 6
39 85 3
39 86 4
39 87 2
39 88 6
39 89 3
39 90 1
39 91 1
39 92 2
39 93 3
39 94 1
39 95 3
39 96 3
39 97 5
39 98 2
39 99 2
40 41 5
40 42 4
40 43 3
40 44 1
40 45 4
40 46 5
40 47 3
40 48 1
40 49 5
40 50 2
40 51 3
40 52 3
40 53 5
40 54 4
40 55 1
40 56 4
40 57 5
40 58 4
40 59 5
40 60 1
40 61 3
40 62 3
40 63 5
40 64 4
40 65 2
40 66 4
40 67 3
40 68 3
40 69 5
40 70 2
40 71 2
40 72 4
40 73 3
40 74 6
40 75 3
40 76 4
40 77 2
40 78 4
40 79 5
40 80 2
40 81 5
40 82 2
40 83 4
40 84 4
40 85 5
40 86 5
40 87 2
40 88 3
40 89 5
40 90 3
40 91 2
40 92 4
40 93 4
40 94 3
40 95 3
40 96 3
40 97 5
40 98 1
40 99 4
41 42 3
41 43 5
41 44 4
41 45 4
41 46 2
41 47 2
41 48 5
41 49 1
41 50 4
41 51 5
41 52 5
41 53 1
41 54 3
41 55 4
41 56 2
41 57 1
41 58 3
41 59 3
41 60 5
41 61 3
41 62 4
41 63 3
41 64 2
41 65 5
41 66 1
41 67 2
41 68 4
41 69 3
41 70 5
41 71 5
41 72 1
41 73 3
41 74 3
41 75 3
41 76 3
41 77 4
41 78 1
41 79 1
41 80 3
41 81 1
41 82 4
41 83 2
41 84 3
41 85 3
41 86 1
41 87 5
41 88 5
41 89 3
41 90 4
41 91 3
41 92 4
41 93 2
41 94 4
41 95 2
41 96 2
41 97 2
41 98 4
41 99 3
42 43 3
42 44 3
42 45 5
42 46 2
42 47 3
42 48 3
42 49 3
42 50 4
42 51 5
42 52 3
42 53 3
42 54 4
42 55 3
42 56 1
42 57 3
42 58 5
42 59 5
42 60 4
42 61 2
42 62 2
42 63 5
42 64 1
42 65 3
42 66 3
42 67 3
42 68 1
42 69 5
42 70 5
42 71 4
42 72 3
42 73 4
42 74 3
42 75 4
42 76 5
42 77 3
42 78 2
42 79 3
42 80 2
42 81 2
42 82 3
42 83 1
42 84 1
42 85 4
42 86 3
42 87 5
42 88 2
42 89 5
42 90 4
42 91 4
42 92 5
42 93 3
42 94 4
42 95 2
42 96 3
42 97 2
42 98 3
42 99 4
43 44 2
43 45 6
43 46 4
43 47 5
43 48 2
43 49 6
43 50 4
43 51 5
43 52 1
43 53 6
43 54 6
43 55 3
43 56 3
43 57 5
43 58 6
43 59 7
43 60 2
43 61 4
43 62 1
43 63 7
43 64 4
43 65 1
43 66 5
43 67 4
43 68 2
43 69 7
43 70 4
43 71 1
43 72 5
43 73 5
43 74 5
43 75 5
43 76 6
43 77 2
43 78 4
43 79 5
43 80 3
43 81 5
43 82 2
43 83 4
43 84 2
43 85 6
43 86 6
43 87 4
43 88 1
43 89 7
43 90 5
43 91 4
43 92 6
43 93 5
43 94 5
43 95 4
43 96 5
43 97 4
43 98 3
43 99 6
44 45 4
44 46 4
44 47 3
44 48 1
44 49 4
44 50 2
44 51 3
44 52 2
44 53 4
44 54 4
44 55 1
44 56 3
44 57 4
44 58 4
44 59 5
44 60 1
44 61 2
44 62 2
44 63 5
44 64 3
44 65 1
44 66 3
44 67 2
44 68 3
44 69 5
44 70 3
44 71 2
44 72 3
44 73 3
44 74 5
44 75 3
44 76 4
44 77 1
44 78 3
44 79 4
44 80 1
44 81 4
44 82 1
44 83 3
44 84 3
44 85 5
44 86 4
44 87 3
44 88 3
44 89 5
44 90 3
44 91 2
44 92 4
44 93 4
44 94 3
44 95 2
44 96 3
44 97 4
44 98 1
44 99 4
45 46 5
45 47 2
45 48 4
45 49 3
45 50 2
45 51 3
45 52 6
45 53 4
45 54 1
45 55 3
45 56 5
45 57 3
45 58 1
45 59 2
45 60 4
45 61 3
45 62 5
45 63 2
45 64 4
45 65 5
45 66 3
45 67 2
45 68 6
45 69 2
45 70 3
45 71 5
45 72 3
45 73 1
45 74 6
45 75 1
45 76 1
45 77 4
45 78 4
45 79 4
45 80 3
45 81 4
45 82 4
45 83 4
45 84 6
45 85 2
45 86 4
45 87 3
45 88 6
45 89 2
45 90 1
45 91 2
45 92 1
45 93 2
45 94 1
45 95 3
45 96 2
45 97 5
45 98 3
45 99 1
46 47 3
46 48 4
46 49 2
46 50 5
46 51 6
46 52 4
46 53 2
46 54 4
46 55 4
46 56 1
46 57 2
46 58 4
46 59 4
46 60 5
46 61 3
46 62 3
46 63 4
46 64 1
46 65 4
46 66 2
46 67 3
46 68 3
46 69 4
46 70 6
46 71 5
46 72 2
46 73 4
46 74 1
46 75 4
46 76 4
46 77 4
46 78 1
46 79 2
46 80 3
46 81 1
46 82 4
46 83 2
46 84 2
46 85 4
46 86 2
46 87 6
46 88 4
46 89 4
46 90 5
46 91 4
46 92 5
46 93 3
46 94 5
46 95 2
46 96 3
46 97 1
46 98 4
46 99 4
47 48 3
47 49 2
47 50 2
47 51 4
47 52 5
47 53 2
47 54 2
47 55 2
47 56 3
47 57 2
47 58 2
47 59 3
47 60 3
47 61 1
47 62 4
47 63 3
47 64 2
47 65 4
47 66 1
47 67 1
47 68 4
47 69 3
47 70 3
47 71 4
47 72 1
47 73 1
47 74 4
47 75 2
47 76 2
47 77 3
47 78 3
47 79 3
47 80 2
47 81 2
47 82 3
47 83 2
47 84 4
47 85 2
47 86 2
47 87 3
47 88 5
47 89 3
47 90 2
47 91 2
47 92 2
47 93 1
47 94 2
47 95 1
47 96 1
47 97 3
47 98 2
47 99 1
48 49 5
48 50 3
48 51 4
48 52 2
48 53 5
48 54 4
48 55 1
48 56 3
48 57 5
48 58 4
48 59 5
48 60 1
48 61 3
48 62 2
48 63 5
48 64 4
48 65 1
48 66 4
48 67 3
48 68 2
48 69 5
48 70 3
48 71 1
48 72 4
48 73 3
48 74 5
48 75 3
48 76 4
48 77 1
48 78 4
48 79 5
48 80 2
48 81 5
48 82 1
48 83 4
48 84 3
48 85 5
48 86 5
48 87 3
48 88 2
48 89 5
48 90 3
48 91 3
48 92 4
48 93 4
48 94 3
48 95 3
48 96 3
48 97 4
48 98 2
48 99 4
49 50 4
49 51 5
49 52 6
49 53 1
49 54 3
49 55 4
49 56 3
49 57 1
49 58 3
49 59 3
49 60 5
49 61 2
49 62 5
49 63 3
49 64 3
49 65 5
49 66 1
49 67 2
49 68 4
49 69 3
49 70 5
49 71 5
49 72 1
49 73 2
49 74 3
49 75 3
49 76 3
49 77 4
49 78 2
49 79 1
49 80 3
49 81 1
49 82 4
49 83 2
49 84 4
49 85 2
49 86 1
49 87 5
49 88 5
49 89 3
49 90 4
49 91 3
49 92 3
49 93 1
49 94 4
49 95 2
49 96 2
49 97 3
49 98 4
49 99 2
50 51 2
50 52 4
50 53 4
50 54 2
50 55 2
50 56 4
50 57 4
50 58 3
50 59 4
50 60 2
50 61 2
50 62 4
50 63 4
50 64 4
50 65 3
50 66 3
50 67 2
50 68 5
50 69 4
50 70 1
50 71 3
50 72 3
50 73 2
50 74 5
50 75 1
50 76 3
50 77 3
50 78 4
50 79 5
50 80 2
50 81 4
50 82 3
50 83 3
50 84 5
50 85 4
50 86 4
50 87 1
50 88 5
50 89 3
50 90 1
50 91 1
50 92 2
50 93 3
50 94 1
50 95 3
50 96 2
50 97 5
50 98 1
50 99 2
51 52 5
51 53 5
51 54 3
51 55 3
51 56 5
51 57 5
51 58 4
51 59 5
51 60 3
51 61 4
51 62 5
51 63 5
51 64 5
51 65 4
51 66 4
51 67 3
51 68 6
51 69 5
51 70 1
51 71 4
51 72 4
51 73 3
51 74 7
51 75 2
51 76 4
51 77 4
51 78 5
51 79 6
51 80 3
51 81 5
51 82 4
51 83 5
51 84 6
51 85 5
51 86 5
51 87 1
51 88 6
51 89 4
51 90 2
51 91 2
51 92 3
51 93 4
51 94 2
51 95 4
51 96 4
51 97 6
51 98 2
51 99 3
52 53 6
52 54 6
52 55 3
52 56 3
52 57 5
52 58 6
52 59 7
52 60 2
52 61 4
52 62 2
52 63 7
52 64 4
52 65 1
52 66 5
52 67 4
52 68 2
52 69 7
52 70 4
52 71 1
52 72 5
52 73 5
52 74 5
52 75 5
52 76 6
52 77 2
52 78 4
52 79 5
52 80 3
52 81 5
52 82 2
52 83 4
52 84 3
52 85 6
52 86 6
52 87 4
52 88 1
52 89 7
52 90 5
52 91 4
52 92 6
52 93 5
52 94 5
52 95 4
52 96 5
52 97 4
52 98 3
52 99 6
53 54 3
53 55 4
53 56 3
53 57 1
53 58 3
53 59 3
53 60 5
53 61 3
53 62 5
53 63 3
53 64 3
53 65 5
53 66 1
53 67 2
53 68 4
53 69 3
53 70 5
53 71 5
53 72 1
53 73 3
53 74 3
53 75 3
53 76 3
53 77 4
53 78 2
53 79 1
53 80 3
53 81 1
53 82 4
53 83 2
53 84 4
53 85 3
53 86 1
53 87 5
53 88 5
53 89 3
53 90 4
53 91 3
53 92 4
53 93 2
53 94 4
53 95 2
53 96 2
53 97 3
53 98 4
53 99 3
54 55 3
54 56 4
54 57 3
54 58 1
54 59 2
54 60 4
54 61 2
54 62 5
54 63 2
54 64 3
54 65 5
54 66 2
54 67 2
54 68 5
54 69 2
54 70 3
54 71 5
54 72 2
54 73 1
54 74 5
54 75 1
54 76 1
54 77 4
54 78 4
54 79 4
54 80 3
54 81 3
54 82 4
54 83 3
54 84 5
54 85 2
54 86 3
54 87 3
54 88 6
54 89 1
54 90 1
54 91 2
54 92 1
54 93 2
54 94 1
54 95 2
54 96 1
54 97 4
54 98 3
54 99 1
55 56 3
55 57 4
55 58 3
55 59 4
55 60 1
55 61 2
55 62 2
55 63 4
55 64 3
55 65 2
55 66 3
55 67 2
55 68 3
55 69 4
55 70 3
55 71 2
55 72 3
55 73 2
55 74 5
55 75 2
55 76 3
55 77 1
55 78 3
55 79 4
55 80 1
55 81 4
55 82 1
55 83 3
55 84 3
55 85 4
55 86 4
55 87 3
55 88 3
55 89 4
55 90 2
55 91 2
55 92 3
55 93 3
55 94 2
55 95 2
55 96 2
55 97 4
55 98 1
55 99 3
56 57 2
56 58 5
56 59 5
56 60 4
56 61 2
56 62 2
56 63 5
56 64 1
56 65 3
56 66 3
56 67 3
56 68 2
56 69 5
56 70 5
56 71 4
56 72 3
56 73 4
56 74 2
56 75 4
56 76 5
56 77 3
56 78 1
56 79 2
56 80 2
56 81 2
56 82 3
56 83 1
56 84 1
56 85 4
56 86 3
56 87 5
56 88 3
56 89 5
56 90 4
56 91 4
56 92 5
56 93 3
56 94 4
56 95 2
56 96 3
56 97 1
56 98 3
56 99 4
57 58 3
57 59 3
57 60 5
57 61 2
57 62 4
57 63 3
57 64 2
57 65 5
57 66 1
57 67 2
57 68 4
57 69 3
57 70 5
57 71 5
57 72 1
57 73 2
57 74 3
57 75 3
57 76 3
57 77 4
57 78 1
57 79 1
57 80 3
57 81 1
57 82 4
57 83 2
57 84 3
57 85 3
57 86 1
57 87 5
57 88 5
57 89 3
57 90 4
57 91 3
57 92 3
57 93 2
57 94 4
57 95 2
57 96 2
57 97 2
57 98 4
57 99 2
58 59 1
58 60 4
58 61 3
58 62 5
58 63 1
58 64 4
58 65 5
58 66 2
58 67 2
58 68 6
58 69 1
58 70 4
58 71 5
58 72 2
58 73 1
58 74 5
58 75 2
58 76 1
58 77 4
58 78 4
58 79 4
58 80 3
58 81 3
58 82 4
58 83 4
58 84 6
58 85 1
58 86 3
58 87 4
58 88 6
58 89 1
58 90 2
58 91 3
58 92 1
58 93 2
58 94 2
58 95 3
58 96 2
58 97 5
58 98 3
58 99 1
59 60 5
59 61 3
59 62 6
59 63 1
59 64 4
59 65 6
59 66 2
59 67 3
59 68 6
59 69 1
59 70 5
59 71 6
59 72 2
59 73 2
59 74 5
59 75 3
59 76 1
59 77 5
59 78 4
59 79 4
59 80 4
59 81 3
59 82 5
59 83 4
59 84 6
59 85 1
59 86 3
59 87 5
59 88 7
59 89 1
59 90 3
59 91 4
59 92 2
59 93 2
59 94 3
59 95 3
59 96 2
59 97 5
59 98 4
59 99 2
60 61 3
60 62 2
60 63 5
60 64 4
60 65 1
60 66 4
60 67 3
60 68 3
60 69 5
60 70 2
60 71 1
60 72 4
60 73 3
60 74 6
60 75 3
60 76 4
60 77 1
60 78 4
60 79 5
60 80 2
60 81 5
60 82 1
60 83 4
60 84 3
60 85 5
60 86 5
60 87 2
60 88 3
60 89 5
60 90 3
60 91 2
60 92 4
60 93 4
60 94 3
60 95 3
60 96 3
60 97 5
60 98 1
60 99 4
61 62 3
61 63 3
61 64 2
61 65 3
61 66 2
61 67 1
61 68 3
61 69 3
61 70 3
61 71 3
61 72 2
61 73 2
61 74 3
61 75 2
61 76 3
61 77 2
61 78 2
61 79 3
61 80 1
61 81 3
61 82 2
61 83 1
61 84 3
61 85 3
61 86 3
61 87 3
61 88 4
61 89 3
61 90 2
61 91 2
61 92 3
61 93 2
61 94 2
61 95 1
61 96 1
61 97 3
61 98 2
61 99 2
62 63 6
62 64 3
62 65 2
62 66 4
62 67 3
62 68 1
62 69 6
62 70 4
62 71 2
62 72 4
62 73 4
62 74 4
62 75 4
62 76 5
62 77 1
62 78 3
62 79 4
62 80 2
62 81 4
62 82 1
62 83 3
62 84 1
62 85 5
62 86 5
62 87 4
62 88 1
62 89 6
62 90 4
62 91 4
62 92 5
62 93 4
62 94 4
62 95 3
62 96 4
62 97 3
62 98 3
62 99 5
63 64 4
63 65 6
63 66 2
63 67 3
63 68 6
63 69 1
63 70 5
63 71 6
63 72 2
63 73 2
63 74 5
63 75 3
63 76 1
63 77 5
63 78 4
63 79 4
63 80 4
63 81 3
63 82 5
63 83 4
63 84 6
63 85 1
63 86 3
63 87 5
63 88 7
63 89 1
63 90 3
63 91 4
63 92 2
63 93 2
63 94 3
63 95 3
63 96 2
63 97 5
63 98 4
63 99 2
64 65 4
64 66 2
64 67 2
64 68 2
64 69 4
64 70 5
64 71 4
64 72 2
64 73 3
64 74 2
64 75 4
64 76 4
64 77 3
64 78 1
64 79 2
64 80 2
64 81 2
64 82 3
64 83 1
64 84 2
64 85 4
64 86 3
64 87 5
64 88 3
64 89 4
64 90 4
64 91 3
64 92 4
64 93 3
64 94 4
64 95 1
64 96 2
64 97 1
64 98 3
64 99 3
65 66 4
65 67 3
65 68 2
65 69 6
65 70 3
65 71 1
65 72 4
65 73 4
65 74 5
65 75 4
65 76 5
65 77 1
65 78 4
65 79 5
65 80 2
65 81 5
65 82 1
65 83 4
65 84 3
65 85 6
65 86 5
65 87 3
65 88 2
65 89 6
65 90 4
65 91 3
65 92 5
65 93 5
65 94 4
65 95 3
65 96 4
65 97 4
65 98 2
65 99 5
66 67 2
66 68 4
66 69 2
66 70 4
66 71 4
66 72 1
66 73 2
66 74 3
66 75 2
66 76 2
66 77 3
66 78 2
66 79 2
66 80 2
66 81 1
66 82 3
66 83 2
66 84 4
66 85 2
66 86 1
66 87 4
66 88 5
66 89 2
66 90 3
66 91 3
66 92 3
66 93 1
66 94 3
66 95 1
66 96 1
66 97 3
66 98 3
66 99 2
67 68 4
67 69 3
67 70 3
67 71 3
67 72 1
67 73 1
67 74 4
67 75 2
67 76 2
67 77 2
67 78 3
67 79 3
67 80 1
67 81 2
67 82 2
67 83 2
67 84 4
67 85 3
67 86 2
67 87 3
67 88 4
67 89 3
67 90 2
67 91 1
67 92 2
67 93 2
67 94 2
67 95 1
67 96 1
67 97 3
67 98 2
67 99 2
68 69 6
68 70 5
68 71 3
68 72 4
68 73 5
68 74 3
68 75 5
68 76 6
68 77 2
68 78 3
68 79 4
68 80 3
68 81 3
68 82 2
68 83 2
68 84 1
68 85 5
68 86 4
68 87 5
68 88 1
68 89 6
68 90 5
68 91 5
68 92 6
68 93 4
68 94 5
68 95 3
68 96 4
68 97 3
68 98 4
68 99 5
69 70 5
69 71 6
69 72 2
69 73 2
69 74 5
69 75 3
69 76 2
69 77 5
69 78 4
69 79 4
69 80 4
69 81 3
69 82 5
69 83 4
69 84 6
69 85 1
69 86 3
69 87 5
69 88 7
69 89 1
69 90 3
69 91 4
69 92 2
69 93 2
69 94 3
69 95 3
69 96 2
69 97 5
69 98 4
69 99 2
70 71 3
70 72 4
70 73 3
70 74 6
70 75 2
70 76 4
70 77 3
70 78 5
70 79 6
70 80 3
70 81 5
70 82 3
70 83 4
70 84 5
70 85 5
70 86 5
70 87 1
70 88 5
70 89 4
70 90 2
70 91 2
70 92 3
70 93 4
70 94 2
70 95 4
70 96 3
70 97 6
70 98 2
70 99 3
71 72 4
71 73 4
71 74 6
71 75 4
71 76 5
71 77 1
71 78 4
71 79 5
71 80 2
71 81 5
71 82 1
71 83 4
71 84 3
71 85 6
71 86 5
71 87 3
71 88 2
71 89 6
71 90 4
71 91 3
71 92 5
71 93 5
71 94 4
71 95 3
71 96 4
71 97 5
71 98 2
71 99 5
72 73 2
72 74 3
72 75 2
72 76 2
72 77 3
72 78 2
72 79 2
72 80 2
72 81 1
72 82 3
72 83 2
72 84 4
72 85 2
72 86 1
72 87 4
72 88 5
72 89 2
72 90 3
72 91 2
72 92 3
72 93 1
72 94 3
72 95 1
72 96 1
72 97 3
72 98 3
72 99 2
73 74 5
73 75 1
73 76 1
73 77 3
73 78 3
73 79 3
73 80 2
73 81 3
73 82 3
73 83 3
73 84 5
73 85 2
73 86 3
73 87 3
73 88 5
73 89 2
73 90 2
73 91 2
73 92 1
73 93 1
73 94 2
73 95 2
73 96 1
73 97 4
73 98 2
73 99 1
74 75 5
74 76 5
74 77 5
74 78 2
74 79 3
74 80 4
74 81 2
74 82 5
74 83 2
74 84 3
74 85 5
74 86 3
74 87 6
74 88 4
74 89 5
74 90 5
74 91 5
74 92 6
74 93 4
74 94 5
74 95 3
74 96 4
74 97 1
74 98 5
74 99 5
75 76 2
75 77 3
75 78 4
75 79 4
75 80 2
75 81 3
75 82 3
75 83 3
75 84 5
75 85 3
75 86 3
75 87 2
75 88 5
75 89 2
75 90 1
75 91 1
75 92 1
75 93 2
75 94 1
75 95 3
75 96 2
75 97 5
75 98 2
75 99 1
76 77 4
76 78 4
76 79 4
76 80 3
76 81 3
76 82 4
76 83 4
76 84 6
76 85 1
76 86 3
76 87 4
76 88 6
76 89 1
76 90 2
76 91 3
76 92 1
76 93 2
76 94 2
76 95 3
76 96 2
76 97 5
76 98 3
76 99 1
77 78 3
77 79 4
77 80 1
77 81 4
77 82 1
77 83 3
77 84 2
77 85 5
77 86 4
77 87 3
77 88 2
77 89 5
77 90 3
77 91 3
77 92 4
77 93 4
77 94 3
77 95 2
77 96 3
77 97 4
77 98 2
77 99 4
78 79 1
78 80 2
78 81 1
78 82 3
78 83 1
78 84 2
78 85 4
78 86 2
78 87 5
78 88 4
78 89 4
78 90 4
78 91 4
78 92 4
78 93 3
78 94 4
78 95 2
78 96 3
78 97 1
78 98 3
78 99 3
79 80 3
79 81 1
79 82 4
79 83 2
79 84 3
79 85 3
79 86 1
79 87 6
79 88 5
79 89 4
79 90 5
79 91 4
79 92 4
79 93 2
79 94 5
79 95 3
79 96 3
79 97 2
79 98 4
79 99 3
80 81 3
80 82 1
80 83 2
80 84 3
80 85 4
80 86 3
80 87 3
80 88 3
80 89 4
80 90 2
80 91 2
80 92 3
80 93 3
80 94 2
80 95 1
80 96 2
80 97 3
80 98 1
80 99 3
81 82 4
81 83 2
81 84 3
81 85 3
81 86 1
81 87 5
81 88 4
81 89 3
81 90 4
81 91 3
81 92 4
81 93 2
81 94 4
81 95 2
81 96 2
81 97 2
81 98 4
81 99 3
82 83 3
82 84 2
82 85 5
82 86 4
82 87 3
82 88 2
82 89 5
82 90 3
82 91 3
82 92 4
82 93 4
82 94 3
82 95 2
82 96 3
82 97 4
82 98 2
82 99 4
83 84 2
83 85 3
83 86 2
83 87 4
83 88 3
83 89 4
83 90 3
83 91 3
83 92 4
83 93 2
83 94 3
83 95 1
83 96 2
83 97 2
83 98 3
83 99 3
84 85 5
84 86 4
84 87 5
84 88 2
84 89 6
84 90 5
84 91 5
84 92 6
84 93 4
84 94 5
84 95 3
84 96 4
84 97 2
84 98 4
84 99 5
85 86 3
85 87 5
85 88 6
85 89 1
85 90 3
85 91 4
85 92 2
85 93 1
85 94 3
85 95 3
85 96 2
85 97 5
85 98 4
85 99 2
86 87 5
86 88 5
86 89 3
86 90 4
86 91 3
86 92 4
86 93 2
86 94 4
86 95 2
86 96 2
86 97 3
86 98 4
86 99 3
87 88 5
87 89 4
87 90 2
87 91 2
87 92 3
87 93 4
87 94 2
87 95 4
87 96 3
87 97 6
87 98 2
87 99 3
88 89 7
88 90 5
88 91 5
88 92 6
88 93 5
88 94 5
88 95 4
88 96 5
88 97 4
88 98 4
88 99 6
89 90 2
89 91 3
89 92 1
89 93 2
89 94 2
89 95 3
89 96 2
89 97 5
89 98 4
89 99 2
90 91 1
90 92 2
90 93 3
90 94 1
90 95 3
90 96 2
90 97 5
90 98 2
90 99 2
91 92 2
91 93 3
91 94 1
91 95 2
91 96 2
91 97 4
91 98 1
91 99 2
92 93 2
92 94 2
92 95 3
92 96 2
92 97 5
92 98 3
92 99 1
93 94 3
93 95 2
93 96 1
93 97 4
93 98 3
93 99 1
94 95 3
94 96 2
94 97 5
94 98 2
94 99 2
95 96 1
95 97 2
95 98 2
95 99 2
96 97 3
96 98 2
96 99 1
97 98 4
97 99 4
98 99 3
