100 
0 1 3
0 2 2
0 3 3
0 4 3
0 5 3
0 6 2
0 7 3
0 8 2
0 9 1
0 10 3
0 11 4
0 12 2
0 13 3
0 14 4
0 15 4
0 16 2
0 17 2
0 18 4
0 19 3
0 20 4
0 21 3
0 22 1
0 23 2
0 24 3
0 25 1
0 26 1
0 27 3
0 28 1
0 29 4
0 30 2
0 31 4
0 32 1
0 33 3
0 34 4
0 35 3
0 36 1
0 37 1
0 38 3
0 39 1
0 40 1
0 41 2
0 42 3
0 43 1
0 44 1
0 45 3
0 46 3
0 47 2
0 48 1
0 49 3
0 50 1
0 51 2
0 52 4
0 53 3
0 54 3
0 55 2
0 56 1
0 57 3
0 58 3
0 59 4
0 60 2
0 61 3
0 62 1
0 63 1
0 64 2
0 65 2
0 66 4
0 67 3
0 68 3
0 69 3
0 70 3
0 71 2
0 72 2
0 73 2
0 74 4
0 75 3
0 76 4
0 77 2
0 78 3
0 79 4
0 80 4
0 81 3
0 82 2
0 83 3
0 84 4
0 85 3
0 86 2
0 87 1
0 88 1
0 89 3
0 90 4
0 91 2
0 92 2
0 93 2
0 94 3
0 95 1
0 96 1
0 97 2
0 98 1
0 99 3
1 2 3
1 3 3
1 4 2
1 5 1
1 6 1
1 7 1
1 8 2
1 9 4
1 10 2
1 11 1
1 12 3
1 13 3
1 14 4
1 15 1
1 16 2
1 17 3
1 18 1
1 19 2
1 20 1
1 21 1
1 22 4
1 23 1
1 24 4
1 25 4
1 26 3
1 27 2
1 28 3
1 29 1
1 30 2
1 31 1
1 32 3
1 33 2
1 34 1
1 35 1
1 36 3
1 37 3
1 38 3
1 39 4
1 40 3
1 41 2
1 42 1
1 43 4
1 44 4
1 45 3
1 46 1
1 47 2
1 48 3
1 49 3
1 50 3
1 51 4
1 52 4
1 53 1
1 54 1
1 55 3
1 56 3
1 57 3
1 58 2
1 59 4
1 60 3
1 61 2
1 62 2
1 63 3
1 64 3
1 65 3
1 66 1
1 67 2
1 68 3
1 69 1
1 70 1
1 71 3
1 72 3
1 73 2
1 74 4
1 75 4
1 76 1
1 77 4
1 78 2
1 79 4
1 80 1
1 81 3
1 82 2
1 83 2
1 84 4
1 85 1
1 86 5
1 87 3
1 88 4
1 89 4
1 90 1
1 91 2
1 92 3
1 93 4
1 94 2
1 95 3
1 96 2
1 97 2
1 98 3
1 99 2
2 3 1
2 4 1
2 5 2
2 6 2
2 7 3
2 8 1
2 9 3
2 10 3
2 11 3
2 12 3
2 13 4
2 14 2
2 15 3
2 16 2
2 17 3
2 18 3
2 19 3
2 20 3
2 21 2
2 22 2
2 23 2
2 24 2
2 25 2
2 26 2
2 27 3
2 28 2
2 29 3
2 30 3
2 31 3
2 32 1
2 33 2
2 34 3
2 35 2
2 36 1
2 37 2
2 38 1
2 39 2
2 40 2
2 41 1
2 42 3
2 43 3
2 44 2
2 45 4
2 46 2
2 47 2
2 48 2
2 49 1
2 50 2
2 51 3
2 52 2
2 53 3
2 54 2
2 55 3
2 56 2
2 57 4
2 58 3
2 59 2
2 60 3
2 61 1
2 62 2
2 63 1
2 64 1
2 65 3
2 66 3
2 67 3
2 68 4
2 69 2
2 70 3
2 71 3
2 72 3
2 73 1
2 74 2
2 75 2
2 76 3
2 77 3
2 78 2
2 79 2
2 80 2
2 81 4
2 82 1
2 83 2
2 84 2
2 85 2
2 86 3
2 87 2
2 88 2
2 89 1
2 90 3
2 91 1
2 92 1
2 93 3
2 94 3
2 95 1
2 96 2
2 97 2
2 98 2
2 99 1
3 4 1
3 5 3
3 6 3
3 7 3
3 8 1
3 9 4
3 10 4
3 11 3
3 12 4
3 13 5
3 14 1
3 15 3
3 16 3
3 17 4
3 18 3
3 19 4
3 20 3
3 21 3
3 22 3
3 23 3
3 24 1
3 25 3
3 26 3
3 27 4
3 28 3
3 29 3
3 30 4
3 31 3
3 32 2
3 33 2
3 34 3
3 35 2
3 36 2
3 37 2
3 38 1
3 39 3
3 40 3
3 41 2
3 42 4
3 43 4
3 44 3
3 45 5
3 46 2
3 47 3
3 48 3
3 49 1
3 50 3
3 51 4
3 52 1
3 53 3
3 54 2
3 55 4
3 56 3
3 57 5
3 58 4
3 59 1
3 60 4
3 61 2
3 62 3
3 63 2
3 64 1
3 65 4
3 66 3
3 67 4
3 68 5
3 69 2
3 70 3
3 71 4
3 72 4
3 73 1
3 74 1
3 75 1
3 76 3
3 77 3
3 78 2
3 79 1
3 80 3
3 81 5
3 82 1
3 83 2
3 84 1
3 85 2
3 86 4
3 87 3
3 88 3
3 89 1
3 90 3
3 91 2
3 92 1
3 93 4
3 94 4
3 95 2
3 96 3
3 97 3
3 98 3
3 99 2
4 5 2
4 6 2
4 7 3
4 8 1
4 9 4
4 10 3
4 11 3
4 12 4
4 13 4
4 14 2
4 15 3
4 16 2
4 17 4
4 18 3
4 19 3
4 20 2
4 21 2
4 22 3
4 23 3
4 24 2
4 25 3
4 26 3
4 27 3
4 28 3
4 29 3
4 30 3
4 31 2
4 32 2
4 33 1
4 34 3
4 35 2
4 36 2
4 37 3
4 38 2
4 39 3
4 40 3
4 41 2
4 42 3
4 43 4
4 44 3
4 45 4
4 46 1
4 47 3
4 48 3
4 49 1
4 50 3
4 51 4
4 52 2
4 53 3
4 54 1
4 55 4
4 56 3
4 57 4
4 58 3
4 59 2
4 60 3
4 61 1
4 62 3
4 63 2
4 64 1
4 65 3
4 66 2
4 67 3
4 68 4
4 69 1
4 70 2
4 71 4
4 72 4
4 73 1
4 74 2
4 75 2
4 76 2
4 77 4
4 78 1
4 79 2
4 80 2
4 81 4
4 82 1
4 83 1
4 84 2
4 85 2
4 86 4
4 87 3
4 88 3
4 89 2
4 90 2
4 91 1
4 92 2
4 93 4
4 94 3
4 95 2
4 96 2
4 97 2
4 98 3
4 99 1
5 6 1
5 7 1
5 8 2
5 9 3
5 10 1
5 11 1
5 12 3
5 13 3
5 14 3
5 15 2
5 16 1
5 17 3
5 18 1
5 19 1
5 20 1
5 21 1
5 22 3
5 23 1
5 24 3
5 25 3
5 26 3
5 27 1
5 28 3
5 29 1
5 30 2
5 31 1
5 32 2
5 33 2
5 34 2
5 35 1
5 36 2
5 37 3
5 38 3
5 39 3
5 40 2
5 41 1
5 42 1
5 43 3
5 44 3
5 45 2
5 46 1
5 47 1
5 48 2
5 49 2
5 50 2
5 51 4
5 52 3
5 53 1
5 54 2
5 55 3
5 56 2
5 57 2
5 58 1
5 59 3
5 60 2
5 61 2
5 62 2
5 63 2
5 64 2
5 65 2
5 66 1
5 67 1
5 68 2
5 69 2
5 70 1
5 71 2
5 72 2
5 73 2
5 74 3
5 75 3
5 76 1
5 77 4
5 78 2
5 79 3
5 80 2
5 81 2
5 82 2
5 83 2
5 84 3
5 85 1
5 86 4
5 87 3
5 88 3
5 89 3
5 90 2
5 91 1
5 92 2
5 93 4
5 94 1
5 95 2
5 96 2
5 97 1
5 98 3
5 99 2
6 7 1
6 8 2
6 9 3
6 10 1
6 11 2
6 12 2
6 13 2
6 14 3
6 15 2
6 16 1
6 17 2
6 18 2
6 19 1
6 20 2
6 21 1
6 22 3
6 23 1
6 24 3
6 25 3
6 26 2
6 27 1
6 28 2
6 29 2
6 30 1
6 31 2
6 32 2
6 33 2
6 34 2
6 35 1
6 36 2
6 37 2
6 38 3
6 39 3
6 40 2
6 41 1
6 42 1
6 43 3
6 44 3
6 45 2
6 46 2
6 47 1
6 48 2
6 49 2
6 50 2
6 51 3
6 52 3
6 53 1
6 54 2
6 55 2
6 56 2
6 57 2
6 58 1
6 59 3
6 60 2
6 61 2
6 62 1
6 63 2
6 64 2
6 65 2
6 66 2
6 67 1
6 68 2
6 69 2
6 70 1
6 71 2
6 72 2
6 73 2
6 74 3
6 75 3
6 76 2
6 77 3
6 78 2
6 79 3
6 80 2
6 81 2
6 82 2
6 83 2
6 84 3
6 85 1
6 86 4
6 87 2
6 88 3
6 89 3
6 90 2
6 91 1
6 92 2
6 93 3
6 94 1
6 95 2
6 96 1
6 97 1
6 98 2
6 99 2
7 8 2
7 9 3
7 10 1
7 11 1
7 12 3
7 13 3
7 14 4
7 15 2
7 16 2
7 17 3
7 18 1
7 19 1
7 20 2
7 21 1
7 22 4
7 23 1
7 24 4
7 25 4
7 26 3
7 27 1
7 28 3
7 29 1
7 30 2
7 31 1
7 32 3
7 33 2
7 34 1
7 35 2
7 36 3
7 37 3
7 38 4
7 39 4
7 40 3
7 41 2
7 42 1
7 43 3
7 44 4
7 45 2
7 46 2
7 47 1
7 48 3
7 49 3
7 50 2
7 51 4
7 52 4
7 53 1
7 54 2
7 55 3
7 56 2
7 57 2
7 58 1
7 59 4
7 60 2
7 61 2
7 62 2
7 63 3
7 64 3
7 65 2
7 66 1
7 67 1
7 68 2
7 69 2
7 70 1
7 71 2
7 72 2
7 73 3
7 74 4
7 75 4
7 76 2
7 77 4
7 78 2
7 79 4
7 80 2
7 81 2
7 82 3
7 83 2
7 84 4
7 85 1
7 86 5
7 87 3
7 88 4
7 89 4
7 90 2
7 91 2
7 92 3
7 93 4
7 94 1
7 95 3
7 96 2
7 97 2
7 98 3
7 99 2
8 9 3
8 10 3
8 11 2
8 12 3
8 13 4
8 14 2
8 15 2
8 16 2
8 17 3
8 18 2
8 19 3
8 20 2
8 21 2
8 22 3
8 23 2
8 24 2
8 25 2
8 26 2
8 27 3
8 28 3
8 29 2
8 30 3
8 31 2
8 32 2
8 33 1
8 34 2
8 35 1
8 36 2
8 37 2
8 38 2
8 39 3
8 40 2
8 41 1
8 42 3
8 43 3
8 44 3
8 45 4
8 46 1
8 47 2
8 48 2
8 49 1
8 50 2
8 51 4
8 52 2
8 53 2
8 54 1
8 55 4
8 56 3
8 57 4
8 58 3
8 59 2
8 60 3
8 61 1
8 62 2
8 63 1
8 64 1
8 65 3
8 66 2
8 67 3
8 68 4
8 69 1
8 70 2
8 71 4
8 72 3
8 73 1
8 74 2
8 75 2
8 76 2
8 77 3
8 78 1
8 79 2
8 80 2
8 81 4
8 82 1
8 83 1
8 84 2
8 85 1
8 86 4
8 87 2
8 88 2
8 89 2
8 90 2
8 91 1
8 92 1
8 93 3
8 94 3
8 95 2
8 96 2
8 97 2
8 98 3
8 99 1
9 10 3
9 11 4
9 12 1
9 13 2
9 14 5
9 15 5
9 16 2
9 17 2
9 18 4
9 19 3
9 20 4
9 21 4
9 22 1
9 23 3
9 24 4
9 25 1
9 26 1
9 27 3
9 28 1
9 29 4
9 30 2
9 31 4
9 32 2
9 33 4
9 34 4
9 35 3
9 36 2
9 37 2
9 38 4
9 39 1
9 40 1
9 41 3
9 42 3
9 43 1
9 44 2
9 45 3
9 46 4
9 47 2
9 48 1
9 49 4
9 50 1
9 51 1
9 52 5
9 53 3
9 54 4
9 55 2
9 56 1
9 57 3
9 58 3
9 59 5
9 60 1
9 61 4
9 62 2
9 63 2
9 64 3
9 65 2
9 66 4
9 67 3
9 68 3
9 69 4
9 70 4
9 71 2
9 72 2
9 73 3
9 74 5
9 75 4
9 76 4
9 77 2
9 78 4
9 79 5
9 80 5
9 81 3
9 82 3
9 83 4
9 84 5
9 85 4
9 86 2
9 87 1
9 88 1
9 89 4
9 90 5
9 91 3
9 92 3
9 93 1
9 94 3
9 95 2
9 96 2
9 97 2
9 98 1
9 99 4
10 11 2
10 12 3
10 13 2
10 14 4
10 15 2
10 16 1
10 17 2
10 18 2
10 19 1
10 20 2
10 21 1
10 22 3
10 23 1
10 24 4
10 25 3
10 26 3
10 27 1
10 28 3
10 29 2
10 30 1
10 31 2
10 32 3
10 33 2
10 34 2
10 35 2
10 36 2
10 37 3
10 38 4
10 39 3
10 40 2
10 41 2
10 42 1
10 43 3
10 44 3
10 45 2
10 46 2
10 47 1
10 48 2
10 49 3
10 50 2
10 51 4
10 52 4
10 53 1
10 54 2
10 55 2
10 56 2
10 57 2
10 58 1
10 59 4
10 60 2
10 61 3
10 62 2
10 63 2
10 64 3
10 65 2
10 66 2
10 67 1
10 68 2
10 69 2
10 70 1
10 71 2
10 72 2
10 73 3
10 74 4
10 75 4
10 76 2
10 77 4
10 78 2
10 79 4
10 80 2
10 81 2
10 82 3
10 83 3
10 84 4
10 85 2
10 86 4
10 87 3
10 88 3
10 89 4
10 90 2
10 91 2
10 92 3
10 93 4
10 94 1
10 95 2
10 96 2
10 97 1
10 98 3
10 99 3
11 12 4
11 13 3
11 14 4
11 15 1
11 16 2
11 17 3
11 18 1
11 19 2
11 20 1
11 21 1
11 22 4
11 23 2
11 24 4
11 25 4
11 26 4
11 27 2
11 28 4
11 29 1
11 30 2
11 31 1
11 32 3
11 33 2
11 34 1
11 35 2
11 36 3
11 37 4
11 38 4
11 39 4
11 40 3
11 41 2
11 42 1
11 43 4
11 44 4
11 45 3
11 46 2
11 47 2
11 48 3
11 49 3
11 50 3
11 51 5
11 52 4
11 53 1
11 54 2
11 55 3
11 56 3
11 57 3
11 58 2
11 59 4
11 60 3
11 61 2
11 62 3
11 63 3
11 64 3
11 65 3
11 66 1
11 67 1
11 68 3
11 69 2
11 70 1
11 71 3
11 72 3
11 73 3
11 74 4
11 75 4
11 76 1
11 77 5
11 78 2
11 79 4
11 80 2
11 81 3
11 82 3
11 83 2
11 84 4
11 85 1
11 86 5
11 87 4
11 88 4
11 89 4
11 90 1
11 91 2
11 92 3
11 93 5
11 94 2
11 95 3
11 96 3
11 97 2
11 98 4
11 99 2
12 13 2
12 14 5
12 15 4
12 16 2
12 17 1
12 18 4
12 19 3
12 20 4
12 21 3
12 22 2
12 23 2
12 24 4
12 25 2
12 26 2
12 27 3
12 28 1
12 29 4
12 30 2
12 31 4
12 32 2
12 33 4
12 34 4
12 35 3
12 36 2
12 37 2
12 38 4
12 39 2
12 40 1
12 41 2
12 42 3
12 43 1
12 44 2
12 45 2
12 46 3
12 47 2
12 48 1
12 49 4
12 50 1
12 51 2
12 52 5
12 53 3
12 54 4
12 55 1
12 56 1
12 57 2
12 58 3
12 59 5
12 60 1
12 61 4
12 62 1
12 63 2
12 64 3
12 65 1
12 66 4
12 67 3
12 68 2
12 69 4
12 70 3
12 71 1
12 72 1
12 73 3
12 74 5
12 75 4
12 76 4
12 77 2
12 78 4
12 79 5
12 80 4
12 81 2
12 82 3
12 83 4
12 84 5
12 85 3
12 86 2
12 87 1
12 88 2
12 89 4
12 90 4
12 91 3
12 92 3
12 93 1
12 94 2
12 95 2
12 96 2
12 97 2
12 98 1
12 99 4
13 14 5
13 15 4
13 16 2
13 17 1
13 18 4
13 19 2
13 20 4
13 21 3
13 22 3
13 23 2
13 24 5
13 25 3
13 26 2
13 27 2
13 28 2
13 29 3
13 30 1
13 31 4
13 32 3
13 33 4
13 34 4
13 35 3
13 36 3
13 37 3
13 38 5
13 39 3
13 40 2
13 41 3
13 42 3
13 43 2
13 44 3
13 45 1
13 46 4
13 47 2
13 48 2
13 49 4
13 50 2
13 51 3
13 52 5
13 53 3
13 54 4
13 55 1
13 56 2
13 57 1
13 58 2
13 59 5
13 60 1
13 61 4
13 62 2
13 63 3
13 64 4
13 65 1
13 66 4
13 67 2
13 68 1
13 69 4
13 70 3
13 71 1
13 72 1
13 73 4
13 74 5
13 75 5
13 76 4
13 77 3
13 78 4
13 79 5
13 80 4
13 81 1
13 82 4
13 83 4
13 84 5
13 85 3
13 86 4
13 87 2
13 88 3
13 89 5
13 90 4
13 91 3
13 92 4
13 93 3
13 94 2
13 95 3
13 96 2
13 97 2
13 98 2
13 99 4
14 15 4
14 16 3
14 17 5
14 18 4
14 19 4
14 20 3
14 21 3
14 22 4
14 23 4
14 24 1
14 25 4
14 26 4
14 27 4
14 28 4
14 29 4
14 30 4
14 31 4
14 32 3
14 33 3
14 34 4
14 35 3
14 36 3
14 37 3
14 38 1
14 39 4
14 40 4
14 41 3
14 42 4
14 43 5
14 44 4
14 45 5
14 46 3
14 47 4
14 48 4
14 49 1
14 50 4
14 51 5
14 52 1
14 53 4
14 54 3
14 55 5
14 56 4
14 57 5
14 58 4
14 59 1
14 60 4
14 61 2
14 62 4
14 63 3
14 64 2
14 65 4
14 66 4
14 67 4
14 68 5
14 69 3
14 70 4
14 71 5
14 72 5
14 73 2
14 74 1
14 75 1
14 76 3
14 77 4
14 78 2
14 79 1
14 80 3
14 81 5
14 82 2
14 83 2
14 84 1
14 85 3
14 86 5
14 87 4
14 88 4
14 89 1
14 90 3
14 91 2
14 92 2
14 93 5
14 94 4
14 95 3
14 96 3
14 97 3
14 98 4
14 99 2
15 16 3
15 17 4
15 18 1
15 19 2
15 20 1
15 21 1
15 22 4
15 23 2
15 24 4
15 25 4
15 26 4
15 27 3
15 28 4
15 29 1
15 30 3
15 31 1
15 32 3
15 33 2
15 34 1
15 35 2
15 36 3
15 37 4
15 38 4
15 39 4
15 40 4
15 41 2
15 42 2
15 43 5
15 44 4
15 45 4
15 46 2
15 47 3
15 48 4
15 49 3
15 50 4
15 51 5
15 52 4
15 53 2
15 54 2
15 55 4
15 56 4
15 57 4
15 58 3
15 59 4
15 60 4
15 61 2
15 62 3
15 63 3
15 64 3
15 65 4
15 66 1
15 67 2
15 68 3
15 69 2
15 70 1
15 71 4
15 72 4
15 73 3
15 74 4
15 75 4
15 76 1
15 77 5
15 78 2
15 79 4
15 80 1
15 81 4
15 82 3
15 83 2
15 84 4
15 85 1
15 86 5
15 87 4
15 88 4
15 89 4
15 90 1
15 91 2
15 92 3
15 93 5
15 94 3
15 95 3
15 96 3
15 97 3
15 98 4
15 99 2
16 17 2
16 18 2
16 19 1
16 20 2
16 21 2
16 22 2
16 23 1
16 24 3
16 25 2
16 26 2
16 27 1
16 28 2
16 29 2
16 30 1
16 31 2
16 32 2
16 33 2
16 34 3
16 35 1
16 36 1
16 37 2
16 38 3
16 39 2
16 40 1
16 41 1
16 42 2
16 43 2
16 44 2
16 45 2
16 46 2
16 47 1
16 48 1
16 49 2
16 50 1
16 51 3
16 52 3
16 53 2
16 54 2
16 55 2
16 56 1
16 57 2
16 58 1
16 59 3
16 60 1
16 61 2
16 62 1
16 63 1
16 64 2
16 65 1
16 66 2
16 67 1
16 68 2
16 69 2
16 70 2
16 71 2
16 72 2
16 73 2
16 74 3
16 75 3
16 76 2
16 77 3
16 78 2
16 79 3
16 80 3
16 81 2
16 82 2
16 83 2
16 84 3
16 85 2
16 86 3
16 87 2
16 88 2
16 89 3
16 90 3
16 91 1
16 92 2
16 93 3
16 94 1
16 95 1
16 96 1
16 97 1
16 98 2
16 99 2
17 18 4
17 19 2
17 20 4
17 21 3
17 22 2
17 23 2
17 24 4
17 25 2
17 26 2
17 27 2
17 28 2
17 29 3
17 30 1
17 31 4
17 32 2
17 33 4
17 34 4
17 35 3
17 36 2
17 37 2
17 38 4
17 39 2
17 40 2
17 41 2
17 42 3
17 43 2
17 44 3
17 45 2
17 46 3
17 47 2
17 48 2
17 49 4
17 50 1
17 51 3
17 52 5
17 53 3
17 54 4
17 55 1
17 56 1
17 57 1
17 58 2
17 59 5
17 60 1
17 61 4
17 62 1
17 63 2
17 64 3
17 65 1
17 66 4
17 67 2
17 68 2
17 69 4
17 70 3
17 71 1
17 72 1
17 73 3
17 74 5
17 75 4
17 76 4
17 77 3
17 78 4
17 79 5
17 80 4
17 81 1
17 82 3
17 83 4
17 84 5
17 85 3
17 86 3
17 87 1
17 88 2
17 89 4
17 90 4
17 91 3
17 92 3
17 93 2
17 94 2
17 95 2
17 96 2
17 97 2
17 98 2
17 99 4
18 19 2
18 20 1
18 21 1
18 22 4
18 23 2
18 24 4
18 25 4
18 26 4
18 27 2
18 28 4
18 29 1
18 30 3
18 31 1
18 32 3
18 33 2
18 34 1
18 35 2
18 36 3
18 37 4
18 38 4
18 39 4
18 40 3
18 41 2
18 42 1
18 43 4
18 44 4
18 45 3
18 46 2
18 47 2
18 48 3
18 49 3
18 50 3
18 51 5
18 52 4
18 53 1
18 54 2
18 55 4
18 56 3
18 57 3
18 58 2
18 59 4
18 60 3
18 61 2
18 62 3
18 63 3
18 64 3
18 65 3
18 66 1
18 67 2
18 68 3
18 69 2
18 70 1
18 71 3
18 72 3
18 73 3
18 74 4
18 75 4
18 76 1
18 77 5
18 78 2
18 79 4
18 80 2
18 81 3
18 82 3
18 83 2
18 84 4
18 85 1
18 86 5
18 87 4
18 88 4
18 89 4
18 90 1
18 91 2
18 92 3
18 93 5
18 94 2
18 95 3
18 96 3
18 97 2
18 98 4
18 99 2
19 20 2
19 21 1
19 22 3
19 23 1
19 24 4
19 25 3
19 26 3
19 27 1
19 28 3
19 29 2
19 30 1
19 31 2
19 32 3
19 33 2
19 34 2
19 35 2
19 36 2
19 37 3
19 38 4
19 39 3
19 40 2
19 41 2
19 42 1
19 43 3
19 44 3
19 45 2
19 46 2
19 47 1
19 48 2
19 49 3
19 50 2
19 51 4
19 52 4
19 53 1
19 54 2
19 55 2
19 56 2
19 57 2
19 58 1
19 59 4
19 60 2
19 61 3
19 62 2
19 63 2
19 64 3
19 65 2
19 66 2
19 67 1
19 68 1
19 69 2
19 70 1
19 71 2
19 72 2
19 73 3
19 74 4
19 75 4
19 76 2
19 77 4
19 78 2
19 79 4
19 80 2
19 81 2
19 82 3
19 83 3
19 84 4
19 85 2
19 86 4
19 87 3
19 88 3
19 89 4
19 90 2
19 91 2
19 92 3
19 93 4
19 94 1
19 95 2
19 96 2
19 97 1
19 98 3
19 99 3
20 21 1
20 22 4
20 23 2
20 24 4
20 25 4
20 26 4
20 27 2
20 28 4
20 29 1
20 30 3
20 31 1
20 32 3
20 33 1
20 34 1
20 35 1
20 36 3
20 37 4
20 38 3
20 39 4
20 40 3
20 41 2
20 42 2
20 43 4
20 44 4
20 45 3
20 46 1
20 47 2
20 48 3
20 49 2
20 50 3
20 51 5
20 52 3
20 53 2
20 54 1
20 55 4
20 56 3
20 57 3
20 58 2
20 59 3
20 60 3
20 61 2
20 62 3
20 63 3
20 64 3
20 65 3
20 66 1
20 67 2
20 68 3
20 69 1
20 70 1
20 71 3
20 72 3
20 73 2
20 74 3
20 75 3
20 76 1
20 77 5
20 78 1
20 79 3
20 80 1
20 81 3
20 82 2
20 83 1
20 84 3
20 85 1
20 86 5
20 87 4
20 88 4
20 89 3
20 90 1
20 91 2
20 92 3
20 93 5
20 94 2
20 95 3
20 96 3
20 97 2
20 98 4
20 99 2
21 22 4
21 23 1
21 24 3
21 25 3
21 26 3
21 27 2
21 28 3
21 29 1
21 30 2
21 31 1
21 32 3
21 33 1
21 34 1
21 35 1
21 36 2
21 37 3
21 38 3
21 39 3
21 40 3
21 41 2
21 42 1
21 43 4
21 44 4
21 45 3
21 46 1
21 47 2
21 48 3
21 49 2
21 50 3
21 51 4
21 52 3
21 53 1
21 54 1
21 55 3
21 56 3
21 57 3
21 58 2
21 59 3
21 60 3
21 61 2
21 62 2
21 63 2
21 64 2
21 65 3
21 66 1
21 67 1
21 68 2
21 69 1
21 70 1
21 71 3
21 72 3
21 73 2
21 74 3
21 75 3
21 76 1
21 77 4
21 78 1
21 79 3
21 80 1
21 81 3
21 82 2
21 83 2
21 84 3
21 85 1
21 86 4
21 87 3
21 88 3
21 89 3
21 90 1
21 91 1
21 92 2
21 93 4
21 94 2
21 95 2
21 96 2
21 97 2
21 98 3
21 99 2
22 23 3
22 24 3
22 25 1
22 26 1
22 27 3
22 28 1
22 29 4
22 30 3
22 31 4
22 32 1
22 33 4
22 34 4
22 35 3
22 36 2
22 37 1
22 38 3
22 39 1
22 40 1
22 41 2
22 42 4
22 43 1
22 44 1
22 45 4
22 46 3
22 47 3
22 48 1
22 49 3
22 50 2
22 51 1
22 52 4
22 53 4
22 54 4
22 55 3
22 56 2
22 57 3
22 58 3
22 59 4
22 60 2
22 61 3
22 62 2
22 63 2
22 64 3
22 65 2
22 66 4
22 67 3
22 68 4
22 69 4
22 70 4
22 71 3
22 72 3
22 73 2
22 74 4
22 75 3
22 76 4
22 77 1
22 78 3
22 79 4
22 80 4
22 81 3
22 82 2
22 83 3
22 84 4
22 85 3
22 86 1
22 87 1
22 88 1
22 89 3
22 90 4
22 91 3
22 92 2
22 93 1
22 94 3
22 95 2
22 96 2
22 97 2
22 98 1
22 99 3
23 24 3
23 25 3
23 26 2
23 27 1
23 28 2
23 29 2
23 30 1
23 31 2
23 32 2
23 33 2
23 34 2
23 35 1
23 36 2
23 37 3
23 38 3
23 39 3
23 40 2
23 41 1
23 42 1
23 43 3
23 44 3
23 45 2
23 46 2
23 47 1
23 48 2
23 49 3
23 50 2
23 51 3
23 52 4
23 53 1
23 54 2
23 55 2
23 56 2
23 57 2
23 58 1
23 59 4
23 60 2
23 61 2
23 62 1
23 63 2
23 64 2
23 65 2
23 66 2
23 67 1
23 68 2
23 69 2
23 70 1
23 71 2
23 72 2
23 73 2
23 74 4
23 75 3
23 76 2
23 77 3
23 78 2
23 79 4
23 80 2
23 81 2
23 82 2
23 83 2
23 84 4
23 85 1
23 86 4
23 87 2
23 88 3
23 89 3
23 90 2
23 91 2
23 92 2
23 93 3
23 94 1
23 95 2
23 96 2
23 97 1
23 98 2
23 99 2
24 25 3
24 26 3
24 27 4
24 28 3
24 29 4
24 30 4
24 31 4
24 32 2
24 33 3
24 34 4
24 35 3
24 36 2
24 37 2
24 38 1
24 39 3
24 40 3
24 41 2
24 42 4
24 43 4
24 44 3
24 45 5
24 46 3
24 47 3
24 48 3
24 49 2
24 50 3
24 51 4
24 52 1
24 53 4
24 54 3
24 55 4
24 56 3
24 57 5
24 58 4
24 59 1
24 60 4
24 61 2
24 62 3
24 63 2
24 64 1
24 65 4
24 66 4
24 67 4
24 68 5
24 69 3
24 70 4
24 71 4
24 72 4
24 73 2
24 74 1
24 75 1
24 76 4
24 77 3
24 78 3
24 79 1
24 80 3
24 81 5
24 82 2
24 83 3
24 84 1
24 85 3
24 86 4
24 87 3
24 88 3
24 89 1
24 90 4
24 91 2
24 92 1
24 93 4
24 94 4
24 95 2
24 96 3
24 97 3
24 98 3
24 99 2
25 26 1
25 27 3
25 28 1
25 29 4
25 30 3
25 31 4
25 32 1
25 33 3
25 34 4
25 35 3
25 36 1
25 37 1
25 38 3
25 39 1
25 40 1
25 41 2
25 42 4
25 43 1
25 44 1
25 45 4
25 46 3
25 47 3
25 48 1
25 49 3
25 50 2
25 51 2
25 52 4
25 53 4
25 54 3
25 55 3
25 56 2
25 57 3
25 58 3
25 59 4
25 60 2
25 61 3
25 62 2
25 63 1
25 64 2
25 65 2
25 66 4
25 67 3
25 68 4
25 69 3
25 70 4
25 71 3
25 72 3
25 73 2
25 74 4
25 75 3
25 76 4
25 77 1
25 78 3
25 79 4
25 80 4
25 81 3
25 82 2
25 83 3
25 84 4
25 85 3
25 86 2
25 87 1
25 88 1
25 89 3
25 90 4
25 91 2
25 92 2
25 93 2
25 94 3
25 95 1
25 96 2
25 97 2
25 98 1
25 99 3
26 27 3
26 28 1
26 29 4
26 30 2
26 31 4
26 32 1
26 33 3
26 34 4
26 35 3
26 36 1
26 37 1
26 38 3
26 39 1
26 40 1
26 41 2
26 42 3
26 43 1
26 44 1
26 45 3
26 46 3
26 47 2
26 48 1
26 49 3
26 50 1
26 51 2
26 52 4
26 53 3
26 54 3
26 55 2
26 56 1
26 57 3
26 58 3
26 59 4
26 60 1
26 61 3
26 62 1
26 63 1
26 64 2
26 65 2
26 66 4
26 67 3
26 68 3
26 69 3
26 70 3
26 71 2
26 72 2
26 73 2
26 74 4
26 75 3
26 76 4
26 77 2
26 78 3
26 79 4
26 80 4
26 81 3
26 82 2
26 83 3
26 84 4
26 85 3
26 86 2
26 87 1
26 88 1
26 89 3
26 90 4
26 91 2
26 92 2
26 93 2
26 94 3
26 95 1
26 96 1
26 97 2
26 98 1
26 99 3
27 28 3
27 29 2
27 30 1
27 31 2
27 32 3
27 33 3
27 34 2
27 35 2
27 36 2
27 37 3
27 38 4
27 39 3
27 40 2
27 41 2
27 42 1
27 43 3
27 44 3
27 45 2
27 46 2
27 47 1
27 48 2
27 49 3
27 50 2
27 51 4
27 52 4
27 53 1
27 54 3
27 55 2
27 56 2
27 57 2
27 58 1
27 59 4
27 60 2
27 61 3
27 62 2
27 63 2
27 64 3
27 65 2
27 66 2
27 67 1
27 68 1
27 69 3
27 70 2
27 71 2
27 72 2
27 73 3
27 74 4
27 75 4
27 76 2
27 77 4
27 78 3
27 79 4
27 80 3
27 81 2
27 82 3
27 83 3
27 84 4
27 85 2
27 86 4
27 87 3
27 88 3
27 89 4
27 90 3
27 91 2
27 92 3
27 93 4
27 94 1
27 95 2
27 96 2
27 97 1
27 98 3
27 99 3
28 29 4
28 30 2
28 31 4
28 32 1
28 33 3
28 34 4
28 35 3
28 36 1
28 37 1
28 38 3
28 39 1
28 40 1
28 41 2
28 42 3
28 43 1
28 44 1
28 45 3
28 46 3
28 47 2
28 48 1
28 49 3
28 50 1
28 51 1
28 52 4
28 53 3
28 54 4
28 55 2
28 56 1
28 57 3
28 58 3
28 59 4
28 60 1
28 61 3
28 62 1
28 63 2
28 64 2
28 65 2
28 66 4
28 67 3
28 68 3
28 69 3
28 70 3
28 71 2
28 72 2
28 73 2
28 74 4
28 75 3
28 76 4
28 77 2
28 78 3
28 79 4
28 80 4
28 81 3
28 82 2
28 83 3
28 84 4
28 85 3
28 86 2
28 87 1
28 88 1
28 89 3
28 90 4
28 91 2
28 92 2
28 93 1
28 94 3
28 95 1
28 96 1
28 97 2
28 98 1
28 99 3
29 30 2
29 31 1
29 32 3
29 33 2
29 34 1
29 35 2
29 36 3
29 37 4
29 38 4
29 39 4
29 40 3
29 41 2
29 42 1
29 43 4
29 44 4
29 45 3
29 46 2
29 47 2
29 48 3
29 49 3
29 50 3
29 51 5
29 52 4
29 53 1
29 54 2
29 55 3
29 56 3
29 57 3
29 58 2
29 59 4
29 60 3
29 61 2
29 62 3
29 63 3
29 64 3
29 65 3
29 66 1
29 67 1
29 68 3
29 69 2
29 70 1
29 71 3
29 72 3
29 73 3
29 74 4
29 75 4
29 76 1
29 77 5
29 78 2
29 79 4
29 80 2
29 81 3
29 82 3
29 83 2
29 84 4
29 85 1
29 86 5
29 87 4
29 88 4
29 89 4
29 90 1
29 91 2
29 92 3
29 93 5
29 94 2
29 95 3
29 96 3
29 97 2
29 98 4
29 99 2
30 31 3
30 32 2
30 33 3
30 34 3
30 35 2
30 36 2
30 37 2
30 38 4
30 39 3
30 40 2
30 41 2
30 42 2
30 43 2
30 44 3
30 45 1
30 46 3
30 47 1
30 48 2
30 49 3
30 50 1
30 51 3
30 52 4
30 53 2
30 54 3
30 55 1
30 56 1
30 57 1
30 58 1
30 59 4
30 60 1
30 61 3
30 62 1
30 63 2
30 64 3
30 65 1
30 66 3
30 67 1
30 68 1
30 69 3
30 70 2
30 71 1
30 72 1
30 73 3
30 74 4
30 75 4
30 76 3
30 77 3
30 78 3
30 79 4
30 80 3
30 81 1
30 82 3
30 83 3
30 84 4
30 85 2
30 86 4
30 87 2
30 88 3
30 89 4
30 90 3
30 91 2
30 92 3
30 93 3
30 94 1
30 95 2
30 96 1
30 97 1
30 98 2
30 99 3
31 32 3
31 33 2
31 34 1
31 35 1
31 36 3
31 37 4
31 38 3
31 39 4
31 40 3
31 41 2
31 42 1
31 43 4
31 44 4
31 45 3
31 46 2
31 47 2
31 48 3
31 49 3
31 50 3
31 51 5
31 52 4
31 53 1
31 54 1
31 55 4
31 56 3
31 57 3
31 58 2
31 59 4
31 60 3
31 61 2
31 62 3
31 63 3
31 64 3
31 65 3
31 66 1
31 67 2
31 68 3
31 69 1
31 70 1
31 71 3
31 72 3
31 73 2
31 74 4
31 75 4
31 76 1
31 77 5
31 78 2
31 79 4
31 80 1
31 81 3
31 82 2
31 83 2
31 84 4
31 85 1
31 86 5
31 87 4
31 88 4
31 89 4
31 90 1
31 91 2
31 92 3
31 93 5
31 94 2
31 95 3
31 96 3
31 97 2
31 98 4
31 99 2
32 33 3
32 34 3
32 35 2
32 36 1
32 37 1
32 38 2
32 39 1
32 40 1
32 41 1
32 42 3
32 43 2
32 44 1
32 45 3
32 46 2
32 47 2
32 48 1
32 49 2
32 50 1
32 51 2
32 52 3
32 53 3
32 54 3
32 55 3
32 56 2
32 57 3
32 58 3
32 59 3
32 60 2
32 61 2
32 62 1
32 63 1
32 64 2
32 65 2
32 66 3
32 67 3
32 68 3
32 69 3
32 70 3
32 71 3
32 72 2
32 73 1
32 74 3
32 75 2
32 76 3
32 77 2
32 78 2
32 79 3
32 80 3
32 81 3
32 82 1
32 83 2
32 84 3
32 85 2
32 86 2
32 87 1
32 88 1
32 89 2
32 90 3
32 91 2
32 92 1
32 93 2
32 94 3
32 95 1
32 96 1
32 97 2
32 98 1
32 99 2
33 34 2
33 35 1
33 36 2
33 37 3
33 38 3
33 39 3
33 40 3
33 41 2
33 42 2
33 43 4
33 44 4
33 45 4
33 46 1
33 47 3
33 48 3
33 49 2
33 50 3
33 51 4
33 52 3
33 53 2
33 54 1
33 55 4
33 56 3
33 57 4
33 58 3
33 59 3
33 60 3
33 61 1
33 62 3
33 63 2
33 64 2
33 65 3
33 66 2
33 67 2
33 68 3
33 69 1
33 70 2
33 71 4
33 72 4
33 73 2
33 74 3
33 75 3
33 76 1
33 77 4
33 78 1
33 79 3
33 80 1
33 81 4
33 82 2
33 83 1
33 84 3
33 85 1
33 86 4
33 87 3
33 88 3
33 89 3
33 90 1
33 91 1
33 92 2
33 93 4
33 94 3
33 95 2
33 96 2
33 97 2
33 98 3
33 99 1
34 35 2
34 36 3
34 37 4
34 38 4
34 39 4
34 40 4
34 41 2
34 42 1
34 43 4
34 44 4
34 45 3
34 46 2
34 47 2
34 48 4
34 49 3
34 50 3
34 51 5
34 52 4
34 53 1
34 54 2
34 55 4
34 56 3
34 57 3
34 58 2
34 59 4
34 60 3
34 61 2
34 62 3
34 63 3
34 64 3
34 65 3
34 66 1
34 67 2
34 68 3
34 69 2
34 70 1
34 71 3
34 72 3
34 73 3
34 74 4
34 75 4
34 76 1
34 77 5
34 78 2
34 79 4
34 80 2
34 81 3
34 82 3
34 83 2
34 84 4
34 85 1
34 86 5
34 87 4
34 88 4
34 89 4
34 90 1
34 91 2
34 92 3
34 93 5
34 94 2
34 95 3
34 96 3
34 97 3
34 98 4
34 99 2
35 36 2
35 37 3
35 38 2
35 39 3
35 40 2
35 41 1
35 42 2
35 43 3
35 44 3
35 45 3
35 46 1
35 47 2
35 48 2
35 49 2
35 50 2
35 51 4
35 52 3
35 53 1
35 54 1
35 55 3
35 56 2
35 57 3
35 58 2
35 59 3
35 60 2
35 61 1
35 62 2
35 63 2
35 64 2
35 65 2
35 66 1
35 67 2
35 68 3
35 69 1
35 70 1
35 71 3
35 72 3
35 73 1
35 74 3
35 75 3
35 76 1
35 77 4
35 78 1
35 79 3
35 80 2
35 81 3
35 82 1
35 83 1
35 84 3
35 85 1
35 86 4
35 87 3
35 88 3
35 89 3
35 90 2
35 91 1
35 92 2
35 93 4
35 94 2
35 95 2
35 96 2
35 97 1
35 98 3
35 99 1
36 37 1
36 38 2
36 39 1
36 40 1
36 41 1
36 42 3
36 43 2
36 44 2
36 45 3
36 46 2
36 47 2
36 48 1
36 49 2
36 50 1
36 51 2
36 52 3
36 53 3
36 54 3
36 55 3
36 56 2
36 57 3
36 58 2
36 59 3
36 60 2
36 61 2
36 62 1
36 63 1
36 64 1
36 65 2
36 66 3
36 67 2
36 68 3
36 69 2
36 70 3
36 71 3
36 72 2
36 73 1
36 74 3
36 75 2
36 76 3
36 77 2
36 78 2
36 79 3
36 80 3
36 81 3
36 82 1
36 83 2
36 84 3
36 85 2
36 86 2
36 87 1
36 88 1
36 89 2
36 90 3
36 91 1
36 92 1
36 93 2
36 94 2
36 95 1
36 96 1
36 97 2
36 98 1
36 99 2
37 38 2
37 39 1
37 40 1
37 41 2
37 42 3
37 43 2
37 44 1
37 45 3
37 46 3
37 47 2
37 48 1
37 49 2
37 50 2
37 51 2
37 52 3
37 53 3
37 54 3
37 55 3
37 56 2
37 57 3
37 58 3
37 59 3
37 60 2
37 61 3
37 62 2
37 63 1
37 64 2
37 65 2
37 66 4
37 67 3
37 68 3
37 69 3
37 70 3
37 71 3
37 72 3
37 73 2
37 74 3
37 75 2
37 76 4
37 77 1
37 78 3
37 79 3
37 80 4
37 81 3
37 82 2
37 83 3
37 84 3
37 85 3
37 86 2
37 87 1
37 88 1
37 89 2
37 90 4
37 91 2
37 92 1
37 93 2
37 94 3
37 95 1
37 96 1
37 97 2
37 98 1
37 99 3
38 39 3
38 40 3
38 41 2
38 42 4
38 43 4
38 44 3
38 45 5
38 46 2
38 47 3
38 48 3
38 49 1
38 50 3
38 51 4
38 52 1
38 53 3
38 54 3
38 55 4
38 56 3
38 57 5
38 58 4
38 59 1
38 60 4
38 61 2
38 62 3
38 63 2
38 64 1
38 65 4
38 66 3
38 67 4
38 68 5
38 69 3
38 70 3
38 71 4
38 72 4
38 73 1
38 74 1
38 75 1
38 76 3
38 77 3
38 78 2
38 79 1
38 80 3
38 81 5
38 82 1
38 83 2
38 84 1
38 85 3
38 86 4
38 87 3
38 88 3
38 89 1
38 90 3
38 91 2
38 92 1
38 93 4
38 94 4
38 95 2
38 96 3
38 97 3
38 98 3
38 99 2
39 40 1
39 41 2
39 42 4
39 43 1
39 44 1
39 45 4
39 46 3
39 47 3
39 48 1
39 49 3
39 50 2
39 51 1
39 52 4
39 53 4
39 54 4
39 55 3
39 56 2
39 57 3
39 58 3
39 59 4
39 60 2
39 61 3
39 62 2
39 63 2
39 64 2
39 65 2
39 66 4
39 67 3
39 68 4
39 69 3
39 70 4
39 71 3
39 72 3
39 73 2
39 74 4
39 75 3
39 76 4
39 77 1
39 78 3
39 79 4
39 80 4
39 81 3
39 82 2
39 83 3
39 84 4
39 85 3
39 86 1
39 87 1
39 88 1
39 89 3
39 90 4
39 91 2
39 92 2
39 93 1
39 94 3
39 95 1
39 96 2
39 97 2
39 98 1
39 99 3
40 41 2
40 42 3
40 43 1
40 44 1
40 45 3
40 46 3
40 47 2
40 48 1
40 49 3
40 50 1
40 51 2
40 52 4
40 53 3
40 54 3
40 55 2
40 56 1
40 57 2
40 58 2
40 59 4
40 60 1
40 61 3
40 62 1
40 63 1
40 64 2
40 65 1
40 66 3
40 67 2
40 68 3
40 69 3
40 70 3
40 71 2
40 72 2
40 73 2
40 74 4
40 75 3
40 76 3
40 77 2
40 78 3
40 79 4
40 80 4
40 81 2
40 82 2
40 83 3
40 84 4
40 85 3
40 86 2
40 87 1
40 88 1
40 89 3
40 90 4
40 91 2
40 92 2
40 93 2
40 94 2
40 95 1
40 96 1
40 97 2
40 98 1
40 99 3
41 42 2
41 43 3
41 44 2
41 45 3
41 46 1
41 47 1
41 48 2
41 49 2
41 50 2
41 51 3
41 52 3
41 53 2
41 54 2
41 55 3
41 56 2
41 57 3
41 58 2
41 59 3
41 60 2
41 61 2
41 62 1
41 63 1
41 64 1
41 65 2
41 66 2
41 67 2
41 68 3
41 69 2
41 70 2
41 71 3
41 72 2
41 73 1
41 74 3
41 75 2
41 76 2
41 77 3
41 78 2
41 79 3
41 80 2
41 81 3
41 82 1
41 83 2
41 84 3
41 85 1
41 86 3
41 87 2
41 88 2
41 89 2
41 90 2
41 91 1
41 92 1
41 93 3
41 94 2
41 95 1
41 96 1
41 97 1
41 98 2
41 99 2
42 43 3
42 44 4
42 45 2
42 46 2
42 47 1
42 48 3
42 49 3
42 50 2
42 51 4
42 52 4
42 53 1
42 54 2
42 55 3
42 56 2
42 57 2
42 58 1
42 59 4
42 60 2
42 61 3
42 62 2
42 63 3
42 64 3
42 65 2
42 66 1
42 67 1
42 68 2
42 69 2
42 70 1
42 71 2
42 72 2
42 73 3
42 74 4
42 75 4
42 76 2
42 77 4
42 78 2
42 79 4
42 80 2
42 81 2
42 82 3
42 83 3
42 84 4
42 85 2
42 86 5
42 87 3
42 88 4
42 89 4
42 90 2
42 91 2
42 92 3
42 93 4
42 94 1
42 95 3
42 96 2
42 97 2
42 98 3
42 99 3
43 44 2
43 45 3
43 46 4
43 47 2
43 48 1
43 49 4
43 50 1
43 51 1
43 52 5
43 53 3
43 54 4
43 55 2
43 56 1
43 57 3
43 58 3
43 59 5
43 60 1
43 61 4
43 62 2
43 63 2
43 64 3
43 65 2
43 66 4
43 67 3
43 68 3
43 69 4
43 70 4
43 71 2
43 72 2
43 73 3
43 74 5
43 75 4
43 76 4
43 77 2
43 78 4
43 79 5
43 80 5
43 81 3
43 82 3
43 83 4
43 84 5
43 85 4
43 86 2
43 87 1
43 88 2
43 89 4
43 90 5
43 91 3
43 92 3
43 93 1
43 94 3
43 95 2
43 96 2
43 97 2
43 98 1
43 99 4
44 45 4
44 46 3
44 47 3
44 48 2
44 49 3
44 50 2
44 51 1
44 52 4
44 53 4
44 54 4
44 55 3
44 56 2
44 57 3
44 58 3
44 59 4
44 60 2
44 61 3
44 62 2
44 63 2
44 64 3
44 65 2
44 66 4
44 67 3
44 68 4
44 69 4
44 70 4
44 71 3
44 72 3
44 73 2
44 74 4
44 75 3
44 76 4
44 77 1
44 78 3
44 79 4
44 80 4
44 81 3
44 82 2
44 83 3
44 84 4
44 85 3
44 86 1
44 87 2
44 88 1
44 89 3
44 90 4
44 91 3
44 92 2
44 93 2
44 94 3
44 95 2
44 96 2
44 97 3
44 98 1
44 99 3
45 46 3
45 47 2
45 48 3
45 49 4
45 50 2
45 51 4
45 52 5
45 53 2
45 54 4
45 55 2
45 56 2
45 57 1
45 58 2
45 59 5
45 60 2
45 61 4
45 62 2
45 63 3
45 64 4
45 65 2
45 66 3
45 67 2
45 68 1
45 69 4
45 70 3
45 71 1
45 72 1
45 73 4
45 74 5
45 75 5
45 76 3
45 77 4
45 78 4
45 79 5
45 80 4
45 81 1
45 82 4
45 83 4
45 84 5
45 85 3
45 86 4
45 87 3
45 88 4
45 89 5
45 90 4
45 91 3
45 92 4
45 93 3
45 94 1
45 95 3
45 96 2
45 97 2
45 98 3
45 99 4
46 47 2
46 48 3
46 49 2
46 50 3
46 51 4
46 52 3
46 53 2
46 54 1
46 55 4
46 56 3
46 57 3
46 58 2
46 59 3
46 60 3
46 61 1
46 62 2
46 63 2
46 64 2
46 65 3
46 66 2
46 67 2
46 68 3
46 69 1
46 70 1
46 71 3
46 72 3
46 73 1
46 74 3
46 75 3
46 76 1
46 77 4
46 78 1
46 79 3
46 80 1
46 81 3
46 82 1
46 83 1
46 84 3
46 85 1
46 86 4
46 87 3
46 88 3
46 89 3
46 90 1
46 91 1
46 92 2
46 93 4
46 94 2
46 95 2
46 96 2
46 97 2
46 98 3
46 99 1
47 48 2
47 49 3
47 50 1
47 51 3
47 52 4
47 53 1
47 54 3
47 55 2
47 56 1
47 57 2
47 58 1
47 59 4
47 60 1
47 61 3
47 62 1
47 63 2
47 64 2
47 65 1
47 66 2
47 67 1
47 68 2
47 69 3
47 70 2
47 71 2
47 72 1
47 73 2
47 74 4
47 75 3
47 76 2
47 77 3
47 78 3
47 79 4
47 80 3
47 81 2
47 82 2
47 83 3
47 84 4
47 85 2
47 86 4
47 87 2
47 88 3
47 89 3
47 90 3
47 91 2
47 92 2
47 93 3
47 94 1
47 95 2
47 96 1
47 97 1
47 98 2
47 99 3
48 49 3
48 50 1
48 51 2
48 52 4
48 53 3
48 54 3
48 55 2
48 56 1
48 57 2
48 58 2
48 59 4
48 60 1
48 61 3
48 62 1
48 63 1
48 64 2
48 65 1
48 66 3
48 67 2
48 68 3
48 69 3
48 70 3
48 71 2
48 72 2
48 73 2
48 74 4
48 75 3
48 76 3
48 77 2
48 78 3
48 79 4
48 80 4
48 81 2
48 82 2
48 83 3
48 84 4
48 85 3
48 86 2
48 87 1
48 88 1
48 89 3
48 90 4
48 91 2
48 92 2
48 93 2
48 94 2
48 95 1
48 96 1
48 97 1
48 98 1
48 99 3
49 50 3
49 51 4
49 52 1
49 53 3
49 54 2
49 55 4
49 56 3
49 57 4
49 58 3
49 59 1
49 60 3
49 61 1
49 62 3
49 63 2
49 64 1
49 65 3
49 66 3
49 67 3
49 68 4
49 69 2
49 70 3
49 71 4
49 72 4
49 73 1
49 74 1
49 75 1
49 76 2
49 77 3
49 78 1
49 79 1
49 80 2
49 81 4
49 82 1
49 83 1
49 84 1
49 85 2
49 86 4
49 87 3
49 88 3
49 89 1
49 90 2
49 91 1
49 92 1
49 93 4
49 94 3
49 95 2
49 96 2
49 97 2
49 98 3
49 99 1
50 51 2
50 52 4
50 53 2
50 54 3
50 55 2
50 56 1
50 57 2
50 58 2
50 59 4
50 60 1
50 61 3
50 62 1
50 63 1
50 64 2
50 65 1
50 66 3
50 67 2
50 68 2
50 69 3
50 70 3
50 71 2
50 72 1
50 73 2
50 74 4
50 75 3
50 76 3
50 77 2
50 78 3
50 79 4
50 80 4
50 81 2
50 82 2
50 83 3
50 84 4
50 85 3
50 86 3
50 87 1
50 88 2
50 89 3
50 90 4
50 91 2
50 92 2
50 93 2
50 94 2
50 95 1
50 96 1
50 97 1
50 98 1
50 99 3
51 52 5
51 53 4
51 54 5
51 55 3
51 56 2
51 57 4
51 58 4
51 59 5
51 60 2
51 61 4
51 62 2
51 63 3
51 64 3
51 65 3
51 66 5
51 67 4
51 68 4
51 69 4
51 70 4
51 71 3
51 72 3
51 73 3
51 74 5
51 75 4
51 76 5
51 77 1
51 78 4
51 79 5
51 80 5
51 81 4
51 82 3
51 83 4
51 84 5
51 85 4
51 86 1
51 87 2
51 88 2
51 89 4
51 90 5
51 91 3
51 92 3
51 93 1
51 94 4
51 95 2
51 96 2
51 97 3
51 98 1
51 99 4
52 53 4
52 54 3
52 55 5
52 56 4
52 57 5
52 58 4
52 59 1
52 60 4
52 61 2
52 62 4
52 63 3
52 64 2
52 65 4
52 66 4
52 67 4
52 68 5
52 69 3
52 70 4
52 71 5
52 72 5
52 73 2
52 74 1
52 75 1
52 76 3
52 77 4
52 78 2
52 79 1
52 80 3
52 81 5
52 82 2
52 83 2
52 84 1
52 85 3
52 86 5
52 87 4
52 88 4
52 89 1
52 90 3
52 91 2
52 92 2
52 93 5
52 94 4
52 95 3
52 96 3
52 97 3
52 98 4
52 99 2
53 54 2
53 55 3
53 56 2
53 57 2
53 58 1
53 59 4
53 60 2
53 61 2
53 62 2
53 63 3
53 64 3
53 65 2
53 66 1
53 67 1
53 68 2
53 69 2
53 70 1
53 71 2
53 72 2
53 73 2
53 74 4
53 75 4
53 76 1
53 77 4
53 78 2
53 79 4
53 80 2
53 81 2
53 82 2
53 83 2
53 84 4
53 85 1
53 86 5
53 87 3
53 88 4
53 89 4
53 90 2
53 91 2
53 92 3
53 93 4
53 94 1
53 95 3
53 96 2
53 97 2
53 98 3
53 99 2
54 55 4
54 56 3
54 57 4
54 58 3
54 59 3
54 60 3
54 61 1
54 62 3
54 63 2
54 64 2
54 65 3
54 66 1
54 67 2
54 68 3
54 69 1
54 70 1
54 71 4
54 72 4
54 73 2
54 74 3
54 75 3
54 76 1
54 77 4
54 78 1
54 79 3
54 80 1
54 81 4
54 82 2
54 83 1
54 84 3
54 85 1
54 86 5
54 87 3
54 88 3
54 89 3
54 90 1
54 91 2
54 92 2
54 93 4
54 94 3
54 95 3
54 96 3
54 97 2
54 98 4
54 99 1
55 56 1
55 57 1
55 58 2
55 59 5
55 60 1
55 61 4
55 62 2
55 63 3
55 64 4
55 65 1
55 66 4
55 67 2
55 68 2
55 69 4
55 70 3
55 71 1
55 72 1
55 73 3
55 74 5
55 75 4
55 76 4
55 77 3
55 78 4
55 79 5
55 80 4
55 81 1
55 82 3
55 83 4
55 84 5
55 85 3
55 86 3
55 87 2
55 88 3
55 89 4
55 90 4
55 91 3
55 92 3
55 93 2
55 94 2
55 95 2
55 96 2
55 97 2
55 98 2
55 99 4
56 57 2
56 58 2
56 59 4
56 60 1
56 61 3
56 62 1
56 63 2
56 64 3
56 65 1
56 66 3
56 67 2
56 68 2
56 69 3
56 70 3
56 71 1
56 72 1
56 73 2
56 74 4
56 75 3
56 76 3
56 77 2
56 78 3
56 79 4
56 80 4
56 81 2
56 82 2
56 83 3
56 84 4
56 85 3
56 86 3
56 87 1
56 88 2
56 89 3
56 90 4
56 91 2
56 92 2
56 93 2
56 94 2
56 95 1
56 96 1
56 97 1
56 98 1
56 99 3
57 58 2
57 59 5
57 60 2
57 61 4
57 62 2
57 63 3
57 64 4
57 65 1
57 66 3
57 67 2
57 68 1
57 69 4
57 70 3
57 71 1
57 72 1
57 73 4
57 74 5
57 75 5
57 76 3
57 77 4
57 78 4
57 79 5
57 80 4
57 81 1
57 82 4
57 83 4
57 84 5
57 85 3
57 86 4
57 87 2
57 88 3
57 89 5
57 90 4
57 91 3
57 92 4
57 93 3
57 94 1
57 95 3
57 96 2
57 97 2
57 98 3
57 99 4
58 59 4
58 60 2
58 61 3
58 62 2
58 63 2
58 64 3
58 65 2
58 66 2
58 67 1
58 68 1
58 69 3
58 70 2
58 71 2
58 72 2
58 73 3
58 74 4
58 75 4
58 76 2
58 77 4
58 78 3
58 79 4
58 80 3
58 81 1
58 82 3
58 83 3
58 84 4
58 85 2
58 86 4
58 87 3
58 88 3
58 89 4
58 90 3
58 91 2
58 92 3
58 93 4
58 94 1
58 95 2
58 96 2
58 97 1
58 98 3
58 99 3
59 60 4
59 61 2
59 62 4
59 63 3
59 64 2
59 65 4
59 66 4
59 67 4
59 68 5
59 69 3
59 70 4
59 71 5
59 72 5
59 73 2
59 74 1
59 75 1
59 76 3
59 77 4
59 78 2
59 79 1
59 80 3
59 81 5
59 82 2
59 83 2
59 84 1
59 85 3
59 86 5
59 87 4
59 88 4
59 89 1
59 90 3
59 91 2
59 92 2
59 93 5
59 94 4
59 95 3
59 96 3
59 97 3
59 98 4
59 99 2
60 61 3
60 62 1
60 63 2
60 64 3
60 65 1
60 66 3
60 67 2
60 68 2
60 69 3
60 70 3
60 71 1
60 72 1
60 73 3
60 74 4
60 75 4
60 76 3
60 77 2
60 78 3
60 79 4
60 80 4
60 81 2
60 82 3
60 83 3
60 84 4
60 85 3
60 86 3
60 87 1
60 88 2
60 89 4
60 90 4
60 91 2
60 92 3
60 93 2
60 94 2
60 95 2
60 96 1
60 97 1
60 98 1
60 99 3
61 62 3
61 63 2
61 64 1
61 65 3
61 66 2
61 67 3
61 68 4
61 69 1
61 70 2
61 71 4
61 72 4
61 73 1
61 74 2
61 75 2
61 76 2
61 77 4
61 78 1
61 79 2
61 80 1
61 81 4
61 82 1
61 83 1
61 84 2
61 85 1
61 86 4
61 87 3
61 88 3
61 89 2
61 90 2
61 91 1
61 92 2
61 93 4
61 94 3
61 95 2
61 96 2
61 97 2
61 98 3
61 99 1
62 63 1
62 64 2
62 65 1
62 66 3
62 67 2
62 68 2
62 69 3
62 70 2
62 71 2
62 72 1
62 73 2
62 74 4
62 75 3
62 76 3
62 77 2
62 78 3
62 79 4
62 80 3
62 81 2
62 82 2
62 83 3
62 84 4
62 85 2
62 86 3
62 87 1
62 88 2
62 89 3
62 90 3
62 91 2
62 92 2
62 93 2
62 94 2
62 95 1
62 96 1
62 97 1
62 98 1
62 99 3
63 64 1
63 65 2
63 66 3
63 67 2
63 68 3
63 69 2
63 70 3
63 71 3
63 72 2
63 73 1
63 74 3
63 75 2
63 76 3
63 77 2
63 78 2
63 79 3
63 80 3
63 81 3
63 82 1
63 83 2
63 84 3
63 85 2
63 86 3
63 87 1
63 88 1
63 89 2
63 90 3
63 91 1
63 92 1
63 93 2
63 94 2
63 95 1
63 96 1
63 97 1
63 98 2
63 99 2
64 65 3
64 66 3
64 67 3
64 68 4
64 69 2
64 70 3
64 71 4
64 72 3
64 73 1
64 74 2
64 75 1
64 76 3
64 77 3
64 78 2
64 79 2
64 80 2
64 81 4
64 82 1
64 83 2
64 84 2
64 85 2
64 86 3
64 87 2
64 88 2
64 89 1
64 90 3
64 91 1
64 92 1
64 93 3
64 94 3
64 95 2
64 96 2
64 97 2
64 98 2
64 99 1
65 66 3
65 67 2
65 68 2
65 69 3
65 70 3
65 71 1
65 72 1
65 73 3
65 74 4
65 75 4
65 76 3
65 77 3
65 78 3
65 79 4
65 80 4
65 81 1
65 82 3
65 83 3
65 84 4
65 85 3
65 86 3
65 87 1
65 88 2
65 89 4
65 90 4
65 91 2
65 92 3
65 93 2
65 94 1
65 95 2
65 96 1
65 97 1
65 98 2
65 99 3
66 67 2
66 68 3
66 69 1
66 70 1
66 71 3
66 72 3
66 73 2
66 74 4
66 75 4
66 76 1
66 77 5
66 78 2
66 79 4
66 80 1
66 81 3
66 82 2
66 83 2
66 84 4
66 85 1
66 86 5
66 87 4
66 88 4
66 89 4
66 90 1
66 91 2
66 92 3
66 93 5
66 94 2
66 95 3
66 96 3
66 97 2
66 98 4
66 99 2
67 68 2
67 69 2
67 70 1
67 71 2
67 72 2
67 73 3
67 74 4
67 75 4
67 76 2
67 77 4
67 78 2
67 79 4
67 80 2
67 81 2
67 82 3
67 83 3
67 84 4
67 85 2
67 86 4
67 87 3
67 88 3
67 89 4
67 90 2
67 91 2
67 92 3
67 93 4
67 94 1
67 95 2
67 96 2
67 97 1
67 98 3
67 99 3
68 69 3
68 70 2
68 71 1
68 72 1
68 73 4
68 74 5
68 75 5
68 76 3
68 77 4
68 78 3
68 79 5
68 80 3
68 81 1
68 82 4
68 83 4
68 84 5
68 85 3
68 86 4
68 87 3
68 88 4
68 89 5
68 90 3
68 91 3
68 92 4
68 93 3
68 94 1
68 95 3
68 96 2
68 97 2
68 98 3
68 99 4
69 70 1
69 71 4
69 72 4
69 73 2
69 74 3
69 75 3
69 76 1
69 77 4
69 78 1
69 79 3
69 80 1
69 81 4
69 82 2
69 83 1
69 84 3
69 85 1
69 86 4
69 87 3
69 88 3
69 89 3
69 90 1
69 91 1
69 92 2
69 93 4
69 94 3
69 95 2
69 96 2
69 97 2
69 98 3
69 99 1
70 71 3
70 72 3
70 73 2
70 74 4
70 75 4
70 76 1
70 77 4
70 78 2
70 79 4
70 80 1
70 81 3
70 82 2
70 83 2
70 84 4
70 85 1
70 86 5
70 87 3
70 88 4
70 89 4
70 90 1
70 91 2
70 92 3
70 93 4
70 94 2
70 95 3
70 96 2
70 97 2
70 98 3
70 99 2
71 72 1
71 73 3
71 74 5
71 75 4
71 76 3
71 77 3
71 78 4
71 79 5
71 80 4
71 81 1
71 82 3
71 83 4
71 84 5
71 85 3
71 86 3
71 87 2
71 88 3
71 89 4
71 90 4
71 91 3
71 92 3
71 93 2
71 94 1
71 95 2
71 96 2
71 97 2
71 98 2
71 99 4
72 73 3
72 74 5
72 75 4
72 76 3
72 77 3
72 78 4
72 79 5
72 80 4
72 81 1
72 82 3
72 83 4
72 84 5
72 85 3
72 86 3
72 87 2
72 88 3
72 89 4
72 90 4
72 91 3
72 92 3
72 93 2
72 94 1
72 95 2
72 96 2
72 97 2
72 98 2
72 99 4
73 74 2
73 75 2
73 76 2
73 77 3
73 78 2
73 79 2
73 80 2
73 81 4
73 82 1
73 83 2
73 84 2
73 85 2
73 86 3
73 87 2
73 88 2
73 89 2
73 90 2
73 91 1
73 92 1
73 93 3
73 94 3
73 95 1
73 96 2
73 97 2
73 98 2
73 99 1
74 75 1
74 76 3
74 77 4
74 78 2
74 79 1
74 80 3
74 81 5
74 82 2
74 83 2
74 84 1
74 85 3
74 86 5
74 87 4
74 88 4
74 89 1
74 90 3
74 91 2
74 92 2
74 93 5
74 94 4
74 95 3
74 96 3
74 97 3
74 98 4
74 99 2
75 76 3
75 77 3
75 78 2
75 79 1
75 80 3
75 81 5
75 82 2
75 83 2
75 84 1
75 85 3
75 86 4
75 87 3
75 88 3
75 89 1
75 90 3
75 91 2
75 92 1
75 93 4
75 94 4
75 95 2
75 96 3
75 97 3
75 98 3
75 99 2
76 77 5
76 78 1
76 79 3
76 80 1
76 81 3
76 82 2
76 83 1
76 84 3
76 85 1
76 86 5
76 87 4
76 88 4
76 89 3
76 90 1
76 91 2
76 92 3
76 93 5
76 94 2
76 95 3
76 96 3
76 97 2
76 98 4
76 99 2
77 78 4
77 79 4
77 80 5
77 81 4
77 82 3
77 83 4
77 84 4
77 85 4
77 86 1
77 87 2
77 88 1
77 89 3
77 90 5
77 91 3
77 92 2
77 93 1
77 94 4
77 95 2
77 96 2
77 97 3
77 98 1
77 99 4
78 79 2
78 80 1
78 81 4
78 82 1
78 83 1
78 84 2
78 85 1
78 86 4
78 87 3
78 88 3
78 89 2
78 90 1
78 91 1
78 92 2
78 93 4
78 94 3
78 95 2
78 96 2
78 97 2
78 98 3
78 99 1
79 80 3
79 81 5
79 82 2
79 83 2
79 84 1
79 85 3
79 86 5
79 87 4
79 88 4
79 89 1
79 90 3
79 91 2
79 92 2
79 93 5
79 94 4
79 95 3
79 96 3
79 97 3
79 98 4
79 99 2
80 81 4
80 82 2
80 83 1
80 84 3
80 85 1
80 86 5
80 87 4
80 88 4
80 89 3
80 90 1
80 91 2
80 92 3
80 93 5
80 94 3
80 95 3
80 96 3
80 97 3
80 98 4
80 99 1
81 82 4
81 83 4
81 84 5
81 85 3
81 86 4
81 87 2
81 88 3
81 89 5
81 90 4
81 91 3
81 92 4
81 93 3
81 94 1
81 95 3
81 96 2
81 97 2
81 98 3
81 99 4
82 83 1
82 84 2
82 85 2
82 86 3
82 87 2
82 88 2
82 89 2
82 90 2
82 91 1
82 92 1
82 93 3
82 94 3
82 95 1
82 96 2
82 97 2
82 98 2
82 99 1
83 84 2
83 85 1
83 86 4
83 87 3
83 88 3
83 89 2
83 90 1
83 91 1
83 92 2
83 93 4
83 94 3
83 95 2
83 96 2
83 97 2
83 98 3
83 99 1
84 85 3
84 86 5
84 87 4
84 88 4
84 89 1
84 90 3
84 91 2
84 92 2
84 93 5
84 94 4
84 95 3
84 96 3
84 97 3
84 98 4
84 99 2
85 86 4
85 87 3
85 88 3
85 89 3
85 90 1
85 91 1
85 92 2
85 93 4
85 94 2
85 95 2
85 96 2
85 97 2
85 98 3
85 99 1
86 87 2
86 88 2
86 89 4
86 90 5
86 91 3
86 92 3
86 93 1
86 94 4
86 95 2
86 96 3
86 97 3
86 98 2
86 99 4
87 88 1
87 89 3
87 90 4
87 91 2
87 92 2
87 93 1
87 94 2
87 95 1
87 96 1
87 97 2
87 98 1
87 99 3
88 89 3
88 90 4
88 91 2
88 92 2
88 93 2
88 94 3
88 95 1
88 96 2
88 97 2
88 98 1
88 99 3
89 90 3
89 91 2
89 92 1
89 93 4
89 94 4
89 95 2
89 96 3
89 97 3
89 98 3
89 99 2
90 91 2
90 92 3
90 93 5
90 94 3
90 95 3
90 96 3
90 97 3
90 98 4
90 99 2
91 92 1
91 93 3
91 94 2
91 95 1
91 96 1
91 97 1
91 98 2
91 99 1
92 93 3
92 94 3
92 95 1
92 96 2
92 97 2
92 98 2
92 99 2
93 94 3
93 95 2
93 96 2
93 97 3
93 98 1
93 99 4
94 95 2
94 96 2
94 97 1
94 98 3
94 99 3
95 96 1
95 97 1
95 98 1
95 99 2
96 97 1
96 98 1
96 99 2
97 98 2
97 99 2
98 99 3
