100 
0 1 2
0 2 2
0 3 2
0 4 3
0 5 2
0 6 2
0 7 3
0 8 1
0 9 2
0 10 2
0 11 2
0 12 1
0 13 1
0 14 2
0 15 1
0 16 1
0 17 2
0 18 2
0 19 1
0 20 2
0 21 1
0 22 1
0 23 1
0 24 2
0 25 1
0 26 3
0 27 3
0 28 3
0 29 1
0 30 2
0 31 1
0 32 1
0 33 2
0 34 2
0 35 2
0 36 1
0 37 3
0 38 1
0 39 2
0 40 2
0 41 3
0 42 1
0 43 2
0 44 1
0 45 2
0 46 2
0 47 2
0 48 1
0 49 2
0 50 1
0 51 2
0 52 2
0 53 1
0 54 3
0 55 1
0 56 2
0 57 2
0 58 2
0 59 2
0 60 2
0 61 2
0 62 2
0 63 1
0 64 2
0 65 1
0 66 2
0 67 1
0 68 1
0 69 2
0 70 1
0 71 1
0 72 2
0 73 2
0 74 2
0 75 1
0 76 1
0 77 2
0 78 2
0 79 1
0 80 1
0 81 1
0 82 1
0 83 3
0 84 3
0 85 2
0 86 3
0 87 1
0 88 2
0 89 1
0 90 1
0 91 2
0 92 3
0 93 1
0 94 2
0 95 3
0 96 1
0 97 2
0 98 2
0 99 2
1 2 2
1 3 1
1 4 2
1 5 3
1 6 3
1 7 2
1 8 2
1 9 2
1 10 3
1 11 3
1 12 2
1 13 3
1 14 4
1 15 2
1 16 2
1 17 2
1 18 2
1 19 2
1 20 1
1 21 2
1 22 2
1 23 2
1 24 2
1 25 2
1 26 2
1 27 3
1 28 3
1 29 2
1 30 1
1 31 3
1 32 3
1 33 3
1 34 2
1 35 3
1 36 2
1 37 2
1 38 3
1 39 2
1 40 3
1 41 2
1 42 3
1 43 2
1 44 3
1 45 1
1 46 3
1 47 1
1 48 1
1 49 3
1 50 2
1 51 2
1 52 4
1 53 3
1 54 1
1 55 3
1 56 1
1 57 3
1 58 3
1 59 1
1 60 1
1 61 2
1 62 3
1 63 2
1 64 2
1 65 3
1 66 1
1 67 3
1 68 3
1 69 2
1 70 3
1 71 3
1 72 2
1 73 1
1 74 1
1 75 3
1 76 2
1 77 3
1 78 2
1 79 2
1 80 3
1 81 2
1 82 2
1 83 1
1 84 2
1 85 1
1 86 3
1 87 3
1 88 4
1 89 3
1 90 3
1 91 1
1 92 3
1 93 3
1 94 2
1 95 2
1 96 3
1 97 3
1 98 3
1 99 1
2 3 2
2 4 2
2 5 1
2 6 1
2 7 1
2 8 1
2 9 1
2 10 2
2 11 1
2 12 2
2 13 3
2 14 2
2 15 3
2 16 2
2 17 1
2 18 3
2 19 2
2 20 2
2 21 3
2 22 1
2 23 2
2 24 1
2 25 2
2 26 2
2 27 1
2 28 1
2 29 2
2 30 2
2 31 2
2 32 2
2 33 1
2 34 1
2 35 2
2 36 2
2 37 2
2 38 2
2 39 1
2 40 1
2 41 1
2 42 2
2 43 3
2 44 2
2 45 2
2 46 1
2 47 3
2 48 2
2 49 1
2 50 1
2 51 1
2 52 3
2 53 2
2 54 2
2 55 3
2 56 2
2 57 1
2 58 1
2 59 2
2 60 2
2 61 1
2 62 1
2 63 2
2 64 1
2 65 2
2 66 1
2 67 1
2 68 2
2 69 1
2 70 1
2 71 2
2 72 1
2 73 2
2 74 2
2 75 2
2 76 2
2 77 2
2 78 3
2 79 3
2 80 2
2 81 2
2 82 1
2 83 2
2 84 2
2 85 3
2 86 1
2 87 3
2 88 2
2 89 2
2 90 2
2 91 3
2 92 1
2 93 2
2 94 1
2 95 1
2 96 3
2 97 1
2 98 1
2 99 3
3 4 1
3 5 2
3 6 2
3 7 2
3 8 2
3 9 2
3 10 3
3 11 2
3 12 2
3 13 3
3 14 3
3 15 2
3 16 1
3 17 1
3 18 2
3 19 2
3 20 1
3 21 2
3 22 2
3 23 2
3 24 1
3 25 2
3 26 1
3 27 3
3 28 2
3 29 2
3 30 1
3 31 3
3 32 3
3 33 2
3 34 2
3 35 3
3 36 2
3 37 1
3 38 3
3 39 2
3 40 2
3 41 2
3 42 3
3 43 2
3 44 3
3 45 1
3 46 3
3 47 2
3 48 1
3 49 3
3 50 2
3 51 2
3 52 3
3 53 2
3 54 1
3 55 2
3 56 1
3 57 3
3 58 3
3 59 1
3 60 1
3 61 1
3 62 2
3 63 1
3 64 1
3 65 2
3 66 1
3 67 2
3 68 3
3 69 1
3 70 2
3 71 2
3 72 1
3 73 1
3 74 1
3 75 3
3 76 2
3 77 3
3 78 2
3 79 2
3 80 2
3 81 1
3 82 2
3 83 1
3 84 1
3 85 2
3 86 2
3 87 3
3 88 3
3 89 3
3 90 3
3 91 1
3 92 2
3 93 2
3 94 2
3 95 2
3 96 2
3 97 2
3 98 3
3 99 1
4 5 2
4 6 2
4 7 1
4 8 2
4 9 2
4 10 3
4 11 2
4 12 3
4 13 3
4 14 4
4 15 3
4 16 2
4 17 1
4 18 3
4 19 3
4 20 1
4 21 3
4 22 2
4 23 2
4 24 1
4 25 3
4 26 1
4 27 3
4 28 2
4 29 2
4 30 2
4 31 3
4 32 3
4 33 2
4 34 2
4 35 3
4 36 3
4 37 1
4 38 3
4 39 2
4 40 2
4 41 1
4 42 3
4 43 3
4 44 3
4 45 2
4 46 3
4 47 3
4 48 2
4 49 2
4 50 2
4 51 1
4 52 4
4 53 3
4 54 1
4 55 3
4 56 2
4 57 3
4 58 3
4 59 2
4 60 1
4 61 1
4 62 2
4 63 2
4 64 2
4 65 3
4 66 2
4 67 3
4 68 4
4 69 2
4 70 3
4 71 3
4 72 1
4 73 2
4 74 1
4 75 3
4 76 3
4 77 3
4 78 3
4 79 3
4 80 3
4 81 2
4 82 2
4 83 1
4 84 1
4 85 2
4 86 2
4 87 4
4 88 4
4 89 4
4 90 3
4 91 2
4 92 2
4 93 3
4 94 2
4 95 1
4 96 3
4 97 2
4 98 3
4 99 2
5 6 1
5 7 1
5 8 1
5 9 1
5 10 2
5 11 1
5 12 2
5 13 3
5 14 2
5 15 3
5 16 2
5 17 1
5 18 3
5 19 2
5 20 2
5 21 3
5 22 1
5 23 2
5 24 1
5 25 2
5 26 2
5 27 1
5 28 1
5 29 2
5 30 3
5 31 2
5 32 2
5 33 1
5 34 1
5 35 2
5 36 2
5 37 1
5 38 2
5 39 1
5 40 1
5 41 1
5 42 2
5 43 3
5 44 2
5 45 2
5 46 1
5 47 3
5 48 2
5 49 1
5 50 1
5 51 1
5 52 3
5 53 2
5 54 2
5 55 3
5 56 2
5 57 1
5 58 1
5 59 3
5 60 2
5 61 1
5 62 1
5 63 2
5 64 1
5 65 2
5 66 2
5 67 2
5 68 2
5 69 2
5 70 2
5 71 2
5 72 1
5 73 2
5 74 2
5 75 2
5 76 2
5 77 2
5 78 3
5 79 3
5 80 2
5 81 2
5 82 1
5 83 2
5 84 2
5 85 3
5 86 1
5 87 3
5 88 2
5 89 3
5 90 2
5 91 3
5 92 1
5 93 2
5 94 1
5 95 1
5 96 3
5 97 1
5 98 1
5 99 3
6 7 2
6 8 1
6 9 1
6 10 1
6 11 1
6 12 2
6 13 3
6 14 2
6 15 3
6 16 2
6 17 1
6 18 3
6 19 2
6 20 2
6 21 2
6 22 1
6 23 2
6 24 2
6 25 2
6 26 3
6 27 1
6 28 1
6 29 1
6 30 3
6 31 2
6 32 2
6 33 1
6 34 1
6 35 1
6 36 2
6 37 2
6 38 2
6 39 1
6 40 1
6 41 2
6 42 2
6 43 3
6 44 2
6 45 2
6 46 1
6 47 3
6 48 2
6 49 1
6 50 1
6 51 1
6 52 3
6 53 2
6 54 2
6 55 2
6 56 2
6 57 1
6 58 1
6 59 3
6 60 2
6 61 2
6 62 1
6 63 2
6 64 1
6 65 2
6 66 2
6 67 1
6 68 2
6 69 2
6 70 1
6 71 2
6 72 1
6 73 2
6 74 2
6 75 2
6 76 2
6 77 1
6 78 3
6 79 3
6 80 2
6 81 2
6 82 1
6 83 2
6 84 3
6 85 3
6 86 1
6 87 3
6 88 2
6 89 2
6 90 2
6 91 3
6 92 1
6 93 2
6 94 1
6 95 2
6 96 2
6 97 1
6 98 1
6 99 3
7 8 2
7 9 2
7 10 2
7 11 1
7 12 3
7 13 3
7 14 3
7 15 3
7 16 2
7 17 1
7 18 4
7 19 3
7 20 2
7 21 3
7 22 2
7 23 2
7 24 1
7 25 3
7 26 2
7 27 2
7 28 1
7 29 2
7 30 2
7 31 3
7 32 3
7 33 1
7 34 1
7 35 2
7 36 3
7 37 1
7 38 3
7 39 2
7 40 1
7 41 1
7 42 3
7 43 3
7 44 3
7 45 3
7 46 2
7 47 3
7 48 2
7 49 2
7 50 2
7 51 1
7 52 4
7 53 3
7 54 2
7 55 3
7 56 2
7 57 2
7 58 2
7 59 2
7 60 1
7 61 1
7 62 1
7 63 2
7 64 1
7 65 3
7 66 2
7 67 2
7 68 3
7 69 2
7 70 2
7 71 3
7 72 1
7 73 2
7 74 1
7 75 3
7 76 3
7 77 2
7 78 3
7 79 3
7 80 3
7 81 2
7 82 2
7 83 1
7 84 2
7 85 3
7 86 1
7 87 4
7 88 3
7 89 3
7 90 3
7 91 3
7 92 1
7 93 3
7 94 2
7 95 1
7 96 3
7 97 2
7 98 2
7 99 3
8 9 1
8 10 2
8 11 1
8 12 1
8 13 2
8 14 2
8 15 2
8 16 1
8 17 1
8 18 2
8 19 1
8 20 2
8 21 2
8 22 1
8 23 1
8 24 2
8 25 1
8 26 2
8 27 2
8 28 2
8 29 1
8 30 2
8 31 2
8 32 2
8 33 1
8 34 1
8 35 2
8 36 1
8 37 2
8 38 2
8 39 1
8 40 1
8 41 2
8 42 1
8 43 2
8 44 2
8 45 2
8 46 1
8 47 2
8 48 1
8 49 1
8 50 1
8 51 1
8 52 2
8 53 1
8 54 2
8 55 2
8 56 1
8 57 1
8 58 1
8 59 2
8 60 2
8 61 1
8 62 1
8 63 1
8 64 1
8 65 1
8 66 1
8 67 1
8 68 2
8 69 1
8 70 1
8 71 1
8 72 1
8 73 1
8 74 2
8 75 1
8 76 2
8 77 2
8 78 2
8 79 2
8 80 1
8 81 1
8 82 1
8 83 2
8 84 2
8 85 2
8 86 2
8 87 2
8 88 2
8 89 2
8 90 1
8 91 2
8 92 2
8 93 1
8 94 1
8 95 2
8 96 2
8 97 1
8 98 1
8 99 2
9 10 2
9 11 1
9 12 2
9 13 2
9 14 2
9 15 2
9 16 1
9 17 1
9 18 3
9 19 2
9 20 2
9 21 2
9 22 1
9 23 1
9 24 1
9 25 2
9 26 2
9 27 2
9 28 2
9 29 1
9 30 2
9 31 2
9 32 2
9 33 1
9 34 1
9 35 2
9 36 2
9 37 1
9 38 2
9 39 1
9 40 1
9 41 2
9 42 2
9 43 2
9 44 2
9 45 2
9 46 2
9 47 2
9 48 1
9 49 2
9 50 1
9 51 1
9 52 3
9 53 2
9 54 2
9 55 2
9 56 1
9 57 1
9 58 1
9 59 2
9 60 1
9 61 1
9 62 1
9 63 1
9 64 1
9 65 2
9 66 1
9 67 1
9 68 2
9 69 1
9 70 1
9 71 2
9 72 1
9 73 1
9 74 1
9 75 2
9 76 2
9 77 2
9 78 2
9 79 2
9 80 2
9 81 1
9 82 1
9 83 1
9 84 2
9 85 2
9 86 1
9 87 3
9 88 2
9 89 2
9 90 2
9 91 2
9 92 1
9 93 1
9 94 1
9 95 2
9 96 2
9 97 1
9 98 2
9 99 2
10 11 1
10 12 2
10 13 3
10 14 1
10 15 3
10 16 2
10 17 2
10 18 4
10 19 2
10 20 3
10 21 3
10 22 2
10 23 2
10 24 3
10 25 3
10 26 3
10 27 1
10 28 2
10 29 2
10 30 3
10 31 2
10 32 2
10 33 1
10 34 2
10 35 1
10 36 2
10 37 3
10 38 2
10 39 1
10 40 1
10 41 3
10 42 2
10 43 4
10 44 2
10 45 3
10 46 1
10 47 4
10 48 3
10 49 1
10 50 2
10 51 2
10 52 2
10 53 2
10 54 3
10 55 3
10 56 3
10 57 1
10 58 1
10 59 3
10 60 3
10 61 2
10 62 1
10 63 2
10 64 2
10 65 2
10 66 2
10 67 1
10 68 2
10 69 2
10 70 1
10 71 2
10 72 2
10 73 3
10 74 3
10 75 2
10 76 3
10 77 1
10 78 3
10 79 3
10 80 2
10 81 2
10 82 2
10 83 3
10 84 3
10 85 4
10 86 2
10 87 2
10 88 1
10 89 2
10 90 1
10 91 4
10 92 2
10 93 2
10 94 2
10 95 2
10 96 3
10 97 1
10 98 1
10 99 3
11 12 2
11 13 3
11 14 2
11 15 3
11 16 2
11 17 1
11 18 3
11 19 2
11 20 2
11 21 3
11 22 1
11 23 2
11 24 2
11 25 2
11 26 3
11 27 1
11 28 1
11 29 2
11 30 3
11 31 2
11 32 2
11 33 1
11 34 1
11 35 1
11 36 2
11 37 2
11 38 2
11 39 1
11 40 1
11 41 2
11 42 2
11 43 3
11 44 2
11 45 2
11 46 1
11 47 3
11 48 2
11 49 1
11 50 1
11 51 1
11 52 3
11 53 2
11 54 2
11 55 3
11 56 2
11 57 1
11 58 1
11 59 3
11 60 2
11 61 2
11 62 1
11 63 2
11 64 1
11 65 2
11 66 2
11 67 1
11 68 2
11 69 2
11 70 1
11 71 2
11 72 1
11 73 2
11 74 2
11 75 2
11 76 2
11 77 1
11 78 3
11 79 3
11 80 2
11 81 2
11 82 1
11 83 2
11 84 3
11 85 3
11 86 1
11 87 3
11 88 2
11 89 2
11 90 2
11 91 3
11 92 1
11 93 2
11 94 1
11 95 2
11 96 3
11 97 1
11 98 1
11 99 3
12 13 1
12 14 2
12 15 1
12 16 1
12 17 2
12 18 2
12 19 1
12 20 2
12 21 1
12 22 1
12 23 1
12 24 2
12 25 1
12 26 3
12 27 3
12 28 3
12 29 1
12 30 2
12 31 1
12 32 1
12 33 2
12 34 2
12 35 2
12 36 1
12 37 3
12 38 1
12 39 2
12 40 2
12 41 3
12 42 1
12 43 2
12 44 1
12 45 2
12 46 2
12 47 2
12 48 1
12 49 2
12 50 1
12 51 2
12 52 2
12 53 1
12 54 3
12 55 1
12 56 2
12 57 2
12 58 2
12 59 2
12 60 2
12 61 2
12 62 2
12 63 1
12 64 2
12 65 1
12 66 2
12 67 1
12 68 2
12 69 2
12 70 1
12 71 1
12 72 2
12 73 2
12 74 2
12 75 1
12 76 1
12 77 2
12 78 2
12 79 1
12 80 1
12 81 1
12 82 1
12 83 3
12 84 3
12 85 2
12 86 3
12 87 2
12 88 2
12 89 1
12 90 1
12 91 2
12 92 3
12 93 1
12 94 2
12 95 3
12 96 1
12 97 2
12 98 2
12 99 2
13 14 2
13 15 1
13 16 2
13 17 3
13 18 1
13 19 1
13 20 3
13 21 1
13 22 2
13 23 1
13 24 3
13 25 1
13 26 3
13 27 3
13 28 3
13 29 2
13 30 2
13 31 2
13 32 1
13 33 3
13 34 3
13 35 2
13 36 1
13 37 3
13 38 1
13 39 2
13 40 3
13 41 3
13 42 1
13 43 1
13 44 2
13 45 2
13 46 2
13 47 2
13 48 2
13 49 3
13 50 2
13 51 3
13 52 2
13 53 1
13 54 3
13 55 1
13 56 2
13 57 2
13 58 2
13 59 2
13 60 3
13 61 3
13 62 3
13 63 2
13 64 2
13 65 1
13 66 2
13 67 2
13 68 2
13 69 2
13 70 2
13 71 1
13 72 2
13 73 2
13 74 3
13 75 1
13 76 1
13 77 3
13 78 2
13 79 1
13 80 1
13 81 2
13 82 2
13 83 3
13 84 3
13 85 2
13 86 3
13 87 1
13 88 2
13 89 2
13 90 2
13 91 2
13 92 3
13 93 1
13 94 2
13 95 3
13 96 1
13 97 3
13 98 2
13 99 2
14 15 3
14 16 2
14 17 3
14 18 3
14 19 2
14 20 3
14 21 2
14 22 2
14 23 2
14 24 3
14 25 2
14 26 4
14 27 2
14 28 2
14 29 2
14 30 3
14 31 1
14 32 1
14 33 2
14 34 2
14 35 1
14 36 2
14 37 3
14 38 1
14 39 2
14 40 2
14 41 3
14 42 1
14 43 3
14 44 1
14 45 3
14 46 2
14 47 3
14 48 3
14 49 2
14 50 2
14 51 3
14 52 1
14 53 1
14 54 3
14 55 2
14 56 3
14 57 1
14 58 1
14 59 3
14 60 3
14 61 3
14 62 2
14 63 2
14 64 2
14 65 1
14 66 3
14 67 1
14 68 1
14 69 2
14 70 1
14 71 2
14 72 3
14 73 3
14 74 3
14 75 1
14 76 2
14 77 1
14 78 3
14 79 2
14 80 1
14 81 2
14 82 2
14 83 3
14 84 4
14 85 3
14 86 3
14 87 1
14 88 1
14 89 1
14 90 1
14 91 3
14 92 3
14 93 1
14 94 2
14 95 3
14 96 2
14 97 2
14 98 2
14 99 3
15 16 2
15 17 2
15 18 1
15 19 1
15 20 2
15 21 1
15 22 2
15 23 1
15 24 3
15 25 1
15 26 3
15 27 4
15 28 3
15 29 2
15 30 2
15 31 2
15 32 2
15 33 3
15 34 3
15 35 3
15 36 1
15 37 3
15 38 2
15 39 2
15 40 3
15 41 3
15 42 2
15 43 1
15 44 2
15 45 1
15 46 3
15 47 1
15 48 1
15 49 3
15 50 2
15 51 3
15 52 2
15 53 2
15 54 3
15 55 1
15 56 2
15 57 3
15 58 2
15 59 2
15 60 2
15 61 3
15 62 3
15 63 1
15 64 2
15 65 2
15 66 2
15 67 2
15 68 2
15 69 2
15 70 2
15 71 1
15 72 2
15 73 2
15 74 2
15 75 2
15 76 1
15 77 3
15 78 1
15 79 1
15 80 2
15 81 2
15 82 2
15 83 3
15 84 3
15 85 1
15 86 3
15 87 2
15 88 3
15 89 2
15 90 2
15 91 2
15 92 3
15 93 2
15 94 2
15 95 3
15 96 1
15 97 3
15 98 3
15 99 1
16 17 1
16 18 2
16 19 1
16 20 1
16 21 2
16 22 1
16 23 1
16 24 1
16 25 1
16 26 2
16 27 3
16 28 2
16 29 1
16 30 1
16 31 2
16 32 2
16 33 2
16 34 2
16 35 2
16 36 1
16 37 2
16 38 2
16 39 1
16 40 2
16 41 2
16 42 2
16 43 2
16 44 2
16 45 1
16 46 2
16 47 2
16 48 1
16 49 2
16 50 1
16 51 2
16 52 3
16 53 2
16 54 2
16 55 2
16 56 1
16 57 2
16 58 2
16 59 1
16 60 1
16 61 1
16 62 2
16 63 1
16 64 1
16 65 2
16 66 1
16 67 2
16 68 2
16 69 1
16 70 1
16 71 2
16 72 1
16 73 1
16 74 1
16 75 2
16 76 1
16 77 2
16 78 2
16 79 1
16 80 2
16 81 1
16 82 1
16 83 2
16 84 2
16 85 2
16 86 2
16 87 2
16 88 2
16 89 2
16 90 2
16 91 2
16 92 2
16 93 1
16 94 1
16 95 2
16 96 2
16 97 2
16 98 2
16 99 2
17 18 3
17 19 2
17 20 2
17 21 2
17 22 1
17 23 2
17 24 1
17 25 2
17 26 2
17 27 2
17 28 1
17 29 1
17 30 2
17 31 2
17 32 2
17 33 1
17 34 1
17 35 2
17 36 2
17 37 1
17 38 2
17 39 1
17 40 1
17 41 1
17 42 2
17 43 3
17 44 2
17 45 2
17 46 2
17 47 2
17 48 2
17 49 2
17 50 1
17 51 1
17 52 3
17 53 2
17 54 1
17 55 2
17 56 1
17 57 2
17 58 2
17 59 2
17 60 1
17 61 1
17 62 1
17 63 1
17 64 1
17 65 2
17 66 1
17 67 2
17 68 3
17 69 1
17 70 2
17 71 2
17 72 1
17 73 1
17 74 1
17 75 2
17 76 2
17 77 2
17 78 2
17 79 2
17 80 2
17 81 1
17 82 1
17 83 1
17 84 2
17 85 2
17 86 1
17 87 3
17 88 3
17 89 3
17 90 2
17 91 2
17 92 1
17 93 2
17 94 1
17 95 1
17 96 2
17 97 1
17 98 2
17 99 2
18 19 2
18 20 2
18 21 1
18 22 2
18 23 2
18 24 3
18 25 1
18 26 3
18 27 4
18 28 4
18 29 2
18 30 2
18 31 2
18 32 2
18 33 3
18 34 3
18 35 3
18 36 2
18 37 3
18 38 2
18 39 3
18 40 3
18 41 4
18 42 2
18 43 1
18 44 2
18 45 1
18 46 3
18 47 1
18 48 2
18 49 3
18 50 2
18 51 3
18 52 3
18 53 2
18 54 3
18 55 2
18 56 2
18 57 3
18 58 3
18 59 2
18 60 3
18 61 3
18 62 3
18 63 2
18 64 3
18 65 2
18 66 2
18 67 3
18 68 3
18 69 2
18 70 3
18 71 2
18 72 3
18 73 2
18 74 3
18 75 2
18 76 1
18 77 4
18 78 1
18 79 1
18 80 2
18 81 2
18 82 2
18 83 3
18 84 3
18 85 1
18 86 3
18 87 2
18 88 3
18 89 3
18 90 3
18 91 2
18 92 4
18 93 2
18 94 2
18 95 4
18 96 1
18 97 3
18 98 3
18 99 2
19 20 2
19 21 1
19 22 2
19 23 1
19 24 2
19 25 1
19 26 3
19 27 3
19 28 3
19 29 1
19 30 2
19 31 1
19 32 1
19 33 2
19 34 2
19 35 2
19 36 1
19 37 3
19 38 1
19 39 2
19 40 2
19 41 3
19 42 1
19 43 2
19 44 1
19 45 2
19 46 2
19 47 2
19 48 1
19 49 2
19 50 1
19 51 2
19 52 2
19 53 1
19 54 3
19 55 1
19 56 2
19 57 2
19 58 2
19 59 2
19 60 2
19 61 2
19 62 2
19 63 1
19 64 2
19 65 1
19 66 2
19 67 1
19 68 2
19 69 2
19 70 1
19 71 1
19 72 2
19 73 2
19 74 2
19 75 1
19 76 1
19 77 2
19 78 2
19 79 1
19 80 1
19 81 1
19 82 1
19 83 3
19 84 3
19 85 2
19 86 3
19 87 1
19 88 2
19 89 1
19 90 1
19 91 2
19 92 3
19 93 1
19 94 2
19 95 3
19 96 1
19 97 2
19 98 2
19 99 2
20 21 2
20 22 2
20 23 2
20 24 1
20 25 2
20 26 1
20 27 3
20 28 3
20 29 2
20 30 1
20 31 3
20 32 3
20 33 2
20 34 2
20 35 3
20 36 2
20 37 2
20 38 3
20 39 2
20 40 2
20 41 2
20 42 3
20 43 2
20 44 3
20 45 1
20 46 3
20 47 2
20 48 1
20 49 3
20 50 2
20 51 2
20 52 3
20 53 3
20 54 1
20 55 2
20 56 1
20 57 3
20 58 3
20 59 1
20 60 1
20 61 1
20 62 2
20 63 1
20 64 2
20 65 3
20 66 1
20 67 3
20 68 3
20 69 1
20 70 2
20 71 2
20 72 1
20 73 1
20 74 1
20 75 3
20 76 2
20 77 3
20 78 2
20 79 2
20 80 2
20 81 2
20 82 2
20 83 1
20 84 1
20 85 1
20 86 2
20 87 3
20 88 3
20 89 3
20 90 3
20 91 1
20 92 2
20 93 2
20 94 2
20 95 2
20 96 2
20 97 3
20 98 3
20 99 1
21 22 2
21 23 1
21 24 3
21 25 1
21 26 3
21 27 3
21 28 3
21 29 1
21 30 2
21 31 2
21 32 1
21 33 3
21 34 2
21 35 2
21 36 1
21 37 3
21 38 1
21 39 2
21 40 3
21 41 3
21 42 1
21 43 1
21 44 2
21 45 2
21 46 2
21 47 2
21 48 1
21 49 3
21 50 2
21 51 3
21 52 2
21 53 1
21 54 3
21 55 1
21 56 2
21 57 2
21 58 2
21 59 2
21 60 2
21 61 3
21 62 2
21 63 1
21 64 2
21 65 1
21 66 2
21 67 2
21 68 2
21 69 2
21 70 2
21 71 1
21 72 2
21 73 2
21 74 2
21 75 1
21 76 1
21 77 3
21 78 1
21 79 1
21 80 1
21 81 2
21 82 2
21 83 3
21 84 3
21 85 2
21 86 3
21 87 2
21 88 2
21 89 2
21 90 2
21 91 2
21 92 3
21 93 1
21 94 2
21 95 3
21 96 1
21 97 2
21 98 2
21 99 2
22 23 1
22 24 1
22 25 1
22 26 2
22 27 2
22 28 2
22 29 1
22 30 2
22 31 2
22 32 2
22 33 2
22 34 1
22 35 2
22 36 1
22 37 2
22 38 2
22 39 1
22 40 2
22 41 2
22 42 2
22 43 2
22 44 2
22 45 1
22 46 2
22 47 2
22 48 1
22 49 2
22 50 1
22 51 1
22 52 3
22 53 1
22 54 2
22 55 2
22 56 1
22 57 1
22 58 1
22 59 2
22 60 1
22 61 1
22 62 1
22 63 1
22 64 1
22 65 1
22 66 1
22 67 1
22 68 2
22 69 1
22 70 1
22 71 2
22 72 1
22 73 1
22 74 1
22 75 2
22 76 2
22 77 2
22 78 2
22 79 2
22 80 2
22 81 1
22 82 1
22 83 2
22 84 2
22 85 2
22 86 2
22 87 2
22 88 2
22 89 2
22 90 2
22 91 2
22 92 2
22 93 1
22 94 1
22 95 2
22 96 2
22 97 1
22 98 2
22 99 2
23 24 2
23 25 1
23 26 2
23 27 3
23 28 2
23 29 1
23 30 2
23 31 2
23 32 2
23 33 2
23 34 2
23 35 2
23 36 1
23 37 2
23 38 2
23 39 1
23 40 2
23 41 2
23 42 1
23 43 2
23 44 2
23 45 1
23 46 2
23 47 2
23 48 1
23 49 2
23 50 1
23 51 2
23 52 2
23 53 1
23 54 2
23 55 1
23 56 1
23 57 2
23 58 2
23 59 2
23 60 2
23 61 2
23 62 2
23 63 1
23 64 1
23 65 1
23 66 1
23 67 2
23 68 2
23 69 1
23 70 1
23 71 1
23 72 1
23 73 1
23 74 2
23 75 1
23 76 1
23 77 2
23 78 1
23 79 1
23 80 1
23 81 1
23 82 1
23 83 2
23 84 2
23 85 2
23 86 2
23 87 2
23 88 2
23 89 2
23 90 2
23 91 2
23 92 2
23 93 1
23 94 1
23 95 2
23 96 1
23 97 2
23 98 2
23 99 2
24 25 2
24 26 1
24 27 2
24 28 2
24 29 2
24 30 2
24 31 3
24 32 3
24 33 2
24 34 1
24 35 3
24 36 2
24 37 1
24 38 3
24 39 2
24 40 2
24 41 1
24 42 3
24 43 3
24 44 3
24 45 2
24 46 2
24 47 2
24 48 2
24 49 2
24 50 2
24 51 1
24 52 4
24 53 2
24 54 1
24 55 3
24 56 1
24 57 2
24 58 2
24 59 2
24 60 1
24 61 1
24 62 2
24 63 2
24 64 1
24 65 2
24 66 1
24 67 2
24 68 3
24 69 1
24 70 2
24 71 3
24 72 1
24 73 1
24 74 1
24 75 3
24 76 2
24 77 3
24 78 2
24 79 2
24 80 3
24 81 1
24 82 2
24 83 1
24 84 1
24 85 2
24 86 1
24 87 3
24 88 3
24 89 3
24 90 3
24 91 2
24 92 1
24 93 2
24 94 1
24 95 1
24 96 3
24 97 2
24 98 2
24 99 2
25 26 2
25 27 3
25 28 3
25 29 1
25 30 1
25 31 2
25 32 2
25 33 2
25 34 2
25 35 3
25 36 1
25 37 2
25 38 2
25 39 2
25 40 2
25 41 3
25 42 2
25 43 1
25 44 2
25 45 1
25 46 2
25 47 1
25 48 1
25 49 2
25 50 2
25 51 2
25 52 2
25 53 2
25 54 2
25 55 1
25 56 1
25 57 2
25 58 2
25 59 1
25 60 2
25 61 2
25 62 2
25 63 1
25 64 2
25 65 2
25 66 1
25 67 2
25 68 2
25 69 1
25 70 2
25 71 1
25 72 2
25 73 1
25 74 2
25 75 2
25 76 1
25 77 3
25 78 1
25 79 1
25 80 2
25 81 1
25 82 1
25 83 2
25 84 2
25 85 1
25 86 2
25 87 2
25 88 2
25 89 2
25 90 2
25 91 1
25 92 3
25 93 1
25 94 1
25 95 3
25 96 1
25 97 2
25 98 2
25 99 1
26 27 3
26 28 2
26 29 3
26 30 2
26 31 4
26 32 4
26 33 3
26 34 2
26 35 3
26 36 3
26 37 1
26 38 4
26 39 3
26 40 2
26 41 1
26 42 3
26 43 3
26 44 4
26 45 2
26 46 3
26 47 3
26 48 2
26 49 3
26 50 3
26 51 2
26 52 4
26 53 3
26 54 1
26 55 3
26 56 1
26 57 3
26 58 3
26 59 2
26 60 1
26 61 1
26 62 2
26 63 2
26 64 2
26 65 3
26 66 2
26 67 3
26 68 4
26 69 2
26 70 3
26 71 3
26 72 2
26 73 2
26 74 1
26 75 3
26 76 3
26 77 3
26 78 3
26 79 3
26 80 3
26 81 2
26 82 2
26 83 1
26 84 1
26 85 2
26 86 2
26 87 4
26 88 4
26 89 4
26 90 3
26 91 2
26 92 2
26 93 3
26 94 2
26 95 1
26 96 3
26 97 3
26 98 3
26 99 2
27 28 1
27 29 2
27 30 3
27 31 2
27 32 3
27 33 1
27 34 2
27 35 1
27 36 3
27 37 2
27 38 3
27 39 2
27 40 1
27 41 2
27 42 3
27 43 4
27 44 2
27 45 3
27 46 1
27 47 4
27 48 3
27 49 1
27 50 2
27 51 2
27 52 3
27 53 2
27 54 3
27 55 3
27 56 3
27 57 2
27 58 2
27 59 3
27 60 3
27 61 2
27 62 1
27 63 3
27 64 2
27 65 2
27 66 2
27 67 2
27 68 2
27 69 2
27 70 2
27 71 3
27 72 2
27 73 3
27 74 3
27 75 2
27 76 3
27 77 1
27 78 4
27 79 4
27 80 3
27 81 2
27 82 2
27 83 3
27 84 3
27 85 4
27 86 1
27 87 3
27 88 2
27 89 3
27 90 2
27 91 4
27 92 1
27 93 3
27 94 2
27 95 2
27 96 3
27 97 1
27 98 1
27 99 4
28 29 2
28 30 3
28 31 2
28 32 2
28 33 1
28 34 1
28 35 2
28 36 2
28 37 2
28 38 2
28 39 1
28 40 1
28 41 2
28 42 2
28 43 4
28 44 2
28 45 3
28 46 1
28 47 3
28 48 3
28 49 1
28 50 2
28 51 1
28 52 3
28 53 2
28 54 2
28 55 3
28 56 2
28 57 1
28 58 2
28 59 3
28 60 2
28 61 2
28 62 1
28 63 2
28 64 1
28 65 2
28 66 2
28 67 2
28 68 2
28 69 2
28 70 2
28 71 3
28 72 2
28 73 2
28 74 2
28 75 2
28 76 3
28 77 2
28 78 3
28 79 3
28 80 3
28 81 2
28 82 2
28 83 2
28 84 2
28 85 3
28 86 1
28 87 3
28 88 2
28 89 3
28 90 2
28 91 3
28 92 1
28 93 2
28 94 2
28 95 1
28 96 3
28 97 1
28 98 1
28 99 3
29 30 2
29 31 1
29 32 1
29 33 2
29 34 1
29 35 2
29 36 1
29 37 2
29 38 1
29 39 1
29 40 2
29 41 2
29 42 1
29 43 2
29 44 1
29 45 2
29 46 2
29 47 2
29 48 1
29 49 2
29 50 1
29 51 2
29 52 2
29 53 1
29 54 2
29 55 1
29 56 2
29 57 1
29 58 1
29 59 2
29 60 2
29 61 2
29 62 1
29 63 1
29 64 1
29 65 1
29 66 1
29 67 1
29 68 2
29 69 1
29 70 1
29 71 1
29 72 1
29 73 1
29 74 2
29 75 1
29 76 1
29 77 2
29 78 2
29 79 2
29 80 1
29 81 1
29 82 1
29 83 2
29 84 3
29 85 2
29 86 2
29 87 2
29 88 2
29 89 2
29 90 1
29 91 2
29 92 2
29 93 1
29 94 1
29 95 2
29 96 1
29 97 1
29 98 1
29 99 2
30 31 3
30 32 3
30 33 3
30 34 2
30 35 3
30 36 2
30 37 2
30 38 3
30 39 2
30 40 3
30 41 2
30 42 3
30 43 2
30 44 3
30 45 1
30 46 3
30 47 1
30 48 1
30 49 3
30 50 2
30 51 2
30 52 3
30 53 2
30 54 1
30 55 2
30 56 1
30 57 3
30 58 3
30 59 1
30 60 1
30 61 2
30 62 2
30 63 1
30 64 2
30 65 2
30 66 1
30 67 2
30 68 3
30 69 1
30 70 2
30 71 2
30 72 2
30 73 1
30 74 1
30 75 3
30 76 2
30 77 3
30 78 2
30 79 2
30 80 2
30 81 1
30 82 2
30 83 1
30 84 2
30 85 1
30 86 3
30 87 3
30 88 3
30 89 3
30 90 3
30 91 1
30 92 3
30 93 2
30 94 2
30 95 2
30 96 2
30 97 3
30 98 3
30 99 1
31 32 1
31 33 2
31 34 2
31 35 1
31 36 1
31 37 3
31 38 1
31 39 2
31 40 2
31 41 3
31 42 1
31 43 2
31 44 1
31 45 3
31 46 2
31 47 3
31 48 2
31 49 2
31 50 1
31 51 3
31 52 1
31 53 1
31 54 3
31 55 1
31 56 3
31 57 1
31 58 1
31 59 3
31 60 3
31 61 3
31 62 2
31 63 2
31 64 2
31 65 1
31 66 2
31 67 1
31 68 1
31 69 2
31 70 1
31 71 1
31 72 2
31 73 2
31 74 3
31 75 1
31 76 1
31 77 2
31 78 2
31 79 2
31 80 1
31 81 2
31 82 2
31 83 3
31 84 4
31 85 3
31 86 3
31 87 1
31 88 1
31 89 1
31 90 1
31 91 3
31 92 3
31 93 1
31 94 2
31 95 3
31 96 1
31 97 2
31 98 2
31 99 3
32 33 2
32 34 2
32 35 2
32 36 1
32 37 3
32 38 1
32 39 2
32 40 2
32 41 3
32 42 1
32 43 2
32 44 1
32 45 3
32 46 2
32 47 3
32 48 2
32 49 2
32 50 1
32 51 3
32 52 1
32 53 1
32 54 3
32 55 1
32 56 3
32 57 1
32 58 1
32 59 3
32 60 3
32 61 3
32 62 2
32 63 2
32 64 2
32 65 1
32 66 2
32 67 1
32 68 1
32 69 2
32 70 1
32 71 1
32 72 2
32 73 2
32 74 3
32 75 1
32 76 1
32 77 2
32 78 2
32 79 2
32 80 1
32 81 2
32 82 2
32 83 3
32 84 4
32 85 3
32 86 3
32 87 1
32 88 1
32 89 1
32 90 1
32 91 3
32 92 3
32 93 1
32 94 2
32 95 3
32 96 1
32 97 2
32 98 2
32 99 3
33 34 1
33 35 1
33 36 2
33 37 2
33 38 2
33 39 1
33 40 1
33 41 2
33 42 2
33 43 3
33 44 2
33 45 3
33 46 1
33 47 3
33 48 2
33 49 1
33 50 1
33 51 1
33 52 3
33 53 2
33 54 2
33 55 3
33 56 2
33 57 1
33 58 1
33 59 3
33 60 2
33 61 2
33 62 1
33 63 2
33 64 1
33 65 2
33 66 2
33 67 1
33 68 2
33 69 2
33 70 1
33 71 2
33 72 1
33 73 2
33 74 2
33 75 2
33 76 2
33 77 1
33 78 3
33 79 3
33 80 2
33 81 2
33 82 1
33 83 2
33 84 3
33 85 3
33 86 1
33 87 3
33 88 2
33 89 2
33 90 2
33 91 3
33 92 1
33 93 2
33 94 1
33 95 2
33 96 3
33 97 1
33 98 1
33 99 3
34 35 2
34 36 2
34 37 1
34 38 2
34 39 1
34 40 1
34 41 1
34 42 2
34 43 3
34 44 2
34 45 2
34 46 1
34 47 3
34 48 2
34 49 1
34 50 1
34 51 1
34 52 3
34 53 2
34 54 2
34 55 2
34 56 2
34 57 1
34 58 1
34 59 2
34 60 1
34 61 1
34 62 1
34 63 2
34 64 1
34 65 2
34 66 1
34 67 1
34 68 2
34 69 1
34 70 1
34 71 2
34 72 1
34 73 2
34 74 2
34 75 2
34 76 2
34 77 2
34 78 3
34 79 3
34 80 2
34 81 1
34 82 1
34 83 2
34 84 2
34 85 3
34 86 1
34 87 3
34 88 2
34 89 2
34 90 2
34 91 3
34 92 1
34 93 2
34 94 1
34 95 1
34 96 2
34 97 1
34 98 1
34 99 3
35 36 2
35 37 3
35 38 2
35 39 1
35 40 2
35 41 3
35 42 2
35 43 3
35 44 1
35 45 3
35 46 1
35 47 3
35 48 3
35 49 1
35 50 1
35 51 2
35 52 2
35 53 1
35 54 3
35 55 2
35 56 3
35 57 1
35 58 1
35 59 3
35 60 3
35 61 2
35 62 1
35 63 2
35 64 2
35 65 1
35 66 2
35 67 1
35 68 1
35 69 2
35 70 1
35 71 2
35 72 2
35 73 2
35 74 3
35 75 1
35 76 2
35 77 1
35 78 3
35 79 3
35 80 2
35 81 2
35 82 2
35 83 3
35 84 3
35 85 3
35 86 2
35 87 2
35 88 1
35 89 2
35 90 1
35 91 3
35 92 2
35 93 2
35 94 2
35 95 3
35 96 2
35 97 1
35 98 1
35 99 3
36 37 3
36 38 1
36 39 1
36 40 2
36 41 3
36 42 1
36 43 2
36 44 1
36 45 2
36 46 2
36 47 2
36 48 1
36 49 2
36 50 1
36 51 2
36 52 2
36 53 1
36 54 2
36 55 1
36 56 2
36 57 2
36 58 1
36 59 2
36 60 2
36 61 2
36 62 2
36 63 1
36 64 2
36 65 1
36 66 2
36 67 1
36 68 1
36 69 1
36 70 1
36 71 1
36 72 2
36 73 1
36 74 2
36 75 1
36 76 1
36 77 2
36 78 2
36 79 1
36 80 1
36 81 1
36 82 1
36 83 2
36 84 3
36 85 2
36 86 2
36 87 2
36 88 2
36 89 1
36 90 1
36 91 2
36 92 2
36 93 1
36 94 1
36 95 3
36 96 1
36 97 2
36 98 2
36 99 2
37 38 3
37 39 2
37 40 2
37 41 1
37 42 3
37 43 3
37 44 3
37 45 2
37 46 2
37 47 3
37 48 2
37 49 2
37 50 2
37 51 1
37 52 4
37 53 3
37 54 1
37 55 3
37 56 1
37 57 2
37 58 2
37 59 2
37 60 1
37 61 1
37 62 2
37 63 2
37 64 1
37 65 3
37 66 1
37 67 2
37 68 3
37 69 2
37 70 2
37 71 3
37 72 1
37 73 2
37 74 1
37 75 3
37 76 3
37 77 3
37 78 3
37 79 3
37 80 3
37 81 2
37 82 2
37 83 1
37 84 1
37 85 2
37 86 1
37 87 4
37 88 3
37 89 3
37 90 3
37 91 2
37 92 1
37 93 2
37 94 2
37 95 1
37 96 3
37 97 2
37 98 2
37 99 2
38 39 2
38 40 2
38 41 3
38 42 1
38 43 2
38 44 1
38 45 3
38 46 2
38 47 3
38 48 2
38 49 2
38 50 1
38 51 3
38 52 1
38 53 1
38 54 3
38 55 1
38 56 3
38 57 1
38 58 1
38 59 3
38 60 3
38 61 3
38 62 2
38 63 2
38 64 2
38 65 1
38 66 2
38 67 1
38 68 1
38 69 2
38 70 1
38 71 1
38 72 2
38 73 2
38 74 3
38 75 1
38 76 1
38 77 2
38 78 2
38 79 2
38 80 1
38 81 2
38 82 2
38 83 3
38 84 4
38 85 3
38 86 3
38 87 1
38 88 1
38 89 1
38 90 1
38 91 3
38 92 3
38 93 1
38 94 2
38 95 3
38 96 1
38 97 2
38 98 2
38 99 3
39 40 1
39 41 2
39 42 2
39 43 3
39 44 2
39 45 2
39 46 1
39 47 3
39 48 2
39 49 1
39 50 1
39 51 1
39 52 2
39 53 1
39 54 2
39 55 2
39 56 2
39 57 1
39 58 1
39 59 2
39 60 2
39 61 2
39 62 1
39 63 1
39 64 1
39 65 1
39 66 1
39 67 1
39 68 2
39 69 1
39 70 1
39 71 2
39 72 1
39 73 2
39 74 2
39 75 1
39 76 2
39 77 1
39 78 2
39 79 2
39 80 2
39 81 1
39 82 1
39 83 2
39 84 3
39 85 3
39 86 1
39 87 2
39 88 2
39 89 2
39 90 1
39 91 3
39 92 1
39 93 1
39 94 1
39 95 2
39 96 2
39 97 1
39 98 1
39 99 2
40 41 2
40 42 2
40 43 3
40 44 2
40 45 3
40 46 1
40 47 3
40 48 2
40 49 1
40 50 1
40 51 1
40 52 3
40 53 2
40 54 2
40 55 3
40 56 2
40 57 1
40 58 1
40 59 3
40 60 2
40 61 1
40 62 1
40 63 2
40 64 1
40 65 2
40 66 2
40 67 1
40 68 2
40 69 2
40 70 1
40 71 2
40 72 1
40 73 2
40 74 2
40 75 2
40 76 2
40 77 1
40 78 3
40 79 3
40 80 2
40 81 2
40 82 1
40 83 2
40 84 2
40 85 3
40 86 1
40 87 3
40 88 2
40 89 2
40 90 2
40 91 3
40 92 1
40 93 2
40 94 1
40 95 1
40 96 3
40 97 1
40 98 1
40 99 3
41 42 3
41 43 3
41 44 3
41 45 3
41 46 2
41 47 3
41 48 2
41 49 2
41 50 2
41 51 1
41 52 4
41 53 3
41 54 1
41 55 3
41 56 2
41 57 2
41 58 2
41 59 2
41 60 1
41 61 1
41 62 2
41 63 2
41 64 1
41 65 3
41 66 2
41 67 2
41 68 3
41 69 2
41 70 2
41 71 3
41 72 1
41 73 2
41 74 1
41 75 3
41 76 3
41 77 3
41 78 3
41 79 3
41 80 3
41 81 2
41 82 2
41 83 1
41 84 1
41 85 3
41 86 1
41 87 4
41 88 3
41 89 3
41 90 3
41 91 3
41 92 1
41 93 3
41 94 2
41 95 1
41 96 3
41 97 2
41 98 2
41 99 3
42 43 2
42 44 1
42 45 2
42 46 2
42 47 3
42 48 2
42 49 2
42 50 1
42 51 2
42 52 1
42 53 1
42 54 3
42 55 1
42 56 2
42 57 1
42 58 1
42 59 3
42 60 3
42 61 2
42 62 2
42 63 2
42 64 2
42 65 1
42 66 2
42 67 1
42 68 1
42 69 2
42 70 1
42 71 1
42 72 2
42 73 2
42 74 3
42 75 1
42 76 1
42 77 2
42 78 2
42 79 2
42 80 1
42 81 2
42 82 1
42 83 3
42 84 3
42 85 3
42 86 3
42 87 1
42 88 1
42 89 1
42 90 1
42 91 3
42 92 3
42 93 1
42 94 2
42 95 3
42 96 1
42 97 2
42 98 2
42 99 3
43 44 2
43 45 1
43 46 3
43 47 1
43 48 1
43 49 3
43 50 2
43 51 3
43 52 3
43 53 2
43 54 3
43 55 2
43 56 2
43 57 3
43 58 3
43 59 2
43 60 2
43 61 3
43 62 3
43 63 2
43 64 3
43 65 2
43 66 2
43 67 3
43 68 3
43 69 2
43 70 3
43 71 2
43 72 3
43 73 2
43 74 2
43 75 2
43 76 1
43 77 4
43 78 1
43 79 1
43 80 2
43 81 2
43 82 2
43 83 3
43 84 3
43 85 1
43 86 3
43 87 2
43 88 3
43 89 3
43 90 3
43 91 2
43 92 3
43 93 2
43 94 2
43 95 3
43 96 1
43 97 3
43 98 3
43 99 1
44 45 3
44 46 2
44 47 3
44 48 2
44 49 2
44 50 1
44 51 3
44 52 1
44 53 1
44 54 3
44 55 1
44 56 3
44 57 1
44 58 1
44 59 3
44 60 3
44 61 3
44 62 2
44 63 2
44 64 2
44 65 1
44 66 2
44 67 1
44 68 1
44 69 2
44 70 1
44 71 1
44 72 2
44 73 2
44 74 3
44 75 1
44 76 1
44 77 2
44 78 2
44 79 2
44 80 1
44 81 2
44 82 2
44 83 3
44 84 4
44 85 3
44 86 3
44 87 1
44 88 1
44 89 1
44 90 1
44 91 3
44 92 3
44 93 1
44 94 2
44 95 3
44 96 2
44 97 2
44 98 2
44 99 3
45 46 3
45 47 1
45 48 1
45 49 3
45 50 2
45 51 2
45 52 3
45 53 2
45 54 2
45 55 2
45 56 1
45 57 2
45 58 2
45 59 1
45 60 2
45 61 2
45 62 2
45 63 1
45 64 2
45 65 2
45 66 1
45 67 2
45 68 3
45 69 1
45 70 2
45 71 2
45 72 2
45 73 1
45 74 2
45 75 2
45 76 2
45 77 3
45 78 1
45 79 1
45 80 2
45 81 1
45 82 2
45 83 2
45 84 2
45 85 1
45 86 3
45 87 3
45 88 3
45 89 3
45 90 3
45 91 1
45 92 3
45 93 2
45 94 2
45 95 3
45 96 2
45 97 2
45 98 3
45 99 1
46 47 3
46 48 2
46 49 1
46 50 1
46 51 2
46 52 2
46 53 2
46 54 3
46 55 2
46 56 2
46 57 1
46 58 1
46 59 3
46 60 2
46 61 2
46 62 1
46 63 2
46 64 2
46 65 1
46 66 2
46 67 1
46 68 2
46 69 2
46 70 1
46 71 2
46 72 2
46 73 2
46 74 3
46 75 2
46 76 2
46 77 1
46 78 3
46 79 3
46 80 2
46 81 2
46 82 1
46 83 3
46 84 3
46 85 3
46 86 1
46 87 2
46 88 1
46 89 2
46 90 1
46 91 3
46 92 1
46 93 2
46 94 2
46 95 2
46 96 2
46 97 1
46 98 1
46 99 3
47 48 1
47 49 3
47 50 2
47 51 3
47 52 3
47 53 3
47 54 2
47 55 2
47 56 2
47 57 3
47 58 3
47 59 1
47 60 2
47 61 3
47 62 3
47 63 2
47 64 2
47 65 3
47 66 2
47 67 3
47 68 3
47 69 2
47 70 3
47 71 2
47 72 2
47 73 1
47 74 2
47 75 3
47 76 2
47 77 4
47 78 1
47 79 1
47 80 2
47 81 2
47 82 2
47 83 2
47 84 3
47 85 1
47 86 3
47 87 3
47 88 3
47 89 3
47 90 3
47 91 1
47 92 3
47 93 2
47 94 2
47 95 3
47 96 2
47 97 3
47 98 3
47 99 1
48 49 2
48 50 2
48 51 2
48 52 3
48 53 2
48 54 2
48 55 2
48 56 1
48 57 2
48 58 2
48 59 1
48 60 1
48 61 2
48 62 2
48 63 1
48 64 2
48 65 2
48 66 1
48 67 2
48 68 2
48 69 1
48 70 2
48 71 2
48 72 2
48 73 1
48 74 1
48 75 2
48 76 1
48 77 3
48 78 1
48 79 1
48 80 2
48 81 1
48 82 1
48 83 2
48 84 2
48 85 1
48 86 2
48 87 2
48 88 3
48 89 2
48 90 2
48 91 1
48 92 2
48 93 2
48 94 1
48 95 2
48 96 2
48 97 2
48 98 2
48 99 1
49 50 1
49 51 1
49 52 3
49 53 2
49 54 3
49 55 3
49 56 2
49 57 1
49 58 1
49 59 3
49 60 2
49 61 2
49 62 1
49 63 2
49 64 2
49 65 2
49 66 2
49 67 1
49 68 2
49 69 2
49 70 1
49 71 2
49 72 2
49 73 2
49 74 2
49 75 2
49 76 2
49 77 1
49 78 3
49 79 3
49 80 2
49 81 2
49 82 1
49 83 2
49 84 3
49 85 3
49 86 1
49 87 3
49 88 2
49 89 2
49 90 2
49 91 3
49 92 1
49 93 2
49 94 2
49 95 2
49 96 3
49 97 1
49 98 1
49 99 3
50 51 2
50 52 2
50 53 1
50 54 2
50 55 2
50 56 2
50 57 1
50 58 1
50 59 2
50 60 2
50 61 2
50 62 1
50 63 1
50 64 1
50 65 1
50 66 1
50 67 1
50 68 2
50 69 1
50 70 1
50 71 1
50 72 1
50 73 1
50 74 2
50 75 1
50 76 1
50 77 2
50 78 2
50 79 2
50 80 1
50 81 1
50 82 1
50 83 2
50 84 3
50 85 2
50 86 2
50 87 2
50 88 2
50 89 2
50 90 1
50 91 2
50 92 2
50 93 1
50 94 1
50 95 2
50 96 2
50 97 1
50 98 1
50 99 2
51 52 3
51 53 2
51 54 2
51 55 3
51 56 2
51 57 2
51 58 2
51 59 2
51 60 1
51 61 1
51 62 1
51 63 2
51 64 1
51 65 2
51 66 1
51 67 2
51 68 3
51 69 1
51 70 2
51 71 2
51 72 1
51 73 2
51 74 1
51 75 2
51 76 2
51 77 2
51 78 3
51 79 3
51 80 2
51 81 2
51 82 1
51 83 1
51 84 2
51 85 3
51 86 1
51 87 3
51 88 3
51 89 3
51 90 2
51 91 3
51 92 1
51 93 2
51 94 1
51 95 1
51 96 3
51 97 1
51 98 2
51 99 3
52 53 2
52 54 4
52 55 2
52 56 3
52 57 2
52 58 2
52 59 3
52 60 3
52 61 3
52 62 3
52 63 2
52 64 3
52 65 2
52 66 3
52 67 2
52 68 1
52 69 3
52 70 2
52 71 1
52 72 3
52 73 3
52 74 3
52 75 1
52 76 2
52 77 2
52 78 3
52 79 2
52 80 1
52 81 3
52 82 2
52 83 4
52 84 4
52 85 3
52 86 3
52 87 1
52 88 2
52 89 1
52 90 1
52 91 3
52 92 3
52 93 2
52 94 3
52 95 4
52 96 2
52 97 2
52 98 2
52 99 3
53 54 3
53 55 1
53 56 2
53 57 1
53 58 1
53 59 2
53 60 2
53 61 2
53 62 2
53 63 2
53 64 2
53 65 1
53 66 2
53 67 1
53 68 1
53 69 2
53 70 1
53 71 1
53 72 2
53 73 2
53 74 2
53 75 1
53 76 1
53 77 2
53 78 2
53 79 2
53 80 1
53 81 1
53 82 1
53 83 3
53 84 3
53 85 3
53 86 2
53 87 1
53 88 1
53 89 1
53 90 1
53 91 3
53 92 2
53 93 1
53 94 1
53 95 3
53 96 1
53 97 2
53 98 1
53 99 3
54 55 3
54 56 1
54 57 3
54 58 3
54 59 1
54 60 1
54 61 1
54 62 2
54 63 2
54 64 1
54 65 3
54 66 1
54 67 3
54 68 3
54 69 1
54 70 2
54 71 3
54 72 1
54 73 2
54 74 1
54 75 3
54 76 3
54 77 3
54 78 3
54 79 3
54 80 3
54 81 2
54 82 2
54 83 1
54 84 1
54 85 2
54 86 2
54 87 4
54 88 3
54 89 3
54 90 3
54 91 2
54 92 2
54 93 2
54 94 2
54 95 1
54 96 3
54 97 2
54 98 3
54 99 2
55 56 2
55 57 2
55 58 2
55 59 2
55 60 2
55 61 3
55 62 2
55 63 1
55 64 2
55 65 1
55 66 2
55 67 2
55 68 2
55 69 2
55 70 2
55 71 1
55 72 2
55 73 2
55 74 2
55 75 1
55 76 1
55 77 3
55 78 2
55 79 1
55 80 1
55 81 2
55 82 2
55 83 3
55 84 3
55 85 2
55 86 3
55 87 1
55 88 2
55 89 1
55 90 2
55 91 2
55 92 3
55 93 1
55 94 2
55 95 3
55 96 1
55 97 2
55 98 2
55 99 2
56 57 2
56 58 2
56 59 1
56 60 1
56 61 1
56 62 2
56 63 1
56 64 1
56 65 2
56 66 1
56 67 2
56 68 3
56 69 1
56 70 2
56 71 2
56 72 1
56 73 1
56 74 1
56 75 2
56 76 2
56 77 3
56 78 2
56 79 2
56 80 2
56 81 1
56 82 1
56 83 1
56 84 1
56 85 1
56 86 2
56 87 3
56 88 3
56 89 3
56 90 2
56 91 1
56 92 2
56 93 2
56 94 1
56 95 2
56 96 2
56 97 2
56 98 2
56 99 1
57 58 1
57 59 3
57 60 2
57 61 2
57 62 1
57 63 2
57 64 2
57 65 1
57 66 2
57 67 1
57 68 1
57 69 2
57 70 1
57 71 2
57 72 2
57 73 2
57 74 2
57 75 1
57 76 2
57 77 1
57 78 3
57 79 3
57 80 2
57 81 2
57 82 1
57 83 2
57 84 3
57 85 3
57 86 2
57 87 2
57 88 1
57 89 2
57 90 1
57 91 3
57 92 2
57 93 1
57 94 1
57 95 2
57 96 2
57 97 1
57 98 1
57 99 3
58 59 3
58 60 2
58 61 2
58 62 1
58 63 2
58 64 2
58 65 1
58 66 2
58 67 1
58 68 1
58 69 2
58 70 1
58 71 2
58 72 2
58 73 2
58 74 2
58 75 1
58 76 2
58 77 1
58 78 3
58 79 2
58 80 2
58 81 2
58 82 1
58 83 2
58 84 3
58 85 3
58 86 2
58 87 2
58 88 1
58 89 2
58 90 1
58 91 3
58 92 2
58 93 1
58 94 1
58 95 2
58 96 2
58 97 1
58 98 1
58 99 3
59 60 1
59 61 2
59 62 2
59 63 1
59 64 2
59 65 2
59 66 1
59 67 2
59 68 3
59 69 1
59 70 2
59 71 2
59 72 2
59 73 1
59 74 1
59 75 3
59 76 2
59 77 3
59 78 2
59 79 2
59 80 2
59 81 1
59 82 2
59 83 1
59 84 2
59 85 1
59 86 3
59 87 3
59 88 3
59 89 3
59 90 3
59 91 1
59 92 3
59 93 2
59 94 2
59 95 2
59 96 2
59 97 3
59 98 3
59 99 1
60 61 1
60 62 2
60 63 1
60 64 1
60 65 2
60 66 1
60 67 2
60 68 3
60 69 1
60 70 2
60 71 2
60 72 1
60 73 1
60 74 1
60 75 3
60 76 2
60 77 3
60 78 2
60 79 2
60 80 2
60 81 1
60 82 2
60 83 1
60 84 1
60 85 2
60 86 2
60 87 3
60 88 3
60 89 3
60 90 3
60 91 2
60 92 2
60 93 2
60 94 1
60 95 1
60 96 2
60 97 2
60 98 2
60 99 2
61 62 1
61 63 2
61 64 1
61 65 2
61 66 1
61 67 2
61 68 3
61 69 1
61 70 2
61 71 2
61 72 1
61 73 2
61 74 1
61 75 2
61 76 2
61 77 2
61 78 3
61 79 2
61 80 2
61 81 1
61 82 2
61 83 1
61 84 1
61 85 2
61 86 1
61 87 3
61 88 3
61 89 3
61 90 2
61 91 2
61 92 1
61 93 2
61 94 1
61 95 1
61 96 3
61 97 2
61 98 2
61 99 2
62 63 2
62 64 1
62 65 2
62 66 2
62 67 1
62 68 2
62 69 1
62 70 1
62 71 2
62 72 1
62 73 2
62 74 2
62 75 2
62 76 2
62 77 1
62 78 3
62 79 3
62 80 2
62 81 1
62 82 1
62 83 2
62 84 2
62 85 3
62 86 1
62 87 3
62 88 2
62 89 2
62 90 2
62 91 3
62 92 1
62 93 2
62 94 1
62 95 2
62 96 2
62 97 1
62 98 1
62 99 3
63 64 1
63 65 2
63 66 1
63 67 2
63 68 2
63 69 1
63 70 1
63 71 1
63 72 1
63 73 1
63 74 1
63 75 2
63 76 1
63 77 2
63 78 1
63 79 1
63 80 1
63 81 1
63 82 1
63 83 2
63 84 2
63 85 2
63 86 2
63 87 2
63 88 2
63 89 2
63 90 2
63 91 2
63 92 2
63 93 1
63 94 1
63 95 2
63 96 1
63 97 2
63 98 2
63 99 1
64 65 2
64 66 1
64 67 2
64 68 2
64 69 1
64 70 1
64 71 2
64 72 1
64 73 1
64 74 1
64 75 2
64 76 2
64 77 2
64 78 2
64 79 2
64 80 2
64 81 1
64 82 1
64 83 1
64 84 2
64 85 2
64 86 1
64 87 3
64 88 2
64 89 3
64 90 2
64 91 2
64 92 1
64 93 2
64 94 1
64 95 1
64 96 2
64 97 1
64 98 2
64 99 2
65 66 2
65 67 1
65 68 1
65 69 2
65 70 1
65 71 1
65 72 2
65 73 2
65 74 2
65 75 1
65 76 1
65 77 2
65 78 2
65 79 2
65 80 1
65 81 1
65 82 1
65 83 3
65 84 3
65 85 3
65 86 2
65 87 1
65 88 1
65 89 1
65 90 1
65 91 3
65 92 2
65 93 1
65 94 1
65 95 3
65 96 1
65 97 2
65 98 1
65 99 3
66 67 2
66 68 3
66 69 1
66 70 2
66 71 2
66 72 1
66 73 1
66 74 1
66 75 2
66 76 2
66 77 2
66 78 2
66 79 2
66 80 2
66 81 1
66 82 1
66 83 1
66 84 2
66 85 2
66 86 2
66 87 3
66 88 3
66 89 3
66 90 2
66 91 2
66 92 2
66 93 2
66 94 1
66 95 2
66 96 2
66 97 2
66 98 2
66 99 2
67 68 1
67 69 2
67 70 1
67 71 1
67 72 2
67 73 2
67 74 2
67 75 1
67 76 2
67 77 1
67 78 3
67 79 2
67 80 1
67 81 1
67 82 1
67 83 2
67 84 3
67 85 3
67 86 2
67 87 2
67 88 1
67 89 1
67 90 1
67 91 3
67 92 2
67 93 1
67 94 1
67 95 2
67 96 2
67 97 1
67 98 1
67 99 3
68 69 2
68 70 1
68 71 1
68 72 3
68 73 2
68 74 3
68 75 1
68 76 2
68 77 2
68 78 3
68 79 2
68 80 1
68 81 2
68 82 2
68 83 3
68 84 4
68 85 3
68 86 3
68 87 1
68 88 1
68 89 1
68 90 1
68 91 3
68 92 3
68 93 1
68 94 2
68 95 3
68 96 2
68 97 2
68 98 2
68 99 3
69 70 1
69 71 2
69 72 1
69 73 1
69 74 1
69 75 2
69 76 2
69 77 2
69 78 2
69 79 2
69 80 2
69 81 1
69 82 1
69 83 1
69 84 2
69 85 2
69 86 2
69 87 3
69 88 2
69 89 2
69 90 2
69 91 2
69 92 2
69 93 1
69 94 1
69 95 2
69 96 2
69 97 2
69 98 2
69 99 2
70 71 1
70 72 2
70 73 2
70 74 2
70 75 1
70 76 2
70 77 1
70 78 2
70 79 2
70 80 1
70 81 1
70 82 1
70 83 2
70 84 3
70 85 3
70 86 2
70 87 2
70 88 1
70 89 2
70 90 1
70 91 3
70 92 2
70 93 1
70 94 1
70 95 2
70 96 2
70 97 1
70 98 1
70 99 2
71 72 2
71 73 2
71 74 2
71 75 1
71 76 1
71 77 2
71 78 2
71 79 1
71 80 1
71 81 2
71 82 1
71 83 3
71 84 3
71 85 2
71 86 3
71 87 1
71 88 2
71 89 1
71 90 1
71 91 2
71 92 3
71 93 1
71 94 2
71 95 3
71 96 1
71 97 2
71 98 2
71 99 2
72 73 1
72 74 1
72 75 2
72 76 2
72 77 2
72 78 2
72 79 2
72 80 2
72 81 1
72 82 1
72 83 1
72 84 2
72 85 2
72 86 1
72 87 3
72 88 3
72 89 3
72 90 2
72 91 2
72 92 1
72 93 2
72 94 1
72 95 1
72 96 2
72 97 2
72 98 2
72 99 2
73 74 1
73 75 2
73 76 2
73 77 3
73 78 1
73 79 1
73 80 2
73 81 1
73 82 1
73 83 1
73 84 2
73 85 1
73 86 2
73 87 3
73 88 3
73 89 2
73 90 2
73 91 1
73 92 2
73 93 2
73 94 1
73 95 2
73 96 2
73 97 2
73 98 2
73 99 1
74 75 3
74 76 2
74 77 3
74 78 2
74 79 2
74 80 2
74 81 1
74 82 2
74 83 1
74 84 1
74 85 2
74 86 2
74 87 3
74 88 3
74 89 3
74 90 3
74 91 2
74 92 2
74 93 2
74 94 1
74 95 1
74 96 2
74 97 2
74 98 2
74 99 2
75 76 1
75 77 2
75 78 2
75 79 2
75 80 1
75 81 2
75 82 1
75 83 3
75 84 3
75 85 3
75 86 2
75 87 1
75 88 1
75 89 1
75 90 1
75 91 3
75 92 2
75 93 1
75 94 2
75 95 3
75 96 1
75 97 2
75 98 2
75 99 3
76 77 3
76 78 1
76 79 1
76 80 1
76 81 1
76 82 1
76 83 3
76 84 3
76 85 2
76 86 3
76 87 2
76 88 2
76 89 2
76 90 2
76 91 2
76 92 3
76 93 1
76 94 2
76 95 3
76 96 1
76 97 2
76 98 2
76 99 2
77 78 3
77 79 3
77 80 2
77 81 2
77 82 2
77 83 3
77 84 3
77 85 4
77 86 2
77 87 2
77 88 1
77 89 2
77 90 1
77 91 4
77 92 2
77 93 2
77 94 2
77 95 2
77 96 3
77 97 1
77 98 1
77 99 3
78 79 1
78 80 2
78 81 2
78 82 2
78 83 2
78 84 3
78 85 1
78 86 3
78 87 2
78 88 3
78 89 3
78 90 3
78 91 1
78 92 3
78 93 2
78 94 2
78 95 3
78 96 1
78 97 3
78 98 3
78 99 1
79 80 1
79 81 2
79 82 2
79 83 2
79 84 3
79 85 1
79 86 3
79 87 2
79 88 3
79 89 2
79 90 2
79 91 1
79 92 3
79 93 2
79 94 2
79 95 3
79 96 1
79 97 3
79 98 3
79 99 1
80 81 2
80 82 1
80 83 3
80 84 3
80 85 2
80 86 3
80 87 1
80 88 2
80 89 1
80 90 1
80 91 2
80 92 3
80 93 1
80 94 2
80 95 3
80 96 1
80 97 2
80 98 2
80 99 2
81 82 1
81 83 2
81 84 2
81 85 2
81 86 2
81 87 2
81 88 2
81 89 2
81 90 2
81 91 2
81 92 2
81 93 1
81 94 1
81 95 2
81 96 2
81 97 2
81 98 2
81 99 2
82 83 2
82 84 2
82 85 2
82 86 2
82 87 2
82 88 2
82 89 2
82 90 1
82 91 2
82 92 2
82 93 1
82 94 1
82 95 2
82 96 2
82 97 1
82 98 1
82 99 2
83 84 1
83 85 2
83 86 2
83 87 4
83 88 3
83 89 3
83 90 3
83 91 2
83 92 2
83 93 2
83 94 2
83 95 1
83 96 3
83 97 2
83 98 3
83 99 2
84 85 2
84 86 2
84 87 4
84 88 4
84 89 4
84 90 3
84 91 2
84 92 2
84 93 3
84 94 2
84 95 1
84 96 3
84 97 3
84 98 3
84 99 2
85 86 3
85 87 3
85 88 3
85 89 3
85 90 3
85 91 1
85 92 3
85 93 2
85 94 2
85 95 3
85 96 2
85 97 3
85 98 3
85 99 1
86 87 3
86 88 2
86 89 3
86 90 2
86 91 3
86 92 1
86 93 2
86 94 1
86 95 1
86 96 3
86 97 1
86 98 1
86 99 3
87 88 2
87 89 1
87 90 1
87 91 3
87 92 3
87 93 2
87 94 2
87 95 4
87 96 1
87 97 2
87 98 2
87 99 3
88 89 1
88 90 1
88 91 3
88 92 2
88 93 1
88 94 2
88 95 3
88 96 2
88 97 2
88 98 1
88 99 3
89 90 1
89 91 3
89 92 3
89 93 1
89 94 2
89 95 3
89 96 2
89 97 2
89 98 2
89 99 3
90 91 3
90 92 2
90 93 1
90 94 2
90 95 3
90 96 2
90 97 1
90 98 1
90 99 3
91 92 3
91 93 2
91 94 2
91 95 3
91 96 2
91 97 3
91 98 3
91 99 1
92 93 2
92 94 2
92 95 1
92 96 3
92 97 1
92 98 1
92 99 3
93 94 1
93 95 3
93 96 1
93 97 2
93 98 2
93 99 2
94 95 2
94 96 2
94 97 1
94 98 1
94 99 2
95 96 3
95 97 2
95 98 2
95 99 3
96 97 2
96 98 2
96 99 2
97 98 1
97 99 3
98 99 3
