100 
0 1 4
0 2 5
0 3 4
0 4 5
0 5 3
0 6 4
0 7 2
0 8 5
0 9 4
0 10 5
0 11 2
0 12 3
0 13 2
0 14 4
0 15 4
0 16 3
0 17 2
0 18 3
0 19 2
0 20 4
0 21 1
0 22 4
0 23 3
0 24 4
0 25 3
0 26 4
0 27 2
0 28 4
0 29 2
0 30 1
0 31 5
0 32 1
0 33 1
0 34 4
0 35 2
0 36 1
0 37 3
0 38 5
0 39 4
0 40 4
0 41 1
0 42 4
0 43 1
0 44 4
0 45 1
0 46 5
0 47 5
0 48 4
0 49 3
0 50 1
0 51 4
0 52 3
0 53 4
0 54 4
0 55 3
0 56 4
0 57 4
0 58 3
0 59 3
0 60 5
0 61 2
0 62 1
0 63 2
0 64 5
0 65 3
0 66 3
0 67 4
0 68 1
0 69 4
0 70 3
0 71 3
0 72 2
0 73 1
0 74 3
0 75 2
0 76 3
0 77 4
0 78 4
0 79 1
0 80 4
0 81 1
0 82 5
0 83 5
0 84 2
0 85 1
0 86 5
0 87 1
0 88 4
0 89 1
0 90 2
0 91 3
0 92 5
0 93 2
0 94 4
0 95 5
0 96 2
0 97 4
0 98 5
0 99 3
1 2 4
1 3 3
1 4 4
1 5 4
1 6 1
1 7 3
1 8 6
1 9 4
1 10 4
1 11 2
1 12 4
1 13 5
1 14 6
1 15 4
1 16 3
1 17 2
1 18 6
1 19 5
1 20 3
1 21 4
1 22 1
1 23 4
1 24 6
1 25 1
1 26 2
1 27 5
1 28 1
1 29 2
1 30 4
1 31 4
1 32 4
1 33 5
1 34 3
1 35 4
1 36 4
1 37 5
1 38 4
1 39 4
1 40 6
1 41 4
1 42 6
1 43 4
1 44 1
1 45 5
1 46 5
1 47 4
1 48 4
1 49 3
1 50 3
1 51 4
1 52 5
1 53 4
1 54 1
1 55 1
1 56 5
1 57 4
1 58 5
1 59 2
1 60 4
1 61 2
1 62 4
1 63 5
1 64 4
1 65 1
1 66 6
1 67 4
1 68 3
1 69 2
1 70 3
1 71 5
1 72 3
1 73 4
1 74 3
1 75 4
1 76 3
1 77 2
1 78 5
1 79 4
1 80 4
1 81 4
1 82 6
1 83 5
1 84 2
1 85 4
1 86 4
1 87 5
1 88 5
1 89 3
1 90 3
1 91 2
1 92 4
1 93 5
1 94 1
1 95 5
1 96 5
1 97 6
1 98 4
1 99 2
2 3 1
2 4 2
2 5 2
2 6 5
2 7 3
2 8 3
2 9 1
2 10 1
2 11 3
2 12 2
2 13 3
2 14 4
2 15 1
2 16 2
2 17 4
2 18 4
2 19 4
2 20 2
2 21 5
2 22 3
2 23 3
2 24 4
2 25 4
2 26 2
2 27 4
2 28 4
2 29 4
2 30 5
2 31 1
2 32 4
2 33 6
2 34 1
2 35 4
2 36 5
2 37 4
2 38 1
2 39 1
2 40 4
2 41 5
2 42 4
2 43 4
2 44 4
2 45 5
2 46 2
2 47 1
2 48 1
2 49 2
2 50 4
2 51 1
2 52 3
2 53 1
2 54 4
2 55 4
2 56 3
2 57 1
2 58 3
2 59 3
2 60 1
2 61 4
2 62 4
2 63 3
2 64 1
2 65 4
2 66 4
2 67 1
2 68 4
2 69 2
2 70 2
2 71 3
2 72 3
2 73 4
2 74 2
2 75 3
2 76 2
2 77 2
2 78 3
2 79 4
2 80 1
2 81 5
2 82 3
2 83 1
2 84 3
2 85 4
2 86 1
2 87 5
2 88 3
2 89 4
2 90 3
2 91 3
2 92 1
2 93 4
2 94 4
2 95 1
2 96 5
2 97 4
2 98 2
2 99 3
3 4 2
3 5 2
3 6 4
3 7 2
3 8 3
3 9 1
3 10 1
3 11 2
3 12 2
3 13 3
3 14 4
3 15 1
3 16 1
3 17 3
3 18 4
3 19 4
3 20 1
3 21 4
3 22 2
3 23 2
3 24 4
3 25 3
3 26 1
3 27 3
3 28 3
3 29 3
3 30 4
3 31 1
3 32 3
3 33 5
3 34 1
3 35 3
3 36 4
3 37 4
3 38 1
3 39 1
3 40 4
3 41 4
3 42 4
3 43 4
3 44 3
3 45 4
3 46 2
3 47 1
3 48 1
3 49 1
3 50 4
3 51 1
3 52 3
3 53 1
3 54 3
3 55 3
3 56 3
3 57 1
3 58 3
3 59 2
3 60 1
3 61 3
3 62 3
3 63 3
3 64 2
3 65 3
3 66 4
3 67 1
3 68 3
3 69 1
3 70 1
3 71 3
3 72 2
3 73 3
3 74 2
3 75 3
3 76 1
3 77 1
3 78 3
3 79 4
3 80 1
3 81 4
3 82 3
3 83 2
3 84 2
3 85 3
3 86 1
3 87 4
3 88 3
3 89 3
3 90 3
3 91 2
3 92 1
3 93 3
3 94 3
3 95 2
3 96 4
3 97 4
3 98 2
3 99 2
4 5 3
4 6 5
4 7 4
4 8 4
4 9 2
4 10 1
4 11 3
4 12 3
4 13 4
4 14 5
4 15 2
4 16 2
4 17 4
4 18 5
4 19 5
4 20 1
4 21 6
4 22 3
4 23 4
4 24 5
4 25 4
4 26 2
4 27 5
4 28 4
4 29 4
4 30 5
4 31 1
4 32 5
4 33 6
4 34 1
4 35 5
4 36 5
4 37 5
4 38 2
4 39 2
4 40 5
4 41 5
4 42 5
4 43 5
4 44 4
4 45 6
4 46 3
4 47 1
4 48 2
4 49 3
4 50 5
4 51 2
4 52 4
4 53 2
4 54 4
4 55 4
4 56 4
4 57 2
4 58 4
4 59 3
4 60 1
4 61 4
4 62 5
4 63 4
4 64 1
4 65 4
4 66 5
4 67 2
4 68 4
4 69 2
4 70 2
4 71 4
4 72 3
4 73 5
4 74 3
4 75 4
4 76 3
4 77 2
4 78 4
4 79 5
4 80 2
4 81 6
4 82 4
4 83 2
4 84 3
4 85 5
4 86 1
4 87 6
4 88 4
4 89 4
4 90 4
4 91 3
4 92 2
4 93 5
4 94 4
4 95 2
4 96 6
4 97 5
4 98 1
4 99 3
5 6 4
5 7 1
5 8 3
5 9 2
5 10 2
5 11 3
5 12 1
5 13 1
5 14 3
5 15 1
5 16 2
5 17 3
5 18 2
5 19 2
5 20 3
5 21 3
5 22 3
5 23 1
5 24 3
5 25 4
5 26 2
5 27 2
5 28 4
5 29 3
5 30 3
5 31 2
5 32 2
5 33 4
5 34 2
5 35 2
5 36 3
5 37 2
5 38 2
5 39 1
5 40 2
5 41 3
5 42 2
5 43 2
5 44 4
5 45 3
5 46 2
5 47 2
5 48 2
5 49 1
5 50 3
5 51 2
5 52 1
5 53 2
5 54 4
5 55 4
5 56 2
5 57 2
5 58 2
5 59 2
5 60 3
5 61 3
5 62 2
5 63 1
5 64 3
5 65 3
5 66 2
5 67 2
5 68 2
5 69 2
5 70 2
5 71 1
5 72 2
5 73 2
5 74 1
5 75 1
5 76 1
5 77 3
5 78 2
5 79 2
5 80 1
5 81 3
5 82 3
5 83 2
5 84 2
5 85 2
5 86 3
5 87 3
5 88 2
5 89 3
5 90 2
5 91 2
5 92 2
5 93 2
5 94 4
5 95 3
5 96 3
5 97 3
5 98 3
5 99 3
6 7 3
6 8 6
6 9 4
6 10 5
6 11 2
6 12 4
6 13 5
6 14 6
6 15 4
6 16 3
6 17 2
6 18 6
6 19 5
6 20 4
6 21 4
6 22 2
6 23 4
6 24 6
6 25 1
6 26 3
6 27 5
6 28 1
6 29 2
6 30 4
6 31 5
6 32 4
6 33 5
6 34 4
6 35 4
6 36 4
6 37 5
6 38 5
6 39 4
6 40 6
6 41 4
6 42 6
6 43 4
6 44 1
6 45 5
6 46 5
6 47 5
6 48 4
6 49 3
6 50 3
6 51 4
6 52 5
6 53 4
6 54 1
6 55 1
6 56 5
6 57 4
6 58 5
6 59 2
6 60 5
6 61 2
6 62 4
6 63 5
6 64 5
6 65 1
6 66 6
6 67 4
6 68 3
6 69 3
6 70 3
6 71 5
6 72 3
6 73 4
6 74 3
6 75 4
6 76 3
6 77 3
6 78 5
6 79 4
6 80 4
6 81 4
6 82 6
6 83 5
6 84 2
6 85 4
6 86 5
6 87 5
6 88 5
6 89 3
6 90 3
6 91 2
6 92 5
6 93 5
6 94 1
6 95 5
6 96 5
6 97 6
6 98 5
6 99 2
7 8 4
7 9 3
7 10 3
7 11 2
7 12 2
7 13 2
7 14 4
7 15 2
7 16 2
7 17 2
7 18 3
7 19 2
7 20 3
7 21 2
7 22 3
7 23 1
7 24 4
7 25 3
7 26 2
7 27 2
7 28 3
7 29 2
7 30 2
7 31 3
7 32 1
7 33 3
7 34 3
7 35 1
7 36 2
7 37 2
7 38 3
7 39 2
7 40 3
7 41 2
7 42 3
7 43 2
7 44 4
7 45 2
7 46 3
7 47 3
7 48 2
7 49 2
7 50 2
7 51 2
7 52 2
7 53 2
7 54 3
7 55 3
7 56 3
7 57 2
7 58 3
7 59 1
7 60 3
7 61 2
7 62 1
7 63 2
7 64 3
7 65 2
7 66 3
7 67 2
7 68 1
7 69 2
7 70 2
7 71 2
7 72 1
7 73 1
7 74 1
7 75 1
7 76 1
7 77 3
7 78 3
7 79 2
7 80 2
7 81 2
7 82 4
7 83 3
7 84 1
7 85 1
7 86 3
7 87 2
7 88 3
7 89 2
7 90 1
7 91 2
7 92 3
7 93 2
7 94 3
7 95 4
7 96 2
7 97 4
7 98 4
7 99 2
8 9 2
8 10 3
8 11 5
8 12 2
8 13 3
8 14 2
8 15 3
8 16 4
8 17 6
8 18 2
8 19 4
8 20 4
8 21 5
8 22 5
8 23 3
8 24 1
8 25 6
8 26 4
8 27 4
8 28 6
8 29 6
8 30 5
8 31 3
8 32 4
8 33 6
8 34 3
8 35 4
8 36 5
8 37 3
8 38 3
8 39 3
8 40 2
8 41 5
8 42 2
8 43 4
8 44 6
8 45 5
8 46 1
8 47 3
8 48 3
8 49 3
8 50 5
8 51 3
8 52 3
8 53 3
8 54 6
8 55 6
8 56 1
8 57 3
8 58 2
8 59 4
8 60 3
8 61 5
8 62 4
8 63 3
8 64 3
8 65 5
8 66 3
8 67 3
8 68 5
8 69 4
8 70 4
8 71 2
8 72 4
8 73 5
8 74 4
8 75 3
8 76 3
8 77 4
8 78 1
8 79 4
8 80 2
8 81 5
8 82 1
8 83 2
8 84 4
8 85 4
8 86 4
8 87 5
8 88 1
8 89 6
8 90 5
8 91 4
8 92 3
8 93 3
8 94 6
8 95 2
8 96 4
8 97 1
8 98 4
8 99 5
9 10 1
9 11 3
9 12 2
9 13 3
9 14 4
9 15 1
9 16 2
9 17 4
9 18 4
9 19 4
9 20 2
9 21 5
9 22 3
9 23 2
9 24 3
9 25 4
9 26 2
9 27 3
9 28 4
9 29 4
9 30 4
9 31 1
9 32 4
9 33 5
9 34 1
9 35 3
9 36 4
9 37 4
9 38 1
9 39 1
9 40 4
9 41 4
9 42 4
9 43 4
9 44 4
9 45 4
9 46 1
9 47 1
9 48 1
9 49 1
9 50 4
9 51 1
9 52 3
9 53 1
9 54 4
9 55 4
9 56 2
9 57 1
9 58 3
9 59 2
9 60 2
9 61 4
9 62 4
9 63 3
9 64 1
9 65 3
9 66 4
9 67 1
9 68 3
9 69 2
9 70 2
9 71 3
9 72 2
9 73 4
9 74 2
9 75 3
9 76 2
9 77 2
9 78 2
9 79 4
9 80 1
9 81 4
9 82 2
9 83 1
9 84 3
9 85 4
9 86 2
9 87 5
9 88 2
9 89 4
9 90 3
9 91 3
9 92 1
9 93 3
9 94 4
9 95 1
9 96 4
9 97 3
9 98 2
9 99 3
10 11 3
10 12 2
10 13 3
10 14 4
10 15 1
10 16 2
10 17 4
10 18 4
10 19 4
10 20 1
10 21 5
10 22 3
10 23 3
10 24 4
10 25 4
10 26 2
10 27 4
10 28 4
10 29 4
10 30 5
10 31 1
10 32 4
10 33 6
10 34 1
10 35 4
10 36 5
10 37 4
10 38 1
10 39 1
10 40 4
10 41 5
10 42 4
10 43 4
10 44 4
10 45 5
10 46 2
10 47 1
10 48 1
10 49 2
10 50 4
10 51 1
10 52 3
10 53 1
10 54 4
10 55 4
10 56 3
10 57 1
10 58 3
10 59 3
10 60 1
10 61 4
10 62 4
10 63 3
10 64 1
10 65 4
10 66 4
10 67 1
10 68 4
10 69 2
10 70 2
10 71 3
10 72 3
10 73 4
10 74 2
10 75 3
10 76 2
10 77 2
10 78 3
10 79 4
10 80 1
10 81 5
10 82 3
10 83 1
10 84 3
10 85 4
10 86 1
10 87 5
10 88 3
10 89 4
10 90 3
10 91 3
10 92 1
10 93 4
10 94 4
10 95 2
10 96 5
10 97 4
10 98 1
10 99 3
11 12 3
11 13 4
11 14 5
11 15 3
11 16 2
11 17 1
11 18 4
11 19 3
11 20 2
11 21 3
11 22 2
11 23 3
11 24 5
11 25 1
11 26 2
11 27 3
11 28 2
11 29 1
11 30 3
11 31 3
11 32 2
11 33 3
11 34 3
11 35 3
11 36 2
11 37 4
11 38 3
11 39 3
11 40 5
11 41 3
11 42 5
11 43 3
11 44 2
11 45 3
11 46 4
11 47 3
11 48 3
11 49 2
11 50 2
11 51 3
11 52 4
11 53 3
11 54 2
11 55 1
11 56 4
11 57 3
11 58 4
11 59 1
11 60 3
11 61 1
11 62 3
11 63 4
11 64 4
11 65 1
11 66 4
11 67 3
11 68 2
11 69 2
11 70 1
11 71 4
11 72 1
11 73 2
11 74 2
11 75 3
11 76 2
11 77 2
11 78 4
11 79 3
11 80 3
11 81 3
11 82 5
11 83 4
11 84 1
11 85 2
11 86 3
11 87 3
11 88 4
11 89 1
11 90 1
11 91 1
11 92 3
11 93 3
11 94 2
11 95 4
11 96 4
11 97 5
11 98 3
11 99 1
12 13 1
12 14 2
12 15 1
12 16 2
12 17 4
12 18 2
12 19 2
12 20 3
12 21 3
12 22 4
12 23 1
12 24 2
12 25 4
12 26 3
12 27 2
12 28 4
12 29 4
12 30 3
12 31 2
12 32 2
12 33 4
12 34 2
12 35 2
12 36 3
12 37 2
12 38 2
12 39 1
12 40 2
12 41 3
12 42 2
12 43 2
12 44 5
12 45 3
12 46 2
12 47 2
12 48 2
12 49 1
12 50 3
12 51 2
12 52 1
12 53 2
12 54 4
12 55 4
12 56 1
12 57 2
12 58 1
12 59 2
12 60 3
12 61 4
12 62 2
12 63 1
12 64 3
12 65 3
12 66 2
12 67 2
12 68 3
12 69 3
12 70 2
12 71 1
12 72 2
12 73 3
12 74 2
12 75 1
12 76 2
12 77 3
12 78 1
12 79 2
12 80 1
12 81 3
12 82 2
12 83 2
12 84 3
12 85 2
12 86 3
12 87 3
12 88 1
12 89 4
12 90 3
12 91 3
12 92 2
12 93 2
12 94 4
12 95 3
12 96 3
12 97 2
12 98 3
12 99 3
13 14 2
13 15 2
13 16 3
13 17 4
13 18 1
13 19 1
13 20 4
13 21 2
13 22 4
13 23 1
13 24 2
13 25 4
13 26 3
13 27 1
13 28 5
13 29 3
13 30 2
13 31 3
13 32 2
13 33 3
13 34 3
13 35 1
13 36 3
13 37 1
13 38 3
13 39 2
13 40 2
13 41 2
13 42 2
13 43 1
13 44 5
13 45 2
13 46 3
13 47 3
13 48 3
13 49 2
13 50 2
13 51 3
13 52 1
13 53 3
13 54 5
13 55 5
13 56 2
13 57 3
13 58 1
13 59 3
13 60 4
13 61 4
13 62 1
13 63 1
13 64 4
13 65 4
13 66 2
13 67 3
13 68 3
13 69 3
13 70 3
13 71 1
13 72 3
13 73 2
13 74 2
13 75 1
13 76 2
13 77 4
13 78 2
13 79 2
13 80 2
13 81 2
13 82 3
13 83 3
13 84 3
13 85 2
13 86 4
13 87 2
13 88 2
13 89 3
13 90 3
13 91 3
13 92 3
13 93 1
13 94 5
13 95 4
13 96 2
13 97 2
13 98 4
13 99 4
14 15 3
14 16 4
14 17 5
14 18 1
14 19 3
14 20 5
14 21 4
14 22 6
14 23 3
14 24 1
14 25 6
14 26 5
14 27 3
14 28 6
14 29 5
14 30 4
14 31 4
14 32 4
14 33 5
14 34 4
14 35 3
14 36 5
14 37 2
14 38 4
14 39 3
14 40 1
14 41 4
14 42 1
14 43 3
14 44 7
14 45 4
14 46 3
14 47 4
14 48 4
14 49 3
14 50 4
14 51 4
14 52 2
14 53 4
14 54 6
14 55 6
14 56 2
14 57 4
14 58 1
14 59 4
14 60 5
14 61 5
14 62 3
14 63 2
14 64 5
14 65 5
14 66 2
14 67 4
14 68 4
14 69 5
14 70 4
14 71 2
14 72 4
14 73 4
14 74 4
14 75 3
14 76 4
14 77 5
14 78 2
14 79 3
14 80 3
14 81 4
14 82 2
14 83 4
14 84 5
14 85 3
14 86 5
14 87 4
14 88 2
14 89 5
14 90 4
14 91 5
14 92 4
14 93 2
14 94 6
14 95 4
14 96 3
14 97 1
14 98 5
14 99 5
15 16 2
15 17 4
15 18 3
15 19 3
15 20 2
15 21 4
15 22 3
15 23 2
15 24 3
15 25 4
15 26 2
15 27 3
15 28 4
15 29 4
15 30 4
15 31 1
15 32 3
15 33 5
15 34 1
15 35 3
15 36 4
15 37 3
15 38 1
15 39 1
15 40 3
15 41 4
15 42 3
15 43 3
15 44 4
15 45 4
15 46 2
15 47 1
15 48 1
15 49 1
15 50 4
15 51 1
15 52 2
15 53 1
15 54 4
15 55 4
15 56 2
15 57 1
15 58 2
15 59 2
15 60 2
15 61 3
15 62 3
15 63 2
15 64 2
15 65 3
15 66 3
15 67 1
15 68 3
15 69 2
15 70 2
15 71 2
15 72 2
15 73 3
15 74 2
15 75 2
15 76 1
15 77 2
15 78 2
15 79 3
15 80 1
15 81 4
15 82 3
15 83 1
15 84 2
15 85 3
15 86 2
15 87 4
15 88 2
15 89 4
15 90 3
15 91 2
15 92 1
15 93 3
15 94 4
15 95 2
15 96 4
15 97 3
15 98 2
15 99 3
16 17 2
16 18 4
16 19 4
16 20 1
16 21 4
16 22 2
16 23 2
16 24 4
16 25 2
16 26 1
16 27 3
16 28 2
16 29 3
16 30 3
16 31 2
16 32 3
16 33 4
16 34 1
16 35 3
16 36 3
16 37 4
16 38 2
16 39 1
16 40 4
16 41 3
16 42 4
16 43 4
16 44 3
16 45 4
16 46 3
16 47 2
16 48 1
16 49 1
16 50 3
16 51 1
16 52 3
16 53 1
16 54 3
16 55 2
16 56 3
16 57 1
16 58 3
16 59 1
16 60 2
16 61 2
16 62 3
16 63 3
16 64 2
16 65 2
16 66 4
16 67 1
16 68 2
16 69 1
16 70 1
16 71 3
16 72 1
16 73 3
16 74 1
16 75 3
16 76 1
16 77 1
16 78 3
16 79 4
16 80 2
16 81 4
16 82 4
16 83 2
16 84 1
16 85 3
16 86 2
16 87 4
16 88 3
16 89 3
16 90 2
16 91 1
16 92 2
16 93 3
16 94 2
16 95 3
16 96 4
16 97 4
16 98 2
16 99 1
17 18 4
17 19 3
17 20 3
17 21 3
17 22 2
17 23 3
17 24 5
17 25 1
17 26 2
17 27 3
17 28 2
17 29 1
17 30 2
17 31 4
17 32 2
17 33 3
17 34 3
17 35 3
17 36 2
17 37 4
17 38 4
17 39 3
17 40 5
17 41 2
17 42 5
17 43 3
17 44 2
17 45 3
17 46 5
17 47 4
17 48 3
17 49 3
17 50 2
17 51 3
17 52 4
17 53 3
17 54 2
17 55 1
17 56 5
17 57 3
17 58 4
17 59 2
17 60 4
17 61 1
17 62 3
17 63 4
17 64 4
17 65 1
17 66 4
17 67 3
17 68 1
17 69 2
17 70 2
17 71 4
17 72 2
17 73 2
17 74 3
17 75 3
17 76 3
17 77 2
17 78 5
17 79 3
17 80 4
17 81 3
17 82 6
17 83 4
17 84 2
17 85 2
17 86 4
17 87 3
17 88 5
17 89 1
17 90 2
17 91 2
17 92 4
17 93 3
17 94 2
17 95 5
17 96 3
17 97 5
17 98 4
17 99 1
18 19 2
18 20 5
18 21 3
18 22 5
18 23 2
18 24 1
18 25 5
18 26 4
18 27 2
18 28 5
18 29 4
18 30 3
18 31 4
18 32 3
18 33 4
18 34 4
18 35 2
18 36 4
18 37 1
18 38 4
18 39 3
18 40 1
18 41 3
18 42 1
18 43 2
18 44 6
18 45 3
18 46 3
18 47 4
18 48 4
18 49 3
18 50 3
18 51 4
18 52 1
18 53 4
18 54 6
18 55 5
18 56 2
18 57 4
18 58 1
18 59 4
18 60 5
18 61 4
18 62 2
18 63 1
18 64 5
18 65 5
18 66 1
18 67 4
18 68 3
18 69 4
18 70 4
18 71 2
18 72 4
18 73 3
18 74 3
18 75 2
18 76 3
18 77 5
18 78 2
18 79 2
18 80 3
18 81 3
18 82 2
18 83 4
18 84 4
18 85 2
18 86 5
18 87 3
18 88 2
18 89 4
18 90 3
18 91 4
18 92 4
18 93 1
18 94 5
18 95 4
18 96 2
18 97 1
18 98 5
18 99 4
19 20 5
19 21 2
19 22 5
19 23 2
19 24 3
19 25 4
19 26 4
19 27 1
19 28 4
19 29 3
19 30 2
19 31 4
19 32 1
19 33 2
19 34 4
19 35 1
19 36 2
19 37 1
19 38 4
19 39 3
19 40 2
19 41 1
19 42 2
19 43 1
19 44 5
19 45 1
19 46 4
19 47 4
19 48 4
19 49 3
19 50 2
19 51 4
19 52 1
19 53 4
19 54 5
19 55 4
19 56 3
19 57 4
19 58 2
19 59 3
19 60 5
19 61 3
19 62 1
19 63 1
19 64 5
19 65 4
19 66 2
19 67 4
19 68 2
19 69 4
19 70 4
19 71 2
19 72 3
19 73 1
19 74 3
19 75 1
19 76 3
19 77 4
19 78 3
19 79 1
19 80 3
19 81 1
19 82 4
19 83 4
19 84 3
19 85 1
19 86 5
19 87 1
19 88 3
19 89 2
19 90 2
19 91 4
19 92 4
19 93 1
19 94 4
19 95 5
19 96 1
19 97 3
19 98 5
19 99 3
20 21 5
20 22 2
20 23 3
20 24 5
20 25 3
20 26 1
20 27 4
20 28 3
20 29 3
20 30 4
20 31 1
20 32 4
20 33 5
20 34 1
20 35 4
20 36 4
20 37 5
20 38 2
20 39 2
20 40 5
20 41 4
20 42 5
20 43 5
20 44 3
20 45 5
20 46 3
20 47 2
20 48 1
20 49 2
20 50 4
20 51 2
20 52 4
20 53 2
20 54 3
20 55 3
20 56 4
20 57 1
20 58 4
20 59 2
20 60 2
20 61 3
20 62 4
20 63 4
20 64 2
20 65 3
20 66 5
20 67 1
20 68 3
20 69 1
20 70 1
20 71 4
20 72 2
20 73 4
20 74 2
20 75 4
20 76 2
20 77 1
20 78 4
20 79 5
20 80 2
20 81 5
20 82 4
20 83 2
20 84 2
20 85 4
20 86 1
20 87 5
20 88 4
20 89 3
20 90 3
20 91 2
20 92 2
20 93 4
20 94 3
20 95 3
20 96 5
20 97 5
20 98 1
20 99 2
21 22 5
21 23 3
21 24 4
21 25 3
21 26 4
21 27 2
21 28 4
21 29 2
21 30 1
21 31 5
21 32 1
21 33 1
21 34 5
21 35 2
21 36 1
21 37 3
21 38 5
21 39 4
21 40 4
21 41 1
21 42 4
21 43 1
21 44 5
21 45 1
21 46 5
21 47 5
21 48 4
21 49 4
21 50 1
21 51 4
21 52 3
21 53 4
21 54 4
21 55 4
21 56 4
21 57 4
21 58 3
21 59 3
21 60 5
21 61 3
21 62 1
21 63 2
21 64 5
21 65 3
21 66 3
21 67 4
21 68 2
21 69 4
21 70 4
21 71 3
21 72 3
21 73 1
21 74 3
21 75 2
21 76 3
21 77 4
21 78 4
21 79 1
21 80 4
21 81 1
21 82 5
21 83 5
21 84 3
21 85 1
21 86 5
21 87 1
21 88 4
21 89 2
21 90 2
21 91 4
21 92 5
21 93 2
21 94 4
21 95 6
21 96 2
21 97 4
21 98 6
21 99 3
22 23 4
22 24 6
22 25 2
22 26 1
22 27 5
22 28 1
22 29 3
22 30 4
22 31 3
22 32 4
22 33 5
22 34 2
22 35 4
22 36 4
22 37 5
22 38 3
22 39 3
22 40 5
22 41 4
22 42 5
22 43 5
22 44 1
22 45 5
22 46 4
22 47 3
22 48 3
22 49 3
22 50 4
22 51 3
22 52 4
22 53 3
22 54 1
22 55 1
22 56 5
22 57 3
22 58 5
22 59 2
22 60 3
22 61 3
22 62 4
22 63 4
22 64 3
22 65 2
22 66 5
22 67 3
22 68 3
22 69 1
22 70 2
22 71 4
22 72 3
22 73 4
22 74 3
22 75 4
22 76 2
22 77 1
22 78 5
22 79 5
22 80 3
22 81 5
22 82 5
22 83 4
22 84 3
22 85 4
22 86 3
22 87 5
22 88 5
22 89 3
22 90 3
22 91 2
22 92 3
22 93 5
22 94 1
22 95 4
22 96 5
22 97 6
22 98 3
22 99 2
23 24 3
23 25 4
23 26 3
23 27 1
23 28 4
23 29 3
23 30 3
23 31 3
23 32 2
23 33 3
23 34 3
23 35 1
23 36 3
23 37 2
23 38 3
23 39 2
23 40 2
23 41 2
23 42 2
23 43 2
23 44 5
23 45 2
23 46 3
23 47 3
23 48 2
23 49 1
23 50 3
23 51 2
23 52 1
23 53 2
23 54 4
23 55 4
23 56 2
23 57 2
23 58 2
23 59 2
23 60 3
23 61 3
23 62 2
23 63 1
23 64 3
23 65 3
23 66 2
23 67 2
23 68 2
23 69 3
23 70 2
23 71 1
23 72 2
23 73 2
23 74 1
23 75 1
23 76 2
23 77 3
23 78 2
23 79 2
23 80 2
23 81 2
23 82 3
23 83 3
23 84 2
23 85 2
23 86 3
23 87 3
23 88 2
23 89 3
23 90 2
23 91 2
23 92 3
23 93 1
23 94 4
23 95 3
23 96 2
23 97 3
23 98 4
23 99 3
24 25 6
24 26 5
24 27 3
24 28 6
24 29 5
24 30 4
24 31 4
24 32 4
24 33 5
24 34 4
24 35 3
24 36 5
24 37 2
24 38 4
24 39 3
24 40 1
24 41 4
24 42 1
24 43 3
24 44 7
24 45 4
24 46 2
24 47 4
24 48 4
24 49 3
24 50 4
24 51 4
24 52 2
24 53 4
24 54 6
24 55 6
24 56 2
24 57 4
24 58 1
24 59 4
24 60 4
24 61 5
24 62 3
24 63 2
24 64 4
24 65 5
24 66 2
24 67 4
24 68 4
24 69 5
24 70 4
24 71 2
24 72 4
24 73 4
24 74 4
24 75 3
24 76 4
24 77 5
24 78 1
24 79 3
24 80 3
24 81 4
24 82 1
24 83 3
24 84 5
24 85 3
24 86 5
24 87 4
24 88 1
24 89 5
24 90 4
24 91 5
24 92 4
24 93 2
24 94 6
24 95 3
24 96 3
24 97 1
24 98 5
24 99 5
25 26 2
25 27 4
25 28 2
25 29 1
25 30 3
25 31 4
25 32 3
25 33 4
25 34 3
25 35 4
25 36 3
25 37 5
25 38 4
25 39 3
25 40 6
25 41 3
25 42 6
25 43 3
25 44 2
25 45 4
25 46 5
25 47 4
25 48 3
25 49 3
25 50 2
25 51 3
25 52 5
25 53 3
25 54 2
25 55 1
25 56 5
25 57 3
25 58 5
25 59 2
25 60 4
25 61 1
25 62 3
25 63 4
25 64 4
25 65 1
25 66 5
25 67 3
25 68 2
25 69 2
25 70 2
25 71 5
25 72 2
25 73 3
25 74 3
25 75 4
25 76 3
25 77 2
25 78 5
25 79 3
25 80 4
25 81 3
25 82 6
25 83 4
25 84 2
25 85 3
25 86 4
25 87 4
25 88 5
25 89 2
25 90 2
25 91 2
25 92 4
25 93 4
25 94 1
25 95 5
25 96 4
25 97 6
25 98 4
25 99 1
26 27 4
26 28 2
26 29 3
26 30 4
26 31 2
26 32 3
26 33 5
26 34 1
26 35 3
26 36 4
26 37 4
26 38 2
26 39 2
26 40 4
26 41 4
26 42 4
26 43 4
26 44 2
26 45 4
26 46 3
26 47 2
26 48 2
26 49 2
26 50 3
26 51 2
26 52 3
26 53 2
26 54 2
26 55 2
26 56 4
26 57 2
26 58 4
26 59 1
26 60 2
26 61 2
26 62 3
26 63 3
26 64 2
26 65 2
26 66 4
26 67 2
26 68 3
26 69 1
26 70 1
26 71 3
26 72 2
26 73 3
26 74 2
26 75 3
26 76 1
26 77 1
26 78 4
26 79 4
26 80 2
26 81 4
26 82 4
26 83 3
26 84 2
26 85 3
26 86 2
26 87 4
26 88 4
26 89 3
26 90 2
26 91 1
26 92 2
26 93 4
26 94 2
26 95 3
26 96 4
26 97 5
26 98 2
26 99 1
27 28 4
27 29 3
27 30 2
27 31 4
27 32 1
27 33 2
27 34 4
27 35 1
27 36 2
27 37 1
27 38 4
27 39 3
27 40 2
27 41 1
27 42 2
27 43 1
27 44 5
27 45 1
27 46 4
27 47 4
27 48 3
27 49 2
27 50 2
27 51 3
27 52 1
27 53 3
27 54 5
27 55 4
27 56 3
27 57 3
27 58 2
27 59 3
27 60 4
27 61 3
27 62 1
27 63 1
27 64 4
27 65 4
27 66 2
27 67 3
27 68 2
27 69 4
27 70 3
27 71 2
27 72 3
27 73 1
27 74 2
27 75 1
27 76 3
27 77 4
27 78 3
27 79 1
27 80 3
27 81 1
27 82 4
27 83 4
27 84 3
27 85 1
27 86 4
27 87 2
27 88 3
27 89 2
27 90 2
27 91 3
27 92 4
27 93 1
27 94 4
27 95 4
27 96 1
27 97 3
27 98 5
27 99 3
28 29 2
28 30 4
28 31 4
28 32 3
28 33 5
28 34 3
28 35 4
28 36 4
28 37 5
28 38 4
28 39 3
28 40 6
28 41 4
28 42 6
28 43 4
28 44 1
28 45 4
28 46 5
28 47 4
28 48 3
28 49 3
28 50 3
28 51 3
28 52 5
28 53 3
28 54 1
28 55 1
28 56 5
28 57 3
28 58 5
28 59 2
28 60 4
28 61 2
28 62 4
28 63 5
28 64 4
28 65 1
28 66 5
28 67 3
28 68 3
28 69 2
28 70 2
28 71 5
28 72 2
28 73 3
28 74 3
28 75 4
28 76 3
28 77 2
28 78 5
28 79 4
28 80 4
28 81 4
28 82 6
28 83 4
28 84 2
28 85 3
28 86 4
28 87 5
28 88 5
28 89 3
28 90 2
28 91 2
28 92 4
28 93 4
28 94 1
28 95 5
28 96 5
28 97 6
28 98 4
28 99 1
29 30 2
29 31 4
29 32 2
29 33 3
29 34 4
29 35 3
29 36 2
29 37 4
29 38 4
29 39 3
29 40 5
29 41 2
29 42 5
29 43 2
29 44 3
29 45 3
29 46 5
29 47 4
29 48 4
29 49 3
29 50 1
29 51 4
29 52 4
29 53 4
29 54 2
29 55 2
29 56 5
29 57 4
29 58 4
29 59 2
29 60 4
29 61 1
29 62 2
29 63 3
29 64 5
29 65 1
29 66 4
29 67 4
29 68 1
29 69 3
29 70 2
29 71 4
29 72 2
29 73 2
29 74 2
29 75 3
29 76 3
29 77 3
29 78 5
29 79 2
29 80 4
29 81 2
29 82 6
29 83 4
29 84 2
29 85 2
29 86 4
29 87 3
29 88 5
29 89 1
29 90 1
29 91 2
29 92 4
29 93 3
29 94 2
29 95 5
29 96 3
29 97 5
29 98 4
29 99 2
30 31 5
30 32 1
30 33 1
30 34 4
30 35 2
30 36 1
30 37 3
30 38 5
30 39 4
30 40 4
30 41 1
30 42 4
30 43 1
30 44 4
30 45 1
30 46 5
30 47 5
30 48 4
30 49 3
30 50 1
30 51 4
30 52 3
30 53 4
30 54 4
30 55 3
30 56 4
30 57 4
30 58 3
30 59 3
30 60 5
30 61 2
30 62 1
30 63 2
30 64 5
30 65 3
30 66 3
30 67 4
30 68 1
30 69 4
30 70 3
30 71 3
30 72 2
30 73 1
30 74 3
30 75 2
30 76 3
30 77 4
30 78 4
30 79 1
30 80 4
30 81 1
30 82 5
30 83 5
30 84 2
30 85 1
30 86 5
30 87 1
30 88 4
30 89 2
30 90 2
30 91 3
30 92 5
30 93 2
30 94 4
30 95 5
30 96 2
30 97 4
30 98 5
30 99 3
31 32 4
31 33 6
31 34 1
31 35 4
31 36 5
31 37 4
31 38 1
31 39 1
31 40 4
31 41 5
31 42 4
31 43 4
31 44 4
31 45 5
31 46 2
31 47 1
31 48 1
31 49 2
31 50 4
31 51 1
31 52 3
31 53 1
31 54 4
31 55 4
31 56 3
31 57 1
31 58 3
31 59 3
31 60 1
31 61 4
31 62 4
31 63 3
31 64 1
31 65 4
31 66 4
31 67 1
31 68 4
31 69 2
31 70 2
31 71 3
31 72 3
31 73 4
31 74 2
31 75 3
31 76 2
31 77 2
31 78 3
31 79 4
31 80 2
31 81 5
31 82 3
31 83 1
31 84 3
31 85 4
31 86 1
31 87 5
31 88 3
31 89 4
31 90 3
31 91 3
31 92 1
31 93 4
31 94 4
31 95 2
31 96 5
31 97 4
31 98 1
31 99 3
32 33 2
32 34 4
32 35 1
32 36 1
32 37 2
32 38 4
32 39 3
32 40 3
32 41 1
32 42 3
32 43 1
32 44 4
32 45 1
32 46 4
32 47 4
32 48 3
32 49 3
32 50 1
32 51 3
32 52 2
32 53 3
32 54 4
32 55 3
32 56 3
32 57 3
32 58 3
32 59 2
32 60 4
32 61 2
32 62 1
32 63 2
32 64 4
32 65 3
32 66 3
32 67 3
32 68 1
32 69 3
32 70 3
32 71 2
32 72 2
32 73 1
32 74 2
32 75 1
32 76 2
32 77 3
32 78 3
32 79 1
32 80 3
32 81 1
32 82 4
32 83 4
32 84 2
32 85 1
32 86 4
32 87 2
32 88 3
32 89 2
32 90 1
32 91 3
32 92 4
32 93 2
32 94 3
32 95 5
32 96 2
32 97 4
32 98 5
32 99 2
33 34 5
33 35 2
33 36 1
33 37 3
33 38 6
33 39 5
33 40 4
33 41 1
33 42 4
33 43 2
33 44 5
33 45 1
33 46 6
33 47 6
33 48 5
33 49 4
33 50 2
33 51 5
33 52 3
33 53 5
33 54 5
33 55 4
33 56 5
33 57 5
33 58 4
33 59 4
33 60 6
33 61 3
33 62 2
33 63 3
33 64 6
33 65 4
33 66 3
33 67 5
33 68 2
33 69 5
33 70 4
33 71 4
33 72 3
33 73 2
33 74 4
33 75 3
33 76 4
33 77 5
33 78 5
33 79 2
33 80 5
33 81 1
33 82 6
33 83 6
33 84 3
33 85 2
33 86 6
33 87 1
33 88 5
33 89 2
33 90 3
33 91 4
33 92 6
33 93 3
33 94 5
33 95 6
33 96 2
33 97 5
33 98 6
33 99 4
34 35 4
34 36 4
34 37 4
34 38 1
34 39 1
34 40 4
34 41 4
34 42 4
34 43 4
34 44 3
34 45 5
34 46 2
34 47 1
34 48 1
34 49 2
34 50 4
34 51 1
34 52 3
34 53 1
34 54 3
34 55 3
34 56 3
34 57 1
34 58 3
34 59 2
34 60 1
34 61 3
34 62 4
34 63 3
34 64 1
34 65 3
34 66 4
34 67 1
34 68 3
34 69 1
34 70 2
34 71 3
34 72 2
34 73 4
34 74 2
34 75 3
34 76 2
34 77 1
34 78 3
34 79 4
34 80 2
34 81 5
34 82 3
34 83 2
34 84 2
34 85 4
34 86 1
34 87 5
34 88 3
34 89 4
34 90 3
34 91 2
34 92 1
34 93 4
34 94 3
34 95 2
34 96 5
34 97 4
34 98 1
34 99 2
35 36 2
35 37 1
35 38 4
35 39 3
35 40 2
35 41 1
35 42 2
35 43 1
35 44 5
35 45 1
35 46 4
35 47 4
35 48 3
35 49 2
35 50 2
35 51 3
35 52 1
35 53 3
35 54 4
35 55 4
35 56 3
35 57 3
35 58 2
35 59 2
35 60 4
35 61 3
35 62 1
35 63 1
35 64 4
35 65 3
35 66 2
35 67 3
35 68 2
35 69 3
35 70 3
35 71 2
35 72 2
35 73 1
35 74 2
35 75 1
35 76 2
35 77 4
35 78 3
35 79 1
35 80 3
35 81 2
35 82 4
35 83 4
35 84 2
35 85 1
35 86 4
35 87 2
35 88 3
35 89 2
35 90 2
35 91 3
35 92 4
35 93 1
35 94 4
35 95 4
35 96 1
35 97 3
35 98 5
35 99 3
36 37 3
36 38 5
36 39 4
36 40 4
36 41 1
36 42 4
36 43 2
36 44 4
36 45 2
36 46 5
36 47 5
36 48 4
36 49 3
36 50 1
36 51 4
36 52 3
36 53 4
36 54 4
36 55 3
36 56 4
36 57 4
36 58 4
36 59 3
36 60 5
36 61 2
36 62 2
36 63 3
36 64 5
36 65 3
36 66 3
36 67 4
36 68 1
36 69 4
36 70 3
36 71 3
36 72 2
36 73 1
36 74 3
36 75 2
36 76 3
36 77 4
36 78 4
36 79 2
36 80 4
36 81 2
36 82 5
36 83 5
36 84 2
36 85 2
36 86 5
36 87 2
36 88 4
36 89 1
36 90 2
36 91 3
36 92 5
36 93 3
36 94 4
36 95 5
36 96 2
36 97 5
36 98 5
36 99 3
37 38 4
37 39 3
37 40 1
37 41 2
37 42 1
37 43 2
37 44 6
37 45 2
37 46 3
37 47 4
37 48 4
37 49 3
37 50 3
37 51 4
37 52 1
37 53 4
37 54 5
37 55 5
37 56 3
37 57 4
37 58 1
37 59 3
37 60 5
37 61 4
37 62 2
37 63 1
37 64 5
37 65 4
37 66 1
37 67 4
37 68 3
37 69 4
37 70 4
37 71 1
37 72 3
37 73 2
37 74 3
37 75 1
37 76 3
37 77 5
37 78 2
37 79 2
37 80 3
37 81 2
37 82 3
37 83 4
37 84 3
37 85 2
37 86 5
37 87 2
37 88 2
37 89 3
37 90 3
37 91 4
37 92 4
37 93 1
37 94 5
37 95 4
37 96 1
37 97 2
37 98 5
37 99 4
38 39 1
38 40 4
38 41 5
38 42 4
38 43 4
38 44 4
38 45 5
38 46 2
38 47 1
38 48 1
38 49 2
38 50 4
38 51 1
38 52 3
38 53 1
38 54 4
38 55 4
38 56 3
38 57 1
38 58 3
38 59 3
38 60 1
38 61 4
38 62 4
38 63 3
38 64 1
38 65 4
38 66 4
38 67 1
38 68 4
38 69 2
38 70 2
38 71 3
38 72 3
38 73 4
38 74 2
38 75 3
38 76 2
38 77 2
38 78 3
38 79 4
38 80 1
38 81 5
38 82 3
38 83 1
38 84 3
38 85 4
38 86 1
38 87 5
38 88 3
38 89 4
38 90 3
38 91 3
38 92 1
38 93 4
38 94 4
38 95 1
38 96 5
38 97 4
38 98 2
38 99 3
39 40 3
39 41 4
39 42 3
39 43 3
39 44 4
39 45 4
39 46 2
39 47 2
39 48 1
39 49 1
39 50 3
39 51 1
39 52 2
39 53 1
39 54 4
39 55 3
39 56 2
39 57 1
39 58 2
39 59 2
39 60 2
39 61 3
39 62 3
39 63 2
39 64 2
39 65 3
39 66 3
39 67 1
39 68 3
39 69 2
39 70 2
39 71 2
39 72 2
39 73 3
39 74 1
39 75 2
39 76 1
39 77 2
39 78 2
39 79 3
39 80 1
39 81 4
39 82 3
39 83 1
39 84 2
39 85 3
39 86 2
39 87 4
39 88 2
39 89 3
39 90 2
39 91 2
39 92 1
39 93 3
39 94 3
39 95 2
39 96 4
39 97 3
39 98 2
39 99 2
40 41 3
40 42 1
40 43 3
40 44 6
40 45 3
40 46 3
40 47 4
40 48 4
40 49 3
40 50 4
40 51 4
40 52 1
40 53 4
40 54 6
40 55 6
40 56 2
40 57 4
40 58 1
40 59 4
40 60 5
40 61 5
40 62 3
40 63 2
40 64 5
40 65 5
40 66 1
40 67 4
40 68 4
40 69 4
40 70 4
40 71 2
40 72 4
40 73 3
40 74 3
40 75 2
40 76 3
40 77 5
40 78 2
40 79 3
40 80 3
40 81 3
40 82 2
40 83 4
40 84 4
40 85 3
40 86 5
40 87 3
40 88 2
40 89 4
40 90 4
40 91 4
40 92 4
40 93 2
40 94 6
40 95 4
40 96 2
40 97 1
40 98 5
40 99 5
41 42 3
41 43 1
41 44 4
41 45 1
41 46 5
41 47 5
41 48 4
41 49 3
41 50 1
41 51 4
41 52 2
41 53 4
41 54 4
41 55 3
41 56 4
41 57 4
41 58 3
41 59 3
41 60 5
41 61 2
41 62 1
41 63 2
41 64 5
41 65 3
41 66 2
41 67 4
41 68 1
41 69 4
41 70 3
41 71 3
41 72 2
41 73 1
41 74 3
41 75 2
41 76 3
41 77 4
41 78 4
41 79 1
41 80 4
41 81 1
41 82 5
41 83 5
41 84 2
41 85 1
41 86 5
41 87 1
41 88 4
41 89 2
41 90 2
41 91 3
41 92 5
41 93 2
41 94 4
41 95 5
41 96 1
41 97 4
41 98 5
41 99 3
42 43 3
42 44 6
42 45 3
42 46 3
42 47 4
42 48 4
42 49 3
42 50 4
42 51 4
42 52 1
42 53 4
42 54 6
42 55 6
42 56 2
42 57 4
42 58 1
42 59 4
42 60 5
42 61 5
42 62 3
42 63 2
42 64 5
42 65 5
42 66 1
42 67 4
42 68 4
42 69 4
42 70 4
42 71 2
42 72 4
42 73 3
42 74 3
42 75 2
42 76 3
42 77 5
42 78 2
42 79 3
42 80 3
42 81 3
42 82 2
42 83 4
42 84 4
42 85 3
42 86 5
42 87 3
42 88 2
42 89 4
42 90 4
42 91 4
42 92 4
42 93 2
42 94 6
42 95 4
42 96 2
42 97 1
42 98 5
42 99 5
43 44 5
43 45 1
43 46 4
43 47 4
43 48 4
43 49 3
43 50 1
43 51 4
43 52 2
43 53 4
43 54 4
43 55 4
43 56 3
43 57 4
43 58 2
43 59 3
43 60 5
43 61 3
43 62 1
43 63 2
43 64 5
43 65 3
43 66 2
43 67 4
43 68 2
43 69 4
43 70 4
43 71 2
43 72 3
43 73 1
43 74 3
43 75 1
43 76 3
43 77 4
43 78 3
43 79 1
43 80 3
43 81 1
43 82 4
43 83 4
43 84 3
43 85 1
43 86 5
43 87 1
43 88 3
43 89 2
43 90 2
43 91 4
43 92 4
43 93 1
43 94 4
43 95 5
43 96 1
43 97 3
43 98 5
43 99 3
44 45 5
44 46 5
44 47 4
44 48 4
44 49 4
44 50 4
44 51 4
44 52 5
44 53 4
44 54 1
44 55 1
44 56 6
44 57 4
44 58 6
44 59 3
44 60 4
44 61 3
44 62 5
44 63 5
44 64 4
44 65 2
44 66 6
44 67 4
44 68 3
44 69 2
44 70 3
44 71 5
44 72 3
44 73 4
44 74 4
44 75 5
44 76 3
44 77 2
44 78 6
44 79 5
44 80 4
44 81 5
44 82 6
44 83 5
44 84 3
44 85 4
44 86 4
44 87 5
44 88 6
44 89 3
44 90 3
44 91 3
44 92 4
44 93 5
44 94 1
44 95 5
44 96 5
44 97 7
44 98 4
44 99 2
45 46 5
45 47 5
45 48 4
45 49 3
45 50 2
45 51 4
45 52 2
45 53 4
45 54 5
45 55 4
45 56 4
45 57 4
45 58 3
45 59 3
45 60 5
45 61 3
45 62 1
45 63 2
45 64 5
45 65 4
45 66 2
45 67 4
45 68 2
45 69 4
45 70 4
45 71 3
45 72 3
45 73 1
45 74 3
45 75 2
45 76 3
45 77 4
45 78 4
45 79 1
45 80 4
45 81 1
45 82 5
45 83 5
45 84 3
45 85 1
45 86 5
45 87 1
45 88 4
45 89 2
45 90 2
45 91 4
45 92 5
45 93 2
45 94 4
45 95 5
45 96 1
45 97 4
45 98 6
45 99 3
46 47 2
46 48 2
46 49 2
46 50 5
46 51 2
46 52 3
46 53 2
46 54 5
46 55 5
46 56 1
46 57 2
46 58 2
46 59 3
46 60 2
46 61 4
46 62 4
46 63 3
46 64 2
46 65 4
46 66 3
46 67 2
46 68 4
46 69 3
46 70 3
46 71 2
46 72 3
46 73 4
46 74 3
46 75 3
46 76 2
46 77 3
46 78 1
46 79 4
46 80 1
46 81 5
46 82 1
46 83 1
46 84 3
46 85 4
46 86 3
46 87 5
46 88 1
46 89 5
46 90 4
46 91 3
46 92 2
46 93 3
46 94 5
46 95 1
46 96 4
46 97 2
46 98 3
46 99 4
47 48 1
47 49 2
47 50 5
47 51 1
47 52 3
47 53 1
47 54 4
47 55 4
47 56 3
47 57 1
47 58 3
47 59 3
47 60 1
47 61 4
47 62 4
47 63 3
47 64 1
47 65 4
47 66 4
47 67 1
47 68 4
47 69 2
47 70 2
47 71 3
47 72 3
47 73 4
47 74 3
47 75 3
47 76 2
47 77 2
47 78 3
47 79 4
47 80 2
47 81 5
47 82 3
47 83 1
47 84 3
47 85 4
47 86 1
47 87 5
47 88 3
47 89 4
47 90 4
47 91 3
47 92 1
47 93 4
47 94 4
47 95 1
47 96 5
47 97 4
47 98 1
47 99 3
48 49 1
48 50 4
48 51 1
48 52 3
48 53 1
48 54 4
48 55 3
48 56 3
48 57 1
48 58 3
48 59 2
48 60 1
48 61 3
48 62 3
48 63 3
48 64 1
48 65 3
48 66 4
48 67 1
48 68 3
48 69 2
48 70 2
48 71 3
48 72 2
48 73 3
48 74 2
48 75 3
48 76 1
48 77 2
48 78 3
48 79 4
48 80 1
48 81 4
48 82 3
48 83 1
48 84 2
48 85 3
48 86 1
48 87 4
48 88 3
48 89 4
48 90 3
48 91 2
48 92 1
48 93 3
48 94 3
48 95 2
48 96 4
48 97 4
48 98 2
48 99 2
49 50 3
49 51 1
49 52 2
49 53 1
49 54 3
49 55 3
49 56 2
49 57 1
49 58 2
49 59 1
49 60 2
49 61 3
49 62 3
49 63 2
49 64 2
49 65 2
49 66 3
49 67 1
49 68 2
49 69 2
49 70 1
49 71 2
49 72 1
49 73 3
49 74 1
49 75 2
49 76 1
49 77 2
49 78 2
49 79 3
49 80 1
49 81 3
49 82 3
49 83 2
49 84 2
49 85 3
49 86 2
49 87 4
49 88 2
49 89 3
49 90 2
49 91 2
49 92 2
49 93 2
49 94 3
49 95 2
49 96 3
49 97 3
49 98 3
49 99 2
50 51 4
50 52 3
50 53 4
50 54 3
50 55 3
50 56 4
50 57 4
50 58 3
50 59 2
50 60 5
50 61 2
50 62 1
50 63 2
50 64 5
50 65 2
50 66 3
50 67 4
50 68 1
50 69 3
50 70 3
50 71 3
50 72 2
50 73 1
50 74 2
50 75 2
50 76 3
50 77 3
50 78 4
50 79 1
50 80 4
50 81 1
50 82 5
50 83 4
50 84 2
50 85 1
50 86 5
50 87 2
50 88 4
50 89 1
50 90 1
50 91 3
50 92 4
50 93 2
50 94 3
50 95 5
50 96 2
50 97 4
50 98 5
50 99 2
51 52 3
51 53 1
51 54 4
51 55 3
51 56 3
51 57 1
51 58 3
51 59 2
51 60 1
51 61 3
51 62 3
51 63 3
51 64 1
51 65 3
51 66 4
51 67 1
51 68 3
51 69 2
51 70 2
51 71 3
51 72 2
51 73 3
51 74 2
51 75 3
51 76 1
51 77 2
51 78 3
51 79 4
51 80 1
51 81 4
51 82 3
51 83 1
51 84 2
51 85 3
51 86 1
51 87 4
51 88 3
51 89 4
51 90 3
51 91 2
51 92 1
51 93 3
51 94 3
51 95 2
51 96 4
51 97 4
51 98 2
51 99 2
52 53 3
52 54 5
52 55 5
52 56 2
52 57 3
52 58 1
52 59 3
52 60 4
52 61 4
52 62 2
52 63 1
52 64 4
52 65 4
52 66 1
52 67 3
52 68 3
52 69 3
52 70 3
52 71 1
52 72 3
52 73 2
52 74 2
52 75 1
52 76 2
52 77 4
52 78 2
52 79 2
52 80 2
52 81 2
52 82 3
52 83 3
52 84 3
52 85 2
52 86 4
52 87 2
52 88 2
52 89 3
52 90 3
52 91 3
52 92 3
52 93 1
52 94 5
52 95 4
52 96 2
52 97 2
52 98 4
52 99 4
53 54 4
53 55 3
53 56 3
53 57 1
53 58 3
53 59 2
53 60 1
53 61 3
53 62 3
53 63 3
53 64 1
53 65 3
53 66 4
53 67 1
53 68 3
53 69 2
53 70 2
53 71 3
53 72 2
53 73 3
53 74 2
53 75 3
53 76 1
53 77 2
53 78 3
53 79 4
53 80 1
53 81 4
53 82 3
53 83 1
53 84 2
53 85 3
53 86 1
53 87 4
53 88 3
53 89 4
53 90 3
53 91 2
53 92 1
53 93 3
53 94 3
53 95 2
53 96 4
53 97 4
53 98 2
53 99 2
54 55 1
54 56 5
54 57 4
54 58 5
54 59 2
54 60 4
54 61 2
54 62 4
54 63 5
54 64 4
54 65 1
54 66 6
54 67 4
54 68 3
54 69 2
54 70 3
54 71 5
54 72 3
54 73 4
54 74 3
54 75 4
54 76 3
54 77 2
54 78 5
54 79 4
54 80 4
54 81 4
54 82 6
54 83 5
54 84 2
54 85 4
54 86 4
54 87 5
54 88 5
54 89 3
54 90 3
54 91 2
54 92 4
54 93 5
54 94 1
54 95 5
54 96 5
54 97 6
54 98 4
54 99 2
55 56 5
55 57 3
55 58 5
55 59 2
55 60 4
55 61 2
55 62 4
55 63 5
55 64 4
55 65 1
55 66 5
55 67 3
55 68 2
55 69 2
55 70 2
55 71 5
55 72 2
55 73 3
55 74 3
55 75 4
55 76 3
55 77 2
55 78 5
55 79 4
55 80 4
55 81 4
55 82 6
55 83 4
55 84 2
55 85 3
55 86 4
55 87 4
55 88 5
55 89 2
55 90 2
55 91 2
55 92 4
55 93 4
55 94 1
55 95 5
55 96 4
55 97 6
55 98 4
55 99 1
56 57 3
56 58 2
56 59 3
56 60 3
56 61 5
56 62 3
56 63 2
56 64 3
56 65 4
56 66 3
56 67 3
56 68 4
56 69 4
56 70 3
56 71 2
56 72 3
56 73 4
56 74 3
56 75 2
56 76 3
56 77 4
56 78 1
56 79 3
56 80 2
56 81 4
56 82 1
56 83 2
56 84 4
56 85 3
56 86 4
56 87 4
56 88 1
56 89 5
56 90 4
56 91 4
56 92 3
56 93 3
56 94 5
56 95 2
56 96 4
56 97 1
56 98 4
56 99 4
57 58 3
57 59 2
57 60 1
57 61 3
57 62 3
57 63 3
57 64 1
57 65 3
57 66 4
57 67 1
57 68 3
57 69 2
57 70 2
57 71 3
57 72 2
57 73 3
57 74 2
57 75 3
57 76 1
57 77 2
57 78 3
57 79 4
57 80 1
57 81 4
57 82 3
57 83 1
57 84 2
57 85 3
57 86 1
57 87 4
57 88 3
57 89 4
57 90 3
57 91 2
57 92 1
57 93 3
57 94 3
57 95 2
57 96 4
57 97 4
57 98 2
57 99 2
58 59 3
58 60 4
58 61 4
58 62 2
58 63 1
58 64 4
58 65 4
58 66 1
58 67 3
58 68 3
58 69 4
58 70 3
58 71 1
58 72 3
58 73 3
58 74 3
58 75 2
58 76 3
58 77 4
58 78 1
58 79 2
58 80 2
58 81 3
58 82 2
58 83 3
58 84 4
58 85 2
58 86 4
58 87 3
58 88 1
58 89 4
58 90 3
58 91 4
58 92 3
58 93 1
58 94 5
58 95 3
58 96 2
58 97 1
58 98 4
58 99 4
59 60 3
59 61 2
59 62 2
59 63 3
59 64 3
59 65 1
59 66 4
59 67 2
59 68 2
59 69 1
59 70 1
59 71 3
59 72 1
59 73 2
59 74 1
59 75 2
59 76 1
59 77 2
59 78 3
59 79 3
59 80 2
59 81 3
59 82 4
59 83 3
59 84 1
59 85 2
59 86 3
59 87 3
59 88 3
59 89 2
59 90 1
59 91 1
59 92 3
59 93 3
59 94 2
59 95 3
59 96 3
59 97 4
59 98 3
59 99 1
60 61 4
60 62 4
60 63 4
60 64 1
60 65 4
60 66 5
60 67 1
60 68 4
60 69 2
60 70 2
60 71 4
60 72 3
60 73 4
60 74 3
60 75 4
60 76 2
60 77 2
60 78 3
60 79 5
60 80 2
60 81 5
60 82 3
60 83 1
60 84 3
60 85 4
60 86 1
60 87 5
60 88 3
60 89 4
60 90 4
60 91 3
60 92 1
60 93 4
60 94 4
60 95 1
60 96 5
60 97 4
60 98 1
60 99 3
61 62 3
61 63 4
61 64 4
61 65 1
61 66 4
61 67 3
61 68 1
61 69 2
61 70 2
61 71 4
61 72 2
61 73 2
61 74 2
61 75 3
61 76 2
61 77 2
61 78 5
61 79 3
61 80 3
61 81 3
61 82 5
61 83 4
61 84 1
61 85 2
61 86 4
61 87 3
61 88 5
61 89 1
61 90 2
61 91 2
61 92 4
61 93 3
61 94 2
61 95 5
61 96 3
61 97 5
61 98 4
61 99 1
62 63 1
62 64 4
62 65 3
62 66 2
62 67 3
62 68 2
62 69 3
62 70 3
62 71 2
62 72 2
62 73 1
62 74 2
62 75 1
62 76 2
62 77 4
62 78 3
62 79 1
62 80 3
62 81 1
62 82 4
62 83 4
62 84 2
62 85 1
62 86 4
62 87 1
62 88 3
62 89 2
62 90 2
62 91 3
62 92 4
62 93 1
62 94 4
62 95 5
62 96 1
62 97 3
62 98 5
62 99 3
63 64 4
63 65 4
63 66 2
63 67 3
63 68 3
63 69 3
63 70 3
63 71 1
63 72 3
63 73 2
63 74 2
63 75 1
63 76 2
63 77 4
63 78 2
63 79 2
63 80 2
63 81 2
63 82 3
63 83 3
63 84 3
63 85 2
63 86 4
63 87 2
63 88 2
63 89 3
63 90 3
63 91 3
63 92 3
63 93 1
63 94 5
63 95 4
63 96 2
63 97 2
63 98 4
63 99 4
64 65 4
64 66 5
64 67 1
64 68 4
64 69 2
64 70 3
64 71 4
64 72 3
64 73 4
64 74 3
64 75 4
64 76 2
64 77 2
64 78 3
64 79 5
64 80 2
64 81 5
64 82 3
64 83 1
64 84 3
64 85 4
64 86 1
64 87 5
64 88 3
64 89 5
64 90 4
64 91 3
64 92 1
64 93 4
64 94 4
64 95 1
64 96 5
64 97 4
64 98 2
64 99 3
65 66 5
65 67 3
65 68 2
65 69 2
65 70 2
65 71 4
65 72 2
65 73 3
65 74 2
65 75 3
65 76 2
65 77 2
65 78 4
65 79 3
65 80 3
65 81 3
65 82 5
65 83 4
65 84 1
65 85 3
65 86 4
65 87 4
65 88 4
65 89 2
65 90 2
65 91 1
65 92 4
65 93 4
65 94 1
65 95 4
65 96 4
65 97 5
65 98 4
65 99 1
66 67 4
66 68 3
66 69 4
66 70 4
66 71 2
66 72 4
66 73 3
66 74 3
66 75 2
66 76 3
66 77 5
66 78 2
66 79 2
66 80 3
66 81 2
66 82 3
66 83 4
66 84 4
66 85 2
66 86 5
66 87 2
66 88 2
66 89 4
66 90 3
66 91 4
66 92 4
66 93 1
66 94 5
66 95 4
66 96 1
66 97 2
66 98 5
66 99 4
67 68 3
67 69 2
67 70 2
67 71 3
67 72 2
67 73 3
67 74 2
67 75 3
67 76 1
67 77 2
67 78 3
67 79 4
67 80 1
67 81 4
67 82 3
67 83 1
67 84 2
67 85 3
67 86 1
67 87 4
67 88 3
67 89 4
67 90 3
67 91 2
67 92 1
67 93 3
67 94 3
67 95 2
67 96 4
67 97 4
67 98 2
67 99 2
68 69 3
68 70 2
68 71 3
68 72 1
68 73 1
68 74 2
68 75 2
68 76 2
68 77 3
68 78 4
68 79 2
68 80 3
68 81 2
68 82 5
68 83 4
68 84 1
68 85 1
68 86 4
68 87 2
68 88 4
68 89 1
68 90 1
68 91 2
68 92 4
68 93 2
68 94 3
68 95 4
68 96 2
68 97 4
68 98 4
68 99 2
69 70 1
69 71 3
69 72 2
69 73 3
69 74 2
69 75 3
69 76 1
69 77 1
69 78 4
69 79 4
69 80 2
69 81 4
69 82 4
69 83 3
69 84 2
69 85 3
69 86 2
69 87 4
69 88 4
69 89 3
69 90 2
69 91 1
69 92 2
69 93 4
69 94 2
69 95 3
69 96 4
69 97 5
69 98 2
69 99 1
70 71 3
70 72 1
70 73 3
70 74 1
70 75 3
70 76 1
70 77 1
70 78 3
70 79 4
70 80 2
70 81 4
70 82 4
70 83 3
70 84 1
70 85 3
70 86 2
70 87 4
70 88 3
70 89 2
70 90 2
70 91 1
70 92 2
70 93 3
70 94 2
70 95 3
70 96 4
70 97 4
70 98 2
70 99 1
71 72 3
71 73 3
71 74 2
71 75 1
71 76 2
71 77 4
71 78 1
71 79 2
71 80 2
71 81 3
71 82 2
71 83 3
71 84 3
71 85 2
71 86 4
71 87 3
71 88 2
71 89 4
71 90 3
71 91 3
71 92 3
71 93 1
71 94 5
71 95 3
71 96 2
71 97 2
71 98 4
71 99 4
72 73 2
72 74 1
72 75 2
72 76 1
72 77 2
72 78 3
72 79 3
72 80 2
72 81 3
72 82 4
72 83 3
72 84 1
72 85 2
72 86 3
72 87 3
72 88 3
72 89 2
72 90 1
72 91 1
72 92 3
72 93 3
72 94 2
72 95 3
72 96 3
72 97 4
72 98 3
72 99 1
73 74 2
73 75 2
73 76 2
73 77 3
73 78 4
73 79 1
73 80 3
73 81 1
73 82 5
73 83 4
73 84 2
73 85 1
73 86 4
73 87 2
73 88 4
73 89 1
73 90 1
73 91 3
73 92 4
73 93 2
73 94 3
73 95 5
73 96 2
73 97 4
73 98 5
73 99 2
74 75 2
74 76 1
74 77 2
74 78 3
74 79 3
74 80 2
74 81 3
74 82 4
74 83 2
74 84 1
74 85 2
74 86 3
74 87 3
74 88 3
74 89 2
74 90 1
74 91 1
74 92 2
74 93 2
74 94 3
74 95 3
74 96 3
74 97 4
74 98 3
74 99 2
75 76 2
75 77 4
75 78 2
75 79 1
75 80 2
75 81 2
75 82 3
75 83 3
75 84 2
75 85 1
75 86 4
75 87 2
75 88 2
75 89 3
75 90 2
75 91 3
75 92 3
75 93 1
75 94 4
75 95 4
75 96 2
75 97 3
75 98 4
75 99 3
76 77 2
76 78 3
76 79 3
76 80 1
76 81 3
76 82 3
76 83 2
76 84 1
76 85 2
76 86 2
76 87 3
76 88 3
76 89 3
76 90 2
76 91 1
76 92 2
76 93 3
76 94 3
76 95 3
76 96 3
76 97 4
76 98 3
76 99 2
77 78 4
77 79 4
77 80 2
77 81 4
77 82 4
77 83 3
77 84 2
77 85 3
77 86 2
77 87 5
77 88 4
77 89 3
77 90 2
77 91 1
77 92 2
77 93 4
77 94 2
77 95 3
77 96 5
77 97 5
77 98 2
77 99 1
78 79 3
78 80 2
78 81 4
78 82 1
78 83 2
78 84 4
78 85 3
78 86 4
78 87 4
78 88 1
78 89 5
78 90 4
78 91 4
78 92 3
78 93 2
78 94 5
78 95 2
78 96 3
78 97 1
78 98 4
78 99 4
79 80 3
79 81 1
79 82 4
79 83 4
79 84 3
79 85 1
79 86 5
79 87 1
79 88 3
79 89 2
79 90 2
79 91 4
79 92 4
79 93 1
79 94 4
79 95 5
79 96 1
79 97 3
79 98 5
79 99 3
80 81 4
80 82 2
80 83 1
80 84 2
80 85 3
80 86 2
80 87 4
80 88 2
80 89 4
80 90 3
80 91 2
80 92 1
80 93 3
80 94 4
80 95 2
80 96 4
80 97 3
80 98 2
80 99 3
81 82 5
81 83 5
81 84 3
81 85 1
81 86 5
81 87 1
81 88 4
81 89 2
81 90 2
81 91 4
81 92 5
81 93 2
81 94 4
81 95 5
81 96 1
81 97 4
81 98 6
81 99 3
82 83 2
82 84 4
82 85 4
82 86 4
82 87 5
82 88 1
82 89 6
82 90 5
82 91 4
82 92 3
82 93 3
82 94 6
82 95 2
82 96 4
82 97 1
82 98 4
82 99 5
83 84 3
83 85 4
83 86 2
83 87 5
83 88 2
83 89 4
83 90 3
83 91 3
83 92 1
83 93 4
83 94 4
83 95 1
83 96 5
83 97 3
83 98 2
83 99 3
84 85 2
84 86 3
84 87 3
84 88 4
84 89 2
84 90 1
84 91 1
84 92 3
84 93 3
84 94 2
84 95 4
84 96 3
84 97 5
84 98 3
84 99 1
85 86 4
85 87 2
85 88 3
85 89 2
85 90 1
85 91 3
85 92 4
85 93 1
85 94 3
85 95 5
85 96 2
85 97 3
85 98 5
85 99 2
86 87 5
86 88 4
86 89 4
86 90 4
86 91 3
86 92 1
86 93 4
86 94 4
86 95 2
86 96 5
86 97 5
86 98 1
86 99 3
87 88 4
87 89 2
87 90 3
87 91 4
87 92 5
87 93 2
87 94 5
87 95 6
87 96 1
87 97 4
87 98 6
87 99 4
88 89 5
88 90 4
88 91 4
88 92 3
88 93 2
88 94 5
88 95 2
88 96 3
88 97 1
88 98 4
88 99 4
89 90 1
89 91 2
89 92 4
89 93 3
89 94 3
89 95 5
89 96 3
89 97 5
89 98 4
89 99 2
90 91 2
90 92 3
90 93 2
90 94 2
90 95 4
90 96 3
90 97 4
90 98 4
90 99 1
91 92 3
91 93 3
91 94 2
91 95 4
91 96 4
91 97 5
91 98 3
91 99 1
92 93 4
92 94 4
92 95 1
92 96 5
92 97 4
92 98 2
92 99 3
93 94 4
93 95 4
93 96 1
93 97 2
93 98 5
93 99 3
94 95 5
94 96 5
94 97 6
94 98 4
94 99 1
95 96 5
95 97 3
95 98 2
95 99 4
96 97 3
96 98 6
96 99 4
97 98 5
97 99 5
98 99 3
