100 
0 1 3
0 2 2
0 3 4
0 4 1
0 5 1
0 6 4
0 7 3
0 8 2
0 9 4
0 10 4
0 11 3
0 12 2
0 13 3
0 14 4
0 15 4
0 16 1
0 17 2
0 18 2
0 19 3
0 20 2
0 21 5
0 22 2
0 23 1
0 24 4
0 25 3
0 26 1
0 27 2
0 28 3
0 29 2
0 30 2
0 31 2
0 32 2
0 33 4
0 34 1
0 35 4
0 36 2
0 37 4
0 38 3
0 39 3
0 40 4
0 41 2
0 42 2
0 43 3
0 44 3
0 45 4
0 46 2
0 47 2
0 48 3
0 49 3
0 50 4
0 51 4
0 52 4
0 53 3
0 54 3
0 55 1
0 56 4
0 57 2
0 58 4
0 59 3
0 60 3
0 61 3
0 62 3
0 63 3
0 64 3
0 65 4
0 66 3
0 67 1
0 68 4
0 69 4
0 70 3
0 71 1
0 72 4
0 73 2
0 74 4
0 75 4
0 76 4
0 77 3
0 78 3
0 79 1
0 80 2
0 81 1
0 82 1
0 83 3
0 84 3
0 85 3
0 86 2
0 87 1
0 88 4
0 89 1
0 90 3
0 91 3
0 92 3
0 93 3
0 94 2
0 95 3
0 96 1
0 97 3
0 98 1
0 99 2
1 2 2
1 3 2
1 4 2
1 5 3
1 6 2
1 7 4
1 8 2
1 9 4
1 10 4
1 11 3
1 12 4
1 13 2
1 14 1
1 15 4
1 16 3
1 17 2
1 18 2
1 19 2
1 20 2
1 21 2
1 22 1
1 23 4
1 24 1
1 25 4
1 26 3
1 27 2
1 28 4
1 29 2
1 30 2
1 31 2
1 32 2
1 33 2
1 34 3
1 35 1
1 36 3
1 37 3
1 38 3
1 39 2
1 40 2
1 41 3
1 42 2
1 43 1
1 44 3
1 45 2
1 46 3
1 47 4
1 48 2
1 49 1
1 50 3
1 51 2
1 52 1
1 53 1
1 54 2
1 55 4
1 56 4
1 57 4
1 58 2
1 59 3
1 60 1
1 61 4
1 62 4
1 63 3
1 64 4
1 65 1
1 66 1
1 67 2
1 68 4
1 69 4
1 70 2
1 71 3
1 72 2
1 73 2
1 74 2
1 75 2
1 76 1
1 77 2
1 78 2
1 79 3
1 80 3
1 81 3
1 82 4
1 83 1
1 84 1
1 85 1
1 86 2
1 87 3
1 88 3
1 89 4
1 90 2
1 91 1
1 92 4
1 93 4
1 94 3
1 95 1
1 96 4
1 97 1
1 98 3
1 99 2
2 3 2
2 4 1
2 5 2
2 6 2
2 7 2
2 8 1
2 9 3
2 10 3
2 11 2
2 12 2
2 13 1
2 14 2
2 15 3
2 16 2
2 17 2
2 18 1
2 19 2
2 20 2
2 21 3
2 22 1
2 23 2
2 24 2
2 25 2
2 26 1
2 27 1
2 28 2
2 29 1
2 30 1
2 31 1
2 32 1
2 33 2
2 34 3
2 35 2
2 36 2
2 37 3
2 38 2
2 39 1
2 40 2
2 41 2
2 42 1
2 43 1
2 44 2
2 45 2
2 46 2
2 47 2
2 48 1
2 49 1
2 50 2
2 51 2
2 52 2
2 53 1
2 54 1
2 55 3
2 56 3
2 57 2
2 58 2
2 59 2
2 60 2
2 61 2
2 62 2
2 63 2
2 64 3
2 65 2
2 66 1
2 67 2
2 68 3
2 69 3
2 70 2
2 71 2
2 72 2
2 73 1
2 74 2
2 75 2
2 76 2
2 77 2
2 78 1
2 79 2
2 80 1
2 81 2
2 82 3
2 83 1
2 84 2
2 85 1
2 86 1
2 87 2
2 88 2
2 89 3
2 90 1
2 91 2
2 92 3
2 93 2
2 94 1
2 95 1
2 96 3
2 97 2
2 98 1
2 99 2
3 4 3
3 5 4
3 6 1
3 7 4
3 8 2
3 9 3
3 10 3
3 11 2
3 12 4
3 13 1
3 14 1
3 15 3
3 16 3
3 17 3
3 18 2
3 19 3
3 20 3
3 21 1
3 22 3
3 23 4
3 24 1
3 25 3
3 26 3
3 27 2
3 28 4
3 29 3
3 30 2
3 31 3
3 32 2
3 33 1
3 34 4
3 35 1
3 36 3
3 37 3
3 38 3
3 39 2
3 40 1
3 41 3
3 42 3
3 43 1
3 44 3
3 45 1
3 46 3
3 47 4
3 48 1
3 49 2
3 50 3
3 51 1
3 52 2
3 53 2
3 54 2
3 55 4
3 56 4
3 57 4
3 58 1
3 59 3
3 60 2
3 61 4
3 62 3
3 63 3
3 64 4
3 65 1
3 66 1
3 67 3
3 68 3
3 69 3
3 70 3
3 71 3
3 72 1
3 73 3
3 74 1
3 75 2
3 76 1
3 77 3
3 78 2
3 79 4
3 80 3
3 81 4
3 82 4
3 83 1
3 84 2
3 85 1
3 86 2
3 87 4
3 88 2
3 89 4
3 90 2
3 91 2
3 92 4
3 93 3
3 94 3
3 95 2
3 96 4
3 97 3
3 98 3
3 99 3
4 5 1
4 6 3
4 7 2
4 8 1
4 9 3
4 10 3
4 11 3
4 12 2
4 13 2
4 14 3
4 15 3
4 16 1
4 17 1
4 18 1
4 19 2
4 20 1
4 21 4
4 22 1
4 23 2
4 24 3
4 25 3
4 26 1
4 27 1
4 28 2
4 29 1
4 30 1
4 31 1
4 32 1
4 33 3
4 34 2
4 35 3
4 36 2
4 37 3
4 38 2
4 39 2
4 40 3
4 41 2
4 42 1
4 43 2
4 44 2
4 45 3
4 46 2
4 47 3
4 48 2
4 49 2
4 50 3
4 51 3
4 52 3
4 53 2
4 54 2
4 55 2
4 56 3
4 57 2
4 58 3
4 59 2
4 60 2
4 61 2
4 62 2
4 63 2
4 64 3
4 65 3
4 66 2
4 67 1
4 68 3
4 69 3
4 70 2
4 71 1
4 72 3
4 73 1
4 74 3
4 75 3
4 76 3
4 77 2
4 78 2
4 79 1
4 80 2
4 81 1
4 82 2
4 83 2
4 84 2
4 85 2
4 86 1
4 87 1
4 88 3
4 89 2
4 90 2
4 91 2
4 92 3
4 93 3
4 94 1
4 95 2
4 96 2
4 97 2
4 98 1
4 99 1
5 6 4
5 7 3
5 8 2
5 9 4
5 10 4
5 11 3
5 12 2
5 13 3
5 14 4
5 15 4
5 16 1
5 17 2
5 18 2
5 19 3
5 20 2
5 21 5
5 22 2
5 23 1
5 24 4
5 25 3
5 26 1
5 27 2
5 28 3
5 29 2
5 30 2
5 31 2
5 32 2
5 33 4
5 34 1
5 35 4
5 36 2
5 37 4
5 38 3
5 39 3
5 40 4
5 41 2
5 42 2
5 43 3
5 44 3
5 45 4
5 46 2
5 47 2
5 48 3
5 49 3
5 50 4
5 51 4
5 52 4
5 53 3
5 54 3
5 55 1
5 56 4
5 57 2
5 58 4
5 59 3
5 60 3
5 61 3
5 62 3
5 63 3
5 64 3
5 65 4
5 66 3
5 67 1
5 68 4
5 69 4
5 70 3
5 71 1
5 72 4
5 73 2
5 74 4
5 75 4
5 76 4
5 77 3
5 78 3
5 79 1
5 80 2
5 81 1
5 82 1
5 83 3
5 84 3
5 85 3
5 86 2
5 87 1
5 88 4
5 89 1
5 90 3
5 91 3
5 92 3
5 93 3
5 94 2
5 95 3
5 96 1
5 97 3
5 98 1
5 99 2
6 7 3
6 8 2
6 9 2
6 10 2
6 11 1
6 12 3
6 13 1
6 14 2
6 15 2
6 16 3
6 17 3
6 18 2
6 19 3
6 20 3
6 21 1
6 22 3
6 23 4
6 24 2
6 25 2
6 26 3
6 27 2
6 28 3
6 29 2
6 30 2
6 31 3
6 32 2
6 33 1
6 34 4
6 35 1
6 36 3
6 37 2
6 38 2
6 39 1
6 40 1
6 41 3
6 42 3
6 43 2
6 44 2
6 45 1
6 46 3
6 47 3
6 48 1
6 49 2
6 50 2
6 51 1
6 52 2
6 53 1
6 54 1
6 55 4
6 56 3
6 57 3
6 58 1
6 59 2
6 60 2
6 61 3
6 62 2
6 63 2
6 64 3
6 65 2
6 66 1
6 67 3
6 68 2
6 69 2
6 70 3
6 71 3
6 72 1
6 73 3
6 74 1
6 75 1
6 76 2
6 77 3
6 78 2
6 79 4
6 80 2
6 81 4
6 82 4
6 83 2
6 84 2
6 85 1
6 86 2
6 87 4
6 88 1
6 89 4
6 90 1
6 91 2
6 92 3
6 93 2
6 94 3
6 95 2
6 96 4
6 97 3
6 98 3
6 99 3
7 8 2
7 9 1
7 10 1
7 11 2
7 12 1
7 13 3
7 14 4
7 15 1
7 16 2
7 17 3
7 18 2
7 19 4
7 20 3
7 21 4
7 22 3
7 23 2
7 24 4
7 25 1
7 26 2
7 27 3
7 28 1
7 29 2
7 30 2
7 31 2
7 32 3
7 33 3
7 34 3
7 35 3
7 36 1
7 37 2
7 38 1
7 39 3
7 40 4
7 41 1
7 42 3
7 43 3
7 44 1
7 45 4
7 46 1
7 47 1
7 48 3
7 49 3
7 50 2
7 51 4
7 52 4
7 53 3
7 54 2
7 55 3
7 56 1
7 57 1
7 58 4
7 59 1
7 60 3
7 61 1
7 62 1
7 63 1
7 64 1
7 65 4
7 66 3
7 67 2
7 68 2
7 69 1
7 70 3
7 71 2
7 72 3
7 73 3
7 74 3
7 75 3
7 76 4
7 77 4
7 78 2
7 79 3
7 80 1
7 81 3
7 82 2
7 83 3
7 84 3
7 85 3
7 86 2
7 87 2
7 88 2
7 89 3
7 90 3
7 91 3
7 92 1
7 93 1
7 94 1
7 95 3
7 96 3
7 97 4
7 98 2
7 99 3
8 9 3
8 10 3
8 11 2
8 12 2
8 13 1
8 14 2
8 15 3
8 16 2
8 17 1
8 18 1
8 19 2
8 20 2
8 21 3
8 22 1
8 23 2
8 24 2
8 25 3
8 26 1
8 27 1
8 28 2
8 29 1
8 30 1
8 31 1
8 32 1
8 33 2
8 34 2
8 35 2
8 36 2
8 37 3
8 38 2
8 39 2
8 40 2
8 41 2
8 42 1
8 43 2
8 44 2
8 45 3
8 46 2
8 47 3
8 48 1
8 49 1
8 50 3
8 51 3
8 52 2
8 53 1
8 54 2
8 55 2
8 56 3
8 57 2
8 58 3
8 59 2
8 60 1
8 61 2
8 62 2
8 63 2
8 64 3
8 65 2
8 66 2
8 67 1
8 68 3
8 69 3
8 70 1
8 71 1
8 72 3
8 73 1
8 74 2
8 75 2
8 76 2
8 77 2
8 78 1
8 79 2
8 80 2
8 81 2
8 82 3
8 83 1
8 84 2
8 85 2
8 86 1
8 87 2
8 88 3
8 89 3
8 90 1
8 91 2
8 92 3
8 93 3
8 94 1
8 95 1
8 96 3
8 97 2
8 98 1
8 99 2
9 10 1
9 11 1
9 12 2
9 13 2
9 14 3
9 15 1
9 16 3
9 17 4
9 18 3
9 19 4
9 20 4
9 21 3
9 22 4
9 23 3
9 24 4
9 25 1
9 26 3
9 27 3
9 28 2
9 29 3
9 30 3
9 31 3
9 32 3
9 33 2
9 34 4
9 35 3
9 36 2
9 37 1
9 38 1
9 39 2
9 40 3
9 41 2
9 42 3
9 43 3
9 44 1
9 45 3
9 46 2
9 47 2
9 48 3
9 49 3
9 50 1
9 51 3
9 52 4
9 53 3
9 54 2
9 55 4
9 56 1
9 57 2
9 58 3
9 59 2
9 60 4
9 61 1
9 62 1
9 63 1
9 64 1
9 65 3
9 66 3
9 67 3
9 68 1
9 69 1
9 70 4
9 71 3
9 72 2
9 73 3
9 74 2
9 75 2
9 76 3
9 77 4
9 78 3
9 79 4
9 80 2
9 81 4
9 82 3
9 83 3
9 84 3
9 85 3
9 86 2
9 87 3
9 88 1
9 89 4
9 90 3
9 91 4
9 92 1
9 93 1
9 94 2
9 95 3
9 96 4
9 97 4
9 98 3
9 99 4
10 11 1
10 12 2
10 13 2
10 14 3
10 15 1
10 16 3
10 17 3
10 18 2
10 19 4
10 20 4
10 21 3
10 22 4
10 23 3
10 24 4
10 25 1
10 26 3
10 27 3
10 28 2
10 29 2
10 30 3
10 31 3
10 32 3
10 33 2
10 34 4
10 35 3
10 36 2
10 37 1
10 38 1
10 39 2
10 40 3
10 41 2
10 42 3
10 43 3
10 44 1
10 45 3
10 46 2
10 47 2
10 48 3
10 49 3
10 50 1
10 51 3
10 52 4
10 53 3
10 54 2
10 55 4
10 56 1
10 57 2
10 58 3
10 59 1
10 60 4
10 61 1
10 62 1
10 63 1
10 64 1
10 65 3
10 66 3
10 67 3
10 68 1
10 69 1
10 70 4
10 71 3
10 72 3
10 73 3
10 74 2
10 75 2
10 76 3
10 77 4
10 78 3
10 79 4
10 80 2
10 81 4
10 82 3
10 83 3
10 84 3
10 85 3
10 86 2
10 87 3
10 88 2
10 89 4
10 90 3
10 91 4
10 92 1
10 93 1
10 94 2
10 95 3
10 96 4
10 97 4
10 98 3
10 99 4
11 12 2
11 13 1
11 14 2
11 15 1
11 16 3
11 17 3
11 18 2
11 19 4
11 20 3
11 21 2
11 22 3
11 23 3
11 24 3
11 25 1
11 26 2
11 27 3
11 28 2
11 29 2
11 30 2
11 31 3
11 32 2
11 33 1
11 34 4
11 35 2
11 36 2
11 37 1
11 38 1
11 39 1
11 40 2
11 41 2
11 42 3
11 43 2
11 44 1
11 45 2
11 46 2
11 47 2
11 48 2
11 49 2
11 50 1
11 51 2
11 52 3
11 53 2
11 54 1
11 55 4
11 56 2
11 57 2
11 58 2
11 59 1
11 60 3
11 61 2
11 62 1
11 63 1
11 64 2
11 65 2
11 66 2
11 67 3
11 68 1
11 69 1
11 70 3
11 71 3
11 72 2
11 73 3
11 74 1
11 75 1
11 76 2
11 77 4
11 78 2
11 79 3
11 80 1
11 81 3
11 82 3
11 83 2
11 84 2
11 85 2
11 86 2
11 87 3
11 88 1
11 89 4
11 90 2
11 91 3
11 92 2
11 93 1
11 94 2
11 95 2
11 96 4
11 97 4
11 98 3
11 99 3
12 13 3
12 14 4
12 15 2
12 16 2
12 17 3
12 18 2
12 19 4
12 20 3
12 21 4
12 22 3
12 23 1
12 24 4
12 25 2
12 26 2
12 27 3
12 28 1
12 29 2
12 30 2
12 31 2
12 32 3
12 33 3
12 34 2
12 35 3
12 36 1
12 37 2
12 38 2
12 39 3
12 40 4
12 41 1
12 42 3
12 43 3
12 44 2
12 45 4
12 46 1
12 47 1
12 48 3
12 49 3
12 50 2
12 51 4
12 52 4
12 53 3
12 54 2
12 55 2
12 56 2
12 57 1
12 58 4
12 59 2
12 60 3
12 61 1
12 62 1
12 63 2
12 64 2
12 65 4
12 66 3
12 67 2
12 68 2
12 69 2
12 70 3
12 71 2
12 72 4
12 73 3
12 74 3
12 75 3
12 76 4
12 77 4
12 78 2
12 79 2
12 80 1
12 81 2
12 82 1
12 83 3
12 84 3
12 85 3
12 86 2
12 87 1
12 88 3
12 89 2
12 90 3
12 91 3
12 92 2
12 93 1
12 94 1
12 95 3
12 96 2
12 97 4
12 98 2
12 99 3
13 14 1
13 15 2
13 16 2
13 17 2
13 18 1
13 19 3
13 20 2
13 21 2
13 22 2
13 23 3
13 24 2
13 25 2
13 26 2
13 27 2
13 28 3
13 29 2
13 30 1
13 31 2
13 32 1
13 33 1
13 34 3
13 35 1
13 36 2
13 37 2
13 38 2
13 39 1
13 40 2
13 41 2
13 42 2
13 43 1
13 44 2
13 45 2
13 46 2
13 47 3
13 48 1
13 49 1
13 50 2
13 51 2
13 52 2
13 53 1
13 54 1
13 55 3
13 56 3
13 57 3
13 58 2
13 59 2
13 60 2
13 61 3
13 62 2
13 63 2
13 64 3
13 65 1
13 66 1
13 67 2
13 68 2
13 69 2
13 70 2
13 71 2
13 72 2
13 73 2
13 74 1
13 75 1
13 76 1
13 77 3
13 78 1
13 79 3
13 80 2
13 81 3
13 82 3
13 83 1
13 84 1
13 85 1
13 86 1
13 87 3
13 88 2
13 89 3
13 90 1
13 91 2
13 92 3
13 93 2
13 94 2
13 95 1
13 96 3
13 97 3
13 98 2
13 99 2
14 15 3
14 16 3
14 17 3
14 18 2
14 19 3
14 20 3
14 21 1
14 22 2
14 23 4
14 24 1
14 25 3
14 26 3
14 27 2
14 28 4
14 29 2
14 30 2
14 31 3
14 32 2
14 33 2
14 34 4
14 35 1
14 36 3
14 37 3
14 38 3
14 39 2
14 40 1
14 41 3
14 42 3
14 43 1
14 44 3
14 45 1
14 46 3
14 47 4
14 48 1
14 49 2
14 50 3
14 51 1
14 52 1
14 53 1
14 54 2
14 55 4
14 56 4
14 57 4
14 58 1
14 59 3
14 60 2
14 61 4
14 62 3
14 63 3
14 64 4
14 65 1
14 66 1
14 67 3
14 68 3
14 69 3
14 70 3
14 71 3
14 72 2
14 73 3
14 74 2
14 75 2
14 76 1
14 77 3
14 78 2
14 79 4
14 80 3
14 81 4
14 82 4
14 83 1
14 84 1
14 85 1
14 86 2
14 87 4
14 88 3
14 89 4
14 90 2
14 91 1
14 92 4
14 93 3
14 94 3
14 95 1
14 96 4
14 97 2
14 98 3
14 99 3
15 16 3
15 17 3
15 18 2
15 19 4
15 20 4
15 21 3
15 22 4
15 23 3
15 24 4
15 25 1
15 26 3
15 27 3
15 28 2
15 29 2
15 30 3
15 31 3
15 32 3
15 33 2
15 34 4
15 35 3
15 36 2
15 37 1
15 38 1
15 39 2
15 40 3
15 41 2
15 42 3
15 43 3
15 44 1
15 45 3
15 46 2
15 47 2
15 48 3
15 49 3
15 50 1
15 51 3
15 52 4
15 53 3
15 54 2
15 55 4
15 56 1
15 57 2
15 58 3
15 59 1
15 60 4
15 61 1
15 62 1
15 63 1
15 64 1
15 65 3
15 66 3
15 67 3
15 68 1
15 69 1
15 70 4
15 71 3
15 72 2
15 73 3
15 74 2
15 75 2
15 76 3
15 77 4
15 78 3
15 79 4
15 80 2
15 81 4
15 82 3
15 83 3
15 84 3
15 85 3
15 86 2
15 87 3
15 88 1
15 89 4
15 90 3
15 91 4
15 92 1
15 93 1
15 94 2
15 95 3
15 96 4
15 97 4
15 98 3
15 99 4
16 17 2
16 18 2
16 19 3
16 20 2
16 21 4
16 22 2
16 23 1
16 24 3
16 25 2
16 26 1
16 27 2
16 28 2
16 29 1
16 30 2
16 31 1
16 32 2
16 33 3
16 34 1
16 35 3
16 36 1
16 37 3
16 38 2
16 39 3
16 40 4
16 41 1
16 42 2
16 43 3
16 44 2
16 45 4
16 46 1
16 47 2
16 48 2
16 49 2
16 50 3
16 51 4
16 52 3
16 53 2
16 54 2
16 55 1
16 56 3
16 57 1
16 58 4
16 59 2
16 60 3
16 61 2
16 62 2
16 63 2
16 64 2
16 65 3
16 66 3
16 67 1
16 68 3
16 69 3
16 70 3
16 71 1
16 72 4
16 73 2
16 74 3
16 75 3
16 76 3
16 77 3
16 78 2
16 79 1
16 80 2
16 81 1
16 82 1
16 83 3
16 84 3
16 85 3
16 86 1
16 87 1
16 88 3
16 89 1
16 90 2
16 91 3
16 92 2
16 93 2
16 94 1
16 95 3
16 96 1
16 97 3
16 98 1
16 99 2
17 18 2
17 19 1
17 20 1
17 21 4
17 22 1
17 23 3
17 24 2
17 25 3
17 26 2
17 27 1
17 28 3
17 29 1
17 30 1
17 31 1
17 32 1
17 33 3
17 34 2
17 35 3
17 36 2
17 37 4
17 38 3
17 39 2
17 40 3
17 41 2
17 42 1
17 43 2
17 44 3
17 45 3
17 46 2
17 47 3
17 48 2
17 49 2
17 50 3
17 51 3
17 52 2
17 53 2
17 54 2
17 55 2
17 56 3
17 57 3
17 58 3
17 59 2
17 60 1
17 61 3
17 62 3
17 63 3
17 64 3
17 65 2
17 66 2
17 67 1
17 68 4
17 69 3
17 70 1
17 71 1
17 72 3
17 73 1
17 74 3
17 75 3
17 76 3
17 77 1
17 78 2
17 79 2
17 80 2
17 81 1
17 82 3
17 83 2
17 84 2
17 85 2
17 86 2
17 87 2
17 88 3
17 89 2
17 90 2
17 91 2
17 92 3
17 93 3
17 94 2
17 95 2
17 96 3
17 97 1
17 98 1
17 99 1
18 19 2
18 20 2
18 21 3
18 22 2
18 23 2
18 24 2
18 25 2
18 26 1
18 27 1
18 28 2
18 29 1
18 30 1
18 31 1
18 32 1
18 33 2
18 34 2
18 35 2
18 36 2
18 37 3
18 38 2
18 39 1
18 40 2
18 41 1
18 42 1
18 43 2
18 44 2
18 45 2
18 46 2
18 47 2
18 48 1
18 49 1
18 50 2
18 51 3
18 52 2
18 53 1
18 54 1
18 55 2
18 56 2
18 57 2
18 58 2
18 59 1
18 60 2
18 61 2
18 62 2
18 63 2
18 64 2
18 65 2
18 66 2
18 67 2
18 68 3
18 69 2
18 70 2
18 71 1
18 72 2
18 73 1
18 74 2
18 75 2
18 76 2
18 77 2
18 78 1
18 79 2
18 80 1
18 81 2
18 82 2
18 83 1
18 84 2
18 85 1
18 86 1
18 87 2
18 88 2
18 89 3
18 90 1
18 91 2
18 92 2
18 93 2
18 94 1
18 95 1
18 96 3
18 97 2
18 98 1
18 99 2
19 20 1
19 21 4
19 22 1
19 23 3
19 24 2
19 25 4
19 26 2
19 27 2
19 28 4
19 29 2
19 30 2
19 31 2
19 32 2
19 33 3
19 34 3
19 35 3
19 36 3
19 37 4
19 38 4
19 39 3
19 40 3
19 41 3
19 42 1
19 43 2
19 44 4
19 45 3
19 46 3
19 47 4
19 48 3
19 49 2
19 50 4
19 51 3
19 52 2
19 53 3
19 54 3
19 55 3
19 56 4
19 57 4
19 58 3
19 59 3
19 60 1
19 61 4
19 62 4
19 63 3
19 64 4
19 65 2
19 66 2
19 67 2
19 68 4
19 69 4
19 70 1
19 71 2
19 72 4
19 73 1
19 74 4
19 75 4
19 76 3
19 77 1
19 78 2
19 79 2
19 80 3
19 81 2
19 82 4
19 83 2
19 84 2
19 85 3
19 86 2
19 87 3
19 88 4
19 89 3
19 90 3
19 91 2
19 92 4
19 93 4
19 94 3
19 95 2
19 96 3
19 97 1
19 98 2
19 99 1
20 21 4
20 22 1
20 23 3
20 24 3
20 25 3
20 26 2
20 27 1
20 28 3
20 29 2
20 30 2
20 31 1
20 32 1
20 33 3
20 34 2
20 35 3
20 36 2
20 37 4
20 38 3
20 39 3
20 40 3
20 41 2
20 42 1
20 43 3
20 44 3
20 45 4
20 46 3
20 47 3
20 48 2
20 49 2
20 50 4
20 51 4
20 52 3
20 53 2
20 54 3
20 55 2
20 56 4
20 57 3
20 58 4
20 59 3
20 60 2
20 61 3
20 62 3
20 63 3
20 64 4
20 65 3
20 66 3
20 67 1
20 68 4
20 69 4
20 70 1
20 71 1
20 72 4
20 73 1
20 74 3
20 75 3
20 76 3
20 77 1
20 78 2
20 79 1
20 80 3
20 81 1
20 82 3
20 83 2
20 84 3
20 85 3
20 86 2
20 87 2
20 88 4
20 89 2
20 90 2
20 91 2
20 92 4
20 93 3
20 94 2
20 95 2
20 96 2
20 97 1
20 98 1
20 99 1
21 22 3
21 23 5
21 24 2
21 25 3
21 26 4
21 27 3
21 28 4
21 29 3
21 30 3
21 31 3
21 32 3
21 33 1
21 34 5
21 35 1
21 36 4
21 37 3
21 38 3
21 39 2
21 40 1
21 41 4
21 42 3
21 43 2
21 44 3
21 45 1
21 46 4
21 47 4
21 48 2
21 49 2
21 50 3
21 51 1
21 52 2
21 53 2
21 54 2
21 55 5
21 56 4
21 57 4
21 58 1
21 59 3
21 60 3
21 61 4
21 62 3
21 63 3
21 64 4
21 65 2
21 66 2
21 67 4
21 68 3
21 69 3
21 70 4
21 71 4
21 72 1
21 73 3
21 74 2
21 75 2
21 76 1
21 77 4
21 78 2
21 79 4
21 80 3
21 81 4
21 82 5
21 83 2
21 84 2
21 85 2
21 86 3
21 87 4
21 88 2
21 89 5
21 90 2
21 91 2
21 92 4
21 93 3
21 94 3
21 95 2
21 96 5
21 97 3
21 98 4
21 99 4
22 23 3
22 24 2
22 25 3
22 26 2
22 27 1
22 28 3
22 29 2
22 30 1
22 31 1
22 32 1
22 33 3
22 34 2
22 35 2
22 36 3
22 37 4
22 38 3
22 39 2
22 40 2
22 41 3
22 42 1
22 43 2
22 44 3
22 45 3
22 46 3
22 47 3
22 48 2
22 49 1
22 50 3
22 51 3
22 52 2
22 53 2
22 54 2
22 55 3
22 56 4
22 57 3
22 58 3
22 59 3
22 60 1
22 61 3
22 62 3
22 63 3
22 64 4
22 65 2
22 66 2
22 67 1
22 68 4
22 69 4
22 70 1
22 71 2
22 72 3
22 73 1
22 74 3
22 75 3
22 76 2
22 77 1
22 78 2
22 79 2
22 80 2
22 81 2
22 82 3
22 83 2
22 84 2
22 85 2
22 86 2
22 87 2
22 88 3
22 89 3
22 90 2
22 91 1
22 92 4
22 93 3
22 94 2
22 95 1
22 96 3
22 97 1
22 98 2
22 99 1
23 24 4
23 25 2
23 26 1
23 27 2
23 28 2
23 29 2
23 30 2
23 31 2
23 32 2
23 33 4
23 34 1
23 35 4
23 36 1
23 37 3
23 38 2
23 39 3
23 40 4
23 41 1
23 42 2
23 43 3
23 44 2
23 45 4
23 46 1
23 47 1
23 48 3
23 49 3
23 50 3
23 51 4
23 52 4
23 53 3
23 54 3
23 55 1
23 56 3
23 57 1
23 58 4
23 59 2
23 60 3
23 61 2
23 62 2
23 63 2
23 64 2
23 65 4
23 66 3
23 67 2
23 68 3
23 69 3
23 70 3
23 71 2
23 72 4
23 73 2
23 74 4
23 75 4
23 76 4
23 77 3
23 78 3
23 79 2
23 80 2
23 81 2
23 82 1
23 83 3
23 84 3
23 85 3
23 86 2
23 87 1
23 88 3
23 89 1
23 90 3
23 91 3
23 92 2
23 93 2
23 94 2
23 95 3
23 96 1
23 97 3
23 98 2
23 99 3
24 25 4
24 26 3
24 27 2
24 28 4
24 29 2
24 30 2
24 31 2
24 32 2
24 33 2
24 34 4
24 35 1
24 36 3
24 37 3
24 38 3
24 39 2
24 40 1
24 41 3
24 42 2
24 43 1
24 44 3
24 45 2
24 46 3
24 47 4
24 48 1
24 49 1
24 50 3
24 51 2
24 52 1
24 53 1
24 54 2
24 55 4
24 56 4
24 57 4
24 58 1
24 59 3
24 60 1
24 61 4
24 62 4
24 63 3
24 64 4
24 65 1
24 66 1
24 67 3
24 68 4
24 69 4
24 70 2
24 71 3
24 72 2
24 73 2
24 74 2
24 75 2
24 76 1
24 77 2
24 78 2
24 79 3
24 80 3
24 81 3
24 82 4
24 83 1
24 84 1
24 85 1
24 86 2
24 87 4
24 88 3
24 89 4
24 90 2
24 91 1
24 92 4
24 93 4
24 94 3
24 95 1
24 96 4
24 97 2
24 98 3
24 99 3
25 26 2
25 27 3
25 28 1
25 29 2
25 30 3
25 31 3
25 32 3
25 33 2
25 34 3
25 35 3
25 36 1
25 37 1
25 38 1
25 39 2
25 40 3
25 41 1
25 42 3
25 43 3
25 44 1
25 45 3
25 46 1
25 47 2
25 48 3
25 49 3
25 50 1
25 51 3
25 52 4
25 53 3
25 54 2
25 55 3
25 56 1
25 57 2
25 58 3
25 59 1
25 60 4
25 61 1
25 62 1
25 63 1
25 64 1
25 65 3
25 66 3
25 67 3
25 68 1
25 69 1
25 70 4
25 71 2
25 72 2
25 73 3
25 74 2
25 75 2
25 76 3
25 77 4
25 78 2
25 79 3
25 80 1
25 81 3
25 82 2
25 83 3
25 84 3
25 85 3
25 86 2
25 87 2
25 88 1
25 89 3
25 90 3
25 91 4
25 92 1
25 93 1
25 94 2
25 95 3
25 96 3
25 97 4
25 98 2
25 99 3
26 27 1
26 28 2
26 29 1
26 30 1
26 31 1
26 32 1
26 33 3
26 34 2
26 35 3
26 36 1
26 37 3
26 38 2
26 39 2
26 40 3
26 41 1
26 42 1
26 43 2
26 44 2
26 45 3
26 46 1
26 47 2
26 48 2
26 49 2
26 50 3
26 51 3
26 52 3
26 53 2
26 54 2
26 55 2
26 56 3
26 57 2
26 58 3
26 59 2
26 60 2
26 61 2
26 62 2
26 63 2
26 64 2
26 65 3
26 66 2
26 67 1
26 68 3
26 69 3
26 70 2
26 71 1
26 72 3
26 73 1
26 74 3
26 75 3
26 76 3
26 77 2
26 78 2
26 79 1
26 80 1
26 81 1
26 82 2
26 83 2
26 84 2
26 85 2
26 86 1
26 87 1
26 88 3
26 89 2
26 90 2
26 91 2
26 92 2
26 93 2
26 94 1
26 95 2
26 96 2
26 97 2
26 98 1
26 99 2
27 28 3
27 29 1
27 30 1
27 31 1
27 32 1
27 33 2
27 34 2
27 35 2
27 36 2
27 37 3
27 38 3
27 39 2
27 40 2
27 41 2
27 42 1
27 43 2
27 44 3
27 45 3
27 46 2
27 47 3
27 48 2
27 49 1
27 50 3
27 51 3
27 52 2
27 53 1
27 54 2
27 55 2
27 56 3
27 57 3
27 58 3
27 59 2
27 60 1
27 61 3
27 62 3
27 63 2
27 64 3
27 65 2
27 66 2
27 67 1
27 68 3
27 69 3
27 70 1
27 71 1
27 72 3
27 73 1
27 74 2
27 75 2
27 76 2
27 77 1
27 78 1
27 79 2
27 80 2
27 81 2
27 82 3
27 83 1
27 84 2
27 85 2
27 86 1
27 87 2
27 88 3
27 89 3
27 90 1
27 91 2
27 92 3
27 93 3
27 94 2
27 95 1
27 96 3
27 97 2
27 98 1
27 99 1
28 29 2
28 30 2
28 31 2
28 32 3
28 33 3
28 34 3
28 35 3
28 36 1
28 37 2
28 38 1
28 39 3
28 40 4
28 41 1
28 42 3
28 43 3
28 44 1
28 45 4
28 46 1
28 47 1
28 48 3
28 49 3
28 50 2
28 51 4
28 52 4
28 53 3
28 54 2
28 55 3
28 56 1
28 57 1
28 58 4
28 59 1
28 60 3
28 61 1
28 62 1
28 63 1
28 64 1
28 65 4
28 66 3
28 67 2
28 68 2
28 69 1
28 70 3
28 71 2
28 72 3
28 73 3
28 74 3
28 75 3
28 76 4
28 77 4
28 78 2
28 79 3
28 80 1
28 81 3
28 82 2
28 83 3
28 84 3
28 85 3
28 86 2
28 87 2
28 88 2
28 89 3
28 90 3
28 91 3
28 92 1
28 93 1
28 94 1
28 95 3
28 96 3
28 97 4
28 98 2
28 99 3
29 30 1
29 31 1
29 32 1
29 33 2
29 34 2
29 35 2
29 36 1
29 37 3
29 38 2
29 39 2
29 40 3
29 41 1
29 42 1
29 43 2
29 44 2
29 45 3
29 46 1
29 47 2
29 48 2
29 49 1
29 50 2
29 51 3
29 52 2
29 53 1
29 54 2
29 55 2
29 56 2
29 57 2
29 58 3
29 59 1
29 60 2
29 61 2
29 62 2
29 63 2
29 64 2
29 65 2
29 66 2
29 67 1
29 68 3
29 69 2
29 70 2
29 71 1
29 72 3
29 73 1
29 74 2
29 75 2
29 76 2
29 77 2
29 78 1
29 79 2
29 80 1
29 81 2
29 82 2
29 83 2
29 84 2
29 85 2
29 86 1
29 87 2
29 88 3
29 89 2
29 90 1
29 91 2
29 92 2
29 93 2
29 94 1
29 95 2
29 96 2
29 97 2
29 98 1
29 99 2
30 31 1
30 32 1
30 33 2
30 34 3
30 35 2
30 36 2
30 37 3
30 38 2
30 39 1
30 40 2
30 41 2
30 42 1
30 43 1
30 44 2
30 45 2
30 46 2
30 47 3
30 48 1
30 49 1
30 50 2
30 51 2
30 52 2
30 53 1
30 54 1
30 55 3
30 56 3
30 57 2
30 58 2
30 59 2
30 60 1
30 61 2
30 62 2
30 63 2
30 64 3
30 65 2
30 66 1
30 67 2
30 68 3
30 69 3
30 70 2
30 71 2
30 72 2
30 73 1
30 74 2
30 75 2
30 76 2
30 77 2
30 78 1
30 79 2
30 80 2
30 81 2
30 82 3
30 83 1
30 84 1
30 85 1
30 86 1
30 87 2
30 88 2
30 89 3
30 90 1
30 91 1
30 92 3
30 93 3
30 94 1
30 95 1
30 96 3
30 97 2
30 98 1
30 99 2
31 32 1
31 33 3
31 34 2
31 35 2
31 36 2
31 37 3
31 38 2
31 39 2
31 40 3
31 41 2
31 42 1
31 43 2
31 44 2
31 45 3
31 46 2
31 47 3
31 48 2
31 49 1
31 50 3
31 51 3
31 52 2
31 53 2
31 54 2
31 55 2
31 56 3
31 57 2
31 58 3
31 59 2
31 60 2
31 61 2
31 62 2
31 63 2
31 64 3
31 65 2
31 66 2
31 67 1
31 68 3
31 69 3
31 70 2
31 71 1
31 72 3
31 73 1
31 74 3
31 75 3
31 76 3
31 77 2
31 78 1
31 79 1
31 80 2
31 81 1
31 82 2
31 83 2
31 84 2
31 85 2
31 86 1
31 87 2
31 88 3
31 89 2
31 90 2
31 91 2
31 92 3
31 93 3
31 94 1
31 95 2
31 96 2
31 97 2
31 98 1
31 99 1
32 33 2
32 34 2
32 35 2
32 36 2
32 37 3
32 38 3
32 39 2
32 40 2
32 41 2
32 42 1
32 43 2
32 44 3
32 45 3
32 46 2
32 47 3
32 48 1
32 49 1
32 50 3
32 51 3
32 52 2
32 53 1
32 54 2
32 55 2
32 56 3
32 57 3
32 58 3
32 59 2
32 60 1
32 61 3
32 62 3
32 63 2
32 64 3
32 65 2
32 66 2
32 67 1
32 68 3
32 69 3
32 70 1
32 71 1
32 72 3
32 73 1
32 74 2
32 75 2
32 76 2
32 77 2
32 78 1
32 79 2
32 80 2
32 81 2
32 82 3
32 83 1
32 84 2
32 85 2
32 86 1
32 87 2
32 88 3
32 89 3
32 90 1
32 91 2
32 92 3
32 93 3
32 94 2
32 95 1
32 96 3
32 97 2
32 98 1
32 99 1
33 34 4
33 35 1
33 36 3
33 37 2
33 38 2
33 39 1
33 40 2
33 41 3
33 42 3
33 43 1
33 44 2
33 45 1
33 46 3
33 47 3
33 48 1
33 49 2
33 50 2
33 51 1
33 52 2
33 53 1
33 54 1
33 55 4
33 56 3
33 57 3
33 58 2
33 59 2
33 60 2
33 61 3
33 62 2
33 63 2
33 64 3
33 65 2
33 66 1
33 67 3
33 68 2
33 69 2
33 70 3
33 71 3
33 72 1
33 73 3
33 74 1
33 75 1
33 76 2
33 77 3
33 78 2
33 79 4
33 80 2
33 81 4
33 82 4
33 83 1
33 84 2
33 85 1
33 86 2
33 87 4
33 88 1
33 89 4
33 90 1
33 91 2
33 92 3
33 93 2
33 94 3
33 95 2
33 96 4
33 97 3
33 98 3
33 99 3
34 35 4
34 36 2
34 37 4
34 38 3
34 39 3
34 40 4
34 41 2
34 42 2
34 43 4
34 44 3
34 45 4
34 46 2
34 47 2
34 48 3
34 49 3
34 50 4
34 51 5
34 52 4
34 53 3
34 54 3
34 55 1
34 56 4
34 57 2
34 58 4
34 59 3
34 60 3
34 61 3
34 62 3
34 63 3
34 64 3
34 65 4
34 66 4
34 67 1
34 68 4
34 69 4
34 70 3
34 71 1
34 72 4
34 73 2
34 74 4
34 75 4
34 76 4
34 77 3
34 78 3
34 79 1
34 80 3
34 81 1
34 82 1
34 83 3
34 84 4
34 85 3
34 86 2
34 87 1
34 88 4
34 89 1
34 90 3
34 91 3
34 92 3
34 93 3
34 94 2
34 95 3
34 96 1
34 97 3
34 98 2
34 99 2
35 36 3
35 37 3
35 38 3
35 39 1
35 40 1
35 41 3
35 42 2
35 43 1
35 44 3
35 45 1
35 46 3
35 47 3
35 48 1
35 49 1
35 50 3
35 51 1
35 52 1
35 53 1
35 54 2
35 55 4
35 56 4
35 57 3
35 58 1
35 59 3
35 60 2
35 61 3
35 62 3
35 63 3
35 64 4
35 65 1
35 66 1
35 67 3
35 68 3
35 69 3
35 70 3
35 71 3
35 72 1
35 73 2
35 74 1
35 75 2
35 76 1
35 77 3
35 78 1
35 79 3
35 80 2
35 81 3
35 82 4
35 83 1
35 84 1
35 85 1
35 86 2
35 87 3
35 88 2
35 89 4
35 90 1
35 91 1
35 92 4
35 93 3
35 94 2
35 95 1
35 96 4
35 97 2
35 98 3
35 99 3
36 37 2
36 38 1
36 39 3
36 40 4
36 41 1
36 42 2
36 43 3
36 44 1
36 45 4
36 46 1
36 47 1
36 48 2
36 49 2
36 50 2
36 51 4
36 52 3
36 53 2
36 54 2
36 55 2
36 56 2
36 57 1
36 58 4
36 59 1
36 60 3
36 61 1
36 62 1
36 63 1
36 64 2
36 65 3
36 66 3
36 67 2
36 68 2
36 69 2
36 70 3
36 71 1
36 72 3
36 73 2
36 74 3
36 75 3
36 76 3
36 77 3
36 78 2
36 79 2
36 80 1
36 81 2
36 82 1
36 83 3
36 84 3
36 85 3
36 86 1
36 87 1
36 88 2
36 89 2
36 90 2
36 91 3
36 92 2
36 93 1
36 94 1
36 95 3
36 96 2
36 97 3
36 98 2
36 99 2
37 38 1
37 39 2
37 40 3
37 41 2
37 42 3
37 43 3
37 44 1
37 45 3
37 46 2
37 47 2
37 48 2
37 49 3
37 50 1
37 51 3
37 52 3
37 53 2
37 54 2
37 55 4
37 56 1
37 57 3
37 58 3
37 59 2
37 60 4
37 61 2
37 62 2
37 63 1
37 64 1
37 65 3
37 66 3
37 67 3
37 68 1
37 69 1
37 70 4
37 71 3
37 72 2
37 73 3
37 74 2
37 75 1
37 76 3
37 77 4
37 78 3
37 79 4
37 80 2
37 81 4
37 82 3
37 83 3
37 84 3
37 85 2
37 86 2
37 87 3
37 88 1
37 89 4
37 90 3
37 91 3
37 92 2
37 93 1
37 94 2
37 95 3
37 96 4
37 97 4
37 98 3
37 99 4
38 39 2
38 40 3
38 41 1
38 42 3
38 43 3
38 44 1
38 45 3
38 46 1
38 47 2
38 48 2
38 49 2
38 50 1
38 51 3
38 52 3
38 53 2
38 54 1
38 55 3
38 56 1
38 57 2
38 58 3
38 59 1
38 60 3
38 61 1
38 62 1
38 63 1
38 64 1
38 65 3
38 66 3
38 67 2
38 68 1
38 69 1
38 70 3
38 71 2
38 72 2
38 73 3
38 74 2
38 75 2
38 76 3
38 77 4
38 78 2
38 79 3
38 80 1
38 81 3
38 82 2
38 83 2
38 84 3
38 85 2
38 86 2
38 87 2
38 88 1
38 89 3
38 90 2
38 91 3
38 92 1
38 93 1
38 94 1
38 95 3
38 96 3
38 97 4
38 98 2
38 99 3
39 40 2
39 41 2
39 42 2
39 43 1
39 44 2
39 45 2
39 46 3
39 47 3
39 48 1
39 49 1
39 50 2
39 51 2
39 52 2
39 53 1
39 54 1
39 55 3
39 56 3
39 57 3
39 58 2
39 59 2
39 60 2
39 61 3
39 62 2
39 63 2
39 64 3
39 65 2
39 66 1
39 67 3
39 68 2
39 69 2
39 70 3
39 71 2
39 72 1
39 73 2
39 74 1
39 75 1
39 76 2
39 77 3
39 78 1
39 79 3
39 80 2
39 81 3
39 82 3
39 83 1
39 84 2
39 85 1
39 86 2
39 87 3
39 88 1
39 89 4
39 90 1
39 91 2
39 92 3
39 93 2
39 94 2
39 95 2
39 96 4
39 97 3
39 98 2
39 99 3
40 41 3
40 42 3
40 43 1
40 44 3
40 45 1
40 46 4
40 47 4
40 48 2
40 49 2
40 50 3
40 51 1
40 52 1
40 53 2
40 54 2
40 55 4
40 56 4
40 57 4
40 58 1
40 59 3
40 60 2
40 61 4
40 62 3
40 63 3
40 64 4
40 65 1
40 66 1
40 67 3
40 68 3
40 69 3
40 70 3
40 71 3
40 72 1
40 73 3
40 74 2
40 75 2
40 76 1
40 77 3
40 78 2
40 79 4
40 80 3
40 81 4
40 82 4
40 83 2
40 84 1
40 85 1
40 86 3
40 87 4
40 88 2
40 89 5
40 90 2
40 91 2
40 92 4
40 93 3
40 94 3
40 95 1
40 96 5
40 97 3
40 98 3
40 99 3
41 42 2
41 43 3
41 44 1
41 45 3
41 46 1
41 47 1
41 48 2
41 49 2
41 50 2
41 51 4
41 52 3
41 53 2
41 54 2
41 55 2
41 56 2
41 57 1
41 58 3
41 59 1
41 60 3
41 61 1
41 62 1
41 63 1
41 64 2
41 65 3
41 66 3
41 67 2
41 68 2
41 69 2
41 70 3
41 71 1
41 72 3
41 73 2
41 74 3
41 75 3
41 76 3
41 77 3
41 78 2
41 79 2
41 80 1
41 81 2
41 82 1
41 83 2
41 84 3
41 85 2
41 86 1
41 87 1
41 88 2
41 89 2
41 90 2
41 91 3
41 92 2
41 93 1
41 94 1
41 95 2
41 96 2
41 97 3
41 98 1
41 99 2
42 43 2
42 44 3
42 45 3
42 46 2
42 47 3
42 48 2
42 49 1
42 50 3
42 51 3
42 52 2
42 53 2
42 54 2
42 55 2
42 56 3
42 57 3
42 58 3
42 59 2
42 60 1
42 61 3
42 62 3
42 63 2
42 64 3
42 65 2
42 66 2
42 67 1
42 68 3
42 69 3
42 70 1
42 71 1
42 72 3
42 73 1
42 74 3
42 75 3
42 76 3
42 77 1
42 78 1
42 79 2
42 80 2
42 81 2
42 82 3
42 83 2
42 84 2
42 85 2
42 86 1
42 87 2
42 88 3
42 89 3
42 90 2
42 91 2
42 92 3
42 93 3
42 94 2
42 95 2
42 96 3
42 97 1
42 98 1
42 99 1
43 44 3
43 45 1
43 46 3
43 47 3
43 48 1
43 49 1
43 50 3
43 51 2
43 52 1
43 53 1
43 54 2
43 55 4
43 56 4
43 57 3
43 58 1
43 59 3
43 60 1
43 61 3
43 62 3
43 63 3
43 64 4
43 65 1
43 66 1
43 67 3
43 68 3
43 69 3
43 70 2
43 71 3
43 72 2
43 73 2
43 74 2
43 75 2
43 76 1
43 77 2
43 78 1
43 79 3
43 80 2
43 81 3
43 82 4
43 83 1
43 84 1
43 85 1
43 86 2
43 87 3
43 88 2
43 89 4
43 90 1
43 91 1
43 92 4
43 93 3
43 94 2
43 95 1
43 96 4
43 97 2
43 98 2
43 99 3
44 45 3
44 46 1
44 47 2
44 48 2
44 49 2
44 50 1
44 51 3
44 52 3
44 53 2
44 54 1
44 55 3
44 56 1
44 57 2
44 58 3
44 59 1
44 60 3
44 61 1
44 62 1
44 63 1
44 64 1
44 65 3
44 66 3
44 67 2
44 68 1
44 69 1
44 70 3
44 71 2
44 72 3
44 73 3
44 74 2
44 75 2
44 76 3
44 77 4
44 78 2
44 79 3
44 80 1
44 81 3
44 82 2
44 83 2
44 84 3
44 85 2
44 86 2
44 87 2
44 88 2
44 89 3
44 90 2
44 91 3
44 92 1
44 93 1
44 94 1
44 95 3
44 96 3
44 97 4
44 98 2
44 99 3
45 46 4
45 47 4
45 48 2
45 49 2
45 50 3
45 51 1
45 52 2
45 53 2
45 54 2
45 55 4
45 56 4
45 57 4
45 58 1
45 59 3
45 60 2
45 61 4
45 62 3
45 63 3
45 64 4
45 65 1
45 66 1
45 67 4
45 68 3
45 69 3
45 70 3
45 71 3
45 72 1
45 73 3
45 74 2
45 75 2
45 76 1
45 77 3
45 78 2
45 79 4
45 80 3
45 81 4
45 82 4
45 83 2
45 84 2
45 85 1
45 86 3
45 87 4
45 88 2
45 89 5
45 90 2
45 91 2
45 92 4
45 93 3
45 94 3
45 95 2
45 96 5
45 97 3
45 98 3
45 99 4
46 47 1
46 48 2
46 49 2
46 50 2
46 51 4
46 52 3
46 53 2
46 54 2
46 55 2
46 56 2
46 57 1
46 58 4
46 59 1
46 60 3
46 61 1
46 62 1
46 63 1
46 64 1
46 65 3
46 66 3
46 67 2
46 68 2
46 69 2
46 70 3
46 71 2
46 72 3
46 73 2
46 74 3
46 75 3
46 76 3
46 77 3
46 78 2
46 79 2
46 80 1
46 81 2
46 82 1
46 83 3
46 84 3
46 85 3
46 86 1
46 87 2
46 88 2
46 89 2
46 90 2
46 91 3
46 92 1
46 93 1
46 94 1
46 95 3
46 96 2
46 97 3
46 98 2
46 99 3
47 48 3
47 49 3
47 50 2
47 51 4
47 52 4
47 53 3
47 54 2
47 55 2
47 56 2
47 57 1
47 58 4
47 59 2
47 60 4
47 61 1
47 62 1
47 63 2
47 64 2
47 65 4
47 66 3
47 67 3
47 68 2
47 69 2
47 70 4
47 71 2
47 72 4
47 73 3
47 74 3
47 75 3
47 76 4
47 77 4
47 78 2
47 79 3
47 80 1
47 81 3
47 82 1
47 83 3
47 84 4
47 85 3
47 86 2
47 87 2
47 88 3
47 89 2
47 90 3
47 91 4
47 92 1
47 93 1
47 94 2
47 95 3
47 96 2
47 97 4
47 98 2
47 99 3
48 49 1
48 50 2
48 51 2
48 52 2
48 53 1
48 54 1
48 55 3
48 56 3
48 57 3
48 58 2
48 59 2
48 60 2
48 61 3
48 62 3
48 63 2
48 64 3
48 65 1
48 66 1
48 67 2
48 68 3
48 69 3
48 70 2
48 71 2
48 72 2
48 73 2
48 74 1
48 75 1
48 76 1
48 77 3
48 78 1
48 79 3
48 80 2
48 81 3
48 82 3
48 83 1
48 84 1
48 85 1
48 86 1
48 87 3
48 88 2
48 89 3
48 90 1
48 91 1
48 92 3
48 93 3
48 94 2
48 95 1
48 96 3
48 97 2
48 98 2
48 99 2
49 50 2
49 51 2
49 52 1
49 53 1
49 54 1
49 55 3
49 56 3
49 57 3
49 58 2
49 59 2
49 60 1
49 61 3
49 62 3
49 63 2
49 64 3
49 65 1
49 66 1
49 67 2
49 68 3
49 69 3
49 70 2
49 71 2
49 72 2
49 73 1
49 74 2
49 75 2
49 76 2
49 77 2
49 78 1
49 79 2
49 80 2
49 81 2
49 82 3
49 83 1
49 84 1
49 85 1
49 86 1
49 87 3
49 88 2
49 89 3
49 90 1
49 91 1
49 92 3
49 93 3
49 94 2
49 95 1
49 96 3
49 97 2
49 98 2
49 99 2
50 51 3
50 52 3
50 53 2
50 54 1
50 55 4
50 56 1
50 57 3
50 58 3
50 59 1
50 60 3
50 61 2
50 62 2
50 63 1
50 64 1
50 65 3
50 66 3
50 67 3
50 68 1
50 69 1
50 70 4
50 71 3
50 72 2
50 73 3
50 74 2
50 75 1
50 76 3
50 77 4
50 78 2
50 79 4
50 80 2
50 81 4
50 82 3
50 83 2
50 84 3
50 85 2
50 86 2
50 87 3
50 88 1
50 89 4
50 90 2
50 91 3
50 92 2
50 93 1
50 94 2
50 95 3
50 96 4
50 97 4
50 98 3
50 99 4
51 52 2
51 53 2
51 54 2
51 55 5
51 56 4
51 57 4
51 58 1
51 59 3
51 60 2
51 61 4
51 62 3
51 63 3
51 64 4
51 65 1
51 66 1
51 67 4
51 68 3
51 69 3
51 70 3
51 71 4
51 72 1
51 73 3
51 74 2
51 75 2
51 76 1
51 77 3
51 78 2
51 79 4
51 80 3
51 81 4
51 82 5
51 83 2
51 84 2
51 85 2
51 86 3
51 87 4
51 88 2
51 89 5
51 90 2
51 91 2
51 92 4
51 93 3
51 94 3
51 95 2
51 96 5
51 97 3
51 98 3
51 99 4
52 53 1
52 54 2
52 55 4
52 56 4
52 57 4
52 58 2
52 59 3
52 60 1
52 61 4
52 62 4
52 63 3
52 64 4
52 65 1
52 66 1
52 67 3
52 68 4
52 69 4
52 70 2
52 71 3
52 72 2
52 73 2
52 74 2
52 75 2
52 76 1
52 77 2
52 78 2
52 79 3
52 80 3
52 81 3
52 82 4
52 83 1
52 84 1
52 85 1
52 86 2
52 87 4
52 88 3
52 89 4
52 90 2
52 91 1
52 92 4
52 93 4
52 94 3
52 95 1
52 96 4
52 97 2
52 98 3
52 99 3
53 54 1
53 55 3
53 56 3
53 57 3
53 58 2
53 59 2
53 60 2
53 61 3
53 62 3
53 63 2
53 64 3
53 65 1
53 66 1
53 67 2
53 68 3
53 69 3
53 70 2
53 71 2
53 72 2
53 73 2
53 74 1
53 75 1
53 76 1
53 77 2
53 78 1
53 79 3
53 80 2
53 81 3
53 82 3
53 83 1
53 84 1
53 85 1
53 86 1
53 87 3
53 88 2
53 89 3
53 90 1
53 91 1
53 92 3
53 93 3
53 94 2
53 95 1
53 96 3
53 97 2
53 98 2
53 99 2
54 55 3
54 56 2
54 57 2
54 58 2
54 59 1
54 60 2
54 61 2
54 62 2
54 63 1
54 64 2
54 65 2
54 66 2
54 67 2
54 68 2
54 69 2
54 70 3
54 71 2
54 72 2
54 73 2
54 74 1
54 75 1
54 76 2
54 77 3
54 78 1
54 79 3
54 80 1
54 81 3
54 82 3
54 83 1
54 84 2
54 85 1
54 86 1
54 87 3
54 88 1
54 89 3
54 90 1
54 91 2
54 92 2
54 93 2
54 94 2
54 95 2
54 96 3
54 97 3
54 98 2
54 99 3
55 56 4
55 57 2
55 58 4
55 59 3
55 60 3
55 61 3
55 62 3
55 63 3
55 64 3
55 65 4
55 66 4
55 67 2
55 68 4
55 69 4
55 70 3
55 71 1
55 72 4
55 73 2
55 74 4
55 75 4
55 76 4
55 77 3
55 78 3
55 79 1
55 80 3
55 81 1
55 82 1
55 83 3
55 84 4
55 85 3
55 86 2
55 87 1
55 88 4
55 89 1
55 90 3
55 91 4
55 92 3
55 93 3
55 94 2
55 95 3
55 96 1
55 97 3
55 98 2
55 99 2
56 57 2
56 58 4
56 59 1
56 60 4
56 61 1
56 62 1
56 63 1
56 64 1
56 65 4
56 66 4
56 67 3
56 68 1
56 69 1
56 70 4
56 71 3
56 72 3
56 73 3
56 74 3
56 75 2
56 76 4
56 77 4
56 78 3
56 79 4
56 80 2
56 81 4
56 82 3
56 83 3
56 84 4
56 85 3
56 86 2
56 87 3
56 88 2
56 89 4
56 90 3
56 91 4
56 92 1
56 93 1
56 94 2
56 95 3
56 96 4
56 97 4
56 98 3
56 99 4
57 58 4
57 59 2
57 60 3
57 61 1
57 62 1
57 63 2
57 64 2
57 65 4
57 66 3
57 67 2
57 68 3
57 69 2
57 70 3
57 71 2
57 72 4
57 73 3
57 74 3
57 75 3
57 76 4
57 77 4
57 78 2
57 79 2
57 80 1
57 81 2
57 82 1
57 83 3
57 84 3
57 85 3
57 86 2
57 87 1
57 88 3
57 89 2
57 90 3
57 91 3
57 92 2
57 93 2
57 94 1
57 95 3
57 96 2
57 97 4
57 98 2
57 99 3
58 59 3
58 60 2
58 61 4
58 62 3
58 63 3
58 64 4
58 65 1
58 66 1
58 67 4
58 68 3
58 69 3
58 70 3
58 71 3
58 72 1
58 73 3
58 74 2
58 75 2
58 76 1
58 77 3
58 78 2
58 79 4
58 80 3
58 81 4
58 82 4
58 83 2
58 84 1
58 85 1
58 86 3
58 87 4
58 88 2
58 89 5
58 90 2
58 91 2
58 92 4
58 93 3
58 94 3
58 95 2
58 96 5
58 97 3
58 98 3
58 99 4
59 60 3
59 61 1
59 62 1
59 63 1
59 64 1
59 65 3
59 66 3
59 67 2
59 68 2
59 69 1
59 70 3
59 71 2
59 72 3
59 73 2
59 74 2
59 75 2
59 76 3
59 77 3
59 78 2
59 79 3
59 80 1
59 81 3
59 82 2
59 83 2
59 84 3
59 85 2
59 86 1
59 87 2
59 88 2
59 89 3
59 90 2
59 91 3
59 92 1
59 93 1
59 94 1
59 95 2
59 96 3
59 97 3
59 98 2
59 99 3
60 61 3
60 62 3
60 63 3
60 64 4
60 65 1
60 66 1
60 67 2
60 68 4
60 69 4
60 70 1
60 71 2
60 72 3
60 73 1
60 74 3
60 75 3
60 76 2
60 77 1
60 78 2
60 79 3
60 80 3
60 81 2
60 82 4
60 83 1
60 84 1
60 85 2
60 86 2
60 87 3
60 88 3
60 89 3
60 90 2
60 91 1
60 92 4
60 93 4
60 94 2
60 95 1
60 96 4
60 97 1
60 98 2
60 99 2
61 62 1
61 63 1
61 64 1
61 65 4
61 66 3
61 67 2
61 68 2
61 69 1
61 70 3
61 71 2
61 72 3
61 73 3
61 74 3
61 75 3
61 76 4
61 77 4
61 78 2
61 79 3
61 80 1
61 81 3
61 82 2
61 83 3
61 84 3
61 85 3
61 86 2
61 87 2
61 88 2
61 89 3
61 90 3
61 91 3
61 92 1
61 93 1
61 94 1
61 95 3
61 96 3
61 97 4
61 98 2
61 99 3
62 63 1
62 64 1
62 65 3
62 66 3
62 67 2
62 68 2
62 69 1
62 70 3
62 71 2
62 72 3
62 73 3
62 74 2
62 75 2
62 76 3
62 77 4
62 78 2
62 79 3
62 80 1
62 81 3
62 82 2
62 83 3
62 84 3
62 85 3
62 86 2
62 87 2
62 88 2
62 89 3
62 90 3
62 91 3
62 92 1
62 93 1
62 94 1
62 95 3
62 96 3
62 97 4
62 98 2
62 99 3
63 64 1
63 65 3
63 66 3
63 67 2
63 68 1
63 69 1
63 70 3
63 71 2
63 72 2
63 73 2
63 74 2
63 75 2
63 76 3
63 77 3
63 78 2
63 79 3
63 80 1
63 81 3
63 82 2
63 83 2
63 84 3
63 85 2
63 86 1
63 87 2
63 88 1
63 89 3
63 90 2
63 91 3
63 92 1
63 93 1
63 94 1
63 95 3
63 96 3
63 97 3
63 98 2
63 99 3
64 65 4
64 66 4
64 67 3
64 68 1
64 69 1
64 70 4
64 71 3
64 72 3
64 73 3
64 74 3
64 75 2
64 76 4
64 77 4
64 78 3
64 79 3
64 80 2
64 81 3
64 82 2
64 83 3
64 84 4
64 85 3
64 86 2
64 87 3
64 88 2
64 89 3
64 90 3
64 91 4
64 92 1
64 93 1
64 94 2
64 95 3
64 96 3
64 97 4
64 98 3
64 99 4
65 66 1
65 67 3
65 68 3
65 69 3
65 70 2
65 71 3
65 72 2
65 73 2
65 74 2
65 75 2
65 76 1
65 77 2
65 78 2
65 79 3
65 80 3
65 81 3
65 82 4
65 83 1
65 84 1
65 85 1
65 86 2
65 87 4
65 88 3
65 89 4
65 90 1
65 91 1
65 92 4
65 93 3
65 94 3
65 95 1
65 96 4
65 97 2
65 98 3
65 99 3
66 67 3
66 68 3
66 69 3
66 70 2
66 71 3
66 72 2
66 73 2
66 74 2
66 75 2
66 76 1
66 77 2
66 78 1
66 79 3
66 80 2
66 81 3
66 82 4
66 83 1
66 84 1
66 85 1
66 86 2
66 87 3
66 88 2
66 89 4
66 90 1
66 91 1
66 92 4
66 93 3
66 94 2
66 95 1
66 96 4
66 97 2
66 98 2
66 99 3
67 68 3
67 69 3
67 70 2
67 71 1
67 72 4
67 73 1
67 74 3
67 75 3
67 76 3
67 77 2
67 78 2
67 79 1
67 80 2
67 81 1
67 82 2
67 83 2
67 84 3
67 85 3
67 86 1
67 87 1
67 88 3
67 89 2
67 90 2
67 91 2
67 92 3
67 93 3
67 94 1
67 95 2
67 96 2
67 97 2
67 98 1
67 99 1
68 69 1
68 70 4
68 71 3
68 72 2
68 73 3
68 74 2
68 75 2
68 76 3
68 77 4
68 78 3
68 79 4
68 80 2
68 81 4
68 82 3
68 83 3
68 84 3
68 85 3
68 86 2
68 87 3
68 88 1
68 89 4
68 90 3
68 91 4
68 92 2
68 93 1
68 94 2
68 95 3
68 96 4
68 97 4
68 98 3
68 99 4
69 70 4
69 71 3
69 72 2
69 73 3
69 74 2
69 75 2
69 76 3
69 77 4
69 78 3
69 79 4
69 80 2
69 81 4
69 82 3
69 83 3
69 84 3
69 85 3
69 86 2
69 87 3
69 88 1
69 89 4
69 90 3
69 91 4
69 92 1
69 93 1
69 94 2
69 95 3
69 96 4
69 97 4
69 98 3
69 99 4
70 71 2
70 72 4
70 73 1
70 74 3
70 75 3
70 76 3
70 77 1
70 78 2
70 79 2
70 80 3
70 81 2
70 82 4
70 83 2
70 84 2
70 85 3
70 86 2
70 87 3
70 88 4
70 89 3
70 90 2
70 91 2
70 92 4
70 93 4
70 94 2
70 95 2
70 96 3
70 97 1
70 98 2
70 99 1
71 72 3
71 73 1
71 74 3
71 75 3
71 76 3
71 77 2
71 78 2
71 79 1
71 80 2
71 81 1
71 82 2
71 83 2
71 84 3
71 85 2
71 86 1
71 87 1
71 88 3
71 89 2
71 90 2
71 91 3
71 92 3
71 93 2
71 94 1
71 95 2
71 96 2
71 97 2
71 98 1
71 99 1
72 73 3
72 74 1
72 75 1
72 76 2
72 77 4
72 78 2
72 79 4
72 80 3
72 81 4
72 82 4
72 83 2
72 84 2
72 85 2
72 86 3
72 87 4
72 88 1
72 89 5
72 90 2
72 91 2
72 92 3
72 93 3
72 94 3
72 95 2
72 96 5
72 97 3
72 98 3
72 99 4
73 74 3
73 75 3
73 76 3
73 77 1
73 78 1
73 79 2
73 80 2
73 81 1
73 82 3
73 83 2
73 84 2
73 85 2
73 86 1
73 87 2
73 88 3
73 89 2
73 90 2
73 91 2
73 92 3
73 93 3
73 94 2
73 95 2
73 96 3
73 97 2
73 98 1
73 99 1
74 75 1
74 76 2
74 77 3
74 78 2
74 79 4
74 80 2
74 81 4
74 82 4
74 83 2
74 84 2
74 85 1
74 86 2
74 87 4
74 88 1
74 89 4
74 90 1
74 91 2
74 92 3
74 93 2
74 94 3
74 95 2
74 96 4
74 97 3
74 98 3
74 99 3
75 76 2
75 77 3
75 78 2
75 79 4
75 80 2
75 81 4
75 82 4
75 83 2
75 84 2
75 85 1
75 86 2
75 87 4
75 88 1
75 89 4
75 90 2
75 91 2
75 92 3
75 93 2
75 94 3
75 95 2
75 96 4
75 97 3
75 98 3
75 99 3
76 77 3
76 78 2
76 79 4
76 80 3
76 81 4
76 82 4
76 83 1
76 84 1
76 85 1
76 86 2
76 87 4
76 88 3
76 89 4
76 90 2
76 91 1
76 92 4
76 93 3
76 94 3
76 95 1
76 96 4
76 97 2
76 98 3
76 99 3
77 78 2
77 79 2
77 80 3
77 81 2
77 82 4
77 83 2
77 84 2
77 85 3
77 86 2
77 87 3
77 88 4
77 89 3
77 90 2
77 91 2
77 92 4
77 93 4
77 94 3
77 95 2
77 96 3
77 97 1
77 98 2
77 99 1
78 79 2
78 80 1
78 81 2
78 82 3
78 83 1
78 84 2
78 85 1
78 86 1
78 87 2
78 88 2
78 89 3
78 90 1
78 91 2
78 92 3
78 93 2
78 94 1
78 95 1
78 96 3
78 97 2
78 98 2
78 99 2
79 80 2
79 81 1
79 82 2
79 83 3
79 84 3
79 85 3
79 86 2
79 87 1
79 88 4
79 89 1
79 90 3
79 91 3
79 92 3
79 93 3
79 94 2
79 95 3
79 96 1
79 97 2
79 98 1
79 99 1
80 81 2
80 82 2
80 83 2
80 84 3
80 85 2
80 86 1
80 87 2
80 88 2
80 89 3
80 90 2
80 91 3
80 92 2
80 93 1
80 94 1
80 95 2
80 96 3
80 97 3
80 98 2
80 99 3
81 82 2
81 83 3
81 84 3
81 85 3
81 86 2
81 87 1
81 88 4
81 89 1
81 90 3
81 91 3
81 92 3
81 93 3
81 94 2
81 95 3
81 96 2
81 97 2
81 98 1
81 99 1
82 83 3
82 84 4
82 85 3
82 86 2
82 87 1
82 88 3
82 89 1
82 90 3
82 91 4
82 92 2
82 93 2
82 94 2
82 95 3
82 96 1
82 97 4
82 98 2
82 99 3
83 84 1
83 85 1
83 86 2
83 87 3
83 88 2
83 89 4
83 90 1
83 91 1
83 92 3
83 93 3
83 94 2
83 95 1
83 96 4
83 97 2
83 98 2
83 99 2
84 85 1
84 86 2
84 87 3
84 88 3
84 89 4
84 90 1
84 91 1
84 92 4
84 93 3
84 94 2
84 95 1
84 96 4
84 97 2
84 98 2
84 99 3
85 86 2
85 87 3
85 88 2
85 89 4
85 90 1
85 91 1
85 92 3
85 93 3
85 94 2
85 95 1
85 96 4
85 97 2
85 98 2
85 99 3
86 87 2
86 88 2
86 89 2
86 90 1
86 91 2
86 92 2
86 93 2
86 94 1
86 95 2
86 96 2
86 97 2
86 98 1
86 99 2
87 88 3
87 89 1
87 90 3
87 91 3
87 92 3
87 93 2
87 94 1
87 95 3
87 96 1
87 97 3
87 98 1
87 99 2
88 89 4
88 90 2
88 91 3
88 92 2
88 93 2
88 94 2
88 95 3
88 96 4
88 97 4
88 98 3
88 99 4
89 90 3
89 91 4
89 92 3
89 93 3
89 94 2
89 95 4
89 96 1
89 97 3
89 98 2
89 99 2
90 91 2
90 92 3
90 93 3
90 94 2
90 95 1
90 96 3
90 97 3
90 98 2
90 99 2
91 92 4
91 93 4
91 94 2
91 95 1
91 96 4
91 97 1
91 98 2
91 99 2
92 93 1
92 94 2
92 95 3
92 96 3
92 97 4
92 98 3
92 99 4
93 94 2
93 95 3
93 96 3
93 97 4
93 98 2
93 99 3
94 95 2
94 96 2
94 97 3
94 98 1
94 99 2
95 96 4
95 97 2
95 98 2
95 99 2
96 97 3
96 98 2
96 99 2
97 98 2
97 99 2
98 99 1
