100 
0 1 5
0 2 6
0 3 2
0 4 6
0 5 4
0 6 6
0 7 1
0 8 5
0 9 2
0 10 4
0 11 4
0 12 7
0 13 7
0 14 4
0 15 4
0 16 4
0 17 4
0 18 3
0 19 6
0 20 7
0 21 4
0 22 4
0 23 3
0 24 6
0 25 2
0 26 4
0 27 4
0 28 5
0 29 4
0 30 6
0 31 5
0 32 5
0 33 7
0 34 5
0 35 3
0 36 6
0 37 4
0 38 4
0 39 5
0 40 6
0 41 5
0 42 3
0 43 6
0 44 2
0 45 5
0 46 7
0 47 4
0 48 7
0 49 5
0 50 6
0 51 5
0 52 5
0 53 4
0 54 5
0 55 6
0 56 5
0 57 5
0 58 2
0 59 5
0 60 2
0 61 5
0 62 2
0 63 5
0 64 3
0 65 3
0 66 5
0 67 2
0 68 3
0 69 3
0 70 4
0 71 5
0 72 1
0 73 1
0 74 6
0 75 4
0 76 4
0 77 3
0 78 3
0 79 5
0 80 6
0 81 2
0 82 7
0 83 2
0 84 1
0 85 6
0 86 5
0 87 4
0 88 1
0 89 4
0 90 2
0 91 7
0 92 2
0 93 2
0 94 7
0 95 1
0 96 4
0 97 2
0 98 6
0 99 5
1 2 3
1 3 4
1 4 2
1 5 3
1 6 3
1 7 4
1 8 3
1 9 3
1 10 1
1 11 1
1 12 4
1 13 4
1 14 1
1 15 4
1 16 2
1 17 2
1 18 2
1 19 3
1 20 4
1 21 1
1 22 2
1 23 2
1 24 3
1 25 4
1 26 1
1 27 3
1 28 5
1 29 4
1 30 3
1 31 1
1 32 2
1 33 4
1 34 3
1 35 3
1 36 3
1 37 1
1 38 2
1 39 3
1 40 3
1 41 2
1 42 3
1 43 3
1 44 3
1 45 2
1 46 4
1 47 1
1 48 4
1 49 2
1 50 4
1 51 2
1 52 1
1 53 3
1 54 4
1 55 2
1 56 4
1 57 2
1 58 4
1 59 4
1 60 4
1 61 5
1 62 4
1 63 1
1 64 3
1 65 2
1 66 2
1 67 4
1 68 4
1 69 2
1 70 2
1 71 2
1 72 4
1 73 4
1 74 3
1 75 1
1 76 2
1 77 4
1 78 3
1 79 3
1 80 3
1 81 3
1 82 4
1 83 4
1 84 4
1 85 2
1 86 2
1 87 1
1 88 5
1 89 2
1 90 4
1 91 4
1 92 5
1 93 3
1 94 3
1 95 5
1 96 1
1 97 4
1 98 1
1 99 1
2 3 6
2 4 4
2 5 5
2 6 1
2 7 5
2 8 5
2 9 5
2 10 3
2 11 3
2 12 5
2 13 1
2 14 3
2 15 6
2 16 2
2 17 2
2 18 3
2 19 4
2 20 5
2 21 4
2 22 4
2 23 4
2 24 4
2 25 6
2 26 2
2 27 5
2 28 7
2 29 6
2 30 4
2 31 2
2 32 2
2 33 5
2 34 2
2 35 5
2 36 4
2 37 2
2 38 2
2 39 5
2 40 4
2 41 2
2 42 5
2 43 3
2 44 4
2 45 1
2 46 1
2 47 3
2 48 5
2 49 4
2 50 2
2 51 1
2 52 3
2 53 5
2 54 6
2 55 3
2 56 6
2 57 1
2 58 5
2 59 6
2 60 6
2 61 7
2 62 5
2 63 3
2 64 5
2 65 4
2 66 4
2 67 5
2 68 6
2 69 4
2 70 4
2 71 3
2 72 5
2 73 5
2 74 2
2 75 2
2 76 4
2 77 6
2 78 5
2 79 5
2 80 1
2 81 5
2 82 5
2 83 5
2 84 6
2 85 2
2 86 2
2 87 2
2 88 6
2 89 2
2 90 6
2 91 5
2 92 6
2 93 5
2 94 2
2 95 6
2 96 2
2 97 6
2 98 3
2 99 3
3 4 5
3 5 3
3 6 6
3 7 3
3 8 4
3 9 2
3 10 3
3 11 3
3 12 6
3 13 7
3 14 3
3 15 2
3 16 4
3 17 5
3 18 4
3 19 5
3 20 6
3 21 3
3 22 3
3 23 2
3 24 5
3 25 1
3 26 4
3 27 3
3 28 3
3 29 2
3 30 5
3 31 5
3 32 5
3 33 6
3 34 6
3 35 2
3 36 5
3 37 4
3 38 5
3 39 4
3 40 5
3 41 5
3 42 2
3 43 6
3 44 3
3 45 5
3 46 7
3 47 3
3 48 6
3 49 4
3 50 7
3 51 5
3 52 4
3 53 2
3 54 3
3 55 5
3 56 4
3 57 5
3 58 3
3 59 3
3 60 1
3 61 3
3 62 3
3 63 4
3 64 2
3 65 2
3 66 4
3 67 3
3 68 1
3 69 2
3 70 3
3 71 4
3 72 3
3 73 3
3 74 6
3 75 4
3 76 3
3 77 1
3 78 1
3 79 4
3 80 6
3 81 1
3 82 6
3 83 2
3 84 1
3 85 6
3 86 5
3 87 4
3 88 3
3 89 5
3 90 1
3 91 6
3 92 4
3 93 1
3 94 6
3 95 3
3 96 4
3 97 1
3 98 5
3 99 4
4 5 3
4 6 3
4 7 5
4 8 2
4 9 5
4 10 3
4 11 3
4 12 2
4 13 5
4 14 3
4 15 4
4 16 3
4 17 3
4 18 3
4 19 1
4 20 2
4 21 2
4 22 3
4 23 3
4 24 1
4 25 5
4 26 3
4 27 3
4 28 4
4 29 4
4 30 1
4 31 2
4 32 4
4 33 2
4 34 4
4 35 3
4 36 1
4 37 3
4 38 3
4 39 2
4 40 1
4 41 4
4 42 3
4 43 5
4 44 4
4 45 4
4 46 4
4 47 3
4 48 2
4 49 1
4 50 5
4 51 3
4 52 2
4 53 3
4 54 4
4 55 1
4 56 3
4 57 4
4 58 5
4 59 3
4 60 5
4 61 5
4 62 5
4 63 1
4 64 3
4 65 4
4 66 1
4 67 5
4 68 5
4 69 3
4 70 3
4 71 1
4 72 5
4 73 5
4 74 5
4 75 2
4 76 2
4 77 4
4 78 4
4 79 2
4 80 4
4 81 5
4 82 2
4 83 5
4 84 5
4 85 2
4 86 4
4 87 3
4 88 6
4 89 4
4 90 5
4 91 2
4 92 6
4 93 4
4 94 2
4 95 6
4 96 3
4 97 5
4 98 1
4 99 1
5 6 5
5 7 4
5 8 1
5 9 3
5 10 2
5 11 2
5 12 4
5 13 6
5 14 3
5 15 2
5 16 4
5 17 4
5 18 3
5 19 3
5 20 5
5 21 2
5 22 1
5 23 2
5 24 3
5 25 3
5 26 4
5 27 1
5 28 2
5 29 2
5 30 2
5 31 4
5 32 5
5 33 4
5 34 5
5 35 1
5 36 4
5 37 3
5 38 4
5 39 1
5 40 4
5 41 4
5 42 1
5 43 5
5 44 4
5 45 4
5 46 6
5 47 2
5 48 3
5 49 2
5 50 6
5 51 4
5 52 3
5 53 1
5 54 2
5 55 4
5 56 2
5 57 5
5 58 4
5 59 1
5 60 3
5 61 3
5 62 5
5 63 3
5 64 1
5 65 2
5 66 2
5 67 5
5 68 3
5 69 2
5 70 2
5 71 3
5 72 5
5 73 4
5 74 5
5 75 3
5 76 1
5 77 2
5 78 2
5 79 1
5 80 6
5 81 3
5 82 5
5 83 4
5 84 3
5 85 4
5 86 5
5 87 3
5 88 5
5 89 4
5 90 3
5 91 4
5 92 5
5 93 2
5 94 5
5 95 5
5 96 4
5 97 3
5 98 3
5 99 3
6 7 5
6 8 5
6 9 5
6 10 3
6 11 3
6 12 4
6 13 2
6 14 3
6 15 6
6 16 2
6 17 2
6 18 3
6 19 4
6 20 4
6 21 4
6 22 4
6 23 4
6 24 4
6 25 6
6 26 2
6 27 5
6 28 7
6 29 6
6 30 4
6 31 2
6 32 2
6 33 5
6 34 2
6 35 5
6 36 4
6 37 2
6 38 2
6 39 5
6 40 3
6 41 2
6 42 5
6 43 3
6 44 4
6 45 1
6 46 1
6 47 3
6 48 4
6 49 4
6 50 3
6 51 1
6 52 3
6 53 5
6 54 6
6 55 2
6 56 6
6 57 1
6 58 5
6 59 6
6 60 6
6 61 7
6 62 5
6 63 3
6 64 5
6 65 4
6 66 3
6 67 5
6 68 6
6 69 4
6 70 4
6 71 3
6 72 5
6 73 5
6 74 2
6 75 2
6 76 4
6 77 6
6 78 5
6 79 5
6 80 1
6 81 5
6 82 4
6 83 5
6 84 6
6 85 1
6 86 2
6 87 2
6 88 6
6 89 2
6 90 6
6 91 5
6 92 6
6 93 5
6 94 1
6 95 6
6 96 2
6 97 6
6 98 2
6 99 3
7 8 5
7 9 1
7 10 3
7 11 3
7 12 7
7 13 6
7 14 3
7 15 4
7 16 3
7 17 3
7 18 2
7 19 6
7 20 7
7 21 4
7 22 3
7 23 3
7 24 6
7 25 2
7 26 3
7 27 4
7 28 5
7 29 4
7 30 6
7 31 4
7 32 4
7 33 7
7 34 4
7 35 3
7 36 6
7 37 3
7 38 3
7 39 5
7 40 6
7 41 4
7 42 3
7 43 5
7 44 1
7 45 4
7 46 6
7 47 3
7 48 7
7 49 5
7 50 5
7 51 4
7 52 4
7 53 4
7 54 5
7 55 5
7 56 5
7 57 4
7 58 1
7 59 5
7 60 2
7 61 5
7 62 1
7 63 4
7 64 3
7 65 2
7 66 5
7 67 1
7 68 3
7 69 3
7 70 3
7 71 5
7 72 1
7 73 1
7 74 5
7 75 3
7 76 4
7 77 3
7 78 3
7 79 5
7 80 5
7 81 2
7 82 7
7 83 1
7 84 2
7 85 5
7 86 4
7 87 3
7 88 1
7 89 3
7 90 2
7 91 7
7 92 1
7 93 2
7 94 6
7 95 1
7 96 3
7 97 2
7 98 5
7 99 4
8 9 4
8 10 3
8 11 3
8 12 3
8 13 6
8 14 4
8 15 3
8 16 5
8 17 5
8 18 4
8 19 2
8 20 4
8 21 2
8 22 2
8 23 3
8 24 2
8 25 4
8 26 4
8 27 1
8 28 3
8 29 3
8 30 1
8 31 3
8 32 5
8 33 3
8 34 6
8 35 2
8 36 3
8 37 4
8 38 5
8 39 1
8 40 3
8 41 5
8 42 2
8 43 6
8 44 5
8 45 5
8 46 6
8 47 3
8 48 2
8 49 1
8 50 7
8 51 4
8 52 3
8 53 2
8 54 3
8 55 3
8 56 2
8 57 5
8 58 5
8 59 2
8 60 4
8 61 4
8 62 6
8 63 3
8 64 2
8 65 3
8 66 2
8 67 6
8 68 4
8 69 3
8 70 3
8 71 2
8 72 6
8 73 5
8 74 6
8 75 4
8 76 2
8 77 3
8 78 3
8 79 1
8 80 6
8 81 4
8 82 4
8 83 5
8 84 4
8 85 4
8 86 5
8 87 4
8 88 6
8 89 5
8 90 4
8 91 3
8 92 6
8 93 3
8 94 4
8 95 6
8 96 4
8 97 4
8 98 3
8 99 3
9 10 2
9 11 2
9 12 6
9 13 6
9 14 2
9 15 3
9 16 3
9 17 4
9 18 3
9 19 5
9 20 6
9 21 3
9 22 2
9 23 2
9 24 5
9 25 1
9 26 3
9 27 3
9 28 4
9 29 3
9 30 5
9 31 4
9 32 4
9 33 6
9 34 5
9 35 2
9 36 5
9 37 3
9 38 4
9 39 4
9 40 5
9 41 4
9 42 2
9 43 5
9 44 2
9 45 4
9 46 6
9 47 2
9 48 6
9 49 4
9 50 6
9 51 4
9 52 3
9 53 3
9 54 4
9 55 5
9 56 4
9 57 4
9 58 1
9 59 4
9 60 1
9 61 4
9 62 2
9 63 4
9 64 2
9 65 1
9 66 4
9 67 2
9 68 2
9 69 2
9 70 2
9 71 4
9 72 2
9 73 1
9 74 5
9 75 3
9 76 3
9 77 2
9 78 2
9 79 4
9 80 5
9 81 1
9 82 6
9 83 1
9 84 1
9 85 5
9 86 4
9 87 3
9 88 2
9 89 4
9 90 1
9 91 6
9 92 2
9 93 1
9 94 6
9 95 2
9 96 3
9 97 1
9 98 4
9 99 4
10 11 1
10 12 4
10 13 4
10 14 1
10 15 3
10 16 2
10 17 2
10 18 2
10 19 3
10 20 4
10 21 1
10 22 1
10 23 1
10 24 3
10 25 3
10 26 2
10 27 2
10 28 4
10 29 3
10 30 3
10 31 2
10 32 3
10 33 4
10 34 3
10 35 2
10 36 3
10 37 2
10 38 2
10 39 2
10 40 3
10 41 3
10 42 2
10 43 4
10 44 3
10 45 3
10 46 4
10 47 1
10 48 4
10 49 2
10 50 4
10 51 2
10 52 1
10 53 2
10 54 3
10 55 3
10 56 3
10 57 3
10 58 3
10 59 3
10 60 3
10 61 4
10 62 4
10 63 2
10 64 2
10 65 1
10 66 2
10 67 4
10 68 3
10 69 1
10 70 1
10 71 2
10 72 4
10 73 3
10 74 4
10 75 1
10 76 1
10 77 3
10 78 2
10 79 2
10 80 4
10 81 2
10 82 4
10 83 3
10 84 3
10 85 3
10 86 3
10 87 2
10 88 4
10 89 3
10 90 3
10 91 4
10 92 4
10 93 2
10 94 4
10 95 4
10 96 2
10 97 3
10 98 2
10 99 2
11 12 5
11 13 4
11 14 1
11 15 4
11 16 2
11 17 2
11 18 1
11 19 3
11 20 5
11 21 2
11 22 1
11 23 2
11 24 3
11 25 3
11 26 2
11 27 3
11 28 4
11 29 3
11 30 3
11 31 2
11 32 3
11 33 4
11 34 3
11 35 2
11 36 4
11 37 1
11 38 2
11 39 3
11 40 4
11 41 2
11 42 2
11 43 3
11 44 2
11 45 2
11 46 4
11 47 1
11 48 4
11 49 3
11 50 4
11 51 2
11 52 1
11 53 3
11 54 4
11 55 3
11 56 4
11 57 3
11 58 3
11 59 3
11 60 3
11 61 4
11 62 3
11 63 2
11 64 2
11 65 1
11 66 2
11 67 3
11 68 3
11 69 1
11 70 1
11 71 3
11 72 3
11 73 3
11 74 3
11 75 1
11 76 2
11 77 3
11 78 3
11 79 3
11 80 4
11 81 2
11 82 5
11 83 3
11 84 3
11 85 3
11 86 3
11 87 1
11 88 4
11 89 2
11 90 3
11 91 4
11 92 4
11 93 2
11 94 4
11 95 4
11 96 2
11 97 3
11 98 2
11 99 2
12 13 6
12 14 5
12 15 6
12 16 5
12 17 5
12 18 5
12 19 2
12 20 1
12 21 3
12 22 4
12 23 5
12 24 2
12 25 6
12 26 5
12 27 4
12 28 5
12 29 6
12 30 2
12 31 3
12 32 6
12 33 2
12 34 6
12 35 5
12 36 1
12 37 5
12 38 5
12 39 3
12 40 1
12 41 5
12 42 5
12 43 6
12 44 6
12 45 5
12 46 5
12 47 4
12 48 1
12 49 3
12 50 7
12 51 4
12 52 4
12 53 5
12 54 5
12 55 2
12 56 4
12 57 5
12 58 7
12 59 4
12 60 6
12 61 6
12 62 7
12 63 3
12 64 5
12 65 5
12 66 3
12 67 7
12 68 6
12 69 4
12 70 4
12 71 2
12 72 7
12 73 7
12 74 6
12 75 4
12 76 4
12 77 6
12 78 6
12 79 3
12 80 5
12 81 6
12 82 1
12 83 7
12 84 6
12 85 3
12 86 6
12 87 5
12 88 8
12 89 5
12 90 6
12 91 1
12 92 8
12 93 5
12 94 3
12 95 8
12 96 5
12 97 6
12 98 3
12 99 3
13 14 4
13 15 7
13 16 3
13 17 3
13 18 4
13 19 5
13 20 6
13 21 5
13 22 5
13 23 5
13 24 5
13 25 7
13 26 3
13 27 6
13 28 8
13 29 7
13 30 5
13 31 3
13 32 2
13 33 6
13 34 2
13 35 6
13 36 5
13 37 3
13 38 3
13 39 6
13 40 5
13 41 2
13 42 6
13 43 2
13 44 5
13 45 2
13 46 1
13 47 4
13 48 6
13 49 5
13 50 1
13 51 2
13 52 4
13 53 6
13 54 7
13 55 4
13 56 7
13 57 2
13 58 6
13 59 7
13 60 7
13 61 8
13 62 6
13 63 4
13 64 6
13 65 5
13 66 5
13 67 6
13 68 7
13 69 5
13 70 5
13 71 4
13 72 6
13 73 6
13 74 1
13 75 3
13 76 5
13 77 7
13 78 6
13 79 6
13 80 1
13 81 6
13 82 6
13 83 6
13 84 7
13 85 3
13 86 2
13 87 3
13 88 7
13 89 3
13 90 7
13 91 6
13 92 7
13 93 6
13 94 3
13 95 7
13 96 3
13 97 7
13 98 4
13 99 4
14 15 4
14 16 1
14 17 2
14 18 1
14 19 4
14 20 5
14 21 2
14 22 2
14 23 2
14 24 4
14 25 3
14 26 1
14 27 3
14 28 5
14 29 4
14 30 4
14 31 2
14 32 2
14 33 5
14 34 3
14 35 3
14 36 4
14 37 1
14 38 2
14 39 3
14 40 4
14 41 2
14 42 3
14 43 3
14 44 2
14 45 2
14 46 4
14 47 1
14 48 5
14 49 3
14 50 4
14 51 2
14 52 2
14 53 3
14 54 4
14 55 3
14 56 4
14 57 2
14 58 3
14 59 4
14 60 3
14 61 5
14 62 3
14 63 2
14 64 3
14 65 1
14 66 3
14 67 3
14 68 3
14 69 2
14 70 1
14 71 3
14 72 3
14 73 3
14 74 3
14 75 1
14 76 2
14 77 3
14 78 3
14 79 3
14 80 3
14 81 2
14 82 5
14 83 3
14 84 3
14 85 3
14 86 2
14 87 1
14 88 4
14 89 2
14 90 3
14 91 5
14 92 4
14 93 2
14 94 4
14 95 4
14 96 1
14 97 3
14 98 2
14 99 2
15 16 5
15 17 5
15 18 5
15 19 4
15 20 6
15 21 3
15 22 3
15 23 2
15 24 4
15 25 3
15 26 5
15 27 2
15 28 1
15 29 1
15 30 4
15 31 5
15 32 6
15 33 5
15 34 6
15 35 2
15 36 5
15 37 5
15 38 5
15 39 3
15 40 5
15 41 6
15 42 2
15 43 7
15 44 5
15 45 6
15 46 7
15 47 4
15 48 5
15 49 3
15 50 7
15 51 5
15 52 4
15 53 1
15 54 1
15 55 5
15 56 2
15 57 6
15 58 4
15 59 2
15 60 3
15 61 1
15 62 5
15 63 4
15 64 2
15 65 3
15 66 3
15 67 5
15 68 2
15 69 3
15 70 3
15 71 4
15 72 5
15 73 4
15 74 7
15 75 4
15 76 2
15 77 1
15 78 2
15 79 3
15 80 7
15 81 3
15 82 6
15 83 4
15 84 3
15 85 5
15 86 6
15 87 5
15 88 5
15 89 6
15 90 3
15 91 5
15 92 5
15 93 2
15 94 6
15 95 5
15 96 5
15 97 3
15 98 4
15 99 4
16 17 1
16 18 1
16 19 4
16 20 5
16 21 3
16 22 3
16 23 3
16 24 4
16 25 4
16 26 1
16 27 4
16 28 6
16 29 5
16 30 4
16 31 2
16 32 1
16 33 5
16 34 2
16 35 4
16 36 4
16 37 1
16 38 1
16 39 4
16 40 4
16 41 1
16 42 4
16 43 2
16 44 2
16 45 1
16 46 3
16 47 2
16 48 5
16 49 4
16 50 3
16 51 1
16 52 2
16 53 4
16 54 5
16 55 3
16 56 5
16 57 1
16 58 3
16 59 5
16 60 4
16 61 6
16 62 3
16 63 2
16 64 4
16 65 2
16 66 3
16 67 3
16 68 4
16 69 3
16 70 2
16 71 3
16 72 3
16 73 3
16 74 2
16 75 1
16 76 3
16 77 4
16 78 4
16 79 4
16 80 2
16 81 3
16 82 5
16 83 3
16 84 4
16 85 3
16 86 1
16 87 1
16 88 4
16 89 1
16 90 4
16 91 5
16 92 4
16 93 3
16 94 3
16 95 4
16 96 1
16 97 4
16 98 3
16 99 2
17 18 1
17 19 4
17 20 5
17 21 3
17 22 3
17 23 3
17 24 4
17 25 5
17 26 1
17 27 4
17 28 6
17 29 5
17 30 4
17 31 2
17 32 1
17 33 5
17 34 1
17 35 4
17 36 4
17 37 1
17 38 1
17 39 4
17 40 4
17 41 1
17 42 4
17 43 2
17 44 2
17 45 1
17 46 3
17 47 2
17 48 5
17 49 4
17 50 2
17 51 1
17 52 2
17 53 4
17 54 5
17 55 3
17 56 5
17 57 1
17 58 3
17 59 5
17 60 5
17 61 6
17 62 3
17 63 2
17 64 4
17 65 3
17 66 3
17 67 3
17 68 5
17 69 3
17 70 3
17 71 3
17 72 3
17 73 3
17 74 2
17 75 1
17 76 3
17 77 5
17 78 4
17 79 4
17 80 2
17 81 4
17 82 5
17 83 3
17 84 5
17 85 3
17 86 1
17 87 1
17 88 4
17 89 1
17 90 5
17 91 5
17 92 4
17 93 4
17 94 3
17 95 4
17 96 1
17 97 5
17 98 3
17 99 2
18 19 4
18 20 5
18 21 3
18 22 2
18 23 3
18 24 4
18 25 4
18 26 1
18 27 4
18 28 5
18 29 4
18 30 4
18 31 2
18 32 2
18 33 5
18 34 2
18 35 3
18 36 4
18 37 1
18 38 1
18 39 4
18 40 4
18 41 2
18 42 3
18 43 3
18 44 1
18 45 2
18 46 4
18 47 2
18 48 5
18 49 4
18 50 3
18 51 2
18 52 2
18 53 4
18 54 5
18 55 3
18 56 5
18 57 2
18 58 2
18 59 4
18 60 4
18 61 5
18 62 2
18 63 2
18 64 3
18 65 2
18 66 3
18 67 2
18 68 4
18 69 2
18 70 2
18 71 3
18 72 2
18 73 2
18 74 3
18 75 1
18 76 3
18 77 4
18 78 4
18 79 4
18 80 3
18 81 3
18 82 5
18 83 2
18 84 4
18 85 3
18 86 2
18 87 1
18 88 3
18 89 1
18 90 4
18 91 5
18 92 3
18 93 3
18 94 4
18 95 3
18 96 1
18 97 4
18 98 3
18 99 2
19 20 2
19 21 2
19 22 3
19 23 3
19 24 1
19 25 5
19 26 4
19 27 3
19 28 4
19 29 4
19 30 1
19 31 2
19 32 5
19 33 1
19 34 5
19 35 3
19 36 1
19 37 3
19 38 4
19 39 2
19 40 1
19 41 4
19 42 3
19 43 5
19 44 5
19 45 4
19 46 5
19 47 3
19 48 1
19 49 1
19 50 6
19 51 3
19 52 2
19 53 3
19 54 4
19 55 2
19 56 3
19 57 4
19 58 6
19 59 3
19 60 5
19 61 5
19 62 6
19 63 2
19 64 3
19 65 4
19 66 1
19 67 6
19 68 5
19 69 3
19 70 3
19 71 1
19 72 6
19 73 6
19 74 5
19 75 3
19 76 2
19 77 4
19 78 4
19 79 2
19 80 5
19 81 5
19 82 2
19 83 6
19 84 5
19 85 3
19 86 5
19 87 4
19 88 7
19 89 4
19 90 5
19 91 1
19 92 7
19 93 4
19 94 3
19 95 7
19 96 4
19 97 5
19 98 2
19 99 2
20 21 3
20 22 4
20 23 5
20 24 2
20 25 6
20 26 5
20 27 5
20 28 6
20 29 6
20 30 3
20 31 3
20 32 6
20 33 3
20 34 6
20 35 5
20 36 1
20 37 5
20 38 5
20 39 4
20 40 1
20 41 5
20 42 5
20 43 6
20 44 6
20 45 5
20 46 5
20 47 4
20 48 2
20 49 3
20 50 7
20 51 4
20 52 4
20 53 5
20 54 6
20 55 2
20 56 5
20 57 5
20 58 7
20 59 5
20 60 6
20 61 7
20 62 7
20 63 3
20 64 5
20 65 5
20 66 3
20 67 7
20 68 6
20 69 4
20 70 4
20 71 2
20 72 7
20 73 7
20 74 6
20 75 4
20 76 4
20 77 6
20 78 6
20 79 4
20 80 5
20 81 6
20 82 1
20 83 7
20 84 6
20 85 3
20 86 6
20 87 5
20 88 8
20 89 5
20 90 6
20 91 2
20 92 8
20 93 5
20 94 3
20 95 8
20 96 5
20 97 6
20 98 3
20 99 3
21 22 1
21 23 2
21 24 2
21 25 3
21 26 2
21 27 2
21 28 4
21 29 3
21 30 2
21 31 2
21 32 3
21 33 3
21 34 4
21 35 2
21 36 2
21 37 2
21 38 3
21 39 2
21 40 2
21 41 3
21 42 2
21 43 4
21 44 4
21 45 3
21 46 5
21 47 1
21 48 3
21 49 1
21 50 5
21 51 3
21 52 1
21 53 2
21 54 3
21 55 2
21 56 3
21 57 3
21 58 4
21 59 3
21 60 3
21 61 4
21 62 5
21 63 1
21 64 2
21 65 2
21 66 1
21 67 5
21 68 3
21 69 1
21 70 1
21 71 1
21 72 5
21 73 4
21 74 4
21 75 2
21 76 1
21 77 3
21 78 3
21 79 2
21 80 4
21 81 3
21 82 3
21 83 4
21 84 3
21 85 3
21 86 3
21 87 2
21 88 5
21 89 3
21 90 3
21 91 3
21 92 5
21 93 2
21 94 3
21 95 5
21 96 2
21 97 3
21 98 2
21 99 1
22 23 1
22 24 3
22 25 3
22 26 3
22 27 2
22 28 3
22 29 2
22 30 3
22 31 3
22 32 4
22 33 4
22 34 4
22 35 1
22 36 3
22 37 2
22 38 3
22 39 2
22 40 3
22 41 3
22 42 1
22 43 4
22 44 3
22 45 3
22 46 5
22 47 1
22 48 4
22 49 2
22 50 5
22 51 3
22 52 2
22 53 2
22 54 3
22 55 3
22 56 3
22 57 4
22 58 3
22 59 2
22 60 3
22 61 3
22 62 4
22 63 2
22 64 1
22 65 1
22 66 2
22 67 4
22 68 3
22 69 1
22 70 1
22 71 2
22 72 4
22 73 3
22 74 4
22 75 2
22 76 1
22 77 2
22 78 2
22 79 2
22 80 5
22 81 2
22 82 4
22 83 3
22 84 3
22 85 4
22 86 4
22 87 2
22 88 4
22 89 3
22 90 3
22 91 4
22 92 4
22 93 2
22 94 4
22 95 4
22 96 3
22 97 3
22 98 3
22 99 2
23 24 3
23 25 2
23 26 3
23 27 2
23 28 3
23 29 2
23 30 3
23 31 3
23 32 4
23 33 4
23 34 4
23 35 1
23 36 4
23 37 3
23 38 3
23 39 2
23 40 4
23 41 4
23 42 1
23 43 5
23 44 4
23 45 4
23 46 5
23 47 2
23 48 4
23 49 2
23 50 5
23 51 3
23 52 2
23 53 1
23 54 2
23 55 4
23 56 3
23 57 4
23 58 3
23 59 2
23 60 2
23 61 3
23 62 4
23 63 3
23 64 1
23 65 1
23 66 2
23 67 4
23 68 2
23 69 1
23 70 1
23 71 3
23 72 4
23 73 3
23 74 5
23 75 2
23 76 1
23 77 2
23 78 1
23 79 2
23 80 5
23 81 2
23 82 5
23 83 3
23 84 2
23 85 4
23 86 4
23 87 3
23 88 4
23 89 4
23 90 2
23 91 4
23 92 4
23 93 1
23 94 5
23 95 4
23 96 3
23 97 2
23 98 3
23 99 3
24 25 5
24 26 4
24 27 3
24 28 4
24 29 4
24 30 1
24 31 2
24 32 5
24 33 1
24 34 5
24 35 3
24 36 1
24 37 3
24 38 4
24 39 2
24 40 1
24 41 4
24 42 3
24 43 5
24 44 5
24 45 4
24 46 5
24 47 3
24 48 1
24 49 1
24 50 6
24 51 3
24 52 2
24 53 3
24 54 4
24 55 2
24 56 3
24 57 4
24 58 6
24 59 3
24 60 5
24 61 5
24 62 6
24 63 2
24 64 3
24 65 4
24 66 1
24 67 6
24 68 5
24 69 3
24 70 3
24 71 1
24 72 6
24 73 6
24 74 5
24 75 3
24 76 2
24 77 4
24 78 4
24 79 2
24 80 5
24 81 5
24 82 2
24 83 6
24 84 5
24 85 3
24 86 5
24 87 4
24 88 7
24 89 4
24 90 5
24 91 1
24 92 7
24 93 4
24 94 3
24 95 7
24 96 4
24 97 5
24 98 2
24 99 2
25 26 4
25 27 3
25 28 4
25 29 3
25 30 5
25 31 5
25 32 5
25 33 6
25 34 6
25 35 2
25 36 5
25 37 4
25 38 5
25 39 4
25 40 5
25 41 5
25 42 2
25 43 6
25 44 3
25 45 5
25 46 7
25 47 3
25 48 6
25 49 4
25 50 7
25 51 5
25 52 4
25 53 3
25 54 4
25 55 5
25 56 4
25 57 5
25 58 2
25 59 4
25 60 1
25 61 4
25 62 3
25 63 4
25 64 2
25 65 2
25 66 4
25 67 3
25 68 2
25 69 2
25 70 3
25 71 4
25 72 3
25 73 2
25 74 6
25 75 4
25 76 3
25 77 2
25 78 2
25 79 4
25 80 6
25 81 1
25 82 6
25 83 2
25 84 1
25 85 6
25 86 5
25 87 4
25 88 3
25 89 5
25 90 1
25 91 6
25 92 3
25 93 1
25 94 6
25 95 3
25 96 4
25 97 1
25 98 5
25 99 4
26 27 4
26 28 6
26 29 5
26 30 4
26 31 2
26 32 1
26 33 5
26 34 2
26 35 4
26 36 4
26 37 1
26 38 1
26 39 4
26 40 4
26 41 1
26 42 4
26 43 2
26 44 2
26 45 1
26 46 3
26 47 2
26 48 5
26 49 3
26 50 3
26 51 1
26 52 2
26 53 4
26 54 5
26 55 3
26 56 5
26 57 1
26 58 3
26 59 5
26 60 4
26 61 6
26 62 3
26 63 2
26 64 4
26 65 2
26 66 3
26 67 3
26 68 4
26 69 3
26 70 2
26 71 3
26 72 3
26 73 3
26 74 2
26 75 1
26 76 3
26 77 4
26 78 4
26 79 4
26 80 2
26 81 3
26 82 5
26 83 3
26 84 4
26 85 3
26 86 1
26 87 1
26 88 4
26 89 1
26 90 4
26 91 5
26 92 4
26 93 3
26 94 3
26 95 4
26 96 1
26 97 4
26 98 2
26 99 2
27 28 2
27 29 2
27 30 2
27 31 4
27 32 5
27 33 4
27 34 5
27 35 1
27 36 4
27 37 4
27 38 4
27 39 1
27 40 4
27 41 5
27 42 2
27 43 6
27 44 5
27 45 5
27 46 6
27 47 3
27 48 3
27 49 2
27 50 6
27 51 4
27 52 3
27 53 1
27 54 2
27 55 4
27 56 1
27 57 5
27 58 4
27 59 1
27 60 3
27 61 3
27 62 5
27 63 3
27 64 2
27 65 3
27 66 2
27 67 5
27 68 3
27 69 2
27 70 2
27 71 3
27 72 5
27 73 4
27 74 6
27 75 3
27 76 1
27 77 3
27 78 2
27 79 1
27 80 6
27 81 3
27 82 5
27 83 4
27 84 3
27 85 4
27 86 5
27 87 4
27 88 5
27 89 5
27 90 3
27 91 4
27 92 5
27 93 2
27 94 5
27 95 5
27 96 4
27 97 3
27 98 3
27 99 3
28 29 1
28 30 3
28 31 5
28 32 7
28 33 5
28 34 7
28 35 3
28 36 5
28 37 5
28 38 6
28 39 2
28 40 5
28 41 6
28 42 3
28 43 7
28 44 6
28 45 6
28 46 8
28 47 4
28 48 4
28 49 3
28 50 8
28 51 6
28 52 5
28 53 2
28 54 1
28 55 5
28 56 2
28 57 7
28 58 5
28 59 1
28 60 4
28 61 1
28 62 6
28 63 5
28 64 2
28 65 4
28 66 4
28 67 6
28 68 3
28 69 4
28 70 4
28 71 4
28 72 6
28 73 5
28 74 7
28 75 5
28 76 3
28 77 2
28 78 3
28 79 2
28 80 8
28 81 4
28 82 6
28 83 5
28 84 4
28 85 6
28 86 7
28 87 5
28 88 6
28 89 6
28 90 4
28 91 5
28 92 6
28 93 3
28 94 6
28 95 6
28 96 6
28 97 4
28 98 5
28 99 5
29 30 4
29 31 5
29 32 6
29 33 5
29 34 6
29 35 2
29 36 5
29 37 4
29 38 5
29 39 3
29 40 5
29 41 5
29 42 2
29 43 6
29 44 5
29 45 5
29 46 7
29 47 3
29 48 5
29 49 3
29 50 7
29 51 5
29 52 4
29 53 1
29 54 1
29 55 5
29 56 2
29 57 6
29 58 4
29 59 2
29 60 3
29 61 1
29 62 5
29 63 4
29 64 1
29 65 3
29 66 3
29 67 5
29 68 2
29 69 3
29 70 3
29 71 4
29 72 5
29 73 4
29 74 6
29 75 4
29 76 2
29 77 1
29 78 2
29 79 3
29 80 7
29 81 3
29 82 6
29 83 4
29 84 3
29 85 5
29 86 6
29 87 4
29 88 5
29 89 5
29 90 3
29 91 5
29 92 5
29 93 2
29 94 6
29 95 5
29 96 5
29 97 3
29 98 4
29 99 4
30 31 2
30 32 5
30 33 2
30 34 5
30 35 3
30 36 2
30 37 3
30 38 4
30 39 1
30 40 2
30 41 4
30 42 3
30 43 5
30 44 5
30 45 4
30 46 5
30 47 3
30 48 1
30 49 1
30 50 6
30 51 3
30 52 2
30 53 3
30 54 3
30 55 2
30 56 2
30 57 4
30 58 6
30 59 2
30 60 5
30 61 4
30 62 6
30 63 2
30 64 3
30 65 4
30 66 1
30 67 6
30 68 5
30 69 3
30 70 3
30 71 1
30 72 6
30 73 6
30 74 5
30 75 3
30 76 2
30 77 4
30 78 4
30 79 1
30 80 5
30 81 5
30 82 3
30 83 6
30 84 5
30 85 3
30 86 5
30 87 4
30 88 7
30 89 4
30 90 5
30 91 2
30 92 7
30 93 4
30 94 3
30 95 7
30 96 4
30 97 5
30 98 2
30 99 2
31 32 3
31 33 3
31 34 3
31 35 4
31 36 2
31 37 2
31 38 2
31 39 3
31 40 2
31 41 2
31 42 4
31 43 3
31 44 3
31 45 2
31 46 3
31 47 2
31 48 3
31 49 2
31 50 4
31 51 1
31 52 1
31 53 4
31 54 5
31 55 1
31 56 4
31 57 2
31 58 4
31 59 4
31 60 5
31 61 6
31 62 4
31 63 1
31 64 4
31 65 3
31 66 2
31 67 4
31 68 5
31 69 3
31 70 2
31 71 1
31 72 4
31 73 4
31 74 3
31 75 1
31 76 3
31 77 5
31 78 4
31 79 3
31 80 3
31 81 4
31 82 3
31 83 4
31 84 5
31 85 1
31 86 3
31 87 2
31 88 5
31 89 2
31 90 5
31 91 3
31 92 5
31 93 4
31 94 2
31 95 5
31 96 2
31 97 5
31 98 1
31 99 1
32 33 6
32 34 1
32 35 5
32 36 5
32 37 2
32 38 1
32 39 5
32 40 5
32 41 1
32 42 5
32 43 1
32 44 3
32 45 1
32 46 3
32 47 3
32 48 6
32 49 4
32 50 2
32 51 2
32 52 3
32 53 5
32 54 6
32 55 4
32 56 6
32 57 1
32 58 4
32 59 6
32 60 5
32 61 7
32 62 4
32 63 3
32 64 5
32 65 3
32 66 4
32 67 4
32 68 5
32 69 4
32 70 3
32 71 4
32 72 4
32 73 4
32 74 1
32 75 2
32 76 4
32 77 5
32 78 5
32 79 5
32 80 2
32 81 4
32 82 6
32 83 4
32 84 5
32 85 3
32 86 1
32 87 2
32 88 5
32 89 1
32 90 5
32 91 6
32 92 5
32 93 4
32 94 3
32 95 5
32 96 2
32 97 5
32 98 3
32 99 3
33 34 6
33 35 4
33 36 2
33 37 4
33 38 5
33 39 3
33 40 2
33 41 5
33 42 4
33 43 6
33 44 6
33 45 5
33 46 6
33 47 4
33 48 1
33 49 2
33 50 7
33 51 4
33 52 3
33 53 4
33 54 5
33 55 3
33 56 4
33 57 5
33 58 7
33 59 4
33 60 6
33 61 6
33 62 7
33 63 3
33 64 4
33 65 5
33 66 2
33 67 7
33 68 6
33 69 4
33 70 4
33 71 2
33 72 7
33 73 7
33 74 6
33 75 4
33 76 3
33 77 5
33 78 5
33 79 3
33 80 6
33 81 6
33 82 3
33 83 7
33 84 6
33 85 4
33 86 6
33 87 5
33 88 8
33 89 5
33 90 6
33 91 1
33 92 8
33 93 5
33 94 4
33 95 8
33 96 5
33 97 6
33 98 3
33 99 3
34 35 5
34 36 5
34 37 2
34 38 1
34 39 5
34 40 5
34 41 1
34 42 5
34 43 1
34 44 3
34 45 1
34 46 3
34 47 3
34 48 6
34 49 5
34 50 1
34 51 2
34 52 3
34 53 5
34 54 6
34 55 4
34 56 6
34 57 1
34 58 4
34 59 6
34 60 6
34 61 7
34 62 4
34 63 3
34 64 5
34 65 4
34 66 4
34 67 4
34 68 6
34 69 4
34 70 4
34 71 4
34 72 4
34 73 4
34 74 1
34 75 2
34 76 4
34 77 6
34 78 5
34 79 5
34 80 2
34 81 5
34 82 6
34 83 4
34 84 6
34 85 3
34 86 1
34 87 2
34 88 5
34 89 1
34 90 6
34 91 6
34 92 5
34 93 5
34 94 3
34 95 5
34 96 2
34 97 6
34 98 4
34 99 3
35 36 4
35 37 3
35 38 4
35 39 2
35 40 4
35 41 4
35 42 1
35 43 5
35 44 4
35 45 4
35 46 6
35 47 2
35 48 4
35 49 2
35 50 6
35 51 4
35 52 3
35 53 1
35 54 2
35 55 4
35 56 2
35 57 5
35 58 3
35 59 2
35 60 2
35 61 3
35 62 4
35 63 3
35 64 1
35 65 2
35 66 2
35 67 4
35 68 2
35 69 1
35 70 2
35 71 3
35 72 4
35 73 3
35 74 5
35 75 3
35 76 1
35 77 2
35 78 1
35 79 2
35 80 6
35 81 2
35 82 5
35 83 3
35 84 2
35 85 4
35 86 5
35 87 3
35 88 4
35 89 4
35 90 2
35 91 4
35 92 4
35 93 1
35 94 5
35 95 4
35 96 4
35 97 2
35 98 3
35 99 3
36 37 4
36 38 4
36 39 3
36 40 1
36 41 4
36 42 4
36 43 5
36 44 5
36 45 4
36 46 5
36 47 3
36 48 1
36 49 2
36 50 6
36 51 3
36 52 3
36 53 4
36 54 5
36 55 2
36 56 4
36 57 4
36 58 6
36 59 4
36 60 5
36 61 6
36 62 6
36 63 2
36 64 4
36 65 4
36 66 2
36 67 6
36 68 5
36 69 3
36 70 3
36 71 1
36 72 6
36 73 6
36 74 5
36 75 3
36 76 3
36 77 5
36 78 5
36 79 3
36 80 5
36 81 5
36 82 1
36 83 6
36 84 5
36 85 3
36 86 5
36 87 4
36 88 7
36 89 4
36 90 5
36 91 1
36 92 7
36 93 4
36 94 3
36 95 7
36 96 4
36 97 5
36 98 2
36 99 2
37 38 1
37 39 4
37 40 4
37 41 1
37 42 3
37 43 2
37 44 2
37 45 1
37 46 3
37 47 1
37 48 4
37 49 3
37 50 3
37 51 1
37 52 1
37 53 4
37 54 5
37 55 3
37 56 5
37 57 2
37 58 3
37 59 4
37 60 4
37 61 5
37 62 3
37 63 2
37 64 3
37 65 2
37 66 2
37 67 3
37 68 4
37 69 2
37 70 2
37 71 3
37 72 3
37 73 3
37 74 2
37 75 1
37 76 3
37 77 4
37 78 4
37 79 4
37 80 3
37 81 3
37 82 5
37 83 3
37 84 4
37 85 3
37 86 2
37 87 1
37 88 4
37 89 1
37 90 4
37 91 4
37 92 4
37 93 3
37 94 3
37 95 4
37 96 1
37 97 4
37 98 2
37 99 2
38 39 4
38 40 4
38 41 1
38 42 4
38 43 2
38 44 2
38 45 1
38 46 3
38 47 2
38 48 5
38 49 4
38 50 2
38 51 1
38 52 2
38 53 4
38 54 5
38 55 3
38 56 5
38 57 1
38 58 3
38 59 5
38 60 5
38 61 6
38 62 3
38 63 2
38 64 4
38 65 3
38 66 3
38 67 3
38 68 5
38 69 3
38 70 3
38 71 3
38 72 3
38 73 3
38 74 2
38 75 1
38 76 3
38 77 5
38 78 4
38 79 4
38 80 2
38 81 4
38 82 5
38 83 3
38 84 5
38 85 3
38 86 1
38 87 1
38 88 4
38 89 1
38 90 5
38 91 5
38 92 4
38 93 4
38 94 3
38 95 4
38 96 1
38 97 5
38 98 3
38 99 2
39 40 3
39 41 5
39 42 2
39 43 6
39 44 5
39 45 5
39 46 6
39 47 3
39 48 2
39 49 1
39 50 6
39 51 4
39 52 3
39 53 2
39 54 2
39 55 3
39 56 1
39 57 5
39 58 5
39 59 1
39 60 4
39 61 3
39 62 6
39 63 3
39 64 2
39 65 3
39 66 2
39 67 6
39 68 4
39 69 2
39 70 2
39 71 2
39 72 6
39 73 5
39 74 6
39 75 3
39 76 1
39 77 3
39 78 3
39 79 1
39 80 6
39 81 4
39 82 4
39 83 5
39 84 4
39 85 4
39 86 5
39 87 4
39 88 6
39 89 5
39 90 4
39 91 3
39 92 6
39 93 3
39 94 4
39 95 6
39 96 4
39 97 4
39 98 3
39 99 3
40 41 4
40 42 4
40 43 5
40 44 5
40 45 4
40 46 4
40 47 3
40 48 1
40 49 2
40 50 6
40 51 3
40 52 3
40 53 4
40 54 5
40 55 1
40 56 4
40 57 4
40 58 6
40 59 4
40 60 5
40 61 6
40 62 6
40 63 2
40 64 4
40 65 4
40 66 2
40 67 6
40 68 5
40 69 3
40 70 3
40 71 1
40 72 6
40 73 6
40 74 5
40 75 3
40 76 3
40 77 5
40 78 5
40 79 3
40 80 4
40 81 5
40 82 1
40 83 6
40 84 5
40 85 2
40 86 5
40 87 4
40 88 7
40 89 4
40 90 5
40 91 2
40 92 7
40 93 4
40 94 2
40 95 7
40 96 4
40 97 5
40 98 2
40 99 2
41 42 4
41 43 1
41 44 3
41 45 1
41 46 3
41 47 2
41 48 5
41 49 4
41 50 2
41 51 1
41 52 2
41 53 5
41 54 6
41 55 3
41 56 6
41 57 1
41 58 4
41 59 5
41 60 5
41 61 6
41 62 4
41 63 3
41 64 4
41 65 3
41 66 3
41 67 4
41 68 5
41 69 3
41 70 3
41 71 3
41 72 4
41 73 4
41 74 1
41 75 2
41 76 4
41 77 5
41 78 5
41 79 5
41 80 2
41 81 4
41 82 5
41 83 4
41 84 5
41 85 3
41 86 1
41 87 1
41 88 5
41 89 1
41 90 5
41 91 5
41 92 5
41 93 4
41 94 3
41 95 5
41 96 1
41 97 5
41 98 3
41 99 3
42 43 5
42 44 4
42 45 4
42 46 6
42 47 2
42 48 4
42 49 2
42 50 6
42 51 4
42 52 3
42 53 1
42 54 2
42 55 4
42 56 3
42 57 5
42 58 3
42 59 2
42 60 2
42 61 3
42 62 4
42 63 3
42 64 1
42 65 2
42 66 2
42 67 4
42 68 2
42 69 1
42 70 2
42 71 3
42 72 4
42 73 3
42 74 5
42 75 3
42 76 1
42 77 2
42 78 1
42 79 2
42 80 6
42 81 2
42 82 5
42 83 3
42 84 2
42 85 4
42 86 5
42 87 3
42 88 4
42 89 4
42 90 2
42 91 4
42 92 4
42 93 1
42 94 5
42 95 4
42 96 4
42 97 2
42 98 3
42 99 3
43 44 4
43 45 2
43 46 3
43 47 3
43 48 6
43 49 5
43 50 2
43 51 2
43 52 3
43 53 6
43 54 7
43 55 4
43 56 7
43 57 2
43 58 5
43 59 6
43 60 6
43 61 7
43 62 5
43 63 4
43 64 5
43 65 4
43 66 4
43 67 5
43 68 6
43 69 4
43 70 4
43 71 4
43 72 5
43 73 5
43 74 1
43 75 3
43 76 5
43 77 6
43 78 6
43 79 6
43 80 3
43 81 5
43 82 6
43 83 5
43 84 6
43 85 4
43 86 1
43 87 2
43 88 6
43 89 2
43 90 6
43 91 6
43 92 6
43 93 5
43 94 4
43 95 6
43 96 2
43 97 6
43 98 4
43 99 4
44 45 3
44 46 5
44 47 3
44 48 6
44 49 5
44 50 4
44 51 3
44 52 3
44 53 5
44 54 6
44 55 4
44 56 6
44 57 3
44 58 1
44 59 5
44 60 3
44 61 6
44 62 1
44 63 3
44 64 4
44 65 3
44 66 4
44 67 1
44 68 4
44 69 3
44 70 3
44 71 4
44 72 1
44 73 1
44 74 4
44 75 2
44 76 4
44 77 4
44 78 4
44 79 5
44 80 4
44 81 2
44 82 6
44 83 1
44 84 3
44 85 4
44 86 3
44 87 2
44 88 2
44 89 2
44 90 3
44 91 6
44 92 2
44 93 3
44 94 5
44 95 2
44 96 2
44 97 3
44 98 4
44 99 3
45 46 2
45 47 2
45 48 5
45 49 4
45 50 2
45 51 1
45 52 2
45 53 5
45 54 6
45 55 3
45 56 6
45 57 1
45 58 4
45 59 5
45 60 5
45 61 6
45 62 4
45 63 3
45 64 4
45 65 3
45 66 3
45 67 4
45 68 5
45 69 3
45 70 3
45 71 3
45 72 4
45 73 4
45 74 2
45 75 2
45 76 4
45 77 5
45 78 5
45 79 5
45 80 2
45 81 4
45 82 5
45 83 4
45 84 5
45 85 2
45 86 1
45 87 1
45 88 5
45 89 1
45 90 5
45 91 5
45 92 5
45 93 4
45 94 2
45 95 5
45 96 1
45 97 5
45 98 3
45 99 3
46 47 4
46 48 5
46 49 5
46 50 2
46 51 2
46 52 4
46 53 6
46 54 7
46 55 3
46 56 7
46 57 2
46 58 6
46 59 7
46 60 7
46 61 8
46 62 6
46 63 4
46 64 6
46 65 5
46 66 4
46 67 6
46 68 7
46 69 5
46 70 5
46 71 4
46 72 6
46 73 6
46 74 2
46 75 3
46 76 5
46 77 7
46 78 6
46 79 6
46 80 1
46 81 6
46 82 5
46 83 6
46 84 7
46 85 2
46 86 3
46 87 3
46 88 7
46 89 3
46 90 7
46 91 6
46 92 7
46 93 6
46 94 2
46 95 7
46 96 3
46 97 7
46 98 3
46 99 4
47 48 4
47 49 2
47 50 4
47 51 2
47 52 1
47 53 3
47 54 4
47 55 3
47 56 4
47 57 3
47 58 3
47 59 3
47 60 3
47 61 4
47 62 4
47 63 2
47 64 2
47 65 1
47 66 2
47 67 4
47 68 3
47 69 1
47 70 1
47 71 2
47 72 4
47 73 3
47 74 3
47 75 1
47 76 2
47 77 3
47 78 3
47 79 3
47 80 4
47 81 2
47 82 4
47 83 3
47 84 3
47 85 3
47 86 3
47 87 1
47 88 4
47 89 2
47 90 3
47 91 4
47 92 4
47 93 2
47 94 4
47 95 4
47 96 2
47 97 3
47 98 2
47 99 2
48 49 2
48 50 7
48 51 4
48 52 3
48 53 4
48 54 4
48 55 2
48 56 3
48 57 5
48 58 7
48 59 3
48 60 6
48 61 5
48 62 7
48 63 3
48 64 4
48 65 5
48 66 2
48 67 7
48 68 6
48 69 4
48 70 4
48 71 2
48 72 7
48 73 7
48 74 6
48 75 4
48 76 3
48 77 5
48 78 5
48 79 2
48 80 5
48 81 6
48 82 2
48 83 7
48 84 6
48 85 3
48 86 6
48 87 5
48 88 8
48 89 5
48 90 6
48 91 1
48 92 8
48 93 5
48 94 3
48 95 8
48 96 5
48 97 6
48 98 3
48 99 3
49 50 6
49 51 3
49 52 2
49 53 2
49 54 3
49 55 2
49 56 2
49 57 4
49 58 5
49 59 2
49 60 4
49 61 4
49 62 6
49 63 2
49 64 2
49 65 3
49 66 1
49 67 6
49 68 4
49 69 2
49 70 2
49 71 1
49 72 6
49 73 5
49 74 5
49 75 3
49 76 1
49 77 3
49 78 3
49 79 1
49 80 5
49 81 4
49 82 3
49 83 5
49 84 4
49 85 3
49 86 4
49 87 3
49 88 6
49 89 4
49 90 4
49 91 2
49 92 6
49 93 3
49 94 3
49 95 6
49 96 3
49 97 4
49 98 2
49 99 2
50 51 3
50 52 4
50 53 6
50 54 7
50 55 5
50 56 7
50 57 2
50 58 5
50 59 7
50 60 7
50 61 8
50 62 5
50 63 4
50 64 6
50 65 5
50 66 5
50 67 5
50 68 7
50 69 5
50 70 5
50 71 5
50 72 5
50 73 5
50 74 1
50 75 3
50 76 5
50 77 7
50 78 6
50 79 6
50 80 2
50 81 6
50 82 7
50 83 5
50 84 7
50 85 4
50 86 2
50 87 3
50 88 6
50 89 2
50 90 7
50 91 7
50 92 6
50 93 6
50 94 4
50 95 6
50 96 3
50 97 7
50 98 5
50 99 4
51 52 2
51 53 4
51 54 5
51 55 2
51 56 5
51 57 1
51 58 4
51 59 5
51 60 5
51 61 6
51 62 4
51 63 2
51 64 4
51 65 3
51 66 3
51 67 4
51 68 5
51 69 3
51 70 3
51 71 2
51 72 4
51 73 4
51 74 2
51 75 1
51 76 3
51 77 5
51 78 4
51 79 4
51 80 2
51 81 4
51 82 4
51 83 4
51 84 5
51 85 2
51 86 2
51 87 1
51 88 5
51 89 1
51 90 5
51 91 4
51 92 5
51 93 4
51 94 2
51 95 5
51 96 1
51 97 5
51 98 2
51 99 2
52 53 3
52 54 4
52 55 2
52 56 4
52 57 3
52 58 4
52 59 4
52 60 4
52 61 5
52 62 4
52 63 1
52 64 3
52 65 2
52 66 1
52 67 4
52 68 4
52 69 2
52 70 1
52 71 2
52 72 4
52 73 4
52 74 3
52 75 1
52 76 2
52 77 4
52 78 3
52 79 3
52 80 4
52 81 3
52 82 4
52 83 4
52 84 4
52 85 2
52 86 3
52 87 2
52 88 5
52 89 2
52 90 4
52 91 3
52 92 5
52 93 3
52 94 3
52 95 5
52 96 2
52 97 4
52 98 1
52 99 1
53 54 1
53 55 4
53 56 2
53 57 5
53 58 4
53 59 1
53 60 3
53 61 2
53 62 5
53 63 3
53 64 1
53 65 2
53 66 2
53 67 5
53 68 2
53 69 2
53 70 2
53 71 3
53 72 5
53 73 4
53 74 6
53 75 3
53 76 1
53 77 2
53 78 1
53 79 2
53 80 6
53 81 3
53 82 5
53 83 4
53 84 3
53 85 4
53 86 5
53 87 4
53 88 5
53 89 5
53 90 2
53 91 4
53 92 5
53 93 2
53 94 5
53 95 5
53 96 4
53 97 2
53 98 3
53 99 3
54 55 5
54 56 1
54 57 6
54 58 5
54 59 1
54 60 4
54 61 1
54 62 6
54 63 4
54 64 2
54 65 3
54 66 3
54 67 6
54 68 3
54 69 3
54 70 3
54 71 4
54 72 6
54 73 5
54 74 7
54 75 4
54 76 2
54 77 2
54 78 2
54 79 2
54 80 7
54 81 4
54 82 6
54 83 5
54 84 4
54 85 5
54 86 6
54 87 5
54 88 6
54 89 6
54 90 3
54 91 5
54 92 6
54 93 3
54 94 6
54 95 6
54 96 5
54 97 3
54 98 4
54 99 4
55 56 4
55 57 3
55 58 5
55 59 4
55 60 5
55 61 6
55 62 5
55 63 1
55 64 4
55 65 4
55 66 2
55 67 5
55 68 5
55 69 3
55 70 3
55 71 1
55 72 5
55 73 5
55 74 4
55 75 2
55 76 3
55 77 5
55 78 5
55 79 3
55 80 3
55 81 5
55 82 2
55 83 5
55 84 5
55 85 1
55 86 4
55 87 3
55 88 6
55 89 3
55 90 5
55 91 3
55 92 6
55 93 4
55 94 1
55 95 6
55 96 3
55 97 5
55 98 1
55 99 2
56 57 6
56 58 5
56 59 1
56 60 4
56 61 2
56 62 6
56 63 4
56 64 3
56 65 4
56 66 3
56 67 6
56 68 4
56 69 3
56 70 3
56 71 3
56 72 6
56 73 5
56 74 7
56 75 4
56 76 2
56 77 3
56 78 3
56 79 1
56 80 7
56 81 4
56 82 5
56 83 5
56 84 4
56 85 5
56 86 6
56 87 5
56 88 6
56 89 6
56 90 4
56 91 4
56 92 6
56 93 3
56 94 5
56 95 6
56 96 5
56 97 4
56 98 4
56 99 4
57 58 4
57 59 6
57 60 5
57 61 7
57 62 4
57 63 3
57 64 5
57 65 3
57 66 4
57 67 4
57 68 5
57 69 4
57 70 3
57 71 3
57 72 4
57 73 4
57 74 1
57 75 2
57 76 4
57 77 5
57 78 5
57 79 5
57 80 1
57 81 4
57 82 5
57 83 4
57 84 5
57 85 2
57 86 1
57 87 2
57 88 5
57 89 1
57 90 5
57 91 5
57 92 5
57 93 4
57 94 2
57 95 5
57 96 1
57 97 5
57 98 3
57 99 3
58 59 5
58 60 2
58 61 5
58 62 1
58 63 4
58 64 3
58 65 2
58 66 5
58 67 1
58 68 3
58 69 3
58 70 3
58 71 5
58 72 1
58 73 1
58 74 5
58 75 3
58 76 4
58 77 3
58 78 3
58 79 5
58 80 5
58 81 2
58 82 7
58 83 1
58 84 2
58 85 5
58 86 4
58 87 3
58 88 2
58 89 3
58 90 2
58 91 7
58 92 1
58 93 2
58 94 6
58 95 1
58 96 3
58 97 2
58 98 5
58 99 4
59 60 4
59 61 2
59 62 6
59 63 4
59 64 2
59 65 3
59 66 3
59 67 6
59 68 3
59 69 3
59 70 3
59 71 3
59 72 6
59 73 5
59 74 6
59 75 4
59 76 2
59 77 3
59 78 2
59 79 1
59 80 7
59 81 4
59 82 5
59 83 5
59 84 4
59 85 5
59 86 6
59 87 4
59 88 6
59 89 5
59 90 3
59 91 4
59 92 6
59 93 3
59 94 5
59 95 6
59 96 5
59 97 3
59 98 4
59 99 4
60 61 4
60 62 3
60 63 4
60 64 2
60 65 2
60 66 4
60 67 3
60 68 1
60 69 2
60 70 3
60 71 4
60 72 3
60 73 2
60 74 6
60 75 4
60 76 3
60 77 2
60 78 2
60 79 4
60 80 6
60 81 1
60 82 6
60 83 2
60 84 1
60 85 6
60 86 5
60 87 4
60 88 3
60 89 5
60 90 1
60 91 6
60 92 3
60 93 1
60 94 6
60 95 3
60 96 4
60 97 1
60 98 5
60 99 4
61 62 6
61 63 5
61 64 2
61 65 4
61 66 4
61 67 6
61 68 3
61 69 4
61 70 4
61 71 5
61 72 6
61 73 5
61 74 7
61 75 5
61 76 3
61 77 2
61 78 3
61 79 3
61 80 8
61 81 4
61 82 7
61 83 5
61 84 4
61 85 6
61 86 7
61 87 5
61 88 6
61 89 6
61 90 4
61 91 6
61 92 6
61 93 3
61 94 7
61 95 6
61 96 6
61 97 4
61 98 5
61 99 5
62 63 4
62 64 4
62 65 3
62 66 5
62 67 1
62 68 4
62 69 4
62 70 4
62 71 5
62 72 1
62 73 1
62 74 5
62 75 3
62 76 5
62 77 4
62 78 4
62 79 6
62 80 5
62 81 2
62 82 7
62 83 1
62 84 3
62 85 5
62 86 4
62 87 3
62 88 2
62 89 3
62 90 3
62 91 7
62 92 1
62 93 3
62 94 6
62 95 1
62 96 3
62 97 3
62 98 5
62 99 4
63 64 3
63 65 3
63 66 1
63 67 4
63 68 4
63 69 2
63 70 2
63 71 1
63 72 4
63 73 4
63 74 4
63 75 1
63 76 2
63 77 4
63 78 4
63 79 3
63 80 4
63 81 4
63 82 3
63 83 4
63 84 4
63 85 2
63 86 3
63 87 2
63 88 5
63 89 3
63 90 4
63 91 3
63 92 5
63 93 3
63 94 2
63 95 5
63 96 2
63 97 4
63 98 1
63 99 1
64 65 2
64 66 2
64 67 4
64 68 2
64 69 2
64 70 2
64 71 3
64 72 4
64 73 3
64 74 5
64 75 3
64 76 1
64 77 1
64 78 1
64 79 2
64 80 6
64 81 2
64 82 5
64 83 3
64 84 2
64 85 4
64 86 5
64 87 3
64 88 4
64 89 4
64 90 2
64 91 4
64 92 4
64 93 1
64 94 5
64 95 4
64 96 4
64 97 2
64 98 3
64 99 3
65 66 3
65 67 3
65 68 2
65 69 1
65 70 1
65 71 3
65 72 3
65 73 2
65 74 4
65 75 2
65 76 2
65 77 2
65 78 2
65 79 3
65 80 4
65 81 1
65 82 5
65 83 2
65 84 2
65 85 4
65 86 3
65 87 2
65 88 3
65 89 3
65 90 2
65 91 5
65 92 3
65 93 1
65 94 5
65 95 3
65 96 2
65 97 2
65 98 3
65 99 3
66 67 5
66 68 4
66 69 2
66 70 2
66 71 1
66 72 5
66 73 5
66 74 4
66 75 2
66 76 1
66 77 3
66 78 3
66 79 2
66 80 4
66 81 4
66 82 3
66 83 5
66 84 4
66 85 2
66 86 4
66 87 3
66 88 6
66 89 3
66 90 4
66 91 2
66 92 6
66 93 3
66 94 3
66 95 6
66 96 3
66 97 4
66 98 1
66 99 1
67 68 4
67 69 4
67 70 4
67 71 5
67 72 1
67 73 1
67 74 5
67 75 3
67 76 5
67 77 4
67 78 4
67 79 6
67 80 5
67 81 2
67 82 7
67 83 1
67 84 3
67 85 5
67 86 4
67 87 3
67 88 2
67 89 3
67 90 3
67 91 7
67 92 1
67 93 3
67 94 6
67 95 1
67 96 3
67 97 3
67 98 5
67 99 4
68 69 2
68 70 3
68 71 4
68 72 4
68 73 3
68 74 6
68 75 4
68 76 3
68 77 1
68 78 1
68 79 4
68 80 6
68 81 2
68 82 6
68 83 3
68 84 2
68 85 6
68 86 5
68 87 4
68 88 4
68 89 5
68 90 1
68 91 6
68 92 4
68 93 1
68 94 6
68 95 4
68 96 4
68 97 1
68 98 5
68 99 4
69 70 1
69 71 2
69 72 4
69 73 3
69 74 4
69 75 2
69 76 1
69 77 2
69 78 2
69 79 2
69 80 5
69 81 2
69 82 4
69 83 3
69 84 2
69 85 4
69 86 4
69 87 2
69 88 4
69 89 3
69 90 2
69 91 4
69 92 4
69 93 1
69 94 4
69 95 4
69 96 3
69 97 2
69 98 3
69 99 2
70 71 2
70 72 4
70 73 3
70 74 4
70 75 2
70 76 1
70 77 3
70 78 2
70 79 2
70 80 4
70 81 2
70 82 4
70 83 3
70 84 3
70 85 3
70 86 3
70 87 2
70 88 4
70 89 3
70 90 3
70 91 4
70 92 4
70 93 2
70 94 4
70 95 4
70 96 2
70 97 3
70 98 2
70 99 2
71 72 5
71 73 5
71 74 4
71 75 2
71 76 2
71 77 4
71 78 4
71 79 2
71 80 4
71 81 4
71 82 2
71 83 5
71 84 4
71 85 2
71 86 4
71 87 3
71 88 6
71 89 3
71 90 4
71 91 2
71 92 6
71 93 3
71 94 2
71 95 6
71 96 3
71 97 4
71 98 1
71 99 1
72 73 1
72 74 5
72 75 3
72 76 5
72 77 4
72 78 4
72 79 6
72 80 5
72 81 2
72 82 7
72 83 1
72 84 2
72 85 5
72 86 4
72 87 3
72 88 1
72 89 3
72 90 3
72 91 7
72 92 1
72 93 3
72 94 6
72 95 1
72 96 3
72 97 3
72 98 5
72 99 4
73 74 5
73 75 3
73 76 4
73 77 3
73 78 3
73 79 5
73 80 5
73 81 2
73 82 7
73 83 1
73 84 2
73 85 5
73 86 4
73 87 3
73 88 1
73 89 3
73 90 2
73 91 7
73 92 1
73 93 2
73 94 6
73 95 1
73 96 3
73 97 2
73 98 5
73 99 4
74 75 3
74 76 5
74 77 6
74 78 6
74 79 6
74 80 2
74 81 5
74 82 6
74 83 5
74 84 6
74 85 3
74 86 1
74 87 2
74 88 6
74 89 2
74 90 6
74 91 6
74 92 6
74 93 5
74 94 3
74 95 6
74 96 2
74 97 6
74 98 4
74 99 4
75 76 2
75 77 4
75 78 3
75 79 3
75 80 3
75 81 3
75 82 4
75 83 3
75 84 4
75 85 2
75 86 2
75 87 1
75 88 4
75 89 2
75 90 4
75 91 4
75 92 4
75 93 3
75 94 3
75 95 4
75 96 1
75 97 4
75 98 2
75 99 1
76 77 2
76 78 2
76 79 1
76 80 5
76 81 3
76 82 4
76 83 4
76 84 3
76 85 3
76 86 4
76 87 3
76 88 5
76 89 4
76 90 3
76 91 3
76 92 5
76 93 2
76 94 4
76 95 5
76 96 3
76 97 3
76 98 2
76 99 2
77 78 1
77 79 3
77 80 6
77 81 2
77 82 6
77 83 3
77 84 2
77 85 5
77 86 5
77 87 4
77 88 4
77 89 5
77 90 2
77 91 5
77 92 4
77 93 1
77 94 6
77 95 4
77 96 4
77 97 2
77 98 4
77 99 4
78 79 3
78 80 6
78 81 2
78 82 6
78 83 3
78 84 2
78 85 5
78 86 5
78 87 4
78 88 4
78 89 5
78 90 1
78 91 5
78 92 4
78 93 1
78 94 6
78 95 4
78 96 4
78 97 1
78 98 4
78 99 4
79 80 6
79 81 4
79 82 4
79 83 5
79 84 4
79 85 4
79 86 5
79 87 4
79 88 6
79 89 5
79 90 4
79 91 3
79 92 6
79 93 3
79 94 4
79 95 6
79 96 4
79 97 4
79 98 3
79 99 3
80 81 5
80 82 5
80 83 5
80 84 6
80 85 2
80 86 2
80 87 3
80 88 6
80 89 2
80 90 6
80 91 6
80 92 6
80 93 5
80 94 2
80 95 6
80 96 2
80 97 6
80 98 3
80 99 4
81 82 6
81 83 1
81 84 1
81 85 5
81 86 4
81 87 3
81 88 3
81 89 4
81 90 1
81 91 6
81 92 3
81 93 1
81 94 6
81 95 3
81 96 3
81 97 1
81 98 4
81 99 4
82 83 7
82 84 6
82 85 3
82 86 6
82 87 5
82 88 8
82 89 5
82 90 6
82 91 2
82 92 8
82 93 5
82 94 3
82 95 8
82 96 5
82 97 6
82 98 3
82 99 3
83 84 2
83 85 5
83 86 4
83 87 3
83 88 2
83 89 3
83 90 2
83 91 7
83 92 2
83 93 2
83 94 6
83 95 2
83 96 3
83 97 2
83 98 5
83 99 4
84 85 6
84 86 5
84 87 4
84 88 2
84 89 5
84 90 1
84 91 6
84 92 3
84 93 1
84 94 6
84 95 2
84 96 4
84 97 1
84 98 5
84 99 4
85 86 3
85 87 3
85 88 6
85 89 3
85 90 6
85 91 4
85 92 6
85 93 5
85 94 1
85 95 6
85 96 3
85 97 6
85 98 1
85 99 2
86 87 2
86 88 5
86 89 1
86 90 5
86 91 6
86 92 5
86 93 4
86 94 3
86 95 5
86 96 2
86 97 5
86 98 3
86 99 3
87 88 4
87 89 1
87 90 4
87 91 5
87 92 4
87 93 3
87 94 3
87 95 4
87 96 1
87 97 4
87 98 2
87 99 2
88 89 4
88 90 3
88 91 8
88 92 1
88 93 3
88 94 7
88 95 1
88 96 4
88 97 3
88 98 6
88 99 5
89 90 5
89 91 5
89 92 4
89 93 4
89 94 3
89 95 4
89 96 1
89 97 5
89 98 3
89 99 3
90 91 6
90 92 3
90 93 1
90 94 6
90 95 3
90 96 4
90 97 1
90 98 5
90 99 4
91 92 8
91 93 5
91 94 4
91 95 8
91 96 5
91 97 6
91 98 3
91 99 3
92 93 3
92 94 7
92 95 1
92 96 4
92 97 3
92 98 6
92 99 5
93 94 5
93 95 3
93 96 3
93 97 1
93 98 4
93 99 3
94 95 7
94 96 3
94 97 6
94 98 2
94 99 3
95 96 4
95 97 3
95 98 6
95 99 5
96 97 4
96 98 2
96 99 2
97 98 5
97 99 4
98 99 1
