100 
0 1 2
0 2 4
0 3 2
0 4 2
0 5 3
0 6 2
0 7 4
0 8 2
0 9 2
0 10 1
0 11 4
0 12 3
0 13 3
0 14 3
0 15 3
0 16 4
0 17 3
0 18 1
0 19 3
0 20 2
0 21 2
0 22 1
0 23 2
0 24 4
0 25 4
0 26 3
0 27 4
0 28 1
0 29 3
0 30 5
0 31 2
0 32 2
0 33 4
0 34 3
0 35 2
0 36 2
0 37 3
0 38 4
0 39 4
0 40 3
0 41 4
0 42 3
0 43 3
0 44 3
0 45 2
0 46 3
0 47 3
0 48 4
0 49 5
0 50 3
0 51 3
0 52 4
0 53 4
0 54 2
0 55 1
0 56 1
0 57 3
0 58 3
0 59 2
0 60 1
0 61 1
0 62 2
0 63 2
0 64 2
0 65 3
0 66 3
0 67 1
0 68 4
0 69 3
0 70 3
0 71 3
0 72 3
0 73 2
0 74 4
0 75 1
0 76 4
0 77 4
0 78 2
0 79 4
0 80 3
0 81 3
0 82 2
0 83 5
0 84 3
0 85 4
0 86 4
0 87 2
0 88 2
0 89 2
0 90 3
0 91 4
0 92 3
0 93 3
0 94 2
0 95 4
0 96 3
0 97 3
0 98 1
0 99 3
1 2 6
1 3 4
1 4 2
1 5 4
1 6 1
1 7 2
1 8 4
1 9 4
1 10 3
1 11 2
1 12 4
1 13 5
1 14 1
1 15 4
1 16 2
1 17 1
1 18 3
1 19 4
1 20 1
1 21 3
1 22 2
1 23 3
1 24 5
1 25 5
1 26 4
1 27 5
1 28 1
1 29 4
1 30 5
1 31 3
1 32 3
1 33 3
1 34 5
1 35 4
1 36 1
1 37 1
1 38 6
1 39 6
1 40 3
1 41 2
1 42 2
1 43 4
1 44 2
1 45 3
1 46 3
1 47 2
1 48 6
1 49 5
1 50 2
1 51 1
1 52 5
1 53 5
1 54 4
1 55 3
1 56 3
1 57 5
1 58 5
1 59 3
1 60 3
1 61 2
1 62 4
1 63 3
1 64 3
1 65 3
1 66 4
1 67 2
1 68 2
1 69 4
1 70 4
1 71 5
1 72 5
1 73 3
1 74 2
1 75 2
1 76 4
1 77 4
1 78 1
1 79 6
1 80 1
1 81 4
1 82 3
1 83 5
1 84 1
1 85 5
1 86 2
1 87 3
1 88 4
1 89 1
1 90 5
1 91 2
1 92 1
1 93 4
1 94 3
1 95 2
1 96 5
1 97 2
1 98 3
1 99 2
2 3 2
2 4 4
2 5 4
2 6 6
2 7 7
2 8 4
2 9 2
2 10 4
2 11 7
2 12 2
2 13 1
2 14 7
2 15 2
2 16 7
2 17 6
2 18 3
2 19 3
2 20 5
2 21 3
2 22 4
2 23 3
2 24 3
2 25 2
2 26 3
2 27 2
2 28 5
2 29 2
2 30 6
2 31 3
2 32 3
2 33 6
2 34 1
2 35 2
2 36 5
2 37 6
2 38 1
2 39 1
2 40 6
2 41 6
2 42 4
2 43 2
2 44 4
2 45 5
2 46 4
2 47 5
2 48 1
2 49 6
2 50 5
2 51 6
2 52 3
2 53 1
2 54 5
2 55 5
2 56 5
2 57 2
2 58 1
2 59 3
2 60 4
2 61 5
2 62 4
2 63 5
2 64 4
2 65 6
2 66 2
2 67 4
2 68 7
2 69 6
2 70 6
2 71 1
2 72 2
2 73 3
2 74 7
2 75 4
2 76 5
2 77 5
2 78 5
2 79 1
2 80 6
2 81 5
2 82 3
2 83 6
2 84 6
2 85 2
2 86 7
2 87 5
2 88 5
2 89 5
2 90 1
2 91 6
2 92 6
2 93 4
2 94 5
2 95 7
2 96 6
2 97 6
2 98 5
2 99 5
3 4 3
3 5 4
3 6 4
3 7 5
3 8 4
3 9 1
3 10 2
3 11 5
3 12 1
3 13 2
3 14 5
3 15 1
3 16 5
3 17 4
3 18 1
3 19 2
3 20 3
3 21 1
3 22 2
3 23 1
3 24 3
3 25 2
3 26 3
3 27 2
3 28 3
3 29 2
3 30 5
3 31 1
3 32 1
3 33 5
3 34 1
3 35 1
3 36 4
3 37 4
3 38 2
3 39 2
3 40 5
3 41 5
3 42 3
3 43 2
3 44 3
3 45 3
3 46 3
3 47 4
3 48 2
3 49 5
3 50 4
3 51 4
3 52 2
3 53 2
3 54 4
3 55 3
3 56 3
3 57 2
3 58 2
3 59 2
3 60 2
3 61 3
3 62 3
3 63 4
3 64 3
3 65 5
3 66 1
3 67 2
3 68 6
3 69 5
3 70 5
3 71 1
3 72 2
3 73 2
3 74 5
3 75 2
3 76 4
3 77 4
3 78 3
3 79 2
3 80 5
3 81 4
3 82 2
3 83 5
3 84 4
3 85 2
3 86 5
3 87 4
3 88 4
3 89 4
3 90 1
3 91 5
3 92 4
3 93 4
3 94 4
3 95 5
3 96 5
3 97 5
3 98 3
3 99 4
4 5 4
4 6 2
4 7 3
4 8 4
4 9 3
4 10 3
4 11 3
4 12 3
4 13 3
4 14 3
4 15 3
4 16 3
4 17 2
4 18 2
4 19 3
4 20 1
4 21 2
4 22 2
4 23 2
4 24 4
4 25 3
4 26 4
4 27 3
4 28 1
4 29 2
4 30 4
4 31 2
4 32 2
4 33 3
4 34 4
4 35 3
4 36 1
4 37 2
4 38 5
4 39 5
4 40 4
4 41 3
4 42 1
4 43 3
4 44 1
4 45 3
4 46 2
4 47 2
4 48 5
4 49 4
4 50 2
4 51 2
4 52 3
4 53 4
4 54 4
4 55 2
4 56 3
4 57 3
4 58 4
4 59 1
4 60 3
4 61 2
4 62 3
4 63 3
4 64 3
4 65 4
4 66 3
4 67 1
4 68 3
4 69 4
4 70 4
4 71 4
4 72 3
4 73 2
4 74 3
4 75 1
4 76 3
4 77 3
4 78 2
4 79 5
4 80 2
4 81 4
4 82 1
4 83 4
4 84 2
4 85 5
4 86 3
4 87 3
4 88 4
4 89 1
4 90 4
4 91 3
4 92 2
4 93 4
4 94 3
4 95 3
4 96 5
4 97 2
4 98 2
4 99 2
5 6 4
5 7 6
5 8 1
5 9 4
5 10 2
5 11 6
5 12 4
5 13 5
5 14 5
5 15 5
5 16 5
5 17 5
5 18 3
5 19 5
5 20 4
5 21 3
5 22 2
5 23 4
5 24 6
5 25 5
5 26 1
5 27 5
5 28 3
5 29 5
5 30 8
5 31 4
5 32 4
5 33 6
5 34 5
5 35 4
5 36 4
5 37 5
5 38 4
5 39 3
5 40 3
5 41 6
5 42 5
5 43 5
5 44 5
5 45 1
5 46 6
5 47 5
5 48 3
5 49 8
5 50 5
5 51 5
5 52 6
5 53 5
5 54 2
5 55 2
5 56 2
5 57 5
5 58 4
5 59 5
5 60 2
5 61 2
5 62 1
5 63 2
5 64 1
5 65 3
5 66 5
5 67 3
5 68 6
5 69 2
5 70 3
5 71 3
5 72 5
5 73 4
5 74 6
5 75 4
5 76 7
5 77 7
5 78 4
5 79 4
5 80 5
5 81 1
5 82 4
5 83 8
5 84 5
5 85 2
5 86 6
5 87 2
5 88 1
5 89 4
5 90 3
5 91 6
5 92 5
5 93 1
5 94 2
5 95 4
5 96 2
5 97 5
5 98 2
5 99 5
6 7 2
6 8 4
6 9 4
6 10 3
6 11 2
6 12 4
6 13 5
6 14 1
6 15 4
6 16 2
6 17 1
6 18 3
6 19 4
6 20 1
6 21 3
6 22 2
6 23 3
6 24 5
6 25 5
6 26 4
6 27 5
6 28 1
6 29 4
6 30 6
6 31 3
6 32 3
6 33 3
6 34 5
6 35 4
6 36 1
6 37 1
6 38 6
6 39 6
6 40 3
6 41 2
6 42 3
6 43 4
6 44 3
6 45 3
6 46 4
6 47 3
6 48 6
6 49 6
6 50 2
6 51 1
6 52 5
6 53 5
6 54 4
6 55 3
6 56 3
6 57 5
6 58 5
6 59 3
6 60 3
6 61 2
6 62 4
6 63 3
6 64 3
6 65 3
6 66 4
6 67 2
6 68 2
6 69 4
6 70 4
6 71 5
6 72 5
6 73 3
6 74 2
6 75 2
6 76 5
6 77 5
6 78 1
6 79 6
6 80 1
6 81 4
6 82 3
6 83 6
6 84 1
6 85 5
6 86 2
6 87 3
6 88 4
6 89 2
6 90 5
6 91 2
6 92 1
6 93 4
6 94 3
6 95 2
6 96 5
6 97 2
6 98 3
6 99 2
7 8 6
7 9 5
7 10 5
7 11 1
7 12 6
7 13 6
7 14 2
7 15 6
7 16 3
7 17 2
7 18 4
7 19 6
7 20 2
7 21 5
7 22 4
7 23 5
7 24 7
7 25 6
7 26 6
7 27 6
7 28 3
7 29 5
7 30 5
7 31 5
7 32 5
7 33 2
7 34 6
7 35 5
7 36 2
7 37 2
7 38 7
7 39 7
7 40 4
7 41 2
7 42 3
7 43 6
7 44 3
7 45 5
7 46 3
7 47 2
7 48 7
7 49 5
7 50 2
7 51 1
7 52 6
7 53 7
7 54 5
7 55 4
7 56 5
7 57 6
7 58 6
7 59 4
7 60 5
7 61 4
7 62 5
7 63 5
7 64 5
7 65 4
7 66 6
7 67 3
7 68 2
7 69 5
7 70 5
7 71 6
7 72 6
7 73 5
7 74 1
7 75 4
7 76 4
7 77 4
7 78 2
7 79 7
7 80 1
7 81 6
7 82 4
7 83 5
7 84 1
7 85 7
7 86 1
7 87 5
7 88 6
7 89 2
7 90 6
7 91 1
7 92 2
7 93 6
7 94 5
7 95 3
7 96 6
7 97 1
7 98 4
7 99 2
8 9 4
8 10 2
8 11 6
8 12 4
8 13 5
8 14 5
8 15 5
8 16 5
8 17 5
8 18 3
8 19 5
8 20 4
8 21 3
8 22 2
8 23 4
8 24 6
8 25 5
8 26 1
8 27 5
8 28 3
8 29 5
8 30 7
8 31 4
8 32 4
8 33 6
8 34 5
8 35 4
8 36 4
8 37 5
8 38 4
8 39 3
8 40 3
8 41 6
8 42 5
8 43 5
8 44 5
8 45 1
8 46 5
8 47 5
8 48 3
8 49 7
8 50 5
8 51 5
8 52 6
8 53 5
8 54 2
8 55 2
8 56 1
8 57 5
8 58 4
8 59 4
8 60 2
8 61 2
8 62 1
8 63 2
8 64 1
8 65 3
8 66 5
8 67 3
8 68 6
8 69 2
8 70 3
8 71 3
8 72 5
8 73 4
8 74 6
8 75 3
8 76 6
8 77 6
8 78 4
8 79 4
8 80 5
8 81 1
8 82 4
8 83 7
8 84 5
8 85 2
8 86 6
8 87 2
8 88 1
8 89 4
8 90 3
8 91 6
8 92 5
8 93 1
8 94 2
8 95 4
8 96 2
8 97 5
8 98 2
8 99 5
9 10 2
9 11 5
9 12 1
9 13 2
9 14 5
9 15 1
9 16 5
9 17 4
9 18 1
9 19 2
9 20 3
9 21 1
9 22 2
9 23 1
9 24 3
9 25 2
9 26 3
9 27 2
9 28 3
9 29 1
9 30 5
9 31 1
9 32 1
9 33 5
9 34 2
9 35 1
9 36 4
9 37 4
9 38 2
9 39 2
9 40 5
9 41 5
9 42 3
9 43 2
9 44 3
9 45 3
9 46 3
9 47 4
9 48 2
9 49 5
9 50 4
9 51 4
9 52 2
9 53 2
9 54 4
9 55 3
9 56 3
9 57 2
9 58 2
9 59 2
9 60 2
9 61 3
9 62 3
9 63 4
9 64 3
9 65 5
9 66 1
9 67 2
9 68 6
9 69 5
9 70 5
9 71 2
9 72 2
9 73 1
9 74 5
9 75 2
9 76 4
9 77 4
9 78 3
9 79 2
9 80 5
9 81 4
9 82 2
9 83 5
9 84 4
9 85 2
9 86 5
9 87 4
9 88 4
9 89 4
9 90 1
9 91 5
9 92 4
9 93 4
9 94 4
9 95 5
9 96 5
9 97 5
9 98 3
9 99 4
10 11 5
10 12 3
10 13 3
10 14 4
10 15 3
10 16 5
10 17 4
10 18 1
10 19 3
10 20 3
10 21 2
10 22 1
10 23 2
10 24 4
10 25 4
10 26 2
10 27 4
10 28 2
10 29 3
10 30 6
10 31 2
10 32 2
10 33 5
10 34 3
10 35 2
10 36 3
10 37 4
10 38 4
10 39 4
10 40 3
10 41 5
10 42 3
10 43 3
10 44 4
10 45 1
10 46 4
10 47 4
10 48 4
10 49 6
10 50 4
10 51 4
10 52 4
10 53 4
10 54 2
10 55 1
10 56 1
10 57 3
10 58 3
10 59 3
10 60 1
10 61 1
10 62 1
10 63 2
10 64 1
10 65 3
10 66 3
10 67 2
10 68 5
10 69 3
10 70 3
10 71 3
10 72 3
10 73 2
10 74 5
10 75 2
10 76 5
10 77 5
10 78 3
10 79 4
10 80 4
10 81 2
10 82 2
10 83 6
10 84 4
10 85 3
10 86 5
10 87 2
10 88 2
10 89 3
10 90 3
10 91 5
10 92 4
10 93 2
10 94 2
10 95 4
10 96 3
10 97 4
10 98 1
10 99 4
11 12 6
11 13 6
11 14 2
11 15 6
11 16 3
11 17 2
11 18 4
11 19 6
11 20 2
11 21 5
11 22 4
11 23 5
11 24 7
11 25 6
11 26 6
11 27 6
11 28 3
11 29 5
11 30 5
11 31 5
11 32 5
11 33 2
11 34 6
11 35 5
11 36 2
11 37 2
11 38 7
11 39 7
11 40 4
11 41 2
11 42 3
11 43 6
11 44 3
11 45 5
11 46 3
11 47 2
11 48 7
11 49 5
11 50 2
11 51 2
11 52 6
11 53 7
11 54 5
11 55 4
11 56 5
11 57 6
11 58 6
11 59 4
11 60 5
11 61 4
11 62 5
11 63 5
11 64 5
11 65 4
11 66 6
11 67 3
11 68 1
11 69 5
11 70 5
11 71 6
11 72 6
11 73 5
11 74 1
11 75 4
11 76 4
11 77 4
11 78 3
11 79 7
11 80 1
11 81 6
11 82 4
11 83 5
11 84 1
11 85 7
11 86 1
11 87 5
11 88 6
11 89 2
11 90 6
11 91 1
11 92 2
11 93 6
11 94 5
11 95 3
11 96 6
11 97 1
11 98 4
11 99 2
12 13 1
12 14 5
12 15 1
12 16 6
12 17 5
12 18 2
12 19 1
12 20 4
12 21 1
12 22 3
12 23 1
12 24 2
12 25 1
12 26 4
12 27 1
12 28 3
12 29 1
12 30 5
12 31 1
12 32 1
12 33 5
12 34 1
12 35 1
12 36 4
12 37 5
12 38 2
12 39 3
12 40 5
12 41 5
12 42 3
12 43 1
12 44 3
12 45 4
12 46 3
12 47 4
12 48 3
12 49 5
12 50 4
12 51 5
12 52 2
12 53 2
12 54 5
12 55 3
12 56 4
12 57 1
12 58 2
12 59 2
12 60 2
12 61 4
12 62 4
12 63 4
12 64 3
12 65 5
12 66 1
12 67 3
12 68 6
12 69 5
12 70 5
12 71 2
12 72 1
12 73 1
12 74 6
12 75 2
12 76 4
12 77 4
12 78 4
12 79 3
12 80 5
12 81 5
12 82 2
12 83 5
12 84 5
12 85 3
12 86 6
12 87 4
12 88 5
12 89 4
12 90 2
12 91 5
12 92 5
12 93 4
12 94 4
12 95 6
12 96 6
12 97 5
12 98 3
12 99 4
13 14 6
13 15 1
13 16 6
13 17 5
13 18 2
13 19 2
13 20 4
13 21 2
13 22 3
13 23 2
13 24 2
13 25 1
13 26 4
13 27 1
13 28 4
13 29 1
13 30 5
13 31 2
13 32 2
13 33 5
13 34 1
13 35 1
13 36 4
13 37 5
13 38 2
13 39 2
13 40 6
13 41 5
13 42 3
13 43 1
13 44 3
13 45 4
13 46 3
13 47 4
13 48 2
13 49 5
13 50 4
13 51 5
13 52 2
13 53 1
13 54 5
13 55 4
13 56 4
13 57 1
13 58 1
13 59 2
13 60 3
13 61 4
13 62 4
13 63 5
13 64 4
13 65 6
13 66 1
13 67 3
13 68 6
13 69 6
13 70 6
13 71 2
13 72 1
13 73 2
13 74 6
13 75 3
13 76 4
13 77 4
13 78 4
13 79 2
13 80 5
13 81 5
13 82 2
13 83 5
13 84 5
13 85 3
13 86 6
13 87 5
13 88 5
13 89 4
13 90 2
13 91 5
13 92 5
13 93 5
13 94 5
13 95 6
13 96 6
13 97 5
13 98 4
13 99 4
14 15 5
14 16 1
14 17 1
14 18 4
14 19 5
14 20 2
14 21 4
14 22 3
14 23 4
14 24 6
14 25 6
14 26 5
14 27 6
14 28 2
14 29 5
14 30 6
14 31 4
14 32 4
14 33 3
14 34 6
14 35 5
14 36 2
14 37 1
14 38 7
14 39 7
14 40 2
14 41 3
14 42 3
14 43 5
14 44 3
14 45 4
14 46 4
14 47 3
14 48 7
14 49 6
14 50 3
14 51 1
14 52 6
14 53 6
14 54 3
14 55 4
14 56 4
14 57 6
14 58 6
14 59 4
14 60 4
14 61 3
14 62 4
14 63 3
14 64 4
14 65 2
14 66 5
14 67 3
14 68 1
14 69 3
14 70 3
14 71 6
14 72 6
14 73 4
14 74 1
14 75 3
14 76 5
14 77 5
14 78 2
14 79 7
14 80 1
14 81 4
14 82 4
14 83 6
14 84 2
14 85 6
14 86 1
14 87 3
14 88 4
14 89 2
14 90 6
14 91 3
14 92 1
14 93 5
14 94 3
14 95 1
14 96 4
14 97 2
14 98 4
14 99 3
15 16 6
15 17 5
15 18 2
15 19 1
15 20 4
15 21 2
15 22 3
15 23 1
15 24 2
15 25 1
15 26 4
15 27 1
15 28 3
15 29 1
15 30 5
15 31 2
15 32 2
15 33 5
15 34 1
15 35 1
15 36 4
15 37 5
15 38 2
15 39 3
15 40 6
15 41 5
15 42 3
15 43 1
15 44 3
15 45 4
15 46 3
15 47 4
15 48 3
15 49 5
15 50 4
15 51 5
15 52 1
15 53 1
15 54 5
15 55 4
15 56 4
15 57 1
15 58 1
15 59 2
15 60 3
15 61 4
15 62 4
15 63 5
15 64 4
15 65 6
15 66 1
15 67 3
15 68 6
15 69 6
15 70 6
15 71 2
15 72 1
15 73 2
15 74 6
15 75 2
15 76 4
15 77 4
15 78 4
15 79 2
15 80 5
15 81 5
15 82 2
15 83 5
15 84 5
15 85 3
15 86 6
15 87 5
15 88 5
15 89 4
15 90 2
15 91 5
15 92 5
15 93 5
15 94 5
15 95 6
15 96 6
15 97 5
15 98 4
15 99 4
16 17 1
16 18 4
16 19 6
16 20 2
16 21 5
16 22 4
16 23 5
16 24 7
16 25 6
16 26 5
16 27 6
16 28 3
16 29 5
16 30 7
16 31 5
16 32 5
16 33 4
16 34 6
16 35 5
16 36 2
16 37 1
16 38 7
16 39 7
16 40 2
16 41 3
16 42 4
16 43 6
16 44 4
16 45 4
16 46 5
16 47 4
16 48 7
16 49 7
16 50 3
16 51 2
16 52 6
16 53 7
16 54 3
16 55 4
16 56 4
16 57 6
16 58 6
16 59 4
16 60 5
16 61 4
16 62 4
16 63 3
16 64 5
16 65 2
16 66 6
16 67 3
16 68 2
16 69 3
16 70 3
16 71 6
16 72 6
16 73 5
16 74 2
16 75 4
16 76 6
16 77 6
16 78 2
16 79 7
16 80 2
16 81 4
16 82 4
16 83 7
16 84 2
16 85 6
16 86 2
16 87 3
16 88 4
16 89 3
16 90 6
16 91 3
16 92 1
16 93 6
16 94 3
16 95 1
16 96 4
16 97 3
16 98 4
16 99 3
17 18 3
17 19 5
17 20 1
17 21 4
17 22 3
17 23 4
17 24 6
17 25 5
17 26 5
17 27 5
17 28 2
17 29 4
17 30 6
17 31 4
17 32 4
17 33 3
17 34 5
17 35 4
17 36 1
17 37 1
17 38 6
17 39 6
17 40 2
17 41 3
17 42 3
17 43 5
17 44 3
17 45 4
17 46 4
17 47 3
17 48 6
17 49 6
17 50 3
17 51 1
17 52 5
17 53 6
17 54 3
17 55 3
17 56 4
17 57 5
17 58 5
17 59 3
17 60 4
17 61 3
17 62 4
17 63 3
17 64 4
17 65 2
17 66 5
17 67 2
17 68 2
17 69 3
17 70 3
17 71 5
17 72 5
17 73 4
17 74 2
17 75 3
17 76 5
17 77 5
17 78 1
17 79 6
17 80 1
17 81 4
17 82 3
17 83 6
17 84 2
17 85 6
17 86 2
17 87 3
17 88 4
17 89 2
17 90 5
17 91 3
17 92 1
17 93 5
17 94 3
17 95 1
17 96 4
17 97 2
17 98 3
17 99 3
18 19 2
18 20 2
18 21 1
18 22 1
18 23 1
18 24 3
18 25 3
18 26 3
18 27 3
18 28 2
18 29 2
18 30 5
18 31 1
18 32 1
18 33 4
18 34 2
18 35 1
18 36 3
18 37 3
18 38 3
18 39 3
18 40 4
18 41 4
18 42 2
18 43 2
18 44 3
18 45 2
18 46 3
18 47 3
18 48 3
18 49 5
18 50 3
18 51 3
18 52 3
18 53 3
18 54 3
18 55 2
18 56 2
18 57 2
18 58 2
18 59 2
18 60 1
18 61 2
18 62 2
18 63 3
18 64 2
18 65 4
18 66 2
18 67 1
18 68 5
18 69 4
18 70 4
18 71 2
18 72 2
18 73 1
18 74 4
18 75 1
18 76 4
18 77 4
18 78 2
18 79 3
18 80 4
18 81 3
18 82 1
18 83 5
18 84 3
18 85 3
18 86 4
18 87 3
18 88 3
18 89 3
18 90 2
18 91 4
18 92 3
18 93 3
18 94 3
18 95 4
18 96 4
18 97 4
18 98 2
18 99 3
19 20 4
19 21 2
19 22 3
19 23 1
19 24 1
19 25 1
19 26 5
19 27 1
19 28 3
19 29 1
19 30 5
19 31 2
19 32 1
19 33 5
19 34 2
19 35 2
19 36 4
19 37 5
19 38 3
19 39 4
19 40 6
19 41 5
19 42 3
19 43 1
19 44 3
19 45 4
19 46 3
19 47 4
19 48 4
19 49 5
19 50 4
19 51 5
19 52 1
19 53 2
19 54 5
19 55 4
19 56 4
19 57 1
19 58 2
19 59 2
19 60 3
19 61 4
19 62 4
19 63 5
19 64 4
19 65 6
19 66 1
19 67 3
19 68 6
19 69 6
19 70 6
19 71 3
19 72 2
19 73 2
19 74 6
19 75 2
19 76 4
19 77 4
19 78 4
19 79 3
19 80 5
19 81 5
19 82 2
19 83 5
19 84 5
19 85 4
19 86 6
19 87 5
19 88 5
19 89 4
19 90 3
19 91 5
19 92 5
19 93 5
19 94 5
19 95 6
19 96 6
19 97 5
19 98 4
19 99 4
20 21 3
20 22 2
20 23 3
20 24 5
20 25 4
20 26 4
20 27 4
20 28 1
20 29 3
20 30 5
20 31 3
20 32 3
20 33 3
20 34 4
20 35 3
20 36 1
20 37 1
20 38 5
20 39 5
20 40 3
20 41 2
20 42 2
20 43 4
20 44 2
20 45 3
20 46 3
20 47 2
20 48 5
20 49 5
20 50 2
20 51 1
20 52 4
20 53 5
20 54 4
20 55 2
20 56 3
20 57 4
20 58 4
20 59 2
20 60 3
20 61 2
20 62 3
20 63 3
20 64 3
20 65 3
20 66 4
20 67 1
20 68 3
20 69 4
20 70 4
20 71 4
20 72 4
20 73 3
20 74 2
20 75 2
20 76 4
20 77 4
20 78 1
20 79 5
20 80 2
20 81 4
20 82 2
20 83 5
20 84 1
20 85 5
20 86 2
20 87 3
20 88 4
20 89 1
20 90 4
20 91 2
20 92 1
20 93 4
20 94 3
20 95 2
20 96 5
20 97 2
20 98 2
20 99 2
21 22 2
21 23 1
21 24 3
21 25 2
21 26 3
21 27 2
21 28 2
21 29 2
21 30 5
21 31 1
21 32 1
21 33 5
21 34 2
21 35 1
21 36 3
21 37 4
21 38 3
21 39 3
21 40 4
21 41 5
21 42 3
21 43 2
21 44 3
21 45 3
21 46 3
21 47 4
21 48 3
21 49 5
21 50 4
21 51 4
21 52 3
21 53 3
21 54 4
21 55 2
21 56 3
21 57 2
21 58 2
21 59 2
21 60 1
21 61 3
21 62 3
21 63 3
21 64 2
21 65 4
21 66 2
21 67 2
21 68 5
21 69 4
21 70 4
21 71 2
21 72 2
21 73 1
21 74 5
21 75 1
21 76 4
21 77 4
21 78 3
21 79 3
21 80 4
21 81 4
21 82 2
21 83 5
21 84 4
21 85 3
21 86 5
21 87 3
21 88 4
21 89 3
21 90 2
21 91 5
21 92 4
21 93 3
21 94 3
21 95 5
21 96 5
21 97 4
21 98 2
21 99 4
22 23 2
22 24 4
22 25 4
22 26 2
22 27 4
22 28 1
22 29 3
22 30 6
22 31 2
22 32 2
22 33 4
22 34 3
22 35 2
22 36 2
22 37 3
22 38 4
22 39 4
22 40 3
22 41 4
22 42 3
22 43 3
22 44 3
22 45 1
22 46 4
22 47 3
22 48 4
22 49 6
22 50 3
22 51 3
22 52 4
22 53 4
22 54 2
22 55 1
22 56 1
22 57 3
22 58 3
22 59 3
22 60 1
22 61 1
22 62 2
22 63 2
22 64 1
22 65 3
22 66 3
22 67 1
22 68 4
22 69 3
22 70 3
22 71 3
22 72 3
22 73 2
22 74 4
22 75 2
22 76 5
22 77 5
22 78 2
22 79 4
22 80 3
22 81 2
22 82 2
22 83 6
22 84 3
22 85 3
22 86 4
22 87 2
22 88 2
22 89 2
22 90 3
22 91 4
22 92 3
22 93 2
22 94 2
22 95 4
22 96 3
22 97 3
22 98 1
22 99 3
23 24 2
23 25 2
23 26 4
23 27 2
23 28 2
23 29 1
23 30 4
23 31 1
23 32 1
23 33 4
23 34 2
23 35 1
23 36 3
23 37 4
23 38 3
23 39 3
23 40 5
23 41 4
23 42 2
23 43 1
23 44 2
23 45 3
23 46 2
23 47 3
23 48 3
23 49 4
23 50 3
23 51 4
23 52 2
23 53 2
23 54 4
23 55 3
23 56 3
23 57 2
23 58 2
23 59 1
23 60 2
23 61 3
23 62 3
23 63 4
23 64 3
23 65 5
23 66 1
23 67 2
23 68 5
23 69 5
23 70 5
23 71 2
23 72 2
23 73 1
23 74 5
23 75 1
23 76 3
23 77 3
23 78 3
23 79 3
23 80 4
23 81 4
23 82 1
23 83 4
23 84 4
23 85 3
23 86 5
23 87 4
23 88 4
23 89 3
23 90 2
23 91 4
23 92 4
23 93 4
23 94 4
23 95 5
23 96 5
23 97 4
23 98 3
23 99 3
24 25 1
24 26 6
24 27 2
24 28 4
24 29 2
24 30 6
24 31 3
24 32 2
24 33 6
24 34 3
24 35 3
24 36 5
24 37 6
24 38 4
24 39 4
24 40 7
24 41 6
24 42 4
24 43 2
24 44 4
24 45 5
24 46 4
24 47 5
24 48 4
24 49 6
24 50 5
24 51 6
24 52 1
24 53 2
24 54 6
24 55 5
24 56 5
24 57 2
24 58 3
24 59 3
24 60 4
24 61 5
24 62 5
24 63 6
24 64 5
24 65 7
24 66 2
24 67 4
24 68 7
24 69 7
24 70 7
24 71 4
24 72 2
24 73 3
24 74 7
24 75 3
24 76 5
24 77 5
24 78 5
24 79 4
24 80 6
24 81 6
24 82 3
24 83 6
24 84 6
24 85 5
24 86 7
24 87 6
24 88 6
24 89 5
24 90 4
24 91 6
24 92 6
24 93 6
24 94 6
24 95 7
24 96 7
24 97 6
24 98 5
24 99 5
25 26 5
25 27 1
25 28 4
25 29 1
25 30 5
25 31 2
25 32 2
25 33 5
25 34 2
25 35 2
25 36 4
25 37 5
25 38 3
25 39 3
25 40 6
25 41 5
25 42 3
25 43 1
25 44 3
25 45 5
25 46 3
25 47 4
25 48 3
25 49 5
25 50 4
25 51 5
25 52 1
25 53 1
25 54 6
25 55 4
25 56 5
25 57 1
25 58 2
25 59 2
25 60 3
25 61 5
25 62 5
25 63 5
25 64 4
25 65 6
25 66 1
25 67 4
25 68 6
25 69 6
25 70 6
25 71 3
25 72 1
25 73 2
25 74 6
25 75 3
25 76 4
25 77 4
25 78 5
25 79 3
25 80 5
25 81 6
25 82 2
25 83 5
25 84 5
25 85 4
25 86 6
25 87 5
25 88 6
25 89 4
25 90 3
25 91 5
25 92 5
25 93 5
25 94 5
25 95 6
25 96 7
25 97 5
25 98 4
25 99 4
26 27 5
26 28 3
26 29 4
26 30 8
26 31 4
26 32 4
26 33 6
26 34 4
26 35 3
26 36 4
26 37 5
26 38 3
26 39 2
26 40 3
26 41 6
26 42 5
26 43 4
26 44 5
26 45 2
26 46 6
26 47 5
26 48 2
26 49 8
26 50 5
26 51 5
26 52 5
26 53 4
26 54 2
26 55 2
26 56 2
26 57 4
26 58 3
26 59 5
26 60 2
26 61 2
26 62 1
26 63 2
26 64 1
26 65 3
26 66 4
26 67 3
26 68 6
26 69 3
26 70 3
26 71 2
26 72 4
26 73 4
26 74 6
26 75 4
26 76 7
26 77 7
26 78 4
26 79 3
26 80 5
26 81 2
26 82 4
26 83 8
26 84 5
26 85 1
26 86 6
26 87 2
26 88 2
26 89 4
26 90 2
26 91 6
26 92 5
26 93 1
26 94 2
26 95 4
26 96 3
26 97 5
26 98 2
26 99 5
27 28 4
27 29 1
27 30 5
27 31 2
27 32 2
27 33 5
27 34 1
27 35 2
27 36 4
27 37 5
27 38 2
27 39 3
27 40 6
27 41 5
27 42 3
27 43 1
27 44 3
27 45 5
27 46 3
27 47 4
27 48 3
27 49 5
27 50 4
27 51 5
27 52 1
27 53 1
27 54 6
27 55 4
27 56 5
27 57 1
27 58 2
27 59 2
27 60 3
27 61 5
27 62 5
27 63 5
27 64 4
27 65 6
27 66 1
27 67 4
27 68 6
27 69 6
27 70 6
27 71 3
27 72 1
27 73 2
27 74 6
27 75 3
27 76 4
27 77 4
27 78 5
27 79 3
27 80 5
27 81 6
27 82 2
27 83 5
27 84 5
27 85 4
27 86 6
27 87 5
27 88 6
27 89 4
27 90 3
27 91 5
27 92 5
27 93 5
27 94 5
27 95 6
27 96 7
27 97 5
27 98 4
27 99 4
28 29 3
28 30 5
28 31 2
28 32 2
28 33 3
28 34 4
28 35 3
28 36 1
28 37 2
28 38 5
28 39 5
28 40 3
28 41 3
28 42 2
28 43 3
28 44 2
28 45 2
28 46 3
28 47 2
28 48 5
28 49 5
28 50 2
28 51 2
28 52 4
28 53 4
28 54 3
28 55 2
28 56 2
28 57 4
28 58 4
28 59 2
28 60 2
28 61 1
28 62 3
28 63 2
28 64 2
28 65 3
28 66 3
28 67 1
28 68 3
28 69 3
28 70 3
28 71 4
28 72 4
28 73 2
28 74 3
28 75 1
28 76 4
28 77 4
28 78 1
28 79 5
28 80 2
28 81 3
28 82 2
28 83 5
28 84 2
28 85 4
28 86 3
28 87 2
28 88 3
28 89 1
28 90 4
28 91 3
28 92 2
28 93 3
28 94 2
28 95 3
28 96 4
28 97 2
28 98 2
28 99 2
29 30 4
29 31 1
29 32 1
29 33 4
29 34 2
29 35 1
29 36 3
29 37 4
29 38 3
29 39 3
29 40 6
29 41 4
29 42 2
29 43 1
29 44 2
29 45 4
29 46 2
29 47 3
29 48 3
29 49 4
29 50 3
29 51 4
29 52 1
29 53 2
29 54 5
29 55 4
29 56 4
29 57 1
29 58 2
29 59 1
29 60 3
29 61 4
29 62 4
29 63 5
29 64 4
29 65 6
29 66 1
29 67 3
29 68 5
29 69 6
29 70 6
29 71 3
29 72 1
29 73 1
29 74 5
29 75 2
29 76 3
29 77 3
29 78 4
29 79 3
29 80 4
29 81 5
29 82 1
29 83 4
29 84 4
29 85 3
29 86 5
29 87 5
29 88 5
29 89 3
29 90 2
29 91 4
29 92 4
29 93 5
29 94 5
29 95 5
29 96 6
29 97 4
29 98 4
29 99 3
30 31 4
30 32 4
30 33 4
30 34 6
30 35 5
30 36 5
30 37 6
30 38 7
30 39 7
30 40 8
30 41 4
30 42 3
30 43 5
30 44 3
30 45 7
30 46 2
30 47 3
30 48 7
30 49 1
30 50 4
30 51 5
30 52 5
30 53 6
30 54 7
30 55 6
30 56 6
30 57 5
30 58 6
30 59 3
30 60 6
30 61 6
30 62 7
30 63 7
30 64 7
30 65 8
30 66 5
30 67 5
30 68 6
30 69 8
30 70 8
30 71 6
30 72 5
30 73 4
30 74 6
30 75 4
30 76 1
30 77 1
30 78 6
30 79 7
30 80 6
30 81 8
30 82 4
30 83 1
30 84 5
30 85 7
30 86 6
30 87 7
30 88 7
30 89 4
30 90 6
30 91 4
30 92 6
30 93 8
30 94 7
30 95 7
30 96 8
30 97 4
30 98 6
30 99 4
31 32 1
31 33 4
31 34 2
31 35 1
31 36 3
31 37 4
31 38 3
31 39 3
31 40 5
31 41 4
31 42 2
31 43 2
31 44 2
31 45 3
31 46 2
31 47 3
31 48 3
31 49 4
31 50 3
31 51 4
31 52 2
31 53 3
31 54 4
31 55 3
31 56 3
31 57 2
31 58 2
31 59 1
31 60 2
31 61 3
31 62 3
31 63 4
31 64 3
31 65 5
31 66 2
31 67 2
31 68 5
31 69 5
31 70 5
31 71 2
31 72 2
31 73 1
31 74 5
31 75 1
31 76 3
31 77 3
31 78 3
31 79 3
31 80 4
31 81 4
31 82 1
31 83 4
31 84 4
31 85 3
31 86 5
31 87 4
31 88 4
31 89 3
31 90 2
31 91 4
31 92 4
31 93 4
31 94 4
31 95 5
31 96 5
31 97 4
31 98 3
31 99 3
32 33 4
32 34 2
32 35 1
32 36 3
32 37 4
32 38 3
32 39 3
32 40 5
32 41 4
32 42 2
32 43 2
32 44 2
32 45 3
32 46 2
32 47 3
32 48 3
32 49 4
32 50 3
32 51 4
32 52 2
32 53 2
32 54 4
32 55 3
32 56 3
32 57 2
32 58 2
32 59 1
32 60 2
32 61 3
32 62 3
32 63 4
32 64 3
32 65 5
32 66 1
32 67 2
32 68 5
32 69 5
32 70 5
32 71 2
32 72 2
32 73 1
32 74 5
32 75 1
32 76 3
32 77 3
32 78 3
32 79 3
32 80 4
32 81 4
32 82 1
32 83 4
32 84 4
32 85 3
32 86 5
32 87 4
32 88 4
32 89 3
32 90 2
32 91 4
32 92 4
32 93 4
32 94 4
32 95 5
32 96 5
32 97 4
32 98 3
32 99 3
33 34 6
33 35 5
33 36 3
33 37 3
33 38 7
33 39 7
33 40 5
33 41 1
33 42 2
33 43 5
33 44 2
33 45 5
33 46 2
33 47 1
33 48 7
33 49 4
33 50 1
33 51 2
33 52 5
33 53 6
33 54 6
33 55 5
33 56 5
33 57 5
33 58 6
33 59 3
33 60 5
33 61 4
33 62 6
33 63 5
33 64 5
33 65 5
33 66 5
33 67 4
33 68 3
33 69 6
33 70 6
33 71 6
33 72 5
33 73 4
33 74 3
33 75 4
33 76 3
33 77 3
33 78 3
33 79 7
33 80 3
33 81 6
33 82 3
33 83 4
33 84 2
33 85 7
33 86 3
33 87 5
33 88 6
33 89 2
33 90 6
33 91 1
33 92 3
33 93 6
33 94 5
33 95 4
33 96 7
33 97 1
33 98 5
33 99 1
34 35 1
34 36 5
34 37 5
34 38 1
34 39 2
34 40 6
34 41 6
34 42 4
34 43 1
34 44 4
34 45 4
34 46 4
34 47 5
34 48 2
34 49 6
34 50 5
34 51 5
34 52 2
34 53 1
34 54 5
34 55 4
34 56 4
34 57 1
34 58 1
34 59 3
34 60 3
34 61 4
34 62 4
34 63 5
34 64 4
34 65 6
34 66 1
34 67 3
34 68 7
34 69 6
34 70 6
34 71 2
34 72 1
34 73 2
34 74 6
34 75 3
34 76 5
34 77 5
34 78 4
34 79 2
34 80 6
34 81 5
34 82 3
34 83 6
34 84 5
34 85 3
34 86 6
34 87 5
34 88 5
34 89 5
34 90 2
34 91 6
34 92 5
34 93 5
34 94 5
34 95 6
34 96 6
34 97 6
34 98 4
34 99 5
35 36 4
35 37 4
35 38 2
35 39 2
35 40 5
35 41 5
35 42 3
35 43 1
35 44 3
35 45 3
35 46 3
35 47 4
35 48 2
35 49 5
35 50 4
35 51 4
35 52 2
35 53 2
35 54 4
35 55 3
35 56 3
35 57 1
35 58 1
35 59 2
35 60 2
35 61 3
35 62 3
35 63 4
35 64 3
35 65 5
35 66 1
35 67 2
35 68 6
35 69 5
35 70 5
35 71 2
35 72 1
35 73 2
35 74 5
35 75 2
35 76 4
35 77 4
35 78 3
35 79 2
35 80 5
35 81 4
35 82 2
35 83 5
35 84 4
35 85 2
35 86 5
35 87 4
35 88 4
35 89 4
35 90 1
35 91 5
35 92 4
35 93 4
35 94 4
35 95 5
35 96 5
35 97 5
35 98 3
35 99 4
36 37 1
36 38 6
36 39 6
36 40 3
36 41 2
36 42 2
36 43 4
36 44 2
36 45 3
36 46 3
36 47 3
36 48 6
36 49 5
36 50 2
36 51 1
36 52 4
36 53 5
36 54 4
36 55 3
36 56 3
36 57 4
36 58 5
36 59 2
36 60 3
36 61 2
36 62 4
36 63 3
36 64 3
36 65 3
36 66 4
36 67 2
36 68 2
36 69 4
36 70 4
36 71 5
36 72 4
36 73 3
36 74 2
36 75 2
36 76 4
36 77 4
36 78 1
36 79 6
36 80 1
36 81 4
36 82 2
36 83 5
36 84 1
36 85 5
36 86 2
36 87 3
36 88 4
36 89 2
36 90 5
36 91 2
36 92 1
36 93 4
36 94 3
36 95 2
36 96 5
36 97 2
36 98 3
36 99 2
37 38 6
37 39 6
37 40 3
37 41 2
37 42 3
37 43 5
37 44 3
37 45 4
37 46 4
37 47 3
37 48 6
37 49 6
37 50 2
37 51 1
37 52 5
37 53 6
37 54 4
37 55 3
37 56 4
37 57 5
37 58 5
37 59 3
37 60 4
37 61 3
37 62 4
37 63 4
37 64 4
37 65 3
37 66 5
37 67 2
37 68 2
37 69 4
37 70 4
37 71 5
37 72 5
37 73 4
37 74 2
37 75 3
37 76 5
37 77 5
37 78 1
37 79 6
37 80 1
37 81 5
37 82 3
37 83 6
37 84 1
37 85 6
37 86 2
37 87 4
37 88 5
37 89 2
37 90 5
37 91 2
37 92 1
37 93 5
37 94 4
37 95 2
37 96 5
37 97 2
37 98 3
37 99 2
38 39 1
38 40 6
38 41 7
38 42 5
38 43 2
38 44 5
38 45 5
38 46 5
38 47 6
38 48 1
38 49 7
38 50 6
38 51 6
38 52 3
38 53 2
38 54 5
38 55 5
38 56 5
38 57 2
38 58 1
38 59 4
38 60 4
38 61 5
38 62 4
38 63 5
38 64 4
38 65 6
38 66 2
38 67 4
38 68 8
38 69 6
38 70 6
38 71 1
38 72 2
38 73 3
38 74 7
38 75 4
38 76 6
38 77 6
38 78 5
38 79 1
38 80 7
38 81 5
38 82 4
38 83 7
38 84 6
38 85 2
38 86 7
38 87 5
38 88 5
38 89 6
38 90 1
38 91 7
38 92 6
38 93 4
38 94 5
38 95 7
38 96 6
38 97 7
38 98 5
38 99 6
39 40 5
39 41 7
39 42 5
39 43 3
39 44 5
39 45 4
39 46 5
39 47 6
39 48 1
39 49 7
39 50 6
39 51 6
39 52 4
39 53 2
39 54 4
39 55 4
39 56 4
39 57 3
39 58 2
39 59 4
39 60 4
39 61 4
39 62 3
39 63 4
39 64 3
39 65 5
39 66 3
39 67 4
39 68 8
39 69 5
39 70 5
39 71 1
39 72 3
39 73 3
39 74 7
39 75 4
39 76 6
39 77 6
39 78 5
39 79 1
39 80 7
39 81 4
39 82 4
39 83 7
39 84 6
39 85 1
39 86 7
39 87 4
39 88 4
39 89 6
39 90 1
39 91 7
39 92 6
39 93 3
39 94 4
39 95 6
39 96 5
39 97 7
39 98 4
39 99 6
40 41 5
40 42 5
40 43 6
40 44 5
40 45 2
40 46 6
40 47 5
40 48 5
40 49 8
40 50 5
40 51 3
40 52 7
40 53 7
40 54 1
40 55 2
40 56 2
40 57 6
40 58 6
40 59 5
40 60 3
40 61 2
40 62 2
40 63 1
40 64 3
40 65 1
40 66 6
40 67 3
40 68 3
40 69 1
40 70 1
40 71 5
40 72 6
40 73 5
40 74 3
40 75 4
40 76 7
40 77 7
40 78 3
40 79 6
40 80 3
40 81 2
40 82 5
40 83 8
40 84 4
40 85 4
40 86 3
40 87 1
40 88 2
40 89 4
40 90 5
40 91 5
40 92 3
40 93 4
40 94 1
40 95 1
40 96 2
40 97 4
40 98 2
40 99 5
41 42 2
41 43 5
41 44 2
41 45 5
41 46 2
41 47 1
41 48 7
41 49 4
41 50 1
41 51 2
41 52 5
41 53 6
41 54 6
41 55 4
41 56 5
41 57 5
41 58 6
41 59 3
41 60 5
41 61 4
41 62 5
41 63 5
41 64 5
41 65 5
41 66 5
41 67 3
41 68 3
41 69 6
41 70 6
41 71 6
41 72 5
41 73 4
41 74 2
41 75 4
41 76 3
41 77 3
41 78 3
41 79 7
41 80 2
41 81 6
41 82 3
41 83 4
41 84 1
41 85 7
41 86 3
41 87 5
41 88 6
41 89 2
41 90 6
41 91 1
41 92 2
41 93 6
41 94 5
41 95 4
41 96 7
41 97 1
41 98 4
41 99 1
42 43 3
42 44 1
42 45 4
42 46 1
42 47 1
42 48 5
42 49 3
42 50 1
42 51 3
42 52 3
42 53 4
42 54 5
42 55 3
42 56 4
42 57 3
42 58 4
42 59 1
42 60 3
42 61 3
42 62 4
42 63 4
42 64 4
42 65 5
42 66 3
42 67 2
42 68 4
42 69 5
42 70 5
42 71 4
42 72 3
42 73 2
42 74 3
42 75 2
42 76 2
42 77 2
42 78 3
42 79 5
42 80 3
42 81 5
42 82 1
42 83 3
42 84 2
42 85 5
42 86 4
42 87 4
42 88 5
42 89 1
42 90 4
42 91 2
42 92 3
42 93 5
42 94 4
42 95 4
42 96 6
42 97 2
42 98 3
42 99 1
43 44 3
43 45 4
43 46 3
43 47 4
43 48 3
43 49 5
43 50 4
43 51 5
43 52 1
43 53 1
43 54 5
43 55 4
43 56 4
43 57 1
43 58 1
43 59 2
43 60 3
43 61 4
43 62 4
43 63 5
43 64 4
43 65 6
43 66 1
43 67 3
43 68 6
43 69 6
43 70 6
43 71 2
43 72 1
43 73 2
43 74 6
43 75 2
43 76 4
43 77 4
43 78 4
43 79 2
43 80 5
43 81 5
43 82 2
43 83 5
43 84 5
43 85 3
43 86 6
43 87 5
43 88 5
43 89 4
43 90 2
43 91 5
43 92 5
43 93 5
43 94 5
43 95 6
43 96 6
43 97 5
43 98 4
43 99 4
44 45 4
44 46 1
44 47 1
44 48 5
44 49 3
44 50 1
44 51 3
44 52 3
44 53 4
44 54 5
44 55 3
44 56 4
44 57 3
44 58 4
44 59 1
44 60 4
44 61 3
44 62 4
44 63 4
44 64 4
44 65 5
44 66 3
44 67 2
44 68 4
44 69 5
44 70 5
44 71 4
44 72 3
44 73 2
44 74 3
44 75 2
44 76 2
44 77 2
44 78 3
44 79 5
44 80 3
44 81 5
44 82 2
44 83 3
44 84 2
44 85 5
44 86 4
44 87 4
44 88 5
44 89 1
44 90 4
44 91 2
44 92 3
44 93 5
44 94 4
44 95 4
44 96 6
44 97 2
44 98 3
44 99 1
45 46 5
45 47 4
45 48 4
45 49 7
45 50 4
45 51 4
45 52 5
45 53 5
45 54 1
45 55 1
45 56 1
45 57 4
45 58 4
45 59 4
45 60 2
45 61 1
45 62 1
45 63 1
45 64 1
45 65 2
45 66 4
45 67 2
45 68 5
45 69 2
45 70 2
45 71 4
45 72 4
45 73 3
45 74 5
45 75 3
45 76 6
45 77 6
45 78 3
45 79 5
45 80 4
45 81 1
45 82 3
45 83 7
45 84 4
45 85 3
45 86 5
45 87 1
45 88 1
45 89 3
45 90 4
45 91 5
45 92 4
45 93 2
45 94 1
45 95 3
45 96 2
45 97 4
45 98 1
45 99 4
46 47 1
46 48 5
46 49 2
46 50 2
46 51 3
46 52 3
46 53 4
46 54 5
46 55 4
46 56 4
46 57 3
46 58 4
46 59 1
46 60 4
46 61 4
46 62 5
46 63 5
46 64 5
46 65 6
46 66 3
46 67 3
46 68 4
46 69 6
46 70 6
46 71 4
46 72 3
46 73 2
46 74 4
46 75 2
46 76 1
46 77 1
46 78 4
46 79 5
46 80 4
46 81 6
46 82 2
46 83 2
46 84 3
46 85 5
46 86 4
46 87 5
46 88 5
46 89 2
46 90 4
46 91 2
46 92 4
46 93 6
46 94 5
46 95 5
46 96 6
46 97 2
46 98 4
46 99 2
47 48 6
47 49 3
47 50 1
47 51 2
47 52 4
47 53 5
47 54 5
47 55 4
47 56 4
47 57 4
47 58 5
47 59 2
47 60 4
47 61 3
47 62 5
47 63 4
47 64 4
47 65 5
47 66 4
47 67 3
47 68 3
47 69 5
47 70 5
47 71 5
47 72 4
47 73 3
47 74 3
47 75 3
47 76 2
47 77 2
47 78 3
47 79 6
47 80 3
47 81 5
47 82 2
47 83 3
47 84 2
47 85 6
47 86 3
47 87 4
47 88 5
47 89 1
47 90 5
47 91 1
47 92 3
47 93 5
47 94 4
47 95 4
47 96 6
47 97 1
47 98 4
47 99 1
48 49 7
48 50 6
48 51 6
48 52 4
48 53 2
48 54 4
48 55 4
48 56 4
48 57 3
48 58 2
48 59 4
48 60 4
48 61 4
48 62 3
48 63 4
48 64 3
48 65 5
48 66 3
48 67 4
48 68 8
48 69 5
48 70 5
48 71 1
48 72 3
48 73 3
48 74 7
48 75 4
48 76 6
48 77 6
48 78 5
48 79 1
48 80 7
48 81 4
48 82 4
48 83 7
48 84 6
48 85 1
48 86 7
48 87 4
48 88 4
48 89 6
48 90 1
48 91 7
48 92 6
48 93 3
48 94 4
48 95 6
48 96 5
48 97 7
48 98 4
48 99 6
49 50 4
49 51 5
49 52 5
49 53 6
49 54 7
49 55 6
49 56 6
49 57 5
49 58 6
49 59 3
49 60 6
49 61 6
49 62 7
49 63 7
49 64 7
49 65 8
49 66 5
49 67 5
49 68 6
49 69 8
49 70 8
49 71 6
49 72 5
49 73 4
49 74 6
49 75 4
49 76 1
49 77 1
49 78 6
49 79 7
49 80 6
49 81 8
49 82 4
49 83 1
49 84 5
49 85 7
49 86 6
49 87 7
49 88 7
49 89 4
49 90 6
49 91 4
49 92 6
49 93 8
49 94 7
49 95 7
49 96 8
49 97 4
49 98 6
49 99 4
50 51 2
50 52 4
50 53 5
50 54 5
50 55 4
50 56 4
50 57 4
50 58 5
50 59 2
50 60 4
50 61 3
50 62 5
50 63 4
50 64 4
50 65 5
50 66 4
50 67 3
50 68 3
50 69 5
50 70 5
50 71 5
50 72 4
50 73 3
50 74 2
50 75 3
50 76 3
50 77 3
50 78 3
50 79 6
50 80 2
50 81 5
50 82 2
50 83 4
50 84 1
50 85 6
50 86 3
50 87 4
50 88 5
50 89 1
50 90 5
50 91 1
50 92 2
50 93 5
50 94 4
50 95 4
50 96 6
50 97 1
50 98 4
50 99 1
51 52 5
51 53 6
51 54 4
51 55 3
51 56 4
51 57 5
51 58 5
51 59 3
51 60 4
51 61 3
51 62 4
51 63 4
51 64 4
51 65 3
51 66 5
51 67 2
51 68 2
51 69 4
51 70 4
51 71 5
51 72 5
51 73 4
51 74 1
51 75 3
51 76 4
51 77 4
51 78 1
51 79 6
51 80 1
51 81 5
51 82 3
51 83 5
51 84 1
51 85 6
51 86 1
51 87 4
51 88 5
51 89 2
51 90 5
51 91 2
51 92 1
51 93 5
51 94 4
51 95 2
51 96 5
51 97 1
51 98 3
51 99 2
52 53 2
52 54 6
52 55 5
52 56 5
52 57 1
52 58 2
52 59 2
52 60 4
52 61 5
52 62 5
52 63 6
52 64 5
52 65 7
52 66 1
52 67 4
52 68 6
52 69 7
52 70 7
52 71 3
52 72 2
52 73 2
52 74 6
52 75 3
52 76 4
52 77 4
52 78 5
52 79 3
52 80 5
52 81 6
52 82 2
52 83 5
52 84 5
52 85 4
52 86 6
52 87 6
52 88 6
52 89 4
52 90 3
52 91 5
52 92 5
52 93 6
52 94 6
52 95 6
52 96 7
52 97 5
52 98 5
52 99 4
53 54 6
53 55 5
53 56 5
53 57 1
53 58 1
53 59 3
53 60 4
53 61 5
53 62 5
53 63 6
53 64 5
53 65 7
53 66 1
53 67 4
53 68 7
53 69 7
53 70 7
53 71 2
53 72 1
53 73 3
53 74 7
53 75 3
53 76 5
53 77 5
53 78 5
53 79 2
53 80 6
53 81 6
53 82 3
53 83 6
53 84 6
53 85 3
53 86 7
53 87 6
53 88 6
53 89 5
53 90 2
53 91 6
53 92 6
53 93 5
53 94 6
53 95 7
53 96 7
53 97 6
53 98 5
53 99 5
54 55 2
54 56 1
54 57 5
54 58 5
54 59 4
54 60 3
54 61 2
54 62 1
54 63 1
54 64 2
54 65 1
54 66 5
54 67 3
54 68 4
54 69 1
54 70 1
54 71 4
54 72 5
54 73 4
54 74 4
54 75 3
54 76 6
54 77 6
54 78 4
54 79 5
54 80 4
54 81 1
54 82 4
54 83 7
54 84 5
54 85 3
54 86 4
54 87 1
54 88 1
54 89 4
54 90 4
54 91 6
54 92 4
54 93 3
54 94 1
54 95 2
54 96 2
54 97 5
54 98 2
54 99 5
55 56 1
55 57 4
55 58 4
55 59 3
55 60 1
55 61 1
55 62 1
55 63 1
55 64 1
55 65 2
55 66 4
55 67 1
55 68 5
55 69 2
55 70 2
55 71 4
55 72 4
55 73 3
55 74 4
55 75 2
55 76 5
55 77 5
55 78 2
55 79 5
55 80 4
55 81 2
55 82 3
55 83 6
55 84 3
55 85 3
55 86 4
55 87 1
55 88 2
55 89 3
55 90 4
55 91 4
55 92 3
55 93 2
55 94 1
55 95 3
55 96 3
55 97 4
55 98 1
55 99 4
56 57 4
56 58 4
56 59 3
56 60 2
56 61 1
56 62 1
56 63 1
56 64 1
56 65 2
56 66 4
56 67 2
56 68 5
56 69 2
56 70 2
56 71 4
56 72 4
56 73 3
56 74 5
56 75 2
56 76 5
56 77 5
56 78 3
56 79 5
56 80 4
56 81 2
56 82 3
56 83 6
56 84 4
56 85 3
56 86 5
56 87 1
56 88 1
56 89 3
56 90 4
56 91 5
56 92 4
56 93 2
56 94 1
56 95 3
56 96 2
56 97 4
56 98 1
56 99 4
57 58 1
57 59 2
57 60 3
57 61 4
57 62 4
57 63 5
57 64 4
57 65 6
57 66 1
57 67 3
57 68 6
57 69 6
57 70 6
57 71 2
57 72 1
57 73 2
57 74 6
57 75 3
57 76 4
57 77 4
57 78 4
57 79 2
57 80 5
57 81 5
57 82 2
57 83 5
57 84 5
57 85 3
57 86 6
57 87 5
57 88 5
57 89 4
57 90 2
57 91 5
57 92 5
57 93 5
57 94 5
57 95 6
57 96 6
57 97 5
57 98 4
57 99 4
58 59 3
58 60 3
58 61 4
58 62 4
58 63 5
58 64 4
58 65 6
58 66 1
58 67 3
58 68 7
58 69 6
58 70 6
58 71 1
58 72 1
58 73 3
58 74 6
58 75 3
58 76 5
58 77 5
58 78 4
58 79 1
58 80 6
58 81 5
58 82 3
58 83 6
58 84 5
58 85 2
58 86 6
58 87 5
58 88 5
58 89 5
58 90 1
58 91 6
58 92 5
58 93 4
58 94 5
58 95 6
58 96 6
58 97 6
58 98 4
58 99 5
59 60 3
59 61 3
59 62 4
59 63 4
59 64 4
59 65 5
59 66 2
59 67 2
59 68 4
59 69 5
59 70 5
59 71 3
59 72 2
59 73 1
59 74 4
59 75 1
59 76 2
59 77 2
59 78 3
59 79 4
59 80 3
59 81 5
59 82 1
59 83 3
59 84 3
59 85 4
59 86 4
59 87 4
59 88 4
59 89 2
59 90 3
59 91 3
59 92 3
59 93 5
59 94 4
59 95 4
59 96 5
59 97 3
59 98 3
59 99 2
60 61 2
60 62 2
60 63 2
60 64 1
60 65 3
60 66 3
60 67 2
60 68 5
60 69 3
60 70 3
60 71 3
60 72 3
60 73 2
60 74 5
60 75 2
60 76 5
60 77 5
60 78 3
60 79 4
60 80 4
60 81 3
60 82 2
60 83 6
60 84 4
60 85 3
60 86 5
60 87 2
60 88 3
60 89 3
60 90 3
60 91 5
60 92 4
60 93 2
60 94 2
60 95 4
60 96 4
60 97 4
60 98 1
60 99 4
61 62 2
61 63 1
61 64 1
61 65 2
61 66 4
61 67 1
61 68 4
61 69 2
61 70 2
61 71 4
61 72 4
61 73 3
61 74 4
61 75 2
61 76 5
61 77 5
61 78 2
61 79 5
61 80 3
61 81 2
61 82 3
61 83 6
61 84 3
61 85 3
61 86 4
61 87 1
61 88 2
61 89 2
61 90 4
61 91 4
61 92 3
61 93 2
61 94 1
61 95 3
61 96 3
61 97 3
61 98 1
61 99 3
62 63 1
62 64 1
62 65 2
62 66 4
62 67 2
62 68 5
62 69 2
62 70 2
62 71 3
62 72 4
62 73 3
62 74 5
62 75 3
62 76 6
62 77 6
62 78 3
62 79 4
62 80 5
62 81 1
62 82 3
62 83 7
62 84 4
62 85 2
62 86 5
62 87 1
62 88 1
62 89 4
62 90 3
62 91 5
62 92 4
62 93 2
62 94 1
62 95 3
62 96 2
62 97 5
62 98 1
62 99 5
63 64 2
63 65 1
63 66 5
63 67 2
63 68 4
63 69 1
63 70 1
63 71 4
63 72 5
63 73 4
63 74 4
63 75 3
63 76 6
63 77 6
63 78 3
63 79 5
63 80 4
63 81 2
63 82 4
63 83 7
63 84 4
63 85 3
63 86 4
63 87 1
63 88 1
63 89 3
63 90 4
63 91 5
63 92 4
63 93 3
63 94 1
63 95 2
63 96 2
63 97 4
63 98 1
63 99 4
64 65 3
64 66 4
64 67 2
64 68 5
64 69 3
64 70 3
64 71 3
64 72 4
64 73 3
64 74 5
64 75 3
64 76 6
64 77 6
64 78 3
64 79 4
64 80 4
64 81 2
64 82 3
64 83 7
64 84 4
64 85 2
64 86 5
64 87 2
64 88 2
64 89 3
64 90 3
64 91 5
64 92 4
64 93 1
64 94 2
64 95 4
64 96 3
64 97 4
64 98 1
64 99 4
65 66 6
65 67 3
65 68 3
65 69 2
65 70 1
65 71 5
65 72 6
65 73 5
65 74 3
65 75 4
65 76 7
65 77 7
65 78 3
65 79 6
65 80 3
65 81 2
65 82 5
65 83 8
65 84 4
65 85 4
65 86 3
65 87 1
65 88 2
65 89 4
65 90 5
65 91 5
65 92 3
65 93 4
65 94 1
65 95 1
65 96 3
65 97 4
65 98 2
65 99 5
66 67 3
66 68 6
66 69 6
66 70 6
66 71 2
66 72 1
66 73 2
66 74 6
66 75 2
66 76 4
66 77 4
66 78 4
66 79 2
66 80 5
66 81 5
66 82 2
66 83 5
66 84 5
66 85 3
66 86 6
66 87 5
66 88 5
66 89 4
66 90 2
66 91 5
66 92 5
66 93 5
66 94 5
66 95 6
66 96 6
66 97 5
66 98 4
66 99 4
67 68 4
67 69 3
67 70 3
67 71 3
67 72 3
67 73 2
67 74 3
67 75 1
67 76 4
67 77 4
67 78 1
67 79 4
67 80 3
67 81 3
67 82 2
67 83 5
67 84 2
67 85 4
67 86 3
67 87 2
67 88 3
67 89 2
67 90 3
67 91 3
67 92 2
67 93 3
67 94 2
67 95 3
67 96 4
67 97 3
67 98 1
67 99 3
68 69 4
68 70 4
68 71 7
68 72 6
68 73 5
68 74 1
68 75 4
68 76 5
68 77 5
68 78 3
68 79 8
68 80 1
68 81 5
68 82 4
68 83 6
68 84 2
68 85 7
68 86 1
68 87 4
68 88 5
68 89 3
68 90 7
68 91 2
68 92 2
68 93 6
68 94 4
68 95 2
68 96 5
68 97 2
68 98 5
68 99 3
69 70 1
69 71 5
69 72 6
69 73 5
69 74 4
69 75 4
69 76 7
69 77 7
69 78 4
69 79 6
69 80 4
69 81 2
69 82 5
69 83 8
69 84 5
69 85 4
69 86 4
69 87 1
69 88 1
69 89 4
69 90 5
69 91 6
69 92 4
69 93 3
69 94 1
69 95 2
69 96 1
69 97 5
69 98 2
69 99 5
70 71 5
70 72 6
70 73 5
70 74 4
70 75 4
70 76 7
70 77 7
70 78 4
70 79 6
70 80 4
70 81 2
70 82 5
70 83 8
70 84 5
70 85 4
70 86 4
70 87 1
70 88 2
70 89 4
70 90 5
70 91 6
70 92 4
70 93 4
70 94 1
70 95 2
70 96 2
70 97 5
70 98 2
70 99 5
71 72 2
71 73 3
71 74 6
71 75 3
71 76 5
71 77 5
71 78 4
71 79 1
71 80 6
71 81 4
71 82 3
71 83 6
71 84 5
71 85 1
71 86 6
71 87 4
71 88 4
71 89 5
71 90 1
71 91 6
71 92 5
71 93 3
71 94 4
71 95 6
71 96 5
71 97 6
71 98 4
71 99 5
72 73 2
72 74 6
72 75 3
72 76 4
72 77 4
72 78 4
72 79 2
72 80 5
72 81 5
72 82 2
72 83 5
72 84 5
72 85 3
72 86 6
72 87 5
72 88 5
72 89 4
72 90 2
72 91 5
72 92 5
72 93 5
72 94 5
72 95 6
72 96 6
72 97 5
72 98 4
72 99 4
73 74 5
73 75 1
73 76 3
73 77 3
73 78 3
73 79 3
73 80 4
73 81 4
73 82 1
73 83 4
73 84 4
73 85 3
73 86 5
73 87 4
73 88 4
73 89 3
73 90 2
73 91 4
73 92 4
73 93 4
73 94 4
73 95 5
73 96 5
73 97 4
73 98 3
73 99 3
74 75 4
74 76 5
74 77 5
74 78 2
74 79 7
74 80 1
74 81 5
74 82 4
74 83 6
74 84 1
74 85 7
74 86 1
74 87 4
74 88 5
74 89 2
74 90 6
74 91 2
74 92 1
74 93 6
74 94 4
74 95 2
74 96 5
74 97 2
74 98 4
74 99 2
75 76 3
75 77 3
75 78 2
75 79 4
75 80 3
75 81 4
75 82 1
75 83 4
75 84 3
75 85 4
75 86 4
75 87 3
75 88 3
75 89 2
75 90 3
75 91 4
75 92 3
75 93 4
75 94 3
75 95 4
75 96 4
75 97 3
75 98 2
75 99 3
76 77 1
76 78 5
76 79 6
76 80 5
76 81 7
76 82 3
76 83 1
76 84 4
76 85 6
76 86 5
76 87 6
76 88 6
76 89 3
76 90 5
76 91 3
76 92 5
76 93 7
76 94 6
76 95 6
76 96 7
76 97 3
76 98 5
76 99 3
77 78 5
77 79 6
77 80 5
77 81 7
77 82 3
77 83 1
77 84 4
77 85 6
77 86 5
77 87 6
77 88 6
77 89 3
77 90 5
77 91 3
77 92 5
77 93 7
77 94 6
77 95 6
77 96 7
77 97 3
77 98 5
77 99 3
78 79 5
78 80 2
78 81 4
78 82 3
78 83 6
78 84 2
78 85 5
78 86 2
78 87 3
78 88 4
78 89 2
78 90 4
78 91 3
78 92 1
78 93 4
78 94 3
78 95 2
78 96 5
78 97 2
78 98 2
78 99 3
79 80 7
79 81 5
79 82 4
79 83 7
79 84 6
79 85 2
79 86 7
79 87 5
79 88 5
79 89 6
79 90 1
79 91 7
79 92 6
79 93 4
79 94 5
79 95 7
79 96 6
79 97 7
79 98 5
79 99 6
80 81 5
80 82 3
80 83 6
80 84 1
80 85 6
80 86 1
80 87 4
80 88 5
80 89 2
80 90 6
80 91 2
80 92 1
80 93 5
80 94 4
80 95 2
80 96 5
80 97 2
80 98 4
80 99 2
81 82 4
81 83 8
81 84 5
81 85 3
81 86 5
81 87 2
81 88 1
81 89 4
81 90 4
81 91 6
81 92 5
81 93 2
81 94 2
81 95 3
81 96 1
81 97 5
81 98 2
81 99 5
82 83 4
82 84 3
82 85 4
82 86 4
82 87 4
82 88 4
82 89 2
82 90 3
82 91 3
82 92 3
82 93 4
82 94 4
82 95 4
82 96 5
82 97 3
82 98 3
82 99 2
83 84 5
83 85 7
83 86 6
83 87 7
83 88 7
83 89 4
83 90 6
83 91 4
83 92 6
83 93 8
83 94 7
83 95 7
83 96 8
83 97 4
83 98 6
83 99 4
84 85 6
84 86 2
84 87 4
84 88 5
84 89 1
84 90 5
84 91 1
84 92 1
84 93 5
84 94 4
84 95 3
84 96 6
84 97 1
84 98 3
84 99 1
85 86 7
85 87 3
85 88 3
85 89 5
85 90 1
85 91 7
85 92 6
85 93 2
85 94 3
85 95 5
85 96 4
85 97 6
85 98 3
85 99 6
86 87 4
86 88 5
86 89 3
86 90 6
86 91 2
86 92 1
86 93 6
86 94 4
86 95 2
86 96 5
86 97 2
86 98 4
86 99 3
87 88 1
87 89 3
87 90 4
87 91 5
87 92 4
87 93 3
87 94 1
87 95 2
87 96 2
87 97 4
87 98 1
87 99 4
88 89 4
88 90 4
88 91 6
88 92 5
88 93 2
88 94 1
88 95 3
88 96 1
88 97 5
88 98 2
88 99 5
89 90 5
89 91 2
89 92 2
89 93 4
89 94 3
89 95 3
89 96 5
89 97 1
89 98 3
89 99 1
90 91 6
90 92 5
90 93 3
90 94 4
90 95 6
90 96 5
90 97 6
90 98 4
90 99 5
91 92 2
91 93 6
91 94 5
91 95 4
91 96 7
91 97 1
91 98 4
91 99 1
92 93 5
92 94 4
92 95 2
92 96 5
92 97 2
92 98 3
92 99 2
93 94 3
93 95 5
93 96 3
93 97 5
93 98 2
93 99 5
94 95 2
94 96 2
94 97 4
94 98 1
94 99 4
95 96 3
95 97 3
95 98 3
95 99 4
96 97 6
96 98 3
96 99 6
97 98 4
97 99 1
98 99 4
