100 
0 1 1
0 2 3
0 3 2
0 4 2
0 5 1
0 6 2
0 7 1
0 8 3
0 9 2
0 10 2
0 11 2
0 12 1
0 13 2
0 14 2
0 15 2
0 16 3
0 17 2
0 18 1
0 19 2
0 20 1
0 21 1
0 22 2
0 23 2
0 24 2
0 25 2
0 26 2
0 27 2
0 28 2
0 29 3
0 30 2
0 31 2
0 32 3
0 33 2
0 34 2
0 35 3
0 36 3
0 37 2
0 38 1
0 39 2
0 40 2
0 41 2
0 42 2
0 43 2
0 44 2
0 45 2
0 46 1
0 47 2
0 48 2
0 49 1
0 50 2
0 51 1
0 52 3
0 53 2
0 54 1
0 55 1
0 56 1
0 57 2
0 58 1
0 59 2
0 60 2
0 61 2
0 62 1
0 63 2
0 64 2
0 65 2
0 66 2
0 67 1
0 68 3
0 69 3
0 70 3
0 71 2
0 72 1
0 73 2
0 74 3
0 75 2
0 76 2
0 77 3
0 78 1
0 79 3
0 80 2
0 81 3
0 82 1
0 83 2
0 84 2
0 85 2
0 86 2
0 87 1
0 88 2
0 89 1
0 90 2
0 91 1
0 92 2
0 93 2
0 94 1
0 95 2
0 96 1
0 97 2
0 98 2
0 99 2
1 2 2
1 3 2
1 4 2
1 5 2
1 6 2
1 7 1
1 8 2
1 9 2
1 10 2
1 11 2
1 12 2
1 13 3
1 14 2
1 15 1
1 16 2
1 17 2
1 18 1
1 19 1
1 20 1
1 21 1
1 22 2
1 23 3
1 24 2
1 25 1
1 26 2
1 27 2
1 28 2
1 29 2
1 30 2
1 31 2
1 32 3
1 33 2
1 34 2
1 35 3
1 36 2
1 37 2
1 38 1
1 39 3
1 40 2
1 41 1
1 42 2
1 43 1
1 44 3
1 45 2
1 46 1
1 47 2
1 48 2
1 49 1
1 50 1
1 51 1
1 52 2
1 53 2
1 54 2
1 55 1
1 56 2
1 57 2
1 58 1
1 59 2
1 60 2
1 61 2
1 62 1
1 63 2
1 64 2
1 65 2
1 66 2
1 67 1
1 68 2
1 69 2
1 70 2
1 71 2
1 72 1
1 73 1
1 74 2
1 75 2
1 76 2
1 77 2
1 78 1
1 79 3
1 80 1
1 81 2
1 82 1
1 83 3
1 84 2
1 85 2
1 86 2
1 87 1
1 88 2
1 89 1
1 90 3
1 91 2
1 92 2
1 93 2
1 94 2
1 95 2
1 96 1
1 97 2
1 98 3
1 99 2
2 3 2
2 4 1
2 5 4
2 6 2
2 7 2
2 8 2
2 9 4
2 10 4
2 11 1
2 12 4
2 13 5
2 14 2
2 15 2
2 16 2
2 17 2
2 18 3
2 19 1
2 20 3
2 21 3
2 22 3
2 23 3
2 24 2
2 25 2
2 26 3
2 27 4
2 28 2
2 29 4
2 30 4
2 31 3
2 32 1
2 33 4
2 34 4
2 35 1
2 36 4
2 37 4
2 38 3
2 39 2
2 40 3
2 41 3
2 42 1
2 43 2
2 44 3
2 45 2
2 46 2
2 47 3
2 48 1
2 49 3
2 50 2
2 51 3
2 52 1
2 53 2
2 54 4
2 55 2
2 56 3
2 57 2
2 58 3
2 59 4
2 60 1
2 61 2
2 62 3
2 63 1
2 64 4
2 65 1
2 66 1
2 67 3
2 68 2
2 69 4
2 70 3
2 71 2
2 72 3
2 73 3
2 74 3
2 75 4
2 76 4
2 77 4
2 78 2
2 79 1
2 80 2
2 81 3
2 82 2
2 83 2
2 84 1
2 85 2
2 86 3
2 87 2
2 88 1
2 89 3
2 90 3
2 91 2
2 92 4
2 93 2
2 94 3
2 95 3
2 96 2
2 97 2
2 98 3
2 99 1
3 4 2
3 5 3
3 6 1
3 7 2
3 8 3
3 9 4
3 10 4
3 11 2
3 12 3
3 13 4
3 14 1
3 15 3
3 16 2
3 17 1
3 18 3
3 19 2
3 20 2
3 21 3
3 22 3
3 23 2
3 24 1
3 25 2
3 26 4
3 27 4
3 28 2
3 29 4
3 30 4
3 31 4
3 32 3
3 33 4
3 34 4
3 35 2
3 36 4
3 37 4
3 38 2
3 39 1
3 40 2
3 41 3
3 42 1
3 43 2
3 44 1
3 45 3
3 46 1
3 47 2
3 48 1
3 49 3
3 50 2
3 51 3
3 52 1
3 53 1
3 54 3
3 55 2
3 56 2
3 57 1
3 58 3
3 59 4
3 60 1
3 61 1
3 62 2
3 63 2
3 64 3
3 65 2
3 66 1
3 67 3
3 68 2
3 69 4
3 70 4
3 71 1
3 72 2
3 73 3
3 74 3
3 75 4
3 76 4
3 77 4
3 78 2
3 79 2
3 80 2
3 81 4
3 82 1
3 83 1
3 84 1
3 85 1
3 86 3
3 87 3
3 88 1
3 89 3
3 90 2
3 91 1
3 92 4
3 93 1
3 94 3
3 95 3
3 96 2
3 97 3
3 98 2
3 99 1
4 5 3
4 6 2
4 7 2
4 8 2
4 9 4
4 10 3
4 11 1
4 12 3
4 13 4
4 14 2
4 15 1
4 16 1
4 17 2
4 18 3
4 19 1
4 20 3
4 21 3
4 22 2
4 23 3
4 24 2
4 25 1
4 26 3
4 27 4
4 28 1
4 29 3
4 30 3
4 31 3
4 32 1
4 33 3
4 34 4
4 35 1
4 36 3
4 37 4
4 38 2
4 39 3
4 40 3
4 41 2
4 42 1
4 43 1
4 44 3
4 45 1
4 46 2
4 47 3
4 48 1
4 49 3
4 50 1
4 51 3
4 52 1
4 53 2
4 54 3
4 55 2
4 56 3
4 57 2
4 58 3
4 59 4
4 60 1
4 61 2
4 62 3
4 63 1
4 64 4
4 65 1
4 66 1
4 67 2
4 68 1
4 69 3
4 70 2
4 71 3
4 72 2
4 73 2
4 74 2
4 75 3
4 76 4
4 77 3
4 78 1
4 79 1
4 80 1
4 81 2
4 82 2
4 83 3
4 84 2
4 85 2
4 86 2
4 87 2
4 88 1
4 89 3
4 90 3
4 91 2
4 92 3
4 93 3
4 94 3
4 95 2
4 96 1
4 97 1
4 98 3
4 99 1
5 6 3
5 7 2
5 8 4
5 9 1
5 10 2
5 11 3
5 12 1
5 13 1
5 14 3
5 15 3
5 16 4
5 17 2
5 18 1
5 19 3
5 20 1
5 21 1
5 22 3
5 23 3
5 24 2
5 25 3
5 26 2
5 27 1
5 28 3
5 29 3
5 30 2
5 31 3
5 32 4
5 33 2
5 34 1
5 35 4
5 36 3
5 37 1
5 38 2
5 39 3
5 40 2
5 41 2
5 42 3
5 43 3
5 44 3
5 45 3
5 46 2
5 47 2
5 48 3
5 49 1
5 50 3
5 51 2
5 52 4
5 53 3
5 54 1
5 55 2
5 56 1
5 57 3
5 58 1
5 59 1
5 60 3
5 61 3
5 62 1
5 63 3
5 64 1
5 65 3
5 66 3
5 67 2
5 68 4
5 69 3
5 70 3
5 71 3
5 72 2
5 73 2
5 74 4
5 75 2
5 76 1
5 77 3
5 78 2
5 79 4
5 80 3
5 81 3
5 82 2
5 83 3
5 84 3
5 85 3
5 86 3
5 87 2
5 88 3
5 89 1
5 90 3
5 91 2
5 92 3
5 93 3
5 94 1
5 95 3
5 96 2
5 97 3
5 98 3
5 99 3
6 7 2
6 8 3
6 9 3
6 10 4
6 11 2
6 12 3
6 13 4
6 14 1
6 15 3
6 16 3
6 17 1
6 18 3
6 19 2
6 20 2
6 21 2
6 22 3
6 23 1
6 24 1
6 25 2
6 26 3
6 27 3
6 28 3
6 29 4
6 30 4
6 31 3
6 32 3
6 33 4
6 34 3
6 35 3
6 36 4
6 37 3
6 38 1
6 39 1
6 40 2
6 41 3
6 42 1
6 43 2
6 44 1
6 45 3
6 46 1
6 47 2
6 48 1
6 49 2
6 50 2
6 51 3
6 52 2
6 53 1
6 54 2
6 55 2
6 56 2
6 57 1
6 58 2
6 59 3
6 60 1
6 61 1
6 62 2
6 63 2
6 64 3
6 65 2
6 66 2
6 67 3
6 68 2
6 69 4
6 70 4
6 71 1
6 72 2
6 73 3
6 74 3
6 75 4
6 76 3
6 77 4
6 78 2
6 79 2
6 80 2
6 81 4
6 82 1
6 83 1
6 84 1
6 85 1
6 86 3
6 87 2
6 88 1
6 89 2
6 90 1
6 91 1
6 92 4
6 93 1
6 94 2
6 95 3
6 96 2
6 97 3
6 98 1
6 99 1
7 8 2
7 9 2
7 10 2
7 11 2
7 12 2
7 13 3
7 14 2
7 15 2
7 16 2
7 17 2
7 18 2
7 19 1
7 20 1
7 21 1
7 22 2
7 23 2
7 24 2
7 25 1
7 26 2
7 27 2
7 28 2
7 29 3
7 30 2
7 31 2
7 32 3
7 33 2
7 34 2
7 35 3
7 36 3
7 37 2
7 38 1
7 39 2
7 40 2
7 41 2
7 42 2
7 43 1
7 44 2
7 45 2
7 46 1
7 47 2
7 48 1
7 49 1
7 50 1
7 51 2
7 52 2
7 53 2
7 54 2
7 55 1
7 56 2
7 57 2
7 58 1
7 59 2
7 60 2
7 61 2
7 62 1
7 63 2
7 64 2
7 65 2
7 66 2
7 67 1
7 68 2
7 69 3
7 70 3
7 71 2
7 72 1
7 73 2
7 74 2
7 75 2
7 76 2
7 77 3
7 78 1
7 79 3
7 80 1
7 81 3
7 82 1
7 83 2
7 84 2
7 85 2
7 86 2
7 87 1
7 88 2
7 89 1
7 90 2
7 91 1
7 92 2
7 93 2
7 94 1
7 95 2
7 96 1
7 97 2
7 98 2
7 99 2
8 9 4
8 10 3
8 11 1
8 12 4
8 13 5
8 14 4
8 15 1
8 16 1
8 17 4
8 18 3
8 19 2
8 20 3
8 21 3
8 22 1
8 23 4
8 24 4
8 25 2
8 26 3
8 27 4
8 28 1
8 29 2
8 30 3
8 31 2
8 32 2
8 33 3
8 34 4
8 35 2
8 36 2
8 37 4
8 38 3
8 39 4
8 40 4
8 41 2
8 42 3
8 43 1
8 44 4
8 45 1
8 46 3
8 47 4
8 48 3
8 49 3
8 50 1
8 51 3
8 52 2
8 53 4
8 54 4
8 55 2
8 56 3
8 57 4
8 58 3
8 59 4
8 60 2
8 61 3
8 62 3
8 63 2
8 64 4
8 65 2
8 66 2
8 67 2
8 68 1
8 69 2
8 70 2
8 71 4
8 72 2
8 73 2
8 74 1
8 75 3
8 76 4
8 77 2
8 78 2
8 79 2
8 80 1
8 81 2
8 82 3
8 83 4
8 84 3
8 85 3
8 86 2
8 87 2
8 88 2
8 89 3
8 90 4
8 91 3
8 92 2
8 93 4
8 94 3
8 95 1
8 96 2
8 97 1
8 98 4
8 99 2
9 10 2
9 11 4
9 12 1
9 13 1
9 14 4
9 15 3
9 16 4
9 17 3
9 18 1
9 19 3
9 20 2
9 21 2
9 22 3
9 23 4
9 24 3
9 25 3
9 26 2
9 27 1
9 28 4
9 29 3
9 30 2
9 31 3
9 32 5
9 33 2
9 34 1
9 35 5
9 36 3
9 37 1
9 38 2
9 39 4
9 40 3
9 41 2
9 42 4
9 43 3
9 44 4
9 45 4
9 46 3
9 47 3
9 48 3
9 49 2
9 50 3
9 51 2
9 52 4
9 53 4
9 54 2
9 55 2
9 56 2
9 57 4
9 58 1
9 59 1
9 60 4
9 61 4
9 62 2
9 63 4
9 64 1
9 65 4
9 66 4
9 67 2
9 68 4
9 69 3
9 70 3
9 71 4
9 72 2
9 73 3
9 74 4
9 75 2
9 76 1
9 77 3
9 78 3
9 79 5
9 80 3
9 81 4
9 82 3
9 83 4
9 84 4
9 85 3
9 86 3
9 87 2
9 88 4
9 89 1
9 90 4
9 91 3
9 92 3
9 93 4
9 94 2
9 95 3
9 96 3
9 97 4
9 98 4
9 99 4
10 11 3
10 12 2
10 13 2
10 14 4
10 15 2
10 16 3
10 17 4
10 18 1
10 19 3
10 20 3
10 21 2
10 22 2
10 23 4
10 24 4
10 25 3
10 26 1
10 27 2
10 28 3
10 29 1
10 30 1
10 31 1
10 32 4
10 33 1
10 34 2
10 35 4
10 36 1
10 37 1
10 38 3
10 39 4
10 40 4
10 41 1
10 42 4
10 43 2
10 44 4
10 45 3
10 46 3
10 47 4
10 48 3
10 49 2
10 50 2
10 51 1
10 52 4
10 53 4
10 54 3
10 55 2
10 56 3
10 57 4
10 58 2
10 59 1
10 60 3
10 61 4
10 62 3
10 63 3
10 64 2
10 65 3
10 66 3
10 67 1
10 68 3
10 69 1
10 70 2
10 71 4
10 72 2
10 73 1
10 74 2
10 75 1
10 76 2
10 77 1
10 78 2
10 79 4
10 80 2
10 81 2
10 82 3
10 83 4
10 84 4
10 85 4
10 86 1
10 87 2
10 88 3
10 89 2
10 90 4
10 91 3
10 92 1
10 93 4
10 94 3
10 95 2
10 96 2
10 97 2
10 98 4
10 99 3
11 12 3
11 13 4
11 14 3
11 15 1
11 16 1
11 17 3
11 18 3
11 19 1
11 20 3
11 21 3
11 22 2
11 23 3
11 24 3
11 25 1
11 26 3
11 27 4
11 28 1
11 29 3
11 30 3
11 31 3
11 32 1
11 33 3
11 34 4
11 35 1
11 36 3
11 37 4
11 38 2
11 39 3
11 40 4
11 41 2
11 42 2
11 43 1
11 44 3
11 45 1
11 46 2
11 47 4
11 48 2
11 49 3
11 50 1
11 51 3
11 52 1
11 53 3
11 54 3
11 55 2
11 56 3
11 57 3
11 58 3
11 59 4
11 60 1
11 61 2
11 62 3
11 63 1
11 64 4
11 65 1
11 66 1
11 67 2
11 68 1
11 69 3
11 70 2
11 71 3
11 72 2
11 73 2
11 74 2
11 75 3
11 76 4
11 77 3
11 78 1
11 79 1
11 80 1
11 81 2
11 82 2
11 83 3
11 84 2
11 85 2
11 86 2
11 87 2
11 88 1
11 89 3
11 90 3
11 91 3
11 92 3
11 93 3
11 94 3
11 95 2
11 96 1
11 97 1
11 98 3
11 99 1
12 13 1
12 14 3
12 15 3
12 16 4
12 17 2
12 18 1
12 19 3
12 20 1
12 21 1
12 22 3
12 23 3
12 24 2
12 25 3
12 26 2
12 27 1
12 28 3
12 29 3
12 30 2
12 31 3
12 32 4
12 33 2
12 34 1
12 35 4
12 36 3
12 37 2
12 38 2
12 39 3
12 40 2
12 41 2
12 42 3
12 43 3
12 44 3
12 45 3
12 46 2
12 47 2
12 48 3
12 49 1
12 50 3
12 51 2
12 52 4
12 53 3
12 54 1
12 55 2
12 56 1
12 57 3
12 58 1
12 59 1
12 60 3
12 61 3
12 62 1
12 63 3
12 64 1
12 65 3
12 66 3
12 67 2
12 68 4
12 69 3
12 70 3
12 71 3
12 72 2
12 73 2
12 74 4
12 75 2
12 76 1
12 77 3
12 78 2
12 79 4
12 80 3
12 81 3
12 82 2
12 83 3
12 84 3
12 85 3
12 86 3
12 87 2
12 88 3
12 89 1
12 90 3
12 91 2
12 92 3
12 93 3
12 94 1
12 95 3
12 96 2
12 97 3
12 98 3
12 99 3
13 14 4
13 15 4
13 16 5
13 17 3
13 18 2
13 19 4
13 20 2
13 21 2
13 22 4
13 23 4
13 24 3
13 25 4
13 26 3
13 27 1
13 28 4
13 29 3
13 30 2
13 31 3
13 32 5
13 33 2
13 34 1
13 35 5
13 36 3
13 37 2
13 38 3
13 39 4
13 40 3
13 41 3
13 42 4
13 43 4
13 44 4
13 45 4
13 46 3
13 47 3
13 48 4
13 49 2
13 50 4
13 51 2
13 52 5
13 53 4
13 54 2
13 55 3
13 56 2
13 57 4
13 58 2
13 59 1
13 60 4
13 61 4
13 62 2
13 63 4
13 64 1
13 65 4
13 66 4
13 67 3
13 68 5
13 69 3
13 70 4
13 71 4
13 72 3
13 73 3
13 74 4
13 75 2
13 76 1
13 77 3
13 78 3
13 79 5
13 80 4
13 81 4
13 82 3
13 83 4
13 84 4
13 85 4
13 86 3
13 87 3
13 88 4
13 89 2
13 90 4
13 91 3
13 92 3
13 93 4
13 94 2
13 95 4
13 96 3
13 97 4
13 98 4
13 99 4
14 15 3
14 16 3
14 17 1
14 18 3
14 19 2
14 20 2
14 21 3
14 22 4
14 23 1
14 24 1
14 25 2
14 26 4
14 27 4
14 28 3
14 29 4
14 30 4
14 31 4
14 32 3
14 33 4
14 34 4
14 35 3
14 36 4
14 37 4
14 38 2
14 39 1
14 40 2
14 41 3
14 42 1
14 43 3
14 44 1
14 45 3
14 46 1
14 47 2
14 48 1
14 49 3
14 50 3
14 51 3
14 52 2
14 53 1
14 54 3
14 55 2
14 56 2
14 57 1
14 58 3
14 59 4
14 60 2
14 61 1
14 62 2
14 63 2
14 64 3
14 65 2
14 66 2
14 67 3
14 68 3
14 69 4
14 70 4
14 71 1
14 72 3
14 73 3
14 74 4
14 75 4
14 76 4
14 77 4
14 78 2
14 79 3
14 80 3
14 81 4
14 82 2
14 83 1
14 84 1
14 85 1
14 86 4
14 87 3
14 88 2
14 89 3
14 90 1
14 91 1
14 92 4
14 93 1
14 94 3
14 95 3
14 96 2
14 97 3
14 98 1
14 99 2
15 16 2
15 17 3
15 18 2
15 19 1
15 20 2
15 21 2
15 22 1
15 23 4
15 24 3
15 25 1
15 26 2
15 27 3
15 28 1
15 29 2
15 30 2
15 31 2
15 32 2
15 33 2
15 34 3
15 35 2
15 36 2
15 37 3
15 38 2
15 39 3
15 40 3
15 41 1
15 42 2
15 43 1
15 44 4
15 45 1
15 46 2
15 47 3
15 48 2
15 49 2
15 50 1
15 51 2
15 52 2
15 53 3
15 54 3
15 55 2
15 56 3
15 57 3
15 58 2
15 59 3
15 60 2
15 61 3
15 62 2
15 63 2
15 64 3
15 65 1
15 66 2
15 67 1
15 68 1
15 69 2
15 70 2
15 71 3
15 72 1
15 73 1
15 74 1
15 75 2
15 76 3
15 77 2
15 78 1
15 79 2
15 80 1
15 81 2
15 82 2
15 83 3
15 84 2
15 85 3
15 86 1
15 87 1
15 88 2
15 89 2
15 90 4
15 91 3
15 92 2
15 93 3
15 94 3
15 95 1
15 96 1
15 97 1
15 98 4
15 99 2
16 17 3
16 18 3
16 19 2
16 20 3
16 21 3
16 22 2
16 23 4
16 24 3
16 25 2
16 26 3
16 27 4
16 28 1
16 29 3
16 30 3
16 31 3
16 32 1
16 33 3
16 34 4
16 35 1
16 36 3
16 37 4
16 38 3
16 39 3
16 40 4
16 41 3
16 42 2
16 43 1
16 44 3
16 45 1
16 46 2
16 47 4
16 48 2
16 49 3
16 50 2
16 51 3
16 52 2
16 53 3
16 54 4
16 55 2
16 56 3
16 57 3
16 58 3
16 59 4
16 60 2
16 61 3
16 62 3
16 63 1
16 64 4
16 65 1
16 66 1
16 67 2
16 68 1
16 69 3
16 70 2
16 71 3
16 72 2
16 73 2
16 74 1
16 75 3
16 76 4
16 77 3
16 78 2
16 79 1
16 80 1
16 81 2
16 82 2
16 83 3
16 84 2
16 85 3
16 86 2
16 87 2
16 88 2
16 89 3
16 90 4
16 91 3
16 92 3
16 93 3
16 94 3
16 95 2
16 96 2
16 97 1
16 98 4
16 99 2
17 18 3
17 19 2
17 20 2
17 21 2
17 22 4
17 23 1
17 24 1
17 25 2
17 26 3
17 27 3
17 28 3
17 29 4
17 30 4
17 31 3
17 32 3
17 33 4
17 34 3
17 35 3
17 36 4
17 37 3
17 38 1
17 39 1
17 40 1
17 41 3
17 42 1
17 43 3
17 44 1
17 45 3
17 46 1
17 47 1
17 48 1
17 49 2
17 50 3
17 51 3
17 52 2
17 53 1
17 54 2
17 55 2
17 56 2
17 57 1
17 58 2
17 59 3
17 60 2
17 61 1
17 62 1
17 63 2
17 64 3
17 65 2
17 66 2
17 67 3
17 68 3
17 69 4
17 70 4
17 71 1
17 72 2
17 73 3
17 74 4
17 75 4
17 76 3
17 77 4
17 78 2
17 79 3
17 80 3
17 81 4
17 82 1
17 83 1
17 84 1
17 85 1
17 86 3
17 87 2
17 88 2
17 89 2
17 90 1
17 91 1
17 92 4
17 93 1
17 94 2
17 95 3
17 96 2
17 97 3
17 98 1
17 99 2
18 19 2
18 20 2
18 21 1
18 22 2
18 23 3
18 24 3
18 25 2
18 26 1
18 27 1
18 28 3
18 29 2
18 30 1
18 31 2
18 32 4
18 33 1
18 34 1
18 35 4
18 36 2
18 37 1
18 38 2
18 39 3
18 40 3
18 41 1
18 42 3
18 43 2
18 44 3
18 45 3
18 46 2
18 47 3
18 48 3
18 49 1
18 50 2
18 51 1
18 52 3
18 53 3
18 54 2
18 55 2
18 56 2
18 57 3
18 58 1
18 59 1
18 60 3
18 61 3
18 62 2
18 63 3
18 64 2
18 65 3
18 66 3
18 67 1
18 68 3
18 69 2
18 70 2
18 71 3
18 72 1
18 73 2
18 74 3
18 75 1
18 76 1
18 77 2
18 78 2
18 79 4
18 80 2
18 81 3
18 82 2
18 83 3
18 84 3
18 85 3
18 86 2
18 87 1
18 88 3
18 89 1
18 90 3
18 91 2
18 92 2
18 93 3
18 94 2
18 95 2
18 96 2
18 97 3
18 98 3
18 99 3
19 20 2
19 21 2
19 22 2
19 23 3
19 24 2
19 25 1
19 26 2
19 27 3
19 28 1
19 29 3
19 30 3
19 31 2
19 32 2
19 33 3
19 34 3
19 35 2
19 36 3
19 37 3
19 38 2
19 39 2
19 40 3
19 41 2
19 42 2
19 43 1
19 44 3
19 45 1
19 46 1
19 47 3
19 48 1
19 49 2
19 50 1
19 51 2
19 52 1
19 53 2
19 54 3
19 55 1
19 56 2
19 57 2
19 58 2
19 59 3
19 60 1
19 61 2
19 62 2
19 63 1
19 64 3
19 65 1
19 66 1
19 67 2
19 68 1
19 69 3
19 70 2
19 71 2
19 72 2
19 73 2
19 74 2
19 75 3
19 76 3
19 77 3
19 78 1
19 79 2
19 80 1
19 81 2
19 82 1
19 83 2
19 84 1
19 85 2
19 86 2
19 87 1
19 88 1
19 89 2
19 90 3
19 91 2
19 92 3
19 93 2
19 94 2
19 95 2
19 96 1
19 97 1
19 98 3
19 99 1
20 21 1
20 22 3
20 23 2
20 24 2
20 25 2
20 26 3
20 27 2
20 28 3
20 29 3
20 30 3
20 31 3
20 32 4
20 33 3
20 34 2
20 35 3
20 36 3
20 37 2
20 38 1
20 39 2
20 40 1
20 41 2
20 42 3
20 43 2
20 44 2
20 45 3
20 46 2
20 47 1
20 48 2
20 49 1
20 50 2
20 51 2
20 52 3
20 53 2
20 54 1
20 55 1
20 56 1
20 57 2
20 58 1
20 59 2
20 60 2
20 61 2
20 62 1
20 63 3
20 64 1
20 65 2
20 66 2
20 67 2
20 68 3
20 69 3
20 70 3
20 71 2
20 72 2
20 73 2
20 74 3
20 75 3
20 76 2
20 77 3
20 78 2
20 79 3
20 80 2
20 81 3
20 82 1
20 83 2
20 84 2
20 85 2
20 86 3
20 87 2
20 88 2
20 89 1
20 90 2
20 91 1
20 92 3
20 93 2
20 94 1
20 95 3
20 96 2
20 97 3
20 98 2
20 99 2
21 22 2
21 23 3
21 24 2
21 25 2
21 26 2
21 27 1
21 28 3
21 29 2
21 30 2
21 31 2
21 32 4
21 33 2
21 34 2
21 35 4
21 36 2
21 37 1
21 38 1
21 39 3
21 40 2
21 41 1
21 42 3
21 43 2
21 44 3
21 45 3
21 46 2
21 47 2
21 48 2
21 49 1
21 50 2
21 51 1
21 52 3
21 53 3
21 54 2
21 55 1
21 56 2
21 57 3
21 58 1
21 59 1
21 60 3
21 61 3
21 62 1
21 63 3
21 64 2
21 65 3
21 66 3
21 67 1
21 68 3
21 69 2
21 70 2
21 71 3
21 72 1
21 73 1
21 74 3
21 75 2
21 76 1
21 77 2
21 78 2
21 79 4
21 80 2
21 81 2
21 82 2
21 83 3
21 84 3
21 85 2
21 86 2
21 87 1
21 88 3
21 89 1
21 90 3
21 91 2
21 92 2
21 93 3
21 94 1
21 95 2
21 96 2
21 97 2
21 98 3
21 99 3
22 23 4
22 24 4
22 25 2
22 26 2
22 27 3
22 28 1
22 29 1
22 30 2
22 31 1
22 32 2
22 33 2
22 34 3
22 35 2
22 36 1
22 37 3
22 38 3
22 39 4
22 40 4
22 41 1
22 42 3
22 43 1
22 44 4
22 45 1
22 46 3
22 47 4
22 48 3
22 49 3
22 50 1
22 51 2
22 52 3
22 53 4
22 54 3
22 55 2
22 56 3
22 57 4
22 58 3
22 59 3
22 60 3
22 61 4
22 62 3
22 63 2
22 64 3
22 65 2
22 66 2
22 67 1
22 68 1
22 69 1
22 70 1
22 71 4
22 72 2
22 73 1
22 74 1
22 75 2
22 76 3
22 77 1
22 78 2
22 79 2
22 80 1
22 81 1
22 82 3
22 83 4
22 84 3
22 85 3
22 86 1
22 87 2
22 88 3
22 89 2
22 90 4
22 91 3
22 92 1
22 93 4
22 94 3
22 95 1
22 96 2
22 97 1
22 98 4
22 99 2
23 24 1
23 25 3
23 26 4
23 27 4
23 28 4
23 29 5
23 30 4
23 31 4
23 32 4
23 33 4
23 34 4
23 35 4
23 36 5
23 37 4
23 38 2
23 39 1
23 40 1
23 41 4
23 42 2
23 43 3
23 44 1
23 45 4
23 46 2
23 47 1
23 48 2
23 49 3
23 50 3
23 51 3
23 52 3
23 53 1
23 54 2
23 55 2
23 56 2
23 57 1
23 58 3
23 59 4
23 60 2
23 61 1
23 62 2
23 63 3
23 64 3
23 65 3
23 66 3
23 67 3
23 68 3
23 69 5
23 70 5
23 71 1
23 72 3
23 73 4
23 74 4
23 75 4
23 76 4
23 77 5
23 78 3
23 79 3
23 80 3
23 81 5
23 82 2
23 83 1
23 84 2
23 85 1
23 86 4
23 87 3
23 88 2
23 89 3
23 90 1
23 91 1
23 92 4
23 93 1
23 94 2
23 95 4
23 96 3
23 97 4
23 98 1
23 99 2
24 25 2
24 26 3
24 27 3
24 28 3
24 29 4
24 30 4
24 31 3
24 32 3
24 33 4
24 34 3
24 35 3
24 36 4
24 37 3
24 38 1
24 39 1
24 40 1
24 41 3
24 42 2
24 43 3
24 44 1
24 45 3
24 46 1
24 47 1
24 48 1
24 49 2
24 50 3
24 51 3
24 52 2
24 53 1
24 54 2
24 55 2
24 56 2
24 57 1
24 58 2
24 59 3
24 60 2
24 61 1
24 62 1
24 63 2
24 64 3
24 65 2
24 66 2
24 67 3
24 68 3
24 69 4
24 70 4
24 71 1
24 72 2
24 73 3
24 74 4
24 75 4
24 76 3
24 77 4
24 78 2
24 79 3
24 80 3
24 81 4
24 82 1
24 83 1
24 84 1
24 85 1
24 86 3
24 87 2
24 88 2
24 89 2
24 90 1
24 91 1
24 92 4
24 93 1
24 94 2
24 95 3
24 96 2
24 97 3
24 98 1
24 99 2
25 26 2
25 27 3
25 28 1
25 29 3
25 30 3
25 31 2
25 32 2
25 33 3
25 34 3
25 35 2
25 36 3
25 37 3
25 38 2
25 39 3
25 40 3
25 41 2
25 42 2
25 43 1
25 44 3
25 45 1
25 46 1
25 47 3
25 48 1
25 49 2
25 50 1
25 51 2
25 52 2
25 53 2
25 54 3
25 55 1
25 56 2
25 57 2
25 58 2
25 59 3
25 60 1
25 61 2
25 62 2
25 63 1
25 64 3
25 65 1
25 66 1
25 67 2
25 68 1
25 69 3
25 70 2
25 71 2
25 72 1
25 73 2
25 74 2
25 75 3
25 76 3
25 77 3
25 78 1
25 79 2
25 80 1
25 81 2
25 82 1
25 83 3
25 84 2
25 85 2
25 86 2
25 87 1
25 88 1
25 89 2
25 90 3
25 91 2
25 92 3
25 93 2
25 94 2
25 95 2
25 96 1
25 97 1
25 98 3
25 99 1
26 27 2
26 28 3
26 29 1
26 30 1
26 31 1
26 32 4
26 33 1
26 34 2
26 35 4
26 36 1
26 37 1
26 38 2
26 39 4
26 40 4
26 41 1
26 42 4
26 43 2
26 44 4
26 45 3
26 46 3
26 47 4
26 48 3
26 49 2
26 50 2
26 51 1
26 52 3
26 53 4
26 54 3
26 55 2
26 56 3
26 57 4
26 58 2
26 59 2
26 60 3
26 61 4
26 62 3
26 63 3
26 64 3
26 65 3
26 66 3
26 67 1
26 68 3
26 69 1
26 70 2
26 71 4
26 72 2
26 73 1
26 74 2
26 75 1
26 76 2
26 77 1
26 78 2
26 79 4
26 80 2
26 81 2
26 82 3
26 83 4
26 84 3
26 85 3
26 86 1
26 87 1
26 88 3
26 89 2
26 90 4
26 91 3
26 92 1
26 93 4
26 94 3
26 95 2
26 96 2
26 97 2
26 98 4
26 99 3
27 28 4
27 29 3
27 30 2
27 31 2
27 32 5
27 33 2
27 34 1
27 35 5
27 36 3
27 37 1
27 38 2
27 39 4
27 40 3
27 41 2
27 42 4
27 43 3
27 44 4
27 45 4
27 46 3
27 47 3
27 48 3
27 49 1
27 50 3
27 51 1
27 52 4
27 53 4
27 54 2
27 55 2
27 56 2
27 57 4
27 58 1
27 59 1
27 60 4
27 61 4
27 62 2
27 63 4
27 64 1
27 65 4
27 66 4
27 67 2
27 68 4
27 69 3
27 70 3
27 71 4
27 72 2
27 73 2
27 74 3
27 75 2
27 76 1
27 77 3
27 78 3
27 79 5
27 80 3
27 81 3
27 82 3
27 83 4
27 84 4
27 85 3
27 86 2
27 87 2
27 88 4
27 89 1
27 90 4
27 91 3
27 92 2
27 93 4
27 94 2
27 95 3
27 96 3
27 97 3
27 98 4
27 99 4
28 29 2
28 30 3
28 31 2
28 32 1
28 33 3
28 34 4
28 35 2
28 36 2
28 37 4
28 38 2
28 39 3
28 40 4
28 41 2
28 42 2
28 43 1
28 44 3
28 45 1
28 46 2
28 47 4
28 48 2
28 49 3
28 50 1
28 51 3
28 52 2
28 53 3
28 54 3
28 55 2
28 56 3
28 57 3
28 58 3
28 59 4
28 60 2
28 61 3
28 62 3
28 63 1
28 64 4
28 65 1
28 66 1
28 67 2
28 68 1
28 69 2
28 70 2
28 71 3
28 72 2
28 73 2
28 74 1
28 75 3
28 76 4
28 77 2
28 78 2
28 79 2
28 80 1
28 81 2
28 82 2
28 83 3
28 84 2
28 85 3
28 86 2
28 87 2
28 88 2
28 89 3
28 90 4
28 91 3
28 92 2
28 93 3
28 94 3
28 95 1
28 96 1
28 97 1
28 98 4
28 99 2
29 30 1
29 31 1
29 32 3
29 33 1
29 34 3
29 35 3
29 36 1
29 37 2
29 38 3
29 39 5
29 40 4
29 41 1
29 42 4
29 43 2
29 44 5
29 45 2
29 46 3
29 47 4
29 48 3
29 49 3
29 50 2
29 51 2
29 52 4
29 53 4
29 54 4
29 55 3
29 56 4
29 57 4
29 58 3
29 59 2
29 60 4
29 61 4
29 62 3
29 63 3
29 64 3
29 65 3
29 66 3
29 67 2
29 68 2
29 69 1
29 70 1
29 71 4
29 72 2
29 73 1
29 74 2
29 75 1
29 76 3
29 77 1
29 78 3
29 79 3
29 80 2
29 81 1
29 82 3
29 83 5
29 84 4
29 85 4
29 86 1
29 87 2
29 88 4
29 89 3
29 90 5
29 91 4
29 92 1
29 93 4
29 94 3
29 95 1
29 96 2
29 97 2
29 98 5
29 99 3
30 31 1
30 32 4
30 33 1
30 34 2
30 35 4
30 36 2
30 37 1
30 38 3
30 39 4
30 40 4
30 41 1
30 42 4
30 43 2
30 44 4
30 45 3
30 46 3
30 47 4
30 48 3
30 49 2
30 50 2
30 51 1
30 52 4
30 53 4
30 54 3
30 55 2
30 56 3
30 57 4
30 58 2
30 59 1
30 60 3
30 61 4
30 62 3
30 63 3
30 64 2
30 65 3
30 66 3
30 67 1
30 68 3
30 69 1
30 70 2
30 71 4
30 72 2
30 73 1
30 74 2
30 75 1
30 76 2
30 77 1
30 78 2
30 79 4
30 80 2
30 81 2
30 82 3
30 83 4
30 84 4
30 85 4
30 86 1
30 87 2
30 88 3
30 89 2
30 90 4
30 91 3
30 92 1
30 93 4
30 94 3
30 95 2
30 96 2
30 97 2
30 98 4
30 99 3
31 32 3
31 33 1
31 34 3
31 35 3
31 36 1
31 37 2
31 38 2
31 39 4
31 40 4
31 41 1
31 42 4
31 43 2
31 44 4
31 45 2
31 46 3
31 47 4
31 48 3
31 49 3
31 50 2
31 51 1
31 52 3
31 53 4
31 54 3
31 55 2
31 56 3
31 57 4
31 58 2
31 59 2
31 60 3
31 61 4
31 62 3
31 63 3
31 64 3
31 65 3
31 66 3
31 67 1
31 68 2
31 69 1
31 70 1
31 71 4
31 72 2
31 73 1
31 74 2
31 75 1
31 76 3
31 77 1
31 78 2
31 79 3
31 80 2
31 81 1
31 82 3
31 83 4
31 84 3
31 85 3
31 86 1
31 87 1
31 88 3
31 89 2
31 90 4
31 91 3
31 92 1
31 93 4
31 94 3
31 95 1
31 96 2
31 97 2
31 98 4
31 99 3
32 33 4
32 34 5
32 35 1
32 36 3
32 37 5
32 38 3
32 39 3
32 40 4
32 41 3
32 42 2
32 43 2
32 44 4
32 45 2
32 46 3
32 47 4
32 48 2
32 49 4
32 50 2
32 51 4
32 52 2
32 53 3
32 54 4
32 55 3
32 56 4
32 57 3
32 58 4
32 59 5
32 60 2
32 61 3
32 62 4
32 63 1
32 64 5
32 65 2
32 66 2
32 67 3
32 68 1
32 69 3
32 70 3
32 71 3
32 72 3
32 73 3
32 74 2
32 75 4
32 76 5
32 77 3
32 78 2
32 79 1
32 80 2
32 81 3
32 82 3
32 83 3
32 84 2
32 85 3
32 86 3
32 87 3
32 88 2
32 89 4
32 90 4
32 91 3
32 92 3
32 93 3
32 94 4
32 95 2
32 96 2
32 97 2
32 98 4
32 99 2
33 34 2
33 35 4
33 36 1
33 37 1
33 38 3
33 39 4
33 40 4
33 41 1
33 42 4
33 43 2
33 44 4
33 45 3
33 46 3
33 47 4
33 48 3
33 49 2
33 50 2
33 51 1
33 52 4
33 53 4
33 54 3
33 55 2
33 56 3
33 57 4
33 58 2
33 59 1
33 60 3
33 61 4
33 62 3
33 63 3
33 64 2
33 65 3
33 66 3
33 67 1
33 68 3
33 69 1
33 70 2
33 71 4
33 72 2
33 73 1
33 74 2
33 75 1
33 76 2
33 77 1
33 78 2
33 79 4
33 80 2
33 81 2
33 82 3
33 83 4
33 84 4
33 85 4
33 86 1
33 87 2
33 88 3
33 89 2
33 90 4
33 91 3
33 92 1
33 93 4
33 94 3
33 95 2
33 96 2
33 97 2
33 98 4
33 99 3
34 35 5
34 36 3
34 37 1
34 38 2
34 39 4
34 40 3
34 41 2
34 42 4
34 43 3
34 44 4
34 45 4
34 46 3
34 47 3
34 48 3
34 49 2
34 50 3
34 51 2
34 52 4
34 53 4
34 54 2
34 55 2
34 56 2
34 57 4
34 58 1
34 59 1
34 60 4
34 61 4
34 62 2
34 63 4
34 64 1
34 65 4
34 66 4
34 67 2
34 68 4
34 69 3
34 70 3
34 71 4
34 72 2
34 73 3
34 74 4
34 75 2
34 76 1
34 77 3
34 78 3
34 79 5
34 80 3
34 81 4
34 82 3
34 83 4
34 84 4
34 85 3
34 86 3
34 87 2
34 88 4
34 89 2
34 90 4
34 91 3
34 92 3
34 93 4
34 94 2
34 95 3
34 96 3
34 97 4
34 98 4
34 99 4
35 36 3
35 37 5
35 38 3
35 39 3
35 40 4
35 41 3
35 42 2
35 43 2
35 44 3
35 45 2
35 46 2
35 47 4
35 48 2
35 49 4
35 50 2
35 51 4
35 52 1
35 53 3
35 54 4
35 55 3
35 56 4
35 57 3
35 58 4
35 59 5
35 60 2
35 61 3
35 62 3
35 63 1
35 64 4
35 65 1
35 66 1
35 67 3
35 68 1
35 69 3
35 70 3
35 71 3
35 72 3
35 73 3
35 74 2
35 75 4
35 76 5
35 77 3
35 78 2
35 79 1
35 80 2
35 81 3
35 82 2
35 83 3
35 84 2
35 85 3
35 86 3
35 87 3
35 88 2
35 89 4
35 90 4
35 91 3
35 92 3
35 93 3
35 94 4
35 95 3
35 96 2
35 97 2
35 98 4
35 99 2
36 37 2
36 38 3
36 39 5
36 40 4
36 41 1
36 42 4
36 43 2
36 44 5
36 45 2
36 46 3
36 47 4
36 48 3
36 49 3
36 50 2
36 51 2
36 52 4
36 53 4
36 54 4
36 55 3
36 56 4
36 57 4
36 58 3
36 59 2
36 60 4
36 61 4
36 62 3
36 63 3
36 64 3
36 65 3
36 66 3
36 67 2
36 68 2
36 69 1
36 70 1
36 71 4
36 72 2
36 73 1
36 74 2
36 75 2
36 76 3
36 77 1
36 78 3
36 79 3
36 80 2
36 81 1
36 82 3
36 83 5
36 84 4
36 85 4
36 86 1
36 87 2
36 88 4
36 89 3
36 90 5
36 91 4
36 92 1
36 93 4
36 94 3
36 95 1
36 96 2
36 97 2
36 98 5
36 99 3
37 38 2
37 39 4
37 40 3
37 41 2
37 42 4
37 43 3
37 44 4
37 45 4
37 46 3
37 47 3
37 48 3
37 49 2
37 50 3
37 51 1
37 52 4
37 53 4
37 54 2
37 55 2
37 56 2
37 57 4
37 58 1
37 59 1
37 60 4
37 61 4
37 62 2
37 63 4
37 64 2
37 65 4
37 66 4
37 67 2
37 68 4
37 69 2
37 70 3
37 71 4
37 72 2
37 73 2
37 74 3
37 75 1
37 76 1
37 77 2
37 78 3
37 79 5
37 80 3
37 81 3
37 82 3
37 83 4
37 84 4
37 85 3
37 86 2
37 87 2
37 88 4
37 89 1
37 90 4
37 91 3
37 92 2
37 93 4
37 94 2
37 95 3
37 96 3
37 97 3
37 98 4
37 99 4
38 39 2
38 40 2
38 41 2
38 42 2
38 43 2
38 44 2
38 45 2
38 46 1
38 47 2
38 48 2
38 49 1
38 50 2
38 51 2
38 52 3
38 53 2
38 54 1
38 55 1
38 56 1
38 57 2
38 58 1
38 59 2
38 60 2
38 61 2
38 62 1
38 63 2
38 64 2
38 65 2
38 66 2
38 67 2
38 68 3
38 69 3
38 70 3
38 71 2
38 72 1
38 73 2
38 74 3
38 75 3
38 76 2
38 77 3
38 78 1
38 79 3
38 80 2
38 81 3
38 82 1
38 83 2
38 84 2
38 85 1
38 86 2
38 87 1
38 88 2
38 89 1
38 90 2
38 91 1
38 92 3
38 93 2
38 94 1
38 95 2
38 96 1
38 97 2
38 98 2
38 99 2
39 40 1
39 41 4
39 42 2
39 43 3
39 44 1
39 45 3
39 46 2
39 47 1
39 48 2
39 49 3
39 50 3
39 51 3
39 52 2
39 53 1
39 54 2
39 55 2
39 56 2
39 57 1
39 58 3
39 59 4
39 60 2
39 61 1
39 62 2
39 63 3
39 64 3
39 65 2
39 66 2
39 67 3
39 68 3
39 69 5
39 70 4
39 71 1
39 72 3
39 73 4
39 74 4
39 75 4
39 76 4
39 77 5
39 78 3
39 79 3
39 80 3
39 81 4
39 82 2
39 83 1
39 84 1
39 85 1
39 86 4
39 87 3
39 88 2
39 89 3
39 90 1
39 91 1
39 92 4
39 93 1
39 94 2
39 95 4
39 96 3
39 97 3
39 98 1
39 99 2
40 41 3
40 42 2
40 43 3
40 44 1
40 45 4
40 46 2
40 47 1
40 48 2
40 49 2
40 50 3
40 51 3
40 52 3
40 53 1
40 54 1
40 55 2
40 56 1
40 57 1
40 58 2
40 59 3
40 60 3
40 61 2
40 62 1
40 63 3
40 64 2
40 65 3
40 66 3
40 67 3
40 68 4
40 69 4
40 70 4
40 71 1
40 72 3
40 73 3
40 74 4
40 75 4
40 76 3
40 77 4
40 78 3
40 79 4
40 80 3
40 81 4
40 82 2
40 83 1
40 84 2
40 85 2
40 86 4
40 87 3
40 88 3
40 89 2
40 90 1
40 91 1
40 92 4
40 93 1
40 94 1
40 95 4
40 96 3
40 97 4
40 98 1
40 99 3
41 42 3
41 43 2
41 44 4
41 45 2
41 46 2
41 47 3
41 48 3
41 49 2
41 50 2
41 51 1
41 52 3
41 53 3
41 54 3
41 55 2
41 56 3
41 57 3
41 58 2
41 59 2
41 60 3
41 61 3
41 62 2
41 63 3
41 64 3
41 65 2
41 66 3
41 67 1
41 68 2
41 69 1
41 70 1
41 71 3
41 72 1
41 73 1
41 74 2
41 75 1
41 76 2
41 77 1
41 78 2
41 79 3
41 80 2
41 81 2
41 82 2
41 83 4
41 84 3
41 85 3
41 86 1
41 87 1
41 88 3
41 89 2
41 90 4
41 91 3
41 92 1
41 93 3
41 94 2
41 95 1
41 96 2
41 97 2
41 98 4
41 99 3
42 43 2
42 44 2
42 45 2
42 46 1
42 47 2
42 48 1
42 49 3
42 50 2
42 51 3
42 52 1
42 53 2
42 54 3
42 55 2
42 56 3
42 57 2
42 58 3
42 59 4
42 60 1
42 61 1
42 62 2
42 63 1
42 64 4
42 65 1
42 66 1
42 67 3
42 68 2
42 69 4
42 70 3
42 71 2
42 72 3
42 73 3
42 74 3
42 75 4
42 76 4
42 77 4
42 78 2
42 79 2
42 80 2
42 81 3
42 82 2
42 83 2
42 84 1
42 85 1
42 86 3
42 87 3
42 88 1
42 89 3
42 90 2
42 91 2
42 92 4
42 93 2
42 94 3
42 95 3
42 96 2
42 97 2
42 98 2
42 99 1
43 44 3
43 45 1
43 46 2
43 47 3
43 48 2
43 49 2
43 50 1
43 51 2
43 52 2
43 53 3
43 54 3
43 55 2
43 56 3
43 57 3
43 58 2
43 59 3
43 60 2
43 61 3
43 62 2
43 63 2
43 64 3
43 65 1
43 66 1
43 67 1
43 68 1
43 69 2
43 70 2
43 71 3
43 72 1
43 73 1
43 74 1
43 75 2
43 76 3
43 77 2
43 78 1
43 79 2
43 80 1
43 81 2
43 82 2
43 83 3
43 84 2
43 85 2
43 86 1
43 87 1
43 88 2
43 89 2
43 90 3
43 91 2
43 92 2
43 93 3
43 94 2
43 95 1
43 96 1
43 97 1
43 98 3
43 99 1
44 45 4
44 46 2
44 47 1
44 48 2
44 49 3
44 50 3
44 51 3
44 52 2
44 53 1
44 54 2
44 55 2
44 56 2
44 57 1
44 58 3
44 59 4
44 60 2
44 61 1
44 62 2
44 63 3
44 64 3
44 65 3
44 66 2
44 67 3
44 68 3
44 69 5
44 70 5
44 71 1
44 72 3
44 73 4
44 74 4
44 75 4
44 76 4
44 77 5
44 78 3
44 79 3
44 80 3
44 81 5
44 82 2
44 83 1
44 84 2
44 85 1
44 86 4
44 87 3
44 88 2
44 89 3
44 90 1
44 91 1
44 92 4
44 93 1
44 94 2
44 95 4
44 96 3
44 97 4
44 98 1
44 99 2
45 46 2
45 47 4
45 48 2
45 49 3
45 50 1
45 51 3
45 52 2
45 53 3
45 54 3
45 55 2
45 56 3
45 57 3
45 58 3
45 59 4
45 60 2
45 61 3
45 62 3
45 63 2
45 64 4
45 65 1
45 66 2
45 67 2
45 68 1
45 69 2
45 70 2
45 71 3
45 72 2
45 73 2
45 74 1
45 75 3
45 76 4
45 77 2
45 78 2
45 79 2
45 80 1
45 81 2
45 82 2
45 83 3
45 84 2
45 85 3
45 86 2
45 87 2
45 88 2
45 89 3
45 90 4
45 91 3
45 92 2
45 93 3
45 94 3
45 95 1
45 96 1
45 97 1
45 98 4
45 99 2
46 47 2
46 48 1
46 49 2
46 50 2
46 51 2
46 52 2
46 53 1
46 54 2
46 55 1
46 56 2
46 57 1
46 58 2
46 59 3
46 60 1
46 61 1
46 62 1
46 63 2
46 64 3
46 65 1
46 66 1
46 67 2
46 68 2
46 69 3
46 70 3
46 71 1
46 72 2
46 73 2
46 74 3
46 75 3
46 76 3
46 77 3
46 78 1
46 79 2
46 80 2
46 81 3
46 82 1
46 83 2
46 84 1
46 85 1
46 86 3
46 87 2
46 88 1
46 89 2
46 90 2
46 91 1
46 92 3
46 93 1
46 94 2
46 95 2
46 96 1
46 97 2
46 98 2
46 99 1
47 48 2
47 49 2
47 50 3
47 51 3
47 52 3
47 53 1
47 54 1
47 55 2
47 56 1
47 57 1
47 58 2
47 59 3
47 60 3
47 61 2
47 62 1
47 63 3
47 64 2
47 65 3
47 66 3
47 67 3
47 68 4
47 69 4
47 70 4
47 71 1
47 72 3
47 73 3
47 74 4
47 75 4
47 76 3
47 77 4
47 78 3
47 79 4
47 80 3
47 81 4
47 82 2
47 83 1
47 84 2
47 85 2
47 86 4
47 87 3
47 88 3
47 89 2
47 90 1
47 91 1
47 92 4
47 93 1
47 94 1
47 95 4
47 96 3
47 97 4
47 98 1
47 99 3
48 49 2
48 50 2
48 51 3
48 52 1
48 53 1
48 54 3
48 55 2
48 56 2
48 57 1
48 58 2
48 59 3
48 60 1
48 61 1
48 62 2
48 63 1
48 64 3
48 65 1
48 66 1
48 67 2
48 68 2
48 69 3
48 70 3
48 71 2
48 72 2
48 73 2
48 74 3
48 75 3
48 76 3
48 77 3
48 78 1
48 79 2
48 80 2
48 81 3
48 82 1
48 83 2
48 84 1
48 85 1
48 86 3
48 87 2
48 88 1
48 89 2
48 90 2
48 91 1
48 92 3
48 93 2
48 94 2
48 95 2
48 96 1
48 97 2
48 98 2
48 99 1
49 50 2
49 51 2
49 52 3
49 53 3
49 54 1
49 55 1
49 56 1
49 57 3
49 58 1
49 59 1
49 60 3
49 61 3
49 62 1
49 63 3
49 64 1
49 65 3
49 66 3
49 67 2
49 68 3
49 69 3
49 70 3
49 71 3
49 72 2
49 73 2
49 74 3
49 75 2
49 76 1
49 77 3
49 78 2
49 79 4
49 80 2
49 81 3
49 82 2
49 83 3
49 84 3
49 85 2
49 86 3
49 87 2
49 88 3
49 89 1
49 90 3
49 91 2
49 92 3
49 93 3
49 94 1
49 95 3
49 96 2
49 97 3
49 98 3
49 99 3
50 51 2
50 52 2
50 53 3
50 54 3
50 55 1
50 56 2
50 57 3
50 58 2
50 59 3
50 60 2
50 61 3
50 62 2
50 63 2
50 64 3
50 65 1
50 66 1
50 67 1
50 68 1
50 69 2
50 70 2
50 71 3
50 72 1
50 73 1
50 74 1
50 75 2
50 76 3
50 77 2
50 78 1
50 79 2
50 80 1
50 81 2
50 82 2
50 83 3
50 84 2
50 85 2
50 86 1
50 87 1
50 88 2
50 89 2
50 90 3
50 91 2
50 92 2
50 93 3
50 94 2
50 95 1
50 96 1
50 97 1
50 98 3
50 99 1
51 52 3
51 53 3
51 54 2
51 55 1
51 56 2
51 57 3
51 58 1
51 59 1
51 60 3
51 61 3
51 62 2
51 63 3
51 64 2
51 65 3
51 66 3
51 67 1
51 68 3
51 69 2
51 70 2
51 71 3
51 72 1
51 73 1
51 74 2
51 75 1
51 76 2
51 77 2
51 78 2
51 79 4
51 80 2
51 81 2
51 82 2
51 83 3
51 84 3
51 85 3
51 86 1
51 87 1
51 88 3
51 89 1
51 90 3
51 91 2
51 92 1
51 93 3
51 94 2
51 95 2
51 96 2
51 97 2
51 98 3
51 99 3
52 53 2
52 54 4
52 55 2
52 56 3
52 57 2
52 58 3
52 59 4
52 60 1
52 61 2
52 62 3
52 63 1
52 64 4
52 65 1
52 66 1
52 67 3
52 68 2
52 69 4
52 70 3
52 71 2
52 72 3
52 73 3
52 74 3
52 75 4
52 76 4
52 77 4
52 78 2
52 79 1
52 80 2
52 81 3
52 82 2
52 83 2
52 84 1
52 85 2
52 86 3
52 87 2
52 88 1
52 89 3
52 90 3
52 91 2
52 92 4
52 93 2
52 94 3
52 95 3
52 96 2
52 97 2
52 98 3
52 99 1
53 54 2
53 55 2
53 56 2
53 57 1
53 58 3
53 59 4
53 60 2
53 61 1
53 62 2
53 63 2
53 64 3
53 65 2
53 66 2
53 67 3
53 68 3
53 69 4
53 70 4
53 71 1
53 72 2
53 73 3
53 74 4
53 75 4
53 76 4
53 77 4
53 78 2
53 79 3
53 80 3
53 81 4
53 82 1
53 83 1
53 84 1
53 85 1
53 86 3
53 87 3
53 88 2
53 89 3
53 90 1
53 91 1
53 92 4
53 93 1
53 94 2
53 95 3
53 96 2
53 97 3
53 98 1
53 99 2
54 55 2
54 56 1
54 57 2
54 58 2
54 59 2
54 60 3
54 61 3
54 62 1
54 63 3
54 64 1
54 65 3
54 66 3
54 67 2
54 68 4
54 69 4
54 70 4
54 71 2
54 72 2
54 73 3
54 74 4
54 75 3
54 76 2
54 77 4
54 78 2
54 79 4
54 80 3
54 81 4
54 82 2
54 83 2
54 84 3
54 85 2
54 86 3
54 87 2
54 88 3
54 89 1
54 90 2
54 91 2
54 92 3
54 93 2
54 94 1
54 95 3
54 96 2
54 97 3
54 98 2
54 99 3
55 56 1
55 57 2
55 58 1
55 59 2
55 60 2
55 61 2
55 62 1
55 63 2
55 64 2
55 65 2
55 66 2
55 67 1
55 68 2
55 69 3
55 70 3
55 71 2
55 72 1
55 73 2
55 74 2
55 75 2
55 76 2
55 77 3
55 78 1
55 79 3
55 80 1
55 81 3
55 82 1
55 83 2
55 84 2
55 85 2
55 86 2
55 87 1
55 88 2
55 89 1
55 90 2
55 91 1
55 92 2
55 93 2
55 94 1
55 95 2
55 96 1
55 97 2
55 98 2
55 99 2
56 57 2
56 58 1
56 59 2
56 60 3
56 61 2
56 62 1
56 63 3
56 64 1
56 65 3
56 66 3
56 67 2
56 68 3
56 69 4
56 70 4
56 71 2
56 72 2
56 73 3
56 74 3
56 75 3
56 76 2
56 77 4
56 78 2
56 79 4
56 80 2
56 81 4
56 82 2
56 83 2
56 84 2
56 85 2
56 86 3
56 87 2
56 88 3
56 89 1
56 90 2
56 91 1
56 92 3
56 93 2
56 94 1
56 95 3
56 96 2
56 97 3
56 98 2
56 99 3
57 58 3
57 59 4
57 60 2
57 61 1
57 62 2
57 63 2
57 64 3
57 65 2
57 66 2
57 67 3
57 68 3
57 69 4
57 70 4
57 71 1
57 72 2
57 73 3
57 74 4
57 75 4
57 76 4
57 77 4
57 78 2
57 79 3
57 80 3
57 81 4
57 82 1
57 83 1
57 84 1
57 85 1
57 86 3
57 87 3
57 88 2
57 89 3
57 90 1
57 91 1
57 92 4
57 93 1
57 94 2
57 95 3
57 96 2
57 97 3
57 98 1
57 99 2
58 59 1
58 60 3
58 61 3
58 62 1
58 63 3
58 64 1
58 65 3
58 66 3
58 67 2
58 68 3
58 69 3
58 70 3
58 71 3
58 72 1
58 73 2
58 74 3
58 75 2
58 76 1
58 77 3
58 78 2
58 79 4
58 80 2
58 81 3
58 82 2
58 83 3
58 84 3
58 85 2
58 86 2
58 87 1
58 88 3
58 89 1
58 90 3
58 91 2
58 92 2
58 93 3
58 94 1
58 95 2
58 96 2
58 97 3
58 98 3
58 99 3
59 60 4
59 61 4
59 62 2
59 63 4
59 64 1
59 65 4
59 66 4
59 67 2
59 68 4
59 69 2
59 70 3
59 71 4
59 72 2
59 73 2
59 74 3
59 75 1
59 76 1
59 77 2
59 78 3
59 79 5
59 80 3
59 81 3
59 82 3
59 83 4
59 84 4
59 85 3
59 86 2
59 87 2
59 88 4
59 89 1
59 90 4
59 91 3
59 92 2
59 93 4
59 94 2
59 95 3
59 96 3
59 97 3
59 98 4
59 99 4
60 61 1
60 62 2
60 63 1
60 64 3
60 65 1
60 66 1
60 67 2
60 68 2
60 69 4
60 70 3
60 71 2
60 72 2
60 73 3
60 74 3
60 75 3
60 76 4
60 77 4
60 78 1
60 79 1
60 80 2
60 81 3
60 82 1
60 83 2
60 84 1
60 85 2
60 86 3
60 87 2
60 88 1
60 89 3
60 90 2
60 91 2
60 92 3
60 93 2
60 94 3
60 95 3
60 96 2
60 97 2
60 98 2
60 99 1
61 62 2
61 63 2
61 64 3
61 65 2
61 66 2
61 67 3
61 68 3
61 69 4
61 70 4
61 71 1
61 72 2
61 73 3
61 74 4
61 75 4
61 76 4
61 77 4
61 78 2
61 79 2
61 80 3
61 81 4
61 82 1
61 83 1
61 84 1
61 85 1
61 86 3
61 87 3
61 88 1
61 89 3
61 90 2
61 91 1
61 92 4
61 93 1
61 94 3
61 95 3
61 96 2
61 97 3
61 98 1
61 99 2
62 63 3
62 64 2
62 65 2
62 66 2
62 67 2
62 68 3
62 69 3
62 70 3
62 71 2
62 72 2
62 73 2
62 74 3
62 75 3
62 76 2
62 77 3
62 78 2
62 79 3
62 80 2
62 81 3
62 82 1
62 83 2
62 84 2
62 85 2
62 86 3
62 87 2
62 88 2
62 89 1
62 90 2
62 91 1
62 92 3
62 93 2
62 94 1
62 95 3
62 96 2
62 97 3
62 98 2
62 99 2
63 64 4
63 65 1
63 66 1
63 67 2
63 68 1
63 69 3
63 70 3
63 71 3
63 72 2
63 73 3
63 74 2
63 75 3
63 76 4
63 77 3
63 78 1
63 79 1
63 80 2
63 81 3
63 82 2
63 83 3
63 84 2
63 85 2
63 86 3
63 87 2
63 88 1
63 89 3
63 90 3
63 91 2
63 92 3
63 93 3
63 94 3
63 95 2
63 96 2
63 97 2
63 98 3
63 99 1
64 65 3
64 66 3
64 67 2
64 68 4
64 69 3
64 70 4
64 71 3
64 72 2
64 73 3
64 74 4
64 75 2
64 76 1
64 77 3
64 78 3
64 79 4
64 80 3
64 81 4
64 82 2
64 83 3
64 84 3
64 85 3
64 86 3
64 87 2
64 88 3
64 89 1
64 90 3
64 91 2
64 92 3
64 93 3
64 94 1
64 95 3
64 96 3
64 97 4
64 98 3
64 99 3
65 66 1
65 67 2
65 68 1
65 69 3
65 70 3
65 71 2
65 72 2
65 73 2
65 74 2
65 75 3
65 76 4
65 77 3
65 78 1
65 79 1
65 80 1
65 81 3
65 82 1
65 83 2
65 84 1
65 85 2
65 86 2
65 87 2
65 88 1
65 89 3
65 90 3
65 91 2
65 92 3
65 93 2
65 94 3
65 95 2
65 96 1
65 97 2
65 98 3
65 99 1
66 67 2
66 68 1
66 69 3
66 70 3
66 71 2
66 72 2
66 73 2
66 74 2
66 75 3
66 76 4
66 77 3
66 78 1
66 79 1
66 80 1
66 81 3
66 82 1
66 83 2
66 84 1
66 85 2
66 86 2
66 87 2
66 88 1
66 89 3
66 90 3
66 91 2
66 92 3
66 93 2
66 94 3
66 95 2
66 96 1
66 97 2
66 98 3
66 99 1
67 68 2
67 69 2
67 70 2
67 71 3
67 72 1
67 73 1
67 74 2
67 75 1
67 76 2
67 77 2
67 78 1
67 79 3
67 80 1
67 81 2
67 82 2
67 83 3
67 84 3
67 85 3
67 86 1
67 87 1
67 88 2
67 89 1
67 90 3
67 91 2
67 92 1
67 93 3
67 94 2
67 95 1
67 96 1
67 97 2
67 98 3
67 99 2
68 69 2
68 70 2
68 71 3
68 72 2
68 73 2
68 74 1
68 75 3
68 76 4
68 77 2
68 78 2
68 79 1
68 80 1
68 81 2
68 82 2
68 83 3
68 84 2
68 85 2
68 86 2
68 87 2
68 88 2
68 89 3
68 90 3
68 91 3
68 92 2
68 93 3
68 94 3
68 95 2
68 96 2
68 97 1
68 98 3
68 99 1
69 70 1
69 71 4
69 72 2
69 73 1
69 74 2
69 75 2
69 76 3
69 77 1
69 78 3
69 79 3
69 80 2
69 81 1
69 82 3
69 83 5
69 84 4
69 85 4
69 86 1
69 87 2
69 88 4
69 89 3
69 90 5
69 91 4
69 92 1
69 93 4
69 94 3
69 95 1
69 96 2
69 97 2
69 98 5
69 99 3
70 71 4
70 72 2
70 73 1
70 74 1
70 75 2
70 76 3
70 77 1
70 78 2
70 79 3
70 80 2
70 81 1
70 82 3
70 83 4
70 84 3
70 85 4
70 86 1
70 87 2
70 88 3
70 89 3
70 90 5
70 91 4
70 92 1
70 93 4
70 94 3
70 95 1
70 96 2
70 97 1
70 98 5
70 99 3
71 72 3
71 73 3
71 74 4
71 75 4
71 76 4
71 77 4
71 78 2
71 79 3
71 80 3
71 81 4
71 82 2
71 83 1
71 84 1
71 85 1
71 86 4
71 87 3
71 88 2
71 89 3
71 90 1
71 91 1
71 92 4
71 93 1
71 94 2
71 95 3
71 96 2
71 97 3
71 98 1
71 99 2
72 73 1
72 74 2
72 75 2
72 76 2
72 77 2
72 78 1
72 79 3
72 80 1
72 81 2
72 82 1
72 83 3
72 84 2
72 85 2
72 86 1
72 87 1
72 88 2
72 89 1
72 90 3
72 91 2
72 92 2
72 93 2
72 94 2
72 95 2
72 96 1
72 97 2
72 98 3
72 99 2
73 74 2
73 75 1
73 76 2
73 77 1
73 78 2
73 79 3
73 80 1
73 81 1
73 82 2
73 83 4
73 84 3
73 85 3
73 86 1
73 87 1
73 88 3
73 89 2
73 90 4
73 91 3
73 92 1
73 93 3
73 94 2
73 95 1
73 96 1
73 97 1
73 98 4
73 99 2
74 75 2
74 76 4
74 77 2
74 78 2
74 79 2
74 80 1
74 81 1
74 82 3
74 83 4
74 84 3
74 85 3
74 86 1
74 87 2
74 88 3
74 89 3
74 90 4
74 91 3
74 92 2
74 93 4
74 94 3
74 95 1
74 96 2
74 97 1
74 98 4
74 99 2
75 76 2
75 77 2
75 78 2
75 79 4
75 80 2
75 81 2
75 82 3
75 83 4
75 84 4
75 85 4
75 86 1
75 87 2
75 88 3
75 89 2
75 90 4
75 91 3
75 92 1
75 93 4
75 94 3
75 95 2
75 96 2
75 97 2
75 98 4
75 99 3
76 77 3
76 78 3
76 79 5
76 80 3
76 81 3
76 82 3
76 83 4
76 84 4
76 85 3
76 86 3
76 87 2
76 88 4
76 89 1
76 90 4
76 91 3
76 92 3
76 93 4
76 94 2
76 95 3
76 96 3
76 97 3
76 98 4
76 99 4
77 78 3
77 79 3
77 80 2
77 81 1
77 82 3
77 83 5
77 84 4
77 85 4
77 86 1
77 87 2
77 88 4
77 89 3
77 90 5
77 91 4
77 92 1
77 93 4
77 94 3
77 95 1
77 96 2
77 97 2
77 98 5
77 99 3
78 79 2
78 80 1
78 81 2
78 82 1
78 83 3
78 84 2
78 85 2
78 86 2
78 87 1
78 88 1
78 89 2
78 90 3
78 91 2
78 92 2
78 93 2
78 94 2
78 95 2
78 96 1
78 97 1
78 98 3
78 99 1
79 80 2
79 81 3
79 82 2
79 83 3
79 84 2
79 85 3
79 86 3
79 87 3
79 88 1
79 89 4
79 90 3
79 91 3
79 92 3
79 93 3
79 94 4
79 95 3
79 96 2
79 97 2
79 98 3
79 99 2
80 81 2
80 82 2
80 83 3
80 84 2
80 85 2
80 86 1
80 87 1
80 88 2
80 89 2
80 90 3
80 91 2
80 92 2
80 93 3
80 94 2
80 95 1
80 96 1
80 97 1
80 98 3
80 99 1
81 82 3
81 83 4
81 84 3
81 85 4
81 86 1
81 87 2
81 88 3
81 89 3
81 90 5
81 91 4
81 92 1
81 93 4
81 94 3
81 95 1
81 96 2
81 97 1
81 98 5
81 99 3
82 83 2
82 84 1
82 85 1
82 86 2
82 87 2
82 88 1
82 89 2
82 90 2
82 91 1
82 92 3
82 93 1
82 94 2
82 95 2
82 96 1
82 97 2
82 98 2
82 99 1
83 84 1
83 85 1
83 86 4
83 87 3
83 88 2
83 89 3
83 90 1
83 91 1
83 92 4
83 93 1
83 94 2
83 95 4
83 96 3
83 97 3
83 98 1
83 99 2
84 85 1
84 86 3
84 87 2
84 88 1
84 89 3
84 90 2
84 91 1
84 92 4
84 93 1
84 94 3
84 95 3
84 96 2
84 97 2
84 98 2
84 99 1
85 86 3
85 87 2
85 88 2
85 89 2
85 90 1
85 91 1
85 92 4
85 93 1
85 94 2
85 95 3
85 96 2
85 97 3
85 98 1
85 99 1
86 87 1
86 88 3
86 89 2
86 90 4
86 91 3
86 92 1
86 93 3
86 94 3
86 95 1
86 96 2
86 97 1
86 98 4
86 99 2
87 88 2
87 89 1
87 90 3
87 91 2
87 92 2
87 93 3
87 94 2
87 95 1
87 96 1
87 97 2
87 98 3
87 99 2
88 89 3
88 90 2
88 91 2
88 92 3
88 93 2
88 94 3
88 95 3
88 96 2
88 97 2
88 98 2
88 99 1
89 90 3
89 91 2
89 92 2
89 93 3
89 94 1
89 95 2
89 96 2
89 97 3
89 98 3
89 99 3
90 91 1
90 92 4
90 93 1
90 94 2
90 95 4
90 96 3
90 97 4
90 98 1
90 99 2
91 92 3
91 93 1
91 94 2
91 95 3
91 96 2
91 97 3
91 98 1
91 99 2
92 93 4
92 94 3
92 95 1
92 96 2
92 97 2
92 98 4
92 99 3
93 94 2
93 95 3
93 96 2
93 97 3
93 98 1
93 99 2
94 95 3
94 96 2
94 97 3
94 98 2
94 99 3
95 96 1
95 97 1
95 98 4
95 99 2
96 97 1
96 98 3
96 99 1
97 98 4
97 99 2
98 99 2
