100 
0 1 8
0 2 1
0 3 1
0 4 5
0 5 4
0 6 6
0 7 7
0 8 8
0 9 5
0 10 3
0 11 4
0 12 4
0 13 5
0 14 6
0 15 6
0 16 3
0 17 5
0 18 6
0 19 5
0 20 5
0 21 6
0 22 6
0 23 7
0 24 4
0 25 6
0 26 4
0 27 6
0 28 5
0 29 2
0 30 1
0 31 3
0 32 2
0 33 3
0 34 2
0 35 8
0 36 5
0 37 6
0 38 5
0 39 3
0 40 6
0 41 4
0 42 4
0 43 4
0 44 7
0 45 6
0 46 3
0 47 4
0 48 4
0 49 5
0 50 6
0 51 4
0 52 5
0 53 2
0 54 5
0 55 6
0 56 5
0 57 7
0 58 3
0 59 3
0 60 3
0 61 8
0 62 5
0 63 1
0 64 2
0 65 3
0 66 5
0 67 7
0 68 2
0 69 3
0 70 2
0 71 5
0 72 5
0 73 6
0 74 6
0 75 6
0 76 5
0 77 5
0 78 5
0 79 4
0 80 4
0 81 4
0 82 3
0 83 8
0 84 7
0 85 7
0 86 5
0 87 4
0 88 4
0 89 6
0 90 5
0 91 8
0 92 5
0 93 3
0 94 5
0 95 1
0 96 2
0 97 1
0 98 6
0 99 7
1 2 8
1 3 9
1 4 3
1 5 6
1 6 4
1 7 3
1 8 1
1 9 3
1 10 7
1 11 6
1 12 4
1 13 4
1 14 2
1 15 3
1 16 6
1 17 4
1 18 2
1 19 4
1 20 5
1 21 3
1 22 3
1 23 2
1 24 5
1 25 4
1 26 5
1 27 3
1 28 5
1 29 6
1 30 8
1 31 6
1 32 8
1 33 5
1 34 7
1 35 1
1 36 4
1 37 3
1 38 4
1 39 5
1 40 3
1 41 6
1 42 4
1 43 4
1 44 2
1 45 3
1 46 6
1 47 5
1 48 5
1 49 3
1 50 3
1 51 5
1 52 4
1 53 7
1 54 5
1 55 3
1 56 4
1 57 1
1 58 5
1 59 6
1 60 5
1 61 1
1 62 3
1 63 8
1 64 6
1 65 6
1 66 4
1 67 2
1 68 7
1 69 6
1 70 6
1 71 4
1 72 4
1 73 3
1 74 4
1 75 3
1 76 5
1 77 4
1 78 4
1 79 5
1 80 4
1 81 5
1 82 6
1 83 1
1 84 2
1 85 2
1 86 3
1 87 6
1 88 6
1 89 3
1 90 5
1 91 1
1 92 5
1 93 6
1 94 5
1 95 7
1 96 7
1 97 7
1 98 3
1 99 2
2 3 2
2 4 5
2 5 5
2 6 6
2 7 8
2 8 8
2 9 5
2 10 4
2 11 4
2 12 4
2 13 5
2 14 6
2 15 6
2 16 4
2 17 5
2 18 6
2 19 5
2 20 6
2 21 6
2 22 6
2 23 7
2 24 5
2 25 6
2 26 4
2 27 6
2 28 6
2 29 3
2 30 1
2 31 4
2 32 3
2 33 3
2 34 2
2 35 8
2 36 5
2 37 6
2 38 6
2 39 4
2 40 6
2 41 5
2 42 4
2 43 4
2 44 7
2 45 6
2 46 3
2 47 5
2 48 5
2 49 5
2 50 6
2 51 5
2 52 5
2 53 2
2 54 6
2 55 7
2 56 6
2 57 7
2 58 3
2 59 3
2 60 3
2 61 8
2 62 5
2 63 2
2 64 2
2 65 4
2 66 5
2 67 7
2 68 3
2 69 4
2 70 2
2 71 6
2 72 6
2 73 6
2 74 7
2 75 7
2 76 6
2 77 6
2 78 6
2 79 4
2 80 4
2 81 5
2 82 3
2 83 8
2 84 7
2 85 7
2 86 5
2 87 4
2 88 5
2 89 6
2 90 5
2 91 8
2 92 6
2 93 3
2 94 5
2 95 2
2 96 3
2 97 1
2 98 6
2 99 7
3 4 6
3 5 4
3 6 7
3 7 7
3 8 8
3 9 6
3 10 3
3 11 5
3 12 5
3 13 6
3 14 7
3 15 6
3 16 3
3 17 6
3 18 7
3 19 6
3 20 5
3 21 7
3 22 6
3 23 7
3 24 4
3 25 7
3 26 5
3 27 6
3 28 5
3 29 3
3 30 1
3 31 3
3 32 1
3 33 4
3 34 3
3 35 8
3 36 6
3 37 7
3 38 5
3 39 4
3 40 6
3 41 5
3 42 5
3 43 5
3 44 8
3 45 7
3 46 4
3 47 5
3 48 5
3 49 6
3 50 7
3 51 4
3 52 6
3 53 3
3 54 6
3 55 6
3 56 5
3 57 8
3 58 4
3 59 4
3 60 4
3 61 8
3 62 6
3 63 1
3 64 3
3 65 3
3 66 6
3 67 7
3 68 2
3 69 3
3 70 3
3 71 5
3 72 5
3 73 7
3 74 6
3 75 6
3 76 5
3 77 5
3 78 5
3 79 5
3 80 5
3 81 4
3 82 4
3 83 8
3 84 7
3 85 8
3 86 6
3 87 4
3 88 4
3 89 6
3 90 6
3 91 8
3 92 5
3 93 4
3 94 6
3 95 2
3 96 2
3 97 2
3 98 6
3 99 8
4 5 5
4 6 2
4 7 4
4 8 3
4 9 1
4 10 5
4 11 3
4 12 2
4 13 1
4 14 1
4 15 2
4 16 4
4 17 2
4 18 1
4 19 1
4 20 5
4 21 1
4 22 2
4 23 3
4 24 4
4 25 2
4 26 2
4 27 2
4 28 4
4 29 3
4 30 5
4 31 5
4 32 6
4 33 2
4 34 4
4 35 3
4 36 2
4 37 1
4 38 5
4 39 3
4 40 2
4 41 3
4 42 2
4 43 2
4 44 2
4 45 2
4 46 3
4 47 2
4 48 3
4 49 1
4 50 1
4 51 4
4 52 1
4 53 4
4 54 3
4 55 4
4 56 3
4 57 2
4 58 2
4 59 3
4 60 2
4 61 3
4 62 1
4 63 6
4 64 3
4 65 5
4 66 1
4 67 2
4 68 5
4 69 4
4 70 3
4 71 3
4 72 3
4 73 1
4 74 4
4 75 4
4 76 5
4 77 3
4 78 4
4 79 2
4 80 1
4 81 4
4 82 3
4 83 3
4 84 3
4 85 2
4 86 1
4 87 3
4 88 5
4 89 2
4 90 3
4 91 3
4 92 5
4 93 3
4 94 3
4 95 4
4 96 5
4 97 4
4 98 2
4 99 2
5 6 7
5 7 4
5 8 6
5 9 5
5 10 1
5 11 8
5 12 6
5 13 6
5 14 6
5 15 3
5 16 3
5 17 7
5 18 5
5 19 4
5 20 1
5 21 5
5 22 3
5 23 4
5 24 2
5 25 7
5 26 4
5 27 4
5 28 2
5 29 6
5 30 4
5 31 2
5 32 3
5 33 5
5 34 6
5 35 5
5 36 6
5 37 4
5 38 2
5 39 7
5 40 3
5 41 8
5 42 6
5 43 5
5 44 5
5 45 6
5 46 6
5 47 7
5 48 7
5 49 6
5 50 4
5 51 1
5 52 6
5 53 6
5 54 8
5 55 4
5 56 3
5 57 6
5 58 6
5 59 7
5 60 4
5 61 6
5 62 6
5 63 3
5 64 5
5 65 2
5 66 6
5 67 5
5 68 2
5 69 2
5 70 6
5 71 2
5 72 2
5 73 5
5 74 3
5 75 3
5 76 1
5 77 3
5 78 2
5 79 7
5 80 5
5 81 2
5 82 4
5 83 5
5 84 4
5 85 6
5 86 5
5 87 3
5 88 1
5 89 4
5 90 7
5 91 5
5 92 2
5 93 7
5 94 8
5 95 5
5 96 2
5 97 5
5 98 4
5 99 5
6 7 5
6 8 3
6 9 2
6 10 6
6 11 3
6 12 2
6 13 1
6 14 2
6 15 4
6 16 5
6 17 1
6 18 2
6 19 3
6 20 6
6 21 3
6 22 4
6 23 4
6 24 5
6 25 1
6 26 3
6 27 4
6 28 5
6 29 4
6 30 6
6 31 6
6 32 7
6 33 3
6 34 5
6 35 4
6 36 1
6 37 3
6 38 6
6 39 3
6 40 4
6 41 2
6 42 2
6 43 2
6 44 3
6 45 1
6 46 4
6 47 2
6 48 2
6 49 1
6 50 3
6 51 6
6 52 1
6 53 5
6 54 1
6 55 5
6 56 4
6 57 3
6 58 3
6 59 4
6 60 3
6 61 4
6 62 1
6 63 7
6 64 4
6 65 6
6 66 1
6 67 3
6 68 6
6 69 5
6 70 4
6 71 5
6 72 5
6 73 2
6 74 5
6 75 5
6 76 6
6 77 5
6 78 6
6 79 2
6 80 2
6 81 6
6 82 4
6 83 4
6 84 5
6 85 2
6 86 2
6 87 4
6 88 6
6 89 3
6 90 1
6 91 4
6 92 6
6 93 4
6 94 2
6 95 5
6 96 6
6 97 5
6 98 4
6 99 3
7 8 3
7 9 4
7 10 4
7 11 7
7 12 5
7 13 5
7 14 4
7 15 2
7 16 4
7 17 6
7 18 4
7 19 3
7 20 3
7 21 3
7 22 2
7 23 1
7 24 3
7 25 5
7 26 4
7 27 2
7 28 2
7 29 6
7 30 7
7 31 4
7 32 6
7 33 5
7 34 7
7 35 2
7 36 5
7 37 3
7 38 2
7 39 6
7 40 2
7 41 7
7 42 5
7 43 5
7 44 3
7 45 4
7 46 6
7 47 6
7 48 6
7 49 5
7 50 3
7 51 3
7 52 5
7 53 7
7 54 6
7 55 1
7 56 2
7 57 3
7 58 6
7 59 7
7 60 5
7 61 3
7 62 5
7 63 6
7 64 6
7 65 4
7 66 5
7 67 2
7 68 5
7 69 4
7 70 7
7 71 2
7 72 2
7 73 4
7 74 1
7 75 1
7 76 3
7 77 2
7 78 2
7 79 6
7 80 5
7 81 3
7 82 5
7 83 2
7 84 1
7 85 3
7 86 4
7 87 4
7 88 3
7 89 3
7 90 6
7 91 2
7 92 2
7 93 7
7 94 7
7 95 7
7 96 5
7 97 7
7 98 2
7 99 3
8 9 3
8 10 6
8 11 6
8 12 4
8 13 4
8 14 2
8 15 3
8 16 5
8 17 4
8 18 2
8 19 3
8 20 5
8 21 2
8 22 3
8 23 2
8 24 4
8 25 3
8 26 4
8 27 2
8 28 4
8 29 6
8 30 8
8 31 5
8 32 7
8 33 5
8 34 7
8 35 1
8 36 4
8 37 2
8 38 4
8 39 5
8 40 3
8 41 5
8 42 4
8 43 4
8 44 1
8 45 2
8 46 6
8 47 5
8 48 5
8 49 3
8 50 2
8 51 5
8 52 4
8 53 7
8 54 4
8 55 3
8 56 3
8 57 1
8 58 5
8 59 6
8 60 5
8 61 1
8 62 3
8 63 7
8 64 6
8 65 5
8 66 4
8 67 1
8 68 6
8 69 5
8 70 6
8 71 4
8 72 4
8 73 3
8 74 4
8 75 3
8 76 5
8 77 3
8 78 4
8 79 5
8 80 4
8 81 4
8 82 5
8 83 1
8 84 2
8 85 1
8 86 3
8 87 5
8 88 5
8 89 2
8 90 4
8 91 1
8 92 5
8 93 6
8 94 5
8 95 7
8 96 6
8 97 7
8 98 2
8 99 1
9 10 5
9 11 3
9 12 1
9 13 1
9 14 2
9 15 2
9 16 4
9 17 2
9 18 1
9 19 2
9 20 5
9 21 1
9 22 2
9 23 3
9 24 4
9 25 2
9 26 2
9 27 2
9 28 4
9 29 3
9 30 5
9 31 5
9 32 6
9 33 2
9 34 4
9 35 3
9 36 1
9 37 1
9 38 5
9 39 2
9 40 3
9 41 3
9 42 1
9 43 1
9 44 2
9 45 2
9 46 3
9 47 2
9 48 2
9 49 1
9 50 1
9 51 4
9 52 1
9 53 4
9 54 3
9 55 4
9 56 3
9 57 2
9 58 2
9 59 3
9 60 2
9 61 3
9 62 1
9 63 6
9 64 3
9 65 5
9 66 1
9 67 2
9 68 5
9 69 4
9 70 3
9 71 3
9 72 3
9 73 1
9 74 4
9 75 4
9 76 5
9 77 3
9 78 4
9 79 2
9 80 1
9 81 4
9 82 3
9 83 3
9 84 3
9 85 2
9 86 1
9 87 3
9 88 5
9 89 2
9 90 2
9 91 3
9 92 5
9 93 3
9 94 3
9 95 4
9 96 5
9 97 4
9 98 2
9 99 2
10 11 7
10 12 5
10 13 6
10 14 6
10 15 4
10 16 2
10 17 6
10 18 6
10 19 4
10 20 2
10 21 5
10 22 4
10 23 5
10 24 2
10 25 6
10 26 3
10 27 4
10 28 2
10 29 5
10 30 3
10 31 1
10 32 2
10 33 4
10 34 5
10 35 6
10 36 5
10 37 5
10 38 3
10 39 6
10 40 4
10 41 7
10 42 5
10 43 4
10 44 6
10 45 6
10 46 5
10 47 6
10 48 6
10 49 5
10 50 5
10 51 2
10 52 5
10 53 5
10 54 7
10 55 4
10 56 3
10 57 6
10 58 5
10 59 6
10 60 3
10 61 6
10 62 6
10 63 2
10 64 4
10 65 1
10 66 5
10 67 5
10 68 1
10 69 1
10 70 5
10 71 3
10 72 3
10 73 5
10 74 3
10 75 4
10 76 2
10 77 3
10 78 3
10 79 6
10 80 4
10 81 2
10 82 3
10 83 6
10 84 5
10 85 6
10 86 5
10 87 2
10 88 1
10 89 4
10 90 6
10 91 6
10 92 3
10 93 6
10 94 7
10 95 4
10 96 1
10 97 4
10 98 4
10 99 6
11 12 2
11 13 2
11 14 4
11 15 5
11 16 6
11 17 2
11 18 4
11 19 4
11 20 7
11 21 4
11 22 5
11 23 6
11 24 6
11 25 3
11 26 4
11 27 5
11 28 6
11 29 2
11 30 4
11 31 7
11 32 6
11 33 3
11 34 2
11 35 6
11 36 2
11 37 4
11 38 7
11 39 1
11 40 5
11 41 1
11 42 2
11 43 3
11 44 5
11 45 4
11 46 2
11 47 1
11 48 1
11 49 3
11 50 4
11 51 7
11 52 2
11 53 3
11 54 2
11 55 6
11 56 5
11 57 5
11 58 2
11 59 1
11 60 4
11 61 6
11 62 3
11 63 5
11 64 3
11 65 7
11 66 2
11 67 5
11 68 6
11 69 6
11 70 2
11 71 6
11 72 6
11 73 3
11 74 6
11 75 6
11 76 7
11 77 6
11 78 7
11 79 1
11 80 3
11 81 7
11 82 4
11 83 6
11 84 6
11 85 5
11 86 3
11 87 5
11 88 7
11 89 4
11 90 2
11 91 6
11 92 7
11 93 1
11 94 2
11 95 3
11 96 6
11 97 3
11 98 5
11 99 5
12 13 1
12 14 3
12 15 3
12 16 4
12 17 2
12 18 2
12 19 3
12 20 6
12 21 2
12 22 3
12 23 4
12 24 4
12 25 2
12 26 2
12 27 3
12 28 5
12 29 2
12 30 4
12 31 5
12 32 6
12 33 1
12 34 3
12 35 4
12 36 1
12 37 2
12 38 6
12 39 1
12 40 4
12 41 2
12 42 1
12 43 1
12 44 3
12 45 2
12 46 2
12 47 2
12 48 2
12 49 1
12 50 2
12 51 5
12 52 1
12 53 3
12 54 3
12 55 5
12 56 4
12 57 3
12 58 1
12 59 2
12 60 2
12 61 4
12 62 2
12 63 5
12 64 2
12 65 5
12 66 1
12 67 3
12 68 5
12 69 4
12 70 2
12 71 4
12 72 4
12 73 2
12 74 5
12 75 5
12 76 6
12 77 4
12 78 5
12 79 1
12 80 1
12 81 5
12 82 2
12 83 4
12 84 4
12 85 3
12 86 2
12 87 3
12 88 6
12 89 3
12 90 2
12 91 4
12 92 6
12 93 2
12 94 2
12 95 3
12 96 5
12 97 3
12 98 3
12 99 3
13 14 2
13 15 3
13 16 5
13 17 1
13 18 2
13 19 2
13 20 6
13 21 2
13 22 3
13 23 4
13 24 5
13 25 1
13 26 3
13 27 3
13 28 5
13 29 3
13 30 5
13 31 6
13 32 7
13 33 2
13 34 4
13 35 4
13 36 1
13 37 2
13 38 6
13 39 2
13 40 3
13 41 2
13 42 1
13 43 2
13 44 3
13 45 2
13 46 3
13 47 1
13 48 2
13 49 1
13 50 2
13 51 5
13 52 1
13 53 4
13 54 2
13 55 5
13 56 4
13 57 3
13 58 2
13 59 3
13 60 3
13 61 4
13 62 1
13 63 6
13 64 3
13 65 6
13 66 1
13 67 3
13 68 6
13 69 5
13 70 3
13 71 4
13 72 4
13 73 2
13 74 5
13 75 5
13 76 6
13 77 4
13 78 5
13 79 1
13 80 2
13 81 5
13 82 3
13 83 4
13 84 4
13 85 3
13 86 1
13 87 4
13 88 6
13 89 3
13 90 2
13 91 4
13 92 6
13 93 3
13 94 2
13 95 4
13 96 6
13 97 4
13 98 3
13 99 3
14 15 3
14 16 5
14 17 2
14 18 1
14 19 2
14 20 5
14 21 1
14 22 3
14 23 3
14 24 4
14 25 2
14 26 3
14 27 3
14 28 4
14 29 4
14 30 6
14 31 6
14 32 7
14 33 3
14 34 5
14 35 2
14 36 2
14 37 2
14 38 5
14 39 3
14 40 3
14 41 4
14 42 2
14 43 3
14 44 1
14 45 1
14 46 4
14 47 3
14 48 3
14 49 2
14 50 2
14 51 5
14 52 2
14 53 5
14 54 3
14 55 4
14 56 3
14 57 1
14 58 3
14 59 4
14 60 3
14 61 2
14 62 1
14 63 7
14 64 4
14 65 5
14 66 2
14 67 2
14 68 6
14 69 5
14 70 4
14 71 4
14 72 4
14 73 2
14 74 4
14 75 4
14 76 5
14 77 4
14 78 5
14 79 3
14 80 2
14 81 5
14 82 4
14 83 2
14 84 4
14 85 1
14 86 1
14 87 4
14 88 5
14 89 2
14 90 3
14 91 3
14 92 5
14 93 4
14 94 3
14 95 5
14 96 6
14 97 5
14 98 3
14 99 1
15 16 3
15 17 4
15 18 2
15 19 1
15 20 3
15 21 2
15 22 1
15 23 1
15 24 2
15 25 4
15 26 2
15 27 1
15 28 2
15 29 4
15 30 6
15 31 3
15 32 5
15 33 3
15 34 5
15 35 2
15 36 3
15 37 1
15 38 3
15 39 4
15 40 1
15 41 5
15 42 3
15 43 3
15 44 2
15 45 3
15 46 4
15 47 4
15 48 4
15 49 3
15 50 2
15 51 2
15 52 3
15 53 5
15 54 5
15 55 2
15 56 1
15 57 3
15 58 4
15 59 5
15 60 3
15 61 3
15 62 3
15 63 5
15 64 4
15 65 3
15 66 3
15 67 2
15 68 4
15 69 3
15 70 5
15 71 1
15 72 1
15 73 2
15 74 2
15 75 2
15 76 3
15 77 1
15 78 2
15 79 4
15 80 3
15 81 2
15 82 3
15 83 2
15 84 2
15 85 3
15 86 2
15 87 3
15 88 3
15 89 1
15 90 4
15 91 2
15 92 3
15 93 5
15 94 5
15 95 5
15 96 4
15 97 5
15 98 1
15 99 2
16 17 5
16 18 5
16 19 3
16 20 3
16 21 4
16 22 3
16 23 4
16 24 2
16 25 5
16 26 2
16 27 3
16 28 2
16 29 4
16 30 3
16 31 1
16 32 2
16 33 3
16 34 5
16 35 5
16 36 4
16 37 4
16 38 3
16 39 5
16 40 3
16 41 6
16 42 4
16 43 3
16 44 5
16 45 5
16 46 4
16 47 5
16 48 5
16 49 4
16 50 4
16 51 2
16 52 4
16 53 5
16 54 6
16 55 4
16 56 3
16 57 5
16 58 4
16 59 5
16 60 2
16 61 5
16 62 5
16 63 2
16 64 3
16 65 1
16 66 4
16 67 4
16 68 1
16 69 1
16 70 5
16 71 2
16 72 2
16 73 4
16 74 3
16 75 3
16 76 2
16 77 2
16 78 3
16 79 5
16 80 3
16 81 1
16 82 2
16 83 5
16 84 4
16 85 5
16 86 4
16 87 1
16 88 2
16 89 4
16 90 5
16 91 5
16 92 3
16 93 5
16 94 6
16 95 4
16 96 1
16 97 4
16 98 3
16 99 5
17 18 2
17 19 3
17 20 6
17 21 3
17 22 4
17 23 5
17 24 5
17 25 1
17 26 3
17 27 4
17 28 5
17 29 3
17 30 5
17 31 6
17 32 7
17 33 3
17 34 4
17 35 4
17 36 1
17 37 3
17 38 6
17 39 2
17 40 4
17 41 2
17 42 2
17 43 2
17 44 3
17 45 2
17 46 3
17 47 1
17 48 1
17 49 1
17 50 3
17 51 6
17 52 1
17 53 4
17 54 1
17 55 5
17 56 4
17 57 3
17 58 2
17 59 3
17 60 3
17 61 4
17 62 1
17 63 6
17 64 4
17 65 6
17 66 1
17 67 4
17 68 6
17 69 5
17 70 3
17 71 5
17 72 5
17 73 2
17 74 5
17 75 5
17 76 6
17 77 5
17 78 6
17 79 1
17 80 2
17 81 6
17 82 4
17 83 4
17 84 5
17 85 3
17 86 2
17 87 4
17 88 6
17 89 3
17 90 1
17 91 5
17 92 6
17 93 3
17 94 1
17 95 4
17 96 6
17 97 4
17 98 4
17 99 3
18 19 2
18 20 5
18 21 1
18 22 2
18 23 3
18 24 4
18 25 2
18 26 3
18 27 2
18 28 4
18 29 4
18 30 6
18 31 5
18 32 7
18 33 3
18 34 5
18 35 2
18 36 2
18 37 1
18 38 5
18 39 3
18 40 3
18 41 4
18 42 2
18 43 2
18 44 1
18 45 1
18 46 4
18 47 3
18 48 3
18 49 1
18 50 1
18 51 4
18 52 2
18 53 5
18 54 3
18 55 4
18 56 3
18 57 1
18 58 3
18 59 4
18 60 3
18 61 2
18 62 1
18 63 7
18 64 4
18 65 5
18 66 2
18 67 2
18 68 6
18 69 5
18 70 4
18 71 3
18 72 3
18 73 1
18 74 4
18 75 4
18 76 5
18 77 3
18 78 4
18 79 3
18 80 2
18 81 4
18 82 4
18 83 2
18 84 3
18 85 1
18 86 1
18 87 4
18 88 5
18 89 2
18 90 3
18 91 3
18 92 5
18 93 4
18 94 3
18 95 5
18 96 6
18 97 5
18 98 2
18 99 1
19 20 4
19 21 1
19 22 1
19 23 2
19 24 3
19 25 3
19 26 1
19 27 1
19 28 3
19 29 3
19 30 5
19 31 4
19 32 5
19 33 2
19 34 4
19 35 3
19 36 3
19 37 1
19 38 4
19 39 4
19 40 1
19 41 4
19 42 3
19 43 2
19 44 2
19 45 3
19 46 3
19 47 3
19 48 4
19 49 2
19 50 1
19 51 3
19 52 2
19 53 4
19 54 4
19 55 3
19 56 2
19 57 3
19 58 3
19 59 4
19 60 2
19 61 3
19 62 2
19 63 5
19 64 3
19 65 4
19 66 2
19 67 2
19 68 4
19 69 3
19 70 4
19 71 2
19 72 2
19 73 1
19 74 3
19 75 3
19 76 4
19 77 2
19 78 3
19 79 3
19 80 2
19 81 3
19 82 2
19 83 3
19 84 2
19 85 2
19 86 1
19 87 2
19 88 4
19 89 1
19 90 4
19 91 3
19 92 4
19 93 4
19 94 4
19 95 4
19 96 4
19 97 4
19 98 1
19 99 2
20 21 4
20 22 3
20 23 4
20 24 2
20 25 6
20 26 4
20 27 3
20 28 1
20 29 6
20 30 5
20 31 2
20 32 4
20 33 5
20 34 7
20 35 5
20 36 6
20 37 4
20 38 1
20 39 7
20 40 3
20 41 7
20 42 6
20 43 5
20 44 5
20 45 6
20 46 6
20 47 7
20 48 7
20 49 5
20 50 4
20 51 1
20 52 5
20 53 7
20 54 7
20 55 3
20 56 2
20 57 5
20 58 6
20 59 7
20 60 4
20 61 5
20 62 5
20 63 4
20 64 5
20 65 2
20 66 5
20 67 4
20 68 3
20 69 3
20 70 7
20 71 2
20 72 2
20 73 4
20 74 2
20 75 2
20 76 1
20 77 2
20 78 1
20 79 6
20 80 5
20 81 2
20 82 4
20 83 5
20 84 3
20 85 5
20 86 5
20 87 3
20 88 1
20 89 3
20 90 7
20 91 4
20 92 1
20 93 7
20 94 7
20 95 6
20 96 3
20 97 6
20 98 3
20 99 5
21 22 2
21 23 2
21 24 3
21 25 3
21 26 2
21 27 2
21 28 3
21 29 4
21 30 6
21 31 5
21 32 6
21 33 3
21 34 5
21 35 2
21 36 2
21 37 1
21 38 4
21 39 3
21 40 2
21 41 4
21 42 2
21 43 2
21 44 1
21 45 2
21 46 4
21 47 3
21 48 3
21 49 2
21 50 1
21 51 4
21 52 2
21 53 5
21 54 4
21 55 3
21 56 2
21 57 2
21 58 3
21 59 4
21 60 3
21 61 2
21 62 2
21 63 6
21 64 4
21 65 4
21 66 2
21 67 1
21 68 5
21 69 4
21 70 4
21 71 3
21 72 3
21 73 1
21 74 3
21 75 3
21 76 4
21 77 3
21 78 4
21 79 3
21 80 2
21 81 4
21 82 3
21 83 2
21 84 3
21 85 1
21 86 1
21 87 3
21 88 4
21 89 1
21 90 3
21 91 2
21 92 4
21 93 4
21 94 4
21 95 5
21 96 5
21 97 5
21 98 2
21 99 1
22 23 1
22 24 2
22 25 4
22 26 2
22 27 1
22 28 2
22 29 4
22 30 6
22 31 3
22 32 5
22 33 3
22 34 5
22 35 2
22 36 3
22 37 1
22 38 3
22 39 4
22 40 1
22 41 5
22 42 3
22 43 3
22 44 2
22 45 3
22 46 4
22 47 4
22 48 4
22 49 3
22 50 1
22 51 2
22 52 3
22 53 5
22 54 5
22 55 2
22 56 1
22 57 3
22 58 4
22 59 5
22 60 3
22 61 3
22 62 3
22 63 5
22 64 4
22 65 3
22 66 3
22 67 2
22 68 4
22 69 3
22 70 5
22 71 1
22 72 1
22 73 2
22 74 2
22 75 2
22 76 3
22 77 1
22 78 2
22 79 4
22 80 3
22 81 2
22 82 3
22 83 2
22 84 2
22 85 3
22 86 2
22 87 3
22 88 3
22 89 1
22 90 4
22 91 2
22 92 3
22 93 5
22 94 5
22 95 5
22 96 4
22 97 5
22 98 1
22 99 2
23 24 3
23 25 4
23 26 3
23 27 1
23 28 3
23 29 5
23 30 7
23 31 4
23 32 6
23 33 4
23 34 6
23 35 1
23 36 4
23 37 2
23 38 3
23 39 5
23 40 1
23 41 6
23 42 4
23 43 4
23 44 2
23 45 3
23 46 5
23 47 5
23 48 5
23 49 4
23 50 2
23 51 3
23 52 4
23 53 6
23 54 5
23 55 1
23 56 2
23 57 2
23 58 5
23 59 6
23 60 4
23 61 2
23 62 4
23 63 6
23 64 5
23 65 4
23 66 4
23 67 1
23 68 5
23 69 4
23 70 6
23 71 2
23 72 2
23 73 3
23 74 2
23 75 2
23 76 4
23 77 2
23 78 3
23 79 5
23 80 4
23 81 3
23 82 4
23 83 1
23 84 1
23 85 2
23 86 3
23 87 4
23 88 4
23 89 2
23 90 5
23 91 1
23 92 3
23 93 6
23 94 6
23 95 6
23 96 5
23 97 6
23 98 1
23 99 2
24 25 5
24 26 2
24 27 2
24 28 1
24 29 4
24 30 4
24 31 2
24 32 3
24 33 3
24 34 5
24 35 4
24 36 4
24 37 3
24 38 2
24 39 5
24 40 2
24 41 6
24 42 4
24 43 3
24 44 4
24 45 5
24 46 4
24 47 5
24 48 5
24 49 4
24 50 3
24 51 1
24 52 4
24 53 5
24 54 6
24 55 2
24 56 1
24 57 4
24 58 4
24 59 5
24 60 2
24 61 4
24 62 4
24 63 3
24 64 3
24 65 1
24 66 4
24 67 3
24 68 2
24 69 1
24 70 5
24 71 1
24 72 1
24 73 3
24 74 2
24 75 2
24 76 2
24 77 1
24 78 1
24 79 5
24 80 3
24 81 1
24 82 2
24 83 4
24 84 3
24 85 4
24 86 4
24 87 1
24 88 2
24 89 2
24 90 5
24 91 4
24 92 2
24 93 5
24 94 6
24 95 4
24 96 2
24 97 4
24 98 2
24 99 4
25 26 3
25 27 4
25 28 5
25 29 4
25 30 6
25 31 6
25 32 7
25 33 3
25 34 5
25 35 4
25 36 1
25 37 3
25 38 6
25 39 3
25 40 4
25 41 3
25 42 2
25 43 2
25 44 3
25 45 1
25 46 4
25 47 2
25 48 2
25 49 1
25 50 3
25 51 6
25 52 1
25 53 5
25 54 2
25 55 5
25 56 4
25 57 3
25 58 3
25 59 4
25 60 3
25 61 4
25 62 1
25 63 7
25 64 4
25 65 6
25 66 1
25 67 3
25 68 6
25 69 5
25 70 4
25 71 5
25 72 5
25 73 2
25 74 5
25 75 5
25 76 6
25 77 5
25 78 6
25 79 2
25 80 2
25 81 6
25 82 4
25 83 4
25 84 5
25 85 2
25 86 2
25 87 4
25 88 6
25 89 3
25 90 2
25 91 4
25 92 6
25 93 4
25 94 2
25 95 5
25 96 6
25 97 5
25 98 4
25 99 3
26 27 2
26 28 3
26 29 2
26 30 4
26 31 3
26 32 4
26 33 1
26 34 3
26 35 4
26 36 2
26 37 2
26 38 4
26 39 3
26 40 2
26 41 4
26 42 2
26 43 1
26 44 3
26 45 3
26 46 2
26 47 3
26 48 3
26 49 2
26 50 2
26 51 3
26 52 2
26 53 3
26 54 4
26 55 4
26 56 3
26 57 4
26 58 2
26 59 3
26 60 1
26 61 4
26 62 3
26 63 4
26 64 2
26 65 3
26 66 2
26 67 3
26 68 3
26 69 2
26 70 3
26 71 3
26 72 3
26 73 2
26 74 4
26 75 4
26 76 4
26 77 3
26 78 3
26 79 3
26 80 1
26 81 3
26 82 1
26 83 4
26 84 3
26 85 3
26 86 2
26 87 1
26 88 4
26 89 2
26 90 3
26 91 4
26 92 4
26 93 3
26 94 4
26 95 3
26 96 3
26 97 3
26 98 2
26 99 3
27 28 2
27 29 4
27 30 6
27 31 3
27 32 5
27 33 3
27 34 5
27 35 2
27 36 3
27 37 1
27 38 3
27 39 4
27 40 1
27 41 5
27 42 3
27 43 3
27 44 2
27 45 3
27 46 4
27 47 4
27 48 4
27 49 3
27 50 1
27 51 3
27 52 3
27 53 5
27 54 5
27 55 2
27 56 1
27 57 2
27 58 4
27 59 5
27 60 3
27 61 2
27 62 3
27 63 5
27 64 4
27 65 3
27 66 3
27 67 1
27 68 4
27 69 3
27 70 5
27 71 2
27 72 2
27 73 2
27 74 2
27 75 2
27 76 3
27 77 1
27 78 2
27 79 4
27 80 3
27 81 2
27 82 3
27 83 2
27 84 1
27 85 2
27 86 2
27 87 3
27 88 3
27 89 1
27 90 4
27 91 2
27 92 3
27 93 5
27 94 5
27 95 5
27 96 4
27 97 5
27 98 1
27 99 2
28 29 5
28 30 5
28 31 2
28 32 4
28 33 4
28 34 6
28 35 4
28 36 5
28 37 3
28 38 1
28 39 6
28 40 2
28 41 6
28 42 5
28 43 4
28 44 4
28 45 5
28 46 5
28 47 6
28 48 6
28 49 4
28 50 3
28 51 1
28 52 4
28 53 6
28 54 6
28 55 2
28 56 1
28 57 4
28 58 5
28 59 6
28 60 3
28 61 4
28 62 4
28 63 4
28 64 4
28 65 2
28 66 4
28 67 3
28 68 3
28 69 2
28 70 6
28 71 1
28 72 1
28 73 3
28 74 1
28 75 2
28 76 1
28 77 1
28 78 1
28 79 5
28 80 4
28 81 1
28 82 3
28 83 4
28 84 3
28 85 4
28 86 4
28 87 2
28 88 1
28 89 2
28 90 6
28 91 4
28 92 2
28 93 6
28 94 6
28 95 5
28 96 3
28 97 5
28 98 2
28 99 4
29 30 2
29 31 5
29 32 4
29 33 1
29 34 1
29 35 6
29 36 3
29 37 4
29 38 6
29 39 1
29 40 4
29 41 2
29 42 2
29 43 2
29 44 5
29 45 4
29 46 1
29 47 2
29 48 2
29 49 3
29 50 4
29 51 5
29 52 3
29 53 1
29 54 3
29 55 6
29 56 5
29 57 5
29 58 1
29 59 1
29 60 2
29 61 6
29 62 3
29 63 3
29 64 1
29 65 5
29 66 3
29 67 5
29 68 4
29 69 4
29 70 1
29 71 5
29 72 5
29 73 4
29 74 6
29 75 6
29 76 6
29 77 5
29 78 5
29 79 2
29 80 2
29 81 5
29 82 2
29 83 6
29 84 5
29 85 5
29 86 3
29 87 3
29 88 6
29 89 4
29 90 3
29 91 6
29 92 6
29 93 1
29 94 3
29 95 1
29 96 4
29 97 2
29 98 4
29 99 5
30 31 3
30 32 2
30 33 3
30 34 2
30 35 8
30 36 5
30 37 6
30 38 5
30 39 3
30 40 6
30 41 4
30 42 4
30 43 4
30 44 7
30 45 6
30 46 3
30 47 4
30 48 4
30 49 5
30 50 6
30 51 4
30 52 5
30 53 2
30 54 5
30 55 6
30 56 5
30 57 7
30 58 3
30 59 3
30 60 3
30 61 8
30 62 5
30 63 1
30 64 2
30 65 3
30 66 5
30 67 7
30 68 2
30 69 3
30 70 2
30 71 5
30 72 5
30 73 6
30 74 6
30 75 6
30 76 5
30 77 5
30 78 5
30 79 4
30 80 4
30 81 4
30 82 3
30 83 8
30 84 7
30 85 7
30 86 5
30 87 4
30 88 4
30 89 6
30 90 5
30 91 8
30 92 5
30 93 3
30 94 5
30 95 1
30 96 2
30 97 1
30 98 6
30 99 7
31 32 2
31 33 4
31 34 5
31 35 5
31 36 5
31 37 4
31 38 3
31 39 6
31 40 3
31 41 7
31 42 5
31 43 4
31 44 5
31 45 6
31 46 5
31 47 6
31 48 6
31 49 5
31 50 4
31 51 2
31 52 5
31 53 5
31 54 7
31 55 4
31 56 3
31 57 5
31 58 5
31 59 6
31 60 3
31 61 5
31 62 6
31 63 2
31 64 4
31 65 1
31 66 5
31 67 4
31 68 1
31 69 1
31 70 5
31 71 2
31 72 2
31 73 5
31 74 3
31 75 3
31 76 2
31 77 2
31 78 3
31 79 6
31 80 4
31 81 1
31 82 3
31 83 5
31 84 4
31 85 5
31 86 5
31 87 2
31 88 1
31 89 4
31 90 6
31 91 5
31 92 3
31 93 6
31 94 7
31 95 4
31 96 1
31 97 4
31 98 3
31 99 5
32 33 5
32 34 4
32 35 7
32 36 6
32 37 6
32 38 4
32 39 5
32 40 5
32 41 6
32 42 6
32 43 5
32 44 7
32 45 7
32 46 5
32 47 6
32 48 6
32 49 6
32 50 6
32 51 3
32 52 6
32 53 4
32 54 7
32 55 5
32 56 4
32 57 7
32 58 5
32 59 5
32 60 4
32 61 7
32 62 7
32 63 1
32 64 4
32 65 2
32 66 6
32 67 6
32 68 1
32 69 2
32 70 4
32 71 4
32 72 4
32 73 6
32 74 5
32 75 5
32 76 4
32 77 4
32 78 4
32 79 6
32 80 5
32 81 3
32 82 4
32 83 7
32 84 6
32 85 7
32 86 6
32 87 3
32 88 3
32 89 5
32 90 7
32 91 7
32 92 4
32 93 5
32 94 7
32 95 3
32 96 1
32 97 3
32 98 5
32 99 7
33 34 2
33 35 5
33 36 2
33 37 3
33 38 5
33 39 2
33 40 3
33 41 3
33 42 2
33 43 1
33 44 4
33 45 3
33 46 1
33 47 3
33 48 3
33 49 2
33 50 3
33 51 4
33 52 2
33 53 2
33 54 4
33 55 5
33 56 4
33 57 4
33 58 1
33 59 2
33 60 1
33 61 5
33 62 3
33 63 4
33 64 1
33 65 4
33 66 2
33 67 4
33 68 4
33 69 3
33 70 2
33 71 4
33 72 4
33 73 3
33 74 5
33 75 5
33 76 5
33 77 4
33 78 4
33 79 2
33 80 1
33 81 4
33 82 1
33 83 5
33 84 4
33 85 4
33 86 2
33 87 2
33 88 5
33 89 3
33 90 3
33 91 5
33 92 5
33 93 2
33 94 3
33 95 2
33 96 4
33 97 2
33 98 3
33 99 4
34 35 7
34 36 4
34 37 5
34 38 7
34 39 2
34 40 5
34 41 3
34 42 3
34 43 3
34 44 6
34 45 5
34 46 1
34 47 3
34 48 3
34 49 4
34 50 5
34 51 6
34 52 4
34 53 1
34 54 4
34 55 7
34 56 6
34 57 6
34 58 2
34 59 1
34 60 3
34 61 7
34 62 4
34 63 3
34 64 2
34 65 5
34 66 4
34 67 6
34 68 4
34 69 5
34 70 1
34 71 6
34 72 6
34 73 5
34 74 7
34 75 7
34 76 7
34 77 6
34 78 6
34 79 3
34 80 3
34 81 6
34 82 3
34 83 7
34 84 6
34 85 6
34 86 4
34 87 4
34 88 6
34 89 5
34 90 4
34 91 7
34 92 7
34 93 1
34 94 4
34 95 1
34 96 4
34 97 1
34 98 5
34 99 6
35 36 4
35 37 2
35 38 4
35 39 5
35 40 2
35 41 6
35 42 4
35 43 4
35 44 1
35 45 3
35 46 6
35 47 5
35 48 5
35 49 3
35 50 2
35 51 4
35 52 4
35 53 7
35 54 5
35 55 2
35 56 3
35 57 1
35 58 5
35 59 6
35 60 5
35 61 1
35 62 3
35 63 7
35 64 6
35 65 5
35 66 4
35 67 1
35 68 6
35 69 5
35 70 6
35 71 3
35 72 3
35 73 3
35 74 3
35 75 3
35 76 5
35 77 3
35 78 4
35 79 5
35 80 4
35 81 4
35 82 5
35 83 1
35 84 2
35 85 2
35 86 3
35 87 5
35 88 5
35 89 2
35 90 5
35 91 1
35 92 4
35 93 6
35 94 5
35 95 7
35 96 6
35 97 7
35 98 2
35 99 1
36 37 2
36 38 6
36 39 2
36 40 4
36 41 2
36 42 1
36 43 1
36 44 3
36 45 2
36 46 3
36 47 1
36 48 1
36 49 1
36 50 2
36 51 5
36 52 1
36 53 4
36 54 2
36 55 5
36 56 4
36 57 3
36 58 2
36 59 3
36 60 2
36 61 4
36 62 1
36 63 6
36 64 3
36 65 5
36 66 1
36 67 3
36 68 5
36 69 4
36 70 3
36 71 4
36 72 4
36 73 2
36 74 5
36 75 5
36 76 6
36 77 4
36 78 5
36 79 1
36 80 1
36 81 5
36 82 3
36 83 4
36 84 4
36 85 3
36 86 2
36 87 3
36 88 6
36 89 3
36 90 1
36 91 4
36 92 6
36 93 3
36 94 2
36 95 4
36 96 5
36 97 4
36 98 3
36 99 3
37 38 4
37 39 3
37 40 2
37 41 4
37 42 2
37 43 2
37 44 1
37 45 2
37 46 4
37 47 3
37 48 3
37 49 2
37 50 1
37 51 3
37 52 2
37 53 5
37 54 4
37 55 3
37 56 2
37 57 2
37 58 3
37 59 4
37 60 3
37 61 2
37 62 2
37 63 6
37 64 4
37 65 4
37 66 2
37 67 1
37 68 5
37 69 4
37 70 4
37 71 2
37 72 2
37 73 1
37 74 3
37 75 3
37 76 4
37 77 2
37 78 3
37 79 3
37 80 2
37 81 3
37 82 3
37 83 2
37 84 2
37 85 2
37 86 1
37 87 3
37 88 4
37 89 1
37 90 3
37 91 2
37 92 4
37 93 4
37 94 4
37 95 5
37 96 5
37 97 5
37 98 1
37 99 1
38 39 7
38 40 3
38 41 7
38 42 6
38 43 5
38 44 5
38 45 6
38 46 6
38 47 7
38 48 7
38 49 5
38 50 4
38 51 1
38 52 5
38 53 7
38 54 7
38 55 2
38 56 2
38 57 5
38 58 6
38 59 7
38 60 4
38 61 4
38 62 5
38 63 4
38 64 5
38 65 2
38 66 5
38 67 4
38 68 3
38 69 3
38 70 7
38 71 2
38 72 2
38 73 4
38 74 1
38 75 1
38 76 2
38 77 2
38 78 1
38 79 6
38 80 5
38 81 2
38 82 4
38 83 4
38 84 2
38 85 5
38 86 5
38 87 3
38 88 2
38 89 3
38 90 7
38 91 3
38 92 1
38 93 7
38 94 7
38 95 6
38 96 3
38 97 6
38 98 3
38 99 5
39 40 5
39 41 1
39 42 1
39 43 2
39 44 4
39 45 3
39 46 1
39 47 1
39 48 1
39 49 2
39 50 3
39 51 6
39 52 2
39 53 2
39 54 2
39 55 6
39 56 5
39 57 4
39 58 1
39 59 1
39 60 3
39 61 5
39 62 2
39 63 4
39 64 2
39 65 6
39 66 2
39 67 4
39 68 5
39 69 5
39 70 2
39 71 5
39 72 5
39 73 3
39 74 6
39 75 6
39 76 7
39 77 5
39 78 6
39 79 1
39 80 2
39 81 6
39 82 3
39 83 5
39 84 5
39 85 4
39 86 3
39 87 4
39 88 7
39 89 4
39 90 2
39 91 5
39 92 7
39 93 1
39 94 2
39 95 2
39 96 5
39 97 3
39 98 4
39 99 4
40 41 5
40 42 4
40 43 3
40 44 3
40 45 4
40 46 4
40 47 4
40 48 5
40 49 3
40 50 2
40 51 2
40 52 3
40 53 5
40 54 5
40 55 2
40 56 1
40 57 3
40 58 4
40 59 5
40 60 3
40 61 3
40 62 3
40 63 5
40 64 4
40 65 3
40 66 3
40 67 2
40 68 4
40 69 3
40 70 5
40 71 1
40 72 1
40 73 2
40 74 2
40 75 2
40 76 3
40 77 1
40 78 2
40 79 4
40 80 3
40 81 2
40 82 3
40 83 2
40 84 2
40 85 3
40 86 2
40 87 3
40 88 3
40 89 1
40 90 5
40 91 2
40 92 3
40 93 5
40 94 5
40 95 5
40 96 4
40 97 5
40 98 1
40 99 3
41 42 2
41 43 3
41 44 5
41 45 3
41 46 2
41 47 1
41 48 1
41 49 3
41 50 4
41 51 7
41 52 2
41 53 3
41 54 1
41 55 6
41 56 5
41 57 5
41 58 2
41 59 2
41 60 4
41 61 6
41 62 3
41 63 5
41 64 3
41 65 7
41 66 2
41 67 5
41 68 6
41 69 6
41 70 3
41 71 6
41 72 6
41 73 3
41 74 6
41 75 6
41 76 7
41 77 6
41 78 7
41 79 1
41 80 3
41 81 7
41 82 4
41 83 6
41 84 6
41 85 4
41 86 3
41 87 5
41 88 7
41 89 4
41 90 1
41 91 6
41 92 7
41 93 2
41 94 1
41 95 3
41 96 6
41 97 4
41 98 5
41 99 5
42 43 1
42 44 3
42 45 2
42 46 2
42 47 1
42 48 1
42 49 1
42 50 2
42 51 5
42 52 1
42 53 3
42 54 2
42 55 5
42 56 4
42 57 3
42 58 1
42 59 2
42 60 2
42 61 4
42 62 1
42 63 5
42 64 3
42 65 5
42 66 1
42 67 3
42 68 5
42 69 4
42 70 2
42 71 4
42 72 4
42 73 2
42 74 5
42 75 5
42 76 6
42 77 4
42 78 5
42 79 1
42 80 1
42 81 5
42 82 3
42 83 4
42 84 4
42 85 3
42 86 2
42 87 3
42 88 6
42 89 3
42 90 2
42 91 4
42 92 6
42 93 2
42 94 2
42 95 3
42 96 5
42 97 3
42 98 3
42 99 3
43 44 3
43 45 3
43 46 2
43 47 2
43 48 2
43 49 2
43 50 2
43 51 4
43 52 1
43 53 3
43 54 3
43 55 5
43 56 4
43 57 3
43 58 1
43 59 2
43 60 1
43 61 4
43 62 2
43 63 5
43 64 2
43 65 4
43 66 1
43 67 3
43 68 4
43 69 3
43 70 2
43 71 4
43 72 4
43 73 2
43 74 5
43 75 5
43 76 5
43 77 4
43 78 4
43 79 2
43 80 1
43 81 4
43 82 2
43 83 4
43 84 4
43 85 3
43 86 2
43 87 2
43 88 5
43 89 3
43 90 2
43 91 4
43 92 5
43 93 2
43 94 3
43 95 3
43 96 4
43 97 3
43 98 3
43 99 3
44 45 2
44 46 5
44 47 4
44 48 4
44 49 2
44 50 2
44 51 4
44 52 3
44 53 6
44 54 4
44 55 3
44 56 3
44 57 1
44 58 4
44 59 5
44 60 4
44 61 1
44 62 2
44 63 7
44 64 5
44 65 5
44 66 3
44 67 1
44 68 6
44 69 5
44 70 5
44 71 3
44 72 3
44 73 2
44 74 4
44 75 4
44 76 5
44 77 3
44 78 4
44 79 4
44 80 3
44 81 4
44 82 4
44 83 1
44 84 3
44 85 1
44 86 2
44 87 4
44 88 5
44 89 2
44 90 4
44 91 2
44 92 5
44 93 5
44 94 4
44 95 6
44 96 6
44 97 6
44 98 2
44 99 1
45 46 4
45 47 3
45 48 3
45 49 1
45 50 2
45 51 5
45 52 2
45 53 5
45 54 2
45 55 4
45 56 4
45 57 2
45 58 3
45 59 4
45 60 3
45 61 3
45 62 1
45 63 7
45 64 4
45 65 6
45 66 2
45 67 2
45 68 6
45 69 5
45 70 4
45 71 4
45 72 4
45 73 2
45 74 5
45 75 5
45 76 6
45 77 4
45 78 5
45 79 3
45 80 2
45 81 5
45 82 4
45 83 3
45 84 4
45 85 1
45 86 2
45 87 4
45 88 6
45 89 3
45 90 2
45 91 3
45 92 6
45 93 4
45 94 3
45 95 5
45 96 6
45 97 5
45 98 3
45 99 2
46 47 2
46 48 2
46 49 3
46 50 4
46 51 5
46 52 3
46 53 1
46 54 3
46 55 6
46 56 5
46 57 5
46 58 1
46 59 1
46 60 2
46 61 6
46 62 3
46 63 4
46 64 1
46 65 5
46 66 3
46 67 5
46 68 5
46 69 4
46 70 1
46 71 5
46 72 5
46 73 4
46 74 6
46 75 6
46 76 6
46 77 5
46 78 5
46 79 2
46 80 2
46 81 5
46 82 2
46 83 6
46 84 5
46 85 5
46 86 3
46 87 3
46 88 6
46 89 4
46 90 3
46 91 6
46 92 6
46 93 1
46 94 3
46 95 2
46 96 5
46 97 2
46 98 4
46 99 5
47 48 1
47 49 2
47 50 3
47 51 6
47 52 2
47 53 3
47 54 1
47 55 6
47 56 5
47 57 4
47 58 2
47 59 2
47 60 3
47 61 5
47 62 2
47 63 5
47 64 3
47 65 6
47 66 2
47 67 4
47 68 6
47 69 5
47 70 3
47 71 5
47 72 5
47 73 3
47 74 6
47 75 6
47 76 7
47 77 5
47 78 6
47 79 1
47 80 2
47 81 6
47 82 4
47 83 5
47 84 5
47 85 4
47 86 2
47 87 4
47 88 7
47 89 4
47 90 1
47 91 5
47 92 7
47 93 2
47 94 1
47 95 3
47 96 6
47 97 4
47 98 4
47 99 4
48 49 2
48 50 3
48 51 6
48 52 2
48 53 3
48 54 1
48 55 6
48 56 5
48 57 4
48 58 2
48 59 2
48 60 3
48 61 5
48 62 2
48 63 5
48 64 3
48 65 6
48 66 2
48 67 4
48 68 6
48 69 5
48 70 3
48 71 5
48 72 5
48 73 3
48 74 6
48 75 6
48 76 7
48 77 5
48 78 6
48 79 1
48 80 2
48 81 6
48 82 4
48 83 5
48 84 5
48 85 4
48 86 3
48 87 4
48 88 7
48 89 4
48 90 1
48 91 5
48 92 7
48 93 2
48 94 1
48 95 3
48 96 6
48 97 4
48 98 4
48 99 4
49 50 2
49 51 5
49 52 1
49 53 4
49 54 2
49 55 4
49 56 3
49 57 2
49 58 2
49 59 3
49 60 2
49 61 3
49 62 1
49 63 6
49 64 3
49 65 5
49 66 1
49 67 3
49 68 5
49 69 4
49 70 3
49 71 4
49 72 4
49 73 1
49 74 4
49 75 4
49 76 5
49 77 4
49 78 5
49 79 2
49 80 1
49 81 5
49 82 3
49 83 3
49 84 4
49 85 2
49 86 1
49 87 3
49 88 5
49 89 2
49 90 2
49 91 4
49 92 5
49 93 3
49 94 2
49 95 4
49 96 5
49 97 4
49 98 3
49 99 2
50 51 3
50 52 2
50 53 5
50 54 4
50 55 3
50 56 2
50 57 2
50 58 3
50 59 4
50 60 3
50 61 2
50 62 2
50 63 6
50 64 4
50 65 4
50 66 2
50 67 1
50 68 5
50 69 4
50 70 4
50 71 2
50 72 2
50 73 1
50 74 3
50 75 3
50 76 4
50 77 2
50 78 3
50 79 3
50 80 2
50 81 3
50 82 3
50 83 2
50 84 2
50 85 2
50 86 1
50 87 3
50 88 4
50 89 1
50 90 3
50 91 2
50 92 4
50 93 4
50 94 4
50 95 5
50 96 5
50 97 5
50 98 1
50 99 1
51 52 5
51 53 6
51 54 7
51 55 3
51 56 2
51 57 5
51 58 5
51 59 6
51 60 3
51 61 5
51 62 5
51 63 3
51 64 4
51 65 1
51 66 5
51 67 4
51 68 2
51 69 2
51 70 6
51 71 1
51 72 1
51 73 4
51 74 2
51 75 2
51 76 1
51 77 2
51 78 1
51 79 6
51 80 4
51 81 1
51 82 3
51 83 4
51 84 3
51 85 5
51 86 4
51 87 2
51 88 1
51 89 3
51 90 6
51 91 4
51 92 1
51 93 6
51 94 7
51 95 5
51 96 2
51 97 5
51 98 3
51 99 4
52 53 4
52 54 2
52 55 4
52 56 3
52 57 3
52 58 2
52 59 3
52 60 2
52 61 4
52 62 1
52 63 6
52 64 3
52 65 5
52 66 1
52 67 3
52 68 5
52 69 4
52 70 3
52 71 4
52 72 4
52 73 1
52 74 4
52 75 4
52 76 5
52 77 4
52 78 5
52 79 1
52 80 1
52 81 5
52 82 3
52 83 4
52 84 4
52 85 3
52 86 1
52 87 3
52 88 5
52 89 2
52 90 2
52 91 4
52 92 5
52 93 3
52 94 2
52 95 4
52 96 5
52 97 4
52 98 3
52 99 3
53 54 4
53 55 7
53 56 6
53 57 6
53 58 2
53 59 2
53 60 3
53 61 7
53 62 4
53 63 3
53 64 2
53 65 5
53 66 4
53 67 6
53 68 4
53 69 5
53 70 1
53 71 6
53 72 6
53 73 5
53 74 7
53 75 7
53 76 7
53 77 6
53 78 6
53 79 3
53 80 3
53 81 6
53 82 3
53 83 7
53 84 6
53 85 6
53 86 4
53 87 4
53 88 6
53 89 5
53 90 4
53 91 7
53 92 7
53 93 2
53 94 4
53 95 2
53 96 4
53 97 1
53 98 5
53 99 6
54 55 6
54 56 5
54 57 4
54 58 3
54 59 3
54 60 4
54 61 5
54 62 2
54 63 6
54 64 4
54 65 7
54 66 2
54 67 4
54 68 7
54 69 6
54 70 4
54 71 6
54 72 6
54 73 3
54 74 6
54 75 6
54 76 7
54 77 6
54 78 7
54 79 2
54 80 3
54 81 7
54 82 5
54 83 5
54 84 6
54 85 3
54 86 3
54 87 5
54 88 7
54 89 4
54 90 1
54 91 5
54 92 7
54 93 3
54 94 1
54 95 4
54 96 7
54 97 5
54 98 5
54 99 4
55 56 1
55 57 3
55 58 6
55 59 7
55 60 4
55 61 3
55 62 4
55 63 5
55 64 5
55 65 3
55 66 4
55 67 2
55 68 4
55 69 3
55 70 7
55 71 2
55 72 2
55 73 3
55 74 1
55 75 1
55 76 3
55 77 2
55 78 2
55 79 5
55 80 5
55 81 3
55 82 4
55 83 2
55 84 1
55 85 3
55 86 4
55 87 3
55 88 3
55 89 2
55 90 6
55 91 2
55 92 2
55 93 7
55 94 6
55 95 6
55 96 4
55 97 6
55 98 2
55 99 3
56 57 3
56 58 5
56 59 6
56 60 3
56 61 3
56 62 3
56 63 4
56 64 4
56 65 2
56 66 3
56 67 2
56 68 3
56 69 2
56 70 6
56 71 1
56 72 1
56 73 2
56 74 1
56 75 1
56 76 2
56 77 1
56 78 2
56 79 4
56 80 4
56 81 2
56 82 3
56 83 3
56 84 2
56 85 3
56 86 3
56 87 2
56 88 2
56 89 1
56 90 5
56 91 3
56 92 2
56 93 6
56 94 5
56 95 5
56 96 3
56 97 5
56 98 1
56 99 3
57 58 4
57 59 5
57 60 4
57 61 1
57 62 2
57 63 7
57 64 5
57 65 5
57 66 3
57 67 1
57 68 6
57 69 5
57 70 5
57 71 4
57 72 4
57 73 2
57 74 4
57 75 4
57 76 5
57 77 3
57 78 4
57 79 4
57 80 3
57 81 4
57 82 5
57 83 1
57 84 3
57 85 1
57 86 2
57 87 5
57 88 5
57 89 2
57 90 4
57 91 2
57 92 5
57 93 5
57 94 4
57 95 6
57 96 6
57 97 6
57 98 2
57 99 1
58 59 1
58 60 2
58 61 5
58 62 2
58 63 4
58 64 2
58 65 5
58 66 2
58 67 4
58 68 5
58 69 4
58 70 1
58 71 5
58 72 5
58 73 3
58 74 6
58 75 6
58 76 6
58 77 5
58 78 5
58 79 1
58 80 1
58 81 5
58 82 2
58 83 5
58 84 5
58 85 4
58 86 2
58 87 3
58 88 6
58 89 4
58 90 2
58 91 5
58 92 6
58 93 1
58 94 2
58 95 2
58 96 5
58 97 2
58 98 4
58 99 4
59 60 3
59 61 6
59 62 3
59 63 4
59 64 2
59 65 6
59 66 3
59 67 5
59 68 5
59 69 5
59 70 1
59 71 6
59 72 6
59 73 4
59 74 7
59 75 7
59 76 7
59 77 6
59 78 6
59 79 2
59 80 2
59 81 6
59 82 3
59 83 6
59 84 6
59 85 5
59 86 3
59 87 4
59 88 7
59 89 5
59 90 3
59 91 6
59 92 7
59 93 1
59 94 3
59 95 2
59 96 5
59 97 2
59 98 5
59 99 5
60 61 5
60 62 3
60 63 4
60 64 1
60 65 3
60 66 2
60 67 4
60 68 3
60 69 2
60 70 3
60 71 3
60 72 3
60 73 3
60 74 4
60 75 4
60 76 4
60 77 3
60 78 3
60 79 3
60 80 1
60 81 3
60 82 1
60 83 5
60 84 4
60 85 4
60 86 2
60 87 1
60 88 4
60 89 3
60 90 3
60 91 5
60 92 4
60 93 3
60 94 4
60 95 2
60 96 3
60 97 2
60 98 3
60 99 4
61 62 3
61 63 7
61 64 6
61 65 5
61 66 4
61 67 1
61 68 6
61 69 5
61 70 6
61 71 4
61 72 4
61 73 3
61 74 4
61 75 3
61 76 5
61 77 3
61 78 4
61 79 5
61 80 4
61 81 4
61 82 5
61 83 1
61 84 2
61 85 2
61 86 3
61 87 5
61 88 5
61 89 2
61 90 5
61 91 1
61 92 5
61 93 6
61 94 5
61 95 7
61 96 6
61 97 7
61 98 2
61 99 1
62 63 6
62 64 4
62 65 5
62 66 1
62 67 3
62 68 6
62 69 5
62 70 3
62 71 4
62 72 4
62 73 1
62 74 4
62 75 4
62 76 5
62 77 4
62 78 5
62 79 2
62 80 2
62 81 5
62 82 4
62 83 3
62 84 4
62 85 2
62 86 1
62 87 4
62 88 5
62 89 2
62 90 2
62 91 4
62 92 5
62 93 3
62 94 2
62 95 4
62 96 6
62 97 4
62 98 3
62 99 2
63 64 3
63 65 2
63 66 6
63 67 6
63 68 1
63 69 2
63 70 3
63 71 4
63 72 4
63 73 6
63 74 5
63 75 5
63 76 4
63 77 4
63 78 4
63 79 5
63 80 5
63 81 3
63 82 4
63 83 7
63 84 6
63 85 7
63 86 6
63 87 3
63 88 3
63 89 5
63 90 6
63 91 7
63 92 4
63 93 4
63 94 6
63 95 2
63 96 1
63 97 2
63 98 5
63 99 7
64 65 4
64 66 3
64 67 5
64 68 4
64 69 3
64 70 2
64 71 4
64 72 4
64 73 4
64 74 5
64 75 5
64 76 5
64 77 4
64 78 4
64 79 3
64 80 2
64 81 4
64 82 1
64 83 6
64 84 5
64 85 5
64 86 3
64 87 2
64 88 5
64 89 4
64 90 4
64 91 6
64 92 5
64 93 2
64 94 4
64 95 1
64 96 4
64 97 1
64 98 4
64 99 5
65 66 5
65 67 4
65 68 1
65 69 1
65 70 5
65 71 2
65 72 2
65 73 4
65 74 3
65 75 3
65 76 2
65 77 2
65 78 2
65 79 6
65 80 4
65 81 1
65 82 3
65 83 5
65 84 4
65 85 5
65 86 5
65 87 2
65 88 1
65 89 3
65 90 6
65 91 5
65 92 2
65 93 6
65 94 7
65 95 4
65 96 1
65 97 4
65 98 3
65 99 5
66 67 3
66 68 5
66 69 4
66 70 3
66 71 4
66 72 4
66 73 1
66 74 4
66 75 4
66 76 5
66 77 4
66 78 5
66 79 1
66 80 1
66 81 5
66 82 3
66 83 4
66 84 4
66 85 3
66 86 1
66 87 3
66 88 5
66 89 2
66 90 2
66 91 4
66 92 5
66 93 3
66 94 2
66 95 4
66 96 5
66 97 4
66 98 3
66 99 3
67 68 5
67 69 4
67 70 5
67 71 3
67 72 3
67 73 2
67 74 3
67 75 3
67 76 4
67 77 2
67 78 3
67 79 4
67 80 3
67 81 3
67 82 4
67 83 1
67 84 2
67 85 1
67 86 2
67 87 4
67 88 4
67 89 1
67 90 4
67 91 1
67 92 4
67 93 5
67 94 5
67 95 6
67 96 5
67 97 6
67 98 1
67 99 1
68 69 1
68 70 4
68 71 3
68 72 3
68 73 5
68 74 4
68 75 4
68 76 3
68 77 3
68 78 3
68 79 6
68 80 4
68 81 2
68 82 3
68 83 6
68 84 5
68 85 6
68 86 5
68 87 2
68 88 2
68 89 4
68 90 6
68 91 6
68 92 3
68 93 5
68 94 7
68 95 3
68 96 1
68 97 3
68 98 4
68 99 6
69 70 5
69 71 2
69 72 2
69 73 4
69 74 3
69 75 3
69 76 2
69 77 2
69 78 2
69 79 5
69 80 3
69 81 1
69 82 2
69 83 5
69 84 4
69 85 5
69 86 4
69 87 1
69 88 2
69 89 3
69 90 5
69 91 5
69 92 3
69 93 5
69 94 6
69 95 4
69 96 1
69 97 4
69 98 3
69 99 5
70 71 6
70 72 6
70 73 4
70 74 7
70 75 7
70 76 7
70 77 6
70 78 6
70 79 2
70 80 2
70 81 6
70 82 3
70 83 6
70 84 6
70 85 5
70 86 3
70 87 4
70 88 6
70 89 5
70 90 3
70 91 6
70 92 7
70 93 1
70 94 3
70 95 1
70 96 4
70 97 1
70 98 5
70 99 5
71 72 1
71 73 3
71 74 1
71 75 2
71 76 2
71 77 1
71 78 1
71 79 5
71 80 4
71 81 1
71 82 3
71 83 3
71 84 3
71 85 4
71 86 3
71 87 2
71 88 2
71 89 2
71 90 5
71 91 3
71 92 2
71 93 6
71 94 6
71 95 5
71 96 3
71 97 5
71 98 2
71 99 3
72 73 3
72 74 1
72 75 2
72 76 2
72 77 1
72 78 1
72 79 5
72 80 4
72 81 1
72 82 3
72 83 3
72 84 3
72 85 4
72 86 3
72 87 2
72 88 2
72 89 2
72 90 5
72 91 3
72 92 2
72 93 6
72 94 6
72 95 5
72 96 3
72 97 5
72 98 2
72 99 3
73 74 3
73 75 3
73 76 4
73 77 3
73 78 4
73 79 2
73 80 2
73 81 4
73 82 3
73 83 3
73 84 3
73 85 2
73 86 1
73 87 3
73 88 4
73 89 1
73 90 3
73 91 3
73 92 4
73 93 4
73 94 3
73 95 5
73 96 5
73 97 5
73 98 2
73 99 2
74 75 1
74 76 2
74 77 1
74 78 1
74 79 5
74 80 5
74 81 2
74 82 4
74 83 3
74 84 2
74 85 4
74 86 4
74 87 3
74 88 2
74 89 2
74 90 6
74 91 3
74 92 1
74 93 7
74 94 6
74 95 6
74 96 4
74 97 6
74 98 2
74 99 4
75 76 2
75 77 1
75 78 1
75 79 5
75 80 5
75 81 2
75 82 4
75 83 3
75 84 1
75 85 4
75 86 4
75 87 3
75 88 3
75 89 2
75 90 6
75 91 2
75 92 2
75 93 7
75 94 6
75 95 6
75 96 4
75 97 6
75 98 2
75 99 4
76 77 2
76 78 1
76 79 6
76 80 5
76 81 1
76 82 4
76 83 5
76 84 3
76 85 5
76 86 5
76 87 3
76 88 1
76 89 3
76 90 7
76 91 4
76 92 2
76 93 7
76 94 7
76 95 6
76 96 3
76 97 6
76 98 3
76 99 5
77 78 1
77 79 5
77 80 4
77 81 1
77 82 3
77 83 3
77 84 2
77 85 3
77 86 3
77 87 2
77 88 2
77 89 2
77 90 5
77 91 3
77 92 2
77 93 6
77 94 6
77 95 5
77 96 3
77 97 5
77 98 1
77 99 3
78 79 6
78 80 4
78 81 2
78 82 3
78 83 4
78 84 2
78 85 4
78 86 4
78 87 2
78 88 2
78 89 3
78 90 6
78 91 3
78 92 1
78 93 6
78 94 7
78 95 5
78 96 3
78 97 5
78 98 2
78 99 4
79 80 2
79 81 6
79 82 3
79 83 5
79 84 5
79 85 4
79 86 2
79 87 4
79 88 6
79 89 3
79 90 1
79 91 5
79 92 6
79 93 2
79 94 1
79 95 3
79 96 6
79 97 3
79 98 4
79 99 4
80 81 4
80 82 2
80 83 4
80 84 4
80 85 3
80 86 1
80 87 2
80 88 5
80 89 3
80 90 2
80 91 4
80 92 5
80 93 2
80 94 3
80 95 3
80 96 4
80 97 3
80 98 3
80 99 3
81 82 3
81 83 4
81 84 3
81 85 4
81 86 4
81 87 2
81 88 1
81 89 3
81 90 6
81 91 4
81 92 2
81 93 6
81 94 7
81 95 5
81 96 2
81 97 5
81 98 2
81 99 4
82 83 5
82 84 4
82 85 4
82 86 3
82 87 1
82 88 4
82 89 3
82 90 4
82 91 5
82 92 4
82 93 3
82 94 4
82 95 2
82 96 3
82 97 2
82 98 3
82 99 4
83 84 2
83 85 2
83 86 3
83 87 5
83 88 5
83 89 2
83 90 5
83 91 1
83 92 4
83 93 6
83 94 5
83 95 7
83 96 6
83 97 7
83 98 2
83 99 1
84 85 3
84 86 3
84 87 4
84 88 4
84 89 2
84 90 5
84 91 1
84 92 3
84 93 6
84 94 6
84 95 6
84 96 5
84 97 6
84 98 2
84 99 3
85 86 2
85 87 4
85 88 5
85 89 2
85 90 3
85 91 2
85 92 5
85 93 5
85 94 4
85 95 6
85 96 6
85 97 6
85 98 2
85 99 1
86 87 3
86 88 5
86 89 2
86 90 3
86 91 3
86 92 5
86 93 3
86 94 3
86 95 4
86 96 5
86 97 4
86 98 2
86 99 2
87 88 3
87 89 3
87 90 4
87 91 5
87 92 3
87 93 4
87 94 5
87 95 3
87 96 2
87 97 3
87 98 3
87 99 4
88 89 3
88 90 7
88 91 5
88 92 2
88 93 7
88 94 7
88 95 5
88 96 2
88 97 5
88 98 3
88 99 5
89 90 4
89 91 2
89 92 3
89 93 5
89 94 4
89 95 5
89 96 4
89 97 5
89 98 1
89 99 2
90 91 5
90 92 7
90 93 3
90 94 1
90 95 4
90 96 6
90 97 4
90 98 4
90 99 4
91 92 4
91 93 6
91 94 6
91 95 7
91 96 6
91 97 7
91 98 2
91 99 2
92 93 7
92 94 7
92 95 6
92 96 3
92 97 6
92 98 3
92 99 5
93 94 3
93 95 2
93 96 5
93 97 2
93 98 5
93 99 5
94 95 4
94 96 7
94 97 4
94 98 5
94 99 4
95 96 3
95 97 1
95 98 5
95 99 6
96 97 3
96 98 4
96 99 6
97 98 5
97 99 6
98 99 2
