100 
0 1 5
0 2 2
0 3 4
0 4 4
0 5 3
0 6 4
0 7 5
0 8 3
0 9 2
0 10 2
0 11 4
0 12 3
0 13 2
0 14 4
0 15 3
0 16 3
0 17 3
0 18 4
0 19 3
0 20 3
0 21 5
0 22 5
0 23 3
0 24 2
0 25 5
0 26 2
0 27 4
0 28 5
0 29 1
0 30 2
0 31 4
0 32 3
0 33 4
0 34 4
0 35 3
0 36 2
0 37 3
0 38 3
0 39 2
0 40 4
0 41 5
0 42 4
0 43 2
0 44 3
0 45 2
0 46 4
0 47 1
0 48 5
0 49 1
0 50 2
0 51 4
0 52 5
0 53 1
0 54 1
0 55 3
0 56 2
0 57 4
0 58 4
0 59 5
0 60 3
0 61 3
0 62 4
0 63 2
0 64 4
0 65 3
0 66 5
0 67 1
0 68 3
0 69 5
0 70 1
0 71 1
0 72 1
0 73 4
0 74 3
0 75 4
0 76 5
0 77 3
0 78 2
0 79 4
0 80 1
0 81 2
0 82 5
0 83 3
0 84 5
0 85 2
0 86 2
0 87 3
0 88 4
0 89 4
0 90 4
0 91 3
0 92 3
0 93 3
0 94 3
0 95 4
0 96 5
0 97 4
0 98 1
0 99 2
1 2 7
1 3 5
1 4 5
1 5 4
1 6 4
1 7 4
1 8 3
1 9 5
1 10 4
1 11 4
1 12 5
1 13 3
1 14 2
1 15 4
1 16 3
1 17 2
1 18 4
1 19 5
1 20 5
1 21 4
1 22 1
1 23 3
1 24 5
1 25 1
1 26 5
1 27 2
1 28 3
1 29 5
1 30 3
1 31 2
1 32 2
1 33 1
1 34 4
1 35 2
1 36 4
1 37 4
1 38 3
1 39 4
1 40 3
1 41 2
1 42 4
1 43 5
1 44 4
1 45 5
1 46 2
1 47 6
1 48 4
1 49 6
1 50 5
1 51 1
1 52 1
1 53 5
1 54 5
1 55 4
1 56 4
1 57 4
1 58 3
1 59 4
1 60 3
1 61 4
1 62 4
1 63 4
1 64 2
1 65 4
1 66 3
1 67 5
1 68 4
1 69 5
1 70 4
1 71 6
1 72 6
1 73 2
1 74 3
1 75 4
1 76 1
1 77 4
1 78 5
1 79 4
1 80 6
1 81 4
1 82 5
1 83 3
1 84 1
1 85 5
1 86 5
1 87 4
1 88 1
1 89 4
1 90 1
1 91 3
1 92 2
1 93 2
1 94 4
1 95 3
1 96 5
1 97 3
1 98 6
1 99 4
2 3 6
2 4 6
2 5 5
2 6 4
2 7 5
2 8 4
2 9 2
2 10 4
2 11 5
2 12 5
2 13 4
2 14 6
2 15 4
2 16 5
2 17 5
2 18 4
2 19 5
2 20 4
2 21 6
2 22 7
2 23 5
2 24 2
2 25 7
2 26 4
2 27 5
2 28 6
2 29 3
2 30 4
2 31 6
2 32 5
2 33 6
2 34 4
2 35 5
2 36 4
2 37 4
2 38 5
2 39 4
2 40 6
2 41 6
2 42 6
2 43 4
2 44 4
2 45 2
2 46 6
2 47 1
2 48 5
2 49 1
2 50 4
2 51 6
2 52 7
2 53 3
2 54 2
2 55 4
2 56 3
2 57 4
2 58 5
2 59 5
2 60 4
2 61 5
2 62 4
2 63 4
2 64 6
2 65 3
2 66 5
2 67 3
2 68 5
2 69 5
2 70 3
2 71 2
2 72 1
2 73 6
2 74 5
2 75 5
2 76 7
2 77 3
2 78 4
2 79 6
2 80 1
2 81 3
2 82 5
2 83 4
2 84 7
2 85 4
2 86 4
2 87 5
2 88 6
2 89 5
2 90 6
2 91 5
2 92 5
2 93 5
2 94 3
2 95 6
2 96 5
2 97 6
2 98 1
2 99 4
3 4 1
3 5 2
3 6 6
3 7 6
3 8 5
3 9 6
3 10 4
3 11 2
3 12 1
3 13 4
3 14 5
3 15 5
3 16 3
3 17 4
3 18 6
3 19 1
3 20 2
3 21 6
3 22 5
3 23 3
3 24 6
3 25 4
3 26 2
3 27 5
3 28 6
3 29 3
3 30 3
3 31 5
3 32 4
3 33 5
3 34 6
3 35 4
3 36 3
3 37 3
3 38 3
3 39 4
3 40 3
3 41 6
3 42 1
3 43 2
3 44 2
3 45 6
3 46 3
3 47 5
3 48 7
3 49 5
3 50 2
3 51 5
3 52 6
3 53 3
3 54 4
3 55 5
3 56 3
3 57 6
3 58 5
3 59 6
3 60 5
3 61 2
3 62 6
3 63 4
3 64 4
3 65 5
3 66 6
3 67 3
3 68 2
3 69 7
3 70 3
3 71 5
3 72 5
3 73 3
3 74 3
3 75 2
3 76 4
3 77 6
3 78 2
3 79 2
3 80 5
3 81 3
3 82 7
3 83 5
3 84 5
3 85 2
3 86 2
3 87 1
3 88 5
3 89 2
3 90 5
3 91 3
3 92 4
3 93 4
3 94 5
3 95 2
3 96 7
3 97 2
3 98 5
3 99 4
4 5 2
4 6 5
4 7 6
4 8 5
4 9 6
4 10 4
4 11 1
4 12 1
4 13 3
4 14 5
4 15 5
4 16 3
4 17 4
4 18 6
4 19 1
4 20 2
4 21 6
4 22 5
4 23 3
4 24 6
4 25 4
4 26 2
4 27 5
4 28 6
4 29 3
4 30 3
4 31 5
4 32 3
4 33 4
4 34 5
4 35 4
4 36 2
4 37 2
4 38 3
4 39 4
4 40 2
4 41 5
4 42 1
4 43 2
4 44 2
4 45 6
4 46 3
4 47 5
4 48 7
4 49 5
4 50 2
4 51 4
4 52 5
4 53 3
4 54 4
4 55 5
4 56 3
4 57 6
4 58 5
4 59 6
4 60 4
4 61 2
4 62 6
4 63 4
4 64 3
4 65 5
4 66 6
4 67 3
4 68 1
4 69 7
4 70 3
4 71 5
4 72 5
4 73 3
4 74 3
4 75 1
4 76 4
4 77 6
4 78 2
4 79 2
4 80 5
4 81 3
4 82 7
4 83 5
4 84 5
4 85 2
4 86 2
4 87 1
4 88 5
4 89 2
4 90 4
4 91 3
4 92 4
4 93 4
4 94 5
4 95 2
4 96 7
4 97 2
4 98 5
4 99 4
5 6 4
5 7 5
5 8 4
5 9 5
5 10 3
5 11 1
5 12 1
5 13 2
5 14 4
5 15 4
5 16 2
5 17 3
5 18 5
5 19 1
5 20 1
5 21 5
5 22 4
5 23 2
5 24 5
5 25 3
5 26 2
5 27 3
5 28 4
5 29 2
5 30 2
5 31 4
5 32 2
5 33 3
5 34 4
5 35 2
5 36 1
5 37 1
5 38 2
5 39 3
5 40 1
5 41 4
5 42 1
5 43 2
5 44 1
5 45 5
5 46 2
5 47 4
5 48 6
5 49 4
5 50 2
5 51 3
5 52 4
5 53 3
5 54 3
5 55 4
5 56 2
5 57 5
5 58 4
5 59 5
5 60 3
5 61 1
5 62 5
5 63 3
5 64 2
5 65 4
5 66 5
5 67 2
5 68 1
5 69 6
5 70 2
5 71 4
5 72 4
5 73 2
5 74 2
5 75 1
5 76 3
5 77 5
5 78 2
5 79 1
5 80 4
5 81 2
5 82 6
5 83 4
5 84 4
5 85 1
5 86 2
5 87 1
5 88 3
5 89 1
5 90 3
5 91 1
5 92 2
5 93 2
5 94 4
5 95 1
5 96 6
5 97 1
5 98 4
5 99 3
6 7 1
6 8 1
6 9 2
6 10 2
6 11 5
6 12 5
6 13 2
6 14 2
6 15 1
6 16 3
6 17 2
6 18 1
6 19 5
6 20 4
6 21 2
6 22 4
6 23 3
6 24 2
6 25 5
6 26 4
6 27 2
6 28 2
6 29 4
6 30 3
6 31 2
6 32 3
6 33 4
6 34 1
6 35 3
6 36 3
6 37 4
6 38 3
6 39 2
6 40 4
6 41 3
6 42 5
6 43 4
6 44 4
6 45 2
6 46 4
6 47 3
6 48 2
6 49 3
6 50 5
6 51 3
6 52 3
6 53 5
6 54 4
6 55 1
6 56 3
6 57 1
6 58 1
6 59 1
6 60 1
6 61 4
6 62 1
6 63 2
6 64 4
6 65 1
6 66 1
6 67 4
6 68 4
6 69 2
6 70 3
6 71 3
6 72 3
6 73 4
6 74 3
6 75 5
6 76 5
6 77 1
6 78 5
6 79 5
6 80 3
6 81 4
6 82 2
6 83 1
6 84 4
6 85 4
6 86 4
6 87 5
6 88 3
6 89 5
6 90 3
6 91 3
6 92 3
6 93 3
6 94 1
6 95 4
6 96 2
6 97 5
6 98 3
6 99 2
7 8 2
7 9 3
7 10 3
7 11 5
7 12 6
7 13 3
7 14 2
7 15 2
7 16 4
7 17 2
7 18 1
7 19 5
7 20 5
7 21 1
7 22 4
7 23 4
7 24 3
7 25 5
7 26 5
7 27 2
7 28 2
7 29 5
7 30 4
7 31 2
7 32 4
7 33 4
7 34 2
7 35 3
7 36 4
7 37 4
7 38 3
7 39 3
7 40 5
7 41 3
7 42 6
7 43 5
7 44 4
7 45 3
7 46 4
7 47 4
7 48 1
7 49 4
7 50 6
7 51 3
7 52 3
7 53 6
7 54 5
7 55 2
7 56 4
7 57 1
7 58 1
7 59 1
7 60 2
7 61 5
7 62 1
7 63 3
7 64 4
7 65 2
7 66 1
7 67 5
7 68 5
7 69 1
7 70 4
7 71 4
7 72 4
7 73 5
7 74 4
7 75 5
7 76 5
7 77 2
7 78 6
7 79 6
7 80 4
7 81 5
7 82 1
7 83 2
7 84 4
7 85 5
7 86 5
7 87 5
7 88 3
7 89 5
7 90 3
7 91 4
7 92 3
7 93 3
7 94 2
7 95 5
7 96 1
7 97 5
7 98 4
7 99 3
8 9 3
8 10 1
8 11 4
8 12 4
8 13 2
8 14 2
8 15 1
8 16 3
8 17 1
8 18 1
8 19 4
8 20 4
8 21 2
8 22 3
8 23 3
8 24 2
8 25 4
8 26 3
8 27 1
8 28 2
8 29 3
8 30 2
8 31 2
8 32 3
8 33 3
8 34 1
8 35 2
8 36 3
8 37 3
8 38 2
8 39 1
8 40 4
8 41 2
8 42 5
8 43 4
8 44 3
8 45 3
8 46 3
8 47 3
8 48 3
8 49 4
8 50 4
8 51 2
8 52 3
8 53 4
8 54 3
8 55 1
8 56 2
8 57 2
8 58 1
8 59 2
8 60 1
8 61 4
8 62 1
8 63 1
8 64 3
8 65 1
8 66 2
8 67 3
8 68 4
8 69 3
8 70 2
8 71 3
8 72 3
8 73 4
8 74 2
8 75 4
8 76 4
8 77 2
8 78 4
8 79 5
8 80 3
8 81 3
8 82 3
8 83 1
8 84 4
8 85 4
8 86 3
8 87 4
8 88 2
8 89 4
8 90 2
8 91 3
8 92 2
8 93 2
8 94 1
8 95 4
8 96 3
8 97 4
8 98 3
8 99 1
9 10 3
9 11 5
9 12 5
9 13 4
9 14 4
9 15 2
9 16 5
9 17 4
9 18 2
9 19 5
9 20 4
9 21 4
9 22 5
9 23 5
9 24 1
9 25 6
9 26 4
9 27 3
9 28 4
9 29 3
9 30 4
9 31 4
9 32 5
9 33 5
9 34 2
9 35 5
9 36 4
9 37 4
9 38 4
9 39 3
9 40 6
9 41 4
9 42 6
9 43 4
9 44 4
9 45 1
9 46 6
9 47 1
9 48 3
9 49 1
9 50 4
9 51 4
9 52 5
9 53 3
9 54 2
9 55 2
9 56 3
9 57 2
9 58 3
9 59 3
9 60 3
9 61 5
9 62 2
9 63 3
9 64 5
9 65 2
9 66 3
9 67 3
9 68 5
9 69 3
9 70 3
9 71 1
9 72 1
9 73 6
9 74 4
9 75 5
9 76 6
9 77 1
9 78 4
9 79 6
9 80 1
9 81 3
9 82 3
9 83 2
9 84 6
9 85 4
9 86 4
9 87 5
9 88 4
9 89 5
9 90 4
9 91 5
9 92 4
9 93 4
9 94 2
9 95 6
9 96 3
9 97 6
9 98 1
9 99 3
10 11 3
10 12 3
10 13 1
10 14 3
10 15 1
10 16 2
10 17 2
10 18 2
10 19 3
10 20 3
10 21 3
10 22 4
10 23 2
10 24 2
10 25 4
10 26 2
10 27 2
10 28 3
10 29 2
10 30 1
10 31 3
10 32 2
10 33 3
10 34 2
10 35 2
10 36 2
10 37 2
10 38 2
10 39 1
10 40 3
10 41 3
10 42 4
10 43 3
10 44 2
10 45 3
10 46 3
10 47 3
10 48 3
10 49 3
10 50 3
10 51 3
10 52 4
10 53 3
10 54 2
10 55 1
10 56 1
10 57 2
10 58 2
10 59 3
10 60 1
10 61 3
10 62 2
10 63 1
10 64 3
10 65 1
10 66 3
10 67 2
10 68 3
10 69 3
10 70 1
10 71 3
10 72 3
10 73 3
10 74 2
10 75 3
10 76 4
10 77 2
10 78 3
10 79 4
10 80 3
10 81 2
10 82 3
10 83 1
10 84 4
10 85 3
10 86 2
10 87 3
10 88 3
10 89 3
10 90 3
10 91 2
10 92 2
10 93 2
10 94 1
10 95 3
10 96 3
10 97 4
10 98 3
10 99 1
11 12 1
11 13 3
11 14 4
11 15 4
11 16 2
11 17 3
11 18 5
11 19 1
11 20 1
11 21 5
11 22 4
11 23 2
11 24 5
11 25 3
11 26 2
11 27 4
11 28 5
11 29 3
11 30 2
11 31 4
11 32 2
11 33 3
11 34 5
11 35 3
11 36 2
11 37 1
11 38 2
11 39 3
11 40 1
11 41 4
11 42 1
11 43 2
11 44 1
11 45 5
11 46 2
11 47 4
11 48 6
11 49 5
11 50 2
11 51 3
11 52 4
11 53 3
11 54 3
11 55 4
11 56 3
11 57 5
11 58 4
11 59 5
11 60 4
11 61 1
11 62 5
11 63 3
11 64 2
11 65 4
11 66 5
11 67 3
11 68 1
11 69 6
11 70 3
11 71 4
11 72 5
11 73 2
11 74 2
11 75 1
11 76 3
11 77 5
11 78 2
11 79 1
11 80 4
11 81 2
11 82 6
11 83 4
11 84 4
11 85 2
11 86 2
11 87 1
11 88 4
11 89 1
11 90 3
11 91 2
11 92 3
11 93 3
11 94 4
11 95 1
11 96 6
11 97 1
11 98 5
11 99 3
12 13 3
12 14 5
12 15 4
12 16 3
12 17 4
12 18 5
12 19 1
12 20 1
12 21 6
12 22 5
12 23 3
12 24 5
12 25 4
12 26 1
12 27 4
12 28 5
12 29 2
12 30 3
12 31 5
12 32 3
12 33 4
12 34 5
12 35 3
12 36 2
12 37 2
12 38 3
12 39 3
12 40 2
12 41 5
12 42 2
12 43 1
12 44 2
12 45 5
12 46 3
12 47 4
12 48 6
12 49 4
12 50 1
12 51 4
12 52 5
12 53 2
12 54 3
12 55 4
12 56 2
12 57 5
12 58 5
12 59 6
12 60 4
12 61 1
12 62 5
12 63 3
12 64 3
12 65 4
12 66 6
12 67 2
12 68 1
12 69 6
12 70 2
12 71 4
12 72 4
12 73 3
12 74 3
12 75 1
12 76 4
12 77 5
12 78 1
12 79 2
12 80 4
12 81 2
12 82 6
12 83 4
12 84 5
12 85 1
12 86 1
12 87 1
12 88 4
12 89 1
12 90 4
12 91 2
12 92 3
12 93 3
12 94 4
12 95 2
12 96 6
12 97 2
12 98 4
12 99 3
13 14 2
13 15 2
13 16 1
13 17 1
13 18 3
13 19 3
13 20 2
13 21 3
13 22 3
13 23 1
13 24 3
13 25 3
13 26 2
13 27 2
13 28 3
13 29 2
13 30 1
13 31 2
13 32 1
13 33 2
13 34 2
13 35 1
13 36 1
13 37 2
13 38 1
13 39 1
13 40 2
13 41 3
13 42 3
13 43 2
13 44 2
13 45 4
13 46 2
13 47 3
13 48 4
13 49 3
13 50 3
13 51 2
13 52 3
13 53 3
13 54 2
13 55 2
13 56 1
13 57 3
13 58 2
13 59 3
13 60 1
13 61 2
13 62 3
13 63 1
13 64 2
13 65 2
13 66 3
13 67 2
13 68 2
13 69 4
13 70 1
13 71 3
13 72 3
13 73 2
13 74 1
13 75 3
13 76 3
13 77 3
13 78 3
13 79 3
13 80 3
13 81 2
13 82 4
13 83 2
13 84 3
13 85 2
13 86 2
13 87 3
13 88 2
13 89 3
13 90 2
13 91 1
13 92 1
13 93 1
13 94 2
13 95 2
13 96 4
13 97 3
13 98 3
13 99 1
14 15 3
14 16 3
14 17 1
14 18 3
14 19 4
14 20 4
14 21 2
14 22 2
14 23 3
14 24 4
14 25 3
14 26 4
14 27 1
14 28 1
14 29 4
14 30 3
14 31 1
14 32 2
14 33 2
14 34 3
14 35 2
14 36 3
14 37 3
14 38 2
14 39 3
14 40 3
14 41 1
14 42 5
14 43 4
14 44 3
14 45 4
14 46 3
14 47 5
14 48 3
14 49 5
14 50 5
14 51 1
14 52 1
14 53 5
14 54 4
14 55 3
14 56 3
14 57 3
14 58 1
14 59 2
14 60 2
14 61 4
14 62 3
14 63 3
14 64 2
14 65 3
14 66 2
14 67 4
14 68 4
14 69 3
14 70 3
14 71 5
14 72 5
14 73 3
14 74 3
14 75 4
14 76 3
14 77 3
14 78 5
14 79 4
14 80 5
14 81 4
14 82 3
14 83 2
14 84 2
14 85 4
14 86 4
14 87 4
14 88 1
14 89 4
14 90 1
14 91 3
14 92 2
14 93 2
14 94 3
14 95 4
14 96 3
14 97 4
14 98 5
14 99 3
15 16 3
15 17 2
15 18 1
15 19 4
15 20 4
15 21 3
15 22 4
15 23 3
15 24 2
15 25 4
15 26 3
15 27 2
15 28 3
15 29 3
15 30 2
15 31 3
15 32 3
15 33 4
15 34 1
15 35 3
15 36 3
15 37 3
15 38 2
15 39 1
15 40 4
15 41 3
15 42 5
15 43 4
15 44 3
15 45 2
15 46 4
15 47 3
15 48 3
15 49 3
15 50 4
15 51 3
15 52 4
15 53 4
15 54 3
15 55 1
15 56 2
15 57 2
15 58 2
15 59 2
15 60 1
15 61 4
15 62 1
15 63 1
15 64 3
15 65 1
15 66 2
15 67 3
15 68 4
15 69 3
15 70 2
15 71 3
15 72 3
15 73 4
15 74 2
15 75 4
15 76 4
15 77 1
15 78 4
15 79 5
15 80 3
15 81 3
15 82 3
15 83 1
15 84 5
15 85 4
15 86 3
15 87 4
15 88 3
15 89 4
15 90 3
15 91 3
15 92 3
15 93 3
15 94 1
15 95 4
15 96 3
15 97 5
15 98 3
15 99 1
16 17 2
16 18 4
16 19 2
16 20 2
16 21 4
16 22 3
16 23 1
16 24 4
16 25 2
16 26 2
16 27 2
16 28 3
16 29 2
16 30 1
16 31 3
16 32 1
16 33 2
16 34 3
16 35 1
16 36 1
16 37 1
16 38 1
16 39 2
16 40 2
16 41 3
16 42 3
16 43 2
16 44 1
16 45 5
16 46 2
16 47 4
16 48 5
16 49 4
16 50 3
16 51 2
16 52 3
16 53 3
16 54 3
16 55 3
16 56 2
16 57 4
16 58 3
16 59 4
16 60 2
16 61 2
16 62 4
16 63 2
16 64 1
16 65 3
16 66 4
16 67 3
16 68 2
16 69 5
16 70 2
16 71 4
16 72 4
16 73 2
16 74 1
16 75 2
16 76 2
16 77 4
16 78 3
16 79 3
16 80 4
16 81 2
16 82 5
16 83 3
16 84 3
16 85 2
16 86 2
16 87 2
16 88 2
16 89 2
16 90 2
16 91 1
16 92 1
16 93 1
16 94 3
16 95 2
16 96 5
16 97 3
16 98 4
16 99 2
17 18 2
17 19 3
17 20 3
17 21 2
17 22 2
17 23 2
17 24 3
17 25 3
17 26 3
17 27 1
17 28 2
17 29 3
17 30 2
17 31 1
17 32 2
17 33 2
17 34 2
17 35 1
17 36 2
17 37 2
17 38 1
17 39 2
17 40 3
17 41 2
17 42 4
17 43 3
17 44 2
17 45 4
17 46 2
17 47 4
17 48 3
17 49 4
17 50 4
17 51 1
17 52 2
17 53 4
17 54 3
17 55 2
17 56 2
17 57 3
17 58 1
17 59 2
17 60 1
17 61 3
17 62 2
17 63 2
17 64 2
17 65 2
17 66 2
17 67 3
17 68 3
17 69 3
17 70 2
17 71 4
17 72 4
17 73 3
17 74 2
17 75 3
17 76 3
17 77 3
17 78 4
17 79 4
17 80 4
17 81 3
17 82 3
17 83 2
17 84 3
17 85 3
17 86 3
17 87 3
17 88 1
17 89 3
17 90 1
17 91 2
17 92 1
17 93 1
17 94 2
17 95 3
17 96 3
17 97 3
17 98 4
17 99 2
18 19 5
18 20 5
18 21 2
18 22 4
18 23 4
18 24 2
18 25 5
18 26 4
18 27 2
18 28 2
18 29 4
18 30 3
18 31 3
18 32 4
18 33 4
18 34 1
18 35 3
18 36 4
18 37 4
18 38 3
18 39 2
18 40 5
18 41 3
18 42 6
18 43 5
18 44 4
18 45 2
18 46 4
18 47 3
18 48 2
18 49 3
18 50 5
18 51 3
18 52 4
18 53 5
18 54 4
18 55 1
18 56 3
18 57 1
18 58 2
18 59 1
18 60 2
18 61 5
18 62 1
18 63 2
18 64 4
18 65 1
18 66 2
18 67 4
18 68 5
18 69 2
18 70 3
18 71 3
18 72 3
18 73 5
18 74 3
18 75 5
18 76 5
18 77 1
18 78 5
18 79 6
18 80 3
18 81 4
18 82 2
18 83 1
18 84 5
18 85 5
18 86 4
18 87 5
18 88 3
18 89 5
18 90 3
18 91 4
18 92 3
18 93 3
18 94 1
18 95 5
18 96 2
18 97 5
18 98 3
18 99 2
19 20 1
19 21 5
19 22 5
19 23 2
19 24 5
19 25 4
19 26 1
19 27 4
19 28 5
19 29 2
19 30 2
19 31 4
19 32 3
19 33 4
19 34 5
19 35 3
19 36 2
19 37 2
19 38 2
19 39 3
19 40 2
19 41 5
19 42 2
19 43 1
19 44 1
19 45 5
19 46 3
19 47 4
19 48 6
19 49 4
19 50 1
19 51 4
19 52 5
19 53 2
19 54 3
19 55 4
19 56 2
19 57 5
19 58 4
19 59 5
19 60 4
19 61 1
19 62 5
19 63 3
19 64 3
19 65 4
19 66 5
19 67 2
19 68 1
19 69 6
19 70 2
19 71 4
19 72 4
19 73 3
19 74 2
19 75 1
19 76 4
19 77 5
19 78 1
19 79 2
19 80 4
19 81 2
19 82 6
19 83 4
19 84 5
19 85 1
19 86 1
19 87 1
19 88 4
19 89 1
19 90 4
19 91 2
19 92 3
19 93 3
19 94 4
19 95 2
19 96 6
19 97 2
19 98 4
19 99 3
20 21 5
20 22 5
20 23 2
20 24 4
20 25 4
20 26 1
20 27 4
20 28 5
20 29 2
20 30 2
20 31 4
20 32 3
20 33 4
20 34 4
20 35 3
20 36 1
20 37 1
20 38 2
20 39 3
20 40 2
20 41 5
20 42 2
20 43 1
20 44 1
20 45 4
20 46 3
20 47 3
20 48 6
20 49 4
20 50 2
20 51 4
20 52 5
20 53 2
20 54 2
20 55 4
20 56 2
20 57 5
20 58 4
20 59 5
20 60 3
20 61 1
20 62 5
20 63 3
20 64 3
20 65 4
20 66 5
20 67 2
20 68 1
20 69 6
20 70 2
20 71 3
20 72 4
20 73 3
20 74 2
20 75 1
20 76 4
20 77 5
20 78 1
20 79 2
20 80 3
20 81 1
20 82 6
20 83 4
20 84 5
20 85 1
20 86 1
20 87 1
20 88 4
20 89 1
20 90 4
20 91 2
20 92 3
20 93 3
20 94 4
20 95 2
20 96 6
20 97 2
20 98 4
20 99 3
21 22 4
21 23 4
21 24 4
21 25 5
21 26 5
21 27 2
21 28 1
21 29 5
21 30 4
21 31 2
21 32 4
21 33 4
21 34 3
21 35 3
21 36 4
21 37 4
21 38 3
21 39 3
21 40 5
21 41 2
21 42 6
21 43 5
21 44 4
21 45 4
21 46 4
21 47 5
21 48 1
21 49 5
21 50 6
21 51 3
21 52 3
21 53 6
21 54 5
21 55 3
21 56 4
21 57 2
21 58 1
21 59 1
21 60 3
21 61 5
21 62 2
21 63 3
21 64 4
21 65 3
21 66 1
21 67 5
21 68 5
21 69 1
21 70 4
21 71 5
21 72 5
21 73 5
21 74 4
21 75 5
21 76 5
21 77 3
21 78 6
21 79 6
21 80 5
21 81 5
21 82 1
21 83 3
21 84 4
21 85 5
21 86 5
21 87 5
21 88 3
21 89 5
21 90 3
21 91 4
21 92 3
21 93 3
21 94 3
21 95 5
21 96 1
21 97 5
21 98 5
21 99 3
22 23 3
22 24 5
22 25 1
22 26 5
22 27 2
22 28 3
22 29 5
22 30 3
22 31 2
22 32 2
22 33 1
22 34 4
22 35 2
22 36 4
22 37 4
22 38 3
22 39 4
22 40 3
22 41 2
22 42 4
22 43 5
22 44 4
22 45 5
22 46 2
22 47 6
22 48 4
22 49 6
22 50 5
22 51 1
22 52 1
22 53 5
22 54 5
22 55 4
22 56 4
22 57 4
22 58 3
22 59 4
22 60 3
22 61 4
22 62 4
22 63 4
22 64 2
22 65 4
22 66 3
22 67 5
22 68 4
22 69 5
22 70 4
22 71 6
22 72 6
22 73 2
22 74 3
22 75 4
22 76 1
22 77 4
22 78 5
22 79 4
22 80 6
22 81 4
22 82 5
22 83 3
22 84 1
22 85 5
22 86 5
22 87 4
22 88 2
22 89 4
22 90 2
22 91 3
22 92 2
22 93 2
22 94 4
22 95 3
22 96 5
22 97 3
22 98 6
22 99 4
23 24 4
23 25 2
23 26 2
23 27 2
23 28 3
23 29 3
23 30 1
23 31 3
23 32 1
23 33 2
23 34 3
23 35 1
23 36 2
23 37 1
23 38 1
23 39 2
23 40 1
23 41 3
23 42 3
23 43 3
23 44 1
23 45 5
23 46 1
23 47 4
23 48 5
23 49 4
23 50 3
23 51 2
23 52 3
23 53 3
23 54 3
23 55 3
23 56 2
23 57 4
23 58 3
23 59 4
23 60 2
23 61 2
23 62 4
23 63 2
23 64 1
23 65 3
23 66 4
23 67 3
23 68 2
23 69 5
23 70 2
23 71 4
23 72 4
23 73 1
23 74 1
23 75 2
23 76 2
23 77 4
23 78 3
23 79 2
23 80 4
23 81 2
23 82 5
23 83 3
23 84 3
23 85 2
23 86 3
23 87 2
23 88 2
23 89 2
23 90 2
23 91 1
23 92 1
23 93 1
23 94 3
23 95 2
23 96 5
23 97 2
23 98 4
23 99 2
24 25 5
24 26 4
24 27 3
24 28 4
24 29 3
24 30 3
24 31 4
24 32 4
24 33 5
24 34 2
24 35 4
24 36 4
24 37 4
24 38 3
24 39 2
24 40 5
24 41 4
24 42 6
24 43 4
24 44 4
24 45 1
24 46 5
24 47 1
24 48 3
24 49 2
24 50 4
24 51 4
24 52 5
24 53 3
24 54 2
24 55 2
24 56 3
24 57 2
24 58 3
24 59 3
24 60 2
24 61 5
24 62 2
24 63 2
24 64 4
24 65 1
24 66 3
24 67 3
24 68 5
24 69 3
24 70 3
24 71 1
24 72 1
24 73 5
24 74 3
24 75 5
24 76 5
24 77 1
24 78 4
24 79 6
24 80 1
24 81 3
24 82 3
24 83 2
24 84 6
24 85 4
24 86 4
24 87 5
24 88 4
24 89 5
24 90 4
24 91 4
24 92 4
24 93 4
24 94 1
24 95 5
24 96 3
24 97 6
24 98 1
24 99 2
25 26 4
25 27 3
25 28 4
25 29 4
25 30 3
25 31 3
25 32 2
25 33 1
25 34 5
25 35 2
25 36 3
25 37 3
25 38 2
25 39 3
25 40 2
25 41 3
25 42 3
25 43 4
25 44 3
25 45 6
25 46 1
25 47 6
25 48 5
25 49 6
25 50 5
25 51 2
25 52 2
25 53 5
25 54 5
25 55 4
25 56 4
25 57 5
25 58 4
25 59 5
25 60 4
25 61 3
25 62 5
25 63 4
25 64 1
25 65 5
25 66 4
25 67 5
25 68 3
25 69 6
25 70 4
25 71 6
25 72 6
25 73 1
25 74 3
25 75 3
25 76 1
25 77 5
25 78 5
25 79 3
25 80 6
25 81 4
25 82 6
25 83 4
25 84 1
25 85 4
25 86 4
25 87 3
25 88 2
25 89 3
25 90 2
25 91 2
25 92 2
25 93 2
25 94 4
25 95 2
25 96 6
25 97 2
25 98 6
25 99 3
26 27 4
26 28 5
26 29 1
26 30 2
26 31 4
26 32 3
26 33 4
26 34 4
26 35 3
26 36 1
26 37 1
26 38 2
26 39 2
26 40 3
26 41 5
26 42 3
26 43 1
26 44 1
26 45 4
26 46 3
26 47 3
26 48 5
26 49 3
26 50 1
26 51 4
26 52 5
26 53 1
26 54 2
26 55 3
26 56 1
26 57 4
26 58 4
26 59 5
26 60 3
26 61 2
26 62 4
26 63 2
26 64 3
26 65 3
26 66 5
26 67 1
26 68 2
26 69 5
26 70 1
26 71 3
26 72 3
26 73 3
26 74 2
26 75 2
26 76 4
26 77 4
26 78 1
26 79 3
26 80 3
26 81 1
26 82 5
26 83 3
26 84 5
26 85 1
26 86 1
26 87 2
26 88 4
26 89 2
26 90 4
26 91 2
26 92 3
26 93 3
26 94 3
26 95 3
26 96 5
26 97 3
26 98 3
26 99 2
27 28 1
27 29 4
27 30 2
27 31 1
27 32 2
27 33 2
27 34 2
27 35 2
27 36 3
27 37 3
27 38 2
27 39 2
27 40 3
27 41 1
27 42 4
27 43 4
27 44 3
27 45 3
27 46 3
27 47 4
27 48 3
27 49 4
27 50 4
27 51 1
27 52 2
27 53 4
27 54 4
27 55 2
27 56 3
27 57 2
27 58 1
27 59 2
27 60 1
27 61 3
27 62 2
27 63 2
27 64 2
27 65 2
27 66 2
27 67 4
27 68 4
27 69 3
27 70 3
27 71 4
27 72 4
27 73 3
27 74 2
27 75 4
27 76 3
27 77 2
27 78 4
27 79 4
27 80 4
27 81 3
27 82 3
27 83 1
27 84 3
27 85 4
27 86 4
27 87 4
27 88 1
27 89 4
27 90 1
27 91 2
27 92 1
27 93 1
27 94 2
27 95 3
27 96 3
27 97 4
27 98 4
27 99 2
28 29 5
28 30 3
28 31 1
28 32 3
28 33 3
28 34 3
28 35 3
28 36 4
28 37 4
28 38 3
28 39 3
28 40 4
28 41 1
28 42 5
28 43 5
28 44 4
28 45 4
28 46 4
28 47 5
28 48 2
28 49 5
28 50 5
28 51 2
28 52 2
28 53 5
28 54 5
28 55 3
28 56 4
28 57 2
28 58 1
28 59 1
28 60 2
28 61 4
28 62 3
28 63 3
28 64 3
28 65 3
28 66 1
28 67 5
28 68 5
28 69 2
28 70 4
28 71 5
28 72 5
28 73 4
28 74 3
28 75 5
28 76 4
28 77 3
28 78 5
28 79 5
28 80 5
28 81 4
28 82 2
28 83 2
28 84 3
28 85 5
28 86 5
28 87 5
28 88 2
28 89 5
28 90 2
28 91 3
28 92 2
28 93 2
28 94 3
28 95 4
28 96 2
28 97 5
28 98 5
28 99 3
29 30 2
29 31 4
29 32 3
29 33 4
29 34 4
29 35 3
29 36 1
29 37 2
29 38 2
29 39 2
29 40 3
29 41 5
29 42 3
29 43 2
29 44 2
29 45 3
29 46 3
29 47 2
29 48 5
29 49 2
29 50 1
29 51 4
29 52 5
29 53 1
29 54 1
29 55 3
29 56 1
29 57 4
29 58 4
29 59 5
29 60 3
29 61 2
29 62 4
29 63 2
29 64 3
29 65 3
29 66 5
29 67 1
29 68 2
29 69 5
29 70 1
29 71 2
29 72 2
29 73 3
29 74 2
29 75 3
29 76 4
29 77 4
29 78 1
29 79 3
29 80 2
29 81 1
29 82 5
29 83 3
29 84 5
29 85 2
29 86 1
29 87 3
29 88 4
29 89 3
29 90 4
29 91 2
29 92 3
29 93 3
29 94 3
29 95 3
29 96 5
29 97 3
29 98 2
29 99 2
30 31 3
30 32 1
30 33 2
30 34 3
30 35 1
30 36 1
30 37 1
30 38 1
30 39 1
30 40 2
30 41 3
30 42 3
30 43 2
30 44 1
30 45 4
30 46 2
30 47 3
30 48 4
30 49 3
30 50 2
30 51 2
30 52 3
30 53 2
30 54 2
30 55 2
30 56 1
30 57 3
30 58 3
30 59 4
30 60 2
30 61 2
30 62 3
30 63 1
30 64 2
30 65 2
30 66 4
30 67 2
30 68 2
30 69 4
30 70 1
30 71 3
30 72 3
30 73 2
30 74 1
30 75 2
30 76 3
30 77 3
30 78 2
30 79 3
30 80 3
30 81 1
30 82 4
30 83 2
30 84 3
30 85 2
30 86 2
30 87 2
30 88 2
30 89 2
30 90 2
30 91 1
30 92 1
30 93 1
30 94 2
30 95 2
30 96 4
30 97 3
30 98 3
30 99 1
31 32 2
31 33 2
31 34 3
31 35 2
31 36 3
31 37 3
31 38 2
31 39 3
31 40 3
31 41 1
31 42 5
31 43 4
31 44 3
31 45 4
31 46 3
31 47 5
31 48 2
31 49 5
31 50 5
31 51 1
31 52 1
31 53 5
31 54 4
31 55 3
31 56 3
31 57 3
31 58 1
31 59 2
31 60 2
31 61 4
31 62 3
31 63 3
31 64 2
31 65 3
31 66 1
31 67 4
31 68 4
31 69 3
31 70 3
31 71 5
31 72 5
31 73 3
31 74 3
31 75 4
31 76 3
31 77 3
31 78 5
31 79 4
31 80 5
31 81 4
31 82 3
31 83 2
31 84 2
31 85 4
31 86 4
31 87 4
31 88 1
31 89 4
31 90 2
31 91 3
31 92 2
31 93 2
31 94 3
31 95 4
31 96 3
31 97 4
31 98 5
31 99 3
32 33 1
32 34 3
32 35 1
32 36 2
32 37 2
32 38 1
32 39 2
32 40 1
32 41 2
32 42 3
32 43 3
32 44 2
32 45 5
32 46 1
32 47 4
32 48 4
32 49 4
32 50 3
32 51 1
32 52 2
32 53 3
32 54 3
32 55 3
32 56 2
32 57 4
32 58 3
32 59 4
32 60 2
32 61 2
32 62 4
32 63 2
32 64 1
32 65 3
32 66 3
32 67 3
32 68 2
32 69 5
32 70 2
32 71 4
32 72 4
32 73 1
32 74 1
32 75 2
32 76 2
32 77 4
32 78 3
32 79 2
32 80 4
32 81 2
32 82 5
32 83 3
32 84 2
32 85 3
32 86 3
32 87 3
32 88 2
32 89 2
32 90 1
32 91 1
32 92 1
32 93 1
32 94 3
32 95 2
32 96 5
32 97 2
32 98 4
32 99 2
33 34 4
33 35 1
33 36 3
33 37 3
33 38 2
33 39 3
33 40 2
33 41 2
33 42 4
33 43 4
33 44 3
33 45 5
33 46 2
33 47 5
33 48 4
33 49 5
33 50 4
33 51 1
33 52 1
33 53 4
33 54 4
33 55 4
33 56 3
33 57 4
33 58 3
33 59 4
33 60 3
33 61 3
33 62 4
33 63 3
33 64 1
33 65 4
33 66 3
33 67 4
33 68 3
33 69 5
33 70 3
33 71 5
33 72 5
33 73 2
33 74 2
33 75 3
33 76 1
33 77 4
33 78 4
33 79 3
33 80 5
33 81 3
33 82 5
33 83 3
33 84 1
33 85 4
33 86 4
33 87 4
33 88 1
33 89 3
33 90 1
33 91 2
33 92 1
33 93 1
33 94 4
33 95 3
33 96 5
33 97 3
33 98 5
33 99 3
34 35 3
34 36 3
34 37 4
34 38 3
34 39 2
34 40 4
34 41 3
34 42 5
34 43 4
34 44 4
34 45 2
34 46 4
34 47 3
34 48 2
34 49 3
34 50 5
34 51 3
34 52 4
34 53 5
34 54 4
34 55 1
34 56 3
34 57 1
34 58 2
34 59 2
34 60 1
34 61 4
34 62 1
34 63 2
34 64 4
34 65 1
34 66 2
34 67 4
34 68 4
34 69 2
34 70 3
34 71 3
34 72 3
34 73 4
34 74 3
34 75 5
34 76 5
34 77 1
34 78 5
34 79 5
34 80 3
34 81 4
34 82 2
34 83 1
34 84 5
34 85 4
34 86 4
34 87 5
34 88 3
34 89 5
34 90 3
34 91 3
34 92 3
34 93 3
34 94 1
34 95 4
34 96 2
34 97 5
34 98 3
34 99 2
35 36 2
35 37 2
35 38 1
35 39 2
35 40 2
35 41 2
35 42 3
35 43 3
35 44 2
35 45 5
35 46 1
35 47 4
35 48 4
35 49 4
35 50 3
35 51 1
35 52 2
35 53 3
35 54 3
35 55 3
35 56 2
35 57 4
35 58 2
35 59 3
35 60 2
35 61 2
35 62 3
35 63 2
35 64 1
35 65 3
35 66 3
35 67 3
35 68 3
35 69 4
35 70 2
35 71 4
35 72 4
35 73 2
35 74 1
35 75 3
35 76 2
35 77 4
35 78 3
35 79 3
35 80 4
35 81 2
35 82 4
35 83 3
35 84 2
35 85 3
35 86 3
35 87 3
35 88 2
35 89 3
35 90 1
35 91 1
35 92 1
35 93 1
35 94 3
35 95 2
35 96 4
35 97 2
35 98 4
35 99 2
36 37 1
36 38 1
36 39 2
36 40 2
36 41 4
36 42 2
36 43 1
36 44 1
36 45 4
36 46 2
36 47 3
36 48 5
36 49 3
36 50 2
36 51 3
36 52 4
36 53 2
36 54 2
36 55 3
36 56 1
36 57 4
36 58 3
36 59 4
36 60 2
36 61 1
36 62 4
36 63 2
36 64 2
36 65 3
36 66 4
36 67 2
36 68 1
36 69 5
36 70 1
36 71 3
36 72 3
36 73 2
36 74 1
36 75 2
36 76 3
36 77 4
36 78 2
36 79 2
36 80 3
36 81 1
36 82 5
36 83 3
36 84 4
36 85 1
36 86 1
36 87 2
36 88 3
36 89 2
36 90 3
36 91 1
36 92 2
36 93 2
36 94 3
36 95 2
36 96 5
36 97 2
36 98 3
36 99 2
37 38 1
37 39 2
37 40 2
37 41 4
37 42 2
37 43 2
37 44 1
37 45 4
37 46 2
37 47 3
37 48 5
37 49 4
37 50 2
37 51 3
37 52 4
37 53 2
37 54 2
37 55 3
37 56 2
37 57 4
37 58 3
37 59 4
37 60 3
37 61 1
37 62 4
37 63 2
37 64 2
37 65 3
37 66 4
37 67 2
37 68 1
37 69 5
37 70 2
37 71 3
37 72 4
37 73 2
37 74 1
37 75 1
37 76 3
37 77 4
37 78 2
37 79 2
37 80 3
37 81 1
37 82 5
37 83 3
37 84 4
37 85 1
37 86 2
37 87 2
37 88 3
37 89 1
37 90 3
37 91 1
37 92 2
37 93 2
37 94 3
37 95 2
37 96 5
37 97 2
37 98 4
37 99 2
38 39 1
38 40 2
38 41 3
38 42 3
38 43 2
38 44 1
38 45 4
38 46 2
38 47 4
38 48 4
38 49 4
38 50 3
38 51 2
38 52 3
38 53 3
38 54 3
38 55 2
38 56 2
38 57 3
38 58 2
38 59 3
38 60 2
38 61 2
38 62 3
38 63 2
38 64 1
38 65 3
38 66 3
38 67 3
38 68 2
38 69 4
38 70 2
38 71 4
38 72 4
38 73 2
38 74 1
38 75 2
38 76 2
38 77 3
38 78 3
38 79 3
38 80 4
38 81 2
38 82 4
38 83 2
38 84 3
38 85 2
38 86 2
38 87 2
38 88 2
38 89 2
38 90 2
38 91 1
38 92 1
38 93 1
38 94 2
38 95 2
38 96 4
38 97 3
38 98 4
38 99 1
39 40 3
39 41 3
39 42 4
39 43 3
39 44 2
39 45 3
39 46 3
39 47 3
39 48 3
39 49 3
39 50 3
39 51 3
39 52 4
39 53 3
39 54 2
39 55 1
39 56 1
39 57 2
39 58 2
39 59 3
39 60 1
39 61 3
39 62 2
39 63 1
39 64 2
39 65 2
39 66 3
39 67 2
39 68 3
39 69 3
39 70 1
39 71 3
39 72 3
39 73 3
39 74 1
39 75 3
39 76 3
39 77 2
39 78 3
39 79 4
39 80 3
39 81 2
39 82 3
39 83 1
39 84 4
39 85 3
39 86 2
39 87 3
39 88 3
39 89 3
39 90 3
39 91 2
39 92 2
39 93 2
39 94 1
39 95 3
39 96 3
39 97 4
39 98 3
39 99 1
40 41 3
40 42 2
40 43 3
40 44 2
40 45 6
40 46 1
40 47 5
40 48 5
40 49 5
40 50 3
40 51 2
40 52 3
40 53 4
40 54 4
40 55 4
40 56 3
40 57 5
40 58 4
40 59 5
40 60 3
40 61 1
40 62 5
40 63 3
40 64 1
40 65 4
40 66 4
40 67 3
40 68 1
40 69 6
40 70 3
40 71 5
40 72 5
40 73 1
40 74 2
40 75 1
40 76 2
40 77 5
40 78 3
40 79 1
40 80 5
40 81 3
40 82 6
40 83 4
40 84 3
40 85 2
40 86 3
40 87 2
40 88 3
40 89 1
40 90 2
40 91 1
40 92 2
40 93 2
40 94 4
40 95 1
40 96 6
40 97 1
40 98 5
40 99 3
41 42 5
41 43 5
41 44 4
41 45 4
41 46 3
41 47 5
41 48 3
41 49 5
41 50 5
41 51 1
41 52 1
41 53 5
41 54 5
41 55 3
41 56 4
41 57 3
41 58 2
41 59 2
41 60 2
41 61 4
41 62 3
41 63 3
41 64 2
41 65 3
41 66 2
41 67 5
41 68 4
41 69 3
41 70 4
41 71 5
41 72 5
41 73 3
41 74 3
41 75 4
41 76 3
41 77 3
41 78 5
41 79 4
41 80 5
41 81 4
41 82 3
41 83 2
41 84 2
41 85 5
41 86 5
41 87 5
41 88 1
41 89 4
41 90 2
41 91 3
41 92 2
41 93 2
41 94 3
41 95 4
41 96 3
41 97 4
41 98 5
41 99 3
42 43 2
42 44 2
42 45 6
42 46 2
42 47 5
42 48 7
42 49 5
42 50 3
42 51 4
42 52 5
42 53 4
42 54 4
42 55 5
42 56 3
42 57 6
42 58 5
42 59 6
42 60 4
42 61 1
42 62 6
42 63 4
42 64 3
42 65 5
42 66 6
42 67 3
42 68 1
42 69 7
42 70 3
42 71 5
42 72 5
42 73 2
42 74 3
42 75 1
42 76 3
42 77 6
42 78 3
42 79 1
42 80 5
42 81 3
42 82 7
42 83 5
42 84 4
42 85 2
42 86 3
42 87 1
42 88 4
42 89 1
42 90 4
42 91 2
42 92 3
42 93 3
42 94 5
42 95 1
42 96 7
42 97 1
42 98 5
42 99 4
43 44 2
43 45 4
43 46 3
43 47 3
43 48 6
43 49 3
43 50 1
43 51 4
43 52 5
43 53 2
43 54 2
43 55 4
43 56 2
43 57 5
43 58 4
43 59 5
43 60 3
43 61 2
43 62 5
43 63 3
43 64 3
43 65 4
43 66 5
43 67 1
43 68 2
43 69 6
43 70 2
43 71 3
43 72 3
43 73 3
43 74 2
43 75 2
43 76 4
43 77 5
43 78 1
43 79 2
43 80 3
43 81 1
43 82 6
43 83 4
43 84 5
43 85 1
43 86 1
43 87 1
43 88 4
43 89 2
43 90 4
43 91 2
43 92 3
43 93 3
43 94 4
43 95 3
43 96 6
43 97 2
43 98 3
43 99 3
44 45 4
44 46 2
44 47 3
44 48 5
44 49 4
44 50 2
44 51 3
44 52 4
44 53 2
44 54 2
44 55 3
44 56 2
44 57 4
44 58 3
44 59 4
44 60 3
44 61 1
44 62 4
44 63 2
44 64 2
44 65 3
44 66 4
44 67 2
44 68 1
44 69 5
44 70 2
44 71 3
44 72 4
44 73 2
44 74 1
44 75 1
44 76 3
44 77 4
44 78 2
44 79 2
44 80 3
44 81 1
44 82 5
44 83 3
44 84 4
44 85 1
44 86 2
44 87 1
44 88 3
44 89 1
44 90 3
44 91 1
44 92 2
44 93 2
44 94 3
44 95 2
44 96 5
44 97 2
44 98 4
44 99 2
45 46 6
45 47 1
45 48 3
45 49 1
45 50 4
45 51 4
45 52 5
45 53 3
45 54 2
45 55 2
45 56 3
45 57 2
45 58 3
45 59 3
45 60 3
45 61 5
45 62 2
45 63 3
45 64 5
45 65 2
45 66 3
45 67 3
45 68 5
45 69 3
45 70 3
45 71 1
45 72 1
45 73 6
45 74 4
45 75 5
45 76 6
45 77 1
45 78 4
45 79 6
45 80 1
45 81 3
45 82 3
45 83 2
45 84 6
45 85 4
45 86 4
45 87 5
45 88 4
45 89 5
45 90 4
45 91 5
45 92 4
45 93 4
45 94 2
45 95 6
45 96 3
45 97 6
45 98 1
45 99 3
46 47 5
46 48 5
46 49 5
46 50 4
46 51 2
46 52 3
46 53 4
46 54 4
46 55 4
46 56 3
46 57 5
46 58 3
46 59 4
46 60 3
46 61 2
46 62 4
46 63 3
46 64 1
46 65 4
46 66 4
46 67 4
46 68 2
46 69 5
46 70 3
46 71 5
46 72 5
46 73 1
46 74 2
46 75 2
46 76 1
46 77 5
46 78 4
46 79 2
46 80 5
46 81 3
46 82 5
46 83 4
46 84 2
46 85 3
46 86 3
46 87 2
46 88 3
46 89 2
46 90 2
46 91 1
46 92 2
46 93 2
46 94 4
46 95 1
46 96 5
46 97 1
46 98 5
46 99 3
47 48 4
47 49 1
47 50 3
47 51 5
47 52 6
47 53 2
47 54 1
47 55 3
47 56 2
47 57 3
47 58 4
47 59 4
47 60 3
47 61 4
47 62 3
47 63 3
47 64 5
47 65 2
47 66 4
47 67 2
47 68 4
47 69 4
47 70 2
47 71 1
47 72 1
47 73 5
47 74 4
47 75 4
47 76 6
47 77 2
47 78 3
47 79 5
47 80 1
47 81 2
47 82 4
47 83 3
47 84 6
47 85 3
47 86 3
47 87 4
47 88 5
47 89 4
47 90 5
47 91 4
47 92 4
47 93 4
47 94 2
47 95 5
47 96 4
47 97 5
47 98 1
47 99 3
48 49 4
48 50 6
48 51 3
48 52 3
48 53 6
48 54 5
48 55 3
48 56 4
48 57 1
48 58 2
48 59 1
48 60 3
48 61 6
48 62 2
48 63 3
48 64 4
48 65 2
48 66 1
48 67 5
48 68 6
48 69 1
48 70 4
48 71 4
48 72 4
48 73 5
48 74 4
48 75 6
48 76 5
48 77 2
48 78 6
48 79 6
48 80 4
48 81 5
48 82 1
48 83 2
48 84 4
48 85 6
48 86 5
48 87 6
48 88 3
48 89 6
48 90 4
48 91 5
48 92 4
48 93 4
48 94 3
48 95 6
48 96 1
48 97 6
48 98 4
48 99 3
49 50 3
49 51 5
49 52 6
49 53 2
49 54 2
49 55 3
49 56 3
49 57 3
49 58 4
49 59 4
49 60 4
49 61 4
49 62 3
49 63 3
49 64 5
49 65 3
49 66 4
49 67 2
49 68 4
49 69 4
49 70 2
49 71 1
49 72 1
49 73 5
49 74 4
49 75 5
49 76 6
49 77 2
49 78 3
49 79 5
49 80 1
49 81 3
49 82 4
49 83 3
49 84 6
49 85 3
49 86 3
49 87 4
49 88 5
49 89 5
49 90 5
49 91 4
49 92 4
49 93 4
49 94 3
49 95 5
49 96 4
49 97 5
49 98 1
49 99 3
50 51 4
50 52 5
50 53 1
50 54 2
50 55 4
50 56 2
50 57 5
50 58 5
50 59 6
50 60 4
50 61 2
50 62 5
50 63 3
50 64 4
50 65 4
50 66 6
50 67 1
50 68 2
50 69 6
50 70 2
50 71 3
50 72 3
50 73 4
50 74 3
50 75 2
50 76 5
50 77 5
50 78 1
50 79 3
50 80 3
50 81 1
50 82 6
50 83 4
50 84 5
50 85 1
50 86 1
50 87 2
50 88 4
50 89 2
50 90 4
50 91 3
50 92 3
50 93 3
50 94 4
50 95 3
50 96 6
50 97 3
50 98 3
50 99 3
51 52 1
51 53 4
51 54 4
51 55 3
51 56 3
51 57 3
51 58 2
51 59 3
51 60 2
51 61 3
51 62 3
51 63 3
51 64 1
51 65 3
51 66 2
51 67 4
51 68 3
51 69 4
51 70 3
51 71 5
51 72 5
51 73 2
51 74 2
51 75 3
51 76 2
51 77 3
51 78 4
51 79 3
51 80 5
51 81 3
51 82 4
51 83 2
51 84 2
51 85 4
51 86 4
51 87 4
51 88 1
51 89 3
51 90 1
51 91 2
51 92 1
51 93 1
51 94 3
51 95 3
51 96 4
51 97 3
51 98 5
51 99 3
52 53 5
52 54 5
52 55 4
52 56 4
52 57 4
52 58 2
52 59 3
52 60 3
52 61 4
52 62 4
52 63 4
52 64 2
52 65 4
52 66 2
52 67 5
52 68 4
52 69 4
52 70 4
52 71 6
52 72 6
52 73 3
52 74 3
52 75 4
52 76 2
52 77 4
52 78 5
52 79 4
52 80 6
52 81 4
52 82 4
52 83 3
52 84 1
52 85 5
52 86 5
52 87 5
52 88 1
52 89 4
52 90 1
52 91 3
52 92 2
52 93 2
52 94 4
52 95 4
52 96 4
52 97 4
52 98 6
52 99 4
53 54 1
53 55 4
53 56 2
53 57 5
53 58 5
53 59 6
53 60 4
53 61 3
53 62 5
53 63 3
53 64 4
53 65 4
53 66 6
53 67 1
53 68 3
53 69 6
53 70 2
53 71 2
53 72 2
53 73 4
53 74 3
53 75 3
53 76 5
53 77 4
53 78 1
53 79 4
53 80 2
53 81 1
53 82 6
53 83 4
53 84 5
53 85 2
53 86 1
53 87 3
53 88 4
53 89 3
53 90 4
53 91 3
53 92 3
53 93 3
53 94 4
53 95 4
53 96 6
53 97 4
53 98 2
53 99 3
54 55 3
54 56 1
54 57 4
54 58 4
54 59 5
54 60 3
54 61 3
54 62 4
54 63 2
54 64 4
54 65 3
54 66 5
54 67 1
54 68 3
54 69 5
54 70 1
54 71 1
54 72 2
54 73 4
54 74 3
54 75 3
54 76 5
54 77 3
54 78 2
54 79 4
54 80 1
54 81 1
54 82 5
54 83 3
54 84 5
54 85 2
54 86 2
54 87 3
54 88 4
54 89 3
54 90 4
54 91 3
54 92 3
54 93 3
54 94 3
54 95 4
54 96 5
54 97 4
54 98 2
54 99 2
55 56 2
55 57 2
55 58 2
55 59 2
55 60 1
55 61 4
55 62 1
55 63 1
55 64 3
55 65 1
55 66 2
55 67 3
55 68 4
55 69 3
55 70 2
55 71 3
55 72 3
55 73 4
55 74 2
55 75 4
55 76 4
55 77 1
55 78 4
55 79 5
55 80 3
55 81 3
55 82 3
55 83 1
55 84 5
55 85 4
55 86 3
55 87 4
55 88 3
55 89 4
55 90 3
55 91 3
55 92 3
55 93 3
55 94 1
55 95 4
55 96 3
55 97 5
55 98 3
55 99 1
56 57 3
56 58 3
56 59 4
56 60 2
56 61 2
56 62 3
56 63 1
56 64 3
56 65 2
56 66 4
56 67 1
56 68 2
56 69 4
56 70 1
56 71 2
56 72 3
56 73 3
56 74 2
56 75 3
56 76 4
56 77 3
56 78 2
56 79 3
56 80 2
56 81 1
56 82 4
56 83 2
56 84 4
56 85 2
56 86 1
56 87 3
56 88 3
56 89 3
56 90 3
56 91 2
56 92 2
56 93 2
56 94 2
56 95 3
56 96 4
56 97 3
56 98 3
56 99 1
57 58 2
57 59 1
57 60 2
57 61 5
57 62 1
57 63 2
57 64 4
57 65 1
57 66 2
57 67 4
57 68 5
57 69 1
57 70 3
57 71 3
57 72 3
57 73 5
57 74 3
57 75 5
57 76 5
57 77 1
57 78 5
57 79 6
57 80 3
57 81 4
57 82 1
57 83 1
57 84 5
57 85 5
57 86 4
57 87 5
57 88 3
57 89 5
57 90 3
57 91 4
57 92 3
57 93 3
57 94 2
57 95 5
57 96 1
57 97 6
57 98 3
57 99 2
58 59 1
58 60 2
58 61 4
58 62 2
58 63 2
58 64 3
58 65 2
58 66 1
58 67 4
58 68 4
58 69 2
58 70 3
58 71 4
58 72 4
58 73 4
58 74 3
58 75 4
58 76 4
58 77 2
58 78 5
58 79 5
58 80 4
58 81 4
58 82 2
58 83 2
58 84 3
58 85 4
58 86 4
58 87 4
58 88 2
58 89 4
58 90 2
58 91 3
58 92 2
58 93 2
58 94 2
58 95 4
58 96 2
58 97 4
58 98 4
58 99 2
59 60 2
59 61 5
59 62 2
59 63 3
59 64 4
59 65 2
59 66 1
59 67 5
59 68 5
59 69 1
59 70 4
59 71 4
59 72 4
59 73 5
59 74 4
59 75 5
59 76 5
59 77 2
59 78 6
59 79 6
59 80 4
59 81 5
59 82 1
59 83 2
59 84 4
59 85 5
59 86 5
59 87 5
59 88 3
59 89 5
59 90 3
59 91 4
59 92 3
59 93 3
59 94 2
59 95 5
59 96 1
59 97 5
59 98 4
59 99 3
60 61 3
60 62 2
60 63 1
60 64 3
60 65 1
60 66 2
60 67 3
60 68 3
60 69 3
60 70 2
60 71 3
60 72 3
60 73 3
60 74 2
60 75 4
60 76 4
60 77 2
60 78 4
60 79 4
60 80 3
60 81 3
60 82 3
60 83 1
60 84 4
60 85 3
60 86 3
60 87 4
60 88 2
60 89 4
60 90 2
60 91 2
60 92 2
60 93 2
60 94 1
60 95 3
60 96 3
60 97 4
60 98 3
60 99 1
61 62 5
61 63 3
61 64 2
61 65 4
61 66 5
61 67 3
61 68 1
61 69 6
61 70 2
61 71 4
61 72 4
61 73 2
61 74 2
61 75 1
61 76 3
61 77 5
61 78 2
61 79 1
61 80 4
61 81 2
61 82 6
61 83 4
61 84 4
61 85 2
61 86 2
61 87 1
61 88 3
61 89 1
61 90 3
61 91 1
61 92 2
61 93 2
61 94 4
61 95 1
61 96 6
61 97 1
61 98 4
61 99 3
62 63 2
62 64 4
62 65 1
62 66 2
62 67 4
62 68 5
62 69 2
62 70 3
62 71 3
62 72 3
62 73 5
62 74 3
62 75 5
62 76 5
62 77 1
62 78 5
62 79 6
62 80 3
62 81 4
62 82 2
62 83 1
62 84 5
62 85 5
62 86 4
62 87 5
62 88 3
62 89 5
62 90 3
62 91 4
62 92 3
62 93 3
62 94 1
62 95 5
62 96 2
62 97 5
62 98 3
62 99 2
63 64 3
63 65 1
63 66 3
63 67 2
63 68 3
63 69 3
63 70 1
63 71 3
63 72 3
63 73 3
63 74 2
63 75 3
63 76 4
63 77 2
63 78 3
63 79 4
63 80 3
63 81 2
63 82 3
63 83 1
63 84 4
63 85 3
63 86 2
63 87 3
63 88 3
63 89 3
63 90 3
63 91 2
63 92 2
63 93 2
63 94 1
63 95 3
63 96 3
63 97 4
63 98 3
63 99 1
64 65 4
64 66 3
64 67 4
64 68 2
64 69 5
64 70 3
64 71 5
64 72 5
64 73 1
64 74 2
64 75 2
64 76 1
64 77 4
64 78 4
64 79 2
64 80 5
64 81 3
64 82 5
64 83 3
64 84 2
64 85 3
64 86 3
64 87 3
64 88 2
64 89 2
64 90 1
64 91 1
64 92 1
64 93 1
64 94 3
64 95 2
64 96 5
64 97 2
64 98 5
64 99 2
65 66 2
65 67 3
65 68 4
65 69 2
65 70 2
65 71 2
65 72 2
65 73 4
65 74 3
65 75 4
65 76 5
65 77 1
65 78 4
65 79 5
65 80 2
65 81 3
65 82 2
65 83 1
65 84 5
65 85 4
65 86 3
65 87 4
65 88 3
65 89 4
65 90 3
65 91 3
65 92 3
65 93 3
65 94 1
65 95 4
65 96 2
65 97 5
65 98 2
65 99 2
66 67 5
66 68 5
66 69 2
66 70 4
66 71 4
66 72 4
66 73 4
66 74 4
66 75 5
66 76 4
66 77 2
66 78 6
66 79 5
66 80 4
66 81 5
66 82 2
66 83 2
66 84 3
66 85 5
66 86 5
66 87 5
66 88 2
66 89 5
66 90 3
66 91 4
66 92 3
66 93 3
66 94 2
66 95 5
66 96 2
66 97 5
66 98 4
66 99 3
67 68 2
67 69 5
67 70 1
67 71 2
67 72 2
67 73 4
67 74 3
67 75 3
67 76 5
67 77 4
67 78 1
67 79 3
67 80 2
67 81 1
67 82 5
67 83 3
67 84 5
67 85 1
67 86 1
67 87 2
67 88 4
67 89 3
67 90 4
67 91 3
67 92 3
67 93 3
67 94 3
67 95 3
67 96 5
67 97 3
67 98 2
67 99 2
68 69 6
68 70 2
68 71 4
68 72 4
68 73 2
68 74 2
68 75 1
68 76 3
68 77 5
68 78 2
68 79 1
68 80 4
68 81 2
68 82 6
68 83 4
68 84 4
68 85 1
68 86 2
68 87 1
68 88 4
68 89 1
68 90 3
68 91 2
68 92 3
68 93 3
68 94 4
68 95 1
68 96 6
68 97 1
68 98 4
68 99 3
69 70 4
69 71 4
69 72 4
69 73 6
69 74 4
69 75 6
69 76 6
69 77 2
69 78 6
69 79 7
69 80 4
69 81 5
69 82 1
69 83 2
69 84 5
69 85 6
69 86 5
69 87 6
69 88 4
69 89 6
69 90 4
69 91 5
69 92 4
69 93 4
69 94 3
69 95 6
69 96 1
69 97 6
69 98 4
69 99 3
70 71 2
70 72 2
70 73 3
70 74 2
70 75 3
70 76 4
70 77 3
70 78 2
70 79 3
70 80 2
70 81 1
70 82 4
70 83 2
70 84 4
70 85 2
70 86 2
70 87 3
70 88 3
70 89 3
70 90 3
70 91 2
70 92 2
70 93 2
70 94 2
70 95 3
70 96 4
70 97 3
70 98 2
70 99 1
71 72 1
71 73 5
71 74 4
71 75 4
71 76 6
71 77 2
71 78 3
71 79 5
71 80 1
71 81 2
71 82 4
71 83 3
71 84 6
71 85 3
71 86 3
71 87 4
71 88 5
71 89 4
71 90 5
71 91 4
71 92 4
71 93 4
71 94 2
71 95 5
71 96 4
71 97 5
71 98 1
71 99 3
72 73 5
72 74 4
72 75 5
72 76 6
72 77 2
72 78 3
72 79 5
72 80 1
72 81 3
72 82 4
72 83 3
72 84 6
72 85 3
72 86 3
72 87 4
72 88 5
72 89 5
72 90 5
72 91 4
72 92 4
72 93 4
72 94 2
72 95 5
72 96 4
72 97 5
72 98 1
72 99 3
73 74 2
73 75 2
73 76 1
73 77 5
73 78 4
73 79 2
73 80 5
73 81 3
73 82 6
73 83 4
73 84 2
73 85 3
73 86 3
73 87 2
73 88 3
73 89 2
73 90 2
73 91 1
73 92 2
73 93 2
73 94 4
73 95 1
73 96 6
73 97 1
73 98 5
73 99 3
74 75 2
74 76 3
74 77 3
74 78 3
74 79 3
74 80 4
74 81 2
74 82 4
74 83 2
74 84 3
74 85 2
74 86 2
74 87 2
74 88 2
74 89 2
74 90 2
74 91 1
74 92 1
74 93 1
74 94 2
74 95 2
74 96 4
74 97 3
74 98 4
74 99 1
75 76 3
75 77 5
75 78 2
75 79 1
75 80 4
75 81 2
75 82 6
75 83 4
75 84 4
75 85 2
75 86 2
75 87 1
75 88 4
75 89 1
75 90 3
75 91 2
75 92 3
75 93 3
75 94 4
75 95 1
75 96 6
75 97 1
75 98 5
75 99 3
76 77 5
76 78 5
76 79 3
76 80 6
76 81 4
76 82 6
76 83 4
76 84 1
76 85 4
76 86 4
76 87 3
76 88 2
76 89 3
76 90 2
76 91 2
76 92 2
76 93 2
76 94 4
76 95 2
76 96 6
76 97 2
76 98 6
76 99 3
77 78 5
77 79 6
77 80 2
77 81 4
77 82 2
77 83 1
77 84 5
77 85 5
77 86 4
77 87 5
77 88 3
77 89 5
77 90 3
77 91 4
77 92 3
77 93 3
77 94 1
77 95 5
77 96 2
77 97 6
77 98 2
77 99 2
78 79 3
78 80 3
78 81 1
78 82 6
78 83 4
78 84 5
78 85 1
78 86 1
78 87 2
78 88 4
78 89 2
78 90 4
78 91 3
78 92 3
78 93 3
78 94 4
78 95 3
78 96 6
78 97 3
78 98 3
78 99 3
79 80 5
79 81 3
79 82 7
79 83 5
79 84 4
79 85 2
79 86 3
79 87 1
79 88 4
79 89 1
79 90 3
79 91 2
79 92 3
79 93 3
79 94 5
79 95 1
79 96 7
79 97 1
79 98 5
79 99 4
80 81 2
80 82 4
80 83 3
80 84 6
80 85 3
80 86 3
80 87 4
80 88 5
80 89 4
80 90 5
80 91 4
80 92 4
80 93 4
80 94 2
80 95 5
80 96 4
80 97 5
80 98 1
80 99 3
81 82 5
81 83 3
81 84 4
81 85 1
81 86 1
81 87 2
81 88 3
81 89 2
81 90 3
81 91 2
81 92 2
81 93 2
81 94 3
81 95 3
81 96 5
81 97 3
81 98 3
81 99 2
82 83 2
82 84 5
82 85 6
82 86 5
82 87 6
82 88 4
82 89 6
82 90 4
82 91 5
82 92 4
82 93 4
82 94 3
82 95 6
82 96 1
82 97 6
82 98 4
82 99 3
83 84 4
83 85 4
83 86 3
83 87 4
83 88 2
83 89 4
83 90 2
83 91 3
83 92 2
83 93 2
83 94 1
83 95 4
83 96 2
83 97 5
83 98 3
83 99 1
84 85 5
84 86 5
84 87 4
84 88 2
84 89 4
84 90 2
84 91 3
84 92 2
84 93 2
84 94 5
84 95 3
84 96 5
84 97 3
84 98 6
84 99 4
85 86 1
85 87 1
85 88 4
85 89 2
85 90 4
85 91 2
85 92 3
85 93 3
85 94 4
85 95 2
85 96 6
85 97 2
85 98 3
85 99 3
86 87 2
86 88 4
86 89 2
86 90 4
86 91 2
86 92 3
86 93 3
86 94 3
86 95 3
86 96 5
86 97 3
86 98 3
86 99 2
87 88 4
87 89 1
87 90 4
87 91 2
87 92 3
87 93 3
87 94 4
87 95 2
87 96 6
87 97 1
87 98 4
87 99 3
88 89 4
88 90 1
88 91 2
88 92 1
88 93 1
88 94 3
88 95 3
88 96 4
88 97 4
88 98 5
88 99 3
89 90 3
89 91 2
89 92 3
89 93 3
89 94 4
89 95 1
89 96 6
89 97 1
89 98 5
89 99 3
90 91 2
90 92 1
90 93 1
90 94 3
90 95 3
90 96 4
90 97 3
90 98 5
90 99 3
91 92 1
91 93 1
91 94 3
91 95 1
91 96 5
91 97 2
91 98 4
91 99 2
92 93 1
92 94 3
92 95 2
92 96 4
92 97 3
92 98 4
92 99 2
93 94 3
93 95 2
93 96 4
93 97 3
93 98 4
93 99 2
94 95 4
94 96 3
94 97 5
94 98 2
94 99 1
95 96 6
95 97 1
95 98 5
95 99 3
96 97 6
96 98 4
96 99 3
97 98 5
97 99 4
98 99 3
