100 
0 1 3
0 2 4
0 3 3
0 4 3
0 5 2
0 6 3
0 7 1
0 8 4
0 9 2
0 10 3
0 11 2
0 12 2
0 13 2
0 14 2
0 15 2
0 16 3
0 17 2
0 18 1
0 19 3
0 20 2
0 21 1
0 22 3
0 23 3
0 24 4
0 25 2
0 26 2
0 27 2
0 28 2
0 29 4
0 30 4
0 31 3
0 32 3
0 33 3
0 34 1
0 35 2
0 36 2
0 37 3
0 38 3
0 39 1
0 40 2
0 41 3
0 42 2
0 43 1
0 44 3
0 45 3
0 46 3
0 47 4
0 48 1
0 49 3
0 50 2
0 51 3
0 52 4
0 53 3
0 54 2
0 55 2
0 56 4
0 57 1
0 58 3
0 59 2
0 60 1
0 61 2
0 62 4
0 63 3
0 64 3
0 65 1
0 66 4
0 67 2
0 68 4
0 69 1
0 70 3
0 71 4
0 72 3
0 73 2
0 74 3
0 75 2
0 76 4
0 77 2
0 78 4
0 79 3
0 80 1
0 81 2
0 82 4
0 83 3
0 84 2
0 85 3
0 86 2
0 87 3
0 88 4
0 89 1
0 90 3
0 91 3
0 92 1
0 93 2
0 94 3
0 95 1
0 96 3
0 97 2
0 98 3
0 99 2
1 2 2
1 3 1
1 4 2
1 5 1
1 6 2
1 7 2
1 8 2
1 9 1
1 10 1
1 11 2
1 12 2
1 13 3
1 14 3
1 15 3
1 16 2
1 17 1
1 18 2
1 19 2
1 20 2
1 21 2
1 22 1
1 23 3
1 24 2
1 25 3
1 26 2
1 27 1
1 28 2
1 29 2
1 30 3
1 31 1
1 32 1
1 33 1
1 34 2
1 35 1
1 36 3
1 37 1
1 38 1
1 39 2
1 40 1
1 41 2
1 42 1
1 43 3
1 44 2
1 45 2
1 46 1
1 47 2
1 48 3
1 49 1
1 50 1
1 51 2
1 52 1
1 53 2
1 54 1
1 55 2
1 56 1
1 57 3
1 58 1
1 59 3
1 60 3
1 61 4
1 62 1
1 63 2
1 64 1
1 65 2
1 66 1
1 67 2
1 68 2
1 69 2
1 70 1
1 71 2
1 72 3
1 73 2
1 74 1
1 75 2
1 76 2
1 77 3
1 78 2
1 79 2
1 80 2
1 81 2
1 82 1
1 83 2
1 84 2
1 85 1
1 86 1
1 87 2
1 88 2
1 89 2
1 90 2
1 91 2
1 92 2
1 93 1
1 94 2
1 95 2
1 96 2
1 97 1
1 98 3
1 99 1
2 3 3
2 4 1
2 5 2
2 6 4
2 7 4
2 8 1
2 9 2
2 10 3
2 11 4
2 12 3
2 13 4
2 14 4
2 15 4
2 16 2
2 17 2
2 18 3
2 19 4
2 20 3
2 21 4
2 22 3
2 23 3
2 24 1
2 25 5
2 26 3
2 27 2
2 28 3
2 29 3
2 30 3
2 31 1
2 32 2
2 33 1
2 34 4
2 35 3
2 36 4
2 37 1
2 38 2
2 39 4
2 40 3
2 41 2
2 42 3
2 43 4
2 44 1
2 45 1
2 46 2
2 47 2
2 48 5
2 49 3
2 50 3
2 51 1
2 52 1
2 53 3
2 54 3
2 55 4
2 56 2
2 57 4
2 58 3
2 59 3
2 60 4
2 61 5
2 62 2
2 63 4
2 64 1
2 65 4
2 66 1
2 67 3
2 68 1
2 69 4
2 70 2
2 71 1
2 72 3
2 73 2
2 74 2
2 75 3
2 76 1
2 77 5
2 78 3
2 79 4
2 80 3
2 81 4
2 82 2
2 83 3
2 84 3
2 85 3
2 86 3
2 87 3
2 88 3
2 89 4
2 90 3
2 91 3
2 92 4
2 93 2
2 94 3
2 95 4
2 96 1
2 97 3
2 98 4
2 99 2
3 4 3
3 5 2
3 6 1
3 7 3
3 8 3
3 9 2
3 10 1
3 11 2
3 12 3
3 13 4
3 14 4
3 15 2
3 16 3
3 17 2
3 18 3
3 19 1
3 20 2
3 21 3
3 22 1
3 23 4
3 24 3
3 25 3
3 26 1
3 27 2
3 28 3
3 29 1
3 30 2
3 31 2
3 32 2
3 33 2
3 34 3
3 35 2
3 36 2
3 37 2
3 38 1
3 39 3
3 40 1
3 41 3
3 42 1
3 43 3
3 44 3
3 45 3
3 46 2
3 47 1
3 48 3
3 49 1
3 50 2
3 51 3
3 52 2
3 53 3
3 54 2
3 55 2
3 56 1
3 57 3
3 58 1
3 59 4
3 60 3
3 61 3
3 62 1
3 63 2
3 64 2
3 65 3
3 66 2
3 67 3
3 68 3
3 69 3
3 70 1
3 71 3
3 72 4
3 73 3
3 74 2
3 75 1
3 76 3
3 77 3
3 78 1
3 79 1
3 80 3
3 81 2
3 82 1
3 83 1
3 84 2
3 85 1
3 86 2
3 87 1
3 88 1
3 89 2
3 90 1
3 91 1
3 92 3
3 93 2
3 94 1
3 95 3
3 96 3
3 97 2
3 98 4
3 99 2
4 5 2
4 6 4
4 7 3
4 8 1
4 9 2
4 10 3
4 11 3
4 12 2
4 13 3
4 14 3
4 15 4
4 16 1
4 17 2
4 18 2
4 19 4
4 20 3
4 21 3
4 22 3
4 23 2
4 24 1
4 25 4
4 26 3
4 27 2
4 28 2
4 29 4
4 30 4
4 31 1
4 32 2
4 33 1
4 34 3
4 35 2
4 36 4
4 37 1
4 38 2
4 39 3
4 40 3
4 41 1
4 42 3
4 43 4
4 44 1
4 45 1
4 46 2
4 47 3
4 48 4
4 49 3
4 50 2
4 51 1
4 52 2
4 53 2
4 54 2
4 55 4
4 56 3
4 57 4
4 58 3
4 59 2
4 60 4
4 61 5
4 62 2
4 63 4
4 64 1
4 65 3
4 66 2
4 67 2
4 68 1
4 69 3
4 70 2
4 71 1
4 72 2
4 73 2
4 74 1
4 75 3
4 76 1
4 77 5
4 78 4
4 79 4
4 80 3
4 81 4
4 82 3
4 83 3
4 84 3
4 85 3
4 86 2
4 87 4
4 88 4
4 89 3
4 90 3
4 91 4
4 92 3
4 93 1
4 94 3
4 95 3
4 96 1
4 97 2
4 98 3
4 99 1
5 6 3
5 7 2
5 8 2
5 9 1
5 10 2
5 11 2
5 12 2
5 13 2
5 14 2
5 15 3
5 16 2
5 17 1
5 18 1
5 19 3
5 20 2
5 21 2
5 22 2
5 23 2
5 24 2
5 25 3
5 26 2
5 27 1
5 28 1
5 29 3
5 30 3
5 31 1
5 32 1
5 33 1
5 34 2
5 35 1
5 36 3
5 37 1
5 38 1
5 39 2
5 40 2
5 41 2
5 42 2
5 43 3
5 44 2
5 45 2
5 46 2
5 47 2
5 48 3
5 49 2
5 50 1
5 51 1
5 52 2
5 53 2
5 54 1
5 55 3
5 56 2
5 57 3
5 58 2
5 59 2
5 60 3
5 61 4
5 62 2
5 63 3
5 64 1
5 65 2
5 66 2
5 67 1
5 68 2
5 69 2
5 70 1
5 71 2
5 72 2
5 73 1
5 74 1
5 75 2
5 76 2
5 77 4
5 78 3
5 79 3
5 80 2
5 81 3
5 82 2
5 83 2
5 84 2
5 85 2
5 86 1
5 87 3
5 88 3
5 89 2
5 90 2
5 91 3
5 92 2
5 93 1
5 94 2
5 95 2
5 96 1
5 97 1
5 98 2
5 99 1
6 7 2
6 8 3
6 9 3
6 10 1
6 11 1
6 12 3
6 13 4
6 14 4
6 15 2
6 16 4
6 17 3
6 18 2
6 19 1
6 20 1
6 21 2
6 22 1
6 23 4
6 24 3
6 25 2
6 26 1
6 27 2
6 28 3
6 29 1
6 30 2
6 31 3
6 32 2
6 33 3
6 34 3
6 35 2
6 36 2
6 37 3
6 38 2
6 39 2
6 40 1
6 41 4
6 42 1
6 43 3
6 44 4
6 45 3
6 46 2
6 47 2
6 48 3
6 49 1
6 50 2
6 51 3
6 52 3
6 53 4
6 54 2
6 55 1
6 56 2
6 57 3
6 58 1
6 59 4
6 60 2
6 61 3
6 62 2
6 63 1
6 64 3
6 65 2
6 66 3
6 67 2
6 68 4
6 69 3
6 70 2
6 71 4
6 72 4
6 73 3
6 74 3
6 75 1
6 76 4
6 77 2
6 78 1
6 79 1
6 80 3
6 81 1
6 82 2
6 83 1
6 84 2
6 85 1
6 86 2
6 87 1
6 88 1
6 89 2
6 90 1
6 91 1
6 92 2
6 93 3
6 94 1
6 95 2
6 96 3
6 97 2
6 98 4
6 99 3
7 8 3
7 9 2
7 10 2
7 11 1
7 12 2
7 13 2
7 14 2
7 15 2
7 16 3
7 17 2
7 18 1
7 19 2
7 20 1
7 21 1
7 22 3
7 23 3
7 24 4
7 25 2
7 26 2
7 27 2
7 28 2
7 29 3
7 30 4
7 31 3
7 32 2
7 33 3
7 34 1
7 35 1
7 36 2
7 37 3
7 38 2
7 39 1
7 40 2
7 41 3
7 42 2
7 43 1
7 44 3
7 45 3
7 46 3
7 47 3
7 48 1
7 49 2
7 50 2
7 51 3
7 52 3
7 53 3
7 54 2
7 55 2
7 56 3
7 57 1
7 58 2
7 59 2
7 60 1
7 61 2
7 62 3
7 63 2
7 64 3
7 65 1
7 66 3
7 67 1
7 68 4
7 69 1
7 70 3
7 71 4
7 72 3
7 73 2
7 74 2
7 75 2
7 76 4
7 77 2
7 78 3
7 79 3
7 80 1
7 81 2
7 82 3
7 83 3
7 84 1
7 85 2
7 86 1
7 87 3
7 88 3
7 89 1
7 90 2
7 91 3
7 92 1
7 93 2
7 94 2
7 95 1
7 96 3
7 97 1
7 98 3
7 99 2
8 9 2
8 10 3
8 11 3
8 12 3
8 13 3
8 14 3
8 15 4
8 16 2
8 17 2
8 18 3
8 19 3
8 20 3
8 21 3
8 22 2
8 23 3
8 24 1
8 25 4
8 26 3
8 27 2
8 28 2
8 29 3
8 30 3
8 31 1
8 32 1
8 33 1
8 34 3
8 35 2
8 36 4
8 37 1
8 38 2
8 39 3
8 40 2
8 41 2
8 42 2
8 43 4
8 44 1
8 45 1
8 46 1
8 47 2
8 48 4
8 49 3
8 50 2
8 51 1
8 52 1
8 53 3
8 54 2
8 55 3
8 56 2
8 57 4
8 58 3
8 59 3
8 60 4
8 61 5
8 62 2
8 63 3
8 64 1
8 65 3
8 66 1
8 67 2
8 68 1
8 69 3
8 70 2
8 71 1
8 72 3
8 73 2
8 74 1
8 75 3
8 76 1
8 77 4
8 78 3
8 79 3
8 80 3
8 81 3
8 82 2
8 83 3
8 84 3
8 85 3
8 86 2
8 87 3
8 88 3
8 89 3
8 90 3
8 91 3
8 92 3
8 93 2
8 94 3
8 95 3
8 96 1
8 97 2
8 98 3
8 99 2
9 10 2
9 11 2
9 12 1
9 13 2
9 14 2
9 15 3
9 16 1
9 17 1
9 18 1
9 19 3
9 20 2
9 21 2
9 22 2
9 23 2
9 24 2
9 25 3
9 26 2
9 27 1
9 28 1
9 29 3
9 30 4
9 31 1
9 32 1
9 33 1
9 34 2
9 35 1
9 36 3
9 37 2
9 38 2
9 39 2
9 40 2
9 41 1
9 42 2
9 43 3
9 44 2
9 45 2
9 46 2
9 47 3
9 48 3
9 49 2
9 50 1
9 51 2
9 52 2
9 53 1
9 54 1
9 55 3
9 56 2
9 57 3
9 58 2
9 59 2
9 60 3
9 61 4
9 62 2
9 63 3
9 64 1
9 65 2
9 66 2
9 67 1
9 68 2
9 69 2
9 70 2
9 71 2
9 72 2
9 73 1
9 74 1
9 75 3
9 76 2
9 77 4
9 78 3
9 79 3
9 80 2
9 81 3
9 82 2
9 83 3
9 84 2
9 85 2
9 86 1
9 87 3
9 88 3
9 89 2
9 90 3
9 91 3
9 92 2
9 93 1
9 94 3
9 95 2
9 96 1
9 97 1
9 98 2
9 99 1
10 11 1
10 12 3
10 13 4
10 14 4
10 15 2
10 16 3
10 17 2
10 18 2
10 19 1
10 20 1
10 21 2
10 22 1
10 23 4
10 24 3
10 25 2
10 26 1
10 27 2
10 28 3
10 29 1
10 30 2
10 31 2
10 32 2
10 33 2
10 34 3
10 35 2
10 36 2
10 37 2
10 38 1
10 39 2
10 40 1
10 41 3
10 42 1
10 43 3
10 44 3
10 45 3
10 46 2
10 47 2
10 48 3
10 49 1
10 50 2
10 51 3
10 52 2
10 53 3
10 54 2
10 55 1
10 56 2
10 57 2
10 58 1
10 59 4
10 60 2
10 61 3
10 62 2
10 63 1
10 64 2
10 65 2
10 66 2
10 67 2
10 68 3
10 69 3
10 70 1
10 71 3
10 72 4
10 73 3
10 74 2
10 75 1
10 76 3
10 77 2
10 78 1
10 79 1
10 80 3
10 81 1
10 82 2
10 83 1
10 84 1
10 85 1
10 86 2
10 87 1
10 88 1
10 89 2
10 90 1
10 91 1
10 92 2
10 93 2
10 94 1
10 95 2
10 96 3
10 97 2
10 98 4
10 99 2
11 12 3
11 13 3
11 14 3
11 15 1
11 16 3
11 17 2
11 18 2
11 19 1
11 20 1
11 21 1
11 22 2
11 23 3
11 24 4
11 25 2
11 26 1
11 27 2
11 28 2
11 29 2
11 30 3
11 31 3
11 32 2
11 33 3
11 34 2
11 35 2
11 36 1
11 37 3
11 38 2
11 39 1
11 40 1
11 41 3
11 42 1
11 43 2
11 44 3
11 45 3
11 46 3
11 47 2
11 48 2
11 49 1
11 50 2
11 51 3
11 52 3
11 53 3
11 54 2
11 55 1
11 56 2
11 57 2
11 58 1
11 59 3
11 60 1
11 61 2
11 62 3
11 63 1
11 64 3
11 65 1
11 66 3
11 67 2
11 68 4
11 69 2
11 70 2
11 71 4
11 72 3
11 73 2
11 74 2
11 75 1
11 76 4
11 77 2
11 78 2
11 79 2
11 80 2
11 81 1
11 82 2
11 83 2
11 84 1
11 85 1
11 86 1
11 87 2
11 88 2
11 89 1
11 90 1
11 91 2
11 92 1
11 93 2
11 94 1
11 95 1
11 96 3
11 97 2
11 98 3
11 99 2
12 13 1
12 14 1
12 15 3
12 16 2
12 17 2
12 18 1
12 19 3
12 20 2
12 21 2
12 22 3
12 23 1
12 24 3
12 25 3
12 26 3
12 27 2
12 28 1
12 29 4
12 30 5
12 31 2
12 32 2
12 33 2
12 34 2
12 35 2
12 36 4
12 37 3
12 38 3
12 39 2
12 40 3
12 41 1
12 42 3
12 43 2
12 44 2
12 45 3
12 46 3
12 47 4
12 48 3
12 49 3
12 50 2
12 51 3
12 52 3
12 53 1
12 54 2
12 55 3
12 56 3
12 57 3
12 58 3
12 59 1
12 60 3
12 61 3
12 62 3
12 63 3
12 64 2
12 65 2
12 66 3
12 67 1
12 68 3
12 69 2
12 70 3
12 71 3
12 72 1
12 73 1
12 74 2
12 75 3
12 76 3
12 77 4
12 78 4
12 79 4
12 80 1
12 81 3
12 82 3
12 83 4
12 84 2
12 85 3
12 86 2
12 87 4
12 88 4
12 89 2
12 90 3
12 91 4
12 92 2
12 93 2
12 94 3
12 95 2
12 96 2
12 97 2
12 98 1
12 99 2
13 14 1
13 15 3
13 16 2
13 17 2
13 18 2
13 19 4
13 20 3
13 21 2
13 22 4
13 23 1
13 24 4
13 25 3
13 26 3
13 27 3
13 28 1
13 29 5
13 30 5
13 31 3
13 32 3
13 33 3
13 34 2
13 35 2
13 36 3
13 37 3
13 38 3
13 39 2
13 40 3
13 41 2
13 42 3
13 43 2
13 44 3
13 45 3
13 46 3
13 47 4
13 48 3
13 49 4
13 50 2
13 51 3
13 52 4
13 53 1
13 54 2
13 55 3
13 56 4
13 57 2
13 58 4
13 59 1
13 60 2
13 61 3
13 62 4
13 63 4
13 64 3
13 65 2
13 66 4
13 67 2
13 68 4
13 69 1
13 70 3
13 71 3
13 72 1
13 73 2
13 74 2
13 75 3
13 76 4
13 77 3
13 78 5
13 79 4
13 80 1
13 81 3
13 82 4
13 83 4
13 84 3
13 85 4
13 86 2
13 87 4
13 88 5
13 89 2
13 90 4
13 91 4
13 92 2
13 93 2
13 94 4
13 95 2
13 96 3
13 97 2
13 98 1
13 99 2
14 15 3
14 16 2
14 17 2
14 18 2
14 19 4
14 20 3
14 21 2
14 22 4
14 23 1
14 24 4
14 25 3
14 26 3
14 27 3
14 28 1
14 29 5
14 30 5
14 31 3
14 32 3
14 33 3
14 34 2
14 35 2
14 36 4
14 37 3
14 38 3
14 39 2
14 40 3
14 41 2
14 42 3
14 43 2
14 44 3
14 45 3
14 46 3
14 47 4
14 48 3
14 49 4
14 50 2
14 51 3
14 52 4
14 53 1
14 54 2
14 55 4
14 56 4
14 57 3
14 58 4
14 59 1
14 60 3
14 61 3
14 62 4
14 63 4
14 64 3
14 65 2
14 66 4
14 67 2
14 68 4
14 69 2
14 70 3
14 71 3
14 72 1
14 73 2
14 74 2
14 75 3
14 76 4
14 77 4
14 78 5
14 79 4
14 80 1
14 81 3
14 82 4
14 83 4
14 84 3
14 85 4
14 86 2
14 87 4
14 88 5
14 89 2
14 90 4
14 91 4
14 92 2
14 93 2
14 94 4
14 95 2
14 96 3
14 97 2
14 98 1
14 99 2
15 16 4
15 17 3
15 18 2
15 19 2
15 20 1
15 21 2
15 22 2
15 23 4
15 24 4
15 25 1
15 26 1
15 27 3
15 28 3
15 29 3
15 30 3
15 31 3
15 32 3
15 33 4
15 34 2
15 35 2
15 36 1
15 37 4
15 38 2
15 39 2
15 40 2
15 41 4
15 42 2
15 43 2
15 44 4
15 45 4
15 46 3
15 47 3
15 48 1
15 49 2
15 50 2
15 51 4
15 52 3
15 53 4
15 54 2
15 55 1
15 56 3
15 57 1
15 58 2
15 59 3
15 60 1
15 61 1
15 62 3
15 63 1
15 64 4
15 65 2
15 66 3
15 67 2
15 68 4
15 69 2
15 70 3
15 71 4
15 72 4
15 73 3
15 74 3
15 75 1
15 76 4
15 77 1
15 78 3
15 79 2
15 80 2
15 81 1
15 82 3
15 83 2
15 84 1
15 85 2
15 86 2
15 87 2
15 88 3
15 89 2
15 90 2
15 91 3
15 92 2
15 93 3
15 94 2
15 95 1
15 96 4
15 97 2
15 98 4
15 99 3
16 17 1
16 18 2
16 19 4
16 20 3
16 21 3
16 22 3
16 23 2
16 24 2
16 25 4
16 26 3
16 27 2
16 28 1
16 29 4
16 30 4
16 31 2
16 32 2
16 33 1
16 34 3
16 35 2
16 36 4
16 37 2
16 38 2
16 39 3
16 40 3
16 41 1
16 42 3
16 43 3
16 44 1
16 45 1
16 46 2
16 47 3
16 48 4
16 49 3
16 50 2
16 51 1
16 52 2
16 53 1
16 54 2
16 55 4
16 56 3
16 57 4
16 58 3
16 59 2
16 60 4
16 61 4
16 62 3
16 63 4
16 64 1
16 65 3
16 66 2
16 67 2
16 68 2
16 69 3
16 70 2
16 71 1
16 72 2
16 73 1
16 74 1
16 75 3
16 76 2
16 77 5
16 78 4
16 79 4
16 80 2
16 81 4
16 82 3
16 83 3
16 84 3
16 85 3
16 86 2
16 87 4
16 88 4
16 89 3
16 90 3
16 91 4
16 92 3
16 93 1
16 94 3
16 95 3
16 96 1
16 97 2
16 98 2
16 99 1
17 18 1
17 19 3
17 20 2
17 21 2
17 22 2
17 23 2
17 24 2
17 25 3
17 26 2
17 27 1
17 28 1
17 29 3
17 30 3
17 31 1
17 32 1
17 33 1
17 34 2
17 35 1
17 36 3
17 37 1
17 38 1
17 39 2
17 40 2
17 41 1
17 42 2
17 43 3
17 44 2
17 45 1
17 46 2
17 47 3
17 48 3
17 49 2
17 50 1
17 51 1
17 52 2
17 53 2
17 54 1
17 55 3
17 56 2
17 57 3
17 58 2
17 59 2
17 60 3
17 61 4
17 62 2
17 63 3
17 64 1
17 65 2
17 66 2
17 67 1
17 68 2
17 69 2
17 70 2
17 71 2
17 72 2
17 73 1
17 74 1
17 75 2
17 76 2
17 77 4
17 78 3
17 79 3
17 80 2
17 81 3
17 82 2
17 83 2
17 84 2
17 85 2
17 86 1
17 87 3
17 88 3
17 89 2
17 90 2
17 91 3
17 92 2
17 93 1
17 94 2
17 95 2
17 96 1
17 97 1
17 98 2
17 99 1
18 19 2
18 20 1
18 21 1
18 22 3
18 23 2
18 24 3
18 25 2
18 26 2
18 27 1
18 28 1
18 29 3
18 30 4
18 31 2
18 32 2
18 33 2
18 34 1
18 35 1
18 36 3
18 37 2
18 38 2
18 39 1
18 40 2
18 41 2
18 42 2
18 43 2
18 44 2
18 45 2
18 46 2
18 47 3
18 48 2
18 49 2
18 50 1
18 51 2
18 52 3
18 53 2
18 54 1
18 55 2
18 56 3
18 57 2
18 58 2
18 59 2
18 60 2
18 61 3
18 62 3
18 63 2
18 64 2
18 65 1
18 66 3
18 67 1
18 68 3
18 69 1
18 70 2
18 71 3
18 72 2
18 73 1
18 74 2
18 75 2
18 76 3
18 77 3
18 78 3
18 79 3
18 80 1
18 81 2
18 82 3
18 83 3
18 84 1
18 85 2
18 86 1
18 87 3
18 88 3
18 89 1
18 90 2
18 91 3
18 92 1
18 93 1
18 94 2
18 95 1
18 96 2
18 97 1
18 98 2
18 99 1
19 20 1
19 21 2
19 22 1
19 23 4
19 24 3
19 25 2
19 26 1
19 27 2
19 28 3
19 29 1
19 30 2
19 31 3
19 32 2
19 33 3
19 34 3
19 35 2
19 36 2
19 37 3
19 38 2
19 39 2
19 40 1
19 41 4
19 42 1
19 43 3
19 44 4
19 45 3
19 46 2
19 47 2
19 48 3
19 49 1
19 50 2
19 51 3
19 52 3
19 53 4
19 54 2
19 55 1
19 56 2
19 57 2
19 58 1
19 59 4
19 60 2
19 61 3
19 62 2
19 63 1
19 64 3
19 65 2
19 66 3
19 67 2
19 68 4
19 69 3
19 70 2
19 71 4
19 72 4
19 73 3
19 74 3
19 75 1
19 76 4
19 77 2
19 78 1
19 79 1
19 80 3
19 81 1
19 82 2
19 83 1
19 84 1
19 85 1
19 86 2
19 87 1
19 88 1
19 89 2
19 90 1
19 91 1
19 92 2
19 93 3
19 94 1
19 95 2
19 96 3
19 97 2
19 98 4
19 99 3
20 21 1
20 22 2
20 23 3
20 24 3
20 25 2
20 26 1
20 27 2
20 28 2
20 29 2
20 30 3
20 31 2
20 32 2
20 33 3
20 34 2
20 35 1
20 36 2
20 37 3
20 38 1
20 39 1
20 40 1
20 41 3
20 42 1
20 43 2
20 44 3
20 45 3
20 46 2
20 47 2
20 48 2
20 49 1
20 50 1
20 51 3
20 52 2
20 53 3
20 54 1
20 55 1
20 56 2
20 57 2
20 58 1
20 59 3
20 60 1
20 61 2
20 62 2
20 63 1
20 64 3
20 65 1
20 66 2
20 67 1
20 68 3
20 69 2
20 70 2
20 71 3
20 72 3
20 73 2
20 74 2
20 75 1
20 76 3
20 77 2
20 78 2
20 79 2
20 80 2
20 81 1
20 82 2
20 83 2
20 84 1
20 85 1
20 86 1
20 87 2
20 88 2
20 89 1
20 90 1
20 91 2
20 92 1
20 93 2
20 94 1
20 95 1
20 96 3
20 97 1
20 98 3
20 99 2
21 22 3
21 23 3
21 24 4
21 25 2
21 26 2
21 27 2
21 28 2
21 29 3
21 30 4
21 31 3
21 32 2
21 33 3
21 34 1
21 35 1
21 36 2
21 37 3
21 38 2
21 39 1
21 40 2
21 41 3
21 42 2
21 43 1
21 44 3
21 45 3
21 46 3
21 47 3
21 48 2
21 49 2
21 50 1
21 51 3
21 52 3
21 53 3
21 54 1
21 55 2
21 56 3
21 57 1
21 58 2
21 59 2
21 60 1
21 61 2
21 62 3
21 63 2
21 64 3
21 65 1
21 66 3
21 67 1
21 68 4
21 69 1
21 70 3
21 71 4
21 72 3
21 73 2
21 74 2
21 75 2
21 76 4
21 77 2
21 78 3
21 79 3
21 80 1
21 81 2
21 82 3
21 83 3
21 84 1
21 85 2
21 86 1
21 87 3
21 88 3
21 89 1
21 90 2
21 91 3
21 92 1
21 93 2
21 94 2
21 95 1
21 96 3
21 97 1
21 98 3
21 99 2
22 23 4
22 24 2
22 25 3
22 26 1
22 27 2
22 28 3
22 29 1
22 30 2
22 31 2
22 32 2
22 33 2
22 34 3
22 35 2
22 36 2
22 37 2
22 38 1
22 39 3
22 40 1
22 41 3
22 42 1
22 43 3
22 44 3
22 45 3
22 46 1
22 47 1
22 48 3
22 49 1
22 50 2
22 51 2
22 52 2
22 53 3
22 54 2
22 55 2
22 56 1
22 57 3
22 58 1
22 59 4
22 60 3
22 61 3
22 62 1
22 63 2
22 64 2
22 65 3
22 66 2
22 67 3
22 68 3
22 69 3
22 70 1
22 71 3
22 72 4
22 73 3
22 74 2
22 75 1
22 76 3
22 77 3
22 78 1
22 79 1
22 80 3
22 81 2
22 82 1
22 83 1
22 84 2
22 85 1
22 86 2
22 87 1
22 88 1
22 89 2
22 90 1
22 91 1
22 92 3
22 93 2
22 94 1
22 95 3
22 96 3
22 97 2
22 98 4
22 99 2
23 24 3
23 25 4
23 26 3
23 27 2
23 28 1
23 29 5
23 30 5
23 31 3
23 32 2
23 33 2
23 34 3
23 35 2
23 36 4
23 37 3
23 38 3
23 39 3
23 40 3
23 41 1
23 42 3
23 43 3
23 44 2
23 45 3
23 46 3
23 47 4
23 48 4
23 49 4
23 50 2
23 51 3
23 52 3
23 53 1
23 54 2
23 55 4
23 56 4
23 57 3
23 58 4
23 59 1
23 60 3
23 61 4
23 62 4
23 63 4
23 64 2
23 65 3
23 66 3
23 67 2
23 68 3
23 69 2
23 70 3
23 71 3
23 72 1
23 73 1
23 74 2
23 75 4
23 76 3
23 77 4
23 78 5
23 79 4
23 80 2
23 81 4
23 82 4
23 83 4
23 84 3
23 85 4
23 86 2
23 87 4
23 88 5
23 89 3
23 90 4
23 91 4
23 92 3
23 93 2
23 94 4
23 95 3
23 96 2
23 97 2
23 98 1
23 99 2
24 25 5
24 26 3
24 27 2
24 28 3
24 29 3
24 30 3
24 31 1
24 32 2
24 33 1
24 34 4
24 35 3
24 36 4
24 37 1
24 38 2
24 39 4
24 40 3
24 41 2
24 42 3
24 43 4
24 44 1
24 45 1
24 46 1
24 47 2
24 48 5
24 49 3
24 50 3
24 51 1
24 52 1
24 53 3
24 54 3
24 55 4
24 56 2
24 57 4
24 58 3
24 59 3
24 60 4
24 61 5
24 62 2
24 63 4
24 64 1
24 65 4
24 66 1
24 67 3
24 68 1
24 69 4
24 70 2
24 71 1
24 72 3
24 73 2
24 74 2
24 75 3
24 76 1
24 77 5
24 78 3
24 79 3
24 80 3
24 81 4
24 82 2
24 83 3
24 84 3
24 85 3
24 86 3
24 87 3
24 88 3
24 89 4
24 90 3
24 91 3
24 92 4
24 93 2
24 94 3
24 95 4
24 96 1
24 97 3
24 98 4
24 99 2
25 26 2
25 27 3
25 28 3
25 29 3
25 30 3
25 31 4
25 32 3
25 33 4
25 34 2
25 35 3
25 36 1
25 37 4
25 38 3
25 39 2
25 40 2
25 41 4
25 42 2
25 43 1
25 44 4
25 45 4
25 46 4
25 47 3
25 48 1
25 49 2
25 50 3
25 51 4
25 52 4
25 53 4
25 54 3
25 55 1
25 56 3
25 57 1
25 58 2
25 59 3
25 60 1
25 61 1
25 62 4
25 63 2
25 64 4
25 65 2
25 66 4
25 67 2
25 68 5
25 69 2
25 70 3
25 71 5
25 72 4
25 73 3
25 74 3
25 75 2
25 76 5
25 77 1
25 78 3
25 79 2
25 80 2
25 81 1
25 82 3
25 83 3
25 84 2
25 85 2
25 86 2
25 87 3
25 88 3
25 89 2
25 90 2
25 91 3
25 92 2
25 93 3
25 94 2
25 95 1
25 96 4
25 97 3
25 98 4
25 99 3
26 27 2
26 28 2
26 29 2
26 30 2
26 31 2
26 32 2
26 33 3
26 34 2
26 35 2
26 36 1
26 37 3
26 38 1
26 39 2
26 40 1
26 41 3
26 42 1
26 43 2
26 44 3
26 45 3
26 46 2
26 47 2
26 48 2
26 49 1
26 50 2
26 51 3
26 52 2
26 53 3
26 54 2
26 55 1
26 56 2
26 57 2
26 58 1
26 59 3
26 60 2
26 61 2
26 62 2
26 63 1
26 64 3
26 65 2
26 66 2
26 67 2
26 68 3
26 69 2
26 70 2
26 71 3
26 72 3
26 73 2
26 74 2
26 75 1
26 76 3
26 77 2
26 78 2
26 79 1
26 80 2
26 81 1
26 82 2
26 83 1
26 84 1
26 85 1
26 86 1
26 87 2
26 88 2
26 89 1
26 90 1
26 91 2
26 92 2
26 93 2
26 94 1
26 95 2
26 96 3
26 97 2
26 98 3
26 99 2
27 28 2
27 29 3
27 30 3
27 31 1
27 32 1
27 33 1
27 34 2
27 35 1
27 36 3
27 37 1
27 38 1
27 39 2
27 40 1
27 41 2
27 42 1
27 43 3
27 44 2
27 45 1
27 46 1
27 47 2
27 48 3
27 49 2
27 50 1
27 51 1
27 52 2
27 53 2
27 54 1
27 55 2
27 56 2
27 57 3
27 58 2
27 59 2
27 60 3
27 61 4
27 62 2
27 63 2
27 64 1
27 65 2
27 66 2
27 67 1
27 68 2
27 69 2
27 70 1
27 71 2
27 72 2
27 73 1
27 74 1
27 75 2
27 76 2
27 77 3
27 78 3
27 79 2
27 80 2
27 81 2
27 82 2
27 83 2
27 84 2
27 85 2
27 86 1
27 87 2
27 88 3
27 89 2
27 90 2
27 91 2
27 92 2
27 93 1
27 94 2
27 95 2
27 96 1
27 97 1
27 98 3
27 99 1
28 29 4
28 30 4
28 31 2
28 32 2
28 33 2
28 34 2
28 35 1
28 36 3
28 37 2
28 38 2
28 39 2
28 40 2
28 41 1
28 42 2
28 43 2
28 44 2
28 45 2
28 46 2
28 47 3
28 48 3
28 49 3
28 50 1
28 51 2
28 52 3
28 53 1
28 54 1
28 55 3
28 56 3
28 57 3
28 58 3
28 59 1
28 60 3
28 61 3
28 62 3
28 63 3
28 64 2
28 65 2
28 66 3
28 67 1
28 68 3
28 69 2
28 70 2
28 71 2
28 72 1
28 73 1
28 74 1
28 75 3
28 76 3
28 77 4
28 78 4
28 79 3
28 80 1
28 81 3
28 82 3
28 83 3
28 84 2
28 85 3
28 86 1
28 87 3
28 88 4
28 89 2
28 90 3
28 91 3
28 92 2
28 93 1
28 94 3
28 95 2
28 96 2
28 97 1
28 98 1
28 99 1
29 30 1
29 31 3
29 32 3
29 33 3
29 34 4
29 35 3
29 36 3
29 37 3
29 38 2
29 39 3
29 40 2
29 41 4
29 42 2
29 43 4
29 44 4
29 45 4
29 46 2
29 47 1
29 48 4
29 49 2
29 50 3
29 51 3
29 52 2
29 53 4
29 54 3
29 55 2
29 56 1
29 57 3
29 58 1
29 59 5
29 60 3
29 61 4
29 62 2
29 63 2
29 64 3
29 65 3
29 66 2
29 67 3
29 68 3
29 69 4
29 70 2
29 71 4
29 72 5
29 73 4
29 74 3
29 75 2
29 76 4
29 77 3
29 78 1
29 79 1
29 80 4
29 81 2
29 82 1
29 83 1
29 84 2
29 85 1
29 86 3
29 87 1
29 88 1
29 89 3
29 90 2
29 91 1
29 92 3
29 93 3
29 94 1
29 95 3
29 96 4
29 97 3
29 98 5
29 99 3
30 31 3
30 32 3
30 33 4
30 34 4
30 35 3
30 36 3
30 37 3
30 38 2
30 39 3
30 40 2
30 41 4
30 42 2
30 43 4
30 44 4
30 45 4
30 46 2
30 47 1
30 48 4
30 49 2
30 50 3
30 51 3
30 52 3
30 53 5
30 54 3
30 55 2
30 56 2
30 57 4
30 58 2
30 59 5
30 60 3
30 61 4
30 62 2
30 63 2
30 64 4
30 65 3
30 66 2
30 67 4
30 68 3
30 69 4
30 70 2
30 71 4
30 72 5
30 73 4
30 74 3
30 75 2
30 76 4
30 77 3
30 78 1
30 79 1
30 80 4
30 81 2
30 82 2
30 83 1
30 84 3
30 85 2
30 86 3
30 87 1
30 88 1
30 89 3
30 90 2
30 91 1
30 92 3
30 93 3
30 94 2
30 95 3
30 96 4
30 97 3
30 98 5
30 99 4
31 32 1
31 33 1
31 34 3
31 35 2
31 36 3
31 37 1
31 38 1
31 39 3
31 40 2
31 41 2
31 42 2
31 43 4
31 44 1
31 45 1
31 46 1
31 47 2
31 48 4
31 49 2
31 50 2
31 51 1
31 52 1
31 53 2
31 54 2
31 55 3
31 56 2
31 57 3
31 58 2
31 59 3
31 60 3
31 61 4
31 62 1
31 63 3
31 64 1
31 65 3
31 66 1
31 67 2
31 68 1
31 69 3
31 70 1
31 71 1
31 72 3
31 73 2
31 74 1
31 75 2
31 76 1
31 77 4
31 78 3
31 79 3
31 80 3
31 81 3
31 82 2
31 83 2
31 84 2
31 85 2
31 86 2
31 87 3
31 88 3
31 89 3
31 90 2
31 91 3
31 92 3
31 93 1
31 94 2
31 95 3
31 96 1
31 97 2
31 98 3
31 99 1
32 33 1
32 34 2
32 35 1
32 36 3
32 37 1
32 38 1
32 39 2
32 40 1
32 41 2
32 42 1
32 43 3
32 44 2
32 45 2
32 46 1
32 47 2
32 48 3
32 49 2
32 50 1
32 51 1
32 52 1
32 53 2
32 54 1
32 55 2
32 56 2
32 57 3
32 58 2
32 59 2
32 60 3
32 61 4
32 62 2
32 63 2
32 64 1
32 65 2
32 66 1
32 67 1
32 68 2
32 69 2
32 70 1
32 71 2
32 72 2
32 73 1
32 74 1
32 75 2
32 76 2
32 77 3
32 78 3
32 79 2
32 80 2
32 81 2
32 82 2
32 83 2
32 84 2
32 85 2
32 86 1
32 87 2
32 88 3
32 89 2
32 90 2
32 91 2
32 92 2
32 93 1
32 94 2
32 95 2
32 96 1
32 97 1
32 98 3
32 99 1
33 34 3
33 35 2
33 36 4
33 37 1
33 38 2
33 39 3
33 40 2
33 41 1
33 42 2
33 43 3
33 44 1
33 45 1
33 46 2
33 47 3
33 48 4
33 49 2
33 50 2
33 51 1
33 52 2
33 53 2
33 54 2
33 55 3
33 56 2
33 57 4
33 58 2
33 59 2
33 60 4
33 61 4
33 62 2
33 63 3
33 64 1
33 65 3
33 66 2
33 67 2
33 68 1
33 69 3
33 70 2
33 71 1
33 72 2
33 73 1
33 74 1
33 75 3
33 76 1
33 77 4
33 78 3
33 79 3
33 80 2
33 81 3
33 82 2
33 83 3
33 84 3
33 85 2
33 86 2
33 87 3
33 88 3
33 89 3
33 90 3
33 91 3
33 92 3
33 93 1
33 94 3
33 95 3
33 96 1
33 97 2
33 98 3
33 99 1
34 35 2
34 36 2
34 37 3
34 38 2
34 39 1
34 40 2
34 41 3
34 42 2
34 43 1
34 44 3
34 45 3
34 46 3
34 47 4
34 48 1
34 49 3
34 50 2
34 51 3
34 52 3
34 53 3
34 54 2
34 55 2
34 56 3
34 57 1
34 58 3
34 59 2
34 60 1
34 61 2
34 62 3
34 63 3
34 64 3
34 65 1
34 66 3
34 67 1
34 68 4
34 69 1
34 70 3
34 71 4
34 72 3
34 73 2
34 74 2
34 75 2
34 76 4
34 77 2
34 78 4
34 79 3
34 80 1
34 81 2
34 82 3
34 83 3
34 84 2
34 85 3
34 86 1
34 87 3
34 88 4
34 89 1
34 90 3
34 91 3
34 92 1
34 93 2
34 94 3
34 95 1
34 96 3
34 97 2
34 98 3
34 99 2
35 36 3
35 37 2
35 38 1
35 39 1
35 40 2
35 41 2
35 42 2
35 43 2
35 44 2
35 45 2
35 46 2
35 47 3
35 48 2
35 49 2
35 50 1
35 51 2
35 52 2
35 53 2
35 54 1
35 55 2
35 56 2
35 57 2
35 58 2
35 59 2
35 60 2
35 61 3
35 62 2
35 63 2
35 64 2
35 65 1
35 66 2
35 67 1
35 68 3
35 69 2
35 70 2
35 71 3
35 72 2
35 73 1
35 74 1
35 75 2
35 76 3
35 77 3
35 78 3
35 79 3
35 80 1
35 81 2
35 82 2
35 83 2
35 84 1
35 85 2
35 86 1
35 87 3
35 88 3
35 89 1
35 90 2
35 91 3
35 92 1
35 93 1
35 94 2
35 95 2
35 96 2
35 97 1
35 98 2
35 99 1
36 37 4
36 38 2
36 39 2
36 40 2
36 41 4
36 42 2
36 43 2
36 44 4
36 45 4
36 46 3
36 47 3
36 48 1
36 49 2
36 50 3
36 51 4
36 52 3
36 53 4
36 54 3
36 55 1
36 56 3
36 57 2
36 58 2
36 59 4
36 60 1
36 61 1
36 62 3
36 63 1
36 64 4
36 65 2
36 66 3
36 67 3
36 68 4
36 69 2
36 70 3
36 71 4
36 72 4
36 73 3
36 74 3
36 75 2
36 76 4
36 77 1
36 78 3
36 79 2
36 80 3
36 81 1
36 82 3
36 83 2
36 84 2
36 85 2
36 86 2
36 87 3
36 88 3
36 89 2
36 90 2
36 91 3
36 92 2
36 93 3
36 94 2
36 95 2
36 96 4
36 97 3
36 98 4
36 99 3
37 38 2
37 39 3
37 40 2
37 41 2
37 42 2
37 43 4
37 44 1
37 45 1
37 46 1
37 47 2
37 48 4
37 49 2
37 50 2
37 51 1
37 52 1
37 53 2
37 54 2
37 55 3
37 56 2
37 57 4
37 58 2
37 59 3
37 60 4
37 61 5
37 62 1
37 63 3
37 64 1
37 65 3
37 66 1
37 67 2
37 68 1
37 69 3
37 70 1
37 71 1
37 72 3
37 73 2
37 74 1
37 75 3
37 76 1
37 77 4
37 78 3
37 79 3
37 80 3
37 81 3
37 82 2
37 83 2
37 84 3
37 85 2
37 86 2
37 87 3
37 88 3
37 89 3
37 90 3
37 91 3
37 92 3
37 93 1
37 94 3
37 95 3
37 96 1
37 97 2
37 98 3
37 99 1
38 39 2
38 40 1
38 41 2
38 42 1
38 43 3
38 44 2
38 45 2
38 46 1
38 47 2
38 48 3
38 49 1
38 50 1
38 51 2
38 52 1
38 53 3
38 54 1
38 55 2
38 56 1
38 57 2
38 58 1
38 59 3
38 60 2
38 61 3
38 62 1
38 63 2
38 64 2
38 65 2
38 66 1
38 67 2
38 68 2
38 69 2
38 70 1
38 71 2
38 72 3
38 73 2
38 74 1
38 75 1
38 76 2
38 77 3
38 78 2
38 79 2
38 80 2
38 81 2
38 82 1
38 83 1
38 84 1
38 85 1
38 86 1
38 87 2
38 88 2
38 89 2
38 90 1
38 91 2
38 92 2
38 93 1
38 94 1
38 95 2
38 96 2
38 97 1
38 98 3
38 99 2
39 40 2
39 41 3
39 42 2
39 43 1
39 44 3
39 45 3
39 46 3
39 47 3
39 48 2
39 49 2
39 50 1
39 51 3
39 52 3
39 53 3
39 54 1
39 55 2
39 56 3
39 57 1
39 58 2
39 59 2
39 60 1
39 61 2
39 62 3
39 63 2
39 64 3
39 65 1
39 66 3
39 67 1
39 68 4
39 69 1
39 70 3
39 71 4
39 72 3
39 73 2
39 74 2
39 75 2
39 76 4
39 77 2
39 78 3
39 79 2
39 80 1
39 81 1
39 82 3
39 83 3
39 84 1
39 85 2
39 86 1
39 87 3
39 88 3
39 89 1
39 90 2
39 91 3
39 92 1
39 93 2
39 94 2
39 95 1
39 96 3
39 97 1
39 98 3
39 99 2
40 41 3
40 42 1
40 43 2
40 44 3
40 45 2
40 46 2
40 47 2
40 48 3
40 49 1
40 50 2
40 51 2
40 52 2
40 53 3
40 54 2
40 55 1
40 56 2
40 57 2
40 58 1
40 59 3
40 60 2
40 61 3
40 62 2
40 63 1
40 64 2
40 65 2
40 66 2
40 67 2
40 68 3
40 69 2
40 70 1
40 71 3
40 72 3
40 73 2
40 74 2
40 75 1
40 76 3
40 77 2
40 78 2
40 79 1
40 80 2
40 81 1
40 82 2
40 83 1
40 84 1
40 85 1
40 86 2
40 87 1
40 88 2
40 89 1
40 90 1
40 91 1
40 92 2
40 93 2
40 94 1
40 95 2
40 96 2
40 97 1
40 98 3
40 99 2
41 42 3
41 43 3
41 44 1
41 45 2
41 46 2
41 47 3
41 48 4
41 49 3
41 50 2
41 51 2
41 52 2
41 53 1
41 54 2
41 55 4
41 56 3
41 57 4
41 58 3
41 59 1
41 60 4
41 61 4
41 62 3
41 63 4
41 64 1
41 65 3
41 66 3
41 67 2
41 68 2
41 69 3
41 70 2
41 71 2
41 72 1
41 73 1
41 74 1
41 75 3
41 76 2
41 77 5
41 78 4
41 79 4
41 80 2
41 81 4
41 82 3
41 83 3
41 84 3
41 85 3
41 86 2
41 87 4
41 88 4
41 89 3
41 90 3
41 91 4
41 92 3
41 93 1
41 94 3
41 95 3
41 96 1
41 97 2
41 98 2
41 99 1
42 43 2
42 44 3
42 45 2
42 46 2
42 47 2
42 48 3
42 49 1
42 50 1
42 51 2
42 52 2
42 53 3
42 54 1
42 55 1
42 56 2
42 57 2
42 58 1
42 59 3
42 60 2
42 61 3
42 62 2
42 63 1
42 64 2
42 65 2
42 66 2
42 67 2
42 68 3
42 69 2
42 70 1
42 71 3
42 72 3
42 73 2
42 74 2
42 75 1
42 76 3
42 77 2
42 78 2
42 79 1
42 80 2
42 81 1
42 82 2
42 83 1
42 84 1
42 85 1
42 86 1
42 87 1
42 88 2
42 89 1
42 90 1
42 91 2
42 92 2
42 93 2
42 94 1
42 95 2
42 96 2
42 97 1
42 98 3
42 99 2
43 44 4
43 45 4
43 46 4
43 47 4
43 48 1
43 49 3
43 50 2
43 51 4
43 52 4
43 53 3
43 54 2
43 55 2
43 56 4
43 57 1
43 58 3
43 59 2
43 60 1
43 61 1
43 62 4
43 63 3
43 64 4
43 65 1
43 66 4
43 67 2
43 68 4
43 69 1
43 70 3
43 71 4
43 72 3
43 73 2
43 74 3
43 75 2
43 76 4
43 77 2
43 78 4
43 79 3
43 80 1
43 81 2
43 82 4
43 83 3
43 84 2
43 85 3
43 86 2
43 87 3
43 88 4
43 89 1
43 90 3
43 91 3
43 92 1
43 93 3
43 94 3
43 95 1
43 96 3
43 97 2
43 98 3
43 99 3
44 45 1
44 46 2
44 47 3
44 48 4
44 49 3
44 50 2
44 51 1
44 52 2
44 53 2
44 54 2
44 55 4
44 56 3
44 57 4
44 58 3
44 59 2
44 60 4
44 61 5
44 62 2
44 63 4
44 64 1
44 65 3
44 66 2
44 67 2
44 68 1
44 69 3
44 70 2
44 71 1
44 72 2
44 73 2
44 74 1
44 75 3
44 76 1
44 77 5
44 78 4
44 79 4
44 80 3
44 81 4
44 82 3
44 83 3
44 84 3
44 85 3
44 86 2
44 87 4
44 88 4
44 89 3
44 90 3
44 91 4
44 92 3
44 93 1
44 94 3
44 95 3
44 96 1
44 97 2
44 98 3
44 99 2
45 46 2
45 47 3
45 48 4
45 49 3
45 50 2
45 51 1
45 52 2
45 53 2
45 54 2
45 55 3
45 56 3
45 57 4
45 58 3
45 59 3
45 60 4
45 61 5
45 62 2
45 63 3
45 64 1
45 65 3
45 66 2
45 67 2
45 68 1
45 69 3
45 70 2
45 71 1
45 72 3
45 73 2
45 74 1
45 75 3
45 76 1
45 77 4
45 78 4
45 79 3
45 80 3
45 81 3
45 82 3
45 83 3
45 84 3
45 85 3
45 86 2
45 87 3
45 88 4
45 89 3
45 90 3
45 91 3
45 92 3
45 93 1
45 94 3
45 95 3
45 96 1
45 97 2
45 98 3
45 99 1
46 47 1
46 48 4
46 49 2
46 50 2
46 51 1
46 52 1
46 53 3
46 54 2
46 55 3
46 56 1
46 57 3
46 58 2
46 59 3
46 60 3
46 61 4
46 62 1
46 63 3
46 64 2
46 65 3
46 66 1
46 67 2
46 68 2
46 69 3
46 70 1
46 71 2
46 72 3
46 73 2
46 74 1
46 75 2
46 76 2
46 77 4
46 78 2
46 79 2
46 80 3
46 81 3
46 82 1
46 83 2
46 84 2
46 85 2
46 86 2
46 87 2
46 88 2
46 89 3
46 90 2
46 91 2
46 92 3
46 93 2
46 94 2
46 95 3
46 96 2
46 97 2
46 98 3
46 99 2
47 48 4
47 49 2
47 50 3
47 51 2
47 52 2
47 53 4
47 54 3
47 55 2
47 56 1
47 57 3
47 58 1
47 59 4
47 60 3
47 61 4
47 62 1
47 63 2
47 64 3
47 65 3
47 66 1
47 67 3
47 68 2
47 69 4
47 70 1
47 71 3
47 72 4
47 73 3
47 74 2
47 75 2
47 76 3
47 77 3
47 78 1
47 79 2
47 80 4
47 81 2
47 82 1
47 83 1
47 84 2
47 85 1
47 86 3
47 87 1
47 88 1
47 89 3
47 90 2
47 91 1
47 92 3
47 93 3
47 94 2
47 95 3
47 96 3
47 97 3
47 98 4
47 99 3
48 49 3
48 50 3
48 51 4
48 52 4
48 53 4
48 54 3
48 55 2
48 56 4
48 57 1
48 58 3
48 59 3
48 60 1
48 61 1
48 62 4
48 63 2
48 64 4
48 65 1
48 66 4
48 67 2
48 68 5
48 69 2
48 70 4
48 71 5
48 72 4
48 73 3
48 74 3
48 75 2
48 76 5
48 77 1
48 78 4
48 79 3
48 80 2
48 81 2
48 82 4
48 83 3
48 84 2
48 85 3
48 86 2
48 87 3
48 88 4
48 89 2
48 90 3
48 91 4
48 92 2
48 93 3
48 94 3
48 95 1
48 96 4
48 97 2
48 98 4
48 99 3
49 50 2
49 51 3
49 52 2
49 53 3
49 54 2
49 55 1
49 56 1
49 57 2
49 58 1
49 59 4
49 60 2
49 61 3
49 62 2
49 63 1
49 64 2
49 65 2
49 66 2
49 67 2
49 68 3
49 69 3
49 70 1
49 71 3
49 72 4
49 73 3
49 74 2
49 75 1
49 76 3
49 77 2
49 78 2
49 79 1
49 80 3
49 81 1
49 82 2
49 83 1
49 84 1
49 85 1
49 86 2
49 87 1
49 88 1
49 89 2
49 90 1
49 91 1
49 92 2
49 93 2
49 94 1
49 95 2
49 96 3
49 97 2
49 98 4
49 99 2
50 51 2
50 52 2
50 53 2
50 54 1
50 55 2
50 56 2
50 57 2
50 58 2
50 59 2
50 60 2
50 61 3
50 62 2
50 63 2
50 64 2
50 65 2
50 66 2
50 67 1
50 68 3
50 69 2
50 70 2
50 71 3
50 72 2
50 73 1
50 74 1
50 75 2
50 76 3
50 77 3
50 78 3
50 79 2
50 80 1
50 81 2
50 82 2
50 83 2
50 84 1
50 85 2
50 86 1
50 87 2
50 88 3
50 89 1
50 90 2
50 91 3
50 92 1
50 93 1
50 94 2
50 95 2
50 96 2
50 97 1
50 98 2
50 99 1
51 52 1
51 53 2
51 54 2
51 55 3
51 56 2
51 57 4
51 58 3
51 59 3
51 60 4
51 61 5
51 62 2
51 63 3
51 64 1
51 65 3
51 66 1
51 67 2
51 68 1
51 69 3
51 70 2
51 71 1
51 72 3
51 73 2
51 74 1
51 75 3
51 76 1
51 77 4
51 78 3
51 79 3
51 80 3
51 81 3
51 82 2
51 83 3
51 84 3
51 85 3
51 86 2
51 87 3
51 88 3
51 89 3
51 90 3
51 91 3
51 92 3
51 93 1
51 94 3
51 95 3
51 96 1
51 97 2
51 98 3
51 99 1
52 53 3
52 54 2
52 55 3
52 56 1
52 57 3
52 58 2
52 59 3
52 60 3
52 61 4
52 62 1
52 63 3
52 64 1
52 65 3
52 66 1
52 67 2
52 68 1
52 69 3
52 70 1
52 71 2
52 72 3
52 73 2
52 74 2
52 75 2
52 76 2
52 77 4
52 78 2
52 79 3
52 80 3
52 81 3
52 82 1
52 83 2
52 84 2
52 85 2
52 86 2
52 87 2
52 88 3
52 89 3
52 90 2
52 91 2
52 92 3
52 93 2
52 94 2
52 95 3
52 96 2
52 97 2
52 98 4
52 99 2
53 54 2
53 55 4
53 56 3
53 57 3
53 58 3
53 59 1
53 60 3
53 61 4
53 62 3
53 63 4
53 64 2
53 65 3
53 66 3
53 67 2
53 68 3
53 69 2
53 70 3
53 71 2
53 72 1
53 73 1
53 74 2
53 75 4
53 76 3
53 77 4
53 78 4
53 79 4
53 80 2
53 81 4
53 82 3
53 83 4
53 84 3
53 85 3
53 86 2
53 87 4
53 88 4
53 89 3
53 90 4
53 91 4
53 92 3
53 93 2
53 94 4
53 95 3
53 96 2
53 97 2
53 98 1
53 99 1
54 55 2
54 56 2
54 57 2
54 58 2
54 59 2
54 60 2
54 61 3
54 62 2
54 63 2
54 64 2
54 65 2
54 66 2
54 67 1
54 68 3
54 69 2
54 70 2
54 71 3
54 72 2
54 73 1
54 74 1
54 75 2
54 76 3
54 77 3
54 78 3
54 79 2
54 80 1
54 81 2
54 82 2
54 83 2
54 84 1
54 85 2
54 86 1
54 87 2
54 88 3
54 89 1
54 90 2
54 91 3
54 92 1
54 93 1
54 94 2
54 95 2
54 96 2
54 97 1
54 98 2
54 99 1
55 56 2
55 57 2
55 58 2
55 59 4
55 60 1
55 61 2
55 62 3
55 63 1
55 64 3
55 65 2
55 66 3
55 67 2
55 68 4
55 69 2
55 70 2
55 71 4
55 72 4
55 73 3
55 74 3
55 75 1
55 76 4
55 77 1
55 78 2
55 79 1
55 80 3
55 81 1
55 82 3
55 83 2
55 84 1
55 85 1
55 86 2
55 87 2
55 88 2
55 89 2
55 90 1
55 91 2
55 92 2
55 93 3
55 94 1
55 95 2
55 96 3
55 97 2
55 98 4
55 99 3
56 57 3
56 58 1
56 59 4
56 60 3
56 61 4
56 62 1
56 63 2
56 64 2
56 65 3
56 66 1
56 67 3
56 68 2
56 69 3
56 70 1
56 71 3
56 72 4
56 73 3
56 74 2
56 75 2
56 76 3
56 77 3
56 78 1
56 79 2
56 80 3
56 81 2
56 82 1
56 83 1
56 84 2
56 85 1
56 86 2
56 87 1
56 88 2
56 89 3
56 90 2
56 91 1
56 92 3
56 93 2
56 94 2
56 95 3
56 96 3
56 97 2
56 98 4
56 99 2
57 58 2
57 59 3
57 60 1
57 61 1
57 62 3
57 63 2
57 64 4
57 65 1
57 66 3
57 67 2
57 68 4
57 69 1
57 70 3
57 71 4
57 72 3
57 73 3
57 74 3
57 75 2
57 76 4
57 77 1
57 78 3
57 79 3
57 80 2
57 81 2
57 82 3
57 83 3
57 84 1
57 85 2
57 86 2
57 87 3
57 88 3
57 89 1
57 90 2
57 91 3
57 92 1
57 93 3
57 94 2
57 95 1
57 96 4
57 97 2
57 98 3
57 99 3
58 59 4
58 60 2
58 61 3
58 62 2
58 63 1
58 64 2
58 65 2
58 66 2
58 67 2
58 68 3
58 69 3
58 70 1
58 71 3
58 72 4
58 73 3
58 74 2
58 75 1
58 76 3
58 77 2
58 78 1
58 79 1
58 80 3
58 81 1
58 82 1
58 83 1
58 84 1
58 85 1
58 86 2
58 87 1
58 88 1
58 89 2
58 90 1
58 91 1
58 92 2
58 93 2
58 94 1
58 95 2
58 96 3
58 97 2
58 98 4
58 99 2
59 60 3
59 61 3
59 62 4
59 63 4
59 64 2
59 65 2
59 66 3
59 67 2
59 68 3
59 69 2
59 70 3
59 71 3
59 72 1
59 73 1
59 74 2
59 75 3
59 76 3
59 77 4
59 78 5
59 79 4
59 80 1
59 81 3
59 82 4
59 83 4
59 84 3
59 85 4
59 86 2
59 87 4
59 88 5
59 89 2
59 90 4
59 91 4
59 92 2
59 93 2
59 94 4
59 95 2
59 96 2
59 97 2
59 98 1
59 99 2
60 61 1
60 62 3
60 63 2
60 64 4
60 65 1
60 66 3
60 67 2
60 68 4
60 69 1
60 70 3
60 71 4
60 72 3
60 73 3
60 74 3
60 75 2
60 76 4
60 77 1
60 78 3
60 79 2
60 80 2
60 81 1
60 82 3
60 83 3
60 84 1
60 85 2
60 86 2
60 87 3
60 88 3
60 89 1
60 90 2
60 91 3
60 92 1
60 93 3
60 94 2
60 95 1
60 96 4
60 97 2
60 98 3
60 99 3
61 62 4
61 63 2
61 64 5
61 65 2
61 66 4
61 67 3
61 68 5
61 69 2
61 70 4
61 71 5
61 72 4
61 73 3
61 74 4
61 75 2
61 76 5
61 77 1
61 78 4
61 79 3
61 80 2
61 81 2
61 82 4
61 83 3
61 84 2
61 85 3
61 86 3
61 87 3
61 88 4
61 89 2
61 90 3
61 91 4
61 92 2
61 93 4
61 94 3
61 95 2
61 96 4
61 97 3
61 98 4
61 99 4
62 63 3
62 64 2
62 65 3
62 66 1
62 67 3
62 68 2
62 69 3
62 70 1
62 71 2
62 72 4
62 73 3
62 74 2
62 75 2
62 76 2
62 77 4
62 78 2
62 79 2
62 80 3
62 81 3
62 82 1
62 83 2
62 84 2
62 85 2
62 86 2
62 87 2
62 88 2
62 89 3
62 90 2
62 91 2
62 92 3
62 93 2
62 94 2
62 95 3
62 96 2
62 97 2
62 98 4
62 99 2
63 64 3
63 65 2
63 66 3
63 67 2
63 68 4
63 69 3
63 70 2
63 71 4
63 72 4
63 73 3
63 74 3
63 75 1
63 76 4
63 77 1
63 78 2
63 79 1
63 80 3
63 81 1
63 82 2
63 83 2
63 84 1
63 85 1
63 86 2
63 87 2
63 88 2
63 89 2
63 90 1
63 91 2
63 92 2
63 93 3
63 94 1
63 95 2
63 96 3
63 97 2
63 98 4
63 99 3
64 65 3
64 66 2
64 67 2
64 68 1
64 69 3
64 70 2
64 71 1
64 72 2
64 73 2
64 74 1
64 75 3
64 76 1
64 77 4
64 78 3
64 79 3
64 80 3
64 81 3
64 82 2
64 83 3
64 84 3
64 85 2
64 86 2
64 87 3
64 88 3
64 89 3
64 90 3
64 91 3
64 92 3
64 93 1
64 94 3
64 95 3
64 96 1
64 97 2
64 98 3
64 99 1
65 66 3
65 67 1
65 68 4
65 69 1
65 70 3
65 71 4
65 72 3
65 73 2
65 74 2
65 75 2
65 76 4
65 77 2
65 78 3
65 79 2
65 80 1
65 81 1
65 82 3
65 83 3
65 84 1
65 85 2
65 86 1
65 87 3
65 88 3
65 89 1
65 90 2
65 91 3
65 92 1
65 93 2
65 94 2
65 95 1
65 96 3
65 97 1
65 98 3
65 99 2
66 67 2
66 68 1
66 69 3
66 70 1
66 71 2
66 72 3
66 73 2
66 74 2
66 75 2
66 76 2
66 77 4
66 78 2
66 79 3
66 80 3
66 81 3
66 82 1
66 83 2
66 84 2
66 85 2
66 86 2
66 87 2
66 88 2
66 89 3
66 90 2
66 91 2
66 92 3
66 93 2
66 94 2
66 95 3
66 96 2
66 97 2
66 98 4
66 99 2
67 68 3
67 69 1
67 70 2
67 71 3
67 72 2
67 73 1
67 74 1
67 75 2
67 76 3
67 77 3
67 78 3
67 79 3
67 80 1
67 81 2
67 82 3
67 83 3
67 84 1
67 85 2
67 86 1
67 87 3
67 88 3
67 89 1
67 90 2
67 91 3
67 92 1
67 93 1
67 94 2
67 95 1
67 96 2
67 97 1
67 98 2
67 99 1
68 69 4
68 70 2
68 71 1
68 72 3
68 73 2
68 74 2
68 75 3
68 76 1
68 77 5
68 78 3
68 79 4
68 80 3
68 81 4
68 82 2
68 83 3
68 84 3
68 85 3
68 86 3
68 87 3
68 88 3
68 89 4
68 90 3
68 91 3
68 92 4
68 93 2
68 94 3
68 95 4
68 96 1
68 97 3
68 98 4
68 99 2
69 70 3
69 71 4
69 72 2
69 73 2
69 74 2
69 75 2
69 76 4
69 77 2
69 78 4
69 79 3
69 80 1
69 81 2
69 82 3
69 83 3
69 84 2
69 85 3
69 86 1
69 87 3
69 88 4
69 89 1
69 90 3
69 91 3
69 92 1
69 93 2
69 94 3
69 95 1
69 96 3
69 97 2
69 98 2
69 99 2
70 71 2
70 72 3
70 73 2
70 74 1
70 75 2
70 76 2
70 77 3
70 78 2
70 79 2
70 80 3
70 81 2
70 82 1
70 83 1
70 84 2
70 85 1
70 86 2
70 87 2
70 88 2
70 89 2
70 90 2
70 91 2
70 92 3
70 93 2
70 94 2
70 95 3
70 96 2
70 97 2
70 98 3
70 99 2
71 72 3
71 73 2
71 74 2
71 75 3
71 76 1
71 77 5
71 78 4
71 79 4
71 80 3
71 81 4
71 82 3
71 83 3
71 84 3
71 85 3
71 86 3
71 87 4
71 88 4
71 89 4
71 90 3
71 91 4
71 92 4
71 93 2
71 94 3
71 95 4
71 96 1
71 97 3
71 98 3
71 99 2
72 73 1
72 74 2
72 75 4
72 76 3
72 77 4
72 78 5
72 79 4
72 80 2
72 81 4
72 82 4
72 83 4
72 84 3
72 85 4
72 86 2
72 87 4
72 88 5
72 89 3
72 90 4
72 91 4
72 92 3
72 93 2
72 94 4
72 95 3
72 96 2
72 97 2
72 98 1
72 99 2
73 74 1
73 75 3
73 76 2
73 77 4
73 78 4
73 79 3
73 80 1
73 81 3
73 82 3
73 83 3
73 84 2
73 85 3
73 86 1
73 87 3
73 88 4
73 89 2
73 90 3
73 91 3
73 92 2
73 93 1
73 94 3
73 95 2
73 96 1
73 97 1
73 98 2
73 99 1
74 75 2
74 76 2
74 77 4
74 78 3
74 79 3
74 80 2
74 81 3
74 82 2
74 83 2
74 84 2
74 85 2
74 86 1
74 87 3
74 88 3
74 89 2
74 90 2
74 91 3
74 92 2
74 93 1
74 94 2
74 95 2
74 96 1
74 97 1
74 98 2
74 99 1
75 76 3
75 77 2
75 78 2
75 79 1
75 80 2
75 81 1
75 82 2
75 83 1
75 84 1
75 85 1
75 86 2
75 87 1
75 88 2
75 89 1
75 90 1
75 91 2
75 92 2
75 93 2
75 94 1
75 95 2
75 96 3
75 97 2
75 98 4
75 99 3
76 77 5
76 78 4
76 79 4
76 80 3
76 81 4
76 82 3
76 83 3
76 84 3
76 85 3
76 86 3
76 87 4
76 88 4
76 89 4
76 90 3
76 91 4
76 92 4
76 93 2
76 94 3
76 95 4
76 96 1
76 97 3
76 98 4
76 99 2
77 78 3
77 79 2
77 80 3
77 81 2
77 82 3
77 83 3
77 84 2
77 85 2
77 86 3
77 87 3
77 88 3
77 89 2
77 90 2
77 91 3
77 92 2
77 93 4
77 94 2
77 95 2
77 96 4
77 97 3
77 98 4
77 99 4
78 79 1
78 80 4
78 81 2
78 82 1
78 83 1
78 84 2
78 85 1
78 86 3
78 87 1
78 88 1
78 89 3
78 90 2
78 91 1
78 92 3
78 93 3
78 94 1
78 95 3
78 96 4
78 97 3
78 98 5
78 99 3
79 80 3
79 81 1
79 82 2
79 83 1
79 84 2
79 85 1
79 86 2
79 87 1
79 88 1
79 89 2
79 90 1
79 91 1
79 92 2
79 93 3
79 94 1
79 95 2
79 96 3
79 97 2
79 98 4
79 99 3
80 81 2
80 82 3
80 83 3
80 84 2
80 85 3
80 86 1
80 87 3
80 88 4
80 89 1
80 90 3
80 91 3
80 92 1
80 93 2
80 94 3
80 95 1
80 96 2
80 97 1
80 98 2
80 99 2
81 82 2
81 83 2
81 84 1
81 85 1
81 86 2
81 87 2
81 88 2
81 89 1
81 90 1
81 91 2
81 92 1
81 93 3
81 94 1
81 95 1
81 96 3
81 97 2
81 98 4
81 99 3
82 83 1
82 84 2
82 85 2
82 86 2
82 87 1
82 88 2
82 89 3
82 90 2
82 91 1
82 92 3
82 93 2
82 94 2
82 95 3
82 96 3
82 97 2
82 98 4
82 99 2
83 84 2
83 85 1
83 86 2
83 87 1
83 88 1
83 89 2
83 90 1
83 91 1
83 92 3
83 93 2
83 94 1
83 95 3
83 96 3
83 97 2
83 98 4
83 99 3
84 85 1
84 86 1
84 87 2
84 88 2
84 89 1
84 90 1
84 91 2
84 92 1
84 93 2
84 94 1
84 95 1
84 96 3
84 97 1
84 98 3
84 99 2
85 86 2
85 87 1
85 88 1
85 89 2
85 90 1
85 91 1
85 92 2
85 93 2
85 94 1
85 95 2
85 96 3
85 97 2
85 98 4
85 99 2
86 87 2
86 88 3
86 89 1
86 90 2
86 91 3
86 92 1
86 93 1
86 94 2
86 95 1
86 96 2
86 97 1
86 98 2
86 99 1
87 88 1
87 89 2
87 90 1
87 91 1
87 92 3
87 93 3
87 94 1
87 95 3
87 96 3
87 97 2
87 98 4
87 99 3
88 89 3
88 90 1
88 91 1
88 92 3
88 93 3
88 94 1
88 95 3
88 96 4
88 97 3
88 98 5
88 99 3
89 90 2
89 91 2
89 92 1
89 93 2
89 94 2
89 95 1
89 96 3
89 97 1
89 98 3
89 99 2
90 91 1
90 92 2
90 93 2
90 94 1
90 95 2
90 96 3
90 97 2
90 98 4
90 99 3
91 92 3
91 93 3
91 94 1
91 95 3
91 96 3
91 97 2
91 98 4
91 99 3
92 93 2
92 94 2
92 95 1
92 96 3
92 97 1
92 98 3
92 99 2
93 94 2
93 95 2
93 96 1
93 97 1
93 98 2
93 99 1
94 95 2
94 96 3
94 97 2
94 98 4
94 99 3
95 96 3
95 97 2
95 98 3
95 99 2
96 97 2
96 98 3
96 99 1
97 98 2
97 99 1
98 99 2
