100 
0 1 3
0 2 2
0 3 3
0 4 3
0 5 2
0 6 4
0 7 3
0 8 1
0 9 2
0 10 1
0 11 4
0 12 1
0 13 2
0 14 1
0 15 1
0 16 3
0 17 1
0 18 1
0 19 1
0 20 2
0 21 3
0 22 3
0 23 2
0 24 2
0 25 4
0 26 4
0 27 2
0 28 3
0 29 2
0 30 2
0 31 1
0 32 4
0 33 3
0 34 2
0 35 3
0 36 3
0 37 1
0 38 3
0 39 3
0 40 4
0 41 1
0 42 2
0 43 2
0 44 1
0 45 3
0 46 2
0 47 3
0 48 2
0 49 3
0 50 4
0 51 3
0 52 3
0 53 2
0 54 1
0 55 3
0 56 3
0 57 3
0 58 2
0 59 3
0 60 2
0 61 4
0 62 3
0 63 1
0 64 1
0 65 3
0 66 1
0 67 4
0 68 2
0 69 3
0 70 3
0 71 3
0 72 1
0 73 2
0 74 4
0 75 4
0 76 2
0 77 3
0 78 2
0 79 3
0 80 3
0 81 2
0 82 1
0 83 3
0 84 1
0 85 2
0 86 2
0 87 3
0 88 3
0 89 2
0 90 1
0 91 2
0 92 2
0 93 2
0 94 2
0 95 2
0 96 2
0 97 2
0 98 2
0 99 1
1 2 3
1 3 2
1 4 1
1 5 2
1 6 2
1 7 1
1 8 3
1 9 2
1 10 2
1 11 2
1 12 3
1 13 2
1 14 3
1 15 2
1 16 2
1 17 2
1 18 3
1 19 3
1 20 2
1 21 1
1 22 2
1 23 3
1 24 4
1 25 2
1 26 2
1 27 1
1 28 1
1 29 3
1 30 3
1 31 2
1 32 1
1 33 2
1 34 1
1 35 1
1 36 1
1 37 3
1 38 1
1 39 1
1 40 2
1 41 2
1 42 2
1 43 1
1 44 3
1 45 1
1 46 1
1 47 2
1 48 3
1 49 2
1 50 1
1 51 2
1 52 1
1 53 2
1 54 3
1 55 2
1 56 2
1 57 2
1 58 1
1 59 3
1 60 2
1 61 1
1 62 1
1 63 2
1 64 2
1 65 2
1 66 3
1 67 1
1 68 2
1 69 2
1 70 2
1 71 2
1 72 2
1 73 3
1 74 2
1 75 1
1 76 1
1 77 2
1 78 2
1 79 2
1 80 1
1 81 2
1 82 2
1 83 1
1 84 3
1 85 2
1 86 2
1 87 3
1 88 1
1 89 2
1 90 2
1 91 3
1 92 2
1 93 4
1 94 2
1 95 4
1 96 3
1 97 2
1 98 1
1 99 3
2 3 2
2 4 3
2 5 3
2 6 5
2 7 2
2 8 2
2 9 3
2 10 2
2 11 4
2 12 2
2 13 3
2 14 2
2 15 2
2 16 3
2 17 2
2 18 2
2 19 1
2 20 3
2 21 3
2 22 2
2 23 3
2 24 1
2 25 3
2 26 3
2 27 2
2 28 3
2 29 1
2 30 3
2 31 2
2 32 4
2 33 2
2 34 2
2 35 3
2 36 3
2 37 2
2 38 2
2 39 3
2 40 4
2 41 3
2 42 1
2 43 3
2 44 1
2 45 2
2 46 2
2 47 3
2 48 3
2 49 1
2 50 3
2 51 2
2 52 4
2 53 1
2 54 3
2 55 1
2 56 4
2 57 2
2 58 2
2 59 1
2 60 2
2 61 3
2 62 3
2 63 3
2 64 2
2 65 2
2 66 2
2 67 4
2 68 3
2 69 3
2 70 2
2 71 4
2 72 2
2 73 1
2 74 4
2 75 4
2 76 2
2 77 2
2 78 3
2 79 4
2 80 3
2 81 3
2 82 2
2 83 2
2 84 3
2 85 3
2 86 2
2 87 1
2 88 3
2 89 3
2 90 2
2 91 1
2 92 2
2 93 1
2 94 2
2 95 1
2 96 3
2 97 1
2 98 3
2 99 1
3 4 2
3 5 3
3 6 4
3 7 1
3 8 3
3 9 3
3 10 2
3 11 3
3 12 3
3 13 3
3 14 3
3 15 2
3 16 1
3 17 2
3 18 3
3 19 2
3 20 3
3 21 2
3 22 1
3 23 4
3 24 2
3 25 1
3 26 1
3 27 2
3 28 3
3 29 2
3 30 4
3 31 3
3 32 3
3 33 1
3 34 2
3 35 3
3 36 2
3 37 3
3 38 1
3 39 2
3 40 3
3 41 3
3 42 1
3 43 3
3 44 2
3 45 1
3 46 1
3 47 2
3 48 4
3 49 1
3 50 2
3 51 1
3 52 3
3 53 1
3 54 4
3 55 1
3 56 3
3 57 1
3 58 2
3 59 1
3 60 1
3 61 2
3 62 3
3 63 3
3 64 3
3 65 1
3 66 3
3 67 3
3 68 3
3 69 1
3 70 1
3 71 3
3 72 2
3 73 2
3 74 3
3 75 3
3 76 2
3 77 1
3 78 3
3 79 3
3 80 2
3 81 2
3 82 2
3 83 1
3 84 3
3 85 3
3 86 2
3 87 1
3 88 3
3 89 3
3 90 2
3 91 2
3 92 2
3 93 3
3 94 1
3 95 3
3 96 4
3 97 1
3 98 2
3 99 2
4 5 3
4 6 3
4 7 1
4 8 3
4 9 3
4 10 2
4 11 3
4 12 3
4 13 3
4 14 3
4 15 3
4 16 1
4 17 3
4 18 3
4 19 3
4 20 3
4 21 1
4 22 1
4 23 4
4 24 3
4 25 1
4 26 1
4 27 1
4 28 2
4 29 3
4 30 4
4 31 3
4 32 1
4 33 2
4 34 2
4 35 2
4 36 2
4 37 3
4 38 1
4 39 1
4 40 3
4 41 3
4 42 2
4 43 2
4 44 3
4 45 1
4 46 1
4 47 1
4 48 4
4 49 2
4 50 1
4 51 2
4 52 2
4 53 2
4 54 4
4 55 2
4 56 3
4 57 1
4 58 2
4 59 2
4 60 2
4 61 1
4 62 2
4 63 3
4 64 3
4 65 2
4 66 3
4 67 2
4 68 3
4 69 1
4 70 1
4 71 3
4 72 2
4 73 3
4 74 2
4 75 2
4 76 1
4 77 2
4 78 3
4 79 3
4 80 2
4 81 2
4 82 2
4 83 1
4 84 4
4 85 3
4 86 2
4 87 2
4 88 2
4 89 3
4 90 2
4 91 3
4 92 2
4 93 4
4 94 2
4 95 4
4 96 4
4 97 2
4 98 2
4 99 3
5 6 3
5 7 3
5 8 2
5 9 1
5 10 2
5 11 3
5 12 2
5 13 1
5 14 1
5 15 2
5 16 4
5 17 1
5 18 2
5 19 3
5 20 1
5 21 2
5 22 3
5 23 1
5 24 4
5 25 4
5 26 4
5 27 2
5 28 2
5 29 3
5 30 1
5 31 1
5 32 3
5 33 4
5 34 2
5 35 2
5 36 2
5 37 2
5 38 3
5 39 3
5 40 3
5 41 1
5 42 3
5 43 1
5 44 3
5 45 3
5 46 3
5 47 4
5 48 1
5 49 3
5 50 3
5 51 3
5 52 2
5 53 2
5 54 1
5 55 3
5 56 2
5 57 3
5 58 2
5 59 3
5 60 3
5 61 3
5 62 2
5 63 1
5 64 1
5 65 3
5 66 2
5 67 3
5 68 1
5 69 4
5 70 3
5 71 2
5 72 2
5 73 3
5 74 3
5 75 3
5 76 2
5 77 3
5 78 1
5 79 2
5 80 2
5 81 1
5 82 2
5 83 3
5 84 1
5 85 1
5 86 2
5 87 3
5 88 2
5 89 1
5 90 2
5 91 3
5 92 2
5 93 3
5 94 2
5 95 3
5 96 1
5 97 2
5 98 2
5 99 2
6 7 3
6 8 4
6 9 3
6 10 3
6 11 1
6 12 4
6 13 3
6 14 4
6 15 4
6 16 3
6 17 3
6 18 4
6 19 5
6 20 3
6 21 2
6 22 4
6 23 4
6 24 6
6 25 4
6 26 3
6 27 3
6 28 2
6 29 5
6 30 4
6 31 4
6 32 2
6 33 4
6 34 3
6 35 2
6 36 2
6 37 4
6 38 3
6 39 2
6 40 1
6 41 3
6 42 4
6 43 2
6 44 5
6 45 3
6 46 3
6 47 3
6 48 4
6 49 4
6 50 2
6 51 4
6 52 1
6 53 4
6 54 4
6 55 4
6 56 2
6 57 4
6 58 3
6 59 4
6 60 4
6 61 2
6 62 2
6 63 3
6 64 3
6 65 4
6 66 4
6 67 1
6 68 3
6 69 3
6 70 3
6 71 2
6 72 3
6 73 5
6 74 1
6 75 1
6 76 3
6 77 4
6 78 2
6 79 2
6 80 2
6 81 3
6 82 4
6 83 3
6 84 4
6 85 2
6 86 3
6 87 5
6 88 2
6 89 3
6 90 4
6 91 5
6 92 3
6 93 5
6 94 3
6 95 5
6 96 4
6 97 4
6 98 2
6 99 4
7 8 3
7 9 3
7 10 2
7 11 3
7 12 3
7 13 3
7 14 3
7 15 3
7 16 1
7 17 2
7 18 3
7 19 3
7 20 3
7 21 1
7 22 1
7 23 4
7 24 3
7 25 1
7 26 1
7 27 1
7 28 2
7 29 3
7 30 4
7 31 3
7 32 2
7 33 1
7 34 2
7 35 2
7 36 2
7 37 3
7 38 1
7 39 2
7 40 3
7 41 3
7 42 2
7 43 2
7 44 3
7 45 1
7 46 1
7 47 1
7 48 4
7 49 1
7 50 2
7 51 2
7 52 2
7 53 2
7 54 4
7 55 2
7 56 3
7 57 1
7 58 2
7 59 2
7 60 1
7 61 1
7 62 2
7 63 3
7 64 3
7 65 1
7 66 3
7 67 2
7 68 3
7 69 1
7 70 1
7 71 3
7 72 2
7 73 2
7 74 3
7 75 2
7 76 1
7 77 1
7 78 3
7 79 3
7 80 2
7 81 2
7 82 2
7 83 1
7 84 3
7 85 3
7 86 2
7 87 2
7 88 2
7 89 3
7 90 2
7 91 3
7 92 2
7 93 3
7 94 1
7 95 3
7 96 4
7 97 2
7 98 2
7 99 2
8 9 2
8 10 1
8 11 3
8 12 1
8 13 2
8 14 1
8 15 1
8 16 3
8 17 1
8 18 1
8 19 1
8 20 2
8 21 2
8 22 3
8 23 2
8 24 2
8 25 3
8 26 3
8 27 2
8 28 3
8 29 1
8 30 2
8 31 1
8 32 3
8 33 3
8 34 2
8 35 3
8 36 3
8 37 1
8 38 3
8 39 3
8 40 3
8 41 1
8 42 2
8 43 2
8 44 1
8 45 2
8 46 2
8 47 3
8 48 2
8 49 3
8 50 3
8 51 3
8 52 3
8 53 2
8 54 2
8 55 3
8 56 3
8 57 2
8 58 2
8 59 3
8 60 2
8 61 3
8 62 3
8 63 1
8 64 1
8 65 2
8 66 1
8 67 3
8 68 2
8 69 3
8 70 2
8 71 3
8 72 1
8 73 2
8 74 3
8 75 4
8 76 2
8 77 3
8 78 2
8 79 3
8 80 2
8 81 2
8 82 1
8 83 2
8 84 1
8 85 2
8 86 1
8 87 2
8 88 3
8 89 2
8 90 1
8 91 2
8 92 1
8 93 1
8 94 2
8 95 1
8 96 2
8 97 2
8 98 2
8 99 1
9 10 2
9 11 2
9 12 2
9 13 1
9 14 2
9 15 2
9 16 3
9 17 2
9 18 3
9 19 3
9 20 1
9 21 2
9 22 3
9 23 2
9 24 4
9 25 4
9 26 4
9 27 2
9 28 1
9 29 3
9 30 2
9 31 2
9 32 3
9 33 4
9 34 2
9 35 2
9 36 2
9 37 2
9 38 3
9 39 3
9 40 2
9 41 1
9 42 3
9 43 1
9 44 3
9 45 3
9 46 2
9 47 3
9 48 1
9 49 3
9 50 3
9 51 4
9 52 2
9 53 3
9 54 2
9 55 3
9 56 1
9 57 3
9 58 2
9 59 3
9 60 3
9 61 3
9 62 2
9 63 1
9 64 1
9 65 3
9 66 2
9 67 3
9 68 1
9 69 3
9 70 3
9 71 1
9 72 2
9 73 3
9 74 2
9 75 3
9 76 2
9 77 4
9 78 1
9 79 1
9 80 2
9 81 1
9 82 2
9 83 3
9 84 2
9 85 1
9 86 2
9 87 4
9 88 1
9 89 1
9 90 2
9 91 3
9 92 2
9 93 3
9 94 2
9 95 3
9 96 1
9 97 3
9 98 1
9 99 2
10 11 3
10 12 2
10 13 2
10 14 1
10 15 1
10 16 2
10 17 1
10 18 1
10 19 2
10 20 2
10 21 2
10 22 2
10 23 2
10 24 3
10 25 3
10 26 3
10 27 1
10 28 2
10 29 2
10 30 2
10 31 1
10 32 3
10 33 2
10 34 1
10 35 2
10 36 2
10 37 2
10 38 2
10 39 2
10 40 3
10 41 1
10 42 1
10 43 1
10 44 2
10 45 2
10 46 1
10 47 2
10 48 2
10 49 2
10 50 3
10 51 2
10 52 2
10 53 1
10 54 2
10 55 2
10 56 2
10 57 2
10 58 1
10 59 2
10 60 1
10 61 3
10 62 2
10 63 1
10 64 1
10 65 2
10 66 1
10 67 3
10 68 2
10 69 2
10 70 2
10 71 2
10 72 1
10 73 2
10 74 3
10 75 3
10 76 1
10 77 2
10 78 2
10 79 2
10 80 2
10 81 1
10 82 1
10 83 2
10 84 2
10 85 2
10 86 1
10 87 2
10 88 2
10 89 2
10 90 1
10 91 2
10 92 1
10 93 2
10 94 1
10 95 2
10 96 2
10 97 1
10 98 1
10 99 1
11 12 4
11 13 3
11 14 3
11 15 3
11 16 3
11 17 3
11 18 4
11 19 4
11 20 2
11 21 2
11 22 3
11 23 3
11 24 5
11 25 3
11 26 3
11 27 2
11 28 1
11 29 4
11 30 3
11 31 3
11 32 2
11 33 3
11 34 2
11 35 1
11 36 1
11 37 4
11 38 3
11 39 2
11 40 1
11 41 3
11 42 3
11 43 2
11 44 4
11 45 2
11 46 2
11 47 3
11 48 3
11 49 4
11 50 2
11 51 4
11 52 1
11 53 3
11 54 3
11 55 4
11 56 1
11 57 3
11 58 2
11 59 4
11 60 3
11 61 2
11 62 1
11 63 3
11 64 3
11 65 3
11 66 4
11 67 1
11 68 3
11 69 3
11 70 3
11 71 1
11 72 3
11 73 4
11 74 1
11 75 1
11 76 2
11 77 4
11 78 2
11 79 1
11 80 1
11 81 2
11 82 3
11 83 3
11 84 4
11 85 2
11 86 2
11 87 4
11 88 1
11 89 2
11 90 3
11 91 4
11 92 3
11 93 4
11 94 3
11 95 4
11 96 3
11 97 3
11 98 2
11 99 3
12 13 2
12 14 1
12 15 1
12 16 4
12 17 1
12 18 1
12 19 2
12 20 2
12 21 3
12 22 3
12 23 2
12 24 3
12 25 4
12 26 4
12 27 2
12 28 3
12 29 2
12 30 2
12 31 1
12 32 4
12 33 3
12 34 2
12 35 3
12 36 3
12 37 1
12 38 3
12 39 4
12 40 4
12 41 1
12 42 2
12 43 2
12 44 2
12 45 3
12 46 3
12 47 4
12 48 2
12 49 3
12 50 4
12 51 3
12 52 3
12 53 2
12 54 1
12 55 3
12 56 3
12 57 3
12 58 2
12 59 3
12 60 2
12 61 4
12 62 3
12 63 1
12 64 1
12 65 3
12 66 1
12 67 4
12 68 2
12 69 4
12 70 3
12 71 3
12 72 1
12 73 2
12 74 4
12 75 4
12 76 2
12 77 3
12 78 2
12 79 3
12 80 3
12 81 2
12 82 1
12 83 3
12 84 1
12 85 2
12 86 2
12 87 3
12 88 3
12 89 2
12 90 1
12 91 2
12 92 2
12 93 2
12 94 2
12 95 2
12 96 1
12 97 2
12 98 2
12 99 1
13 14 1
13 15 2
13 16 4
13 17 2
13 18 2
13 19 3
13 20 1
13 21 2
13 22 3
13 23 1
13 24 4
13 25 4
13 26 4
13 27 2
13 28 2
13 29 3
13 30 1
13 31 1
13 32 3
13 33 4
13 34 2
13 35 2
13 36 2
13 37 2
13 38 3
13 39 3
13 40 3
13 41 1
13 42 3
13 43 1
13 44 3
13 45 3
13 46 3
13 47 4
13 48 1
13 49 3
13 50 3
13 51 4
13 52 2
13 53 3
13 54 1
13 55 3
13 56 2
13 57 3
13 58 2
13 59 3
13 60 3
13 61 3
13 62 2
13 63 1
13 64 1
13 65 3
13 66 2
13 67 3
13 68 1
13 69 4
13 70 3
13 71 2
13 72 2
13 73 3
13 74 3
13 75 3
13 76 2
13 77 4
13 78 1
13 79 2
13 80 2
13 81 1
13 82 2
13 83 3
13 84 1
13 85 1
13 86 2
13 87 4
13 88 2
13 89 1
13 90 2
13 91 3
13 92 2
13 93 3
13 94 2
13 95 3
13 96 1
13 97 3
13 98 2
13 99 2
14 15 1
14 16 3
14 17 1
14 18 1
14 19 2
14 20 2
14 21 2
14 22 3
14 23 1
14 24 3
14 25 4
14 26 4
14 27 2
14 28 2
14 29 2
14 30 1
14 31 1
14 32 3
14 33 3
14 34 2
14 35 3
14 36 2
14 37 1
14 38 3
14 39 3
14 40 3
14 41 1
14 42 2
14 43 2
14 44 2
14 45 3
14 46 2
14 47 3
14 48 2
14 49 3
14 50 3
14 51 3
14 52 3
14 53 2
14 54 1
14 55 3
14 56 3
14 57 3
14 58 2
14 59 3
14 60 2
14 61 3
14 62 3
14 63 1
14 64 1
14 65 3
14 66 1
14 67 3
14 68 1
14 69 3
14 70 3
14 71 3
14 72 1
14 73 2
14 74 3
14 75 3
14 76 2
14 77 3
14 78 2
14 79 3
14 80 2
14 81 1
14 82 1
14 83 3
14 84 1
14 85 2
14 86 1
14 87 3
14 88 2
14 89 2
14 90 1
14 91 2
14 92 2
14 93 2
14 94 2
14 95 2
14 96 1
14 97 2
14 98 2
14 99 1
15 16 3
15 17 1
15 18 1
15 19 1
15 20 2
15 21 2
15 22 2
15 23 2
15 24 2
15 25 3
15 26 3
15 27 2
15 28 2
15 29 2
15 30 2
15 31 1
15 32 3
15 33 3
15 34 1
15 35 3
15 36 2
15 37 1
15 38 2
15 39 3
15 40 3
15 41 1
15 42 2
15 43 2
15 44 2
15 45 2
15 46 2
15 47 3
15 48 2
15 49 2
15 50 3
15 51 2
15 52 3
15 53 1
15 54 2
15 55 2
15 56 3
15 57 2
15 58 2
15 59 2
15 60 2
15 61 3
15 62 3
15 63 1
15 64 1
15 65 2
15 66 1
15 67 3
15 68 1
15 69 3
15 70 2
15 71 3
15 72 1
15 73 2
15 74 3
15 75 3
15 76 2
15 77 2
15 78 2
15 79 3
15 80 2
15 81 1
15 82 1
15 83 2
15 84 1
15 85 2
15 86 1
15 87 2
15 88 2
15 89 2
15 90 1
15 91 2
15 92 1
15 93 2
15 94 2
15 95 2
15 96 2
15 97 1
15 98 2
15 99 1
16 17 3
16 18 3
16 19 3
16 20 3
16 21 2
16 22 1
16 23 4
16 24 3
16 25 1
16 26 1
16 27 2
16 28 3
16 29 3
16 30 4
16 31 3
16 32 2
16 33 1
16 34 2
16 35 3
16 36 2
16 37 4
16 38 1
16 39 2
16 40 3
16 41 3
16 42 2
16 43 3
16 44 3
16 45 1
16 46 1
16 47 1
16 48 4
16 49 2
16 50 1
16 51 2
16 52 3
16 53 2
16 54 4
16 55 2
16 56 3
16 57 1
16 58 2
16 59 2
16 60 2
16 61 1
16 62 2
16 63 3
16 64 3
16 65 2
16 66 3
16 67 2
16 68 3
16 69 1
16 70 1
16 71 3
16 72 3
16 73 3
16 74 2
16 75 2
16 76 2
16 77 1
16 78 3
16 79 3
16 80 2
16 81 3
16 82 3
16 83 1
16 84 4
16 85 3
16 86 2
16 87 2
16 88 3
16 89 3
16 90 3
16 91 3
16 92 2
16 93 4
16 94 2
16 95 4
16 96 4
16 97 2
16 98 2
16 99 3
17 18 1
17 19 2
17 20 2
17 21 2
17 22 2
17 23 2
17 24 3
17 25 3
17 26 3
17 27 2
17 28 2
17 29 2
17 30 2
17 31 1
17 32 3
17 33 3
17 34 1
17 35 2
17 36 2
17 37 1
17 38 2
17 39 3
17 40 3
17 41 1
17 42 2
17 43 1
17 44 2
17 45 2
17 46 2
17 47 3
17 48 2
17 49 2
17 50 3
17 51 2
17 52 2
17 53 1
17 54 2
17 55 2
17 56 2
17 57 2
17 58 1
17 59 2
17 60 2
17 61 3
17 62 2
17 63 1
17 64 1
17 65 2
17 66 1
17 67 3
17 68 1
17 69 3
17 70 2
17 71 2
17 72 1
17 73 2
17 74 3
17 75 3
17 76 2
17 77 2
17 78 2
17 79 2
17 80 2
17 81 1
17 82 1
17 83 2
17 84 1
17 85 2
17 86 1
17 87 2
17 88 2
17 89 2
17 90 1
17 91 2
17 92 1
17 93 2
17 94 1
17 95 2
17 96 2
17 97 1
17 98 2
17 99 1
18 19 1
18 20 3
18 21 3
18 22 3
18 23 2
18 24 2
18 25 4
18 26 4
18 27 2
18 28 3
18 29 1
18 30 2
18 31 1
18 32 4
18 33 3
18 34 2
18 35 3
18 36 3
18 37 1
18 38 3
18 39 3
18 40 4
18 41 2
18 42 2
18 43 2
18 44 1
18 45 3
18 46 2
18 47 3
18 48 2
18 49 3
18 50 4
18 51 3
18 52 3
18 53 2
18 54 2
18 55 3
18 56 3
18 57 3
18 58 2
18 59 3
18 60 2
18 61 4
18 62 3
18 63 2
18 64 2
18 65 3
18 66 1
18 67 4
18 68 2
18 69 3
18 70 3
18 71 3
18 72 1
18 73 2
18 74 4
18 75 4
18 76 2
18 77 3
18 78 3
18 79 3
18 80 3
18 81 2
18 82 1
18 83 3
18 84 1
18 85 3
18 86 2
18 87 2
18 88 3
18 89 3
18 90 1
18 91 2
18 92 2
18 93 1
18 94 2
18 95 1
18 96 2
18 97 2
18 98 2
18 99 1
19 20 3
19 21 3
19 22 2
19 23 3
19 24 1
19 25 3
19 26 3
19 27 2
19 28 3
19 29 1
19 30 3
19 31 2
19 32 4
19 33 3
19 34 2
19 35 3
19 36 3
19 37 2
19 38 2
19 39 3
19 40 4
19 41 2
19 42 2
19 43 3
19 44 1
19 45 2
19 46 2
19 47 3
19 48 3
19 49 2
19 50 3
19 51 2
19 52 4
19 53 1
19 54 2
19 55 2
19 56 4
19 57 2
19 58 2
19 59 2
19 60 2
19 61 3
19 62 3
19 63 2
19 64 2
19 65 2
19 66 1
19 67 4
19 68 2
19 69 3
19 70 2
19 71 4
19 72 2
19 73 1
19 74 4
19 75 4
19 76 2
19 77 2
19 78 3
19 79 4
19 80 3
19 81 2
19 82 1
19 83 2
19 84 2
19 85 3
19 86 2
19 87 2
19 88 3
19 89 3
19 90 1
19 91 1
19 92 2
19 93 1
19 94 2
19 95 1
19 96 3
19 97 1
19 98 3
19 99 1
20 21 2
20 22 3
20 23 1
20 24 4
20 25 4
20 26 4
20 27 2
20 28 1
20 29 3
20 30 1
20 31 2
20 32 3
20 33 4
20 34 2
20 35 2
20 36 2
20 37 2
20 38 3
20 39 3
20 40 2
20 41 1
20 42 3
20 43 1
20 44 3
20 45 3
20 46 2
20 47 3
20 48 1
20 49 3
20 50 3
20 51 4
20 52 2
20 53 3
20 54 1
20 55 3
20 56 2
20 57 3
20 58 2
20 59 3
20 60 3
20 61 3
20 62 2
20 63 1
20 64 1
20 65 3
20 66 2
20 67 3
20 68 1
20 69 3
20 70 3
20 71 1
20 72 2
20 73 3
20 74 2
20 75 3
20 76 2
20 77 4
20 78 1
20 79 1
20 80 2
20 81 1
20 82 2
20 83 3
20 84 2
20 85 1
20 86 2
20 87 4
20 88 1
20 89 1
20 90 2
20 91 3
20 92 2
20 93 3
20 94 2
20 95 3
20 96 1
20 97 3
20 98 1
20 99 2
21 22 2
21 23 3
21 24 4
21 25 2
21 26 2
21 27 1
21 28 1
21 29 3
21 30 3
21 31 2
21 32 1
21 33 2
21 34 1
21 35 1
21 36 1
21 37 3
21 38 1
21 39 1
21 40 2
21 41 2
21 42 2
21 43 1
21 44 3
21 45 1
21 46 1
21 47 2
21 48 3
21 49 2
21 50 1
21 51 2
21 52 2
21 53 2
21 54 3
21 55 2
21 56 2
21 57 2
21 58 1
21 59 2
21 60 2
21 61 1
21 62 1
21 63 2
21 64 2
21 65 2
21 66 3
21 67 1
21 68 2
21 69 2
21 70 1
21 71 2
21 72 2
21 73 3
21 74 2
21 75 2
21 76 1
21 77 2
21 78 2
21 79 2
21 80 1
21 81 2
21 82 2
21 83 1
21 84 3
21 85 2
21 86 1
21 87 3
21 88 1
21 89 2
21 90 2
21 91 3
21 92 2
21 93 3
21 94 1
21 95 3
21 96 3
21 97 2
21 98 1
21 99 2
22 23 4
22 24 3
22 25 1
22 26 1
22 27 2
22 28 3
22 29 2
22 30 4
22 31 3
22 32 2
22 33 1
22 34 2
22 35 3
22 36 2
22 37 3
22 38 1
22 39 2
22 40 3
22 41 3
22 42 1
22 43 2
22 44 3
22 45 1
22 46 1
22 47 1
22 48 4
22 49 1
22 50 2
22 51 1
22 52 3
22 53 1
22 54 4
22 55 1
22 56 3
22 57 1
22 58 2
22 59 1
22 60 1
22 61 2
22 62 3
22 63 3
22 64 3
22 65 1
22 66 3
22 67 3
22 68 3
22 69 1
22 70 1
22 71 3
22 72 2
22 73 2
22 74 3
22 75 3
22 76 1
22 77 1
22 78 3
22 79 3
22 80 2
22 81 2
22 82 2
22 83 1
22 84 3
22 85 3
22 86 2
22 87 2
22 88 3
22 89 3
22 90 2
22 91 3
22 92 2
22 93 3
22 94 1
22 95 3
22 96 4
22 97 2
22 98 2
22 99 2
23 24 4
23 25 4
23 26 4
23 27 3
23 28 2
23 29 3
23 30 1
23 31 2
23 32 4
23 33 4
23 34 2
23 35 3
23 36 3
23 37 2
23 38 4
23 39 4
23 40 3
23 41 1
23 42 3
23 43 2
23 44 3
23 45 3
23 46 3
23 47 4
23 48 1
23 49 4
23 50 4
23 51 4
23 52 3
23 53 3
23 54 1
23 55 4
23 56 3
23 57 3
23 58 2
23 59 4
23 60 3
23 61 4
23 62 3
23 63 1
23 64 1
23 65 3
23 66 2
23 67 4
23 68 1
23 69 4
23 70 3
23 71 2
23 72 2
23 73 3
23 74 3
23 75 4
23 76 3
23 77 4
23 78 2
23 79 2
23 80 3
23 81 2
23 82 2
23 83 3
23 84 1
23 85 2
23 86 2
23 87 4
23 88 2
23 89 2
23 90 2
23 91 3
23 92 2
23 93 3
23 94 3
23 95 3
23 96 1
23 97 3
23 98 2
23 99 2
24 25 3
24 26 3
24 27 3
24 28 4
24 29 1
24 30 4
24 31 3
24 32 4
24 33 2
24 34 3
24 35 4
24 36 4
24 37 3
24 38 3
24 39 4
24 40 5
24 41 3
24 42 2
24 43 4
24 44 1
24 45 3
24 46 3
24 47 4
24 48 4
24 49 2
24 50 4
24 51 2
24 52 5
24 53 2
24 54 3
24 55 2
24 56 5
24 57 2
24 58 3
24 59 2
24 60 2
24 61 4
24 62 4
24 63 3
24 64 3
24 65 2
24 66 2
24 67 5
24 68 3
24 69 3
24 70 3
24 71 5
24 72 3
24 73 1
24 74 5
24 75 5
24 76 3
24 77 2
24 78 4
24 79 5
24 80 4
24 81 3
24 82 2
24 83 3
24 84 3
24 85 4
24 86 3
24 87 1
24 88 4
24 89 4
24 90 2
24 91 1
24 92 3
24 93 1
24 94 3
24 95 1
24 96 4
24 97 2
24 98 4
24 99 2
25 26 1
25 27 2
25 28 3
25 29 3
25 30 4
25 31 3
25 32 2
25 33 1
25 34 2
25 35 3
25 36 3
25 37 4
25 38 1
25 39 2
25 40 3
25 41 4
25 42 2
25 43 3
25 44 3
25 45 1
25 46 2
25 47 1
25 48 4
25 49 2
25 50 2
25 51 1
25 52 3
25 53 2
25 54 4
25 55 2
25 56 3
25 57 1
25 58 2
25 59 2
25 60 2
25 61 2
25 62 3
25 63 3
25 64 3
25 65 1
25 66 3
25 67 3
25 68 3
25 69 1
25 70 1
25 71 3
25 72 3
25 73 2
25 74 3
25 75 3
25 76 2
25 77 1
25 78 3
25 79 3
25 80 2
25 81 3
25 82 3
25 83 1
25 84 4
25 85 3
25 86 3
25 87 2
25 88 3
25 89 4
25 90 3
25 91 3
25 92 2
25 93 3
25 94 2
25 95 3
25 96 4
25 97 2
25 98 3
25 99 3
26 27 2
26 28 3
26 29 3
26 30 4
26 31 3
26 32 2
26 33 1
26 34 2
26 35 3
26 36 3
26 37 4
26 38 1
26 39 2
26 40 3
26 41 4
26 42 2
26 43 3
26 44 3
26 45 1
26 46 2
26 47 1
26 48 4
26 49 2
26 50 2
26 51 2
26 52 3
26 53 2
26 54 4
26 55 2
26 56 3
26 57 1
26 58 2
26 59 2
26 60 2
26 61 1
26 62 3
26 63 3
26 64 3
26 65 2
26 66 3
26 67 2
26 68 3
26 69 1
26 70 1
26 71 3
26 72 3
26 73 3
26 74 3
26 75 3
26 76 2
26 77 1
26 78 3
26 79 3
26 80 2
26 81 3
26 82 3
26 83 1
26 84 4
26 85 3
26 86 3
26 87 2
26 88 3
26 89 4
26 90 3
26 91 3
26 92 2
26 93 4
26 94 2
26 95 4
26 96 4
26 97 2
26 98 3
26 99 3
27 28 2
27 29 2
27 30 3
27 31 2
27 32 2
27 33 2
27 34 1
27 35 2
27 36 1
27 37 2
27 38 1
27 39 2
27 40 2
27 41 2
27 42 1
27 43 1
27 44 2
27 45 1
27 46 1
27 47 2
27 48 3
27 49 2
27 50 2
27 51 2
27 52 2
27 53 1
27 54 3
27 55 2
27 56 2
27 57 1
27 58 1
27 59 2
27 60 1
27 61 2
27 62 1
27 63 2
27 64 2
27 65 1
27 66 2
27 67 2
27 68 2
27 69 2
27 70 1
27 71 2
27 72 1
27 73 2
27 74 2
27 75 2
27 76 1
27 77 2
27 78 2
27 79 2
27 80 1
27 81 1
27 82 1
27 83 1
27 84 3
27 85 2
27 86 1
27 87 2
27 88 2
27 89 2
27 90 1
27 91 2
27 92 1
27 93 3
27 94 1
27 95 3
27 96 3
27 97 1
27 98 1
27 99 2
28 29 4
28 30 2
28 31 2
28 32 2
28 33 3
28 34 1
28 35 1
28 36 1
28 37 3
28 38 2
28 39 2
28 40 1
28 41 2
28 42 3
28 43 1
28 44 4
28 45 2
28 46 2
28 47 3
28 48 2
28 49 3
28 50 2
28 51 3
28 52 1
28 53 2
28 54 2
28 55 3
28 56 1
28 57 3
28 58 1
28 59 3
28 60 2
28 61 2
28 62 1
28 63 2
28 64 2
28 65 3
28 66 3
28 67 2
28 68 2
28 69 3
28 70 2
28 71 1
28 72 2
28 73 3
28 74 1
28 75 2
28 76 2
28 77 3
28 78 1
28 79 1
28 80 1
28 81 1
28 82 2
28 83 2
28 84 3
28 85 1
28 86 2
28 87 3
28 88 1
28 89 1
28 90 2
28 91 4
28 92 2
28 93 4
28 94 2
28 95 4
28 96 2
28 97 3
28 98 1
28 99 3
29 30 3
29 31 2
29 32 4
29 33 2
29 34 3
29 35 4
29 36 3
29 37 2
29 38 2
29 39 3
29 40 4
29 41 2
29 42 1
29 43 3
29 44 1
29 45 3
29 46 2
29 47 3
29 48 3
29 49 2
29 50 4
29 51 2
29 52 4
29 53 2
29 54 3
29 55 2
29 56 4
29 57 2
29 58 3
29 59 2
29 60 2
29 61 3
29 62 3
29 63 2
29 64 2
29 65 2
29 66 1
29 67 4
29 68 3
29 69 3
29 70 2
29 71 4
29 72 2
29 73 1
29 74 4
29 75 4
29 76 2
29 77 2
29 78 3
29 79 4
29 80 3
29 81 3
29 82 2
29 83 2
29 84 2
29 85 3
29 86 2
29 87 1
29 88 4
29 89 3
29 90 2
29 91 1
29 92 2
29 93 1
29 94 2
29 95 1
29 96 3
29 97 1
29 98 3
29 99 1
30 31 2
30 32 4
30 33 4
30 34 2
30 35 3
30 36 3
30 37 2
30 38 4
30 39 4
30 40 3
30 41 1
30 42 3
30 43 2
30 44 3
30 45 3
30 46 3
30 47 4
30 48 1
30 49 4
30 50 4
30 51 4
30 52 3
30 53 3
30 54 1
30 55 4
30 56 3
30 57 3
30 58 3
30 59 4
30 60 3
30 61 4
30 62 3
30 63 1
30 64 2
30 65 3
30 66 2
30 67 4
30 68 1
30 69 4
30 70 3
30 71 2
30 72 2
30 73 3
30 74 3
30 75 4
30 76 3
30 77 4
30 78 2
30 79 2
30 80 3
30 81 2
30 82 2
30 83 3
30 84 1
30 85 2
30 86 2
30 87 4
30 88 2
30 89 2
30 90 2
30 91 3
30 92 2
30 93 3
30 94 3
30 95 3
30 96 1
30 97 3
30 98 2
30 99 2
31 32 3
31 33 3
31 34 1
31 35 3
31 36 2
31 37 1
31 38 3
31 39 3
31 40 3
31 41 1
31 42 2
31 43 2
31 44 2
31 45 2
31 46 2
31 47 3
31 48 2
31 49 3
31 50 3
31 51 3
31 52 3
31 53 2
31 54 1
31 55 3
31 56 3
31 57 2
31 58 2
31 59 3
31 60 2
31 61 3
31 62 3
31 63 1
31 64 1
31 65 2
31 66 1
31 67 3
31 68 1
31 69 3
31 70 2
31 71 3
31 72 1
31 73 2
31 74 3
31 75 3
31 76 2
31 77 3
31 78 2
31 79 3
31 80 2
31 81 1
31 82 1
31 83 2
31 84 1
31 85 2
31 86 1
31 87 3
31 88 2
31 89 2
31 90 1
31 91 2
31 92 1
31 93 2
31 94 2
31 95 2
31 96 1
31 97 2
31 98 2
31 99 1
32 33 3
32 34 2
32 35 1
32 36 1
32 37 4
32 38 2
32 39 1
32 40 2
32 41 3
32 42 3
32 43 2
32 44 4
32 45 2
32 46 2
32 47 1
32 48 4
32 49 3
32 50 1
32 51 3
32 52 2
32 53 3
32 54 4
32 55 3
32 56 2
32 57 2
32 58 2
32 59 3
32 60 3
32 61 1
32 62 1
32 63 3
32 64 3
32 65 3
32 66 4
32 67 1
32 68 3
32 69 2
32 70 2
32 71 2
32 72 3
32 73 4
32 74 1
32 75 1
32 76 2
32 77 3
32 78 2
32 79 2
32 80 1
32 81 2
32 82 3
32 83 2
32 84 4
32 85 2
32 86 2
32 87 3
32 88 2
32 89 3
32 90 3
32 91 4
32 92 3
32 93 4
32 94 2
32 95 4
32 96 4
32 97 3
32 98 2
32 99 3
33 34 2
33 35 3
33 36 3
33 37 3
33 38 1
33 39 2
33 40 3
33 41 3
33 42 1
33 43 3
33 44 3
33 45 1
33 46 2
33 47 2
33 48 4
33 49 1
33 50 2
33 51 1
33 52 3
33 53 2
33 54 4
33 55 1
33 56 3
33 57 1
33 58 2
33 59 1
33 60 1
33 61 2
33 62 3
33 63 3
33 64 3
33 65 1
33 66 3
33 67 3
33 68 3
33 69 1
33 70 1
33 71 3
33 72 3
33 73 2
33 74 3
33 75 3
33 76 2
33 77 1
33 78 3
33 79 3
33 80 2
33 81 3
33 82 2
33 83 1
33 84 4
33 85 3
33 86 2
33 87 1
33 88 3
33 89 4
33 90 2
33 91 2
33 92 2
33 93 3
33 94 2
33 95 3
33 96 4
33 97 2
33 98 3
33 99 2
34 35 2
34 36 1
34 37 2
34 38 2
34 39 2
34 40 2
34 41 2
34 42 2
34 43 1
34 44 3
34 45 1
34 46 1
34 47 2
34 48 2
34 49 2
34 50 2
34 51 2
34 52 2
34 53 1
34 54 2
34 55 2
34 56 2
34 57 2
34 58 1
34 59 2
34 60 1
34 61 2
34 62 2
34 63 1
34 64 1
34 65 2
34 66 2
34 67 2
34 68 1
34 69 2
34 70 2
34 71 2
34 72 1
34 73 2
34 74 2
34 75 2
34 76 1
34 77 2
34 78 1
34 79 2
34 80 1
34 81 1
34 82 1
34 83 2
34 84 2
34 85 1
34 86 1
34 87 2
34 88 1
34 89 2
34 90 1
34 91 3
34 92 1
34 93 3
34 94 1
34 95 3
34 96 2
34 97 2
34 98 1
34 99 2
35 36 1
35 37 3
35 38 2
35 39 1
35 40 1
35 41 2
35 42 3
35 43 1
35 44 4
35 45 2
35 46 2
35 47 2
35 48 3
35 49 3
35 50 2
35 51 3
35 52 1
35 53 2
35 54 3
35 55 3
35 56 1
35 57 3
35 58 1
35 59 3
35 60 3
35 61 2
35 62 1
35 63 2
35 64 2
35 65 3
35 66 3
35 67 1
35 68 2
35 69 3
35 70 2
35 71 1
35 72 2
35 73 3
35 74 1
35 75 1
35 76 2
35 77 3
35 78 1
35 79 1
35 80 1
35 81 2
35 82 2
35 83 2
35 84 3
35 85 1
35 86 2
35 87 3
35 88 1
35 89 2
35 90 2
35 91 4
35 92 2
35 93 4
35 94 2
35 95 4
35 96 3
35 97 3
35 98 1
35 99 3
36 37 3
36 38 2
36 39 1
36 40 1
36 41 2
36 42 2
36 43 1
36 44 3
36 45 2
36 46 1
36 47 2
36 48 3
36 49 3
36 50 2
36 51 3
36 52 1
36 53 2
36 54 3
36 55 3
36 56 1
36 57 2
36 58 1
36 59 3
36 60 2
36 61 2
36 62 1
36 63 2
36 64 2
36 65 2
36 66 3
36 67 1
36 68 2
36 69 2
36 70 2
36 71 1
36 72 2
36 73 3
36 74 1
36 75 1
36 76 1
36 77 3
36 78 1
36 79 1
36 80 1
36 81 1
36 82 2
36 83 2
36 84 3
36 85 1
36 86 2
36 87 3
36 88 1
36 89 2
36 90 2
36 91 3
36 92 2
36 93 4
36 94 2
36 95 4
36 96 3
36 97 2
36 98 1
36 99 3
37 38 3
37 39 4
37 40 4
37 41 1
37 42 2
37 43 2
37 44 2
37 45 3
37 46 3
37 47 4
37 48 2
37 49 3
37 50 4
37 51 3
37 52 3
37 53 2
37 54 1
37 55 3
37 56 3
37 57 3
37 58 2
37 59 3
37 60 2
37 61 4
37 62 3
37 63 1
37 64 1
37 65 3
37 66 1
37 67 4
37 68 2
37 69 4
37 70 3
37 71 3
37 72 1
37 73 2
37 74 4
37 75 4
37 76 2
37 77 3
37 78 2
37 79 3
37 80 3
37 81 2
37 82 1
37 83 3
37 84 1
37 85 2
37 86 2
37 87 3
37 88 3
37 89 2
37 90 1
37 91 2
37 92 2
37 93 2
37 94 2
37 95 2
37 96 1
37 97 2
37 98 2
37 99 1
38 39 2
38 40 3
38 41 3
38 42 1
38 43 2
38 44 3
38 45 1
38 46 1
38 47 1
38 48 4
38 49 1
38 50 2
38 51 1
38 52 2
38 53 1
38 54 4
38 55 1
38 56 3
38 57 1
38 58 2
38 59 2
38 60 1
38 61 2
38 62 2
38 63 3
38 64 3
38 65 1
38 66 3
38 67 2
38 68 3
38 69 1
38 70 1
38 71 3
38 72 2
38 73 2
38 74 3
38 75 2
38 76 1
38 77 1
38 78 3
38 79 3
38 80 2
38 81 2
38 82 2
38 83 1
38 84 3
38 85 3
38 86 2
38 87 2
38 88 2
38 89 3
38 90 2
38 91 3
38 92 2
38 93 3
38 94 1
38 95 3
38 96 4
38 97 2
38 98 2
38 99 2
39 40 2
39 41 3
39 42 2
39 43 2
39 44 4
39 45 1
39 46 1
39 47 1
39 48 4
39 49 2
39 50 1
39 51 3
39 52 2
39 53 2
39 54 4
39 55 3
39 56 2
39 57 2
39 58 2
39 59 3
39 60 2
39 61 1
39 62 1
39 63 3
39 64 3
39 65 2
39 66 3
39 67 1
39 68 3
39 69 2
39 70 2
39 71 2
39 72 3
39 73 3
39 74 1
39 75 1
39 76 2
39 77 2
39 78 2
39 79 2
39 80 1
39 81 2
39 82 3
39 83 1
39 84 4
39 85 2
39 86 2
39 87 3
39 88 2
39 89 3
39 90 3
39 91 4
39 92 2
39 93 4
39 94 2
39 95 4
39 96 4
39 97 3
39 98 2
39 99 3
40 41 3
40 42 3
40 43 2
40 44 4
40 45 2
40 46 2
40 47 3
40 48 3
40 49 4
40 50 2
40 51 4
40 52 1
40 53 3
40 54 3
40 55 4
40 56 1
40 57 3
40 58 2
40 59 4
40 60 3
40 61 2
40 62 1
40 63 3
40 64 3
40 65 3
40 66 4
40 67 1
40 68 3
40 69 3
40 70 3
40 71 1
40 72 3
40 73 4
40 74 1
40 75 1
40 76 2
40 77 4
40 78 2
40 79 1
40 80 1
40 81 2
40 82 3
40 83 3
40 84 4
40 85 2
40 86 2
40 87 4
40 88 1
40 89 2
40 90 3
40 91 4
40 92 3
40 93 4
40 94 3
40 95 4
40 96 3
40 97 3
40 98 2
40 99 3
41 42 2
41 43 1
41 44 2
41 45 3
41 46 2
41 47 3
41 48 1
41 49 3
41 50 3
41 51 3
41 52 2
41 53 2
41 54 1
41 55 3
41 56 2
41 57 3
41 58 2
41 59 3
41 60 2
41 61 3
41 62 2
41 63 1
41 64 1
41 65 3
41 66 2
41 67 3
41 68 1
41 69 3
41 70 3
41 71 2
41 72 1
41 73 3
41 74 3
41 75 3
41 76 2
41 77 3
41 78 2
41 79 2
41 80 2
41 81 1
41 82 1
41 83 3
41 84 1
41 85 2
41 86 1
41 87 3
41 88 2
41 89 1
41 90 1
41 91 3
41 92 2
41 93 2
41 94 2
41 95 2
41 96 1
41 97 2
41 98 2
41 99 2
42 43 2
42 44 2
42 45 2
42 46 1
42 47 2
42 48 3
42 49 1
42 50 3
42 51 1
42 52 3
42 53 1
42 54 3
42 55 1
42 56 3
42 57 1
42 58 2
42 59 1
42 60 1
42 61 2
42 62 2
42 63 2
42 64 2
42 65 1
42 66 2
42 67 3
42 68 3
42 69 2
42 70 1
42 71 3
42 72 2
42 73 1
42 74 3
42 75 3
42 76 1
42 77 1
42 78 3
42 79 3
42 80 2
42 81 2
42 82 1
42 83 1
42 84 3
42 85 3
42 86 2
42 87 1
42 88 3
42 89 3
42 90 1
42 91 2
42 92 1
42 93 2
42 94 1
42 95 2
42 96 3
42 97 1
42 98 2
42 99 1
43 44 3
43 45 2
43 46 2
43 47 3
43 48 2
43 49 3
43 50 2
43 51 3
43 52 1
43 53 2
43 54 2
43 55 3
43 56 1
43 57 2
43 58 1
43 59 3
43 60 2
43 61 2
43 62 1
43 63 1
43 64 1
43 65 2
43 66 2
43 67 2
43 68 1
43 69 3
43 70 2
43 71 1
43 72 1
43 73 3
43 74 2
43 75 2
43 76 1
43 77 3
43 78 1
43 79 1
43 80 1
43 81 1
43 82 2
43 83 2
43 84 2
43 85 1
43 86 1
43 87 3
43 88 1
43 89 1
43 90 2
43 91 3
43 92 1
43 93 3
43 94 2
43 95 3
43 96 2
43 97 2
43 98 1
43 99 2
44 45 3
44 46 3
44 47 3
44 48 3
44 49 2
44 50 4
44 51 2
44 52 4
44 53 2
44 54 2
44 55 2
44 56 4
44 57 2
44 58 3
44 59 2
44 60 2
44 61 4
44 62 3
44 63 2
44 64 2
44 65 2
44 66 1
44 67 4
44 68 3
44 69 3
44 70 2
44 71 4
44 72 2
44 73 1
44 74 4
44 75 4
44 76 2
44 77 3
44 78 3
44 79 4
44 80 3
44 81 3
44 82 2
44 83 3
44 84 2
44 85 3
44 86 2
44 87 2
44 88 4
44 89 3
44 90 2
44 91 1
44 92 2
44 93 1
44 94 2
44 95 1
44 96 3
44 97 1
44 98 3
44 99 1
45 46 1
45 47 1
45 48 3
45 49 2
45 50 1
45 51 2
45 52 2
45 53 1
45 54 3
45 55 2
45 56 2
45 57 1
45 58 1
45 59 2
45 60 1
45 61 1
45 62 2
45 63 2
45 64 2
45 65 1
45 66 2
45 67 2
45 68 2
45 69 1
45 70 1
45 71 2
45 72 2
45 73 2
45 74 2
45 75 2
45 76 1
45 77 2
45 78 2
45 79 2
45 80 1
45 81 2
45 82 2
45 83 1
45 84 3
45 85 2
45 86 2
45 87 2
45 88 2
45 89 3
45 90 2
45 91 3
45 92 1
45 93 3
45 94 1
45 95 3
45 96 3
45 97 2
45 98 2
45 99 2
46 47 1
46 48 3
46 49 2
46 50 2
46 51 2
46 52 2
46 53 1
46 54 3
46 55 2
46 56 2
46 57 1
46 58 1
46 59 2
46 60 1
46 61 2
46 62 2
46 63 2
46 64 2
46 65 1
46 66 2
46 67 2
46 68 2
46 69 1
46 70 1
46 71 2
46 72 2
46 73 2
46 74 2
46 75 2
46 76 1
46 77 2
46 78 2
46 79 2
46 80 1
46 81 2
46 82 2
46 83 1
46 84 3
46 85 2
46 86 1
46 87 2
46 88 2
46 89 2
46 90 2
46 91 3
46 92 1
46 93 3
46 94 1
46 95 3
46 96 3
46 97 2
46 98 1
46 99 2
47 48 4
47 49 2
47 50 1
47 51 2
47 52 3
47 53 2
47 54 4
47 55 2
47 56 3
47 57 2
47 58 2
47 59 2
47 60 2
47 61 1
47 62 2
47 63 3
47 64 3
47 65 2
47 66 3
47 67 2
47 68 3
47 69 1
47 70 1
47 71 3
47 72 3
47 73 3
47 74 2
47 75 2
47 76 2
47 77 2
47 78 3
47 79 3
47 80 2
47 81 3
47 82 3
47 83 1
47 84 4
47 85 3
47 86 2
47 87 3
47 88 3
47 89 3
47 90 3
47 91 3
47 92 2
47 93 4
47 94 2
47 95 4
47 96 4
47 97 2
47 98 2
47 99 3
48 49 4
48 50 4
48 51 4
48 52 3
48 53 3
48 54 1
48 55 4
48 56 2
48 57 3
48 58 2
48 59 4
48 60 3
48 61 4
48 62 3
48 63 1
48 64 1
48 65 3
48 66 2
48 67 4
48 68 1
48 69 4
48 70 3
48 71 2
48 72 2
48 73 3
48 74 3
48 75 4
48 76 3
48 77 4
48 78 2
48 79 2
48 80 3
48 81 2
48 82 2
48 83 3
48 84 1
48 85 2
48 86 2
48 87 4
48 88 2
48 89 1
48 90 2
48 91 3
48 92 2
48 93 3
48 94 3
48 95 3
48 96 1
48 97 3
48 98 2
48 99 2
49 50 3
49 51 1
49 52 3
49 53 1
49 54 4
49 55 1
49 56 3
49 57 1
49 58 2
49 59 1
49 60 1
49 61 2
49 62 3
49 63 3
49 64 3
49 65 1
49 66 3
49 67 3
49 68 3
49 69 2
49 70 1
49 71 3
49 72 2
49 73 1
49 74 3
49 75 3
49 76 2
49 77 1
49 78 3
49 79 3
49 80 3
49 81 2
49 82 2
49 83 1
49 84 3
49 85 3
49 86 2
49 87 1
49 88 3
49 89 3
49 90 2
49 91 2
49 92 2
49 93 2
49 94 1
49 95 2
49 96 4
49 97 1
49 98 2
49 99 2
50 51 3
50 52 2
50 53 2
50 54 4
50 55 3
50 56 2
50 57 2
50 58 2
50 59 3
50 60 2
50 61 1
50 62 1
50 63 3
50 64 3
50 65 2
50 66 3
50 67 1
50 68 3
50 69 2
50 70 2
50 71 2
50 72 3
50 73 3
50 74 1
50 75 1
50 76 2
50 77 2
50 78 2
50 79 2
50 80 2
50 81 3
50 82 3
50 83 2
50 84 4
50 85 2
50 86 2
50 87 3
50 88 2
50 89 3
50 90 3
50 91 4
50 92 2
50 93 4
50 94 2
50 95 4
50 96 4
50 97 3
50 98 2
50 99 3
51 52 3
51 53 1
51 54 4
51 55 1
51 56 4
51 57 1
51 58 2
51 59 1
51 60 1
51 61 3
51 62 3
51 63 3
51 64 3
51 65 1
51 66 3
51 67 3
51 68 3
51 69 2
51 70 1
51 71 4
51 72 2
51 73 1
51 74 4
51 75 3
51 76 2
51 77 1
51 78 3
51 79 4
51 80 3
51 81 3
51 82 2
51 83 2
51 84 3
51 85 3
51 86 2
51 87 1
51 88 3
51 89 4
51 90 2
51 91 2
51 92 2
51 93 2
51 94 2
51 95 2
51 96 4
51 97 1
51 98 3
51 99 2
52 53 3
52 54 3
52 55 3
52 56 1
52 57 3
52 58 2
52 59 3
52 60 3
52 61 2
52 62 1
52 63 2
52 64 2
52 65 3
52 66 3
52 67 2
52 68 2
52 69 3
52 70 3
52 71 1
52 72 2
52 73 4
52 74 1
52 75 1
52 76 2
52 77 3
52 78 1
52 79 1
52 80 1
52 81 2
52 82 3
52 83 2
52 84 3
52 85 1
52 86 2
52 87 4
52 88 1
52 89 2
52 90 3
52 91 4
52 92 2
52 93 4
52 94 2
52 95 4
52 96 3
52 97 3
52 98 1
52 99 3
53 54 3
53 55 1
53 56 3
53 57 1
53 58 1
53 59 1
53 60 1
53 61 2
53 62 2
53 63 2
53 64 2
53 65 1
53 66 2
53 67 3
53 68 2
53 69 2
53 70 1
53 71 3
53 72 1
53 73 1
53 74 3
53 75 3
53 76 1
53 77 1
53 78 2
53 79 3
53 80 2
53 81 2
53 82 1
53 83 1
53 84 2
53 85 2
53 86 1
53 87 1
53 88 2
53 89 3
53 90 1
53 91 2
53 92 1
53 93 2
53 94 1
53 95 2
53 96 3
53 97 1
53 98 2
53 99 1
54 55 4
54 56 3
54 57 3
54 58 2
54 59 4
54 60 3
54 61 4
54 62 3
54 63 1
54 64 1
54 65 3
54 66 2
54 67 4
54 68 1
54 69 4
54 70 3
54 71 2
54 72 2
54 73 3
54 74 3
54 75 4
54 76 3
54 77 4
54 78 2
54 79 2
54 80 3
54 81 2
54 82 2
54 83 3
54 84 1
54 85 2
54 86 2
54 87 4
54 88 2
54 89 2
54 90 2
54 91 3
54 92 2
54 93 3
54 94 3
54 95 3
54 96 1
54 97 3
54 98 2
54 99 2
55 56 3
55 57 1
55 58 2
55 59 1
55 60 1
55 61 3
55 62 3
55 63 3
55 64 3
55 65 1
55 66 3
55 67 3
55 68 3
55 69 2
55 70 1
55 71 3
55 72 2
55 73 1
55 74 4
55 75 3
55 76 2
55 77 1
55 78 3
55 79 3
55 80 3
55 81 2
55 82 2
55 83 2
55 84 3
55 85 3
55 86 2
55 87 1
55 88 3
55 89 3
55 90 2
55 91 2
55 92 2
55 93 2
55 94 1
55 95 2
55 96 4
55 97 1
55 98 2
55 99 2
56 57 3
56 58 2
56 59 3
56 60 3
56 61 3
56 62 1
56 63 2
56 64 2
56 65 3
56 66 3
56 67 2
56 68 2
56 69 3
56 70 3
56 71 1
56 72 2
56 73 4
56 74 1
56 75 2
56 76 2
56 77 4
56 78 1
56 79 1
56 80 1
56 81 2
56 82 3
56 83 3
56 84 3
56 85 1
56 86 2
56 87 4
56 88 1
56 89 1
56 90 3
56 91 4
56 92 2
56 93 4
56 94 2
56 95 4
56 96 2
56 97 3
56 98 1
56 99 3
57 58 2
57 59 1
57 60 1
57 61 2
57 62 2
57 63 2
57 64 2
57 65 1
57 66 2
57 67 3
57 68 3
57 69 1
57 70 1
57 71 3
57 72 2
57 73 2
57 74 3
57 75 3
57 76 1
57 77 1
57 78 3
57 79 3
57 80 2
57 81 2
57 82 2
57 83 1
57 84 3
57 85 3
57 86 2
57 87 1
57 88 3
57 89 3
57 90 2
57 91 2
57 92 1
57 93 3
57 94 1
57 95 3
57 96 3
57 97 1
57 98 2
57 99 2
58 59 2
58 60 2
58 61 2
58 62 1
58 63 2
58 64 1
58 65 2
58 66 2
58 67 2
58 68 2
58 69 2
58 70 1
58 71 2
58 72 1
58 73 2
58 74 2
58 75 2
58 76 1
58 77 2
58 78 1
58 79 2
58 80 1
58 81 1
58 82 1
58 83 1
58 84 2
58 85 1
58 86 1
58 87 2
58 88 1
58 89 2
58 90 1
58 91 3
58 92 1
58 93 3
58 94 1
58 95 3
58 96 2
58 97 2
58 98 1
58 99 2
59 60 1
59 61 3
59 62 3
59 63 3
59 64 3
59 65 1
59 66 3
59 67 3
59 68 3
59 69 2
59 70 1
59 71 3
59 72 2
59 73 1
59 74 4
59 75 4
59 76 2
59 77 1
59 78 3
59 79 3
59 80 3
59 81 2
59 82 2
59 83 2
59 84 3
59 85 3
59 86 2
59 87 1
59 88 3
59 89 3
59 90 2
59 91 2
59 92 2
59 93 2
59 94 1
59 95 2
59 96 4
59 97 1
59 98 2
59 99 2
60 61 2
60 62 2
60 63 2
60 64 2
60 65 1
60 66 2
60 67 3
60 68 2
60 69 2
60 70 1
60 71 3
60 72 2
60 73 1
60 74 3
60 75 3
60 76 1
60 77 1
60 78 2
60 79 3
60 80 2
60 81 2
60 82 1
60 83 1
60 84 3
60 85 2
60 86 1
60 87 1
60 88 2
60 89 3
60 90 1
60 91 2
60 92 1
60 93 2
60 94 1
60 95 2
60 96 3
60 97 1
60 98 2
60 99 1
61 62 2
61 63 3
61 64 3
61 65 2
61 66 3
61 67 1
61 68 3
61 69 1
61 70 2
61 71 3
61 72 3
61 73 3
61 74 2
61 75 2
61 76 2
61 77 2
61 78 3
61 79 3
61 80 2
61 81 3
61 82 3
61 83 1
61 84 4
61 85 3
61 86 2
61 87 3
61 88 2
61 89 3
61 90 3
61 91 4
61 92 2
61 93 4
61 94 2
61 95 4
61 96 4
61 97 3
61 98 2
61 99 3
62 63 2
62 64 2
62 65 2
62 66 3
62 67 1
62 68 2
62 69 3
62 70 2
62 71 1
62 72 2
62 73 3
62 74 1
62 75 1
62 76 2
62 77 3
62 78 1
62 79 1
62 80 1
62 81 2
62 82 2
62 83 2
62 84 3
62 85 1
62 86 2
62 87 3
62 88 1
62 89 2
62 90 2
62 91 3
62 92 2
62 93 4
62 94 2
62 95 4
62 96 3
62 97 2
62 98 1
62 99 3
63 64 1
63 65 2
63 66 2
63 67 3
63 68 1
63 69 3
63 70 2
63 71 2
63 72 1
63 73 3
63 74 3
63 75 3
63 76 2
63 77 3
63 78 1
63 79 2
63 80 2
63 81 1
63 82 1
63 83 2
63 84 1
63 85 1
63 86 1
63 87 3
63 88 2
63 89 1
63 90 1
63 91 3
63 92 1
63 93 2
63 94 2
63 95 2
63 96 1
63 97 2
63 98 1
63 99 2
64 65 2
64 66 1
64 67 3
64 68 1
64 69 3
64 70 2
64 71 2
64 72 1
64 73 2
64 74 3
64 75 3
64 76 2
64 77 3
64 78 1
64 79 2
64 80 2
64 81 1
64 82 1
64 83 2
64 84 1
64 85 2
64 86 1
64 87 3
64 88 2
64 89 1
64 90 1
64 91 2
64 92 1
64 93 2
64 94 2
64 95 2
64 96 1
64 97 2
64 98 1
64 99 1
65 66 2
65 67 3
65 68 3
65 69 2
65 70 1
65 71 3
65 72 2
65 73 2
65 74 3
65 75 3
65 76 1
65 77 1
65 78 3
65 79 3
65 80 2
65 81 2
65 82 2
65 83 1
65 84 3
65 85 3
65 86 2
65 87 1
65 88 3
65 89 3
65 90 2
65 91 2
65 92 1
65 93 3
65 94 1
65 95 3
65 96 3
65 97 1
65 98 2
65 99 2
66 67 4
66 68 2
66 69 3
66 70 2
66 71 3
66 72 1
66 73 2
66 74 4
66 75 4
66 76 2
66 77 3
66 78 2
66 79 3
66 80 3
66 81 2
66 82 1
66 83 2
66 84 1
66 85 3
66 86 2
66 87 2
66 88 3
66 89 2
66 90 1
66 91 2
66 92 1
66 93 1
66 94 2
66 95 1
66 96 2
66 97 2
66 98 2
66 99 1
67 68 3
67 69 2
67 70 2
67 71 2
67 72 3
67 73 4
67 74 1
67 75 1
67 76 2
67 77 3
67 78 2
67 79 2
67 80 1
67 81 2
67 82 3
67 83 2
67 84 4
67 85 2
67 86 2
67 87 4
67 88 2
67 89 3
67 90 3
67 91 4
67 92 3
67 93 4
67 94 2
67 95 4
67 96 4
67 97 3
67 98 2
67 99 3
68 69 3
68 70 3
68 71 2
68 72 1
68 73 3
68 74 3
68 75 3
68 76 2
68 77 3
68 78 1
68 79 2
68 80 2
68 81 1
68 82 2
68 83 3
68 84 1
68 85 1
68 86 1
68 87 3
68 88 2
68 89 1
68 90 2
68 91 3
68 92 2
68 93 3
68 94 2
68 95 3
68 96 1
68 97 2
68 98 1
68 99 2
69 70 1
69 71 3
69 72 3
69 73 3
69 74 3
69 75 3
69 76 2
69 77 1
69 78 3
69 79 3
69 80 2
69 81 3
69 82 3
69 83 1
69 84 4
69 85 3
69 86 2
69 87 2
69 88 3
69 89 3
69 90 3
69 91 3
69 92 2
69 93 4
69 94 2
69 95 4
69 96 4
69 97 2
69 98 2
69 99 3
70 71 3
70 72 2
70 73 2
70 74 3
70 75 3
70 76 1
70 77 1
70 78 2
70 79 3
70 80 2
70 81 2
70 82 2
70 83 1
70 84 3
70 85 2
70 86 2
70 87 2
70 88 2
70 89 3
70 90 2
70 91 2
70 92 1
70 93 3
70 94 1
70 95 3
70 96 3
70 97 1
70 98 2
70 99 2
71 72 2
71 73 4
71 74 1
71 75 2
71 76 2
71 77 4
71 78 1
71 79 1
71 80 1
71 81 2
71 82 3
71 83 3
71 84 3
71 85 1
71 86 2
71 87 4
71 88 1
71 89 1
71 90 3
71 91 4
71 92 2
71 93 4
71 94 2
71 95 4
71 96 2
71 97 3
71 98 1
71 99 3
72 73 2
72 74 3
72 75 3
72 76 1
72 77 2
72 78 2
72 79 2
72 80 2
72 81 1
72 82 1
72 83 2
72 84 2
72 85 2
72 86 1
72 87 2
72 88 2
72 89 2
72 90 1
72 91 2
72 92 1
72 93 2
72 94 1
72 95 2
72 96 2
72 97 1
72 98 1
72 99 1
73 74 4
73 75 4
73 76 2
73 77 2
73 78 3
73 79 4
73 80 3
73 81 3
73 82 2
73 83 2
73 84 3
73 85 3
73 86 2
73 87 1
73 88 3
73 89 3
73 90 2
73 91 1
73 92 2
73 93 1
73 94 2
73 95 1
73 96 3
73 97 1
73 98 3
73 99 1
74 75 1
74 76 2
74 77 3
74 78 2
74 79 1
74 80 1
74 81 2
74 82 3
74 83 2
74 84 4
74 85 2
74 86 2
74 87 4
74 88 2
74 89 2
74 90 3
74 91 4
74 92 3
74 93 4
74 94 3
74 95 4
74 96 3
74 97 3
74 98 2
74 99 3
75 76 2
75 77 3
75 78 2
75 79 2
75 80 2
75 81 2
75 82 3
75 83 2
75 84 4
75 85 2
75 86 3
75 87 4
75 88 2
75 89 3
75 90 3
75 91 4
75 92 3
75 93 5
75 94 3
75 95 5
75 96 4
75 97 3
75 98 2
75 99 4
76 77 2
76 78 2
76 79 2
76 80 1
76 81 1
76 82 1
76 83 1
76 84 3
76 85 2
76 86 1
76 87 2
76 88 2
76 89 2
76 90 1
76 91 2
76 92 1
76 93 3
76 94 1
76 95 3
76 96 3
76 97 1
76 98 1
76 99 2
77 78 3
77 79 4
77 80 3
77 81 3
77 82 2
77 83 1
77 84 3
77 85 3
77 86 2
77 87 1
77 88 3
77 89 4
77 90 2
77 91 2
77 92 2
77 93 3
77 94 2
77 95 3
77 96 4
77 97 2
77 98 3
77 99 2
78 79 1
78 80 1
78 81 1
78 82 2
78 83 2
78 84 2
78 85 1
78 86 1
78 87 3
78 88 1
78 89 1
78 90 2
78 91 3
78 92 2
78 93 3
78 94 2
78 95 3
78 96 2
78 97 2
78 98 1
78 99 2
79 80 1
79 81 2
79 82 3
79 83 3
79 84 3
79 85 1
79 86 2
79 87 4
79 88 1
79 89 1
79 90 3
79 91 4
79 92 2
79 93 4
79 94 2
79 95 4
79 96 2
79 97 3
79 98 1
79 99 3
80 81 1
80 82 2
80 83 2
80 84 3
80 85 1
80 86 1
80 87 3
80 88 1
80 89 2
80 90 2
80 91 3
80 92 2
80 93 3
80 94 2
80 95 3
80 96 3
80 97 2
80 98 1
80 99 2
81 82 1
81 83 2
81 84 2
81 85 1
81 86 1
81 87 3
81 88 1
81 89 1
81 90 1
81 91 3
81 92 1
81 93 3
81 94 1
81 95 3
81 96 2
81 97 2
81 98 1
81 99 2
82 83 2
82 84 2
82 85 2
82 86 1
82 87 2
82 88 2
82 89 2
82 90 1
82 91 2
82 92 1
82 93 2
82 94 1
82 95 2
82 96 2
82 97 1
82 98 2
82 99 1
83 84 3
83 85 2
83 86 2
83 87 2
83 88 2
83 89 3
83 90 2
83 91 3
83 92 1
83 93 3
83 94 1
83 95 3
83 96 3
83 97 2
83 98 2
83 99 2
84 85 2
84 86 2
84 87 3
84 88 3
84 89 2
84 90 2
84 91 3
84 92 2
84 93 2
84 94 2
84 95 2
84 96 1
84 97 2
84 98 2
84 99 2
85 86 2
85 87 3
85 88 1
85 89 1
85 90 2
85 91 4
85 92 2
85 93 3
85 94 2
85 95 3
85 96 2
85 97 3
85 98 1
85 99 3
86 87 2
86 88 2
86 89 2
86 90 1
86 91 2
86 92 1
86 93 2
86 94 1
86 95 2
86 96 2
86 97 1
86 98 1
86 99 1
87 88 3
87 89 4
87 90 2
87 91 1
87 92 2
87 93 2
87 94 2
87 95 2
87 96 4
87 97 1
87 98 3
87 99 2
88 89 1
88 90 2
88 91 4
88 92 2
88 93 4
88 94 2
88 95 4
88 96 2
88 97 3
88 98 1
88 99 3
89 90 2
89 91 3
89 92 2
89 93 3
89 94 2
89 95 3
89 96 1
89 97 3
89 98 1
89 99 2
90 91 2
90 92 1
90 93 2
90 94 1
90 95 2
90 96 2
90 97 1
90 98 2
90 99 1
91 92 2
91 93 1
91 94 2
91 95 1
91 96 3
91 97 1
91 98 3
91 99 1
92 93 2
92 94 1
92 95 2
92 96 2
92 97 1
92 98 1
92 99 1
93 94 2
93 95 1
93 96 3
93 97 2
93 98 3
93 99 1
94 95 2
94 96 3
94 97 1
94 98 1
94 99 1
95 96 3
95 97 2
95 98 3
95 99 1
96 97 3
96 98 2
96 99 2
97 98 2
97 99 1
98 99 2
