100 
0 1 2
0 2 2
0 3 1
0 4 3
0 5 3
0 6 3
0 7 2
0 8 3
0 9 3
0 10 3
0 11 1
0 12 3
0 13 2
0 14 2
0 15 2
0 16 4
0 17 3
0 18 4
0 19 3
0 20 3
0 21 4
0 22 3
0 23 2
0 24 3
0 25 3
0 26 3
0 27 4
0 28 2
0 29 1
0 30 3
0 31 3
0 32 3
0 33 3
0 34 4
0 35 3
0 36 3
0 37 2
0 38 3
0 39 3
0 40 4
0 41 1
0 42 3
0 43 2
0 44 2
0 45 2
0 46 3
0 47 2
0 48 2
0 49 2
0 50 2
0 51 3
0 52 2
0 53 3
0 54 3
0 55 3
0 56 3
0 57 4
0 58 2
0 59 3
0 60 4
0 61 3
0 62 2
0 63 3
0 64 2
0 65 2
0 66 2
0 67 4
0 68 1
0 69 2
0 70 3
0 71 3
0 72 3
0 73 3
0 74 1
0 75 3
0 76 3
0 77 2
0 78 2
0 79 3
0 80 2
0 81 1
0 82 1
0 83 4
0 84 3
0 85 2
0 86 2
0 87 3
0 88 3
0 89 3
0 90 1
0 91 3
0 92 3
0 93 3
0 94 1
0 95 4
0 96 4
0 97 1
0 98 3
0 99 1
1 2 1
1 3 2
1 4 1
1 5 1
1 6 2
1 7 1
1 8 1
1 9 2
1 10 3
1 11 2
1 12 1
1 13 1
1 14 1
1 15 1
1 16 2
1 17 1
1 18 3
1 19 2
1 20 3
1 21 2
1 22 2
1 23 1
1 24 3
1 25 3
1 26 1
1 27 2
1 28 1
1 29 2
1 30 2
1 31 2
1 32 1
1 33 2
1 34 3
1 35 1
1 36 1
1 37 2
1 38 1
1 39 2
1 40 2
1 41 1
1 42 1
1 43 1
1 44 1
1 45 2
1 46 3
1 47 2
1 48 1
1 49 1
1 50 2
1 51 3
1 52 2
1 53 3
1 54 2
1 55 3
1 56 3
1 57 2
1 58 1
1 59 2
1 60 2
1 61 2
1 62 1
1 63 3
1 64 1
1 65 2
1 66 3
1 67 3
1 68 1
1 69 1
1 70 1
1 71 2
1 72 3
1 73 2
1 74 2
1 75 3
1 76 3
1 77 1
1 78 2
1 79 3
1 80 2
1 81 2
1 82 2
1 83 3
1 84 1
1 85 2
1 86 2
1 87 2
1 88 1
1 89 3
1 90 2
1 91 1
1 92 3
1 93 3
1 94 2
1 95 2
1 96 2
1 97 2
1 98 3
1 99 2
2 3 1
2 4 2
2 5 2
2 6 1
2 7 1
2 8 2
2 9 1
2 10 2
2 11 2
2 12 2
2 13 1
2 14 2
2 15 1
2 16 2
2 17 1
2 18 2
2 19 1
2 20 2
2 21 2
2 22 2
2 23 2
2 24 2
2 25 2
2 26 2
2 27 2
2 28 2
2 29 2
2 30 2
2 31 2
2 32 2
2 33 2
2 34 3
2 35 2
2 36 2
2 37 1
2 38 2
2 39 1
2 40 2
2 41 1
2 42 2
2 43 1
2 44 2
2 45 1
2 46 2
2 47 1
2 48 2
2 49 1
2 50 1
2 51 2
2 52 1
2 53 2
2 54 1
2 55 2
2 56 2
2 57 2
2 58 1
2 59 2
2 60 2
2 61 1
2 62 1
2 63 2
2 64 1
2 65 1
2 66 2
2 67 2
2 68 2
2 69 1
2 70 2
2 71 1
2 72 2
2 73 2
2 74 1
2 75 2
2 76 2
2 77 2
2 78 1
2 79 2
2 80 1
2 81 2
2 82 2
2 83 2
2 84 2
2 85 1
2 86 1
2 87 1
2 88 2
2 89 2
2 90 2
2 91 2
2 92 2
2 93 2
2 94 2
2 95 2
2 96 2
2 97 2
2 98 2
2 99 1
3 4 3
3 5 3
3 6 2
3 7 2
3 8 3
3 9 2
3 10 2
3 11 2
3 12 3
3 13 2
3 14 2
3 15 1
3 16 3
3 17 2
3 18 3
3 19 2
3 20 2
3 21 3
3 22 2
3 23 2
3 24 2
3 25 2
3 26 3
3 27 3
3 28 2
3 29 2
3 30 3
3 31 2
3 32 3
3 33 3
3 34 3
3 35 3
3 36 3
3 37 1
3 38 3
3 39 2
3 40 3
3 41 1
3 42 3
3 43 2
3 44 2
3 45 1
3 46 2
3 47 1
3 48 2
3 49 2
3 50 2
3 51 2
3 52 1
3 53 2
3 54 2
3 55 2
3 56 2
3 57 3
3 58 2
3 59 2
3 60 3
3 61 2
3 62 2
3 63 2
3 64 2
3 65 1
3 66 1
3 67 3
3 68 2
3 69 1
3 70 3
3 71 2
3 72 2
3 73 2
3 74 1
3 75 2
3 76 2
3 77 2
3 78 1
3 79 2
3 80 1
3 81 1
3 82 1
3 83 3
3 84 3
3 85 1
3 86 1
3 87 2
3 88 3
3 89 2
3 90 2
3 91 3
3 92 2
3 93 2
3 94 2
3 95 3
3 96 3
3 97 2
3 98 2
3 99 1
4 5 1
4 6 2
4 7 1
4 8 1
4 9 2
4 10 3
4 11 2
4 12 1
4 13 1
4 14 1
4 15 2
4 16 2
4 17 1
4 18 2
4 19 3
4 20 3
4 21 1
4 22 2
4 23 1
4 24 3
4 25 3
4 26 1
4 27 2
4 28 1
4 29 2
4 30 1
4 31 2
4 32 1
4 33 2
4 34 2
4 35 1
4 36 1
4 37 2
4 38 1
4 39 2
4 40 2
4 41 2
4 42 1
4 43 1
4 44 1
4 45 3
4 46 3
4 47 3
4 48 1
4 49 1
4 50 2
4 51 3
4 52 2
4 53 3
4 54 2
4 55 2
4 56 3
4 57 2
4 58 1
4 59 2
4 60 2
4 61 2
4 62 1
4 63 2
4 64 1
4 65 3
4 66 3
4 67 2
4 68 2
4 69 2
4 70 1
4 71 2
4 72 3
4 73 2
4 74 2
4 75 3
4 76 3
4 77 1
4 78 3
4 79 3
4 80 3
4 81 3
4 82 2
4 83 3
4 84 1
4 85 2
4 86 2
4 87 3
4 88 1
4 89 3
4 90 2
4 91 1
4 92 3
4 93 3
4 94 3
4 95 2
4 96 1
4 97 2
4 98 3
4 99 2
5 6 3
5 7 2
5 8 1
5 9 3
5 10 4
5 11 2
5 12 1
5 13 2
5 14 1
5 15 2
5 16 2
5 17 2
5 18 3
5 19 3
5 20 4
5 21 2
5 22 3
5 23 1
5 24 4
5 25 4
5 26 1
5 27 3
5 28 1
5 29 3
5 30 2
5 31 3
5 32 1
5 33 3
5 34 3
5 35 1
5 36 1
5 37 3
5 38 1
5 39 3
5 40 3
5 41 2
5 42 1
5 43 2
5 44 1
5 45 3
5 46 4
5 47 3
5 48 2
5 49 2
5 50 3
5 51 4
5 52 3
5 53 4
5 54 3
5 55 3
5 56 4
5 57 2
5 58 2
5 59 3
5 60 2
5 61 3
5 62 2
5 63 3
5 64 2
5 65 3
5 66 4
5 67 3
5 68 2
5 69 2
5 70 1
5 71 3
5 72 4
5 73 3
5 74 2
5 75 4
5 76 4
5 77 1
5 78 3
5 79 4
5 80 3
5 81 3
5 82 3
5 83 4
5 84 1
5 85 3
5 86 3
5 87 3
5 88 1
5 89 4
5 90 2
5 91 1
5 92 4
5 93 4
5 94 3
5 95 3
5 96 1
5 97 2
5 98 4
5 99 3
6 7 1
6 8 2
6 9 1
6 10 2
6 11 3
6 12 3
6 13 2
6 14 3
6 15 2
6 16 1
6 17 1
6 18 1
6 19 2
6 20 2
6 21 1
6 22 1
6 23 2
6 24 2
6 25 2
6 26 3
6 27 1
6 28 2
6 29 3
6 30 1
6 31 1
6 32 2
6 33 1
6 34 2
6 35 3
6 36 3
6 37 1
6 38 2
6 39 1
6 40 1
6 41 2
6 42 2
6 43 2
6 44 3
6 45 2
6 46 2
6 47 2
6 48 3
6 49 2
6 50 1
6 51 2
6 52 1
6 53 1
6 54 1
6 55 1
6 56 1
6 57 1
6 58 2
6 59 1
6 60 1
6 61 1
6 62 2
6 63 1
6 64 2
6 65 2
6 66 2
6 67 1
6 68 3
6 69 2
6 70 3
6 71 1
6 72 2
6 73 1
6 74 2
6 75 2
6 76 2
6 77 2
6 78 2
6 79 2
6 80 2
6 81 3
6 82 3
6 83 2
6 84 3
6 85 1
6 86 1
6 87 1
6 88 2
6 89 2
6 90 3
6 91 2
6 92 2
6 93 2
6 94 3
6 95 1
6 96 2
6 97 3
6 98 1
6 99 2
7 8 2
7 9 1
7 10 2
7 11 2
7 12 2
7 13 2
7 14 2
7 15 1
7 16 2
7 17 1
7 18 2
7 19 2
7 20 2
7 21 2
7 22 1
7 23 1
7 24 2
7 25 2
7 26 2
7 27 2
7 28 1
7 29 2
7 30 1
7 31 1
7 32 1
7 33 2
7 34 2
7 35 2
7 36 2
7 37 1
7 38 1
7 39 1
7 40 2
7 41 1
7 42 1
7 43 1
7 44 2
7 45 2
7 46 2
7 47 2
7 48 2
7 49 1
7 50 1
7 51 2
7 52 1
7 53 2
7 54 1
7 55 2
7 56 2
7 57 2
7 58 1
7 59 1
7 60 2
7 61 1
7 62 1
7 63 2
7 64 1
7 65 2
7 66 2
7 67 2
7 68 2
7 69 1
7 70 2
7 71 1
7 72 2
7 73 1
7 74 2
7 75 2
7 76 2
7 77 1
7 78 2
7 79 2
7 80 2
7 81 2
7 82 2
7 83 2
7 84 2
7 85 1
7 86 1
7 87 2
7 88 2
7 89 2
7 90 2
7 91 2
7 92 2
7 93 2
7 94 3
7 95 2
7 96 2
7 97 2
7 98 2
7 99 2
8 9 2
8 10 4
8 11 3
8 12 1
8 13 2
8 14 1
8 15 2
8 16 2
8 17 1
8 18 2
8 19 3
8 20 3
8 21 1
8 22 2
8 23 2
8 24 3
8 25 4
8 26 1
8 27 2
8 28 2
8 29 3
8 30 1
8 31 2
8 32 1
8 33 2
8 34 2
8 35 1
8 36 1
8 37 2
8 38 1
8 39 3
8 40 2
8 41 2
8 42 1
8 43 2
8 44 2
8 45 3
8 46 4
8 47 3
8 48 2
8 49 2
8 50 2
8 51 3
8 52 3
8 53 3
8 54 2
8 55 2
8 56 3
8 57 2
8 58 2
8 59 2
8 60 1
8 61 2
8 62 2
8 63 2
8 64 2
8 65 3
8 66 4
8 67 2
8 68 2
8 69 2
8 70 1
8 71 2
8 72 4
8 73 2
8 74 3
8 75 4
8 76 4
8 77 1
8 78 3
8 79 3
8 80 3
8 81 3
8 82 3
8 83 3
8 84 1
8 85 2
8 86 3
8 87 3
8 88 1
8 89 4
8 90 3
8 91 1
8 92 4
8 93 3
8 94 3
8 95 2
8 96 1
8 97 3
8 98 3
8 99 3
9 10 2
9 11 3
9 12 3
9 13 2
9 14 3
9 15 2
9 16 2
9 17 1
9 18 1
9 19 1
9 20 1
9 21 2
9 22 1
9 23 2
9 24 2
9 25 2
9 26 3
9 27 1
9 28 2
9 29 3
9 30 1
9 31 1
9 32 2
9 33 1
9 34 2
9 35 3
9 36 3
9 37 1
9 38 2
9 39 1
9 40 2
9 41 2
9 42 2
9 43 2
9 44 3
9 45 1
9 46 2
9 47 2
9 48 3
9 49 2
9 50 1
9 51 1
9 52 1
9 53 1
9 54 1
9 55 1
9 56 1
9 57 1
9 58 2
9 59 1
9 60 2
9 61 1
9 62 2
9 63 1
9 64 2
9 65 2
9 66 2
9 67 2
9 68 3
9 69 2
9 70 3
9 71 1
9 72 2
9 73 1
9 74 2
9 75 2
9 76 2
9 77 2
9 78 2
9 79 1
9 80 2
9 81 3
9 82 3
9 83 1
9 84 3
9 85 1
9 86 1
9 87 1
9 88 2
9 89 2
9 90 3
9 91 2
9 92 2
9 93 1
9 94 3
9 95 1
9 96 2
9 97 3
9 98 1
9 99 2
10 11 3
10 12 4
10 13 3
10 14 4
10 15 3
10 16 3
10 17 3
10 18 2
10 19 1
10 20 1
10 21 3
10 22 2
10 23 3
10 24 1
10 25 1
10 26 4
10 27 3
10 28 3
10 29 3
10 30 3
10 31 2
10 32 3
10 33 2
10 34 3
10 35 4
10 36 4
10 37 2
10 38 3
10 39 2
10 40 3
10 41 3
10 42 3
10 43 3
10 44 4
10 45 1
10 46 1
10 47 2
10 48 4
10 49 3
10 50 2
10 51 1
10 52 2
10 53 1
10 54 2
10 55 2
10 56 1
10 57 3
10 58 3
10 59 2
10 60 3
10 61 2
10 62 3
10 63 2
10 64 3
10 65 2
10 66 2
10 67 3
10 68 3
10 69 3
10 70 4
10 71 2
10 72 1
10 73 2
10 74 3
10 75 1
10 76 1
10 77 3
10 78 2
10 79 1
10 80 2
10 81 3
10 82 3
10 83 1
10 84 4
10 85 2
10 86 1
10 87 1
10 88 4
10 89 1
10 90 3
10 91 4
10 92 1
10 93 1
10 94 4
10 95 3
10 96 4
10 97 3
10 98 1
10 99 2
11 12 2
11 13 1
11 14 2
11 15 1
11 16 3
11 17 2
11 18 4
11 19 3
11 20 3
11 21 3
11 22 3
11 23 2
11 24 3
11 25 3
11 26 2
11 27 3
11 28 1
11 29 1
11 30 3
11 31 3
11 32 2
11 33 3
11 34 4
11 35 2
11 36 2
11 37 2
11 38 2
11 39 3
11 40 3
11 41 1
11 42 2
11 43 1
11 44 2
11 45 2
11 46 3
11 47 2
11 48 1
11 49 1
11 50 2
11 51 3
11 52 2
11 53 3
11 54 3
11 55 3
11 56 3
11 57 3
11 58 1
11 59 3
11 60 3
11 61 3
11 62 1
11 63 3
11 64 1
11 65 2
11 66 2
11 67 4
11 68 1
11 69 1
11 70 2
11 71 3
11 72 3
11 73 3
11 74 1
11 75 3
11 76 3
11 77 2
11 78 2
11 79 3
11 80 2
11 81 1
11 82 1
11 83 4
11 84 2
11 85 2
11 86 2
11 87 3
11 88 2
11 89 3
11 90 1
11 91 2
11 92 3
11 93 3
11 94 1
11 95 3
11 96 3
11 97 1
11 98 3
11 99 1
12 13 1
12 14 1
12 15 2
12 16 3
12 17 2
12 18 3
12 19 3
12 20 4
12 21 2
12 22 3
12 23 1
12 24 4
12 25 4
12 26 1
12 27 3
12 28 1
12 29 2
12 30 2
12 31 3
12 32 1
12 33 3
12 34 3
12 35 1
12 36 1
12 37 2
12 38 1
12 39 3
12 40 3
12 41 2
12 42 1
12 43 1
12 44 1
12 45 3
12 46 4
12 47 3
12 48 1
12 49 1
12 50 3
12 51 4
12 52 2
12 53 3
12 54 3
12 55 3
12 56 4
12 57 3
12 58 1
12 59 3
12 60 2
12 61 3
12 62 1
12 63 3
12 64 1
12 65 3
12 66 3
12 67 3
12 68 2
12 69 2
12 70 1
12 71 3
12 72 4
12 73 3
12 74 2
12 75 4
12 76 4
12 77 1
12 78 3
12 79 4
12 80 3
12 81 3
12 82 2
12 83 4
12 84 1
12 85 3
12 86 3
12 87 3
12 88 1
12 89 4
12 90 2
12 91 1
12 92 4
12 93 4
12 94 3
12 95 3
12 96 2
12 97 2
12 98 4
12 99 2
13 14 1
13 15 1
13 16 3
13 17 2
13 18 3
13 19 2
13 20 3
13 21 2
13 22 3
13 23 1
13 24 3
13 25 3
13 26 1
13 27 3
13 28 1
13 29 1
13 30 2
13 31 3
13 32 1
13 33 3
13 34 3
13 35 1
13 36 2
13 37 2
13 38 2
13 39 2
13 40 3
13 41 1
13 42 2
13 43 1
13 44 1
13 45 2
13 46 3
13 47 2
13 48 1
13 49 1
13 50 2
13 51 3
13 52 2
13 53 3
13 54 2
13 55 3
13 56 3
13 57 3
13 58 1
13 59 3
13 60 3
13 61 2
13 62 1
13 63 3
13 64 1
13 65 2
13 66 3
13 67 3
13 68 1
13 69 1
13 70 2
13 71 2
13 72 3
13 73 3
13 74 1
13 75 3
13 76 3
13 77 1
13 78 2
13 79 3
13 80 2
13 81 2
13 82 1
13 83 3
13 84 1
13 85 2
13 86 2
13 87 2
13 88 2
13 89 3
13 90 1
13 91 2
13 92 3
13 93 3
13 94 2
13 95 3
13 96 2
13 97 1
13 98 3
13 99 2
14 15 2
14 16 3
14 17 2
14 18 3
14 19 3
14 20 3
14 21 2
14 22 3
14 23 1
14 24 4
14 25 3
14 26 1
14 27 3
14 28 1
14 29 2
14 30 2
14 31 3
14 32 1
14 33 3
14 34 3
14 35 1
14 36 1
14 37 2
14 38 1
14 39 3
14 40 3
14 41 2
14 42 1
14 43 1
14 44 1
14 45 3
14 46 4
14 47 3
14 48 1
14 49 1
14 50 2
14 51 3
14 52 2
14 53 3
14 54 3
14 55 3
14 56 3
14 57 3
14 58 1
14 59 3
14 60 2
14 61 3
14 62 1
14 63 3
14 64 1
14 65 2
14 66 3
14 67 3
14 68 1
14 69 1
14 70 1
14 71 3
14 72 4
14 73 3
14 74 2
14 75 4
14 76 4
14 77 1
14 78 2
14 79 3
14 80 3
14 81 2
14 82 2
14 83 4
14 84 1
14 85 2
14 86 3
14 87 3
14 88 1
14 89 3
14 90 2
14 91 1
14 92 4
14 93 3
14 94 2
14 95 3
14 96 2
14 97 2
14 98 3
14 99 2
15 16 3
15 17 2
15 18 3
15 19 2
15 20 2
15 21 3
15 22 2
15 23 1
15 24 3
15 25 2
15 26 2
15 27 3
15 28 1
15 29 1
15 30 2
15 31 2
15 32 2
15 33 2
15 34 3
15 35 2
15 36 2
15 37 1
15 38 2
15 39 2
15 40 3
15 41 1
15 42 2
15 43 1
15 44 2
15 45 2
15 46 2
15 47 1
15 48 1
15 49 1
15 50 1
15 51 2
15 52 1
15 53 2
15 54 2
15 55 2
15 56 2
15 57 3
15 58 1
15 59 2
15 60 3
15 61 2
15 62 1
15 63 2
15 64 1
15 65 1
15 66 2
15 67 3
15 68 1
15 69 1
15 70 2
15 71 2
15 72 2
15 73 2
15 74 1
15 75 2
15 76 3
15 77 2
15 78 1
15 79 2
15 80 1
15 81 1
15 82 1
15 83 3
15 84 2
15 85 1
15 86 2
15 87 2
15 88 2
15 89 2
15 90 1
15 91 2
15 92 2
15 93 2
15 94 2
15 95 3
15 96 3
15 97 1
15 98 2
15 99 1
16 17 1
16 18 1
16 19 3
16 20 2
16 21 1
16 22 1
16 23 3
16 24 3
16 25 3
16 26 3
16 27 1
16 28 3
16 29 3
16 30 1
16 31 2
16 32 2
16 33 1
16 34 1
16 35 3
16 36 2
16 37 2
16 38 2
16 39 2
16 40 1
16 41 3
16 42 2
16 43 3
16 44 3
16 45 3
16 46 3
16 47 3
16 48 3
16 49 3
16 50 2
16 51 2
16 52 2
16 53 2
16 54 2
16 55 2
16 56 2
16 57 1
16 58 2
16 59 2
16 60 1
16 61 2
16 62 3
16 63 2
16 64 3
16 65 3
16 66 3
16 67 1
16 68 3
16 69 3
16 70 2
16 71 2
16 72 3
16 73 1
16 74 3
16 75 3
16 76 3
16 77 2
16 78 3
16 79 3
16 80 3
16 81 4
16 82 4
16 83 2
16 84 3
16 85 2
16 86 2
16 87 2
16 88 2
16 89 3
16 90 3
16 91 2
16 92 3
16 93 2
16 94 4
16 95 1
16 96 1
16 97 3
16 98 2
16 99 3
17 18 2
17 19 2
17 20 2
17 21 1
17 22 1
17 23 2
17 24 2
17 25 3
17 26 2
17 27 1
17 28 2
17 29 2
17 30 1
17 31 1
17 32 1
17 33 1
17 34 2
17 35 2
17 36 2
17 37 1
17 38 1
17 39 2
17 40 1
17 41 2
17 42 1
17 43 2
17 44 2
17 45 2
17 46 3
17 47 2
17 48 2
17 49 2
17 50 1
17 51 2
17 52 2
17 53 2
17 54 1
17 55 2
17 56 2
17 57 1
17 58 1
17 59 1
17 60 1
17 61 1
17 62 2
17 63 2
17 64 2
17 65 2
17 66 3
17 67 2
17 68 2
17 69 2
17 70 2
17 71 1
17 72 3
17 73 1
17 74 2
17 75 3
17 76 3
17 77 1
17 78 2
17 79 2
17 80 2
17 81 3
17 82 3
17 83 2
17 84 2
17 85 1
17 86 2
17 87 2
17 88 1
17 89 3
17 90 2
17 91 1
17 92 3
17 93 2
17 94 3
17 95 1
17 96 1
17 97 2
17 98 2
17 99 2
18 19 2
18 20 2
18 21 2
18 22 1
18 23 3
18 24 2
18 25 3
18 26 3
18 27 1
18 28 3
18 29 4
18 30 1
18 31 1
18 32 3
18 33 1
18 34 1
18 35 3
18 36 3
18 37 2
18 38 2
18 39 2
18 40 1
18 41 3
18 42 2
18 43 3
18 44 3
18 45 2
18 46 3
18 47 3
18 48 3
18 49 3
18 50 2
18 51 1
18 52 2
18 53 1
18 54 1
18 55 1
18 56 1
18 57 1
18 58 3
18 59 1
18 60 2
18 61 2
18 62 3
18 63 1
18 64 3
18 65 3
18 66 3
18 67 1
18 68 4
18 69 3
18 70 3
18 71 1
18 72 2
18 73 1
18 74 3
18 75 3
18 76 2
18 77 3
18 78 3
18 79 2
18 80 3
18 81 4
18 82 4
18 83 1
18 84 3
18 85 2
18 86 2
18 87 2
18 88 3
18 89 3
18 90 4
18 91 2
18 92 2
18 93 2
18 94 4
18 95 1
18 96 2
18 97 4
18 98 1
18 99 3
19 20 1
19 21 3
19 22 2
19 23 3
19 24 1
19 25 1
19 26 3
19 27 2
19 28 3
19 29 3
19 30 2
19 31 1
19 32 3
19 33 2
19 34 2
19 35 3
19 36 3
19 37 1
19 38 3
19 39 1
19 40 3
19 41 2
19 42 3
19 43 2
19 44 3
19 45 1
19 46 1
19 47 1
19 48 3
19 49 2
19 50 1
19 51 1
19 52 1
19 53 1
19 54 2
19 55 2
19 56 1
19 57 2
19 58 2
19 59 1
19 60 3
19 61 1
19 62 2
19 63 2
19 64 2
19 65 1
19 66 1
19 67 2
19 68 3
19 69 2
19 70 3
19 71 2
19 72 1
19 73 2
19 74 2
19 75 1
19 76 1
19 77 3
19 78 1
19 79 1
19 80 1
19 81 2
19 82 3
19 83 1
19 84 3
19 85 1
19 86 1
19 87 1
19 88 3
19 89 1
19 90 3
19 91 3
19 92 1
19 93 1
19 94 3
19 95 2
19 96 3
19 97 3
19 98 1
19 99 2
20 21 3
20 22 2
20 23 3
20 24 1
20 25 1
20 26 4
20 27 2
20 28 3
20 29 3
20 30 2
20 31 1
20 32 3
20 33 1
20 34 2
20 35 4
20 36 4
20 37 2
20 38 3
20 39 1
20 40 2
20 41 2
20 42 3
20 43 3
20 44 3
20 45 1
20 46 1
20 47 2
20 48 3
20 49 3
20 50 1
20 51 1
20 52 2
20 53 1
20 54 2
20 55 1
20 56 1
20 57 2
20 58 3
20 59 1
20 60 3
20 61 2
20 62 3
20 63 1
20 64 3
20 65 2
20 66 2
20 67 2
20 68 3
20 69 2
20 70 4
20 71 1
20 72 1
20 73 2
20 74 3
20 75 2
20 76 1
20 77 3
20 78 2
20 79 1
20 80 2
20 81 3
20 82 3
20 83 1
20 84 4
20 85 1
20 86 1
20 87 1
20 88 3
20 89 1
20 90 3
20 91 3
20 92 1
20 93 1
20 94 4
20 95 2
20 96 3
20 97 3
20 98 1
20 99 2
21 22 1
21 23 2
21 24 3
21 25 3
21 26 2
21 27 1
21 28 2
21 29 3
21 30 1
21 31 2
21 32 1
21 33 2
21 34 2
21 35 2
21 36 2
21 37 2
21 38 1
21 39 2
21 40 1
21 41 3
21 42 1
21 43 2
21 44 2
21 45 3
21 46 3
21 47 3
21 48 2
21 49 2
21 50 2
21 51 2
21 52 2
21 53 2
21 54 1
21 55 2
21 56 2
21 57 1
21 58 2
21 59 2
21 60 1
21 61 2
21 62 2
21 63 2
21 64 2
21 65 3
21 66 3
21 67 1
21 68 3
21 69 3
21 70 2
21 71 2
21 72 3
21 73 1
21 74 3
21 75 3
21 76 3
21 77 2
21 78 3
21 79 3
21 80 3
21 81 4
21 82 3
21 83 2
21 84 2
21 85 2
21 86 2
21 87 2
21 88 1
21 89 3
21 90 3
21 91 1
21 92 3
21 93 2
21 94 4
21 95 1
21 96 1
21 97 3
21 98 2
21 99 3
22 23 2
22 24 2
22 25 3
22 26 3
22 27 1
22 28 2
22 29 3
22 30 1
22 31 1
22 32 2
22 33 1
22 34 1
22 35 3
22 36 3
22 37 1
22 38 2
22 39 1
22 40 1
22 41 2
22 42 2
22 43 2
22 44 3
22 45 2
22 46 3
22 47 2
22 48 3
22 49 2
22 50 1
22 51 2
22 52 2
22 53 1
22 54 1
22 55 1
22 56 1
22 57 1
22 58 2
22 59 1
22 60 1
22 61 1
22 62 2
22 63 1
22 64 2
22 65 2
22 66 3
22 67 1
22 68 3
22 69 2
22 70 3
22 71 1
22 72 2
22 73 1
22 74 3
22 75 3
22 76 2
22 77 2
22 78 2
22 79 2
22 80 2
22 81 3
22 82 3
22 83 2
22 84 3
22 85 1
22 86 2
22 87 2
22 88 2
22 89 3
22 90 3
22 91 2
22 92 3
22 93 2
22 94 4
22 95 1
22 96 2
22 97 3
22 98 1
22 99 2
23 24 3
23 25 3
23 26 1
23 27 3
23 28 1
23 29 2
23 30 2
23 31 2
23 32 1
23 33 3
23 34 3
23 35 1
23 36 1
23 37 2
23 38 1
23 39 2
23 40 3
23 41 1
23 42 1
23 43 1
23 44 1
23 45 3
23 46 3
23 47 2
23 48 1
23 49 1
23 50 2
23 51 3
23 52 2
23 53 3
23 54 2
23 55 3
23 56 3
23 57 3
23 58 1
23 59 2
23 60 2
23 61 2
23 62 1
23 63 3
23 64 1
23 65 2
23 66 3
23 67 3
23 68 1
23 69 1
23 70 1
23 71 2
23 72 3
23 73 2
23 74 1
23 75 3
23 76 3
23 77 1
23 78 2
23 79 3
23 80 2
23 81 2
23 82 2
23 83 3
23 84 1
23 85 2
23 86 2
23 87 3
23 88 1
23 89 3
23 90 2
23 91 1
23 92 3
23 93 3
23 94 2
23 95 3
23 96 2
23 97 2
23 98 3
23 99 2
24 25 1
24 26 4
24 27 2
24 28 3
24 29 3
24 30 2
24 31 1
24 32 3
24 33 2
24 34 2
24 35 4
24 36 4
24 37 2
24 38 3
24 39 1
24 40 2
24 41 3
24 42 3
24 43 3
24 44 4
24 45 1
24 46 1
24 47 2
24 48 4
24 49 3
24 50 2
24 51 1
24 52 2
24 53 1
24 54 2
24 55 2
24 56 1
24 57 2
24 58 3
24 59 1
24 60 3
24 61 2
24 62 3
24 63 1
24 64 3
24 65 2
24 66 2
24 67 2
24 68 3
24 69 3
24 70 4
24 71 2
24 72 1
24 73 2
24 74 3
24 75 1
24 76 1
24 77 3
24 78 2
24 79 1
24 80 2
24 81 3
24 82 3
24 83 1
24 84 4
24 85 2
24 86 1
24 87 1
24 88 3
24 89 1
24 90 3
24 91 3
24 92 1
24 93 1
24 94 4
24 95 2
24 96 3
24 97 3
24 98 1
24 99 2
25 26 4
25 27 3
25 28 3
25 29 3
25 30 3
25 31 2
25 32 3
25 33 2
25 34 3
25 35 4
25 36 4
25 37 2
25 38 3
25 39 2
25 40 3
25 41 2
25 42 3
25 43 3
25 44 3
25 45 1
25 46 1
25 47 1
25 48 3
25 49 3
25 50 2
25 51 2
25 52 2
25 53 2
25 54 2
25 55 2
25 56 2
25 57 3
25 58 3
25 59 2
25 60 3
25 61 2
25 62 3
25 63 2
25 64 3
25 65 1
25 66 1
25 67 3
25 68 3
25 69 2
25 70 4
25 71 2
25 72 1
25 73 3
25 74 3
25 75 1
25 76 1
25 77 3
25 78 1
25 79 1
25 80 1
25 81 2
25 82 3
25 83 2
25 84 4
25 85 2
25 86 1
25 87 1
25 88 4
25 89 1
25 90 3
25 91 4
25 92 1
25 93 1
25 94 3
25 95 3
25 96 4
25 97 3
25 98 2
25 99 2
26 27 3
26 28 1
26 29 2
26 30 2
26 31 3
26 32 1
26 33 3
26 34 3
26 35 1
26 36 1
26 37 2
26 38 1
26 39 3
26 40 3
26 41 2
26 42 1
26 43 1
26 44 1
26 45 3
26 46 4
26 47 3
26 48 1
26 49 1
26 50 3
26 51 4
26 52 2
26 53 3
26 54 3
26 55 3
26 56 4
26 57 3
26 58 1
26 59 3
26 60 2
26 61 3
26 62 1
26 63 3
26 64 1
26 65 3
26 66 3
26 67 3
26 68 2
26 69 2
26 70 1
26 71 3
26 72 4
26 73 3
26 74 2
26 75 4
26 76 4
26 77 1
26 78 3
26 79 4
26 80 3
26 81 3
26 82 2
26 83 4
26 84 1
26 85 3
26 86 3
26 87 3
26 88 1
26 89 4
26 90 2
26 91 1
26 92 4
26 93 4
26 94 3
26 95 3
26 96 2
26 97 2
26 98 4
26 99 2
27 28 3
27 29 3
27 30 1
27 31 1
27 32 2
27 33 1
27 34 1
27 35 3
27 36 3
27 37 2
27 38 2
27 39 2
27 40 1
27 41 3
27 42 2
27 43 3
27 44 3
27 45 2
27 46 3
27 47 3
27 48 3
27 49 3
27 50 2
27 51 2
27 52 2
27 53 2
27 54 1
27 55 1
27 56 2
27 57 1
27 58 2
27 59 1
27 60 1
27 61 2
27 62 3
27 63 1
27 64 3
27 65 3
27 66 3
27 67 1
27 68 3
27 69 3
27 70 3
27 71 1
27 72 3
27 73 1
27 74 3
27 75 3
27 76 3
27 77 2
27 78 3
27 79 2
27 80 3
27 81 4
27 82 4
27 83 2
27 84 3
27 85 2
27 86 2
27 87 2
27 88 2
27 89 3
27 90 3
27 91 2
27 92 3
27 93 2
27 94 4
27 95 1
27 96 2
27 97 3
27 98 2
27 99 3
28 29 2
28 30 2
28 31 2
28 32 1
28 33 3
28 34 3
28 35 1
28 36 1
28 37 2
28 38 1
28 39 2
28 40 3
28 41 1
28 42 1
28 43 1
28 44 1
28 45 3
28 46 3
28 47 2
28 48 1
28 49 1
28 50 2
28 51 3
28 52 2
28 53 3
28 54 2
28 55 3
28 56 3
28 57 3
28 58 1
28 59 2
28 60 2
28 61 2
28 62 1
28 63 3
28 64 1
28 65 2
28 66 3
28 67 3
28 68 1
28 69 1
28 70 1
28 71 2
28 72 3
28 73 2
28 74 1
28 75 3
28 76 3
28 77 1
28 78 2
28 79 3
28 80 2
28 81 2
28 82 2
28 83 3
28 84 1
28 85 2
28 86 2
28 87 3
28 88 1
28 89 3
28 90 1
28 91 1
28 92 3
28 93 3
28 94 2
28 95 3
28 96 2
28 97 1
28 98 3
28 99 2
29 30 3
29 31 3
29 32 2
29 33 3
29 34 4
29 35 2
29 36 3
29 37 2
29 38 2
29 39 3
29 40 3
29 41 1
29 42 2
29 43 1
29 44 2
29 45 2
29 46 3
29 47 2
29 48 1
29 49 1
29 50 2
29 51 3
29 52 2
29 53 3
29 54 3
29 55 3
29 56 3
29 57 3
29 58 1
29 59 3
29 60 3
29 61 3
29 62 1
29 63 3
29 64 1
29 65 2
29 66 2
29 67 4
29 68 1
29 69 1
29 70 2
29 71 3
29 72 3
29 73 3
29 74 1
29 75 3
29 76 3
29 77 2
29 78 2
29 79 3
29 80 2
29 81 1
29 82 1
29 83 4
29 84 2
29 85 2
29 86 2
29 87 3
29 88 2
29 89 3
29 90 1
29 91 2
29 92 3
29 93 3
29 94 1
29 95 3
29 96 3
29 97 1
29 98 3
29 99 1
30 31 1
30 32 2
30 33 1
30 34 1
30 35 2
30 36 2
30 37 2
30 38 1
30 39 2
30 40 1
30 41 2
30 42 1
30 43 2
30 44 2
30 45 2
30 46 3
30 47 3
30 48 2
30 49 2
30 50 2
30 51 2
30 52 2
30 53 2
30 54 1
30 55 1
30 56 2
30 57 1
30 58 2
30 59 1
30 60 1
30 61 1
30 62 2
30 63 1
30 64 2
30 65 3
30 66 3
30 67 1
30 68 3
30 69 2
30 70 2
30 71 1
30 72 3
30 73 1
30 74 3
30 75 3
30 76 3
30 77 2
30 78 3
30 79 2
30 80 3
30 81 3
30 82 3
30 83 2
30 84 2
30 85 2
30 86 2
30 87 2
30 88 2
30 89 3
30 90 3
30 91 1
30 92 3
30 93 2
30 94 4
30 95 1
30 96 1
30 97 3
30 98 2
30 99 3
31 32 2
31 33 1
31 34 1
31 35 3
31 36 3
31 37 1
31 38 2
31 39 1
31 40 2
31 41 2
31 42 2
31 43 2
31 44 3
31 45 2
31 46 2
31 47 2
31 48 3
31 49 2
31 50 1
31 51 1
31 52 2
31 53 1
31 54 1
31 55 1
31 56 1
31 57 1
31 58 2
31 59 1
31 60 2
31 61 1
31 62 2
31 63 1
31 64 2
31 65 2
31 66 2
31 67 1
31 68 3
31 69 2
31 70 3
31 71 1
31 72 2
31 73 1
31 74 3
31 75 2
31 76 2
31 77 2
31 78 2
31 79 1
31 80 2
31 81 3
31 82 3
31 83 1
31 84 3
31 85 1
31 86 1
31 87 1
31 88 2
31 89 2
31 90 3
31 91 2
31 92 2
31 93 1
31 94 4
31 95 1
31 96 2
31 97 3
31 98 1
31 99 2
32 33 2
32 34 3
32 35 1
32 36 1
32 37 2
32 38 1
32 39 2
32 40 2
32 41 2
32 42 1
32 43 1
32 44 1
32 45 3
32 46 3
32 47 3
32 48 2
32 49 1
32 50 2
32 51 3
32 52 2
32 53 3
32 54 2
32 55 3
32 56 3
32 57 2
32 58 1
32 59 2
32 60 2
32 61 2
32 62 1
32 63 3
32 64 1
32 65 3
32 66 3
32 67 2
32 68 2
32 69 2
32 70 1
32 71 2
32 72 3
32 73 2
32 74 2
32 75 3
32 76 3
32 77 1
32 78 3
32 79 3
32 80 3
32 81 3
32 82 2
32 83 3
32 84 1
32 85 2
32 86 2
32 87 3
32 88 1
32 89 3
32 90 2
32 91 1
32 92 3
32 93 3
32 94 3
32 95 2
32 96 1
32 97 2
32 98 3
32 99 2
33 34 1
33 35 3
33 36 3
33 37 2
33 38 2
33 39 1
33 40 1
33 41 2
33 42 2
33 43 3
33 44 3
33 45 2
33 46 2
33 47 2
33 48 3
33 49 3
33 50 1
33 51 1
33 52 2
33 53 1
33 54 1
33 55 1
33 56 1
33 57 1
33 58 2
33 59 1
33 60 2
33 61 1
33 62 3
33 63 1
33 64 3
33 65 3
33 66 3
33 67 1
33 68 3
33 69 2
33 70 3
33 71 1
33 72 2
33 73 1
33 74 3
33 75 3
33 76 2
33 77 2
33 78 3
33 79 2
33 80 2
33 81 3
33 82 3
33 83 1
33 84 3
33 85 2
33 86 2
33 87 1
33 88 2
33 89 2
33 90 3
33 91 2
33 92 2
33 93 1
33 94 4
33 95 1
33 96 2
33 97 3
33 98 1
33 99 3
34 35 3
34 36 3
34 37 2
34 38 2
34 39 2
34 40 1
34 41 3
34 42 2
34 43 3
34 44 3
34 45 3
34 46 3
34 47 3
34 48 3
34 49 3
34 50 2
34 51 2
34 52 3
34 53 2
34 54 2
34 55 1
34 56 2
34 57 1
34 58 3
34 59 2
34 60 2
34 61 2
34 62 3
34 63 1
34 64 3
34 65 3
34 66 3
34 67 1
34 68 4
34 69 3
34 70 3
34 71 2
34 72 3
34 73 1
34 74 4
34 75 3
34 76 3
34 77 3
34 78 3
34 79 2
34 80 3
34 81 4
34 82 4
34 83 2
34 84 3
34 85 2
34 86 2
34 87 2
34 88 3
34 89 3
34 90 4
34 91 2
34 92 3
34 93 2
34 94 5
34 95 1
34 96 2
34 97 4
34 98 2
34 99 3
35 36 1
35 37 2
35 38 1
35 39 3
35 40 3
35 41 2
35 42 1
35 43 1
35 44 1
35 45 3
35 46 4
35 47 3
35 48 1
35 49 1
35 50 3
35 51 4
35 52 2
35 53 3
35 54 3
35 55 3
35 56 4
35 57 3
35 58 1
35 59 3
35 60 2
35 61 3
35 62 1
35 63 3
35 64 1
35 65 3
35 66 3
35 67 3
35 68 2
35 69 2
35 70 1
35 71 3
35 72 4
35 73 3
35 74 2
35 75 4
35 76 4
35 77 1
35 78 3
35 79 4
35 80 3
35 81 3
35 82 2
35 83 4
35 84 1
35 85 3
35 86 3
35 87 3
35 88 1
35 89 4
35 90 2
35 91 1
35 92 4
35 93 4
35 94 3
35 95 3
35 96 2
35 97 2
35 98 4
35 99 2
36 37 3
36 38 1
36 39 3
36 40 3
36 41 2
36 42 1
36 43 2
36 44 1
36 45 3
36 46 4
36 47 3
36 48 2
36 49 2
36 50 3
36 51 4
36 52 3
36 53 4
36 54 3
36 55 3
36 56 4
36 57 2
36 58 2
36 59 3
36 60 2
36 61 3
36 62 2
36 63 3
36 64 2
36 65 3
36 66 4
36 67 3
36 68 2
36 69 2
36 70 1
36 71 3
36 72 4
36 73 3
36 74 2
36 75 4
36 76 4
36 77 1
36 78 3
36 79 4
36 80 3
36 81 3
36 82 3
36 83 4
36 84 1
36 85 3
36 86 3
36 87 3
36 88 1
36 89 4
36 90 2
36 91 1
36 92 4
36 93 4
36 94 3
36 95 3
36 96 1
36 97 2
36 98 4
36 99 3
37 38 2
37 39 1
37 40 2
37 41 1
37 42 2
37 43 1
37 44 2
37 45 1
37 46 2
37 47 1
37 48 2
37 49 1
37 50 1
37 51 2
37 52 1
37 53 1
37 54 1
37 55 2
37 56 2
37 57 2
37 58 1
37 59 1
37 60 2
37 61 1
37 62 1
37 63 2
37 64 1
37 65 1
37 66 2
37 67 2
37 68 2
37 69 1
37 70 2
37 71 1
37 72 2
37 73 1
37 74 2
37 75 2
37 76 2
37 77 2
37 78 1
37 79 2
37 80 1
37 81 2
37 82 2
37 83 2
37 84 2
37 85 1
37 86 1
37 87 1
37 88 2
37 89 2
37 90 2
37 91 2
37 92 2
37 93 2
37 94 3
37 95 2
37 96 2
37 97 2
37 98 2
37 99 1
38 39 2
38 40 2
38 41 2
38 42 1
38 43 1
38 44 1
38 45 3
38 46 3
38 47 3
38 48 2
38 49 1
38 50 2
38 51 3
38 52 2
38 53 3
38 54 2
38 55 2
38 56 3
38 57 2
38 58 1
38 59 2
38 60 1
38 61 2
38 62 2
38 63 2
38 64 2
38 65 3
38 66 3
38 67 2
38 68 2
38 69 2
38 70 1
38 71 2
38 72 3
38 73 2
38 74 2
38 75 3
38 76 3
38 77 1
38 78 3
38 79 3
38 80 3
38 81 3
38 82 3
38 83 3
38 84 1
38 85 2
38 86 2
38 87 3
38 88 1
38 89 3
38 90 2
38 91 1
38 92 3
38 93 3
38 94 3
38 95 2
38 96 1
38 97 2
38 98 3
38 99 3
39 40 2
39 41 2
39 42 2
39 43 2
39 44 3
39 45 1
39 46 2
39 47 2
39 48 3
39 49 2
39 50 1
39 51 1
39 52 1
39 53 1
39 54 1
39 55 1
39 56 1
39 57 2
39 58 2
39 59 1
39 60 2
39 61 1
39 62 2
39 63 1
39 64 2
39 65 2
39 66 2
39 67 2
39 68 3
39 69 2
39 70 3
39 71 1
39 72 1
39 73 1
39 74 2
39 75 2
39 76 1
39 77 2
39 78 2
39 79 1
39 80 2
39 81 3
39 82 3
39 83 1
39 84 3
39 85 1
39 86 1
39 87 1
39 88 3
39 89 2
39 90 3
39 91 3
39 92 2
39 93 1
39 94 3
39 95 2
39 96 3
39 97 3
39 98 1
39 99 2
40 41 3
40 42 2
40 43 3
40 44 3
40 45 3
40 46 3
40 47 3
40 48 3
40 49 3
40 50 2
40 51 2
40 52 2
40 53 2
40 54 1
40 55 1
40 56 2
40 57 1
40 58 2
40 59 2
40 60 1
40 61 2
40 62 3
40 63 1
40 64 3
40 65 3
40 66 3
40 67 1
40 68 3
40 69 3
40 70 3
40 71 1
40 72 3
40 73 1
40 74 3
40 75 3
40 76 3
40 77 2
40 78 3
40 79 2
40 80 3
40 81 4
40 82 4
40 83 2
40 84 3
40 85 2
40 86 2
40 87 2
40 88 2
40 89 3
40 90 3
40 91 2
40 92 3
40 93 2
40 94 4
40 95 1
40 96 2
40 97 3
40 98 2
40 99 3
41 42 2
41 43 1
41 44 1
41 45 2
41 46 3
41 47 2
41 48 1
41 49 1
41 50 1
41 51 2
41 52 1
41 53 2
41 54 2
41 55 2
41 56 2
41 57 3
41 58 1
41 59 2
41 60 3
41 61 2
41 62 1
41 63 2
41 64 1
41 65 1
41 66 2
41 67 3
41 68 1
41 69 1
41 70 2
41 71 2
41 72 3
41 73 2
41 74 1
41 75 3
41 76 3
41 77 1
41 78 1
41 79 2
41 80 2
41 81 1
41 82 1
41 83 3
41 84 2
41 85 1
41 86 2
41 87 2
41 88 2
41 89 2
41 90 1
41 91 2
41 92 3
41 93 2
41 94 2
41 95 3
41 96 3
41 97 1
41 98 2
41 99 1
42 43 1
42 44 1
42 45 3
42 46 3
42 47 3
42 48 2
42 49 1
42 50 2
42 51 3
42 52 2
42 53 3
42 54 2
42 55 2
42 56 3
42 57 2
42 58 1
42 59 2
42 60 1
42 61 2
42 62 2
42 63 2
42 64 2
42 65 3
42 66 3
42 67 2
42 68 2
42 69 2
42 70 1
42 71 2
42 72 3
42 73 2
42 74 2
42 75 3
42 76 3
42 77 1
42 78 3
42 79 3
42 80 3
42 81 3
42 82 3
42 83 3
42 84 1
42 85 2
42 86 2
42 87 3
42 88 1
42 89 3
42 90 2
42 91 1
42 92 3
42 93 3
42 94 3
42 95 2
42 96 1
42 97 2
42 98 3
42 99 3
43 44 1
43 45 2
43 46 3
43 47 2
43 48 1
43 49 1
43 50 2
43 51 3
43 52 2
43 53 2
43 54 2
43 55 3
43 56 3
43 57 3
43 58 1
43 59 2
43 60 2
43 61 2
43 62 1
43 63 3
43 64 1
43 65 2
43 66 3
43 67 3
43 68 1
43 69 1
43 70 1
43 71 2
43 72 3
43 73 2
43 74 1
43 75 3
43 76 3
43 77 1
43 78 2
43 79 3
43 80 2
43 81 2
43 82 2
43 83 3
43 84 1
43 85 2
43 86 2
43 87 2
43 88 1
43 89 3
43 90 1
43 91 1
43 92 3
43 93 3
43 94 2
43 95 3
43 96 2
43 97 1
43 98 3
43 99 2
44 45 3
44 46 4
44 47 3
44 48 1
44 49 1
44 50 2
44 51 3
44 52 2
44 53 3
44 54 3
44 55 3
44 56 3
44 57 3
44 58 1
44 59 3
44 60 2
44 61 3
44 62 1
44 63 3
44 64 1
44 65 2
44 66 3
44 67 3
44 68 1
44 69 1
44 70 1
44 71 3
44 72 4
44 73 3
44 74 1
44 75 4
44 76 4
44 77 1
44 78 2
44 79 3
44 80 3
44 81 2
44 82 2
44 83 4
44 84 1
44 85 2
44 86 3
44 87 3
44 88 1
44 89 3
44 90 1
44 91 1
44 92 4
44 93 3
44 94 2
44 95 3
44 96 2
44 97 2
44 98 3
44 99 2
45 46 1
45 47 1
45 48 3
45 49 2
45 50 1
45 51 1
45 52 1
45 53 1
45 54 2
45 55 2
45 56 2
45 57 2
45 58 2
45 59 1
45 60 3
45 61 1
45 62 2
45 63 2
45 64 2
45 65 1
45 66 1
45 67 2
45 68 2
45 69 2
45 70 3
45 71 2
45 72 1
45 73 2
45 74 2
45 75 1
45 76 1
45 77 3
45 78 1
45 79 1
45 80 1
45 81 2
45 82 2
45 83 2
45 84 3
45 85 1
45 86 1
45 87 1
45 88 3
45 89 1
45 90 2
45 91 3
45 92 1
45 93 1
45 94 3
45 95 2
45 96 3
45 97 2
45 98 2
45 99 1
46 47 1
46 48 3
46 49 3
46 50 2
46 51 2
46 52 2
46 53 2
46 54 2
46 55 2
46 56 2
46 57 3
46 58 3
46 59 2
46 60 3
46 61 2
46 62 3
46 63 2
46 64 3
46 65 2
46 66 2
46 67 3
46 68 3
46 69 3
46 70 4
46 71 2
46 72 1
46 73 3
46 74 3
46 75 1
46 76 1
46 77 3
46 78 2
46 79 1
46 80 1
46 81 2
46 82 3
46 83 2
46 84 4
46 85 2
46 86 1
46 87 1
46 88 4
46 89 1
46 90 3
46 91 4
46 92 1
46 93 1
46 94 3
46 95 3
46 96 4
46 97 3
46 98 2
46 99 2
47 48 2
47 49 2
47 50 1
47 51 2
47 52 1
47 53 2
47 54 2
47 55 2
47 56 2
47 57 3
47 58 2
47 59 2
47 60 3
47 61 2
47 62 2
47 63 2
47 64 2
47 65 1
47 66 1
47 67 3
47 68 2
47 69 2
47 70 3
47 71 2
47 72 1
47 73 2
47 74 2
47 75 1
47 76 2
47 77 3
47 78 1
47 79 2
47 80 1
47 81 2
47 82 2
47 83 2
47 84 3
47 85 1
47 86 1
47 87 1
47 88 3
47 89 1
47 90 2
47 91 3
47 92 1
47 93 2
47 94 3
47 95 3
47 96 3
47 97 2
47 98 2
47 99 1
48 49 1
48 50 2
48 51 3
48 52 2
48 53 3
48 54 3
48 55 3
48 56 3
48 57 3
48 58 1
48 59 3
48 60 3
48 61 3
48 62 1
48 63 3
48 64 1
48 65 2
48 66 3
48 67 3
48 68 1
48 69 1
48 70 2
48 71 3
48 72 3
48 73 3
48 74 1
48 75 3
48 76 4
48 77 1
48 78 2
48 79 3
48 80 2
48 81 2
48 82 1
48 83 4
48 84 1
48 85 2
48 86 3
48 87 3
48 88 2
48 89 3
48 90 1
48 91 2
48 92 3
48 93 3
48 94 2
48 95 3
48 96 2
48 97 1
48 98 3
48 99 2
49 50 2
49 51 3
49 52 2
49 53 2
49 54 2
49 55 3
49 56 3
49 57 3
49 58 1
49 59 2
49 60 2
49 61 2
49 62 1
49 63 3
49 64 1
49 65 2
49 66 3
49 67 3
49 68 1
49 69 1
49 70 2
49 71 2
49 72 3
49 73 2
49 74 1
49 75 3
49 76 3
49 77 1
49 78 2
49 79 3
49 80 2
49 81 2
49 82 2
49 83 3
49 84 1
49 85 2
49 86 2
49 87 2
49 88 1
49 89 3
49 90 1
49 91 1
49 92 3
49 93 3
49 94 2
49 95 3
49 96 2
49 97 1
49 98 3
49 99 2
50 51 1
50 52 1
50 53 1
50 54 1
50 55 1
50 56 1
50 57 2
50 58 2
50 59 1
50 60 2
50 61 1
50 62 2
50 63 1
50 64 2
50 65 2
50 66 2
50 67 2
50 68 2
50 69 1
50 70 3
50 71 1
50 72 2
50 73 1
50 74 2
50 75 2
50 76 2
50 77 2
50 78 2
50 79 2
50 80 1
50 81 2
50 82 2
50 83 2
50 84 3
50 85 1
50 86 1
50 87 1
50 88 2
50 89 2
50 90 2
50 91 2
50 92 2
50 93 1
50 94 3
50 95 2
50 96 2
50 97 2
50 98 1
50 99 2
51 52 2
51 53 1
51 54 1
51 55 1
51 56 1
51 57 2
51 58 3
51 59 1
51 60 2
51 61 1
51 62 3
51 63 1
51 64 3
51 65 2
51 66 2
51 67 2
51 68 3
51 69 2
51 70 4
51 71 1
51 72 1
51 73 1
51 74 3
51 75 2
51 76 1
51 77 3
51 78 2
51 79 1
51 80 2
51 81 3
51 82 3
51 83 1
51 84 4
51 85 1
51 86 1
51 87 1
51 88 3
51 89 2
51 90 3
51 91 3
51 92 1
51 93 1
51 94 4
51 95 2
51 96 3
51 97 3
51 98 1
51 99 2
52 53 1
52 54 1
52 55 2
52 56 2
52 57 2
52 58 2
52 59 1
52 60 2
52 61 1
52 62 2
52 63 2
52 64 1
52 65 1
52 66 1
52 67 2
52 68 2
52 69 1
52 70 3
52 71 1
52 72 2
52 73 2
52 74 2
52 75 2
52 76 2
52 77 2
52 78 1
52 79 2
52 80 1
52 81 2
52 82 2
52 83 2
52 84 3
52 85 1
52 86 1
52 87 1
52 88 3
52 89 2
52 90 2
52 91 3
52 92 2
52 93 2
52 94 3
52 95 2
52 96 3
52 97 2
52 98 2
52 99 1
53 54 1
53 55 1
53 56 1
53 57 2
53 58 2
53 59 1
53 60 2
53 61 1
53 62 2
53 63 1
53 64 2
53 65 2
53 66 2
53 67 2
53 68 3
53 69 2
53 70 3
53 71 1
53 72 1
53 73 1
53 74 3
53 75 2
53 76 1
53 77 3
53 78 2
53 79 1
53 80 2
53 81 3
53 82 3
53 83 1
53 84 3
53 85 1
53 86 1
53 87 1
53 88 3
53 89 2
53 90 3
53 91 3
53 92 2
53 93 1
53 94 4
53 95 2
53 96 3
53 97 3
53 98 1
53 99 2
54 55 1
54 56 1
54 57 1
54 58 2
54 59 1
54 60 2
54 61 1
54 62 2
54 63 1
54 64 2
54 65 2
54 66 2
54 67 1
54 68 3
54 69 2
54 70 3
54 71 1
54 72 2
54 73 1
54 74 2
54 75 2
54 76 2
54 77 2
54 78 2
54 79 2
54 80 2
54 81 3
54 82 3
54 83 1
54 84 3
54 85 1
54 86 1
54 87 1
54 88 2
54 89 2
54 90 3
54 91 2
54 92 2
54 93 1
54 94 3
54 95 1
54 96 2
54 97 3
54 98 1
54 99 2
55 56 1
55 57 1
55 58 3
55 59 1
55 60 2
55 61 1
55 62 3
55 63 1
55 64 3
55 65 2
55 66 3
55 67 1
55 68 3
55 69 2
55 70 3
55 71 1
55 72 2
55 73 1
55 74 3
55 75 3
55 76 2
55 77 3
55 78 2
55 79 1
55 80 2
55 81 3
55 82 3
55 83 1
55 84 3
55 85 1
55 86 2
55 87 1
55 88 3
55 89 2
55 90 3
55 91 2
55 92 2
55 93 1
55 94 4
55 95 1
55 96 2
55 97 3
55 98 1
55 99 2
56 57 2
56 58 3
56 59 1
56 60 2
56 61 1
56 62 3
56 63 1
56 64 3
56 65 2
56 66 2
56 67 2
56 68 3
56 69 2
56 70 4
56 71 1
56 72 1
56 73 1
56 74 3
56 75 2
56 76 1
56 77 3
56 78 2
56 79 1
56 80 2
56 81 3
56 82 3
56 83 1
56 84 4
56 85 1
56 86 1
56 87 1
56 88 3
56 89 2
56 90 3
56 91 3
56 92 2
56 93 1
56 94 4
56 95 2
56 96 3
56 97 3
56 98 1
56 99 2
57 58 2
57 59 1
57 60 1
57 61 1
57 62 3
57 63 1
57 64 3
57 65 3
57 66 3
57 67 1
57 68 3
57 69 3
57 70 2
57 71 1
57 72 3
57 73 1
57 74 3
57 75 3
57 76 3
57 77 2
57 78 3
57 79 2
57 80 3
57 81 4
57 82 4
57 83 2
57 84 3
57 85 2
57 86 2
57 87 2
57 88 2
57 89 3
57 90 3
57 91 2
57 92 3
57 93 2
57 94 4
57 95 1
57 96 1
57 97 3
57 98 2
57 99 3
58 59 2
58 60 2
58 61 2
58 62 1
58 63 3
58 64 1
58 65 2
58 66 3
58 67 3
58 68 1
58 69 1
58 70 1
58 71 2
58 72 3
58 73 2
58 74 1
58 75 3
58 76 3
58 77 1
58 78 2
58 79 3
58 80 2
58 81 2
58 82 2
58 83 3
58 84 1
58 85 2
58 86 2
58 87 2
58 88 1
58 89 3
58 90 1
58 91 1
58 92 3
58 93 3
58 94 2
58 95 2
58 96 2
58 97 1
58 98 3
58 99 2
59 60 2
59 61 1
59 62 2
59 63 1
59 64 2
59 65 2
59 66 2
59 67 1
59 68 3
59 69 2
59 70 3
59 71 1
59 72 2
59 73 1
59 74 3
59 75 2
59 76 2
59 77 2
59 78 2
59 79 1
59 80 2
59 81 3
59 82 3
59 83 1
59 84 3
59 85 1
59 86 1
59 87 1
59 88 2
59 89 2
59 90 3
59 91 2
59 92 2
59 93 1
59 94 4
59 95 1
59 96 2
59 97 3
59 98 1
59 99 2
60 61 2
60 62 3
60 63 2
60 64 3
60 65 3
60 66 3
60 67 1
60 68 3
60 69 3
60 70 2
60 71 2
60 72 3
60 73 1
60 74 3
60 75 3
60 76 3
60 77 2
60 78 3
60 79 3
60 80 3
60 81 4
60 82 4
60 83 2
60 84 2
60 85 2
60 86 2
60 87 2
60 88 1
60 89 3
60 90 3
60 91 1
60 92 3
60 93 3
60 94 4
60 95 1
60 96 1
60 97 3
60 98 2
60 99 3
61 62 2
61 63 1
61 64 2
61 65 2
61 66 2
61 67 2
61 68 3
61 69 2
61 70 3
61 71 1
61 72 2
61 73 1
61 74 2
61 75 2
61 76 2
61 77 2
61 78 2
61 79 2
61 80 2
61 81 3
61 82 3
61 83 2
61 84 3
61 85 1
61 86 1
61 87 1
61 88 2
61 89 2
61 90 3
61 91 2
61 92 2
61 93 2
61 94 3
61 95 1
61 96 2
61 97 3
61 98 1
61 99 2
62 63 3
62 64 1
62 65 2
62 66 2
62 67 3
62 68 1
62 69 1
62 70 2
62 71 2
62 72 3
62 73 2
62 74 1
62 75 3
62 76 3
62 77 1
62 78 2
62 79 3
62 80 2
62 81 2
62 82 1
62 83 3
62 84 2
62 85 2
62 86 2
62 87 2
62 88 2
62 89 3
62 90 1
62 91 2
62 92 3
62 93 3
62 94 2
62 95 3
62 96 2
62 97 1
62 98 3
62 99 1
63 64 3
63 65 2
63 66 2
63 67 1
63 68 3
63 69 2
63 70 3
63 71 1
63 72 2
63 73 1
63 74 3
63 75 2
63 76 2
63 77 3
63 78 2
63 79 1
63 80 2
63 81 3
63 82 3
63 83 1
63 84 3
63 85 1
63 86 1
63 87 1
63 88 3
63 89 2
63 90 3
63 91 2
63 92 2
63 93 1
63 94 4
63 95 1
63 96 2
63 97 3
63 98 1
63 99 2
64 65 2
64 66 2
64 67 3
64 68 1
64 69 1
64 70 2
64 71 2
64 72 3
64 73 2
64 74 1
64 75 3
64 76 3
64 77 1
64 78 2
64 79 3
64 80 2
64 81 2
64 82 1
64 83 3
64 84 2
64 85 2
64 86 2
64 87 2
64 88 2
64 89 3
64 90 1
64 91 2
64 92 3
64 93 3
64 94 2
64 95 3
64 96 2
64 97 1
64 98 3
64 99 1
65 66 1
65 67 3
65 68 2
65 69 1
65 70 3
65 71 2
65 72 2
65 73 2
65 74 2
65 75 2
65 76 2
65 77 2
65 78 1
65 79 2
65 80 1
65 81 1
65 82 2
65 83 2
65 84 3
65 85 1
65 86 1
65 87 2
65 88 3
65 89 2
65 90 2
65 91 3
65 92 2
65 93 2
65 94 2
65 95 3
65 96 3
65 97 2
65 98 2
65 99 1
66 67 3
66 68 2
66 69 2
66 70 4
66 71 2
66 72 2
66 73 3
66 74 2
66 75 2
66 76 2
66 77 3
66 78 1
66 79 2
66 80 1
66 81 1
66 82 2
66 83 2
66 84 4
66 85 2
66 86 1
66 87 2
66 88 4
66 89 1
66 90 2
66 91 4
66 92 2
66 93 2
66 94 2
66 95 3
66 96 4
66 97 2
66 98 2
66 99 1
67 68 4
67 69 3
67 70 3
67 71 1
67 72 3
67 73 1
67 74 3
67 75 3
67 76 3
67 77 3
67 78 3
67 79 2
67 80 3
67 81 4
67 82 4
67 83 2
67 84 3
67 85 2
67 86 2
67 87 2
67 88 2
67 89 3
67 90 4
67 91 2
67 92 3
67 93 2
67 94 4
67 95 1
67 96 2
67 97 4
67 98 2
67 99 3
68 69 1
68 70 2
68 71 3
68 72 3
68 73 3
68 74 1
68 75 3
68 76 3
68 77 2
68 78 2
68 79 3
68 80 2
68 81 1
68 82 1
68 83 4
68 84 2
68 85 2
68 86 2
68 87 3
68 88 2
68 89 3
68 90 1
68 91 2
68 92 3
68 93 3
68 94 1
68 95 3
68 96 3
68 97 1
68 98 3
68 99 1
69 70 2
69 71 2
69 72 3
69 73 2
69 74 1
69 75 3
69 76 3
69 77 1
69 78 1
69 79 2
69 80 2
69 81 1
69 82 1
69 83 3
69 84 2
69 85 1
69 86 2
69 87 2
69 88 2
69 89 2
69 90 1
69 91 2
69 92 3
69 93 2
69 94 2
69 95 3
69 96 3
69 97 1
69 98 2
69 99 1
70 71 3
70 72 4
70 73 3
70 74 2
70 75 4
70 76 4
70 77 1
70 78 3
70 79 4
70 80 3
70 81 3
70 82 3
70 83 4
70 84 1
70 85 3
70 86 3
70 87 3
70 88 1
70 89 4
70 90 2
70 91 1
70 92 4
70 93 4
70 94 3
70 95 3
70 96 1
70 97 2
70 98 4
70 99 3
71 72 2
71 73 1
71 74 2
71 75 2
71 76 2
71 77 2
71 78 2
71 79 1
71 80 2
71 81 3
71 82 3
71 83 1
71 84 3
71 85 1
71 86 1
71 87 1
71 88 2
71 89 2
71 90 3
71 91 2
71 92 2
71 93 1
71 94 3
71 95 1
71 96 2
71 97 3
71 98 1
71 99 2
72 73 2
72 74 3
72 75 1
72 76 1
72 77 3
72 78 2
72 79 1
72 80 2
72 81 3
72 82 3
72 83 1
72 84 4
72 85 2
72 86 1
72 87 1
72 88 4
72 89 1
72 90 3
72 91 4
72 92 1
72 93 1
72 94 4
72 95 3
72 96 4
72 97 3
72 98 1
72 99 2
73 74 3
73 75 3
73 76 2
73 77 2
73 78 2
73 79 2
73 80 2
73 81 3
73 82 3
73 83 1
73 84 3
73 85 1
73 86 2
73 87 2
73 88 2
73 89 3
73 90 3
73 91 2
73 92 2
73 93 2
73 94 4
73 95 1
73 96 2
73 97 3
73 98 1
73 99 2
74 75 3
74 76 3
74 77 2
74 78 2
74 79 3
74 80 2
74 81 1
74 82 1
74 83 3
74 84 2
74 85 2
74 86 2
74 87 2
74 88 2
74 89 3
74 90 1
74 91 2
74 92 3
74 93 3
74 94 1
74 95 3
74 96 3
74 97 1
74 98 3
74 99 1
75 76 1
75 77 3
75 78 2
75 79 2
75 80 1
75 81 2
75 82 3
75 83 2
75 84 4
75 85 2
75 86 1
75 87 2
75 88 4
75 89 1
75 90 3
75 91 4
75 92 1
75 93 2
75 94 3
75 95 3
75 96 4
75 97 3
75 98 2
75 99 2
76 77 3
76 78 2
76 79 1
76 80 2
76 81 3
76 82 3
76 83 1
76 84 4
76 85 2
76 86 1
76 87 1
76 88 4
76 89 1
76 90 3
76 91 4
76 92 1
76 93 1
76 94 4
76 95 3
76 96 4
76 97 3
76 98 1
76 99 2
77 78 2
77 79 3
77 80 3
77 81 2
77 82 2
77 83 3
77 84 1
77 85 2
77 86 2
77 87 3
77 88 1
77 89 3
77 90 2
77 91 1
77 92 3
77 93 3
77 94 3
77 95 2
77 96 2
77 97 2
77 98 3
77 99 2
78 79 2
78 80 1
78 81 1
78 82 2
78 83 2
78 84 3
78 85 1
78 86 1
78 87 2
78 88 3
78 89 1
78 90 2
78 91 3
78 92 2
78 93 2
78 94 2
78 95 3
78 96 3
78 97 2
78 98 2
78 99 1
79 80 2
79 81 3
79 82 3
79 83 1
79 84 4
79 85 1
79 86 1
79 87 1
79 88 3
79 89 1
79 90 3
79 91 3
79 92 1
79 93 1
79 94 4
79 95 2
79 96 3
79 97 3
79 98 1
79 99 2
80 81 1
80 82 2
80 83 2
80 84 3
80 85 1
80 86 1
80 87 1
80 88 3
80 89 1
80 90 2
80 91 3
80 92 2
80 93 2
80 94 2
80 95 3
80 96 3
80 97 2
80 98 2
80 99 1
81 82 1
81 83 3
81 84 3
81 85 2
81 86 2
81 87 2
81 88 3
81 89 2
81 90 1
81 91 3
81 92 3
81 93 3
81 94 1
81 95 4
81 96 4
81 97 1
81 98 3
81 99 1
82 83 4
82 84 2
82 85 2
82 86 2
82 87 3
82 88 3
82 89 3
82 90 1
82 91 3
82 92 3
82 93 3
82 94 1
82 95 4
82 96 3
82 97 1
82 98 3
82 99 1
83 84 4
83 85 2
83 86 2
83 87 1
83 88 3
83 89 2
83 90 4
83 91 3
83 92 1
83 93 1
83 94 4
83 95 2
83 96 3
83 97 4
83 98 1
83 99 3
84 85 3
84 86 3
84 87 3
84 88 1
84 89 4
84 90 2
84 91 1
84 92 4
84 93 4
84 94 3
84 95 3
84 96 2
84 97 2
84 98 4
84 99 3
85 86 1
85 87 1
85 88 2
85 89 2
85 90 2
85 91 2
85 92 2
85 93 1
85 94 3
85 95 2
85 96 2
85 97 2
85 98 2
85 99 1
86 87 1
86 88 3
86 89 1
86 90 2
86 91 3
86 92 1
86 93 1
86 94 3
86 95 2
86 96 3
86 97 2
86 98 1
86 99 1
87 88 3
87 89 1
87 90 3
87 91 3
87 92 1
87 93 1
87 94 3
87 95 2
87 96 3
87 97 3
87 98 1
87 99 2
88 89 4
88 90 2
88 91 1
88 92 4
88 93 3
88 94 3
88 95 2
88 96 1
88 97 2
88 98 3
88 99 3
89 90 3
89 91 4
89 92 1
89 93 2
89 94 3
89 95 3
89 96 4
89 97 3
89 98 2
89 99 2
90 91 2
90 92 3
90 93 3
90 94 1
90 95 3
90 96 3
90 97 1
90 98 3
90 99 1
91 92 4
91 93 3
91 94 3
91 95 2
91 96 1
91 97 2
91 98 3
91 99 3
92 93 1
92 94 4
92 95 3
92 96 4
92 97 3
92 98 2
92 99 2
93 94 4
93 95 2
93 96 3
93 97 3
93 98 1
93 99 2
94 95 4
94 96 4
94 97 1
94 98 4
94 99 2
95 96 2
95 97 3
95 98 2
95 99 3
96 97 3
96 98 3
96 99 3
97 98 3
97 99 1
98 99 2
