100 
0 1 3
0 2 4
0 3 1
0 4 2
0 5 2
0 6 3
0 7 3
0 8 3
0 9 2
0 10 3
0 11 2
0 12 1
0 13 2
0 14 2
0 15 2
0 16 2
0 17 3
0 18 2
0 19 3
0 20 1
0 21 3
0 22 2
0 23 3
0 24 3
0 25 2
0 26 3
0 27 1
0 28 2
0 29 2
0 30 3
0 31 1
0 32 1
0 33 3
0 34 2
0 35 3
0 36 2
0 37 3
0 38 1
0 39 3
0 40 3
0 41 3
0 42 2
0 43 4
0 44 1
0 45 3
0 46 2
0 47 1
0 48 4
0 49 2
0 50 1
0 51 2
0 52 2
0 53 2
0 54 3
0 55 2
0 56 1
0 57 3
0 58 2
0 59 2
0 60 4
0 61 3
0 62 2
0 63 4
0 64 2
0 65 2
0 66 2
0 67 3
0 68 1
0 69 2
0 70 2
0 71 2
0 72 3
0 73 3
0 74 2
0 75 2
0 76 2
0 77 3
0 78 2
0 79 2
0 80 3
0 81 3
0 82 2
0 83 1
0 84 2
0 85 1
0 86 3
0 87 3
0 88 3
0 89 2
0 90 3
0 91 2
0 92 3
0 93 1
0 94 2
0 95 2
0 96 3
0 97 3
0 98 2
0 99 2
1 2 1
1 3 3
1 4 2
1 5 3
1 6 1
1 7 1
1 8 3
1 9 2
1 10 2
1 11 3
1 12 2
1 13 4
1 14 3
1 15 2
1 16 3
1 17 3
1 18 3
1 19 1
1 20 3
1 21 1
1 22 2
1 23 1
1 24 1
1 25 2
1 26 3
1 27 2
1 28 4
1 29 2
1 30 2
1 31 3
1 32 3
1 33 1
1 34 2
1 35 3
1 36 3
1 37 2
1 38 3
1 39 3
1 40 2
1 41 1
1 42 2
1 43 3
1 44 2
1 45 1
1 46 1
1 47 2
1 48 3
1 49 2
1 50 3
1 51 3
1 52 3
1 53 2
1 54 1
1 55 3
1 56 2
1 57 1
1 58 3
1 59 3
1 60 3
1 61 3
1 62 3
1 63 3
1 64 1
1 65 3
1 66 2
1 67 2
1 68 3
1 69 1
1 70 4
1 71 2
1 72 3
1 73 1
1 74 2
1 75 2
1 76 2
1 77 1
1 78 2
1 79 4
1 80 2
1 81 1
1 82 4
1 83 3
1 84 2
1 85 3
1 86 3
1 87 2
1 88 2
1 89 2
1 90 2
1 91 2
1 92 2
1 93 3
1 94 4
1 95 3
1 96 1
1 97 2
1 98 2
1 99 3
2 3 3
2 4 3
2 5 3
2 6 1
2 7 1
2 8 3
2 9 3
2 10 2
2 11 3
2 12 3
2 13 4
2 14 3
2 15 2
2 16 3
2 17 3
2 18 3
2 19 1
2 20 4
2 21 1
2 22 3
2 23 1
2 24 1
2 25 3
2 26 3
2 27 3
2 28 4
2 29 2
2 30 2
2 31 3
2 32 3
2 33 1
2 34 3
2 35 2
2 36 3
2 37 2
2 38 3
2 39 3
2 40 2
2 41 2
2 42 2
2 43 3
2 44 3
2 45 1
2 46 2
2 47 3
2 48 3
2 49 2
2 50 4
2 51 3
2 52 3
2 53 2
2 54 1
2 55 3
2 56 3
2 57 1
2 58 3
2 59 3
2 60 3
2 61 3
2 62 3
2 63 3
2 64 2
2 65 3
2 66 2
2 67 2
2 68 4
2 69 2
2 70 4
2 71 2
2 72 3
2 73 2
2 74 3
2 75 2
2 76 2
2 77 1
2 78 2
2 79 4
2 80 2
2 81 1
2 82 4
2 83 4
2 84 2
2 85 3
2 86 3
2 87 1
2 88 2
2 89 2
2 90 2
2 91 2
2 92 2
2 93 3
2 94 4
2 95 3
2 96 1
2 97 2
2 98 3
2 99 4
3 4 1
3 5 1
3 6 2
3 7 2
3 8 3
3 9 1
3 10 3
3 11 2
3 12 1
3 13 2
3 14 2
3 15 1
3 16 2
3 17 2
3 18 3
3 19 2
3 20 2
3 21 2
3 22 2
3 23 2
3 24 2
3 25 1
3 26 3
3 27 1
3 28 2
3 29 2
3 30 2
3 31 1
3 32 1
3 33 3
3 34 1
3 35 3
3 36 2
3 37 2
3 38 2
3 39 3
3 40 2
3 41 2
3 42 1
3 43 3
3 44 1
3 45 3
3 46 2
3 47 1
3 48 3
3 49 2
3 50 2
3 51 1
3 52 1
3 53 2
3 54 2
3 55 1
3 56 1
3 57 2
3 58 2
3 59 2
3 60 3
3 61 3
3 62 2
3 63 4
3 64 2
3 65 1
3 66 2
3 67 2
3 68 1
3 69 2
3 70 2
3 71 1
3 72 3
3 73 2
3 74 1
3 75 1
3 76 1
3 77 2
3 78 2
3 79 3
3 80 3
3 81 2
3 82 3
3 83 2
3 84 1
3 85 1
3 86 3
3 87 3
3 88 3
3 89 2
3 90 3
3 91 2
3 92 2
3 93 1
3 94 2
3 95 1
3 96 2
3 97 3
3 98 2
3 99 2
4 5 2
4 6 2
4 7 2
4 8 2
4 9 2
4 10 2
4 11 1
4 12 2
4 13 2
4 14 1
4 15 1
4 16 1
4 17 1
4 18 2
4 19 2
4 20 2
4 21 2
4 22 1
4 23 2
4 24 2
4 25 2
4 26 2
4 27 1
4 28 2
4 29 1
4 30 1
4 31 2
4 32 1
4 33 3
4 34 2
4 35 2
4 36 1
4 37 1
4 38 1
4 39 2
4 40 1
4 41 2
4 42 2
4 43 2
4 44 1
4 45 2
4 46 1
4 47 1
4 48 2
4 49 1
4 50 2
4 51 2
4 52 2
4 53 1
4 54 2
4 55 2
4 56 1
4 57 2
4 58 1
4 59 1
4 60 2
4 61 2
4 62 1
4 63 3
4 64 2
4 65 2
4 66 1
4 67 1
4 68 2
4 69 2
4 70 2
4 71 1
4 72 2
4 73 2
4 74 2
4 75 1
4 76 1
4 77 2
4 78 1
4 79 2
4 80 2
4 81 2
4 82 2
4 83 2
4 84 2
4 85 1
4 86 2
4 87 2
4 88 2
4 89 2
4 90 2
4 91 2
4 92 2
4 93 2
4 94 2
4 95 2
4 96 2
4 97 2
4 98 1
4 99 2
5 6 3
5 7 2
5 8 4
5 9 1
5 10 4
5 11 3
5 12 1
5 13 3
5 14 3
5 15 2
5 16 3
5 17 3
5 18 4
5 19 3
5 20 3
5 21 2
5 22 3
5 23 3
5 24 3
5 25 1
5 26 4
5 27 2
5 28 3
5 29 3
5 30 3
5 31 1
5 32 2
5 33 3
5 34 1
5 35 4
5 36 3
5 37 3
5 38 3
5 39 4
5 40 3
5 41 2
5 42 1
5 43 4
5 44 2
5 45 3
5 46 2
5 47 1
5 48 4
5 49 3
5 50 3
5 51 1
5 52 1
5 53 3
5 54 3
5 55 1
5 56 1
5 57 3
5 58 3
5 59 3
5 60 4
5 61 4
5 62 3
5 63 5
5 64 2
5 65 1
5 66 3
5 67 3
5 68 2
5 69 2
5 70 3
5 71 2
5 72 4
5 73 2
5 74 1
5 75 2
5 76 2
5 77 2
5 78 3
5 79 4
5 80 3
5 81 3
5 82 4
5 83 3
5 84 1
5 85 2
5 86 4
5 87 4
5 88 4
5 89 2
5 90 3
5 91 2
5 92 3
5 93 1
5 94 3
5 95 1
5 96 3
5 97 3
5 98 3
5 99 3
6 7 1
6 8 2
6 9 2
6 10 2
6 11 3
6 12 2
6 13 3
6 14 2
6 15 1
6 16 2
6 17 2
6 18 3
6 19 1
6 20 3
6 21 1
6 22 2
6 23 1
6 24 1
6 25 2
6 26 3
6 27 2
6 28 3
6 29 2
6 30 1
6 31 2
6 32 2
6 33 1
6 34 2
6 35 2
6 36 2
6 37 1
6 38 3
6 39 2
6 40 1
6 41 1
6 42 2
6 43 3
6 44 2
6 45 1
6 46 1
6 47 2
6 48 2
6 49 2
6 50 3
6 51 3
6 52 3
6 53 2
6 54 1
6 55 3
6 56 2
6 57 1
6 58 3
6 59 3
6 60 2
6 61 2
6 62 3
6 63 3
6 64 1
6 65 3
6 66 1
6 67 1
6 68 3
6 69 1
6 70 3
6 71 1
6 72 3
6 73 1
6 74 2
6 75 1
6 76 1
6 77 1
6 78 1
6 79 3
6 80 1
6 81 1
6 82 4
6 83 3
6 84 2
6 85 2
6 86 2
6 87 1
6 88 2
6 89 2
6 90 1
6 91 2
6 92 1
6 93 3
6 94 3
6 95 3
6 96 1
6 97 2
6 98 2
6 99 3
7 8 3
7 9 2
7 10 2
7 11 3
7 12 2
7 13 4
7 14 3
7 15 1
7 16 3
7 17 3
7 18 3
7 19 1
7 20 3
7 21 1
7 22 2
7 23 1
7 24 1
7 25 2
7 26 3
7 27 2
7 28 4
7 29 2
7 30 2
7 31 2
7 32 2
7 33 1
7 34 2
7 35 3
7 36 3
7 37 2
7 38 3
7 39 3
7 40 2
7 41 1
7 42 1
7 43 3
7 44 2
7 45 2
7 46 1
7 47 2
7 48 3
7 49 2
7 50 3
7 51 2
7 52 2
7 53 2
7 54 1
7 55 2
7 56 2
7 57 1
7 58 3
7 59 3
7 60 3
7 61 3
7 62 3
7 63 3
7 64 1
7 65 2
7 66 2
7 67 2
7 68 3
7 69 1
7 70 4
7 71 1
7 72 3
7 73 1
7 74 2
7 75 1
7 76 2
7 77 1
7 78 2
7 79 4
7 80 2
7 81 1
7 82 4
7 83 3
7 84 1
7 85 3
7 86 3
7 87 2
7 88 3
7 89 1
7 90 2
7 91 1
7 92 2
7 93 2
7 94 4
7 95 2
7 96 1
7 97 2
7 98 2
7 99 3
8 9 3
8 10 1
8 11 1
8 12 3
8 13 2
8 14 1
8 15 2
8 16 1
8 17 1
8 18 1
8 19 2
8 20 2
8 21 2
8 22 1
8 23 3
8 24 2
8 25 3
8 26 1
8 27 2
8 28 2
8 29 1
8 30 1
8 31 3
8 32 2
8 33 3
8 34 3
8 35 1
8 36 1
8 37 1
8 38 2
8 39 1
8 40 1
8 41 3
8 42 3
8 43 1
8 44 2
8 45 2
8 46 2
8 47 3
8 48 1
8 49 1
8 50 2
8 51 3
8 52 3
8 53 1
8 54 2
8 55 3
8 56 3
8 57 2
8 58 2
8 59 1
8 60 1
8 61 1
8 62 2
8 63 1
8 64 2
8 65 3
8 66 1
8 67 1
8 68 2
8 69 2
8 70 2
8 71 2
8 72 1
8 73 3
8 74 3
8 75 2
8 76 2
8 77 2
8 78 1
8 79 2
8 80 1
8 81 2
8 82 2
8 83 2
8 84 3
8 85 2
8 86 1
8 87 2
8 88 1
8 89 3
8 90 1
8 91 3
8 92 1
8 93 3
8 94 2
8 95 4
8 96 2
8 97 1
8 98 1
8 99 2
9 10 3
9 11 3
9 12 1
9 13 3
9 14 3
9 15 1
9 16 3
9 17 3
9 18 3
9 19 2
9 20 3
9 21 2
9 22 2
9 23 2
9 24 2
9 25 1
9 26 4
9 27 2
9 28 3
9 29 3
9 30 3
9 31 1
9 32 2
9 33 3
9 34 1
9 35 4
9 36 3
9 37 2
9 38 3
9 39 3
9 40 3
9 41 2
9 42 1
9 43 4
9 44 1
9 45 3
9 46 2
9 47 1
9 48 4
9 49 2
9 50 3
9 51 1
9 52 1
9 53 2
9 54 2
9 55 1
9 56 1
9 57 2
9 58 3
9 59 3
9 60 4
9 61 4
9 62 3
9 63 4
9 64 2
9 65 1
9 66 3
9 67 2
9 68 2
9 69 1
9 70 3
9 71 2
9 72 4
9 73 2
9 74 1
9 75 2
9 76 2
9 77 2
9 78 2
9 79 4
9 80 3
9 81 2
9 82 4
9 83 3
9 84 1
9 85 2
9 86 4
9 87 3
9 88 3
9 89 1
9 90 3
9 91 1
9 92 3
9 93 1
9 94 3
9 95 1
9 96 2
9 97 3
9 98 2
9 99 3
10 11 2
10 12 3
10 13 3
10 14 2
10 15 2
10 16 2
10 17 1
10 18 2
10 19 2
10 20 3
10 21 2
10 22 2
10 23 2
10 24 2
10 25 3
10 26 2
10 27 2
10 28 3
10 29 1
10 30 1
10 31 3
10 32 2
10 33 2
10 34 3
10 35 1
10 36 2
10 37 1
10 38 2
10 39 1
10 40 1
10 41 3
10 42 3
10 43 1
10 44 3
10 45 1
10 46 2
10 47 3
10 48 1
10 49 2
10 50 3
10 51 4
10 52 4
10 53 2
10 54 2
10 55 4
10 56 3
10 57 2
10 58 2
10 59 2
10 60 1
10 61 1
10 62 2
10 63 1
10 64 2
10 65 4
10 66 1
10 67 1
10 68 3
10 69 2
10 70 3
10 71 2
10 72 2
10 73 2
10 74 3
10 75 2
10 76 2
10 77 2
10 78 1
10 79 3
10 80 1
10 81 2
10 82 3
10 83 3
10 84 3
10 85 3
10 86 1
10 87 1
10 88 1
10 89 3
10 90 1
10 91 3
10 92 1
10 93 4
10 94 3
10 95 4
10 96 1
10 97 1
10 98 2
10 99 3
11 12 2
11 13 1
11 14 1
11 15 2
11 16 1
11 17 1
11 18 1
11 19 3
11 20 1
11 21 3
11 22 1
11 23 3
11 24 3
11 25 3
11 26 1
11 27 1
11 28 1
11 29 1
11 30 2
11 31 2
11 32 1
11 33 3
11 34 3
11 35 2
11 36 1
11 37 2
11 38 1
11 39 2
11 40 2
11 41 3
11 42 3
11 43 2
11 44 2
11 45 3
11 46 2
11 47 2
11 48 2
11 49 1
11 50 1
11 51 3
11 52 3
11 53 1
11 54 3
11 55 3
11 56 2
11 57 3
11 58 1
11 59 1
11 60 2
11 61 2
11 62 1
11 63 2
11 64 3
11 65 3
11 66 2
11 67 2
11 68 2
11 69 3
11 70 1
11 71 2
11 72 1
11 73 3
11 74 3
11 75 2
11 76 2
11 77 3
11 78 2
11 79 1
11 80 2
11 81 2
11 82 1
11 83 1
11 84 3
11 85 1
11 86 2
11 87 3
11 88 2
11 89 3
11 90 2
11 91 3
11 92 2
11 93 3
11 94 1
11 95 3
11 96 2
11 97 2
11 98 1
11 99 1
12 13 3
12 14 2
12 15 1
12 16 2
12 17 3
12 18 3
12 19 2
12 20 2
12 21 2
12 22 2
12 23 2
12 24 2
12 25 1
12 26 3
12 27 2
12 28 3
12 29 2
12 30 2
12 31 1
12 32 1
12 33 3
12 34 1
12 35 3
12 36 2
12 37 2
12 38 2
12 39 3
12 40 2
12 41 2
12 42 1
12 43 4
12 44 1
12 45 3
12 46 2
12 47 1
12 48 3
12 49 2
12 50 2
12 51 1
12 52 1
12 53 2
12 54 2
12 55 1
12 56 1
12 57 2
12 58 2
12 59 2
12 60 3
12 61 3
12 62 2
12 63 4
12 64 2
12 65 1
12 66 2
12 67 2
12 68 2
12 69 1
12 70 3
12 71 1
12 72 3
12 73 2
12 74 1
12 75 1
12 76 1
12 77 2
12 78 2
12 79 3
12 80 3
12 81 2
12 82 3
12 83 2
12 84 1
12 85 2
12 86 3
12 87 3
12 88 3
12 89 1
12 90 3
12 91 1
12 92 2
12 93 1
12 94 3
12 95 1
12 96 2
12 97 3
12 98 2
12 99 2
13 14 2
13 15 3
13 16 1
13 17 2
13 18 1
13 19 4
13 20 1
13 21 3
13 22 2
13 23 4
13 24 4
13 25 3
13 26 2
13 27 2
13 28 1
13 29 2
13 30 3
13 31 2
13 32 2
13 33 4
13 34 3
13 35 3
13 36 2
13 37 3
13 38 1
13 39 3
13 40 3
13 41 4
13 42 3
13 43 3
13 44 2
13 45 4
13 46 3
13 47 2
13 48 3
13 49 2
13 50 1
13 51 3
13 52 3
13 53 2
13 54 4
13 55 3
13 56 2
13 57 3
13 58 1
13 59 1
13 60 3
13 61 2
13 62 1
13 63 3
13 64 3
13 65 3
13 66 3
13 67 3
13 68 1
13 69 3
13 70 1
13 71 3
13 72 2
13 73 4
13 74 3
13 75 3
13 76 2
13 77 3
13 78 3
13 79 1
13 80 3
13 81 3
13 82 1
13 83 1
13 84 3
13 85 1
13 86 2
13 87 4
13 88 3
13 89 3
13 90 3
13 91 3
13 92 3
13 93 2
13 94 1
13 95 3
13 96 3
13 97 3
13 98 2
13 99 1
14 15 2
14 16 1
14 17 1
14 18 1
14 19 2
14 20 1
14 21 2
14 22 1
14 23 3
14 24 2
14 25 3
14 26 1
14 27 1
14 28 2
14 29 1
14 30 2
14 31 2
14 32 1
14 33 3
14 34 3
14 35 2
14 36 1
14 37 2
14 38 1
14 39 2
14 40 1
14 41 3
14 42 2
14 43 2
14 44 2
14 45 2
14 46 2
14 47 2
14 48 2
14 49 1
14 50 2
14 51 3
14 52 3
14 53 1
14 54 2
14 55 3
14 56 2
14 57 2
14 58 1
14 59 1
14 60 2
14 61 1
14 62 1
14 63 2
14 64 2
14 65 3
14 66 1
14 67 2
14 68 2
14 69 2
14 70 2
14 71 2
14 72 1
14 73 3
14 74 3
14 75 2
14 76 1
14 77 2
14 78 1
14 79 2
14 80 2
14 81 2
14 82 2
14 83 2
14 84 2
14 85 1
14 86 1
14 87 2
14 88 2
14 89 3
14 90 2
14 91 3
14 92 2
14 93 3
14 94 1
14 95 3
14 96 2
14 97 1
14 98 1
14 99 1
15 16 2
15 17 2
15 18 3
15 19 1
15 20 3
15 21 1
15 22 2
15 23 1
15 24 1
15 25 1
15 26 3
15 27 2
15 28 3
15 29 2
15 30 2
15 31 2
15 32 2
15 33 2
15 34 1
15 35 3
15 36 2
15 37 1
15 38 2
15 39 2
15 40 2
15 41 1
15 42 1
15 43 3
15 44 1
15 45 2
15 46 1
15 47 1
15 48 3
15 49 2
15 50 3
15 51 2
15 52 2
15 53 1
15 54 1
15 55 2
15 56 1
15 57 1
15 58 2
15 59 2
15 60 3
15 61 3
15 62 2
15 63 3
15 64 1
15 65 2
15 66 2
15 67 1
15 68 2
15 69 1
15 70 3
15 71 1
15 72 3
15 73 1
15 74 1
15 75 1
15 76 1
15 77 1
15 78 1
15 79 3
15 80 2
15 81 1
15 82 3
15 83 3
15 84 1
15 85 2
15 86 3
15 87 2
15 88 2
15 89 1
15 90 2
15 91 1
15 92 2
15 93 2
15 94 3
15 95 2
15 96 1
15 97 2
15 98 2
15 99 3
16 17 1
16 18 1
16 19 3
16 20 1
16 21 2
16 22 1
16 23 3
16 24 3
16 25 3
16 26 1
16 27 1
16 28 1
16 29 1
16 30 2
16 31 2
16 32 1
16 33 3
16 34 3
16 35 2
16 36 1
16 37 2
16 38 1
16 39 2
16 40 2
16 41 3
16 42 2
16 43 2
16 44 2
16 45 3
16 46 2
16 47 2
16 48 2
16 49 1
16 50 1
16 51 3
16 52 3
16 53 1
16 54 3
16 55 3
16 56 2
16 57 2
16 58 1
16 59 1
16 60 2
16 61 2
16 62 1
16 63 2
16 64 2
16 65 3
16 66 2
16 67 2
16 68 1
16 69 2
16 70 1
16 71 2
16 72 1
16 73 3
16 74 3
16 75 2
16 76 1
16 77 2
16 78 2
16 79 1
16 80 2
16 81 2
16 82 2
16 83 1
16 84 2
16 85 1
16 86 2
16 87 3
16 88 2
16 89 3
16 90 2
16 91 3
16 92 2
16 93 2
16 94 1
16 95 3
16 96 2
16 97 2
16 98 1
16 99 1
17 18 1
17 19 2
17 20 2
17 21 2
17 22 1
17 23 3
17 24 2
17 25 3
17 26 1
17 27 2
17 28 2
17 29 1
17 30 2
17 31 3
17 32 2
17 33 3
17 34 3
17 35 1
17 36 1
17 37 1
17 38 2
17 39 1
17 40 1
17 41 3
17 42 3
17 43 1
17 44 2
17 45 2
17 46 2
17 47 2
17 48 1
17 49 1
17 50 2
17 51 3
17 52 3
17 53 1
17 54 2
17 55 3
17 56 2
17 57 2
17 58 1
17 59 1
17 60 1
17 61 1
17 62 1
17 63 2
17 64 2
17 65 3
17 66 1
17 67 1
17 68 2
17 69 3
17 70 2
17 71 2
17 72 1
17 73 3
17 74 3
17 75 2
17 76 2
17 77 3
17 78 2
17 79 2
17 80 1
17 81 2
17 82 2
17 83 2
17 84 3
17 85 2
17 86 1
17 87 2
17 88 2
17 89 3
17 90 1
17 91 3
17 92 2
17 93 3
17 94 2
17 95 3
17 96 2
17 97 1
17 98 1
17 99 2
18 19 3
18 20 2
18 21 3
18 22 1
18 23 3
18 24 3
18 25 3
18 26 1
18 27 2
18 28 2
18 29 1
18 30 2
18 31 3
18 32 2
18 33 3
18 34 3
18 35 2
18 36 1
18 37 2
18 38 1
18 39 2
18 40 2
18 41 3
18 42 3
18 43 2
18 44 2
18 45 3
18 46 2
18 47 3
18 48 2
18 49 1
18 50 2
18 51 3
18 52 3
18 53 2
18 54 3
18 55 3
18 56 3
18 57 3
18 58 1
18 59 1
18 60 2
18 61 1
18 62 1
18 63 2
18 64 3
18 65 3
18 66 2
18 67 2
18 68 2
18 69 3
18 70 1
18 71 2
18 72 1
18 73 3
18 74 3
18 75 2
18 76 2
18 77 3
18 78 2
18 79 1
18 80 2
18 81 3
18 82 2
18 83 2
18 84 3
18 85 2
18 86 1
18 87 3
18 88 2
18 89 3
18 90 2
18 91 3
18 92 2
18 93 3
18 94 1
18 95 4
18 96 2
18 97 2
18 98 1
18 99 1
19 20 3
19 21 1
19 22 2
19 23 1
19 24 1
19 25 2
19 26 3
19 27 2
19 28 4
19 29 2
19 30 1
19 31 3
19 32 2
19 33 1
19 34 2
19 35 2
19 36 2
19 37 1
19 38 3
19 39 2
19 40 2
19 41 1
19 42 2
19 43 3
19 44 2
19 45 1
19 46 1
19 47 2
19 48 3
19 49 2
19 50 3
19 51 2
19 52 2
19 53 2
19 54 1
19 55 2
19 56 2
19 57 1
19 58 3
19 59 3
19 60 3
19 61 3
19 62 3
19 63 3
19 64 1
19 65 3
19 66 2
19 67 2
19 68 3
19 69 1
19 70 4
19 71 1
19 72 3
19 73 1
19 74 2
19 75 1
19 76 2
19 77 1
19 78 1
19 79 4
19 80 2
19 81 1
19 82 4
19 83 3
19 84 2
19 85 3
19 86 3
19 87 2
19 88 2
19 89 1
19 90 2
19 91 1
19 92 2
19 93 3
19 94 3
19 95 3
19 96 1
19 97 2
19 98 2
19 99 3
20 21 3
20 22 1
20 23 3
20 24 3
20 25 3
20 26 2
20 27 1
20 28 1
20 29 2
20 30 2
20 31 2
20 32 1
20 33 4
20 34 3
20 35 3
20 36 2
20 37 2
20 38 1
20 39 3
20 40 2
20 41 3
20 42 3
20 43 3
20 44 2
20 45 3
20 46 2
20 47 2
20 48 3
20 49 2
20 50 1
20 51 3
20 52 3
20 53 2
20 54 3
20 55 3
20 56 2
20 57 3
20 58 1
20 59 1
20 60 3
20 61 2
20 62 1
20 63 3
20 64 3
20 65 3
20 66 2
20 67 2
20 68 1
20 69 3
20 70 1
20 71 2
20 72 2
20 73 3
20 74 3
20 75 2
20 76 2
20 77 3
20 78 2
20 79 1
20 80 3
20 81 3
20 82 1
20 83 1
20 84 3
20 85 1
20 86 2
20 87 3
20 88 3
20 89 3
20 90 3
20 91 3
20 92 3
20 93 2
20 94 1
20 95 3
20 96 3
20 97 2
20 98 2
20 99 1
21 22 2
21 23 1
21 24 1
21 25 2
21 26 3
21 27 2
21 28 3
21 29 2
21 30 1
21 31 2
21 32 2
21 33 1
21 34 2
21 35 2
21 36 2
21 37 1
21 38 3
21 39 2
21 40 2
21 41 1
21 42 1
21 43 3
21 44 2
21 45 2
21 46 1
21 47 2
21 48 3
21 49 2
21 50 3
21 51 2
21 52 2
21 53 2
21 54 1
21 55 2
21 56 2
21 57 1
21 58 3
21 59 3
21 60 3
21 61 3
21 62 3
21 63 3
21 64 1
21 65 2
21 66 2
21 67 2
21 68 3
21 69 1
21 70 3
21 71 1
21 72 3
21 73 1
21 74 2
21 75 1
21 76 1
21 77 1
21 78 1
21 79 3
21 80 2
21 81 1
21 82 4
21 83 3
21 84 1
21 85 2
21 86 3
21 87 2
21 88 2
21 89 1
21 90 2
21 91 1
21 92 2
21 93 2
21 94 3
21 95 2
21 96 1
21 97 2
21 98 2
21 99 3
22 23 2
22 24 2
22 25 2
22 26 2
22 27 1
22 28 2
22 29 1
22 30 1
22 31 2
22 32 1
22 33 3
22 34 2
22 35 2
22 36 1
22 37 1
22 38 1
22 39 2
22 40 1
22 41 2
22 42 2
22 43 2
22 44 1
22 45 2
22 46 1
22 47 2
22 48 2
22 49 1
22 50 2
22 51 2
22 52 2
22 53 1
22 54 2
22 55 2
22 56 2
22 57 2
22 58 1
22 59 1
22 60 2
22 61 2
22 62 1
22 63 2
22 64 2
22 65 2
22 66 1
22 67 1
22 68 2
22 69 2
22 70 2
22 71 1
22 72 2
22 73 2
22 74 2
22 75 1
22 76 1
22 77 2
22 78 1
22 79 2
22 80 2
22 81 2
22 82 2
22 83 2
22 84 2
22 85 1
22 86 2
22 87 2
22 88 2
22 89 2
22 90 2
22 91 2
22 92 2
22 93 2
22 94 2
22 95 3
22 96 2
22 97 1
22 98 1
22 99 1
23 24 1
23 25 2
23 26 3
23 27 2
23 28 4
23 29 2
23 30 2
23 31 3
23 32 2
23 33 1
23 34 2
23 35 3
23 36 3
23 37 2
23 38 3
23 39 3
23 40 2
23 41 1
23 42 2
23 43 3
23 44 2
23 45 2
23 46 1
23 47 2
23 48 3
23 49 2
23 50 3
23 51 2
23 52 2
23 53 2
23 54 1
23 55 2
23 56 2
23 57 1
23 58 3
23 59 3
23 60 3
23 61 3
23 62 3
23 63 3
23 64 1
23 65 3
23 66 2
23 67 2
23 68 3
23 69 1
23 70 4
23 71 1
23 72 3
23 73 1
23 74 2
23 75 1
23 76 2
23 77 1
23 78 2
23 79 4
23 80 2
23 81 1
23 82 4
23 83 3
23 84 2
23 85 3
23 86 3
23 87 2
23 88 3
23 89 1
23 90 2
23 91 1
23 92 2
23 93 3
23 94 4
23 95 3
23 96 1
23 97 2
23 98 2
23 99 3
24 25 2
24 26 3
24 27 2
24 28 4
24 29 2
24 30 1
24 31 3
24 32 2
24 33 1
24 34 2
24 35 2
24 36 2
24 37 1
24 38 3
24 39 2
24 40 2
24 41 1
24 42 2
24 43 3
24 44 2
24 45 1
24 46 1
24 47 2
24 48 3
24 49 2
24 50 3
24 51 2
24 52 2
24 53 2
24 54 1
24 55 2
24 56 2
24 57 1
24 58 3
24 59 3
24 60 3
24 61 3
24 62 3
24 63 3
24 64 1
24 65 3
24 66 2
24 67 1
24 68 3
24 69 1
24 70 4
24 71 1
24 72 3
24 73 1
24 74 2
24 75 1
24 76 2
24 77 1
24 78 1
24 79 4
24 80 2
24 81 1
24 82 4
24 83 3
24 84 2
24 85 3
24 86 3
24 87 2
24 88 2
24 89 1
24 90 2
24 91 1
24 92 1
24 93 3
24 94 3
24 95 3
24 96 1
24 97 2
24 98 2
24 99 3
25 26 4
25 27 2
25 28 3
25 29 3
25 30 3
25 31 1
25 32 2
25 33 3
25 34 1
25 35 4
25 36 3
25 37 2
25 38 3
25 39 3
25 40 3
25 41 2
25 42 1
25 43 4
25 44 1
25 45 3
25 46 2
25 47 1
25 48 4
25 49 2
25 50 3
25 51 1
25 52 1
25 53 2
25 54 2
25 55 1
25 56 1
25 57 2
25 58 3
25 59 3
25 60 4
25 61 4
25 62 3
25 63 4
25 64 2
25 65 1
25 66 3
25 67 2
25 68 2
25 69 1
25 70 3
25 71 2
25 72 4
25 73 2
25 74 1
25 75 2
25 76 2
25 77 2
25 78 2
25 79 4
25 80 3
25 81 2
25 82 4
25 83 3
25 84 1
25 85 2
25 86 4
25 87 3
25 88 3
25 89 1
25 90 3
25 91 1
25 92 3
25 93 1
25 94 3
25 95 1
25 96 2
25 97 3
25 98 2
25 99 3
26 27 2
26 28 2
26 29 1
26 30 2
26 31 3
26 32 2
26 33 3
26 34 4
26 35 2
26 36 1
26 37 2
26 38 2
26 39 1
26 40 2
26 41 4
26 42 3
26 43 1
26 44 3
26 45 3
26 46 2
26 47 3
26 48 1
26 49 2
26 50 2
26 51 4
26 52 4
26 53 2
26 54 3
26 55 4
26 56 3
26 57 3
26 58 1
26 59 1
26 60 1
26 61 1
26 62 1
26 63 2
26 64 3
26 65 4
26 66 2
26 67 2
26 68 2
26 69 3
26 70 2
26 71 2
26 72 1
26 73 3
26 74 4
26 75 3
26 76 2
26 77 3
26 78 2
26 79 2
26 80 2
26 81 3
26 82 2
26 83 2
26 84 3
26 85 2
26 86 1
26 87 3
26 88 2
26 89 3
26 90 2
26 91 3
26 92 2
26 93 3
26 94 2
26 95 4
26 96 2
26 97 2
26 98 2
26 99 2
27 28 2
27 29 1
27 30 2
27 31 2
27 32 1
27 33 3
27 34 2
27 35 2
27 36 1
27 37 2
27 38 1
27 39 2
27 40 2
27 41 2
27 42 2
27 43 3
27 44 1
27 45 2
27 46 1
27 47 1
27 48 3
27 49 1
27 50 1
27 51 2
27 52 2
27 53 1
27 54 2
27 55 2
27 56 1
27 57 2
27 58 1
27 59 1
27 60 3
27 61 2
27 62 1
27 63 3
27 64 2
27 65 2
27 66 1
27 67 2
27 68 1
27 69 2
27 70 2
27 71 1
27 72 2
27 73 2
27 74 2
27 75 1
27 76 1
27 77 2
27 78 1
27 79 2
27 80 2
27 81 2
27 82 2
27 83 1
27 84 2
27 85 1
27 86 2
27 87 2
27 88 2
27 89 2
27 90 2
27 91 2
27 92 2
27 93 2
27 94 2
27 95 2
27 96 2
27 97 2
27 98 1
27 99 1
28 29 2
28 30 3
28 31 2
28 32 2
28 33 4
28 34 3
28 35 3
28 36 2
28 37 3
28 38 1
28 39 3
28 40 3
28 41 4
28 42 3
28 43 3
28 44 2
28 45 4
28 46 3
28 47 2
28 48 3
28 49 2
28 50 1
28 51 3
28 52 3
28 53 2
28 54 4
28 55 3
28 56 2
28 57 3
28 58 1
28 59 2
28 60 3
28 61 3
28 62 1
28 63 3
28 64 3
28 65 3
28 66 3
28 67 3
28 68 1
28 69 3
28 70 1
28 71 3
28 72 2
28 73 4
28 74 3
28 75 3
28 76 2
28 77 3
28 78 3
28 79 1
28 80 3
28 81 3
28 82 1
28 83 1
28 84 3
28 85 1
28 86 3
28 87 4
28 88 3
28 89 3
28 90 3
28 91 3
28 92 3
28 93 2
28 94 1
28 95 3
28 96 3
28 97 3
28 98 2
28 99 1
29 30 1
29 31 2
29 32 1
29 33 2
29 34 3
29 35 2
29 36 1
29 37 1
29 38 1
29 39 1
29 40 1
29 41 3
29 42 2
29 43 2
29 44 2
29 45 2
29 46 1
29 47 2
29 48 2
29 49 1
29 50 2
29 51 3
29 52 3
29 53 1
29 54 2
29 55 3
29 56 2
29 57 2
29 58 1
29 59 1
29 60 2
29 61 1
29 62 1
29 63 2
29 64 2
29 65 3
29 66 1
29 67 1
29 68 2
29 69 2
29 70 2
29 71 1
29 72 1
29 73 2
29 74 3
29 75 2
29 76 1
29 77 2
29 78 1
29 79 2
29 80 1
29 81 2
29 82 2
29 83 2
29 84 2
29 85 2
29 86 1
29 87 2
29 88 2
29 89 2
29 90 1
29 91 2
29 92 1
29 93 3
29 94 2
29 95 3
29 96 1
29 97 1
29 98 1
29 99 2
30 31 2
30 32 2
30 33 2
30 34 3
30 35 1
30 36 2
30 37 1
30 38 2
30 39 1
30 40 1
30 41 2
30 42 2
30 43 2
30 44 2
30 45 1
30 46 1
30 47 2
30 48 2
30 49 1
30 50 3
30 51 3
30 52 3
30 53 1
30 54 1
30 55 3
30 56 2
30 57 1
30 58 2
30 59 2
30 60 2
30 61 2
30 62 2
30 63 2
30 64 2
30 65 3
30 66 1
30 67 1
30 68 3
30 69 2
30 70 3
30 71 1
30 72 2
30 73 2
30 74 2
30 75 1
30 76 1
30 77 2
30 78 1
30 79 3
30 80 1
30 81 1
30 82 3
30 83 3
30 84 2
30 85 2
30 86 2
30 87 1
30 88 1
30 89 2
30 90 1
30 91 2
30 92 1
30 93 3
30 94 3
30 95 3
30 96 1
30 97 1
30 98 1
30 99 2
31 32 1
31 33 3
31 34 1
31 35 3
31 36 2
31 37 2
31 38 2
31 39 3
31 40 2
31 41 2
31 42 1
31 43 4
31 44 1
31 45 3
31 46 2
31 47 1
31 48 3
31 49 2
31 50 2
31 51 1
31 52 1
31 53 2
31 54 3
31 55 1
31 56 1
31 57 2
31 58 2
31 59 2
31 60 3
31 61 3
31 62 2
31 63 4
31 64 2
31 65 1
31 66 2
31 67 2
31 68 1
31 69 2
31 70 2
31 71 2
31 72 3
31 73 2
31 74 1
31 75 2
31 76 1
31 77 2
31 78 2
31 79 3
31 80 3
31 81 2
31 82 3
31 83 2
31 84 1
31 85 1
31 86 3
31 87 3
31 88 3
31 89 2
31 90 3
31 91 2
31 92 3
31 93 1
31 94 2
31 95 1
31 96 2
31 97 3
31 98 2
31 99 2
32 33 3
32 34 2
32 35 3
32 36 1
32 37 2
32 38 1
32 39 2
32 40 2
32 41 2
32 42 2
32 43 3
32 44 1
32 45 2
32 46 2
32 47 1
32 48 3
32 49 1
32 50 1
32 51 2
32 52 2
32 53 1
32 54 2
32 55 2
32 56 1
32 57 2
32 58 1
32 59 1
32 60 3
32 61 2
32 62 1
32 63 3
32 64 2
32 65 2
32 66 2
32 67 2
32 68 1
32 69 2
32 70 2
32 71 1
32 72 2
32 73 2
32 74 2
32 75 1
32 76 1
32 77 2
32 78 1
32 79 2
32 80 2
32 81 2
32 82 2
32 83 1
32 84 2
32 85 1
32 86 2
32 87 2
32 88 3
32 89 2
32 90 2
32 91 2
32 92 2
32 93 2
32 94 2
32 95 2
32 96 2
32 97 2
32 98 1
32 99 1
33 34 3
33 35 3
33 36 3
33 37 2
33 38 3
33 39 3
33 40 2
33 41 1
33 42 2
33 43 3
33 44 2
33 45 1
33 46 2
33 47 3
33 48 3
33 49 2
33 50 4
33 51 3
33 52 3
33 53 2
33 54 1
33 55 3
33 56 3
33 57 1
33 58 3
33 59 3
33 60 3
33 61 3
33 62 3
33 63 3
33 64 1
33 65 3
33 66 2
33 67 2
33 68 4
33 69 2
33 70 4
33 71 2
33 72 3
33 73 1
33 74 2
33 75 2
33 76 2
33 77 1
33 78 2
33 79 4
33 80 2
33 81 1
33 82 4
33 83 4
33 84 2
33 85 3
33 86 3
33 87 2
33 88 2
33 89 2
33 90 2
33 91 2
33 92 2
33 93 3
33 94 4
33 95 3
33 96 1
33 97 2
33 98 3
33 99 4
34 35 4
34 36 3
34 37 2
34 38 3
34 39 3
34 40 3
34 41 2
34 42 1
34 43 4
34 44 1
34 45 3
34 46 2
34 47 1
34 48 4
34 49 2
34 50 3
34 51 1
34 52 1
34 53 2
34 54 2
34 55 1
34 56 1
34 57 2
34 58 3
34 59 3
34 60 4
34 61 4
34 62 3
34 63 4
34 64 2
34 65 1
34 66 3
34 67 2
34 68 2
34 69 1
34 70 3
34 71 2
34 72 4
34 73 2
34 74 1
34 75 2
34 76 2
34 77 2
34 78 2
34 79 4
34 80 3
34 81 2
34 82 4
34 83 3
34 84 1
34 85 2
34 86 4
34 87 3
34 88 3
34 89 1
34 90 3
34 91 1
34 92 3
34 93 1
34 94 3
34 95 1
34 96 2
34 97 3
34 98 2
34 99 3
35 36 2
35 37 2
35 38 3
35 39 1
35 40 1
35 41 3
35 42 3
35 43 1
35 44 3
35 45 2
35 46 2
35 47 3
35 48 1
35 49 2
35 50 3
35 51 4
35 52 4
35 53 2
35 54 2
35 55 4
35 56 3
35 57 2
35 58 2
35 59 2
35 60 1
35 61 1
35 62 2
35 63 1
35 64 3
35 65 4
35 66 1
35 67 2
35 68 3
35 69 3
35 70 3
35 71 2
35 72 2
35 73 3
35 74 3
35 75 2
35 76 2
35 77 3
35 78 2
35 79 3
35 80 1
35 81 2
35 82 3
35 83 3
35 84 3
35 85 3
35 86 1
35 87 1
35 88 1
35 89 3
35 90 1
35 91 3
35 92 1
35 93 4
35 94 3
35 95 4
35 96 2
35 97 1
35 98 2
35 99 3
36 37 1
36 38 1
36 39 1
36 40 1
36 41 3
36 42 2
36 43 2
36 44 2
36 45 2
36 46 2
36 47 2
36 48 2
36 49 1
36 50 2
36 51 3
36 52 3
36 53 1
36 54 2
36 55 3
36 56 2
36 57 2
36 58 1
36 59 1
36 60 2
36 61 1
36 62 1
36 63 2
36 64 2
36 65 3
36 66 1
36 67 1
36 68 2
36 69 2
36 70 2
36 71 2
36 72 1
36 73 3
36 74 3
36 75 2
36 76 1
36 77 2
36 78 1
36 79 2
36 80 2
36 81 2
36 82 2
36 83 2
36 84 2
36 85 2
36 86 1
36 87 2
36 88 2
36 89 3
36 90 2
36 91 3
36 92 2
36 93 3
36 94 2
36 95 3
36 96 2
36 97 1
36 98 1
36 99 1
37 38 2
37 39 2
37 40 1
37 41 2
37 42 2
37 43 2
37 44 2
37 45 1
37 46 1
37 47 2
37 48 2
37 49 1
37 50 3
37 51 3
37 52 3
37 53 1
37 54 1
37 55 3
37 56 2
37 57 1
37 58 2
37 59 2
37 60 2
37 61 2
37 62 2
37 63 2
37 64 1
37 65 3
37 66 1
37 67 1
37 68 3
37 69 2
37 70 3
37 71 1
37 72 2
37 73 2
37 74 2
37 75 1
37 76 1
37 77 2
37 78 1
37 79 3
37 80 1
37 81 1
37 82 3
37 83 3
37 84 2
37 85 2
37 86 2
37 87 1
37 88 1
37 89 2
37 90 1
37 91 2
37 92 1
37 93 3
37 94 3
37 95 3
37 96 1
37 97 1
37 98 1
37 99 2
38 39 2
38 40 2
38 41 3
38 42 3
38 43 3
38 44 2
38 45 3
38 46 2
38 47 2
38 48 3
38 49 1
38 50 1
38 51 3
38 52 3
38 53 2
38 54 3
38 55 3
38 56 2
38 57 3
38 58 1
38 59 1
38 60 3
38 61 2
38 62 1
38 63 3
38 64 3
38 65 3
38 66 2
38 67 2
38 68 1
38 69 3
38 70 1
38 71 2
38 72 2
38 73 3
38 74 3
38 75 2
38 76 2
38 77 3
38 78 2
38 79 1
38 80 2
38 81 3
38 82 1
38 83 1
38 84 3
38 85 1
38 86 2
38 87 3
38 88 3
38 89 3
38 90 2
38 91 3
38 92 2
38 93 2
38 94 1
38 95 3
38 96 2
38 97 2
38 98 1
38 99 1
39 40 1
39 41 3
39 42 3
39 43 1
39 44 3
39 45 2
39 46 2
39 47 3
39 48 1
39 49 2
39 50 3
39 51 4
39 52 4
39 53 2
39 54 2
39 55 4
39 56 3
39 57 2
39 58 2
39 59 2
39 60 1
39 61 1
39 62 2
39 63 1
39 64 3
39 65 4
39 66 1
39 67 1
39 68 3
39 69 3
39 70 3
39 71 2
39 72 1
39 73 3
39 74 3
39 75 2
39 76 2
39 77 3
39 78 2
39 79 3
39 80 1
39 81 2
39 82 3
39 83 3
39 84 3
39 85 3
39 86 1
39 87 2
39 88 1
39 89 3
39 90 1
39 91 3
39 92 1
39 93 4
39 94 3
39 95 4
39 96 2
39 97 1
39 98 2
39 99 2
40 41 2
40 42 2
40 43 2
40 44 2
40 45 1
40 46 1
40 47 2
40 48 1
40 49 1
40 50 3
40 51 3
40 52 3
40 53 1
40 54 1
40 55 3
40 56 2
40 57 1
40 58 2
40 59 2
40 60 1
40 61 1
40 62 2
40 63 2
40 64 2
40 65 3
40 66 1
40 67 1
40 68 3
40 69 2
40 70 3
40 71 1
40 72 2
40 73 2
40 74 3
40 75 2
40 76 1
40 77 2
40 78 1
40 79 3
40 80 1
40 81 1
40 82 3
40 83 3
40 84 2
40 85 2
40 86 1
40 87 1
40 88 1
40 89 2
40 90 1
40 91 2
40 92 1
40 93 3
40 94 2
40 95 3
40 96 1
40 97 1
40 98 1
40 99 2
41 42 1
41 43 3
41 44 2
41 45 2
41 46 2
41 47 2
41 48 3
41 49 2
41 50 3
41 51 2
41 52 2
41 53 2
41 54 1
41 55 2
41 56 2
41 57 1
41 58 3
41 59 3
41 60 3
41 61 3
41 62 3
41 63 4
41 64 1
41 65 2
41 66 2
41 67 2
41 68 3
41 69 1
41 70 4
41 71 2
41 72 4
41 73 1
41 74 2
41 75 1
41 76 2
41 77 1
41 78 2
41 79 4
41 80 2
41 81 1
41 82 4
41 83 3
41 84 1
41 85 3
41 86 3
41 87 2
41 88 3
41 89 1
41 90 2
41 91 1
41 92 2
41 93 2
41 94 4
41 95 2
41 96 2
41 97 2
41 98 2
41 99 3
42 43 3
42 44 1
42 45 2
42 46 1
42 47 1
42 48 3
42 49 2
42 50 3
42 51 1
42 52 1
42 53 2
42 54 2
42 55 1
42 56 1
42 57 2
42 58 3
42 59 3
42 60 3
42 61 3
42 62 3
42 63 4
42 64 1
42 65 1
42 66 2
42 67 2
42 68 2
42 69 1
42 70 3
42 71 1
42 72 3
42 73 1
42 74 1
42 75 1
42 76 1
42 77 1
42 78 2
42 79 3
42 80 2
42 81 2
42 82 4
42 83 3
42 84 1
42 85 2
42 86 3
42 87 3
42 88 3
42 89 1
42 90 2
42 91 1
42 92 2
42 93 1
42 94 3
42 95 1
42 96 2
42 97 2
42 98 2
42 99 3
43 44 3
43 45 2
43 46 2
43 47 3
43 48 1
43 49 2
43 50 3
43 51 4
43 52 4
43 53 2
43 54 3
43 55 4
43 56 3
43 57 2
43 58 2
43 59 2
43 60 1
43 61 1
43 62 2
43 63 1
43 64 3
43 65 4
43 66 2
43 67 2
43 68 3
43 69 3
43 70 3
43 71 3
43 72 1
43 73 3
43 74 4
43 75 3
43 76 3
43 77 3
43 78 2
43 79 3
43 80 2
43 81 2
43 82 3
43 83 3
43 84 3
43 85 3
43 86 1
43 87 2
43 88 1
43 89 4
43 90 2
43 91 4
43 92 2
43 93 4
43 94 3
43 95 4
43 96 2
43 97 1
43 98 2
43 99 3
44 45 2
44 46 1
44 47 1
44 48 3
44 49 1
44 50 2
44 51 1
44 52 1
44 53 2
44 54 2
44 55 1
44 56 1
44 57 2
44 58 2
44 59 2
44 60 3
44 61 3
44 62 2
44 63 3
44 64 1
44 65 1
44 66 2
44 67 2
44 68 2
44 69 1
44 70 2
44 71 1
44 72 3
44 73 2
44 74 1
44 75 1
44 76 1
44 77 2
44 78 2
44 79 3
44 80 2
44 81 2
44 82 3
44 83 2
44 84 1
44 85 1
44 86 3
44 87 3
44 88 3
44 89 1
44 90 2
44 91 1
44 92 2
44 93 1
44 94 2
44 95 2
44 96 2
44 97 2
44 98 1
44 99 2
45 46 1
45 47 3
45 48 2
45 49 2
45 50 3
45 51 3
45 52 3
45 53 2
45 54 1
45 55 3
45 56 3
45 57 1
45 58 3
45 59 3
45 60 2
45 61 2
45 62 3
45 63 2
45 64 2
45 65 3
45 66 1
45 67 1
45 68 3
45 69 2
45 70 4
45 71 2
45 72 3
45 73 2
45 74 3
45 75 2
45 76 2
45 77 2
45 78 1
45 79 4
45 80 1
45 81 1
45 82 4
45 83 3
45 84 2
45 85 3
45 86 2
45 87 1
45 88 1
45 89 2
45 90 1
45 91 2
45 92 1
45 93 3
45 94 3
45 95 3
45 96 1
45 97 1
45 98 2
45 99 3
46 47 2
46 48 2
46 49 1
46 50 2
46 51 2
46 52 2
46 53 1
46 54 1
46 55 2
46 56 2
46 57 1
46 58 2
46 59 2
46 60 2
46 61 2
46 62 2
46 63 3
46 64 1
46 65 2
46 66 1
46 67 1
46 68 2
46 69 1
46 70 3
46 71 1
46 72 2
46 73 1
46 74 2
46 75 1
46 76 1
46 77 1
46 78 1
46 79 3
46 80 1
46 81 1
46 82 3
46 83 2
46 84 1
46 85 2
46 86 2
46 87 2
46 88 2
46 89 2
46 90 1
46 91 2
46 92 1
46 93 2
46 94 3
46 95 2
46 96 1
46 97 1
46 98 1
46 99 2
47 48 3
47 49 2
47 50 2
47 51 1
47 52 1
47 53 2
47 54 2
47 55 1
47 56 1
47 57 2
47 58 2
47 59 2
47 60 3
47 61 3
47 62 2
47 63 4
47 64 2
47 65 1
47 66 2
47 67 2
47 68 1
47 69 1
47 70 2
47 71 1
47 72 3
47 73 2
47 74 1
47 75 1
47 76 1
47 77 2
47 78 2
47 79 3
47 80 3
47 81 2
47 82 3
47 83 2
47 84 1
47 85 1
47 86 3
47 87 3
47 88 3
47 89 1
47 90 3
47 91 2
47 92 2
47 93 1
47 94 2
47 95 1
47 96 2
47 97 3
47 98 2
47 99 2
48 49 2
48 50 3
48 51 4
48 52 4
48 53 2
48 54 2
48 55 4
48 56 3
48 57 2
48 58 2
48 59 2
48 60 1
48 61 1
48 62 2
48 63 1
48 64 3
48 65 4
48 66 2
48 67 2
48 68 3
48 69 3
48 70 3
48 71 2
48 72 1
48 73 3
48 74 4
48 75 3
48 76 2
48 77 3
48 78 2
48 79 3
48 80 1
48 81 2
48 82 3
48 83 3
48 84 3
48 85 3
48 86 1
48 87 2
48 88 1
48 89 3
48 90 2
48 91 3
48 92 2
48 93 4
48 94 3
48 95 4
48 96 2
48 97 1
48 98 2
48 99 3
49 50 2
49 51 2
49 52 2
49 53 1
49 54 2
49 55 2
49 56 2
49 57 2
49 58 1
49 59 1
49 60 2
49 61 2
49 62 1
49 63 2
49 64 2
49 65 2
49 66 1
49 67 1
49 68 2
49 69 2
49 70 2
49 71 1
49 72 2
49 73 2
49 74 2
49 75 1
49 76 1
49 77 2
49 78 1
49 79 2
49 80 1
49 81 2
49 82 2
49 83 2
49 84 2
49 85 1
49 86 2
49 87 2
49 88 2
49 89 2
49 90 1
49 91 2
49 92 2
49 93 2
49 94 2
49 95 3
49 96 1
49 97 1
49 98 1
49 99 2
50 51 3
50 52 3
50 53 2
50 54 3
50 55 3
50 56 2
50 57 3
50 58 1
50 59 2
50 60 3
50 61 3
50 62 1
50 63 3
50 64 3
50 65 3
50 66 2
50 67 3
50 68 1
50 69 3
50 70 1
50 71 2
50 72 2
50 73 3
50 74 3
50 75 2
50 76 2
50 77 3
50 78 2
50 79 1
50 80 3
50 81 3
50 82 1
50 83 1
50 84 3
50 85 1
50 86 3
50 87 3
50 88 3
50 89 3
50 90 3
50 91 3
50 92 3
50 93 2
50 94 1
50 95 3
50 96 3
50 97 3
50 98 2
50 99 1
51 52 1
51 53 3
51 54 3
51 55 1
51 56 1
51 57 3
51 58 3
51 59 3
51 60 4
51 61 4
51 62 3
51 63 4
51 64 2
51 65 1
51 66 3
51 67 3
51 68 2
51 69 2
51 70 3
51 71 2
51 72 4
51 73 2
51 74 1
51 75 2
51 76 2
51 77 2
51 78 3
51 79 4
51 80 3
51 81 3
51 82 4
51 83 3
51 84 1
51 85 2
51 86 4
51 87 4
51 88 4
51 89 1
51 90 3
51 91 1
51 92 3
51 93 1
51 94 3
51 95 1
51 96 3
51 97 3
51 98 2
51 99 3
52 53 3
52 54 3
52 55 1
52 56 1
52 57 3
52 58 3
52 59 3
52 60 4
52 61 4
52 62 3
52 63 4
52 64 2
52 65 1
52 66 3
52 67 3
52 68 2
52 69 2
52 70 3
52 71 2
52 72 4
52 73 2
52 74 1
52 75 2
52 76 2
52 77 2
52 78 3
52 79 4
52 80 3
52 81 3
52 82 4
52 83 3
52 84 1
52 85 2
52 86 4
52 87 4
52 88 4
52 89 1
52 90 3
52 91 1
52 92 3
52 93 1
52 94 3
52 95 1
52 96 3
52 97 3
52 98 2
52 99 3
53 54 2
53 55 3
53 56 2
53 57 2
53 58 1
53 59 1
53 60 2
53 61 2
53 62 2
53 63 2
53 64 2
53 65 3
53 66 1
53 67 1
53 68 2
53 69 2
53 70 2
53 71 1
53 72 2
53 73 2
53 74 2
53 75 1
53 76 1
53 77 2
53 78 1
53 79 2
53 80 1
53 81 1
53 82 2
53 83 2
53 84 2
53 85 2
53 86 2
53 87 2
53 88 2
53 89 2
53 90 1
53 91 2
53 92 1
53 93 3
53 94 2
53 95 3
53 96 1
53 97 1
53 98 1
53 99 2
54 55 3
54 56 2
54 57 1
54 58 3
54 59 3
54 60 2
54 61 2
54 62 3
54 63 3
54 64 1
54 65 3
54 66 1
54 67 1
54 68 3
54 69 1
54 70 4
54 71 1
54 72 3
54 73 1
54 74 2
54 75 1
54 76 2
54 77 1
54 78 1
54 79 4
54 80 1
54 81 1
54 82 4
54 83 3
54 84 2
54 85 3
54 86 2
54 87 1
54 88 2
54 89 2
54 90 1
54 91 2
54 92 1
54 93 3
54 94 3
54 95 3
54 96 1
54 97 2
54 98 2
54 99 3
55 56 1
55 57 3
55 58 3
55 59 3
55 60 4
55 61 4
55 62 3
55 63 4
55 64 2
55 65 1
55 66 3
55 67 3
55 68 2
55 69 2
55 70 3
55 71 2
55 72 4
55 73 2
55 74 1
55 75 2
55 76 2
55 77 2
55 78 3
55 79 4
55 80 3
55 81 3
55 82 4
55 83 3
55 84 1
55 85 2
55 86 4
55 87 4
55 88 4
55 89 1
55 90 3
55 91 2
55 92 3
55 93 1
55 94 3
55 95 1
55 96 3
55 97 3
55 98 2
55 99 3
56 57 2
56 58 2
56 59 2
56 60 3
56 61 3
56 62 2
56 63 4
56 64 2
56 65 1
56 66 2
56 67 2
56 68 1
56 69 1
56 70 2
56 71 1
56 72 3
56 73 2
56 74 1
56 75 1
56 76 1
56 77 2
56 78 2
56 79 3
56 80 3
56 81 2
56 82 3
56 83 2
56 84 1
56 85 1
56 86 3
56 87 3
56 88 3
56 89 2
56 90 3
56 91 2
56 92 2
56 93 1
56 94 2
56 95 1
56 96 2
56 97 3
56 98 2
56 99 2
57 58 3
57 59 3
57 60 2
57 61 2
57 62 3
57 63 3
57 64 1
57 65 3
57 66 1
57 67 1
57 68 3
57 69 1
57 70 3
57 71 1
57 72 3
57 73 1
57 74 2
57 75 1
57 76 1
57 77 1
57 78 1
57 79 3
57 80 1
57 81 1
57 82 4
57 83 3
57 84 2
57 85 2
57 86 2
57 87 1
57 88 2
57 89 2
57 90 1
57 91 2
57 92 1
57 93 3
57 94 3
57 95 3
57 96 1
57 97 1
57 98 2
57 99 3
58 59 1
58 60 2
58 61 2
58 62 1
58 63 3
58 64 3
58 65 3
58 66 2
58 67 2
58 68 1
58 69 3
58 70 1
58 71 2
58 72 1
58 73 3
58 74 3
58 75 2
58 76 2
58 77 3
58 78 2
58 79 1
58 80 2
58 81 2
58 82 1
58 83 1
58 84 3
58 85 1
58 86 2
58 87 3
58 88 3
58 89 3
58 90 2
58 91 3
58 92 2
58 93 2
58 94 1
58 95 3
58 96 2
58 97 2
58 98 1
58 99 1
59 60 2
59 61 1
59 62 1
59 63 2
59 64 3
59 65 3
59 66 2
59 67 2
59 68 2
59 69 3
59 70 1
59 71 2
59 72 1
59 73 3
59 74 3
59 75 2
59 76 2
59 77 3
59 78 2
59 79 1
59 80 2
59 81 2
59 82 2
59 83 2
59 84 3
59 85 1
59 86 1
59 87 3
59 88 2
59 89 3
59 90 2
59 91 3
59 92 2
59 93 3
59 94 1
59 95 3
59 96 2
59 97 2
59 98 1
59 99 1
60 61 1
60 62 2
60 63 1
60 64 3
60 65 4
60 66 2
60 67 2
60 68 3
60 69 3
60 70 3
60 71 2
60 72 1
60 73 3
60 74 4
60 75 3
60 76 2
60 77 3
60 78 2
60 79 3
60 80 1
60 81 2
60 82 3
60 83 3
60 84 3
60 85 3
60 86 1
60 87 2
60 88 1
60 89 3
60 90 1
60 91 3
60 92 2
60 93 4
60 94 3
60 95 4
60 96 2
60 97 1
60 98 2
60 99 3
61 62 2
61 63 1
61 64 3
61 65 4
61 66 1
61 67 2
61 68 3
61 69 3
61 70 2
61 71 2
61 72 1
61 73 3
61 74 3
61 75 2
61 76 2
61 77 3
61 78 2
61 79 2
61 80 1
61 81 2
61 82 3
61 83 3
61 84 3
61 85 2
61 86 1
61 87 2
61 88 1
61 89 3
61 90 1
61 91 3
61 92 2
61 93 4
61 94 2
61 95 4
61 96 2
61 97 1
61 98 2
61 99 2
62 63 3
62 64 3
62 65 3
62 66 2
62 67 2
62 68 1
62 69 3
62 70 1
62 71 2
62 72 1
62 73 3
62 74 3
62 75 2
62 76 2
62 77 3
62 78 2
62 79 1
62 80 2
62 81 3
62 82 1
62 83 1
62 84 3
62 85 1
62 86 2
62 87 3
62 88 3
62 89 3
62 90 2
62 91 3
62 92 2
62 93 2
62 94 1
62 95 3
62 96 2
62 97 2
62 98 1
62 99 1
63 64 3
63 65 4
63 66 2
63 67 2
63 68 3
63 69 3
63 70 3
63 71 3
63 72 2
63 73 3
63 74 4
63 75 3
63 76 3
63 77 3
63 78 2
63 79 3
63 80 2
63 81 3
63 82 3
63 83 3
63 84 4
63 85 3
63 86 1
63 87 2
63 88 1
63 89 4
63 90 2
63 91 4
63 92 2
63 93 4
63 94 3
63 95 5
63 96 2
63 97 2
63 98 2
63 99 3
64 65 2
64 66 2
64 67 2
64 68 3
64 69 1
64 70 3
64 71 1
64 72 3
64 73 1
64 74 1
64 75 1
64 76 1
64 77 1
64 78 1
64 79 3
64 80 2
64 81 1
64 82 4
64 83 3
64 84 1
64 85 2
64 86 3
64 87 2
64 88 2
64 89 1
64 90 2
64 91 1
64 92 2
64 93 2
64 94 3
64 95 2
64 96 1
64 97 2
64 98 2
64 99 3
65 66 3
65 67 3
65 68 2
65 69 2
65 70 3
65 71 2
65 72 4
65 73 2
65 74 1
65 75 2
65 76 2
65 77 2
65 78 3
65 79 4
65 80 3
65 81 3
65 82 4
65 83 3
65 84 1
65 85 2
65 86 4
65 87 4
65 88 4
65 89 2
65 90 3
65 91 2
65 92 3
65 93 1
65 94 3
65 95 1
65 96 3
65 97 3
65 98 2
65 99 3
66 67 1
66 68 2
66 69 2
66 70 3
66 71 1
66 72 2
66 73 2
66 74 2
66 75 1
66 76 1
66 77 2
66 78 1
66 79 3
66 80 1
66 81 1
66 82 3
66 83 2
66 84 2
66 85 2
66 86 1
66 87 1
66 88 1
66 89 2
66 90 1
66 91 2
66 92 1
66 93 3
66 94 2
66 95 3
66 96 1
66 97 1
66 98 1
66 99 2
67 68 3
67 69 2
67 70 3
67 71 1
67 72 2
67 73 2
67 74 2
67 75 1
67 76 1
67 77 2
67 78 1
67 79 3
67 80 1
67 81 1
67 82 3
67 83 3
67 84 2
67 85 2
67 86 2
67 87 1
67 88 1
67 89 2
67 90 1
67 91 2
67 92 1
67 93 3
67 94 3
67 95 3
67 96 1
67 97 1
67 98 1
67 99 2
68 69 2
68 70 1
68 71 2
68 72 2
68 73 3
68 74 2
68 75 2
68 76 2
68 77 3
68 78 2
68 79 2
68 80 3
68 81 3
68 82 2
68 83 1
68 84 2
68 85 1
68 86 3
68 87 3
68 88 3
68 89 2
68 90 3
68 91 3
68 92 3
68 93 1
68 94 1
68 95 2
68 96 3
68 97 3
68 98 2
68 99 1
69 70 3
69 71 1
69 72 3
69 73 1
69 74 1
69 75 1
69 76 1
69 77 1
69 78 1
69 79 3
69 80 2
69 81 1
69 82 4
69 83 3
69 84 1
69 85 2
69 86 3
69 87 2
69 88 3
69 89 1
69 90 2
69 91 1
69 92 2
69 93 2
69 94 3
69 95 2
69 96 1
69 97 2
69 98 2
69 99 3
70 71 3
70 72 2
70 73 4
70 74 3
70 75 3
70 76 2
70 77 3
70 78 3
70 79 1
70 80 3
70 81 3
70 82 1
70 83 1
70 84 3
70 85 1
70 86 2
70 87 4
70 88 3
70 89 3
70 90 3
70 91 3
70 92 3
70 93 2
70 94 1
70 95 3
70 96 3
70 97 3
70 98 2
70 99 1
71 72 2
71 73 1
71 74 2
71 75 1
71 76 1
71 77 1
71 78 1
71 79 3
71 80 2
71 81 1
71 82 3
71 83 2
71 84 1
71 85 2
71 86 2
71 87 2
71 88 2
71 89 1
71 90 2
71 91 1
71 92 1
71 93 2
71 94 3
71 95 2
71 96 1
71 97 2
71 98 1
71 99 2
72 73 3
72 74 4
72 75 3
72 76 2
72 77 3
72 78 2
72 79 2
72 80 2
72 81 3
72 82 2
72 83 2
72 84 3
72 85 2
72 86 1
72 87 3
72 88 2
72 89 3
72 90 2
72 91 3
72 92 2
72 93 3
72 94 2
72 95 4
72 96 2
72 97 2
72 98 2
72 99 2
73 74 2
73 75 1
73 76 2
73 77 1
73 78 2
73 79 4
73 80 2
73 81 1
73 82 4
73 83 3
73 84 1
73 85 3
73 86 3
73 87 2
73 88 3
73 89 1
73 90 2
73 91 1
73 92 2
73 93 2
73 94 4
73 95 2
73 96 1
73 97 2
73 98 2
73 99 3
74 75 1
74 76 2
74 77 2
74 78 2
74 79 4
74 80 3
74 81 2
74 82 4
74 83 3
74 84 1
74 85 2
74 86 3
74 87 3
74 88 3
74 89 1
74 90 3
74 91 1
74 92 3
74 93 1
74 94 3
74 95 1
74 96 2
74 97 3
74 98 2
74 99 3
75 76 1
75 77 1
75 78 1
75 79 3
75 80 2
75 81 1
75 82 3
75 83 2
75 84 1
75 85 2
75 86 2
75 87 2
75 88 2
75 89 1
75 90 2
75 91 1
75 92 2
75 93 2
75 94 3
75 95 2
75 96 1
75 97 2
75 98 1
75 99 2
76 77 1
76 78 1
76 79 2
76 80 2
76 81 1
76 82 3
76 83 2
76 84 1
76 85 1
76 86 2
76 87 2
76 88 2
76 89 2
76 90 2
76 91 2
76 92 2
76 93 2
76 94 2
76 95 2
76 96 1
76 97 2
76 98 1
76 99 2
77 78 1
77 79 3
77 80 2
77 81 1
77 82 4
77 83 3
77 84 1
77 85 2
77 86 3
77 87 2
77 88 3
77 89 1
77 90 2
77 91 1
77 92 2
77 93 2
77 94 3
77 95 2
77 96 1
77 97 2
77 98 2
77 99 3
78 79 3
78 80 1
78 81 1
78 82 3
78 83 2
78 84 2
78 85 2
78 86 2
78 87 1
78 88 2
78 89 2
78 90 1
78 91 2
78 92 1
78 93 3
78 94 2
78 95 3
78 96 1
78 97 1
78 98 1
78 99 2
79 80 3
79 81 3
79 82 1
79 83 1
79 84 3
79 85 2
79 86 2
79 87 4
79 88 3
79 89 4
79 90 3
79 91 4
79 92 3
79 93 3
79 94 1
79 95 4
79 96 3
79 97 3
79 98 2
79 99 1
80 81 1
80 82 3
80 83 3
80 84 2
80 85 2
80 86 2
80 87 1
80 88 1
80 89 3
80 90 1
80 91 3
80 92 1
80 93 3
80 94 3
80 95 3
80 96 1
80 97 1
80 98 2
80 99 3
81 82 3
81 83 3
81 84 2
81 85 2
81 86 2
81 87 1
81 88 2
81 89 2
81 90 1
81 91 2
81 92 1
81 93 3
81 94 3
81 95 3
81 96 1
81 97 1
81 98 2
81 99 3
82 83 1
82 84 4
82 85 2
82 86 3
82 87 4
82 88 3
82 89 4
82 90 3
82 91 4
82 92 3
82 93 3
82 94 1
82 95 4
82 96 3
82 97 3
82 98 2
82 99 1
83 84 3
83 85 1
83 86 3
83 87 3
83 88 3
83 89 3
83 90 3
83 91 3
83 92 3
83 93 2
83 94 1
83 95 3
83 96 3
83 97 3
83 98 2
83 99 1
84 85 2
84 86 3
84 87 3
84 88 3
84 89 1
84 90 2
84 91 1
84 92 2
84 93 1
84 94 3
84 95 1
84 96 2
84 97 2
84 98 2
84 99 3
85 86 2
85 87 3
85 88 3
85 89 2
85 90 2
85 91 2
85 92 3
85 93 2
85 94 1
85 95 2
85 96 2
85 97 2
85 98 1
85 99 1
86 87 2
86 88 2
86 89 3
86 90 2
86 91 3
86 92 2
86 93 4
86 94 2
86 95 4
86 96 2
86 97 1
86 98 2
86 99 2
87 88 1
87 89 3
87 90 1
87 91 3
87 92 1
87 93 4
87 94 3
87 95 4
87 96 1
87 97 1
87 98 2
87 99 3
88 89 3
88 90 1
88 91 3
88 92 1
88 93 4
88 94 3
88 95 4
88 96 2
88 97 1
88 98 2
88 99 3
89 90 3
89 91 1
89 92 2
89 93 2
89 94 3
89 95 2
89 96 2
89 97 3
89 98 2
89 99 3
90 91 3
90 92 1
90 93 3
90 94 3
90 95 3
90 96 1
90 97 1
90 98 2
90 99 3
91 92 2
91 93 2
91 94 3
91 95 2
91 96 2
91 97 3
91 98 2
91 99 3
92 93 3
92 94 3
92 95 3
92 96 1
92 97 1
92 98 2
92 99 3
93 94 2
93 95 1
93 96 3
93 97 3
93 98 2
93 99 2
94 95 3
94 96 3
94 97 2
94 98 2
94 99 1
95 96 3
95 97 3
95 98 3
95 99 3
96 97 1
96 98 2
96 99 3
97 98 1
97 99 2
98 99 1
