This file contains any messages produced by compilers while
running configure, to aid debugging if configure makes a mistake.

It was created by configure, which was
generated by GNU Autoconf 2.69.  Invocation command line was

  $ ./configure --enable-gcc --disable-shared --prefix=/home/sadiq/Thesis/ns-allinone-2.34

## --------- ##
## Platform. ##
## --------- ##

hostname = feb15
uname -m = x86_64
uname -r = 4.15.0-26-generic
uname -s = Linux
uname -v = #28-Ubuntu SMP Wed Jul 4 16:24:29 UTC 2018

/usr/bin/uname -p = unknown
/bin/uname -X     = unknown

/bin/arch              = unknown
/usr/bin/arch -k       = unknown
/usr/convex/getsysinfo = unknown
/usr/bin/hostinfo      = unknown
/bin/machine           = unknown
/usr/bin/oslevel       = unknown
/bin/universe          = unknown

PATH: /home/sadiq/Thesis/ns-allinone-2.34/bin
PATH: /home/sadiq/.cargo/bin
PATH: /home/sadiq/bin
PATH: /home/sadiq/.local/bin
PATH: /usr/local/sbin
PATH: /usr/local/bin
PATH: /usr/sbin
PATH: /usr/bin
PATH: /sbin
PATH: /bin
PATH: /usr/games
PATH: /usr/local/games
PATH: /snap/bin


## ----------- ##
## Core tests. ##
## ----------- ##

configure:2383: checking whether to use symlinks for manpages
configure:2392: result: no
configure:2395: checking whether to compress the manpages
configure:2408: result: no
configure:2422: checking whether to add a package name suffix for the manpages
configure:2435: result: no
configure:2499: checking for gcc
configure:2515: found /usr/bin/gcc
configure:2526: result: gcc
configure:2755: checking for C compiler version
configure:2764: gcc --version >&5
gcc (Ubuntu 7.3.0-16ubuntu3) 7.3.0
Copyright (C) 2017 Free Software Foundation, Inc.
This is free software; see the source for copying conditions.  There is NO
warranty; not even for MERCHANTABILITY or FITNESS FOR A PARTICULAR PURPOSE.

configure:2775: $? = 0
configure:2764: gcc -v >&5
Using built-in specs.
COLLECT_GCC=gcc
COLLECT_LTO_WRAPPER=/usr/lib/gcc/x86_64-linux-gnu/7/lto-wrapper
OFFLOAD_TARGET_NAMES=nvptx-none
OFFLOAD_TARGET_DEFAULT=1
Target: x86_64-linux-gnu
Configured with: ../src/configure -v --with-pkgversion='Ubuntu 7.3.0-16ubuntu3' --with-bugurl=file:///usr/share/doc/gcc-7/README.Bugs --enable-languages=c,ada,c++,go,brig,d,fortran,objc,obj-c++ --prefix=/usr --with-gcc-major-version-only --with-as=/usr/bin/x86_64-linux-gnu-as --with-ld=/usr/bin/x86_64-linux-gnu-ld --program-suffix=-7 --program-prefix=x86_64-linux-gnu- --enable-shared --enable-linker-build-id --libexecdir=/usr/lib --without-included-gettext --enable-threads=posix --libdir=/usr/lib --enable-nls --with-sysroot=/ --enable-clocale=gnu --enable-libstdcxx-debug --enable-libstdcxx-time=yes --with-default-libstdcxx-abi=new --enable-gnu-unique-object --disable-vtable-verify --enable-libmpx --enable-plugin --enable-default-pie --with-system-zlib --with-target-system-zlib --enable-objc-gc=auto --enable-multiarch --disable-werror --with-arch-32=i686 --with-abi=m64 --with-multilib-list=m32,m64,mx32 --enable-multilib --with-tune=generic --enable-offload-targets=nvptx-none --without-cuda-driver --enable-checking=release --build=x86_64-linux-gnu --host=x86_64-linux-gnu --target=x86_64-linux-gnu
Thread model: posix
gcc version 7.3.0 (Ubuntu 7.3.0-16ubuntu3) 
configure:2775: $? = 0
configure:2764: gcc -V >&5
gcc: error: unrecognized command line option '-V'
gcc: fatal error: no input files
compilation terminated.
configure:2775: $? = 1
configure:2764: gcc -qversion >&5
gcc: error: unrecognized command line option '-qversion'; did you mean '--version'?
gcc: fatal error: no input files
compilation terminated.
configure:2775: $? = 1
configure:2795: checking whether the C compiler works
configure:2817: gcc    conftest.c  >&5
configure:2821: $? = 0
configure:2869: result: yes
configure:2872: checking for C compiler default output file name
configure:2874: result: a.out
configure:2880: checking for suffix of executables
configure:2887: gcc -o conftest    conftest.c  >&5
configure:2891: $? = 0
configure:2913: result: 
configure:2935: checking whether we are cross compiling
configure:2943: gcc -o conftest    conftest.c  >&5
configure:2947: $? = 0
configure:2954: ./conftest
configure:2958: $? = 0
configure:2973: result: no
configure:2978: checking for suffix of object files
configure:3000: gcc -c   conftest.c >&5
configure:3004: $? = 0
configure:3025: result: o
configure:3029: checking whether we are using the GNU C compiler
configure:3048: gcc -c   conftest.c >&5
configure:3048: $? = 0
configure:3057: result: yes
configure:3066: checking whether gcc accepts -g
configure:3086: gcc -c -g  conftest.c >&5
configure:3086: $? = 0
configure:3127: result: yes
configure:3144: checking for gcc option to accept ISO C89
configure:3207: gcc  -c   conftest.c >&5
configure:3207: $? = 0
configure:3220: result: none needed
configure:3256: checking how to run the C preprocessor
configure:3287: gcc -E  conftest.c
configure:3287: $? = 0
configure:3301: gcc -E  conftest.c
conftest.c:9:10: fatal error: ac_nonexistent.h: No such file or directory
 #include <ac_nonexistent.h>
          ^~~~~~~~~~~~~~~~~~
compilation terminated.
configure:3301: $? = 1
configure: failed program was:
| /* confdefs.h */
| #define PACKAGE_NAME ""
| #define PACKAGE_TARNAME ""
| #define PACKAGE_VERSION ""
| #define PACKAGE_STRING ""
| #define PACKAGE_BUGREPORT ""
| #define PACKAGE_URL ""
| /* end confdefs.h.  */
| #include <ac_nonexistent.h>
configure:3326: result: gcc -E
configure:3346: gcc -E  conftest.c
configure:3346: $? = 0
configure:3360: gcc -E  conftest.c
conftest.c:9:10: fatal error: ac_nonexistent.h: No such file or directory
 #include <ac_nonexistent.h>
          ^~~~~~~~~~~~~~~~~~
compilation terminated.
configure:3360: $? = 1
configure: failed program was:
| /* confdefs.h */
| #define PACKAGE_NAME ""
| #define PACKAGE_TARNAME ""
| #define PACKAGE_VERSION ""
| #define PACKAGE_STRING ""
| #define PACKAGE_BUGREPORT ""
| #define PACKAGE_URL ""
| /* end confdefs.h.  */
| #include <ac_nonexistent.h>
configure:3389: checking for grep that handles long lines and -e
configure:3447: result: /bin/grep
configure:3452: checking for egrep
configure:3514: result: /bin/grep -E
configure:3519: checking for ANSI C header files
configure:3539: gcc -c   conftest.c >&5
configure:3539: $? = 0
configure:3612: gcc -o conftest    conftest.c  >&5
configure:3612: $? = 0
configure:3612: ./conftest
configure:3612: $? = 0
configure:3623: result: yes
configure:3636: checking for sys/types.h
configure:3636: gcc -c   conftest.c >&5
configure:3636: $? = 0
configure:3636: result: yes
configure:3636: checking for sys/stat.h
configure:3636: gcc -c   conftest.c >&5
configure:3636: $? = 0
configure:3636: result: yes
configure:3636: checking for stdlib.h
configure:3636: gcc -c   conftest.c >&5
configure:3636: $? = 0
configure:3636: result: yes
configure:3636: checking for string.h
configure:3636: gcc -c   conftest.c >&5
configure:3636: $? = 0
configure:3636: result: yes
configure:3636: checking for memory.h
configure:3636: gcc -c   conftest.c >&5
configure:3636: $? = 0
configure:3636: result: yes
configure:3636: checking for strings.h
configure:3636: gcc -c   conftest.c >&5
configure:3636: $? = 0
configure:3636: result: yes
configure:3636: checking for inttypes.h
configure:3636: gcc -c   conftest.c >&5
configure:3636: $? = 0
configure:3636: result: yes
configure:3636: checking for stdint.h
configure:3636: gcc -c   conftest.c >&5
configure:3636: $? = 0
configure:3636: result: yes
configure:3636: checking for unistd.h
configure:3636: gcc -c   conftest.c >&5
configure:3636: $? = 0
configure:3636: result: yes
configure:3649: checking dirent.h
configure:3685: gcc -o conftest    conftest.c  >&5
configure:3685: $? = 0
configure:3693: result: yes
configure:3701: checking errno.h usability
configure:3701: gcc -c   conftest.c >&5
configure:3701: $? = 0
configure:3701: result: yes
configure:3701: checking errno.h presence
configure:3701: gcc -E  conftest.c
configure:3701: $? = 0
configure:3701: result: yes
configure:3701: checking for errno.h
configure:3701: result: yes
configure:3710: checking float.h usability
configure:3710: gcc -c   conftest.c >&5
configure:3710: $? = 0
configure:3710: result: yes
configure:3710: checking float.h presence
configure:3710: gcc -E  conftest.c
configure:3710: $? = 0
configure:3710: result: yes
configure:3710: checking for float.h
configure:3710: result: yes
configure:3719: checking values.h usability
configure:3719: gcc -c   conftest.c >&5
configure:3719: $? = 0
configure:3719: result: yes
configure:3719: checking values.h presence
configure:3719: gcc -E  conftest.c
configure:3719: $? = 0
configure:3719: result: yes
configure:3719: checking for values.h
configure:3719: result: yes
configure:3728: checking limits.h usability
configure:3728: gcc -c   conftest.c >&5
configure:3728: $? = 0
configure:3728: result: yes
configure:3728: checking limits.h presence
configure:3728: gcc -E  conftest.c
configure:3728: $? = 0
configure:3728: result: yes
configure:3728: checking for limits.h
configure:3728: result: yes
configure:3738: checking for stdlib.h
configure:3738: result: yes
configure:3789: checking for string.h
configure:3789: result: yes
configure:3832: checking sys/wait.h usability
configure:3832: gcc -c   conftest.c >&5
configure:3832: $? = 0
configure:3832: result: yes
configure:3832: checking sys/wait.h presence
configure:3832: gcc -E  conftest.c
configure:3832: $? = 0
configure:3832: result: yes
configure:3832: checking for sys/wait.h
configure:3832: result: yes
configure:3841: checking dlfcn.h usability
configure:3841: gcc -c   conftest.c >&5
configure:3841: $? = 0
configure:3841: result: yes
configure:3841: checking dlfcn.h presence
configure:3841: gcc -E  conftest.c
configure:3841: $? = 0
configure:3841: result: yes
configure:3841: checking for dlfcn.h
configure:3841: result: yes
configure:3855: checking for unistd.h
configure:3855: result: yes
configure:3855: checking sys/param.h usability
configure:3855: gcc -c   conftest.c >&5
configure:3855: $? = 0
configure:3855: result: yes
configure:3855: checking sys/param.h presence
configure:3855: gcc -E  conftest.c
configure:3855: $? = 0
configure:3855: result: yes
configure:3855: checking for sys/param.h
configure:3855: result: yes
configure:3873: checking if the compiler understands -pipe
configure:3891: gcc -c  -pipe  conftest.c >&5
configure:3891: $? = 0
configure:3899: result: yes
configure:4208: checking for building with threads
configure:4222: result: no (default)
configure:4241: checking for sin
configure:4241: gcc -o conftest  -pipe   conftest.c  >&5
conftest.c:45:6: warning: conflicting types for built-in function 'sin' [-Wbuiltin-declaration-mismatch]
 char sin ();
      ^~~
/tmp/ccf3Ff7g.o: In function `main':
conftest.c:(.text+0xa): undefined reference to `sin'
collect2: error: ld returned 1 exit status
configure:4241: $? = 1
configure: failed program was:
| /* confdefs.h */
| #define PACKAGE_NAME ""
| #define PACKAGE_TARNAME ""
| #define PACKAGE_VERSION ""
| #define PACKAGE_STRING ""
| #define PACKAGE_BUGREPORT ""
| #define PACKAGE_URL ""
| #define STDC_HEADERS 1
| #define HAVE_SYS_TYPES_H 1
| #define HAVE_SYS_STAT_H 1
| #define HAVE_STDLIB_H 1
| #define HAVE_STRING_H 1
| #define HAVE_MEMORY_H 1
| #define HAVE_STRINGS_H 1
| #define HAVE_INTTYPES_H 1
| #define HAVE_STDINT_H 1
| #define HAVE_UNISTD_H 1
| #define HAVE_LIMITS_H 1
| #define HAVE_UNISTD_H 1
| #define HAVE_SYS_PARAM_H 1
| /* end confdefs.h.  */
| /* Define sin to an innocuous variant, in case <limits.h> declares sin.
|    For example, HP-UX 11i <limits.h> declares gettimeofday.  */
| #define sin innocuous_sin
| 
| /* System header to define __stub macros and hopefully few prototypes,
|     which can conflict with char sin (); below.
|     Prefer <limits.h> to <assert.h> if __STDC__ is defined, since
|     <limits.h> exists even on freestanding compilers.  */
| 
| #ifdef __STDC__
| # include <limits.h>
| #else
| # include <assert.h>
| #endif
| 
| #undef sin
| 
| /* Override any GCC internal prototype to avoid an error.
|    Use char because int might match the return type of a GCC
|    builtin and then its argument prototype would still apply.  */
| #ifdef __cplusplus
| extern "C"
| #endif
| char sin ();
| /* The GNU C library defines this for functions which it implements
|     to always fail with ENOSYS.  Some functions are actually named
|     something starting with __ and the normal name is an alias.  */
| #if defined __stub_sin || defined __stub___sin
| choke me
| #endif
| 
| int
| main ()
| {
| return sin ();
|   ;
|   return 0;
| }
configure:4241: result: no
configure:4248: checking for main in -lieee
configure:4267: gcc -o conftest  -pipe   conftest.c -lieee   >&5
/usr/bin/x86_64-linux-gnu-ld: cannot find -lieee
collect2: error: ld returned 1 exit status
configure:4267: $? = 1
configure: failed program was:
| /* confdefs.h */
| #define PACKAGE_NAME ""
| #define PACKAGE_TARNAME ""
| #define PACKAGE_VERSION ""
| #define PACKAGE_STRING ""
| #define PACKAGE_BUGREPORT ""
| #define PACKAGE_URL ""
| #define STDC_HEADERS 1
| #define HAVE_SYS_TYPES_H 1
| #define HAVE_SYS_STAT_H 1
| #define HAVE_STDLIB_H 1
| #define HAVE_STRING_H 1
| #define HAVE_MEMORY_H 1
| #define HAVE_STRINGS_H 1
| #define HAVE_INTTYPES_H 1
| #define HAVE_STDINT_H 1
| #define HAVE_UNISTD_H 1
| #define HAVE_LIMITS_H 1
| #define HAVE_UNISTD_H 1
| #define HAVE_SYS_PARAM_H 1
| /* end confdefs.h.  */
| 
| 
| int
| main ()
| {
| return main ();
|   ;
|   return 0;
| }
configure:4276: result: no
configure:4288: checking for main in -linet
configure:4307: gcc -o conftest  -pipe   conftest.c -linet   >&5
/usr/bin/x86_64-linux-gnu-ld: cannot find -linet
collect2: error: ld returned 1 exit status
configure:4307: $? = 1
configure: failed program was:
| /* confdefs.h */
| #define PACKAGE_NAME ""
| #define PACKAGE_TARNAME ""
| #define PACKAGE_VERSION ""
| #define PACKAGE_STRING ""
| #define PACKAGE_BUGREPORT ""
| #define PACKAGE_URL ""
| #define STDC_HEADERS 1
| #define HAVE_SYS_TYPES_H 1
| #define HAVE_SYS_STAT_H 1
| #define HAVE_STDLIB_H 1
| #define HAVE_STRING_H 1
| #define HAVE_MEMORY_H 1
| #define HAVE_STRINGS_H 1
| #define HAVE_INTTYPES_H 1
| #define HAVE_STDINT_H 1
| #define HAVE_UNISTD_H 1
| #define HAVE_LIMITS_H 1
| #define HAVE_UNISTD_H 1
| #define HAVE_SYS_PARAM_H 1
| /* end confdefs.h.  */
| 
| 
| int
| main ()
| {
| return main ();
|   ;
|   return 0;
| }
configure:4316: result: no
configure:4322: checking net/errno.h usability
configure:4322: gcc -c  -pipe  conftest.c >&5
conftest.c:55:10: fatal error: net/errno.h: No such file or directory
 #include <net/errno.h>
          ^~~~~~~~~~~~~
compilation terminated.
configure:4322: $? = 1
configure: failed program was:
| /* confdefs.h */
| #define PACKAGE_NAME ""
| #define PACKAGE_TARNAME ""
| #define PACKAGE_VERSION ""
| #define PACKAGE_STRING ""
| #define PACKAGE_BUGREPORT ""
| #define PACKAGE_URL ""
| #define STDC_HEADERS 1
| #define HAVE_SYS_TYPES_H 1
| #define HAVE_SYS_STAT_H 1
| #define HAVE_STDLIB_H 1
| #define HAVE_STRING_H 1
| #define HAVE_MEMORY_H 1
| #define HAVE_STRINGS_H 1
| #define HAVE_INTTYPES_H 1
| #define HAVE_STDINT_H 1
| #define HAVE_UNISTD_H 1
| #define HAVE_LIMITS_H 1
| #define HAVE_UNISTD_H 1
| #define HAVE_SYS_PARAM_H 1
| /* end confdefs.h.  */
| #include <stdio.h>
| #ifdef HAVE_SYS_TYPES_H
| # include <sys/types.h>
| #endif
| #ifdef HAVE_SYS_STAT_H
| # include <sys/stat.h>
| #endif
| #ifdef STDC_HEADERS
| # include <stdlib.h>
| # include <stddef.h>
| #else
| # ifdef HAVE_STDLIB_H
| #  include <stdlib.h>
| # endif
| #endif
| #ifdef HAVE_STRING_H
| # if !defined STDC_HEADERS && defined HAVE_MEMORY_H
| #  include <memory.h>
| # endif
| # include <string.h>
| #endif
| #ifdef HAVE_STRINGS_H
| # include <strings.h>
| #endif
| #ifdef HAVE_INTTYPES_H
| # include <inttypes.h>
| #endif
| #ifdef HAVE_STDINT_H
| # include <stdint.h>
| #endif
| #ifdef HAVE_UNISTD_H
| # include <unistd.h>
| #endif
| #include <net/errno.h>
configure:4322: result: no
configure:4322: checking net/errno.h presence
configure:4322: gcc -E  conftest.c
conftest.c:22:10: fatal error: net/errno.h: No such file or directory
 #include <net/errno.h>
          ^~~~~~~~~~~~~
compilation terminated.
configure:4322: $? = 1
configure: failed program was:
| /* confdefs.h */
| #define PACKAGE_NAME ""
| #define PACKAGE_TARNAME ""
| #define PACKAGE_VERSION ""
| #define PACKAGE_STRING ""
| #define PACKAGE_BUGREPORT ""
| #define PACKAGE_URL ""
| #define STDC_HEADERS 1
| #define HAVE_SYS_TYPES_H 1
| #define HAVE_SYS_STAT_H 1
| #define HAVE_STDLIB_H 1
| #define HAVE_STRING_H 1
| #define HAVE_MEMORY_H 1
| #define HAVE_STRINGS_H 1
| #define HAVE_INTTYPES_H 1
| #define HAVE_STDINT_H 1
| #define HAVE_UNISTD_H 1
| #define HAVE_LIMITS_H 1
| #define HAVE_UNISTD_H 1
| #define HAVE_SYS_PARAM_H 1
| /* end confdefs.h.  */
| #include <net/errno.h>
configure:4322: result: no
configure:4322: checking for net/errno.h
configure:4322: result: no
configure:4349: checking for connect
configure:4349: gcc -o conftest  -pipe   conftest.c  >&5
configure:4349: $? = 0
configure:4349: result: yes
configure:4417: checking for gethostbyname
configure:4417: gcc -o conftest  -pipe   conftest.c  >&5
configure:4417: $? = 0
configure:4417: result: yes
configure:4476: checking how to build libraries
configure:4498: result: static
configure:4555: checking for ranlib
configure:4571: found /usr/bin/ranlib
configure:4582: result: ranlib
configure:4608: checking if 64bit support is requested
configure:4617: result: no
configure:4622: checking if 64bit Sparc VIS support is requested
configure:4631: result: no
configure:4643: checking system version
configure:4671: result: Linux-4.15.0-26-generic
configure:4679: checking for dlopen in -ldl
configure:4704: gcc -o conftest  -pipe   conftest.c -ldl   >&5
configure:4704: $? = 0
configure:4713: result: yes
configure:4747: checking for ar
configure:4763: found /usr/bin/ar
configure:4774: result: ar
configure:6521: checking for build with symbols
configure:6535: result: no
configure:6579: checking for required early compiler flags
configure:6597: gcc -c  -pipe  conftest.c >&5
configure:6597: $? = 0
configure:6643: gcc -c  -pipe  conftest.c >&5
conftest.c: In function 'main':
conftest.c:28:15: error: storage size of 'buf' isn't known
 struct stat64 buf; int i = stat64("/", &buf);
               ^~~
conftest.c:28:28: warning: implicit declaration of function 'stat64'; did you mean 'stat'? [-Wimplicit-function-declaration]
 struct stat64 buf; int i = stat64("/", &buf);
                            ^~~~~~
                            stat
configure:6643: $? = 1
configure: failed program was:
| /* confdefs.h */
| #define PACKAGE_NAME ""
| #define PACKAGE_TARNAME ""
| #define PACKAGE_VERSION ""
| #define PACKAGE_STRING ""
| #define PACKAGE_BUGREPORT ""
| #define PACKAGE_URL ""
| #define STDC_HEADERS 1
| #define HAVE_SYS_TYPES_H 1
| #define HAVE_SYS_STAT_H 1
| #define HAVE_STDLIB_H 1
| #define HAVE_STRING_H 1
| #define HAVE_MEMORY_H 1
| #define HAVE_STRINGS_H 1
| #define HAVE_INTTYPES_H 1
| #define HAVE_STDINT_H 1
| #define HAVE_UNISTD_H 1
| #define HAVE_LIMITS_H 1
| #define HAVE_UNISTD_H 1
| #define HAVE_SYS_PARAM_H 1
| #define STATIC_BUILD 1
| #define PEEK_XCLOSEIM 1
| /* end confdefs.h.  */
| #include <sys/stat.h>
| int
| main ()
| {
| struct stat64 buf; int i = stat64("/", &buf);
|   ;
|   return 0;
| }
configure:6658: gcc -c  -pipe  conftest.c >&5
configure:6658: $? = 0
configure:6689: gcc -c  -pipe  conftest.c >&5
conftest.c: In function 'main':
conftest.c:29:19: error: 'open64' undeclared (first use in this function)
 char *p = (char *)open64;
                   ^~~~~~
conftest.c:29:19: note: each undeclared identifier is reported only once for each function it appears in
configure:6689: $? = 1
configure: failed program was:
| /* confdefs.h */
| #define PACKAGE_NAME ""
| #define PACKAGE_TARNAME ""
| #define PACKAGE_VERSION ""
| #define PACKAGE_STRING ""
| #define PACKAGE_BUGREPORT ""
| #define PACKAGE_URL ""
| #define STDC_HEADERS 1
| #define HAVE_SYS_TYPES_H 1
| #define HAVE_SYS_STAT_H 1
| #define HAVE_STDLIB_H 1
| #define HAVE_STRING_H 1
| #define HAVE_MEMORY_H 1
| #define HAVE_STRINGS_H 1
| #define HAVE_INTTYPES_H 1
| #define HAVE_STDINT_H 1
| #define HAVE_UNISTD_H 1
| #define HAVE_LIMITS_H 1
| #define HAVE_UNISTD_H 1
| #define HAVE_SYS_PARAM_H 1
| #define STATIC_BUILD 1
| #define PEEK_XCLOSEIM 1
| #define _LARGEFILE64_SOURCE 1
| /* end confdefs.h.  */
| #include <sys/stat.h>
| int
| main ()
| {
| char *p = (char *)open64;
|   ;
|   return 0;
| }
configure:6704: gcc -c  -pipe  conftest.c >&5
conftest.c: In function 'main':
conftest.c:30:19: error: 'open64' undeclared (first use in this function)
 char *p = (char *)open64;
                   ^~~~~~
conftest.c:30:19: note: each undeclared identifier is reported only once for each function it appears in
configure:6704: $? = 1
configure: failed program was:
| /* confdefs.h */
| #define PACKAGE_NAME ""
| #define PACKAGE_TARNAME ""
| #define PACKAGE_VERSION ""
| #define PACKAGE_STRING ""
| #define PACKAGE_BUGREPORT ""
| #define PACKAGE_URL ""
| #define STDC_HEADERS 1
| #define HAVE_SYS_TYPES_H 1
| #define HAVE_SYS_STAT_H 1
| #define HAVE_STDLIB_H 1
| #define HAVE_STRING_H 1
| #define HAVE_MEMORY_H 1
| #define HAVE_STRINGS_H 1
| #define HAVE_INTTYPES_H 1
| #define HAVE_STDINT_H 1
| #define HAVE_UNISTD_H 1
| #define HAVE_LIMITS_H 1
| #define HAVE_UNISTD_H 1
| #define HAVE_SYS_PARAM_H 1
| #define STATIC_BUILD 1
| #define PEEK_XCLOSEIM 1
| #define _LARGEFILE64_SOURCE 1
| /* end confdefs.h.  */
| #define _LARGEFILE_SOURCE64 1
| #include <sys/stat.h>
| int
| main ()
| {
| char *p = (char *)open64;
|   ;
|   return 0;
| }
configure:6724: result:  _LARGEFILE64_SOURCE
configure:6730: checking for 64-bit integer type
configure:6749: gcc -c  -pipe  conftest.c >&5
conftest.c: In function 'main':
conftest.c:29:1: error: unknown type name '__int64'; did you mean '__int128'?
 __int64 value = (__int64) 0;
 ^~~~~~~
 __int128
conftest.c:29:18: error: '__int64' undeclared (first use in this function); did you mean '__int128'?
 __int64 value = (__int64) 0;
                  ^~~~~~~
                  __int128
conftest.c:29:18: note: each undeclared identifier is reported only once for each function it appears in
conftest.c:29:27: error: expected ',' or ';' before numeric constant
 __int64 value = (__int64) 0;
                           ^
configure:6749: $? = 1
configure: failed program was:
| /* confdefs.h */
| #define PACKAGE_NAME ""
| #define PACKAGE_TARNAME ""
| #define PACKAGE_VERSION ""
| #define PACKAGE_STRING ""
| #define PACKAGE_BUGREPORT ""
| #define PACKAGE_URL ""
| #define STDC_HEADERS 1
| #define HAVE_SYS_TYPES_H 1
| #define HAVE_SYS_STAT_H 1
| #define HAVE_STDLIB_H 1
| #define HAVE_STRING_H 1
| #define HAVE_MEMORY_H 1
| #define HAVE_STRINGS_H 1
| #define HAVE_INTTYPES_H 1
| #define HAVE_STDINT_H 1
| #define HAVE_UNISTD_H 1
| #define HAVE_LIMITS_H 1
| #define HAVE_UNISTD_H 1
| #define HAVE_SYS_PARAM_H 1
| #define STATIC_BUILD 1
| #define PEEK_XCLOSEIM 1
| #define _LARGEFILE64_SOURCE 1
| /* end confdefs.h.  */
| 
| int
| main ()
| {
| __int64 value = (__int64) 0;
|   ;
|   return 0;
| }
configure:6771: gcc -c  -pipe  conftest.c >&5
conftest.c: In function 'main':
conftest.c:30:21: error: duplicate case value
             case 1: case (sizeof(long long)==sizeof(long)): ;
                     ^~~~
conftest.c:30:13: note: previously used here
             case 1: case (sizeof(long long)==sizeof(long)): ;
             ^~~~
configure:6771: $? = 1
configure: failed program was:
| /* confdefs.h */
| #define PACKAGE_NAME ""
| #define PACKAGE_TARNAME ""
| #define PACKAGE_VERSION ""
| #define PACKAGE_STRING ""
| #define PACKAGE_BUGREPORT ""
| #define PACKAGE_URL ""
| #define STDC_HEADERS 1
| #define HAVE_SYS_TYPES_H 1
| #define HAVE_SYS_STAT_H 1
| #define HAVE_STDLIB_H 1
| #define HAVE_STRING_H 1
| #define HAVE_MEMORY_H 1
| #define HAVE_STRINGS_H 1
| #define HAVE_INTTYPES_H 1
| #define HAVE_STDINT_H 1
| #define HAVE_UNISTD_H 1
| #define HAVE_LIMITS_H 1
| #define HAVE_UNISTD_H 1
| #define HAVE_SYS_PARAM_H 1
| #define STATIC_BUILD 1
| #define PEEK_XCLOSEIM 1
| #define _LARGEFILE64_SOURCE 1
| /* end confdefs.h.  */
| 
| int
| main ()
| {
| switch (0) {
|             case 1: case (sizeof(long long)==sizeof(long)): ;
|         }
|   ;
|   return 0;
| }
configure:6780: result: using long
configure:6912: checking whether byte ordering is bigendian
configure:6927: gcc -c  -pipe  conftest.c >&5
conftest.c:27:9: error: unknown type name 'not'
         not a universal capable compiler
         ^~~
conftest.c:27:15: error: expected '=', ',', ';', 'asm' or '__attribute__' before 'universal'
         not a universal capable compiler
               ^~~~~~~~~
conftest.c:27:15: error: unknown type name 'universal'
configure:6927: $? = 1
configure: failed program was:
| /* confdefs.h */
| #define PACKAGE_NAME ""
| #define PACKAGE_TARNAME ""
| #define PACKAGE_VERSION ""
| #define PACKAGE_STRING ""
| #define PACKAGE_BUGREPORT ""
| #define PACKAGE_URL ""
| #define STDC_HEADERS 1
| #define HAVE_SYS_TYPES_H 1
| #define HAVE_SYS_STAT_H 1
| #define HAVE_STDLIB_H 1
| #define HAVE_STRING_H 1
| #define HAVE_MEMORY_H 1
| #define HAVE_STRINGS_H 1
| #define HAVE_INTTYPES_H 1
| #define HAVE_STDINT_H 1
| #define HAVE_UNISTD_H 1
| #define HAVE_LIMITS_H 1
| #define HAVE_UNISTD_H 1
| #define HAVE_SYS_PARAM_H 1
| #define STATIC_BUILD 1
| #define PEEK_XCLOSEIM 1
| #define _LARGEFILE64_SOURCE 1
| #define TCL_WIDE_INT_IS_LONG 1
| /* end confdefs.h.  */
| #ifndef __APPLE_CC__
| 	       not a universal capable compiler
| 	     #endif
| 	     typedef int dummy;
| 
configure:6972: gcc -c  -pipe  conftest.c >&5
configure:6972: $? = 0
configure:6990: gcc -c  -pipe  conftest.c >&5
conftest.c: In function 'main':
conftest.c:33:4: error: unknown type name 'not'; did you mean 'ino_t'?
    not big endian
    ^~~
    ino_t
conftest.c:33:12: error: expected '=', ',', ';', 'asm' or '__attribute__' before 'endian'
    not big endian
            ^~~~~~
configure:6990: $? = 1
configure: failed program was:
| /* confdefs.h */
| #define PACKAGE_NAME ""
| #define PACKAGE_TARNAME ""
| #define PACKAGE_VERSION ""
| #define PACKAGE_STRING ""
| #define PACKAGE_BUGREPORT ""
| #define PACKAGE_URL ""
| #define STDC_HEADERS 1
| #define HAVE_SYS_TYPES_H 1
| #define HAVE_SYS_STAT_H 1
| #define HAVE_STDLIB_H 1
| #define HAVE_STRING_H 1
| #define HAVE_MEMORY_H 1
| #define HAVE_STRINGS_H 1
| #define HAVE_INTTYPES_H 1
| #define HAVE_STDINT_H 1
| #define HAVE_UNISTD_H 1
| #define HAVE_LIMITS_H 1
| #define HAVE_UNISTD_H 1
| #define HAVE_SYS_PARAM_H 1
| #define STATIC_BUILD 1
| #define PEEK_XCLOSEIM 1
| #define _LARGEFILE64_SOURCE 1
| #define TCL_WIDE_INT_IS_LONG 1
| /* end confdefs.h.  */
| #include <sys/types.h>
| 		#include <sys/param.h>
| 
| int
| main ()
| {
| #if BYTE_ORDER != BIG_ENDIAN
| 		 not big endian
| 		#endif
| 
|   ;
|   return 0;
| }
configure:7118: result: no
configure:7145: checking for getcwd
configure:7145: gcc -o conftest  -pipe   -Wl,--export-dynamic conftest.c  >&5
configure:7145: $? = 0
configure:7145: result: yes
configure:7160: checking for opendir
configure:7160: gcc -o conftest  -pipe   -Wl,--export-dynamic conftest.c  >&5
configure:7160: $? = 0
configure:7160: result: yes
configure:7173: checking for strstr
configure:7173: gcc -o conftest  -pipe   -Wl,--export-dynamic conftest.c  >&5
conftest.c:51:6: warning: conflicting types for built-in function 'strstr' [-Wbuiltin-declaration-mismatch]
 char strstr ();
      ^~~~~~
configure:7173: $? = 0
configure:7173: result: yes
configure:7186: checking for strtol
configure:7186: gcc -o conftest  -pipe   -Wl,--export-dynamic conftest.c  >&5
configure:7186: $? = 0
configure:7186: result: yes
configure:7199: checking for strtoll
configure:7199: gcc -o conftest  -pipe   -Wl,--export-dynamic conftest.c  >&5
configure:7199: $? = 0
configure:7199: result: yes
configure:7212: checking for strtoull
configure:7212: gcc -o conftest  -pipe   -Wl,--export-dynamic conftest.c  >&5
configure:7212: $? = 0
configure:7212: result: yes
configure:7225: checking for tmpnam
configure:7225: gcc -o conftest  -pipe   -Wl,--export-dynamic conftest.c  >&5
/tmp/cc9ZdrT9.o: In function `main':
conftest.c:(.text+0xa): warning: the use of `tmpnam' is dangerous, better use `mkstemp'
configure:7225: $? = 0
configure:7225: result: yes
configure:7238: checking for waitpid
configure:7238: gcc -o conftest  -pipe   -Wl,--export-dynamic conftest.c  >&5
configure:7238: $? = 0
configure:7238: result: yes
configure:7252: checking for strerror
configure:7252: gcc -o conftest  -pipe   -Wl,--export-dynamic conftest.c  >&5
configure:7252: $? = 0
configure:7252: result: yes
configure:7260: checking for getwd
configure:7260: gcc -o conftest  -pipe   -Wl,--export-dynamic conftest.c  >&5
/tmp/ccEevDAj.o: In function `main':
conftest.c:(.text+0xa): warning: the `getwd' function is dangerous and should not be used.
configure:7260: $? = 0
configure:7260: result: yes
configure:7268: checking for wait3
configure:7268: gcc -o conftest  -pipe   -Wl,--export-dynamic conftest.c  >&5
configure:7268: $? = 0
configure:7268: result: yes
configure:7276: checking for uname
configure:7276: gcc -o conftest  -pipe   -Wl,--export-dynamic conftest.c  >&5
configure:7276: $? = 0
configure:7276: result: yes
configure:7291: checking for realpath
configure:7291: gcc -o conftest  -pipe   -Wl,--export-dynamic conftest.c  >&5
configure:7291: $? = 0
configure:7291: result: yes
configure:7940: checking sys/modem.h usability
configure:7940: gcc -c  -pipe  conftest.c >&5
conftest.c:67:10: fatal error: sys/modem.h: No such file or directory
 #include <sys/modem.h>
          ^~~~~~~~~~~~~
compilation terminated.
configure:7940: $? = 1
configure: failed program was:
| /* confdefs.h */
| #define PACKAGE_NAME ""
| #define PACKAGE_TARNAME ""
| #define PACKAGE_VERSION ""
| #define PACKAGE_STRING ""
| #define PACKAGE_BUGREPORT ""
| #define PACKAGE_URL ""
| #define STDC_HEADERS 1
| #define HAVE_SYS_TYPES_H 1
| #define HAVE_SYS_STAT_H 1
| #define HAVE_STDLIB_H 1
| #define HAVE_STRING_H 1
| #define HAVE_MEMORY_H 1
| #define HAVE_STRINGS_H 1
| #define HAVE_INTTYPES_H 1
| #define HAVE_STDINT_H 1
| #define HAVE_UNISTD_H 1
| #define HAVE_LIMITS_H 1
| #define HAVE_UNISTD_H 1
| #define HAVE_SYS_PARAM_H 1
| #define STATIC_BUILD 1
| #define PEEK_XCLOSEIM 1
| #define _LARGEFILE64_SOURCE 1
| #define TCL_WIDE_INT_IS_LONG 1
| #define HAVE_GETCWD 1
| #define HAVE_OPENDIR 1
| #define HAVE_STRSTR 1
| #define HAVE_STRTOL 1
| #define HAVE_STRTOLL 1
| #define HAVE_STRTOULL 1
| #define HAVE_TMPNAM 1
| #define HAVE_WAITPID 1
| /* end confdefs.h.  */
| #include <stdio.h>
| #ifdef HAVE_SYS_TYPES_H
| # include <sys/types.h>
| #endif
| #ifdef HAVE_SYS_STAT_H
| # include <sys/stat.h>
| #endif
| #ifdef STDC_HEADERS
| # include <stdlib.h>
| # include <stddef.h>
| #else
| # ifdef HAVE_STDLIB_H
| #  include <stdlib.h>
| # endif
| #endif
| #ifdef HAVE_STRING_H
| # if !defined STDC_HEADERS && defined HAVE_MEMORY_H
| #  include <memory.h>
| # endif
| # include <string.h>
| #endif
| #ifdef HAVE_STRINGS_H
| # include <strings.h>
| #endif
| #ifdef HAVE_INTTYPES_H
| # include <inttypes.h>
| #endif
| #ifdef HAVE_STDINT_H
| # include <stdint.h>
| #endif
| #ifdef HAVE_UNISTD_H
| # include <unistd.h>
| #endif
| #include <sys/modem.h>
configure:7940: result: no
configure:7940: checking sys/modem.h presence
configure:7940: gcc -E  conftest.c
conftest.c:34:10: fatal error: sys/modem.h: No such file or directory
 #include <sys/modem.h>
          ^~~~~~~~~~~~~
compilation terminated.
configure:7940: $? = 1
configure: failed program was:
| /* confdefs.h */
| #define PACKAGE_NAME ""
| #define PACKAGE_TARNAME ""
| #define PACKAGE_VERSION ""
| #define PACKAGE_STRING ""
| #define PACKAGE_BUGREPORT ""
| #define PACKAGE_URL ""
| #define STDC_HEADERS 1
| #define HAVE_SYS_TYPES_H 1
| #define HAVE_SYS_STAT_H 1
| #define HAVE_STDLIB_H 1
| #define HAVE_STRING_H 1
| #define HAVE_MEMORY_H 1
| #define HAVE_STRINGS_H 1
| #define HAVE_INTTYPES_H 1
| #define HAVE_STDINT_H 1
| #define HAVE_UNISTD_H 1
| #define HAVE_LIMITS_H 1
| #define HAVE_UNISTD_H 1
| #define HAVE_SYS_PARAM_H 1
| #define STATIC_BUILD 1
| #define PEEK_XCLOSEIM 1
| #define _LARGEFILE64_SOURCE 1
| #define TCL_WIDE_INT_IS_LONG 1
| #define HAVE_GETCWD 1
| #define HAVE_OPENDIR 1
| #define HAVE_STRSTR 1
| #define HAVE_STRTOL 1
| #define HAVE_STRTOLL 1
| #define HAVE_STRTOULL 1
| #define HAVE_TMPNAM 1
| #define HAVE_WAITPID 1
| /* end confdefs.h.  */
| #include <sys/modem.h>
configure:7940: result: no
configure:7940: checking for sys/modem.h
configure:7940: result: no
configure:7950: checking termios vs. termio vs. sgtty
configure:7974: gcc -o conftest  -pipe   -Wl,--export-dynamic conftest.c  >&5
configure:7974: $? = 0
configure:7974: ./conftest
configure:7974: $? = 1
configure: program exited with status 1
configure: failed program was:
| /* confdefs.h */
| #define PACKAGE_NAME ""
| #define PACKAGE_TARNAME ""
| #define PACKAGE_VERSION ""
| #define PACKAGE_STRING ""
| #define PACKAGE_BUGREPORT ""
| #define PACKAGE_URL ""
| #define STDC_HEADERS 1
| #define HAVE_SYS_TYPES_H 1
| #define HAVE_SYS_STAT_H 1
| #define HAVE_STDLIB_H 1
| #define HAVE_STRING_H 1
| #define HAVE_MEMORY_H 1
| #define HAVE_STRINGS_H 1
| #define HAVE_INTTYPES_H 1
| #define HAVE_STDINT_H 1
| #define HAVE_UNISTD_H 1
| #define HAVE_LIMITS_H 1
| #define HAVE_UNISTD_H 1
| #define HAVE_SYS_PARAM_H 1
| #define STATIC_BUILD 1
| #define PEEK_XCLOSEIM 1
| #define _LARGEFILE64_SOURCE 1
| #define TCL_WIDE_INT_IS_LONG 1
| #define HAVE_GETCWD 1
| #define HAVE_OPENDIR 1
| #define HAVE_STRSTR 1
| #define HAVE_STRTOL 1
| #define HAVE_STRTOLL 1
| #define HAVE_STRTOULL 1
| #define HAVE_TMPNAM 1
| #define HAVE_WAITPID 1
| /* end confdefs.h.  */
| 
| #include <termios.h>
| 
| int main() {
|     struct termios t;
|     if (tcgetattr(0, &t) == 0) {
| 	cfsetospeed(&t, 0);
| 	t.c_cflag |= PARENB | PARODD | CSIZE | CSTOPB;
| 	return 0;
|     }
|     return 1;
| }
configure:8001: gcc -o conftest  -pipe   -Wl,--export-dynamic conftest.c  >&5
configure:8001: $? = 0
configure:8001: ./conftest
configure:8001: $? = 1
configure: program exited with status 1
configure: failed program was:
| /* confdefs.h */
| #define PACKAGE_NAME ""
| #define PACKAGE_TARNAME ""
| #define PACKAGE_VERSION ""
| #define PACKAGE_STRING ""
| #define PACKAGE_BUGREPORT ""
| #define PACKAGE_URL ""
| #define STDC_HEADERS 1
| #define HAVE_SYS_TYPES_H 1
| #define HAVE_SYS_STAT_H 1
| #define HAVE_STDLIB_H 1
| #define HAVE_STRING_H 1
| #define HAVE_MEMORY_H 1
| #define HAVE_STRINGS_H 1
| #define HAVE_INTTYPES_H 1
| #define HAVE_STDINT_H 1
| #define HAVE_UNISTD_H 1
| #define HAVE_LIMITS_H 1
| #define HAVE_UNISTD_H 1
| #define HAVE_SYS_PARAM_H 1
| #define STATIC_BUILD 1
| #define PEEK_XCLOSEIM 1
| #define _LARGEFILE64_SOURCE 1
| #define TCL_WIDE_INT_IS_LONG 1
| #define HAVE_GETCWD 1
| #define HAVE_OPENDIR 1
| #define HAVE_STRSTR 1
| #define HAVE_STRTOL 1
| #define HAVE_STRTOLL 1
| #define HAVE_STRTOULL 1
| #define HAVE_TMPNAM 1
| #define HAVE_WAITPID 1
| /* end confdefs.h.  */
| 
| #include <termio.h>
| 
| int main() {
|     struct termio t;
|     if (ioctl(0, TCGETA, &t) == 0) {
| 	t.c_cflag |= CBAUD | PARENB | PARODD | CSIZE | CSTOPB;
| 	return 0;
|     }
|     return 1;
| }
configure:8030: gcc -o conftest  -pipe   -Wl,--export-dynamic conftest.c  >&5
conftest.c: In function 'main':
conftest.c:38:19: error: storage size of 't' isn't known
     struct sgttyb t;
                   ^
conftest.c:39:18: error: 'TIOCGETP' undeclared (first use in this function); did you mean 'TIOCGETD'?
     if (ioctl(0, TIOCGETP, &t) == 0) {
                  ^~~~~~~~
                  TIOCGETD
conftest.c:39:18: note: each undeclared identifier is reported only once for each function it appears in
conftest.c:41:16: error: 'ODDP' undeclared (first use in this function)
  t.sg_flags |= ODDP | EVENP | RAW;
                ^~~~
conftest.c:41:23: error: 'EVENP' undeclared (first use in this function)
  t.sg_flags |= ODDP | EVENP | RAW;
                       ^~~~~
conftest.c:41:31: error: 'RAW' undeclared (first use in this function)
  t.sg_flags |= ODDP | EVENP | RAW;
                               ^~~
configure:8030: $? = 1
configure: program exited with status 1
configure: failed program was:
| /* confdefs.h */
| #define PACKAGE_NAME ""
| #define PACKAGE_TARNAME ""
| #define PACKAGE_VERSION ""
| #define PACKAGE_STRING ""
| #define PACKAGE_BUGREPORT ""
| #define PACKAGE_URL ""
| #define STDC_HEADERS 1
| #define HAVE_SYS_TYPES_H 1
| #define HAVE_SYS_STAT_H 1
| #define HAVE_STDLIB_H 1
| #define HAVE_STRING_H 1
| #define HAVE_MEMORY_H 1
| #define HAVE_STRINGS_H 1
| #define HAVE_INTTYPES_H 1
| #define HAVE_STDINT_H 1
| #define HAVE_UNISTD_H 1
| #define HAVE_LIMITS_H 1
| #define HAVE_UNISTD_H 1
| #define HAVE_SYS_PARAM_H 1
| #define STATIC_BUILD 1
| #define PEEK_XCLOSEIM 1
| #define _LARGEFILE64_SOURCE 1
| #define TCL_WIDE_INT_IS_LONG 1
| #define HAVE_GETCWD 1
| #define HAVE_OPENDIR 1
| #define HAVE_STRSTR 1
| #define HAVE_STRTOL 1
| #define HAVE_STRTOLL 1
| #define HAVE_STRTOULL 1
| #define HAVE_TMPNAM 1
| #define HAVE_WAITPID 1
| /* end confdefs.h.  */
| 
| #include <sgtty.h>
| 
| int main() {
|     struct sgttyb t;
|     if (ioctl(0, TIOCGETP, &t) == 0) {
| 	t.sg_ospeed = 0;
| 	t.sg_flags |= ODDP | EVENP | RAW;
| 	return 0;
|     }
|     return 1;
| }
configure:8061: gcc -o conftest  -pipe   -Wl,--export-dynamic conftest.c  >&5
configure:8061: $? = 0
configure:8061: ./conftest
configure:8061: $? = 0
configure:8133: result: termios
configure:8155: checking for fd_set in sys/types
configure:8172: gcc -c  -pipe  conftest.c >&5
configure:8172: $? = 0
configure:8179: result: yes
configure:8220: checking whether struct tm is in sys/time.h or time.h
configure:8240: gcc -c  -pipe  conftest.c >&5
configure:8240: $? = 0
configure:8247: result: time.h
configure:8258: checking sys/time.h usability
configure:8258: gcc -c  -pipe  conftest.c >&5
configure:8258: $? = 0
configure:8258: result: yes
configure:8258: checking sys/time.h presence
configure:8258: gcc -E  conftest.c
configure:8258: $? = 0
configure:8258: result: yes
configure:8258: checking for sys/time.h
configure:8258: result: yes
configure:8268: checking whether time.h and sys/time.h may both be included
configure:8288: gcc -c  -pipe  conftest.c >&5
configure:8288: $? = 0
configure:8295: result: yes
configure:8303: checking for struct tm.tm_zone
configure:8303: gcc -c  -pipe  conftest.c >&5
configure:8303: $? = 0
configure:8303: result: yes
configure:8374: checking for gmtime_r
configure:8374: gcc -o conftest  -pipe   -Wl,--export-dynamic conftest.c  >&5
configure:8374: $? = 0
configure:8374: result: yes
configure:8374: checking for localtime_r
configure:8374: gcc -o conftest  -pipe   -Wl,--export-dynamic conftest.c  >&5
configure:8374: $? = 0
configure:8374: result: yes
configure:8384: checking tm_tzadj in struct tm
configure:8401: gcc -c  -pipe  conftest.c >&5
conftest.c: In function 'main':
conftest.c:45:18: error: 'struct tm' has no member named 'tm_tzadj'; did you mean 'tm_mday'?
 struct tm tm; tm.tm_tzadj;
                  ^~~~~~~~
                  tm_mday
configure:8401: $? = 1
configure: failed program was:
| /* confdefs.h */
| #define PACKAGE_NAME ""
| #define PACKAGE_TARNAME ""
| #define PACKAGE_VERSION ""
| #define PACKAGE_STRING ""
| #define PACKAGE_BUGREPORT ""
| #define PACKAGE_URL ""
| #define STDC_HEADERS 1
| #define HAVE_SYS_TYPES_H 1
| #define HAVE_SYS_STAT_H 1
| #define HAVE_STDLIB_H 1
| #define HAVE_STRING_H 1
| #define HAVE_MEMORY_H 1
| #define HAVE_STRINGS_H 1
| #define HAVE_INTTYPES_H 1
| #define HAVE_STDINT_H 1
| #define HAVE_UNISTD_H 1
| #define HAVE_LIMITS_H 1
| #define HAVE_UNISTD_H 1
| #define HAVE_SYS_PARAM_H 1
| #define STATIC_BUILD 1
| #define PEEK_XCLOSEIM 1
| #define _LARGEFILE64_SOURCE 1
| #define TCL_WIDE_INT_IS_LONG 1
| #define HAVE_GETCWD 1
| #define HAVE_OPENDIR 1
| #define HAVE_STRSTR 1
| #define HAVE_STRTOL 1
| #define HAVE_STRTOLL 1
| #define HAVE_STRTOULL 1
| #define HAVE_TMPNAM 1
| #define HAVE_WAITPID 1
| #define USE_TERMIOS 1
| #define HAVE_SYS_TIME_H 1
| #define TIME_WITH_SYS_TIME 1
| #define HAVE_STRUCT_TM_TM_ZONE 1
| #define HAVE_TM_ZONE 1
| #define HAVE_GMTIME_R 1
| #define HAVE_LOCALTIME_R 1
| /* end confdefs.h.  */
| #include <time.h>
| int
| main ()
| {
| struct tm tm; tm.tm_tzadj;
|   ;
|   return 0;
| }
configure:8408: result: no
configure:8415: checking tm_gmtoff in struct tm
configure:8432: gcc -c  -pipe  conftest.c >&5
configure:8432: $? = 0
configure:8439: result: yes
configure:8450: checking long timezone variable
configure:8469: gcc -c  -pipe  conftest.c >&5
conftest.c: In function 'main':
conftest.c:48:6: warning: implicit declaration of function 'exit' [-Wimplicit-function-declaration]
      exit (0);
      ^~~~
conftest.c:48:6: warning: incompatible implicit declaration of built-in function 'exit'
conftest.c:48:6: note: include '<stdlib.h>' or provide a declaration of 'exit'
configure:8469: $? = 0
configure:8476: result: yes
configure:8524: checking for struct stat.st_blksize
configure:8524: gcc -c  -pipe  conftest.c >&5
configure:8524: $? = 0
configure:8524: result: yes
configure:8537: checking for fstatfs
configure:8537: gcc -o conftest  -pipe   -Wl,--export-dynamic conftest.c  >&5
configure:8537: $? = 0
configure:8537: result: yes
configure:8550: checking for working memcmp
configure:8593: gcc -o conftest  -pipe   -Wl,--export-dynamic conftest.c  >&5
configure:8593: $? = 0
configure:8593: ./conftest
configure:8593: $? = 0
configure:8603: result: yes
configure:8618: checking for memmove
configure:8618: gcc -o conftest  -pipe   -Wl,--export-dynamic conftest.c  >&5
conftest.c:68:6: warning: conflicting types for built-in function 'memmove' [-Wbuiltin-declaration-mismatch]
 char memmove ();
      ^~~~~~~
configure:8618: $? = 0
configure:8618: result: yes
configure:8633: checking proper strstr implementation
configure:8651: gcc -o conftest  -pipe   -Wl,--export-dynamic conftest.c  >&5
conftest.c:46:13: warning: conflicting types for built-in function 'strstr' [-Wbuiltin-declaration-mismatch]
  extern int strstr();
             ^~~~~~
conftest.c: In function 'main':
conftest.c:49:6: warning: implicit declaration of function 'exit' [-Wimplicit-function-declaration]
      exit(strstr("\0test", "test") ? 1 : 0);
      ^~~~
conftest.c:49:6: warning: incompatible implicit declaration of built-in function 'exit'
conftest.c:49:6: note: include '<stdlib.h>' or provide a declaration of 'exit'
configure:8651: $? = 0
configure:8651: ./conftest
configure:8651: $? = 0
configure:8661: result: ok
configure:8674: checking for strtoul
configure:8674: gcc -o conftest  -pipe   -Wl,--export-dynamic conftest.c  >&5
configure:8674: $? = 0
configure:8674: result: yes
configure:8682: checking proper strtoul implementation
configure:8707: gcc -o conftest  -pipe   -Wl,--export-dynamic conftest.c  >&5
conftest.c: In function 'main':
conftest.c:54:3: warning: implicit declaration of function 'exit' [-Wimplicit-function-declaration]
   exit(1);
   ^~~~
conftest.c:54:3: warning: incompatible implicit declaration of built-in function 'exit'
conftest.c:54:3: note: include '<stdlib.h>' or provide a declaration of 'exit'
conftest.c:56:6: warning: incompatible implicit declaration of built-in function 'exit'
      exit(0);
      ^~~~
conftest.c:56:6: note: include '<stdlib.h>' or provide a declaration of 'exit'
configure:8707: $? = 0
configure:8707: ./conftest
configure:8707: $? = 0
configure:8717: result: ok
configure:8732: checking for strtod
configure:8732: gcc -o conftest  -pipe   -Wl,--export-dynamic conftest.c  >&5
configure:8732: $? = 0
configure:8732: result: yes
configure:8740: checking proper strtod implementation
configure:8765: gcc -o conftest  -pipe   -Wl,--export-dynamic conftest.c  >&5
conftest.c: In function 'main':
conftest.c:54:3: warning: implicit declaration of function 'exit' [-Wimplicit-function-declaration]
   exit(1);
   ^~~~
conftest.c:54:3: warning: incompatible implicit declaration of built-in function 'exit'
conftest.c:54:3: note: include '<stdlib.h>' or provide a declaration of 'exit'
conftest.c:56:6: warning: incompatible implicit declaration of built-in function 'exit'
      exit(0);
      ^~~~
conftest.c:56:6: note: include '<stdlib.h>' or provide a declaration of 'exit'
configure:8765: $? = 0
configure:8765: ./conftest
configure:8765: $? = 0
configure:8775: result: ok
configure:8793: checking for strtod
configure:8793: result: yes
configure:8801: checking for Solaris2.4/Tru64 strtod bugs
configure:8833: gcc -o conftest  -pipe   -Wl,--export-dynamic conftest.c  >&5
conftest.c: In function 'main':
conftest.c:53:4: warning: implicit declaration of function 'exit' [-Wimplicit-function-declaration]
    exit(1);
    ^~~~
conftest.c:53:4: warning: incompatible implicit declaration of built-in function 'exit'
conftest.c:53:4: note: include '<stdlib.h>' or provide a declaration of 'exit'
conftest.c:57:4: warning: incompatible implicit declaration of built-in function 'exit'
    exit(1);
    ^~~~
conftest.c:57:4: note: include '<stdlib.h>' or provide a declaration of 'exit'
conftest.c:61:4: warning: incompatible implicit declaration of built-in function 'exit'
    exit(1);
    ^~~~
conftest.c:61:4: note: include '<stdlib.h>' or provide a declaration of 'exit'
conftest.c:63:7: warning: incompatible implicit declaration of built-in function 'exit'
       exit(0);
       ^~~~
conftest.c:63:7: note: include '<stdlib.h>' or provide a declaration of 'exit'
configure:8833: $? = 0
configure:8833: ./conftest
configure:8833: $? = 0
configure:8843: result: ok
configure:8858: checking for mode_t
configure:8858: gcc -c  -pipe  conftest.c >&5
configure:8858: $? = 0
configure:8858: gcc -c  -pipe  conftest.c >&5
conftest.c: In function 'main':
conftest.c:81:21: error: expected expression before ')' token
 if (sizeof ((mode_t)))
                     ^
configure:8858: $? = 1
configure: failed program was:
| /* confdefs.h */
| #define PACKAGE_NAME ""
| #define PACKAGE_TARNAME ""
| #define PACKAGE_VERSION ""
| #define PACKAGE_STRING ""
| #define PACKAGE_BUGREPORT ""
| #define PACKAGE_URL ""
| #define STDC_HEADERS 1
| #define HAVE_SYS_TYPES_H 1
| #define HAVE_SYS_STAT_H 1
| #define HAVE_STDLIB_H 1
| #define HAVE_STRING_H 1
| #define HAVE_MEMORY_H 1
| #define HAVE_STRINGS_H 1
| #define HAVE_INTTYPES_H 1
| #define HAVE_STDINT_H 1
| #define HAVE_UNISTD_H 1
| #define HAVE_LIMITS_H 1
| #define HAVE_UNISTD_H 1
| #define HAVE_SYS_PARAM_H 1
| #define STATIC_BUILD 1
| #define PEEK_XCLOSEIM 1
| #define _LARGEFILE64_SOURCE 1
| #define TCL_WIDE_INT_IS_LONG 1
| #define HAVE_GETCWD 1
| #define HAVE_OPENDIR 1
| #define HAVE_STRSTR 1
| #define HAVE_STRTOL 1
| #define HAVE_STRTOLL 1
| #define HAVE_STRTOULL 1
| #define HAVE_TMPNAM 1
| #define HAVE_WAITPID 1
| #define USE_TERMIOS 1
| #define HAVE_SYS_TIME_H 1
| #define TIME_WITH_SYS_TIME 1
| #define HAVE_STRUCT_TM_TM_ZONE 1
| #define HAVE_TM_ZONE 1
| #define HAVE_GMTIME_R 1
| #define HAVE_LOCALTIME_R 1
| #define HAVE_TM_GMTOFF 1
| #define HAVE_TIMEZONE_VAR 1
| #define HAVE_STRUCT_STAT_ST_BLKSIZE 1
| #define HAVE_ST_BLKSIZE 1
| /* end confdefs.h.  */
| #include <stdio.h>
| #ifdef HAVE_SYS_TYPES_H
| # include <sys/types.h>
| #endif
| #ifdef HAVE_SYS_STAT_H
| # include <sys/stat.h>
| #endif
| #ifdef STDC_HEADERS
| # include <stdlib.h>
| # include <stddef.h>
| #else
| # ifdef HAVE_STDLIB_H
| #  include <stdlib.h>
| # endif
| #endif
| #ifdef HAVE_STRING_H
| # if !defined STDC_HEADERS && defined HAVE_MEMORY_H
| #  include <memory.h>
| # endif
| # include <string.h>
| #endif
| #ifdef HAVE_STRINGS_H
| # include <strings.h>
| #endif
| #ifdef HAVE_INTTYPES_H
| # include <inttypes.h>
| #endif
| #ifdef HAVE_STDINT_H
| # include <stdint.h>
| #endif
| #ifdef HAVE_UNISTD_H
| # include <unistd.h>
| #endif
| int
| main ()
| {
| if (sizeof ((mode_t)))
| 	    return 0;
|   ;
|   return 0;
| }
configure:8858: result: yes
configure:8869: checking for pid_t
configure:8869: gcc -c  -pipe  conftest.c >&5
configure:8869: $? = 0
configure:8869: gcc -c  -pipe  conftest.c >&5
conftest.c: In function 'main':
conftest.c:81:20: error: expected expression before ')' token
 if (sizeof ((pid_t)))
                    ^
configure:8869: $? = 1
configure: failed program was:
| /* confdefs.h */
| #define PACKAGE_NAME ""
| #define PACKAGE_TARNAME ""
| #define PACKAGE_VERSION ""
| #define PACKAGE_STRING ""
| #define PACKAGE_BUGREPORT ""
| #define PACKAGE_URL ""
| #define STDC_HEADERS 1
| #define HAVE_SYS_TYPES_H 1
| #define HAVE_SYS_STAT_H 1
| #define HAVE_STDLIB_H 1
| #define HAVE_STRING_H 1
| #define HAVE_MEMORY_H 1
| #define HAVE_STRINGS_H 1
| #define HAVE_INTTYPES_H 1
| #define HAVE_STDINT_H 1
| #define HAVE_UNISTD_H 1
| #define HAVE_LIMITS_H 1
| #define HAVE_UNISTD_H 1
| #define HAVE_SYS_PARAM_H 1
| #define STATIC_BUILD 1
| #define PEEK_XCLOSEIM 1
| #define _LARGEFILE64_SOURCE 1
| #define TCL_WIDE_INT_IS_LONG 1
| #define HAVE_GETCWD 1
| #define HAVE_OPENDIR 1
| #define HAVE_STRSTR 1
| #define HAVE_STRTOL 1
| #define HAVE_STRTOLL 1
| #define HAVE_STRTOULL 1
| #define HAVE_TMPNAM 1
| #define HAVE_WAITPID 1
| #define USE_TERMIOS 1
| #define HAVE_SYS_TIME_H 1
| #define TIME_WITH_SYS_TIME 1
| #define HAVE_STRUCT_TM_TM_ZONE 1
| #define HAVE_TM_ZONE 1
| #define HAVE_GMTIME_R 1
| #define HAVE_LOCALTIME_R 1
| #define HAVE_TM_GMTOFF 1
| #define HAVE_TIMEZONE_VAR 1
| #define HAVE_STRUCT_STAT_ST_BLKSIZE 1
| #define HAVE_ST_BLKSIZE 1
| /* end confdefs.h.  */
| #include <stdio.h>
| #ifdef HAVE_SYS_TYPES_H
| # include <sys/types.h>
| #endif
| #ifdef HAVE_SYS_STAT_H
| # include <sys/stat.h>
| #endif
| #ifdef STDC_HEADERS
| # include <stdlib.h>
| # include <stddef.h>
| #else
| # ifdef HAVE_STDLIB_H
| #  include <stdlib.h>
| # endif
| #endif
| #ifdef HAVE_STRING_H
| # if !defined STDC_HEADERS && defined HAVE_MEMORY_H
| #  include <memory.h>
| # endif
| # include <string.h>
| #endif
| #ifdef HAVE_STRINGS_H
| # include <strings.h>
| #endif
| #ifdef HAVE_INTTYPES_H
| # include <inttypes.h>
| #endif
| #ifdef HAVE_STDINT_H
| # include <stdint.h>
| #endif
| #ifdef HAVE_UNISTD_H
| # include <unistd.h>
| #endif
| int
| main ()
| {
| if (sizeof ((pid_t)))
| 	    return 0;
|   ;
|   return 0;
| }
configure:8869: result: yes
configure:8880: checking for size_t
configure:8880: gcc -c  -pipe  conftest.c >&5
configure:8880: $? = 0
configure:8880: gcc -c  -pipe  conftest.c >&5
conftest.c: In function 'main':
conftest.c:81:21: error: expected expression before ')' token
 if (sizeof ((size_t)))
                     ^
configure:8880: $? = 1
configure: failed program was:
| /* confdefs.h */
| #define PACKAGE_NAME ""
| #define PACKAGE_TARNAME ""
| #define PACKAGE_VERSION ""
| #define PACKAGE_STRING ""
| #define PACKAGE_BUGREPORT ""
| #define PACKAGE_URL ""
| #define STDC_HEADERS 1
| #define HAVE_SYS_TYPES_H 1
| #define HAVE_SYS_STAT_H 1
| #define HAVE_STDLIB_H 1
| #define HAVE_STRING_H 1
| #define HAVE_MEMORY_H 1
| #define HAVE_STRINGS_H 1
| #define HAVE_INTTYPES_H 1
| #define HAVE_STDINT_H 1
| #define HAVE_UNISTD_H 1
| #define HAVE_LIMITS_H 1
| #define HAVE_UNISTD_H 1
| #define HAVE_SYS_PARAM_H 1
| #define STATIC_BUILD 1
| #define PEEK_XCLOSEIM 1
| #define _LARGEFILE64_SOURCE 1
| #define TCL_WIDE_INT_IS_LONG 1
| #define HAVE_GETCWD 1
| #define HAVE_OPENDIR 1
| #define HAVE_STRSTR 1
| #define HAVE_STRTOL 1
| #define HAVE_STRTOLL 1
| #define HAVE_STRTOULL 1
| #define HAVE_TMPNAM 1
| #define HAVE_WAITPID 1
| #define USE_TERMIOS 1
| #define HAVE_SYS_TIME_H 1
| #define TIME_WITH_SYS_TIME 1
| #define HAVE_STRUCT_TM_TM_ZONE 1
| #define HAVE_TM_ZONE 1
| #define HAVE_GMTIME_R 1
| #define HAVE_LOCALTIME_R 1
| #define HAVE_TM_GMTOFF 1
| #define HAVE_TIMEZONE_VAR 1
| #define HAVE_STRUCT_STAT_ST_BLKSIZE 1
| #define HAVE_ST_BLKSIZE 1
| /* end confdefs.h.  */
| #include <stdio.h>
| #ifdef HAVE_SYS_TYPES_H
| # include <sys/types.h>
| #endif
| #ifdef HAVE_SYS_STAT_H
| # include <sys/stat.h>
| #endif
| #ifdef STDC_HEADERS
| # include <stdlib.h>
| # include <stddef.h>
| #else
| # ifdef HAVE_STDLIB_H
| #  include <stdlib.h>
| # endif
| #endif
| #ifdef HAVE_STRING_H
| # if !defined STDC_HEADERS && defined HAVE_MEMORY_H
| #  include <memory.h>
| # endif
| # include <string.h>
| #endif
| #ifdef HAVE_STRINGS_H
| # include <strings.h>
| #endif
| #ifdef HAVE_INTTYPES_H
| # include <inttypes.h>
| #endif
| #ifdef HAVE_STDINT_H
| # include <stdint.h>
| #endif
| #ifdef HAVE_UNISTD_H
| # include <unistd.h>
| #endif
| int
| main ()
| {
| if (sizeof ((size_t)))
| 	    return 0;
|   ;
|   return 0;
| }
configure:8880: result: yes
configure:8891: checking for uid_t in sys/types.h
configure:8910: result: yes
configure:8922: checking for socklen_t
configure:8948: result: yes
configure:8962: checking for opendir
configure:8962: result: yes
configure:8979: checking union wait
configure:9001: gcc -o conftest  -pipe   -Wl,--export-dynamic conftest.c  >&5
conftest.c: In function 'main':
conftest.c:51:12: error: storage size of 'x' isn't known
 union wait x;
            ^
configure:9001: $? = 1
configure: failed program was:
| /* confdefs.h */
| #define PACKAGE_NAME ""
| #define PACKAGE_TARNAME ""
| #define PACKAGE_VERSION ""
| #define PACKAGE_STRING ""
| #define PACKAGE_BUGREPORT ""
| #define PACKAGE_URL ""
| #define STDC_HEADERS 1
| #define HAVE_SYS_TYPES_H 1
| #define HAVE_SYS_STAT_H 1
| #define HAVE_STDLIB_H 1
| #define HAVE_STRING_H 1
| #define HAVE_MEMORY_H 1
| #define HAVE_STRINGS_H 1
| #define HAVE_INTTYPES_H 1
| #define HAVE_STDINT_H 1
| #define HAVE_UNISTD_H 1
| #define HAVE_LIMITS_H 1
| #define HAVE_UNISTD_H 1
| #define HAVE_SYS_PARAM_H 1
| #define STATIC_BUILD 1
| #define PEEK_XCLOSEIM 1
| #define _LARGEFILE64_SOURCE 1
| #define TCL_WIDE_INT_IS_LONG 1
| #define HAVE_GETCWD 1
| #define HAVE_OPENDIR 1
| #define HAVE_STRSTR 1
| #define HAVE_STRTOL 1
| #define HAVE_STRTOLL 1
| #define HAVE_STRTOULL 1
| #define HAVE_TMPNAM 1
| #define HAVE_WAITPID 1
| #define USE_TERMIOS 1
| #define HAVE_SYS_TIME_H 1
| #define TIME_WITH_SYS_TIME 1
| #define HAVE_STRUCT_TM_TM_ZONE 1
| #define HAVE_TM_ZONE 1
| #define HAVE_GMTIME_R 1
| #define HAVE_LOCALTIME_R 1
| #define HAVE_TM_GMTOFF 1
| #define HAVE_TIMEZONE_VAR 1
| #define HAVE_STRUCT_STAT_ST_BLKSIZE 1
| #define HAVE_ST_BLKSIZE 1
| /* end confdefs.h.  */
| #include <sys/types.h>
| #include <sys/wait.h>
| int
| main ()
| {
| 
| union wait x;
| WIFEXITED(x);		/* Generates compiler error if WIFEXITED
| 			 * uses an int. */
| 
|   ;
|   return 0;
| }
configure:9009: result: no
configure:9022: checking for strncasecmp
configure:9022: gcc -o conftest  -pipe   -Wl,--export-dynamic conftest.c  >&5
conftest.c:69:6: warning: conflicting types for built-in function 'strncasecmp' [-Wbuiltin-declaration-mismatch]
 char strncasecmp ();
      ^~~~~~~~~~~
configure:9022: $? = 0
configure:9022: result: yes
configure:9132: checking for BSDgettimeofday
configure:9132: gcc -o conftest  -pipe   -Wl,--export-dynamic conftest.c  >&5
/tmp/ccZTAPRJ.o: In function `main':
conftest.c:(.text+0xa): undefined reference to `BSDgettimeofday'
collect2: error: ld returned 1 exit status
configure:9132: $? = 1
configure: failed program was:
| /* confdefs.h */
| #define PACKAGE_NAME ""
| #define PACKAGE_TARNAME ""
| #define PACKAGE_VERSION ""
| #define PACKAGE_STRING ""
| #define PACKAGE_BUGREPORT ""
| #define PACKAGE_URL ""
| #define STDC_HEADERS 1
| #define HAVE_SYS_TYPES_H 1
| #define HAVE_SYS_STAT_H 1
| #define HAVE_STDLIB_H 1
| #define HAVE_STRING_H 1
| #define HAVE_MEMORY_H 1
| #define HAVE_STRINGS_H 1
| #define HAVE_INTTYPES_H 1
| #define HAVE_STDINT_H 1
| #define HAVE_UNISTD_H 1
| #define HAVE_LIMITS_H 1
| #define HAVE_UNISTD_H 1
| #define HAVE_SYS_PARAM_H 1
| #define STATIC_BUILD 1
| #define PEEK_XCLOSEIM 1
| #define _LARGEFILE64_SOURCE 1
| #define TCL_WIDE_INT_IS_LONG 1
| #define HAVE_GETCWD 1
| #define HAVE_OPENDIR 1
| #define HAVE_STRSTR 1
| #define HAVE_STRTOL 1
| #define HAVE_STRTOLL 1
| #define HAVE_STRTOULL 1
| #define HAVE_TMPNAM 1
| #define HAVE_WAITPID 1
| #define USE_TERMIOS 1
| #define HAVE_SYS_TIME_H 1
| #define TIME_WITH_SYS_TIME 1
| #define HAVE_STRUCT_TM_TM_ZONE 1
| #define HAVE_TM_ZONE 1
| #define HAVE_GMTIME_R 1
| #define HAVE_LOCALTIME_R 1
| #define HAVE_TM_GMTOFF 1
| #define HAVE_TIMEZONE_VAR 1
| #define HAVE_STRUCT_STAT_ST_BLKSIZE 1
| #define HAVE_ST_BLKSIZE 1
| #define NO_UNION_WAIT 1
| /* end confdefs.h.  */
| /* Define BSDgettimeofday to an innocuous variant, in case <limits.h> declares BSDgettimeofday.
|    For example, HP-UX 11i <limits.h> declares gettimeofday.  */
| #define BSDgettimeofday innocuous_BSDgettimeofday
| 
| /* System header to define __stub macros and hopefully few prototypes,
|     which can conflict with char BSDgettimeofday (); below.
|     Prefer <limits.h> to <assert.h> if __STDC__ is defined, since
|     <limits.h> exists even on freestanding compilers.  */
| 
| #ifdef __STDC__
| # include <limits.h>
| #else
| # include <assert.h>
| #endif
| 
| #undef BSDgettimeofday
| 
| /* Override any GCC internal prototype to avoid an error.
|    Use char because int might match the return type of a GCC
|    builtin and then its argument prototype would still apply.  */
| #ifdef __cplusplus
| extern "C"
| #endif
| char BSDgettimeofday ();
| /* The GNU C library defines this for functions which it implements
|     to always fail with ENOSYS.  Some functions are actually named
|     something starting with __ and the normal name is an alias.  */
| #if defined __stub_BSDgettimeofday || defined __stub___BSDgettimeofday
| choke me
| #endif
| 
| int
| main ()
| {
| return BSDgettimeofday ();
|   ;
|   return 0;
| }
configure:9132: result: no
configure:9138: checking for gettimeofday
configure:9138: gcc -o conftest  -pipe   -Wl,--export-dynamic conftest.c  >&5
configure:9138: $? = 0
configure:9138: result: yes
configure:9149: checking for gettimeofday declaration
configure:9169: result: present
configure:9182: checking whether char is unsigned
configure:9201: gcc -c  -pipe  conftest.c >&5
configure:9201: $? = 0
configure:9208: result: no
configure:9215: checking signed char declarations
configure:9235: gcc -c  -pipe  conftest.c >&5
configure:9235: $? = 0
configure:9242: result: yes
configure:9253: checking for a putenv() that copies the buffer
configure:9284: gcc -o conftest  -pipe   -Wl,--export-dynamic conftest.c  >&5
conftest.c: In function 'main':
conftest.c:53:20: warning: implicit declaration of function 'strdup' [-Wimplicit-function-declaration]
      foo = (char *)strdup(OURVAR);
                    ^~~~~~
conftest.c:53:20: warning: incompatible implicit declaration of built-in function 'strdup'
conftest.c:55:6: warning: implicit declaration of function 'strcpy' [-Wimplicit-function-declaration]
      strcpy((char *)(strchr(foo, '=') + 1), "no");
      ^~~~~~
conftest.c:55:6: warning: incompatible implicit declaration of built-in function 'strcpy'
conftest.c:55:6: note: include '<string.h>' or provide a declaration of 'strcpy'
conftest.c:55:22: warning: implicit declaration of function 'strchr' [-Wimplicit-function-declaration]
      strcpy((char *)(strchr(foo, '=') + 1), "no");
                      ^~~~~~
conftest.c:55:22: warning: incompatible implicit declaration of built-in function 'strchr'
conftest.c:55:22: note: include '<string.h>' or provide a declaration of 'strchr'
conftest.c:57:11: warning: implicit declaration of function 'strcmp' [-Wimplicit-function-declaration]
      if (!strcmp(bar, "no")) {
           ^~~~~~
configure:9284: $? = 0
configure:9284: ./conftest
configure:9284: $? = 0
configure:9294: result: no
configure:9316: checking langinfo.h usability
configure:9316: gcc -c  -pipe  conftest.c >&5
configure:9316: $? = 0
configure:9316: result: yes
configure:9316: checking langinfo.h presence
configure:9316: gcc -E  conftest.c
configure:9316: $? = 0
configure:9316: result: yes
configure:9316: checking for langinfo.h
configure:9316: result: yes
configure:9325: checking whether to use nl_langinfo
configure:9343: gcc -c  -pipe  conftest.c >&5
configure:9343: $? = 0
configure:9351: result: yes
configure:9495: checking for fts
configure:9520: gcc -o conftest  -pipe   -Wl,--export-dynamic conftest.c  >&5
configure:9520: $? = 0
configure:9528: result: yes
configure:9545: checking sys/ioctl.h usability
configure:9545: gcc -c  -pipe  conftest.c >&5
configure:9545: $? = 0
configure:9545: result: yes
configure:9545: checking sys/ioctl.h presence
configure:9545: gcc -E  conftest.c
configure:9545: $? = 0
configure:9545: result: yes
configure:9545: checking for sys/ioctl.h
configure:9545: result: yes
configure:9557: checking sys/filio.h usability
configure:9557: gcc -c  -pipe  conftest.c >&5
conftest.c:83:10: fatal error: sys/filio.h: No such file or directory
 #include <sys/filio.h>
          ^~~~~~~~~~~~~
compilation terminated.
configure:9557: $? = 1
configure: failed program was:
| /* confdefs.h */
| #define PACKAGE_NAME ""
| #define PACKAGE_TARNAME ""
| #define PACKAGE_VERSION ""
| #define PACKAGE_STRING ""
| #define PACKAGE_BUGREPORT ""
| #define PACKAGE_URL ""
| #define STDC_HEADERS 1
| #define HAVE_SYS_TYPES_H 1
| #define HAVE_SYS_STAT_H 1
| #define HAVE_STDLIB_H 1
| #define HAVE_STRING_H 1
| #define HAVE_MEMORY_H 1
| #define HAVE_STRINGS_H 1
| #define HAVE_INTTYPES_H 1
| #define HAVE_STDINT_H 1
| #define HAVE_UNISTD_H 1
| #define HAVE_LIMITS_H 1
| #define HAVE_UNISTD_H 1
| #define HAVE_SYS_PARAM_H 1
| #define STATIC_BUILD 1
| #define PEEK_XCLOSEIM 1
| #define _LARGEFILE64_SOURCE 1
| #define TCL_WIDE_INT_IS_LONG 1
| #define HAVE_GETCWD 1
| #define HAVE_OPENDIR 1
| #define HAVE_STRSTR 1
| #define HAVE_STRTOL 1
| #define HAVE_STRTOLL 1
| #define HAVE_STRTOULL 1
| #define HAVE_TMPNAM 1
| #define HAVE_WAITPID 1
| #define USE_TERMIOS 1
| #define HAVE_SYS_TIME_H 1
| #define TIME_WITH_SYS_TIME 1
| #define HAVE_STRUCT_TM_TM_ZONE 1
| #define HAVE_TM_ZONE 1
| #define HAVE_GMTIME_R 1
| #define HAVE_LOCALTIME_R 1
| #define HAVE_TM_GMTOFF 1
| #define HAVE_TIMEZONE_VAR 1
| #define HAVE_STRUCT_STAT_ST_BLKSIZE 1
| #define HAVE_ST_BLKSIZE 1
| #define NO_UNION_WAIT 1
| #define HAVE_SIGNED_CHAR 1
| #define HAVE_LANGINFO 1
| #define HAVE_FTS 1
| #define HAVE_SYS_IOCTL_H 1
| /* end confdefs.h.  */
| #include <stdio.h>
| #ifdef HAVE_SYS_TYPES_H
| # include <sys/types.h>
| #endif
| #ifdef HAVE_SYS_STAT_H
| # include <sys/stat.h>
| #endif
| #ifdef STDC_HEADERS
| # include <stdlib.h>
| # include <stddef.h>
| #else
| # ifdef HAVE_STDLIB_H
| #  include <stdlib.h>
| # endif
| #endif
| #ifdef HAVE_STRING_H
| # if !defined STDC_HEADERS && defined HAVE_MEMORY_H
| #  include <memory.h>
| # endif
| # include <string.h>
| #endif
| #ifdef HAVE_STRINGS_H
| # include <strings.h>
| #endif
| #ifdef HAVE_INTTYPES_H
| # include <inttypes.h>
| #endif
| #ifdef HAVE_STDINT_H
| # include <stdint.h>
| #endif
| #ifdef HAVE_UNISTD_H
| # include <unistd.h>
| #endif
| #include <sys/filio.h>
configure:9557: result: no
configure:9557: checking sys/filio.h presence
configure:9557: gcc -E  conftest.c
conftest.c:50:10: fatal error: sys/filio.h: No such file or directory
 #include <sys/filio.h>
          ^~~~~~~~~~~~~
compilation terminated.
configure:9557: $? = 1
configure: failed program was:
| /* confdefs.h */
| #define PACKAGE_NAME ""
| #define PACKAGE_TARNAME ""
| #define PACKAGE_VERSION ""
| #define PACKAGE_STRING ""
| #define PACKAGE_BUGREPORT ""
| #define PACKAGE_URL ""
| #define STDC_HEADERS 1
| #define HAVE_SYS_TYPES_H 1
| #define HAVE_SYS_STAT_H 1
| #define HAVE_STDLIB_H 1
| #define HAVE_STRING_H 1
| #define HAVE_MEMORY_H 1
| #define HAVE_STRINGS_H 1
| #define HAVE_INTTYPES_H 1
| #define HAVE_STDINT_H 1
| #define HAVE_UNISTD_H 1
| #define HAVE_LIMITS_H 1
| #define HAVE_UNISTD_H 1
| #define HAVE_SYS_PARAM_H 1
| #define STATIC_BUILD 1
| #define PEEK_XCLOSEIM 1
| #define _LARGEFILE64_SOURCE 1
| #define TCL_WIDE_INT_IS_LONG 1
| #define HAVE_GETCWD 1
| #define HAVE_OPENDIR 1
| #define HAVE_STRSTR 1
| #define HAVE_STRTOL 1
| #define HAVE_STRTOLL 1
| #define HAVE_STRTOULL 1
| #define HAVE_TMPNAM 1
| #define HAVE_WAITPID 1
| #define USE_TERMIOS 1
| #define HAVE_SYS_TIME_H 1
| #define TIME_WITH_SYS_TIME 1
| #define HAVE_STRUCT_TM_TM_ZONE 1
| #define HAVE_TM_ZONE 1
| #define HAVE_GMTIME_R 1
| #define HAVE_LOCALTIME_R 1
| #define HAVE_TM_GMTOFF 1
| #define HAVE_TIMEZONE_VAR 1
| #define HAVE_STRUCT_STAT_ST_BLKSIZE 1
| #define HAVE_ST_BLKSIZE 1
| #define NO_UNION_WAIT 1
| #define HAVE_SIGNED_CHAR 1
| #define HAVE_LANGINFO 1
| #define HAVE_FTS 1
| #define HAVE_SYS_IOCTL_H 1
| /* end confdefs.h.  */
| #include <sys/filio.h>
configure:9557: result: no
configure:9557: checking for sys/filio.h
configure:9557: result: no
configure:9568: checking system version
configure:9596: result: Linux-4.15.0-26-generic
configure:9600: checking FIONBIO vs. O_NONBLOCK for nonblocking I/O
configure:9627: result: O_NONBLOCK
configure:9698: checking whether to enable DTrace support
configure:9709: result: no
configure:10110: creating ./config.status

## ---------------------- ##
## Running config.status. ##
## ---------------------- ##

This file was extended by config.status, which was
generated by GNU Autoconf 2.69.  Invocation command line was

  CONFIG_FILES    = 
  CONFIG_HEADERS  = 
  CONFIG_LINKS    = 
  CONFIG_COMMANDS = 
  $ ./config.status 

on feb15

config.status:814: creating Makefile
config.status:913: WARNING:  'Makefile.in' seems to ignore the --datarootdir setting
config.status:814: creating dltest/Makefile
config.status:814: creating tclConfig.sh
configure:11135: WARNING: unrecognized options: --enable-gcc

## ---------------- ##
## Cache variables. ##
## ---------------- ##

ac_cv_c_bigendian=no
ac_cv_c_char_unsigned=no
ac_cv_c_compiler_gnu=yes
ac_cv_env_CC_set=
ac_cv_env_CC_value=
ac_cv_env_CFLAGS_set=
ac_cv_env_CFLAGS_value=
ac_cv_env_CPPFLAGS_set=
ac_cv_env_CPPFLAGS_value=
ac_cv_env_CPP_set=
ac_cv_env_CPP_value=
ac_cv_env_LDFLAGS_set=
ac_cv_env_LDFLAGS_value=
ac_cv_env_LIBS_set=
ac_cv_env_LIBS_value=
ac_cv_env_build_alias_set=
ac_cv_env_build_alias_value=
ac_cv_env_host_alias_set=
ac_cv_env_host_alias_value=
ac_cv_env_target_alias_set=
ac_cv_env_target_alias_value=
ac_cv_func_BSDgettimeofday=no
ac_cv_func_connect=yes
ac_cv_func_fstatfs=yes
ac_cv_func_getcwd=yes
ac_cv_func_gethostbyname=yes
ac_cv_func_gettimeofday=yes
ac_cv_func_getwd=yes
ac_cv_func_gmtime_r=yes
ac_cv_func_localtime_r=yes
ac_cv_func_memcmp_working=yes
ac_cv_func_memmove=yes
ac_cv_func_opendir=yes
ac_cv_func_realpath=yes
ac_cv_func_sin=no
ac_cv_func_strerror=yes
ac_cv_func_strncasecmp=yes
ac_cv_func_strstr=yes
ac_cv_func_strtod=yes
ac_cv_func_strtol=yes
ac_cv_func_strtoll=yes
ac_cv_func_strtoul=yes
ac_cv_func_strtoull=yes
ac_cv_func_tmpnam=yes
ac_cv_func_uname=yes
ac_cv_func_wait3=yes
ac_cv_func_waitpid=yes
ac_cv_header_dlfcn_h=yes
ac_cv_header_errno_h=yes
ac_cv_header_float_h=yes
ac_cv_header_inttypes_h=yes
ac_cv_header_langinfo_h=yes
ac_cv_header_limits_h=yes
ac_cv_header_memory_h=yes
ac_cv_header_net_errno_h=no
ac_cv_header_stdc=yes
ac_cv_header_stdint_h=yes
ac_cv_header_stdlib_h=yes
ac_cv_header_string_h=yes
ac_cv_header_strings_h=yes
ac_cv_header_sys_filio_h=no
ac_cv_header_sys_ioctl_h=yes
ac_cv_header_sys_modem_h=no
ac_cv_header_sys_param_h=yes
ac_cv_header_sys_stat_h=yes
ac_cv_header_sys_time_h=yes
ac_cv_header_sys_types_h=yes
ac_cv_header_sys_wait_h=yes
ac_cv_header_time=yes
ac_cv_header_unistd_h=yes
ac_cv_header_values_h=yes
ac_cv_lib_dl_dlopen=yes
ac_cv_lib_ieee_main=no
ac_cv_lib_inet_main=no
ac_cv_member_struct_stat_st_blksize=yes
ac_cv_member_struct_tm_tm_zone=yes
ac_cv_objext=o
ac_cv_path_EGREP='/bin/grep -E'
ac_cv_path_GREP=/bin/grep
ac_cv_prog_AR=ar
ac_cv_prog_CPP='gcc -E'
ac_cv_prog_ac_ct_CC=gcc
ac_cv_prog_ac_ct_RANLIB=ranlib
ac_cv_prog_cc_c89=
ac_cv_prog_cc_g=yes
ac_cv_struct_tm=time.h
ac_cv_type_mode_t=yes
ac_cv_type_pid_t=yes
ac_cv_type_size_t=yes
ac_cv_type_socklen_t=yes
ac_cv_type_uid_t=yes
tcl_cv_api_fts=yes
tcl_cv_api_serial=termios
tcl_cv_cc_pipe=yes
tcl_cv_char_signed=yes
tcl_cv_dirent_h=yes
tcl_cv_flag__isoc99_source=no
tcl_cv_flag__largefile64_source=yes
tcl_cv_flag__largefile_source64=no
tcl_cv_grep_gettimeofday=present
tcl_cv_langinfo_h=yes
tcl_cv_member_tm_gmtoff=yes
tcl_cv_member_tm_tzadj=no
tcl_cv_putenv_copy=no
tcl_cv_strstr_unbroken=ok
tcl_cv_strtod_buggy=ok
tcl_cv_strtod_unbroken=ok
tcl_cv_strtoul_unbroken=ok
tcl_cv_sys_version=Linux-4.15.0-26-generic
tcl_cv_timezone_long=yes
tcl_cv_type_64bit=none
tcl_cv_type_fd_set=yes
tcl_cv_union_wait=no

## ----------------- ##
## Output variables. ##
## ----------------- ##

AR='ar'
BUILD_DLTEST='$(DLTEST_TARGETS)'
CC='gcc'
CC_SEARCH_FLAGS='-Wl,-rpath,${LIB_RUNTIME_DIR}'
CFG_TCL_EXPORT_FILE_SUFFIX=''
CFG_TCL_SHARED_LIB_SUFFIX='${VERSION}${DBGX}.so'
CFG_TCL_UNSHARED_LIB_SUFFIX='${VERSION}${DBGX}.a'
CFLAGS=' -pipe '
CFLAGS_DEBUG='-g'
CFLAGS_DEFAULT='$(CFLAGS_OPTIMIZE)'
CFLAGS_OPTIMIZE='-O2'
CFLAGS_WARNING='-Wall -Wno-implicit-int -fno-strict-aliasing'
CPP='gcc -E'
CPPFLAGS=''
DEFS='-DPACKAGE_NAME=\"\" -DPACKAGE_TARNAME=\"\" -DPACKAGE_VERSION=\"\" -DPACKAGE_STRING=\"\" -DPACKAGE_BUGREPORT=\"\" -DPACKAGE_URL=\"\" -DSTDC_HEADERS=1 -DHAVE_SYS_TYPES_H=1 -DHAVE_SYS_STAT_H=1 -DHAVE_STDLIB_H=1 -DHAVE_STRING_H=1 -DHAVE_MEMORY_H=1 -DHAVE_STRINGS_H=1 -DHAVE_INTTYPES_H=1 -DHAVE_STDINT_H=1 -DHAVE_UNISTD_H=1 -DHAVE_LIMITS_H=1 -DHAVE_UNISTD_H=1 -DHAVE_SYS_PARAM_H=1 -DSTATIC_BUILD=1 -DPEEK_XCLOSEIM=1 -D_LARGEFILE64_SOURCE=1 -DTCL_WIDE_INT_IS_LONG=1 -DHAVE_GETCWD=1 -DHAVE_OPENDIR=1 -DHAVE_STRSTR=1 -DHAVE_STRTOL=1 -DHAVE_STRTOLL=1 -DHAVE_STRTOULL=1 -DHAVE_TMPNAM=1 -DHAVE_WAITPID=1 -DUSE_TERMIOS=1 -DHAVE_SYS_TIME_H=1 -DTIME_WITH_SYS_TIME=1 -DHAVE_STRUCT_TM_TM_ZONE=1 -DHAVE_TM_ZONE=1 -DHAVE_GMTIME_R=1 -DHAVE_LOCALTIME_R=1 -DHAVE_TM_GMTOFF=1 -DHAVE_TIMEZONE_VAR=1 -DHAVE_STRUCT_STAT_ST_BLKSIZE=1 -DHAVE_ST_BLKSIZE=1 -DNO_UNION_WAIT=1 -DHAVE_SIGNED_CHAR=1 -DHAVE_LANGINFO=1 -DHAVE_FTS=1 -DHAVE_SYS_IOCTL_H=1'
DL_LIBS='-ldl'
DL_OBJS='tclLoadDl.o'
DTRACE=''
DTRACE_HDR=''
DTRACE_OBJ=''
DTRACE_SRC=''
ECHO_C=''
ECHO_N='-n'
ECHO_T=''
EGREP='/bin/grep -E'
EXEEXT=''
EXTRA_APP_CC_SWITCHES=''
EXTRA_BUILD_HTML=''
EXTRA_CC_SWITCHES=''
EXTRA_INSTALL=''
EXTRA_INSTALL_BINARIES=''
EXTRA_TCLSH_LIBS=''
GREP='/bin/grep'
HTML_DIR='$(DISTDIR)/html'
INSTALL_LIB='$(INSTALL_LIBRARY) $(LIB_FILE) $(LIB_INSTALL_DIR)/$(LIB_FILE) ; (cd $(LIB_INSTALL_DIR) ; $(RANLIB) $(LIB_FILE))'
INSTALL_STUB_LIB='$(INSTALL_LIBRARY) $(STUB_LIB_FILE) $(LIB_INSTALL_DIR)/$(STUB_LIB_FILE) ; (cd $(LIB_INSTALL_DIR) ; $(RANLIB) $(STUB_LIB_FILE))'
LDFLAGS=' -Wl,--export-dynamic'
LDFLAGS_DEBUG=''
LDFLAGS_DEFAULT='$(LDFLAGS_OPTIMIZE)'
LDFLAGS_OPTIMIZE=''
LD_LIBRARY_PATH_VAR='LD_LIBRARY_PATH'
LD_SEARCH_FLAGS='-Wl,-rpath,${LIB_RUNTIME_DIR}'
LIBOBJS=''
LIBS=''
LTLIBOBJS=''
MAKE_LIB='${STLIB_LD} $@ ${OBJS} ; ${RANLIB} $@'
MAKE_STUB_LIB='${STLIB_LD} $@ ${STUB_LIB_OBJS} ; ${RANLIB} $@'
MAN_FLAGS=''
MATH_LIBS='-lm'
OBJEXT='o'
PACKAGE_BUGREPORT=''
PACKAGE_NAME=''
PACKAGE_STRING=''
PACKAGE_TARNAME=''
PACKAGE_URL=''
PACKAGE_VERSION=''
PATH_SEPARATOR=':'
PLAT_OBJS=''
PLAT_SRCS=''
PRIVATE_INCLUDE_DIR='$(includedir)'
RANLIB='ranlib'
SHELL='/bin/bash'
SHLIB_CFLAGS='-fPIC'
SHLIB_LD='${CC} -shared ${CFLAGS} ${LDFLAGS}'
SHLIB_LD_LIBS='${LIBS}'
SHLIB_SUFFIX='.so'
STLIB_LD='${AR} cr'
TCL_BUILD_EXP_FILE=''
TCL_BUILD_LIB_SPEC='-L/home/sadiq/Thesis/ns-allinone-2.34/tcl8.4.18/unix -ltcl8.4${TCL_DBGX}'
TCL_BUILD_STUB_LIB_PATH='/home/sadiq/Thesis/ns-allinone-2.34/tcl8.4.18/unix/libtclstub8.4${TCL_DBGX}.a'
TCL_BUILD_STUB_LIB_SPEC='-L/home/sadiq/Thesis/ns-allinone-2.34/tcl8.4.18/unix -ltclstub8.4${TCL_DBGX}'
TCL_DBGX=''
TCL_EXP_FILE=''
TCL_HAS_LONGLONG=''
TCL_INCLUDE_SPEC='-I/home/sadiq/Thesis/ns-allinone-2.34/include'
TCL_LIBRARY='$(prefix)/lib/tcl$(VERSION)'
TCL_LIBS='${DL_LIBS} ${LIBS} ${MATH_LIBS}'
TCL_LIB_FILE='libtcl8.4${TCL_DBGX}.a'
TCL_LIB_FLAG='-ltcl8.4${TCL_DBGX}'
TCL_LIB_SPEC='-L/home/sadiq/Thesis/ns-allinone-2.34/lib -ltcl8.4${TCL_DBGX}'
TCL_LIB_VERSIONS_OK='ok'
TCL_MAJOR_VERSION='8'
TCL_MINOR_VERSION='4'
TCL_NEEDS_EXP_FILE='0'
TCL_PACKAGE_PATH='/home/sadiq/Thesis/ns-allinone-2.34/lib '
TCL_PATCH_LEVEL='.18'
TCL_SHARED_BUILD='0'
TCL_SHARED_LIB_SUFFIX='${VERSION}\$\{DBGX\}${SHLIB_SUFFIX}'
TCL_SHLIB_LD_EXTRAS=''
TCL_SRC_DIR='/home/sadiq/Thesis/ns-allinone-2.34/tcl8.4.18'
TCL_STUB_LIB_FILE='libtclstub8.4${TCL_DBGX}.a'
TCL_STUB_LIB_FLAG='-ltclstub8.4${TCL_DBGX}'
TCL_STUB_LIB_PATH='/home/sadiq/Thesis/ns-allinone-2.34/lib/libtclstub8.4${TCL_DBGX}.a'
TCL_STUB_LIB_SPEC='-L/home/sadiq/Thesis/ns-allinone-2.34/lib -ltclstub8.4${TCL_DBGX}'
TCL_THREADS='0'
TCL_UNSHARED_LIB_SUFFIX='${VERSION}\$\{DBGX\}.a'
TCL_VERSION='8.4'
TCL_YEAR=''
TK_SHLIB_LD_EXTRAS=''
ac_ct_CC='gcc'
bindir='${exec_prefix}/bin'
build_alias=''
datadir='${datarootdir}'
datarootdir='${prefix}/share'
docdir='${datarootdir}/doc/${PACKAGE}'
dvidir='${docdir}'
exec_prefix='/home/sadiq/Thesis/ns-allinone-2.34'
host_alias=''
htmldir='${docdir}'
includedir='${prefix}/include'
infodir='${datarootdir}/info'
libdir='/home/sadiq/Thesis/ns-allinone-2.34/lib'
libexecdir='${exec_prefix}/libexec'
localedir='${datarootdir}/locale'
localstatedir='${prefix}/var'
mandir='${datarootdir}/man'
oldincludedir='/usr/include'
pdfdir='${docdir}'
prefix='/home/sadiq/Thesis/ns-allinone-2.34'
program_transform_name='s,x,x,'
psdir='${docdir}'
runstatedir='${localstatedir}/run'
sbindir='${exec_prefix}/sbin'
sharedstatedir='${prefix}/com'
sysconfdir='${prefix}/etc'
target_alias=''

## ----------- ##
## confdefs.h. ##
## ----------- ##

/* confdefs.h */
#define PACKAGE_NAME ""
#define PACKAGE_TARNAME ""
#define PACKAGE_VERSION ""
#define PACKAGE_STRING ""
#define PACKAGE_BUGREPORT ""
#define PACKAGE_URL ""
#define STDC_HEADERS 1
#define HAVE_SYS_TYPES_H 1
#define HAVE_SYS_STAT_H 1
#define HAVE_STDLIB_H 1
#define HAVE_STRING_H 1
#define HAVE_MEMORY_H 1
#define HAVE_STRINGS_H 1
#define HAVE_INTTYPES_H 1
#define HAVE_STDINT_H 1
#define HAVE_UNISTD_H 1
#define HAVE_LIMITS_H 1
#define HAVE_UNISTD_H 1
#define HAVE_SYS_PARAM_H 1
#define STATIC_BUILD 1
#define PEEK_XCLOSEIM 1
#define _LARGEFILE64_SOURCE 1
#define TCL_WIDE_INT_IS_LONG 1
#define HAVE_GETCWD 1
#define HAVE_OPENDIR 1
#define HAVE_STRSTR 1
#define HAVE_STRTOL 1
#define HAVE_STRTOLL 1
#define HAVE_STRTOULL 1
#define HAVE_TMPNAM 1
#define HAVE_WAITPID 1
#define USE_TERMIOS 1
#define HAVE_SYS_TIME_H 1
#define TIME_WITH_SYS_TIME 1
#define HAVE_STRUCT_TM_TM_ZONE 1
#define HAVE_TM_ZONE 1
#define HAVE_GMTIME_R 1
#define HAVE_LOCALTIME_R 1
#define HAVE_TM_GMTOFF 1
#define HAVE_TIMEZONE_VAR 1
#define HAVE_STRUCT_STAT_ST_BLKSIZE 1
#define HAVE_ST_BLKSIZE 1
#define NO_UNION_WAIT 1
#define HAVE_SIGNED_CHAR 1
#define HAVE_LANGINFO 1
#define HAVE_FTS 1
#define HAVE_SYS_IOCTL_H 1

configure: exit 0
