100 
0 1 3
0 2 2
0 3 4
0 4 4
0 5 3
0 6 1
0 7 3
0 8 2
0 9 4
0 10 2
0 11 4
0 12 1
0 13 4
0 14 1
0 15 2
0 16 4
0 17 2
0 18 3
0 19 1
0 20 1
0 21 2
0 22 2
0 23 3
0 24 1
0 25 2
0 26 2
0 27 2
0 28 3
0 29 2
0 30 2
0 31 3
0 32 4
0 33 3
0 34 2
0 35 4
0 36 2
0 37 3
0 38 2
0 39 4
0 40 1
0 41 2
0 42 3
0 43 1
0 44 3
0 45 3
0 46 3
0 47 3
0 48 2
0 49 2
0 50 4
0 51 1
0 52 3
0 53 3
0 54 1
0 55 2
0 56 2
0 57 1
0 58 3
0 59 1
0 60 4
0 61 4
0 62 1
0 63 2
0 64 5
0 65 5
0 66 4
0 67 1
0 68 3
0 69 3
0 70 2
0 71 3
0 72 3
0 73 3
0 74 4
0 75 2
0 76 3
0 77 3
0 78 5
0 79 3
0 80 3
0 81 3
0 82 1
0 83 3
0 84 3
0 85 4
0 86 2
0 87 2
0 88 1
0 89 2
0 90 1
0 91 4
0 92 4
0 93 4
0 94 4
0 95 3
0 96 4
0 97 4
0 98 4
0 99 1
1 2 2
1 3 1
1 4 2
1 5 4
1 6 3
1 7 4
1 8 2
1 9 2
1 10 2
1 11 3
1 12 4
1 13 2
1 14 3
1 15 3
1 16 4
1 17 5
1 18 2
1 19 2
1 20 2
1 21 1
1 22 2
1 23 2
1 24 4
1 25 3
1 26 2
1 27 3
1 28 1
1 29 3
1 30 3
1 31 2
1 32 4
1 33 1
1 34 2
1 35 4
1 36 3
1 37 1
1 38 1
1 39 3
1 40 3
1 41 2
1 42 1
1 43 4
1 44 4
1 45 1
1 46 1
1 47 3
1 48 4
1 49 2
1 50 3
1 51 3
1 52 3
1 53 3
1 54 4
1 55 3
1 56 4
1 57 4
1 58 4
1 59 3
1 60 3
1 61 5
1 62 4
1 63 1
1 64 3
1 65 3
1 66 4
1 67 2
1 68 3
1 69 3
1 70 2
1 71 3
1 72 3
1 73 1
1 74 2
1 75 2
1 76 1
1 77 1
1 78 2
1 79 3
1 80 3
1 81 2
1 82 3
1 83 3
1 84 3
1 85 3
1 86 3
1 87 2
1 88 4
1 89 1
1 90 2
1 91 1
1 92 2
1 93 1
1 94 1
1 95 4
1 96 3
1 97 4
1 98 4
1 99 3
2 3 3
2 4 3
2 5 2
2 6 2
2 7 3
2 8 1
2 9 3
2 10 2
2 11 3
2 12 2
2 13 3
2 14 2
2 15 1
2 16 3
2 17 3
2 18 2
2 19 1
2 20 1
2 21 1
2 22 2
2 23 2
2 24 2
2 25 2
2 26 2
2 27 1
2 28 2
2 29 1
2 30 3
2 31 3
2 32 3
2 33 2
2 34 1
2 35 3
2 36 3
2 37 2
2 38 2
2 39 2
2 40 1
2 41 2
2 42 2
2 43 2
2 44 2
2 45 2
2 46 2
2 47 3
2 48 3
2 49 1
2 50 2
2 51 2
2 52 2
2 53 2
2 54 2
2 55 1
2 56 2
2 57 3
2 58 2
2 59 1
2 60 3
2 61 3
2 62 2
2 63 2
2 64 4
2 65 4
2 66 3
2 67 1
2 68 1
2 69 3
2 70 2
2 71 2
2 72 2
2 73 2
2 74 3
2 75 2
2 76 3
2 77 3
2 78 4
2 79 3
2 80 1
2 81 2
2 82 2
2 83 3
2 84 2
2 85 3
2 86 2
2 87 1
2 88 2
2 89 2
2 90 1
2 91 3
2 92 3
2 93 3
2 94 3
2 95 2
2 96 3
2 97 3
2 98 3
2 99 2
3 4 1
3 5 4
3 6 4
3 7 4
3 8 3
3 9 2
3 10 3
3 11 3
3 12 5
3 13 1
3 14 4
3 15 3
3 16 4
3 17 6
3 18 2
3 19 3
3 20 3
3 21 2
3 22 3
3 23 2
3 24 5
3 25 4
3 26 3
3 27 3
3 28 1
3 29 4
3 30 4
3 31 3
3 32 4
3 33 1
3 34 3
3 35 4
3 36 4
3 37 1
3 38 2
3 39 3
3 40 4
3 41 3
3 42 1
3 43 5
3 44 4
3 45 2
3 46 2
3 47 3
3 48 5
3 49 2
3 50 3
3 51 4
3 52 3
3 53 3
3 54 5
3 55 4
3 56 4
3 57 5
3 58 4
3 59 4
3 60 3
3 61 5
3 62 4
3 63 2
3 64 2
3 65 2
3 66 4
3 67 3
3 68 3
3 69 4
3 70 3
3 71 3
3 72 3
3 73 2
3 74 2
3 75 3
3 76 1
3 77 1
3 78 1
3 79 3
3 80 3
3 81 2
3 82 4
3 83 4
3 84 3
3 85 2
3 86 4
3 87 3
3 88 4
3 89 2
3 90 3
3 91 1
3 92 1
3 93 1
3 94 2
3 95 4
3 96 2
3 97 4
3 98 4
3 99 4
4 5 4
4 6 4
4 7 4
4 8 3
4 9 3
4 10 4
4 11 2
4 12 4
4 13 1
4 14 4
4 15 3
4 16 3
4 17 6
4 18 2
4 19 3
4 20 3
4 21 2
4 22 4
4 23 2
4 24 5
4 25 4
4 26 3
4 27 3
4 28 2
4 29 3
4 30 5
4 31 4
4 32 4
4 33 1
4 34 2
4 35 4
4 36 4
4 37 1
4 38 2
4 39 2
4 40 3
4 41 3
4 42 1
4 43 5
4 44 4
4 45 2
4 46 2
4 47 4
4 48 5
4 49 2
4 50 3
4 51 4
4 52 2
4 53 3
4 54 5
4 55 3
4 56 4
4 57 5
4 58 3
4 59 4
4 60 2
4 61 4
4 62 4
4 63 2
4 64 1
4 65 1
4 66 3
4 67 3
4 68 3
4 69 4
4 70 3
4 71 3
4 72 3
4 73 1
4 74 1
4 75 4
4 76 2
4 77 2
4 78 1
4 79 4
4 80 3
4 81 2
4 82 4
4 83 4
4 84 3
4 85 1
4 86 4
4 87 3
4 88 4
4 89 3
4 90 3
4 91 1
4 92 1
4 93 1
4 94 2
4 95 3
4 96 2
4 97 4
4 98 4
4 99 4
5 6 3
5 7 1
5 8 3
5 9 5
5 10 4
5 11 2
5 12 3
5 13 4
5 14 3
5 15 2
5 16 2
5 17 4
5 18 2
5 19 2
5 20 3
5 21 3
5 22 4
5 23 2
5 24 3
5 25 1
5 26 3
5 27 2
5 28 4
5 29 1
5 30 4
5 31 4
5 32 1
5 33 3
5 34 2
5 35 1
5 36 4
5 37 3
5 38 4
5 39 2
5 40 2
5 41 4
5 42 3
5 43 3
5 44 1
5 45 4
5 46 4
5 47 5
5 48 4
5 49 2
5 50 1
5 51 3
5 52 2
5 53 1
5 54 3
5 55 1
5 56 2
5 57 4
5 58 1
5 59 2
5 60 2
5 61 2
5 62 2
5 63 3
5 64 4
5 65 4
5 66 1
5 67 3
5 68 1
5 69 5
5 70 4
5 71 1
5 72 1
5 73 3
5 74 3
5 75 4
5 76 4
5 77 4
5 78 4
5 79 5
5 80 2
5 81 2
5 82 3
5 83 4
5 84 1
5 85 3
5 86 4
5 87 2
5 88 3
5 89 3
5 90 2
5 91 4
5 92 3
5 93 4
5 94 5
5 95 1
5 96 3
5 97 2
5 98 1
5 99 3
6 7 3
6 8 2
6 9 4
6 10 3
6 11 4
6 12 1
6 13 4
6 14 1
6 15 2
6 16 4
6 17 2
6 18 3
6 19 2
6 20 2
6 21 2
6 22 3
6 23 3
6 24 1
6 25 2
6 26 3
6 27 1
6 28 3
6 29 2
6 30 2
6 31 3
6 32 4
6 33 3
6 34 2
6 35 4
6 36 2
6 37 3
6 38 3
6 39 3
6 40 1
6 41 3
6 42 3
6 43 1
6 44 3
6 45 3
6 46 3
6 47 4
6 48 1
6 49 2
6 50 3
6 51 1
6 52 3
6 53 3
6 54 1
6 55 2
6 56 1
6 57 2
6 58 3
6 59 1
6 60 4
6 61 4
6 62 1
6 63 2
6 64 5
6 65 5
6 66 3
6 67 2
6 68 2
6 69 3
6 70 3
6 71 2
6 72 2
6 73 3
6 74 4
6 75 3
6 76 4
6 77 4
6 78 5
6 79 4
6 80 2
6 81 3
6 82 1
6 83 3
6 84 3
6 85 4
6 86 2
6 87 2
6 88 1
6 89 3
6 90 1
6 91 4
6 92 4
6 93 4
6 94 4
6 95 3
6 96 4
6 97 4
6 98 3
6 99 1
7 8 3
7 9 5
7 10 5
7 11 3
7 12 4
7 13 4
7 14 3
7 15 2
7 16 2
7 17 4
7 18 3
7 19 3
7 20 4
7 21 3
7 22 5
7 23 3
7 24 4
7 25 1
7 26 4
7 27 2
7 28 4
7 29 2
7 30 5
7 31 5
7 32 1
7 33 3
7 34 3
7 35 1
7 36 5
7 37 4
7 38 4
7 39 3
7 40 3
7 41 5
7 42 4
7 43 3
7 44 1
7 45 4
7 46 4
7 47 6
7 48 4
7 49 3
7 50 2
7 51 4
7 52 2
7 53 1
7 54 4
7 55 2
7 56 2
7 57 4
7 58 1
7 59 3
7 60 3
7 61 1
7 62 2
7 63 4
7 64 4
7 65 5
7 66 1
7 67 3
7 68 2
7 69 6
7 70 5
7 71 2
7 72 2
7 73 4
7 74 3
7 75 5
7 76 4
7 77 5
7 78 5
7 79 6
7 80 2
7 81 2
7 82 3
7 83 5
7 84 2
7 85 4
7 86 5
7 87 2
7 88 3
7 89 4
7 90 3
7 91 4
7 92 3
7 93 5
7 94 5
7 95 1
7 96 4
7 97 1
7 98 1
7 99 4
8 9 3
8 10 2
8 11 3
8 12 2
8 13 3
8 14 2
8 15 1
8 16 3
8 17 4
8 18 2
8 19 1
8 20 1
8 21 1
8 22 2
8 23 2
8 24 3
8 25 2
8 26 1
8 27 1
8 28 2
8 29 2
8 30 3
8 31 2
8 32 3
8 33 2
8 34 1
8 35 3
8 36 3
8 37 2
8 38 1
8 39 3
8 40 1
8 41 2
8 42 2
8 43 3
8 44 3
8 45 2
8 46 2
8 47 3
8 48 3
8 49 1
8 50 3
8 51 2
8 52 2
8 53 2
8 54 3
8 55 2
8 56 2
8 57 3
8 58 3
8 59 2
8 60 3
8 61 4
8 62 2
8 63 1
8 64 4
8 65 4
8 66 3
8 67 1
8 68 2
8 69 3
8 70 2
8 71 2
8 72 2
8 73 2
8 74 3
8 75 2
8 76 2
8 77 2
8 78 4
8 79 3
8 80 2
8 81 2
8 82 2
8 83 2
8 84 3
8 85 3
8 86 2
8 87 1
8 88 2
8 89 1
8 90 1
8 91 3
8 92 3
8 93 3
8 94 3
8 95 3
8 96 3
8 97 3
8 98 3
8 99 2
9 10 3
9 11 4
9 12 5
9 13 3
9 14 4
9 15 4
9 16 5
9 17 6
9 18 3
9 19 3
9 20 3
9 21 2
9 22 3
9 23 3
9 24 5
9 25 4
9 26 3
9 27 4
9 28 1
9 29 4
9 30 4
9 31 2
9 32 5
9 33 2
9 34 3
9 35 5
9 36 3
9 37 2
9 38 2
9 39 4
9 40 4
9 41 2
9 42 2
9 43 5
9 44 5
9 45 1
9 46 2
9 47 1
9 48 5
9 49 3
9 50 4
9 51 4
9 52 4
9 53 4
9 54 5
9 55 4
9 56 5
9 57 4
9 58 5
9 59 4
9 60 4
9 61 6
9 62 5
9 63 2
9 64 4
9 65 4
9 66 5
9 67 3
9 68 4
9 69 3
9 70 2
9 71 4
9 72 4
9 73 2
9 74 3
9 75 3
9 76 1
9 77 1
9 78 3
9 79 1
9 80 4
9 81 3
9 82 4
9 83 3
9 84 4
9 85 4
9 86 3
9 87 3
9 88 5
9 89 2
9 90 3
9 91 2
9 92 3
9 93 2
9 94 1
9 95 5
9 96 4
9 97 5
9 98 5
9 99 4
10 11 5
10 12 3
10 13 4
10 14 3
10 15 3
10 16 5
10 17 4
10 18 4
10 19 2
10 20 1
10 21 2
10 22 1
10 23 4
10 24 3
10 25 4
10 26 1
10 27 3
10 28 3
10 29 3
10 30 1
10 31 1
10 32 5
10 33 3
10 34 3
10 35 5
10 36 1
10 37 3
10 38 2
10 39 4
10 40 2
10 41 1
10 42 3
10 43 3
10 44 4
10 45 2
10 46 2
10 47 2
10 48 4
10 49 3
10 50 4
10 51 2
10 52 4
10 53 4
10 54 3
10 55 3
10 56 4
10 57 2
10 58 4
10 59 3
10 60 5
10 61 5
10 62 3
10 63 2
10 64 5
10 65 5
10 66 5
10 67 2
10 68 3
10 69 1
10 70 1
10 71 4
10 72 4
10 73 3
10 74 4
10 75 1
10 76 3
10 77 3
10 78 4
10 79 2
10 80 3
10 81 4
10 82 3
10 83 1
10 84 4
10 85 5
10 86 1
10 87 3
10 88 3
10 89 1
10 90 2
10 91 3
10 92 4
10 93 3
10 94 3
10 95 4
10 96 5
10 97 5
10 98 5
10 99 2
11 12 4
11 13 3
11 14 4
11 15 3
11 16 1
11 17 5
11 18 1
11 19 3
11 20 4
11 21 3
11 22 5
11 23 1
11 24 5
11 25 3
11 26 4
11 27 3
11 28 3
11 29 2
11 30 5
11 31 5
11 32 2
11 33 2
11 34 2
11 35 3
11 36 5
11 37 2
11 38 3
11 39 1
11 40 3
11 41 4
11 42 2
11 43 4
11 44 2
11 45 3
11 46 3
11 47 5
11 48 5
11 49 2
11 50 1
11 51 4
11 52 1
11 53 2
11 54 5
11 55 3
11 56 3
11 57 5
11 58 2
11 59 4
11 60 1
11 61 2
11 62 3
11 63 3
11 64 2
11 65 3
11 66 2
11 67 3
11 68 2
11 69 5
11 70 4
11 71 2
11 72 2
11 73 2
11 74 1
11 75 5
11 76 3
11 77 3
11 78 3
11 79 5
11 80 2
11 81 1
11 82 4
11 83 5
11 84 1
11 85 2
11 86 5
11 87 2
11 88 4
11 89 4
11 90 3
11 91 3
11 92 2
11 93 3
11 94 4
11 95 2
11 96 1
11 97 2
11 98 2
11 99 5
12 13 5
12 14 1
12 15 2
12 16 4
12 17 2
12 18 3
12 19 2
12 20 2
12 21 3
12 22 3
12 23 3
12 24 1
12 25 3
12 26 3
12 27 2
12 28 4
12 29 3
12 30 2
12 31 3
12 32 4
12 33 4
12 34 2
12 35 4
12 36 2
12 37 4
12 38 3
12 39 4
12 40 1
12 41 3
12 42 4
12 43 1
12 44 4
12 45 4
12 46 4
12 47 4
12 48 1
12 49 3
12 50 4
12 51 1
12 52 3
12 53 3
12 54 1
12 55 2
12 56 2
12 57 1
12 58 4
12 59 1
12 60 4
12 61 5
12 62 2
12 63 3
12 64 5
12 65 5
12 66 4
12 67 2
12 68 3
12 69 3
12 70 3
12 71 3
12 72 3
12 73 3
12 74 4
12 75 3
12 76 4
12 77 4
12 78 5
12 79 4
12 80 3
12 81 3
12 82 1
12 83 3
12 84 4
12 85 4
12 86 2
12 87 2
12 88 1
12 89 3
12 90 2
12 91 5
12 92 4
12 93 5
12 94 5
12 95 4
12 96 4
12 97 4
12 98 4
12 99 1
13 14 4
13 15 3
13 16 4
13 17 6
13 18 2
13 19 3
13 20 3
13 21 2
13 22 4
13 23 2
13 24 5
13 25 4
13 26 3
13 27 3
13 28 2
13 29 4
13 30 5
13 31 4
13 32 4
13 33 1
13 34 3
13 35 4
13 36 5
13 37 1
13 38 3
13 39 3
13 40 4
13 41 4
13 42 2
13 43 5
13 44 4
13 45 2
13 46 2
13 47 4
13 48 5
13 49 2
13 50 3
13 51 4
13 52 3
13 53 3
13 54 5
13 55 4
13 56 4
13 57 5
13 58 4
13 59 4
13 60 3
13 61 5
13 62 4
13 63 3
13 64 2
13 65 2
13 66 4
13 67 3
13 68 3
13 69 5
13 70 4
13 71 3
13 72 3
13 73 2
13 74 2
13 75 4
13 76 2
13 77 2
13 78 1
13 79 4
13 80 3
13 81 2
13 82 4
13 83 4
13 84 3
13 85 2
13 86 4
13 87 3
13 88 4
13 89 3
13 90 3
13 91 1
13 92 1
13 93 1
13 94 2
13 95 4
13 96 2
13 97 4
13 98 4
13 99 4
14 15 2
14 16 4
14 17 2
14 18 3
14 19 1
14 20 2
14 21 2
14 22 3
14 23 3
14 24 1
14 25 2
14 26 2
14 27 1
14 28 3
14 29 2
14 30 2
14 31 3
14 32 4
14 33 3
14 34 2
14 35 4
14 36 2
14 37 3
14 38 3
14 39 3
14 40 1
14 41 3
14 42 3
14 43 1
14 44 3
14 45 3
14 46 3
14 47 4
14 48 1
14 49 2
14 50 3
14 51 1
14 52 3
14 53 3
14 54 1
14 55 2
14 56 1
14 57 1
14 58 3
14 59 1
14 60 4
14 61 4
14 62 1
14 63 2
14 64 5
14 65 5
14 66 3
14 67 2
14 68 2
14 69 3
14 70 3
14 71 2
14 72 2
14 73 3
14 74 4
14 75 3
14 76 4
14 77 4
14 78 5
14 79 4
14 80 2
14 81 3
14 82 1
14 83 3
14 84 3
14 85 4
14 86 2
14 87 2
14 88 1
14 89 2
14 90 1
14 91 4
14 92 4
14 93 4
14 94 4
14 95 3
14 96 4
14 97 4
14 98 3
14 99 1
15 16 3
15 17 3
15 18 2
15 19 1
15 20 2
15 21 2
15 22 3
15 23 2
15 24 2
15 25 1
15 26 2
15 27 1
15 28 3
15 29 1
15 30 3
15 31 3
15 32 3
15 33 2
15 34 1
15 35 3
15 36 3
15 37 2
15 38 2
15 39 2
15 40 1
15 41 3
15 42 2
15 43 2
15 44 2
15 45 3
15 46 3
15 47 4
15 48 3
15 49 1
15 50 2
15 51 2
15 52 2
15 53 2
15 54 2
15 55 1
15 56 2
15 57 3
15 58 2
15 59 1
15 60 3
15 61 3
15 62 1
15 63 2
15 64 4
15 65 4
15 66 2
15 67 1
15 68 1
15 69 4
15 70 3
15 71 1
15 72 1
15 73 2
15 74 3
15 75 3
15 76 3
15 77 3
15 78 4
15 79 4
15 80 1
15 81 2
15 82 2
15 83 3
15 84 2
15 85 3
15 86 3
15 87 1
15 88 2
15 89 2
15 90 1
15 91 3
15 92 3
15 93 3
15 94 4
15 95 2
15 96 3
15 97 3
15 98 2
15 99 2
16 17 5
16 18 2
16 19 3
16 20 4
16 21 3
16 22 5
16 23 2
16 24 5
16 25 2
16 26 4
16 27 3
16 28 4
16 29 2
16 30 5
16 31 5
16 32 1
16 33 3
16 34 3
16 35 2
16 36 6
16 37 3
16 38 4
16 39 1
16 40 3
16 41 5
16 42 3
16 43 4
16 44 1
16 45 4
16 46 4
16 47 6
16 48 5
16 49 3
16 50 1
16 51 4
16 52 2
16 53 1
16 54 5
16 55 3
16 56 3
16 57 5
16 58 1
16 59 4
16 60 2
16 61 1
16 62 3
16 63 4
16 64 3
16 65 4
16 66 1
16 67 3
16 68 2
16 69 6
16 70 5
16 71 2
16 72 2
16 73 3
16 74 2
16 75 5
16 76 4
16 77 4
16 78 4
16 79 6
16 80 2
16 81 2
16 82 4
16 83 5
16 84 1
16 85 3
16 86 5
16 87 2
16 88 4
16 89 4
16 90 3
16 91 4
16 92 3
16 93 4
16 94 5
16 95 1
16 96 2
16 97 1
16 98 1
16 99 5
17 18 5
17 19 3
17 20 3
17 21 4
17 22 4
17 23 5
17 24 1
17 25 3
17 26 4
17 27 3
17 28 5
17 29 3
17 30 3
17 31 4
17 32 5
17 33 5
17 34 4
17 35 5
17 36 3
17 37 5
17 38 4
17 39 5
17 40 3
17 41 4
17 42 5
17 43 1
17 44 4
17 45 5
17 46 5
17 47 5
17 48 1
17 49 4
17 50 5
17 51 2
17 52 5
17 53 4
17 54 1
17 55 3
17 56 3
17 57 2
17 58 4
17 59 2
17 60 5
17 61 5
17 62 2
17 63 4
17 64 7
17 65 7
17 66 5
17 67 3
17 68 4
17 69 4
17 70 4
17 71 4
17 72 4
17 73 5
17 74 6
17 75 4
17 76 5
17 77 5
17 78 7
17 79 5
17 80 4
17 81 5
17 82 2
17 83 4
17 84 4
17 85 6
17 86 3
17 87 4
17 88 2
17 89 4
17 90 3
17 91 6
17 92 6
17 93 6
17 94 6
17 95 4
17 96 6
17 97 5
17 98 5
17 99 2
18 19 2
18 20 3
18 21 2
18 22 4
18 23 1
18 24 4
18 25 2
18 26 3
18 27 2
18 28 2
18 29 2
18 30 4
18 31 4
18 32 3
18 33 1
18 34 1
18 35 3
18 36 5
18 37 2
18 38 3
18 39 1
18 40 2
18 41 4
18 42 2
18 43 4
18 44 2
18 45 2
18 46 2
18 47 4
18 48 4
18 49 1
18 50 1
18 51 3
18 52 1
18 53 2
18 54 4
18 55 2
18 56 3
18 57 4
18 58 2
18 59 3
18 60 1
18 61 3
18 62 3
18 63 3
18 64 2
18 65 3
18 66 2
18 67 2
18 68 1
18 69 5
18 70 4
18 71 1
18 72 1
18 73 2
18 74 1
18 75 4
18 76 2
18 77 3
18 78 3
18 79 4
18 80 1
18 81 1
18 82 3
18 83 4
18 84 1
18 85 2
18 86 4
18 87 1
18 88 3
18 89 3
18 90 2
18 91 2
18 92 1
18 93 3
18 94 3
18 95 2
18 96 2
18 97 2
18 98 2
18 99 4
19 20 1
19 21 1
19 22 2
19 23 2
19 24 2
19 25 2
19 26 1
19 27 1
19 28 2
19 29 2
19 30 3
19 31 2
19 32 3
19 33 2
19 34 1
19 35 3
19 36 3
19 37 2
19 38 2
19 39 3
19 40 1
19 41 2
19 42 2
19 43 2
19 44 3
19 45 2
19 46 2
19 47 3
19 48 2
19 49 1
19 50 3
19 51 2
19 52 2
19 53 2
19 54 2
19 55 1
19 56 2
19 57 2
19 58 3
19 59 1
19 60 3
19 61 4
19 62 2
19 63 1
19 64 4
19 65 4
19 66 3
19 67 1
19 68 2
19 69 3
19 70 2
19 71 2
19 72 2
19 73 2
19 74 3
19 75 2
19 76 3
19 77 3
19 78 4
19 79 3
19 80 2
19 81 2
19 82 2
19 83 2
19 84 3
19 85 3
19 86 2
19 87 1
19 88 2
19 89 1
19 90 1
19 91 3
19 92 3
19 93 3
19 94 3
19 95 3
19 96 3
19 97 3
19 98 3
19 99 2
20 21 1
20 22 1
20 23 3
20 24 2
20 25 3
20 26 1
20 27 2
20 28 2
20 29 2
20 30 2
20 31 2
20 32 4
20 33 2
20 34 2
20 35 4
20 36 2
20 37 3
20 38 1
20 39 3
20 40 1
20 41 1
20 42 2
20 43 2
20 44 3
20 45 2
20 46 2
20 47 2
20 48 3
20 49 2
20 50 3
20 51 1
20 52 3
20 53 3
20 54 2
20 55 2
20 56 3
20 57 2
20 58 3
20 59 2
20 60 4
20 61 4
20 62 2
20 63 1
20 64 4
20 65 4
20 66 4
20 67 1
20 68 2
20 69 2
20 70 1
20 71 3
20 72 3
20 73 2
20 74 3
20 75 1
20 76 2
20 77 2
20 78 4
20 79 2
20 80 2
20 81 3
20 82 2
20 83 2
20 84 3
20 85 4
20 86 1
20 87 2
20 88 2
20 89 1
20 90 1
20 91 3
20 92 3
20 93 3
20 94 3
20 95 3
20 96 4
20 97 4
20 98 4
20 99 1
21 22 2
21 23 2
21 24 3
21 25 2
21 26 1
21 27 2
21 28 1
21 29 2
21 30 3
21 31 2
21 32 3
21 33 1
21 34 1
21 35 3
21 36 3
21 37 2
21 38 1
21 39 3
21 40 2
21 41 2
21 42 1
21 43 3
21 44 3
21 45 1
21 46 1
21 47 3
21 48 3
21 49 1
21 50 3
21 51 2
21 52 2
21 53 2
21 54 3
21 55 2
21 56 3
21 57 3
21 58 3
21 59 2
21 60 3
21 61 4
21 62 3
21 63 1
21 64 3
21 65 3
21 66 3
21 67 1
21 68 2
21 69 3
21 70 2
21 71 2
21 72 2
21 73 1
21 74 2
21 75 2
21 76 2
21 77 2
21 78 3
21 79 3
21 80 2
21 81 2
21 82 2
21 83 2
21 84 3
21 85 3
21 86 2
21 87 1
21 88 3
21 89 1
21 90 1
21 91 2
21 92 2
21 93 2
21 94 2
21 95 3
21 96 3
21 97 3
21 98 3
21 99 2
22 23 4
22 24 3
22 25 4
22 26 1
22 27 3
22 28 3
22 29 3
22 30 1
22 31 1
22 32 5
22 33 3
22 34 3
22 35 5
22 36 1
22 37 3
22 38 2
22 39 4
22 40 2
22 41 1
22 42 3
22 43 3
22 44 4
22 45 2
22 46 2
22 47 2
22 48 4
22 49 3
22 50 4
22 51 2
22 52 4
22 53 4
22 54 3
22 55 3
22 56 4
22 57 2
22 58 4
22 59 3
22 60 5
22 61 5
22 62 3
22 63 2
22 64 5
22 65 5
22 66 5
22 67 2
22 68 3
22 69 1
22 70 1
22 71 4
22 72 4
22 73 3
22 74 4
22 75 1
22 76 3
22 77 3
22 78 4
22 79 2
22 80 3
22 81 4
22 82 3
22 83 1
22 84 4
22 85 5
22 86 1
22 87 3
22 88 3
22 89 1
22 90 2
22 91 3
22 92 4
22 93 3
22 94 3
22 95 4
22 96 5
22 97 5
22 98 5
22 99 2
23 24 4
23 25 2
23 26 3
23 27 2
23 28 2
23 29 2
23 30 4
23 31 4
23 32 3
23 33 1
23 34 1
23 35 3
23 36 5
23 37 1
23 38 3
23 39 1
23 40 2
23 41 4
23 42 2
23 43 4
23 44 2
23 45 2
23 46 2
23 47 4
23 48 4
23 49 1
23 50 1
23 51 3
23 52 1
23 53 2
23 54 4
23 55 2
23 56 3
23 57 4
23 58 2
23 59 3
23 60 1
23 61 3
23 62 3
23 63 3
23 64 2
23 65 2
23 66 2
23 67 2
23 68 1
23 69 5
23 70 4
23 71 2
23 72 2
23 73 2
23 74 1
23 75 4
23 76 2
23 77 3
23 78 2
23 79 4
23 80 1
23 81 1
23 82 3
23 83 4
23 84 1
23 85 1
23 86 4
23 87 2
23 88 3
23 89 3
23 90 2
23 91 2
23 92 1
23 93 2
23 94 3
23 95 2
23 96 1
23 97 2
23 98 2
23 99 4
24 25 3
24 26 3
24 27 2
24 28 4
24 29 3
24 30 2
24 31 3
24 32 4
24 33 4
24 34 3
24 35 4
24 36 2
24 37 4
24 38 3
24 39 4
24 40 2
24 41 3
24 42 4
24 43 1
24 44 4
24 45 4
24 46 4
24 47 4
24 48 1
24 49 3
24 50 4
24 51 1
24 52 4
24 53 4
24 54 1
24 55 2
24 56 2
24 57 1
24 58 4
24 59 1
24 60 5
24 61 5
24 62 2
24 63 3
24 64 6
24 65 6
24 66 4
24 67 2
24 68 3
24 69 3
24 70 3
24 71 3
24 72 3
24 73 4
24 74 5
24 75 3
24 76 4
24 77 4
24 78 6
24 79 4
24 80 3
24 81 4
24 82 1
24 83 3
24 84 4
24 85 5
24 86 2
24 87 3
24 88 1
24 89 3
24 90 2
24 91 5
24 92 5
24 93 5
24 94 5
24 95 4
24 96 5
24 97 5
24 98 4
24 99 1
25 26 3
25 27 1
25 28 3
25 29 1
25 30 4
25 31 4
25 32 2
25 33 3
25 34 2
25 35 2
25 36 4
25 37 3
25 38 3
25 39 3
25 40 2
25 41 4
25 42 3
25 43 2
25 44 1
25 45 3
25 46 3
25 47 5
25 48 3
25 49 2
25 50 2
25 51 3
25 52 2
25 53 1
25 54 3
25 55 1
25 56 1
25 57 3
25 58 1
25 59 2
25 60 3
25 61 2
25 62 1
25 63 3
25 64 4
25 65 4
25 66 2
25 67 2
25 68 1
25 69 5
25 70 4
25 71 1
25 72 1
25 73 3
25 74 3
25 75 4
25 76 4
25 77 4
25 78 4
25 79 5
25 80 2
25 81 2
25 82 2
25 83 4
25 84 2
25 85 3
25 86 4
25 87 1
25 88 2
25 89 3
25 90 2
25 91 4
25 92 3
25 93 4
25 94 4
25 95 1
25 96 3
25 97 2
25 98 2
25 99 3
26 27 2
26 28 2
26 29 3
26 30 2
26 31 1
26 32 4
26 33 2
26 34 2
26 35 4
26 36 2
26 37 2
26 38 1
26 39 4
26 40 2
26 41 1
26 42 2
26 43 3
26 44 4
26 45 2
26 46 1
26 47 2
26 48 3
26 49 2
26 50 4
26 51 2
26 52 3
26 53 3
26 54 3
26 55 2
26 56 3
26 57 3
26 58 4
26 59 2
26 60 4
26 61 5
26 62 3
26 63 1
26 64 4
26 65 4
26 66 4
26 67 1
26 68 3
26 69 2
26 70 1
26 71 3
26 72 3
26 73 2
26 74 3
26 75 1
26 76 2
26 77 2
26 78 4
26 79 2
26 80 3
26 81 3
26 82 3
26 83 1
26 84 4
26 85 4
26 86 2
26 87 2
26 88 3
26 89 1
26 90 2
26 91 3
26 92 3
26 93 3
26 94 3
26 95 4
26 96 4
26 97 4
26 98 4
26 99 2
27 28 3
27 29 1
27 30 3
27 31 3
27 32 3
27 33 2
27 34 1
27 35 3
27 36 3
27 37 2
27 38 2
27 39 2
27 40 1
27 41 3
27 42 2
27 43 2
27 44 2
27 45 3
27 46 3
27 47 4
27 48 2
27 49 1
27 50 2
27 51 2
27 52 2
27 53 2
27 54 2
27 55 1
27 56 1
27 57 2
27 58 2
27 59 1
27 60 3
27 61 3
27 62 1
27 63 2
27 64 4
27 65 4
27 66 2
27 67 1
27 68 1
27 69 4
27 70 3
27 71 1
27 72 1
27 73 2
27 74 3
27 75 3
27 76 3
27 77 3
27 78 4
27 79 4
27 80 1
27 81 2
27 82 2
27 83 3
27 84 2
27 85 3
27 86 3
27 87 1
27 88 1
27 89 2
27 90 1
27 91 3
27 92 3
27 93 3
27 94 4
27 95 2
27 96 3
27 97 3
27 98 2
27 99 2
28 29 3
28 30 4
28 31 3
28 32 4
28 33 1
28 34 2
28 35 4
28 36 4
28 37 1
28 38 1
28 39 3
28 40 3
28 41 2
28 42 1
28 43 4
28 44 4
28 45 1
28 46 1
28 47 2
28 48 4
28 49 2
28 50 3
28 51 3
28 52 3
28 53 3
28 54 4
28 55 3
28 56 4
28 57 4
28 58 4
28 59 3
28 60 3
28 61 5
28 62 4
28 63 2
28 64 3
28 65 3
28 66 4
28 67 2
28 68 3
28 69 3
28 70 3
28 71 3
28 72 3
28 73 1
28 74 2
28 75 3
28 76 1
28 77 1
28 78 2
28 79 2
28 80 3
28 81 2
28 82 3
28 83 3
28 84 3
28 85 3
28 86 3
28 87 2
28 88 4
28 89 2
28 90 2
28 91 1
28 92 2
28 93 1
28 94 1
28 95 4
28 96 3
28 97 4
28 98 4
28 99 3
29 30 4
29 31 4
29 32 2
29 33 3
29 34 1
29 35 2
29 36 4
29 37 3
29 38 3
29 39 2
29 40 2
29 41 3
29 42 3
29 43 2
29 44 1
29 45 3
29 46 3
29 47 4
29 48 3
29 49 2
29 50 2
29 51 3
29 52 2
29 53 1
29 54 3
29 55 1
29 56 1
29 57 3
29 58 1
29 59 2
29 60 2
29 61 2
29 62 1
29 63 3
29 64 4
29 65 4
29 66 2
29 67 2
29 68 1
29 69 4
29 70 3
29 71 1
29 72 1
29 73 2
29 74 3
29 75 3
29 76 3
29 77 3
29 78 4
29 79 4
29 80 2
29 81 2
29 82 2
29 83 4
29 84 1
29 85 3
29 86 3
29 87 1
29 88 2
29 89 3
29 90 2
29 91 4
29 92 3
29 93 4
29 94 4
29 95 1
29 96 3
29 97 2
29 98 2
29 99 3
30 31 2
30 32 5
30 33 4
30 34 3
30 35 5
30 36 1
30 37 4
30 38 3
30 39 5
30 40 2
30 41 2
30 42 4
30 43 2
30 44 5
30 45 3
30 46 3
30 47 3
30 48 3
30 49 4
30 50 5
30 51 1
30 52 4
30 53 4
30 54 2
30 55 3
30 56 3
30 57 1
30 58 5
30 59 2
30 60 5
30 61 6
30 62 3
30 63 3
30 64 6
30 65 6
30 66 5
30 67 3
30 68 4
30 69 1
30 70 2
30 71 4
30 72 4
30 73 4
30 74 5
30 75 1
30 76 4
30 77 4
30 78 5
30 79 3
30 80 4
30 81 4
30 82 2
30 83 1
30 84 5
30 85 5
30 86 1
30 87 3
30 88 3
30 89 2
30 90 3
30 91 4
30 92 5
30 93 4
30 94 4
30 95 5
30 96 5
30 97 5
30 98 5
30 99 1
31 32 5
31 33 3
31 34 3
31 35 5
31 36 1
31 37 3
31 38 2
31 39 5
31 40 3
31 41 1
31 42 3
31 43 3
31 44 5
31 45 2
31 46 2
31 47 1
31 48 4
31 49 3
31 50 5
31 51 3
31 52 4
31 53 4
31 54 3
31 55 3
31 56 4
31 57 3
31 58 5
31 59 3
31 60 5
31 61 6
31 62 4
31 63 2
31 64 5
31 65 5
31 66 5
31 67 2
31 68 4
31 69 1
31 70 1
31 71 4
31 72 4
31 73 3
31 74 4
31 75 1
31 76 3
31 77 3
31 78 4
31 79 1
31 80 4
31 81 4
31 82 3
31 83 1
31 84 5
31 85 5
31 86 2
31 87 3
31 88 4
31 89 1
31 90 3
31 91 3
31 92 4
31 93 3
31 94 3
31 95 5
31 96 5
31 97 5
31 98 5
31 99 2
32 33 3
32 34 3
32 35 1
32 36 5
32 37 4
32 38 4
32 39 2
32 40 3
32 41 5
32 42 4
32 43 4
32 44 1
32 45 4
32 46 4
32 47 6
32 48 5
32 49 3
32 50 2
32 51 4
32 52 2
32 53 1
32 54 4
32 55 2
32 56 3
32 57 5
32 58 1
32 59 3
32 60 3
32 61 1
32 62 3
32 63 4
32 64 4
32 65 5
32 66 1
32 67 3
32 68 2
32 69 6
32 70 5
32 71 2
32 72 2
32 73 4
32 74 3
32 75 5
32 76 4
32 77 5
32 78 5
32 79 6
32 80 2
32 81 2
32 82 4
32 83 5
32 84 2
32 85 4
32 86 5
32 87 2
32 88 4
32 89 4
32 90 3
32 91 4
32 92 3
32 93 5
32 94 5
32 95 1
32 96 3
32 97 1
32 98 1
32 99 4
33 34 2
33 35 3
33 36 4
33 37 1
33 38 2
33 39 2
33 40 3
33 41 3
33 42 1
33 43 4
33 44 3
33 45 1
33 46 1
33 47 3
33 48 4
33 49 1
33 50 2
33 51 3
33 52 2
33 53 2
33 54 4
33 55 3
33 56 3
33 57 4
33 58 3
33 59 3
33 60 2
33 61 4
33 62 3
33 63 2
33 64 2
33 65 2
33 66 3
33 67 2
33 68 2
33 69 4
33 70 3
33 71 2
33 72 2
33 73 1
33 74 1
33 75 3
33 76 1
33 77 2
33 78 2
33 79 3
33 80 2
33 81 1
33 82 3
33 83 3
33 84 2
33 85 2
33 86 3
33 87 2
33 88 3
33 89 2
33 90 2
33 91 1
33 92 1
33 93 2
33 94 2
33 95 3
33 96 2
33 97 3
33 98 3
33 99 3
34 35 3
34 36 4
34 37 2
34 38 2
34 39 2
34 40 1
34 41 3
34 42 2
34 43 3
34 44 2
34 45 2
34 46 2
34 47 4
34 48 3
34 49 1
34 50 2
34 51 2
34 52 1
34 53 2
34 54 3
34 55 1
34 56 2
34 57 3
34 58 2
34 59 2
34 60 2
34 61 3
34 62 2
34 63 2
34 64 3
34 65 3
34 66 2
34 67 1
34 68 1
34 69 4
34 70 3
34 71 1
34 72 1
34 73 1
34 74 2
34 75 3
34 76 2
34 77 2
34 78 3
34 79 4
34 80 1
34 81 1
34 82 2
34 83 3
34 84 2
34 85 2
34 86 3
34 87 1
34 88 2
34 89 2
34 90 1
34 91 3
34 92 2
34 93 3
34 94 3
34 95 2
34 96 2
34 97 3
34 98 2
34 99 3
35 36 5
35 37 4
35 38 4
35 39 3
35 40 3
35 41 5
35 42 4
35 43 4
35 44 1
35 45 4
35 46 4
35 47 6
35 48 5
35 49 3
35 50 2
35 51 4
35 52 2
35 53 1
35 54 4
35 55 2
35 56 3
35 57 5
35 58 1
35 59 3
35 60 3
35 61 1
35 62 3
35 63 4
35 64 4
35 65 5
35 66 1
35 67 3
35 68 2
35 69 6
35 70 5
35 71 2
35 72 2
35 73 4
35 74 3
35 75 5
35 76 4
35 77 5
35 78 5
35 79 6
35 80 2
35 81 2
35 82 4
35 83 5
35 84 2
35 85 4
35 86 5
35 87 2
35 88 4
35 89 4
35 90 3
35 91 4
35 92 3
35 93 5
35 94 5
35 95 1
35 96 4
35 97 1
35 98 1
35 99 4
36 37 4
36 38 3
36 39 5
36 40 3
36 41 2
36 42 4
36 43 2
36 44 5
36 45 3
36 46 3
36 47 2
36 48 3
36 49 4
36 50 5
36 51 2
36 52 5
36 53 5
36 54 2
36 55 3
36 56 3
36 57 2
36 58 5
36 59 2
36 60 5
36 61 6
36 62 3
36 63 2
36 64 5
36 65 5
36 66 5
36 67 3
36 68 4
36 69 1
36 70 1
36 71 4
36 72 4
36 73 3
36 74 4
36 75 1
36 76 4
36 77 4
36 78 5
36 79 2
36 80 4
36 81 5
36 82 2
36 83 1
36 84 5
36 85 5
36 86 1
36 87 4
36 88 3
36 89 2
36 90 3
36 91 4
36 92 4
36 93 4
36 94 4
36 95 5
36 96 5
36 97 6
36 98 5
36 99 1
37 38 2
37 39 2
37 40 3
37 41 3
37 42 1
37 43 4
37 44 3
37 45 1
37 46 1
37 47 3
37 48 4
37 49 1
37 50 2
37 51 4
37 52 2
37 53 3
37 54 4
37 55 3
37 56 3
37 57 4
37 58 3
37 59 3
37 60 2
37 61 4
37 62 3
37 63 2
37 64 2
37 65 2
37 66 3
37 67 2
37 68 2
37 69 4
37 70 3
37 71 3
37 72 3
37 73 1
37 74 1
37 75 3
37 76 1
37 77 2
37 78 2
37 79 3
37 80 2
37 81 2
37 82 3
37 83 3
37 84 2
37 85 2
37 86 4
37 87 2
37 88 3
37 89 2
37 90 2
37 91 1
37 92 1
37 93 1
37 94 2
37 95 3
37 96 2
37 97 3
37 98 3
37 99 4
38 39 3
38 40 2
38 41 1
38 42 1
38 43 3
38 44 4
38 45 1
38 46 1
38 47 2
38 48 4
38 49 2
38 50 4
38 51 2
38 52 3
38 53 3
38 54 3
38 55 3
38 56 3
38 57 3
38 58 4
38 59 3
38 60 3
38 61 5
38 62 3
38 63 1
38 64 3
38 65 3
38 66 4
38 67 2
38 68 3
38 69 2
38 70 2
38 71 3
38 72 3
38 73 1
38 74 2
38 75 2
38 76 1
38 77 1
38 78 3
38 79 2
38 80 3
38 81 3
38 82 3
38 83 2
38 84 4
38 85 3
38 86 2
38 87 2
38 88 3
38 89 1
38 90 2
38 91 2
38 92 2
38 93 2
38 94 2
38 95 4
38 96 3
38 97 4
38 98 4
38 99 2
39 40 3
39 41 4
39 42 2
39 43 4
39 44 2
39 45 3
39 46 3
39 47 5
39 48 4
39 49 2
39 50 1
39 51 4
39 52 1
39 53 2
39 54 4
39 55 2
39 56 3
39 57 4
39 58 2
39 59 3
39 60 1
39 61 2
39 62 3
39 63 3
39 64 2
39 65 3
39 66 2
39 67 3
39 68 2
39 69 5
39 70 4
39 71 2
39 72 2
39 73 2
39 74 1
39 75 4
39 76 3
39 77 3
39 78 3
39 79 5
39 80 1
39 81 1
39 82 4
39 83 5
39 84 1
39 85 2
39 86 4
39 87 2
39 88 3
39 89 4
39 90 3
39 91 3
39 92 2
39 93 3
39 94 4
39 95 2
39 96 1
39 97 2
39 98 2
39 99 4
40 41 2
40 42 3
40 43 2
40 44 3
40 45 3
40 46 3
40 47 3
40 48 2
40 49 2
40 50 3
40 51 1
40 52 2
40 53 2
40 54 2
40 55 1
40 56 2
40 57 2
40 58 3
40 59 1
40 60 3
40 61 4
40 62 1
40 63 2
40 64 4
40 65 4
40 66 3
40 67 1
40 68 2
40 69 3
40 70 2
40 71 2
40 72 2
40 73 2
40 74 3
40 75 2
40 76 3
40 77 3
40 78 4
40 79 3
40 80 2
40 81 2
40 82 1
40 83 3
40 84 3
40 85 3
40 86 2
40 87 1
40 88 1
40 89 2
40 90 1
40 91 4
40 92 3
40 93 4
40 94 4
40 95 3
40 96 3
40 97 3
40 98 3
40 99 2
41 42 2
41 43 3
41 44 4
41 45 2
41 46 2
41 47 1
41 48 4
41 49 3
41 50 4
41 51 2
41 52 4
41 53 4
41 54 3
41 55 3
41 56 4
41 57 3
41 58 4
41 59 3
41 60 4
41 61 5
41 62 3
41 63 1
41 64 4
41 65 4
41 66 5
41 67 2
41 68 3
41 69 1
41 70 1
41 71 4
41 72 4
41 73 2
41 74 3
41 75 1
41 76 2
41 77 2
41 78 4
41 79 1
41 80 3
41 81 4
41 82 3
41 83 1
41 84 4
41 85 4
41 86 2
41 87 3
41 88 3
41 89 1
41 90 2
41 91 3
41 92 3
41 93 3
41 94 3
41 95 4
41 96 4
41 97 5
41 98 5
41 99 2
42 43 4
42 44 4
42 45 1
42 46 1
42 47 3
42 48 4
42 49 1
42 50 3
42 51 3
42 52 2
42 53 3
42 54 4
42 55 3
42 56 3
42 57 4
42 58 3
42 59 3
42 60 2
42 61 4
42 62 3
42 63 2
42 64 2
42 65 2
42 66 3
42 67 2
42 68 2
42 69 3
42 70 3
42 71 3
42 72 3
42 73 1
42 74 1
42 75 3
42 76 1
42 77 1
42 78 2
42 79 3
42 80 2
42 81 2
42 82 3
42 83 3
42 84 3
42 85 2
42 86 3
42 87 2
42 88 3
42 89 2
42 90 2
42 91 1
42 92 1
42 93 2
42 94 2
42 95 3
42 96 2
42 97 4
42 98 4
42 99 3
43 44 3
43 45 4
43 46 4
43 47 4
43 48 1
43 49 3
43 50 4
43 51 1
43 52 4
43 53 3
43 54 1
43 55 2
43 56 2
43 57 1
43 58 3
43 59 1
43 60 4
43 61 4
43 62 1
43 63 3
43 64 6
43 65 6
43 66 4
43 67 2
43 68 3
43 69 3
43 70 3
43 71 3
43 72 3
43 73 4
43 74 5
43 75 3
43 76 4
43 77 4
43 78 6
43 79 4
43 80 3
43 81 4
43 82 1
43 83 3
43 84 3
43 85 5
43 86 2
43 87 3
43 88 1
43 89 3
43 90 2
43 91 5
43 92 5
43 93 5
43 94 5
43 95 3
43 96 5
43 97 4
43 98 4
43 99 1
44 45 4
44 46 4
44 47 5
44 48 4
44 49 3
44 50 2
44 51 4
44 52 2
44 53 1
44 54 4
44 55 2
44 56 2
44 57 4
44 58 1
44 59 3
44 60 2
44 61 1
44 62 2
44 63 4
44 64 4
44 65 4
44 66 1
44 67 3
44 68 2
44 69 5
44 70 4
44 71 1
44 72 1
44 73 3
44 74 3
44 75 4
44 76 4
44 77 4
44 78 4
44 79 5
44 80 2
44 81 2
44 82 3
44 83 5
44 84 1
44 85 3
44 86 4
44 87 2
44 88 3
44 89 4
44 90 3
44 91 4
44 92 3
44 93 4
44 94 5
44 95 1
44 96 3
44 97 1
44 98 1
44 99 4
45 46 1
45 47 2
45 48 4
45 49 2
45 50 3
45 51 3
45 52 3
45 53 3
45 54 4
45 55 3
45 56 4
45 57 4
45 58 4
45 59 3
45 60 3
45 61 5
45 62 4
45 63 1
45 64 3
45 65 3
45 66 4
45 67 2
45 68 3
45 69 3
45 70 2
45 71 3
45 72 3
45 73 1
45 74 2
45 75 2
45 76 1
45 77 1
45 78 3
45 79 2
45 80 3
45 81 2
45 82 3
45 83 3
45 84 3
45 85 3
45 86 3
45 87 2
45 88 4
45 89 1
45 90 2
45 91 1
45 92 2
45 93 2
45 94 1
45 95 4
45 96 3
45 97 4
45 98 4
45 99 3
46 47 3
46 48 4
46 49 2
46 50 3
46 51 3
46 52 3
46 53 3
46 54 4
46 55 3
46 56 4
46 57 4
46 58 4
46 59 3
46 60 3
46 61 5
46 62 4
46 63 1
46 64 3
46 65 3
46 66 4
46 67 2
46 68 3
46 69 3
46 70 2
46 71 3
46 72 3
46 73 1
46 74 2
46 75 2
46 76 1
46 77 1
46 78 3
46 79 3
46 80 3
46 81 2
46 82 3
46 83 2
46 84 3
46 85 3
46 86 3
46 87 2
46 88 4
46 89 1
46 90 2
46 91 2
46 92 2
46 93 2
46 94 2
46 95 4
46 96 3
46 97 4
46 98 4
46 99 3
47 48 5
47 49 4
47 50 5
47 51 3
47 52 5
47 53 5
47 54 4
47 55 4
47 56 5
47 57 3
47 58 5
47 59 4
47 60 5
47 61 6
47 62 4
47 63 2
47 64 5
47 65 5
47 66 6
47 67 3
47 68 4
47 69 2
47 70 1
47 71 5
47 72 5
47 73 3
47 74 4
47 75 2
47 76 2
47 77 2
47 78 4
47 79 1
47 80 4
47 81 4
47 82 4
47 83 2
47 84 5
47 85 5
47 86 2
47 87 4
47 88 4
47 89 2
47 90 3
47 91 3
47 92 4
47 93 3
47 94 2
47 95 5
47 96 5
47 97 6
47 98 6
47 99 3
48 49 3
48 50 4
48 51 2
48 52 4
48 53 4
48 54 1
48 55 3
48 56 2
48 57 2
48 58 4
48 59 2
48 60 5
48 61 5
48 62 2
48 63 3
48 64 6
48 65 6
48 66 4
48 67 3
48 68 3
48 69 4
48 70 4
48 71 3
48 72 3
48 73 4
48 74 5
48 75 4
48 76 5
48 77 5
48 78 6
48 79 5
48 80 3
48 81 4
48 82 1
48 83 4
48 84 4
48 85 5
48 86 3
48 87 3
48 88 1
48 89 3
48 90 2
48 91 5
48 92 5
48 93 5
48 94 5
48 95 4
48 96 5
48 97 5
48 98 4
48 99 2
49 50 2
49 51 3
49 52 1
49 53 2
49 54 3
49 55 2
49 56 2
49 57 3
49 58 2
49 59 2
49 60 2
49 61 3
49 62 2
49 63 2
49 64 3
49 65 3
49 66 2
49 67 1
49 68 1
49 69 4
49 70 3
49 71 2
49 72 2
49 73 1
49 74 2
49 75 3
49 76 2
49 77 2
49 78 3
49 79 4
49 80 1
49 81 1
49 82 2
49 83 3
49 84 2
49 85 2
49 86 3
49 87 1
49 88 2
49 89 2
49 90 1
49 91 2
49 92 2
49 93 2
49 94 3
49 95 2
49 96 2
49 97 3
49 98 3
49 99 3
50 51 4
50 52 1
50 53 1
50 54 4
50 55 2
50 56 3
50 57 4
50 58 1
50 59 3
50 60 1
50 61 2
50 62 3
50 63 4
50 64 3
50 65 3
50 66 1
50 67 3
50 68 1
50 69 5
50 70 4
50 71 1
50 72 1
50 73 3
50 74 2
50 75 4
50 76 3
50 77 4
50 78 3
50 79 5
50 80 1
50 81 1
50 82 4
50 83 5
50 84 1
50 85 2
50 86 4
50 87 2
50 88 3
50 89 4
50 90 3
50 91 3
50 92 2
50 93 3
50 94 4
50 95 1
50 96 2
50 97 1
50 98 1
50 99 4
51 52 3
51 53 3
51 54 1
51 55 2
51 56 2
51 57 1
51 58 4
51 59 1
51 60 4
51 61 5
51 62 2
51 63 2
51 64 5
51 65 5
51 66 4
51 67 2
51 68 3
51 69 2
51 70 2
51 71 3
51 72 3
51 73 3
51 74 4
51 75 2
51 76 3
51 77 3
51 78 5
51 79 3
51 80 3
51 81 3
51 82 1
51 83 2
51 84 4
51 85 4
51 86 1
51 87 2
51 88 2
51 89 2
51 90 2
51 91 4
51 92 4
51 93 4
51 94 4
51 95 4
51 96 4
51 97 4
51 98 4
51 99 1
52 53 1
52 54 4
52 55 2
52 56 3
52 57 4
52 58 1
52 59 3
52 60 1
52 61 2
52 62 3
52 63 3
52 64 2
52 65 3
52 66 1
52 67 2
52 68 1
52 69 5
52 70 4
52 71 1
52 72 1
52 73 2
52 74 1
52 75 4
52 76 3
52 77 3
52 78 3
52 79 5
52 80 1
52 81 1
52 82 3
52 83 4
52 84 1
52 85 2
52 86 4
52 87 1
52 88 3
52 89 3
52 90 2
52 91 3
52 92 2
52 93 3
52 94 4
52 95 1
52 96 2
52 97 2
52 98 2
52 99 4
53 54 4
53 55 2
53 56 2
53 57 4
53 58 1
53 59 3
53 60 2
53 61 2
53 62 2
53 63 3
53 64 3
53 65 4
53 66 1
53 67 2
53 68 1
53 69 5
53 70 4
53 71 1
53 72 1
53 73 3
53 74 2
53 75 4
53 76 3
53 77 4
53 78 4
53 79 5
53 80 1
53 81 1
53 82 3
53 83 4
53 84 1
53 85 3
53 86 4
53 87 1
53 88 3
53 89 3
53 90 2
53 91 3
53 92 2
53 93 4
53 94 4
53 95 1
53 96 3
53 97 1
53 98 1
53 99 4
54 55 2
54 56 2
54 57 1
54 58 4
54 59 1
54 60 5
54 61 5
54 62 2
54 63 3
54 64 6
54 65 6
54 66 4
54 67 2
54 68 3
54 69 3
54 70 3
54 71 3
54 72 3
54 73 4
54 74 5
54 75 3
54 76 4
54 77 4
54 78 6
54 79 4
54 80 3
54 81 4
54 82 1
54 83 3
54 84 4
54 85 5
54 86 2
54 87 3
54 88 1
54 89 3
54 90 2
54 91 5
54 92 5
54 93 5
54 94 5
54 95 4
54 96 5
54 97 5
54 98 4
54 99 1
55 56 1
55 57 3
55 58 2
55 59 1
55 60 3
55 61 3
55 62 1
55 63 2
55 64 4
55 65 4
55 66 2
55 67 2
55 68 1
55 69 4
55 70 3
55 71 1
55 72 1
55 73 2
55 74 3
55 75 3
55 76 3
55 77 3
55 78 4
55 79 4
55 80 1
55 81 2
55 82 2
55 83 3
55 84 2
55 85 3
55 86 3
55 87 1
55 88 2
55 89 2
55 90 1
55 91 4
55 92 3
55 93 4
55 94 4
55 95 2
55 96 3
55 97 3
55 98 2
55 99 2
56 57 2
56 58 2
56 59 1
56 60 3
56 61 3
56 62 1
56 63 3
56 64 5
56 65 5
56 66 3
56 67 2
56 68 2
56 69 4
56 70 4
56 71 2
56 72 2
56 73 3
56 74 4
56 75 4
56 76 4
56 77 4
56 78 5
56 79 5
56 80 2
56 81 3
56 82 2
56 83 4
56 84 2
56 85 4
56 86 3
56 87 2
56 88 1
56 89 3
56 90 2
56 91 4
56 92 4
56 93 4
56 94 5
56 95 2
56 96 4
56 97 3
56 98 3
56 99 2
57 58 4
57 59 2
57 60 5
57 61 5
57 62 2
57 63 3
57 64 6
57 65 6
57 66 4
57 67 2
57 68 3
57 69 2
57 70 2
57 71 3
57 72 3
57 73 4
57 74 5
57 75 2
57 76 4
57 77 4
57 78 6
57 79 3
57 80 3
57 81 4
57 82 1
57 83 2
57 84 4
57 85 5
57 86 1
57 87 3
57 88 2
57 89 3
57 90 2
57 91 5
57 92 5
57 93 5
57 94 5
57 95 4
57 96 5
57 97 5
57 98 4
57 99 1
58 59 3
58 60 2
58 61 1
58 62 2
58 63 4
58 64 3
58 65 4
58 66 1
58 67 3
58 68 1
58 69 5
58 70 4
58 71 1
58 72 1
58 73 3
58 74 2
58 75 4
58 76 4
58 77 4
58 78 4
58 79 5
58 80 2
58 81 2
58 82 3
58 83 5
58 84 1
58 85 3
58 86 4
58 87 2
58 88 3
58 89 4
58 90 3
58 91 4
58 92 3
58 93 4
58 94 5
58 95 1
58 96 3
58 97 1
58 98 1
58 99 4
59 60 4
59 61 4
59 62 1
59 63 2
59 64 5
59 65 5
59 66 3
59 67 1
59 68 2
59 69 3
59 70 3
59 71 2
59 72 2
59 73 3
59 74 4
59 75 3
59 76 4
59 77 4
59 78 5
59 79 4
59 80 2
59 81 3
59 82 1
59 83 3
59 84 3
59 85 4
59 86 2
59 87 2
59 88 1
59 89 2
59 90 1
59 91 4
59 92 4
59 93 4
59 94 4
59 95 3
59 96 4
59 97 4
59 98 3
59 99 1
60 61 3
60 62 3
60 63 3
60 64 2
60 65 2
60 66 2
60 67 3
60 68 2
60 69 5
60 70 4
60 71 2
60 72 2
60 73 2
60 74 1
60 75 5
60 76 3
60 77 3
60 78 2
60 79 5
60 80 2
60 81 1
60 82 4
60 83 5
60 84 1
60 85 1
60 86 5
60 87 2
60 88 4
60 89 4
60 90 3
60 91 3
60 92 2
60 93 3
60 94 4
60 95 2
60 96 1
60 97 2
60 98 2
60 99 5
61 62 3
61 63 5
61 64 4
61 65 5
61 66 1
61 67 4
61 68 2
61 69 6
61 70 5
61 71 2
61 72 2
61 73 4
61 74 3
61 75 5
61 76 5
61 77 5
61 78 5
61 79 6
61 80 3
61 81 3
61 82 4
61 83 6
61 84 2
61 85 4
61 86 5
61 87 3
61 88 4
61 89 5
61 90 4
61 91 5
61 92 4
61 93 5
61 94 6
61 95 1
61 96 3
61 97 1
61 98 1
61 99 5
62 63 3
62 64 5
62 65 5
62 66 3
62 67 2
62 68 2
62 69 4
62 70 3
62 71 2
62 72 2
62 73 3
62 74 4
62 75 3
62 76 4
62 77 4
62 78 5
62 79 4
62 80 2
62 81 3
62 82 1
62 83 4
62 84 2
62 85 4
62 86 3
62 87 2
62 88 1
62 89 3
62 90 2
62 91 4
62 92 4
62 93 4
62 94 5
62 95 2
62 96 4
62 97 3
62 98 3
62 99 2
63 64 3
63 65 3
63 66 4
63 67 1
63 68 3
63 69 2
63 70 1
63 71 3
63 72 3
63 73 1
63 74 2
63 75 2
63 76 2
63 77 2
63 78 3
63 79 2
63 80 3
63 81 3
63 82 2
63 83 2
63 84 4
63 85 3
63 86 2
63 87 2
63 88 3
63 89 1
63 90 1
63 91 2
63 92 2
63 93 2
63 94 2
63 95 4
63 96 3
63 97 4
63 98 4
63 99 2
64 65 1
64 66 3
64 67 4
64 68 3
64 69 5
64 70 4
64 71 3
64 72 3
64 73 2
64 74 1
64 75 5
64 76 3
64 77 3
64 78 1
64 79 5
64 80 3
64 81 2
64 82 5
64 83 5
64 84 3
64 85 1
64 86 5
64 87 3
64 88 5
64 89 4
64 90 4
64 91 2
64 92 1
64 93 2
64 94 3
64 95 3
64 96 1
64 97 4
64 98 4
64 99 5
65 66 4
65 67 4
65 68 3
65 69 5
65 70 4
65 71 4
65 72 4
65 73 2
65 74 2
65 75 5
65 76 3
65 77 3
65 78 1
65 79 5
65 80 3
65 81 3
65 82 5
65 83 5
65 84 3
65 85 1
65 86 5
65 87 4
65 88 5
65 89 4
65 90 4
65 91 2
65 92 2
65 93 2
65 94 3
65 95 4
65 96 2
65 97 4
65 98 4
65 99 5
66 67 3
66 68 2
66 69 6
66 70 5
66 71 1
66 72 1
66 73 3
66 74 2
66 75 5
66 76 4
66 77 4
66 78 4
66 79 6
66 80 2
66 81 2
66 82 4
66 83 5
66 84 1
66 85 3
66 86 5
66 87 2
66 88 3
66 89 4
66 90 3
66 91 4
66 92 3
66 93 4
66 94 5
66 95 1
66 96 3
66 97 1
66 98 1
66 99 4
67 68 2
67 69 3
67 70 2
67 71 2
67 72 2
67 73 2
67 74 3
67 75 2
67 76 3
67 77 3
67 78 4
67 79 3
67 80 2
67 81 2
67 82 2
67 83 2
67 84 3
67 85 3
67 86 2
67 87 1
67 88 2
67 89 1
67 90 1
67 91 3
67 92 3
67 93 3
67 94 3
67 95 3
67 96 3
67 97 3
67 98 3
67 99 2
68 69 4
68 70 3
68 71 1
68 72 1
68 73 2
68 74 2
68 75 3
68 76 3
68 77 3
68 78 3
68 79 4
68 80 1
68 81 1
68 82 3
68 83 4
68 84 1
68 85 2
68 86 3
68 87 1
68 88 2
68 89 3
68 90 2
68 91 3
68 92 2
68 93 3
68 94 4
68 95 1
68 96 2
68 97 2
68 98 2
68 99 3
69 70 1
69 71 5
69 72 5
69 73 3
69 74 4
69 75 1
69 76 3
69 77 3
69 78 5
69 79 2
69 80 4
69 81 5
69 82 3
69 83 1
69 84 5
69 85 5
69 86 1
69 87 4
69 88 4
69 89 2
69 90 3
69 91 4
69 92 4
69 93 4
69 94 4
69 95 5
69 96 5
69 97 6
69 98 6
69 99 2
70 71 4
70 72 4
70 73 2
70 74 3
70 75 1
70 76 3
70 77 3
70 78 4
70 79 1
70 80 3
70 81 4
70 82 3
70 83 1
70 84 4
70 85 4
70 86 1
70 87 3
70 88 3
70 89 1
70 90 2
70 91 3
70 92 3
70 93 3
70 94 3
70 95 4
70 96 4
70 97 5
70 98 5
70 99 2
71 72 1
71 73 2
71 74 2
71 75 4
71 76 3
71 77 3
71 78 4
71 79 5
71 80 1
71 81 1
71 82 3
71 83 4
71 84 1
71 85 3
71 86 4
71 87 1
71 88 2
71 89 3
71 90 2
71 91 3
71 92 2
71 93 4
71 94 4
71 95 1
71 96 3
71 97 2
71 98 1
71 99 3
72 73 2
72 74 2
72 75 4
72 76 3
72 77 3
72 78 4
72 79 5
72 80 1
72 81 1
72 82 3
72 83 4
72 84 1
72 85 3
72 86 4
72 87 1
72 88 2
72 89 3
72 90 2
72 91 3
72 92 2
72 93 4
72 94 4
72 95 1
72 96 3
72 97 2
72 98 1
72 99 3
73 74 1
73 75 3
73 76 1
73 77 1
73 78 2
73 79 3
73 80 2
73 81 2
73 82 3
73 83 3
73 84 3
73 85 2
73 86 3
73 87 2
73 88 3
73 89 2
73 90 2
73 91 2
73 92 1
73 93 2
73 94 2
73 95 3
73 96 2
73 97 4
73 98 3
73 99 3
74 75 4
74 76 2
74 77 2
74 78 2
74 79 4
74 80 2
74 81 1
74 82 4
74 83 4
74 84 2
74 85 1
74 86 4
74 87 2
74 88 4
74 89 3
74 90 3
74 91 2
74 92 1
74 93 2
74 94 3
74 95 2
74 96 1
74 97 3
74 98 3
74 99 4
75 76 3
75 77 3
75 78 4
75 79 2
75 80 3
75 81 4
75 82 3
75 83 1
75 84 4
75 85 5
75 86 1
75 87 3
75 88 3
75 89 1
75 90 2
75 91 3
75 92 4
75 93 3
75 94 3
75 95 4
75 96 5
75 97 5
75 98 5
75 99 2
76 77 1
76 78 2
76 79 2
76 80 3
76 81 2
76 82 4
76 83 3
76 84 3
76 85 3
76 86 3
76 87 3
76 88 4
76 89 2
76 90 3
76 91 1
76 92 2
76 93 1
76 94 1
76 95 4
76 96 3
76 97 4
76 98 4
76 99 3
77 78 2
77 79 2
77 80 3
77 81 3
77 82 4
77 83 3
77 84 4
77 85 3
77 86 3
77 87 3
77 88 4
77 89 2
77 90 3
77 91 1
77 92 2
77 93 1
77 94 1
77 95 4
77 96 3
77 97 5
77 98 4
77 99 3
78 79 4
78 80 3
78 81 3
78 82 5
78 83 5
78 84 3
78 85 1
78 86 5
78 87 4
78 88 5
78 89 3
78 90 4
78 91 2
78 92 2
78 93 1
78 94 2
78 95 4
78 96 2
78 97 4
78 98 4
78 99 5
79 80 4
79 81 4
79 82 4
79 83 2
79 84 5
79 85 5
79 86 2
79 87 4
79 88 4
79 89 2
79 90 3
79 91 3
79 92 4
79 93 3
79 94 2
79 95 5
79 96 5
79 97 6
79 98 6
79 99 3
80 81 1
80 82 3
80 83 4
80 84 1
80 85 2
80 86 3
80 87 1
80 88 2
80 89 3
80 90 2
80 91 3
80 92 2
80 93 3
80 94 4
80 95 2
80 96 2
80 97 2
80 98 2
80 99 3
81 82 3
81 83 4
81 84 1
81 85 2
81 86 4
81 87 1
81 88 3
81 89 3
81 90 2
81 91 2
81 92 1
81 93 3
81 94 3
81 95 2
81 96 2
81 97 2
81 98 2
81 99 4
82 83 3
82 84 3
82 85 4
82 86 2
82 87 2
82 88 1
82 89 3
82 90 1
82 91 4
82 92 4
82 93 4
82 94 4
82 95 3
82 96 4
82 97 4
82 98 4
82 99 1
83 84 5
83 85 5
83 86 1
83 87 3
83 88 4
83 89 2
83 90 3
83 91 4
83 92 4
83 93 4
83 94 4
83 95 5
83 96 5
83 97 5
83 98 5
83 99 2
84 85 2
84 86 4
84 87 2
84 88 3
84 89 4
84 90 3
84 91 3
84 92 2
84 93 3
84 94 4
84 95 1
84 96 2
84 97 1
84 98 1
84 99 4
85 86 5
85 87 3
85 88 4
85 89 4
85 90 3
85 91 2
85 92 1
85 93 2
85 94 3
85 95 3
85 96 1
85 97 3
85 98 3
85 99 5
86 87 3
86 88 3
86 89 2
86 90 2
86 91 4
86 92 4
86 93 4
86 94 4
86 95 4
86 96 5
86 97 5
86 98 5
86 99 1
87 88 2
87 89 2
87 90 1
87 91 3
87 92 2
87 93 3
87 94 3
87 95 2
87 96 3
87 97 2
87 98 2
87 99 3
88 89 3
88 90 2
88 91 4
88 92 4
88 93 4
88 94 5
88 95 3
88 96 4
88 97 4
88 98 3
88 99 2
89 90 2
89 91 2
89 92 3
89 93 2
89 94 2
89 95 4
89 96 4
89 97 4
89 98 4
89 99 2
90 91 3
90 92 3
90 93 3
90 94 3
90 95 3
90 96 3
90 97 3
90 98 3
90 99 2
91 92 2
91 93 1
91 94 1
91 95 4
91 96 3
91 97 4
91 98 4
91 99 4
92 93 2
92 94 3
92 95 3
92 96 1
92 97 3
92 98 3
92 99 4
93 94 1
93 95 4
93 96 3
93 97 4
93 98 4
93 99 4
94 95 5
94 96 4
94 97 5
94 98 5
94 99 4
95 96 3
95 97 1
95 98 1
95 99 4
96 97 3
96 98 3
96 99 5
97 98 1
97 99 5
98 99 4
