100 
0 1 5
0 2 5
0 3 4
0 4 4
0 5 4
0 6 5
0 7 3
0 8 5
0 9 1
0 10 5
0 11 3
0 12 3
0 13 5
0 14 5
0 15 5
0 16 3
0 17 3
0 18 4
0 19 5
0 20 3
0 21 3
0 22 3
0 23 5
0 24 6
0 25 5
0 26 4
0 27 5
0 28 2
0 29 5
0 30 3
0 31 4
0 32 4
0 33 4
0 34 5
0 35 4
0 36 1
0 37 2
0 38 4
0 39 6
0 40 3
0 41 4
0 42 1
0 43 3
0 44 2
0 45 4
0 46 3
0 47 4
0 48 5
0 49 4
0 50 5
0 51 2
0 52 4
0 53 2
0 54 6
0 55 4
0 56 5
0 57 3
0 58 3
0 59 5
0 60 5
0 61 4
0 62 4
0 63 6
0 64 5
0 65 2
0 66 2
0 67 4
0 68 5
0 69 5
0 70 3
0 71 4
0 72 2
0 73 5
0 74 4
0 75 1
0 76 3
0 77 2
0 78 4
0 79 4
0 80 2
0 81 4
0 82 4
0 83 5
0 84 4
0 85 2
0 86 3
0 87 3
0 88 4
0 89 4
0 90 4
0 91 3
0 92 5
0 93 5
0 94 5
0 95 2
0 96 5
0 97 5
0 98 4
0 99 4
1 2 1
1 3 3
1 4 2
1 5 1
1 6 4
1 7 2
1 8 4
1 9 4
1 10 5
1 11 2
1 12 2
1 13 1
1 14 3
1 15 4
1 16 3
1 17 2
1 18 1
1 19 2
1 20 3
1 21 3
1 22 3
1 23 4
1 24 5
1 25 2
1 26 1
1 27 4
1 28 3
1 29 3
1 30 2
1 31 4
1 32 3
1 33 5
1 34 3
1 35 3
1 36 4
1 37 4
1 38 3
1 39 3
1 40 2
1 41 3
1 42 4
1 43 2
1 44 3
1 45 4
1 46 2
1 47 1
1 48 3
1 49 2
1 50 4
1 51 3
1 52 3
1 53 3
1 54 3
1 55 3
1 56 4
1 57 2
1 58 3
1 59 1
1 60 1
1 61 1
1 62 2
1 63 2
1 64 4
1 65 3
1 66 3
1 67 2
1 68 1
1 69 2
1 70 3
1 71 3
1 72 3
1 73 3
1 74 2
1 75 5
1 76 4
1 77 3
1 78 1
1 79 4
1 80 3
1 81 1
1 82 3
1 83 2
1 84 2
1 85 4
1 86 2
1 87 2
1 88 3
1 89 1
1 90 4
1 91 5
1 92 3
1 93 2
1 94 4
1 95 3
1 96 4
1 97 4
1 98 2
1 99 1
2 3 3
2 4 2
2 5 1
2 6 4
2 7 2
2 8 5
2 9 4
2 10 5
2 11 3
2 12 2
2 13 1
2 14 3
2 15 5
2 16 3
2 17 2
2 18 1
2 19 1
2 20 3
2 21 3
2 22 3
2 23 4
2 24 5
2 25 2
2 26 1
2 27 5
2 28 3
2 29 3
2 30 3
2 31 4
2 32 3
2 33 5
2 34 3
2 35 3
2 36 4
2 37 4
2 38 3
2 39 3
2 40 2
2 41 3
2 42 4
2 43 2
2 44 3
2 45 4
2 46 2
2 47 2
2 48 4
2 49 2
2 50 5
2 51 3
2 52 2
2 53 3
2 54 3
2 55 3
2 56 5
2 57 2
2 58 4
2 59 1
2 60 1
2 61 1
2 62 2
2 63 2
2 64 5
2 65 3
2 66 3
2 67 1
2 68 1
2 69 2
2 70 3
2 71 4
2 72 3
2 73 3
2 74 3
2 75 5
2 76 4
2 77 3
2 78 2
2 79 5
2 80 3
2 81 1
2 82 3
2 83 1
2 84 2
2 85 4
2 86 3
2 87 2
2 88 3
2 89 1
2 90 4
2 91 5
2 92 3
2 93 2
2 94 4
2 95 3
2 96 5
2 97 4
2 98 2
2 99 1
3 4 1
3 5 3
3 6 5
3 7 1
3 8 5
3 9 3
3 10 6
3 11 4
3 12 3
3 13 3
3 14 5
3 15 5
3 16 3
3 17 2
3 18 2
3 19 2
3 20 4
3 21 4
3 22 4
3 23 5
3 24 6
3 25 2
3 26 3
3 27 5
3 28 3
3 29 4
3 30 3
3 31 5
3 32 4
3 33 5
3 34 5
3 35 4
3 36 4
3 37 4
3 38 5
3 39 5
3 40 2
3 41 4
3 42 4
3 43 2
3 44 3
3 45 5
3 46 3
3 47 3
3 48 5
3 49 4
3 50 5
3 51 2
3 52 1
3 53 3
3 54 5
3 55 4
3 56 5
3 57 3
3 58 4
3 59 3
3 60 3
3 61 3
3 62 3
3 63 4
3 64 5
3 65 3
3 66 3
3 67 2
3 68 2
3 69 4
3 70 3
3 71 4
3 72 3
3 73 5
3 74 4
3 75 5
3 76 4
3 77 3
3 78 3
3 79 5
3 80 2
3 81 3
3 82 4
3 83 2
3 84 1
3 85 4
3 86 3
3 87 2
3 88 4
3 89 2
3 90 5
3 91 5
3 92 5
3 93 1
3 94 5
3 95 3
3 96 5
3 97 5
3 98 3
3 99 3
4 5 2
4 6 5
4 7 1
4 8 5
4 9 3
4 10 6
4 11 3
4 12 2
4 13 3
4 14 4
4 15 5
4 16 3
4 17 2
4 18 1
4 19 1
4 20 4
4 21 4
4 22 4
4 23 5
4 24 6
4 25 1
4 26 2
4 27 5
4 28 3
4 29 4
4 30 3
4 31 5
4 32 4
4 33 5
4 34 4
4 35 4
4 36 4
4 37 4
4 38 4
4 39 5
4 40 2
4 41 4
4 42 4
4 43 2
4 44 3
4 45 5
4 46 3
4 47 3
4 48 5
4 49 3
4 50 5
4 51 2
4 52 1
4 53 3
4 54 5
4 55 4
4 56 5
4 57 2
4 58 4
4 59 2
4 60 2
4 61 2
4 62 3
4 63 4
4 64 5
4 65 3
4 66 3
4 67 1
4 68 1
4 69 4
4 70 3
4 71 4
4 72 3
4 73 4
4 74 4
4 75 5
4 76 4
4 77 3
4 78 3
4 79 5
4 80 2
4 81 2
4 82 4
4 83 1
4 84 1
4 85 4
4 86 3
4 87 2
4 88 4
4 89 2
4 90 5
4 91 5
4 92 4
4 93 1
4 94 5
4 95 3
4 96 5
4 97 5
4 98 3
4 99 2
5 6 3
5 7 2
5 8 4
5 9 3
5 10 4
5 11 2
5 12 1
5 13 1
5 14 2
5 15 4
5 16 2
5 17 1
5 18 1
5 19 2
5 20 2
5 21 2
5 22 2
5 23 3
5 24 4
5 25 3
5 26 1
5 27 4
5 28 3
5 29 2
5 30 2
5 31 3
5 32 2
5 33 4
5 34 2
5 35 2
5 36 4
5 37 3
5 38 2
5 39 3
5 40 1
5 41 2
5 42 3
5 43 2
5 44 2
5 45 3
5 46 1
5 47 1
5 48 3
5 49 1
5 50 4
5 51 2
5 52 3
5 53 2
5 54 3
5 55 2
5 56 4
5 57 1
5 58 3
5 59 2
5 60 2
5 61 1
5 62 1
5 63 2
5 64 4
5 65 2
5 66 2
5 67 2
5 68 2
5 69 2
5 70 2
5 71 3
5 72 2
5 73 2
5 74 2
5 75 4
5 76 3
5 77 2
5 78 1
5 79 4
5 80 2
5 81 1
5 82 2
5 83 2
5 84 2
5 85 3
5 86 2
5 87 1
5 88 2
5 89 1
5 90 3
5 91 4
5 92 2
5 93 3
5 94 3
5 95 2
5 96 4
5 97 3
5 98 1
5 99 1
6 7 4
6 8 1
6 9 4
6 10 2
6 11 2
6 12 3
6 13 3
6 14 1
6 15 2
6 16 2
6 17 3
6 18 4
6 19 5
6 20 2
6 21 2
6 22 2
6 23 1
6 24 2
6 25 6
6 26 4
6 27 2
6 28 4
6 29 2
6 30 3
6 31 1
6 32 1
6 33 3
6 34 2
6 35 1
6 36 5
6 37 3
6 38 1
6 39 4
6 40 4
6 41 1
6 42 5
6 43 3
6 44 3
6 45 1
6 46 2
6 47 3
6 48 1
6 49 2
6 50 2
6 51 4
6 52 5
6 53 3
6 54 3
6 55 1
6 56 1
6 57 3
6 58 2
6 59 4
6 60 5
6 61 4
6 62 2
6 63 4
6 64 2
6 65 3
6 66 3
6 67 5
6 68 5
6 69 3
6 70 2
6 71 1
6 72 3
6 73 2
6 74 2
6 75 6
6 76 3
6 77 4
6 78 3
6 79 2
6 80 3
6 81 4
6 82 1
6 83 5
6 84 5
6 85 4
6 86 2
6 87 3
6 88 1
6 89 4
6 90 1
6 91 4
6 92 2
6 93 6
6 94 1
6 95 3
6 96 2
6 97 1
6 98 2
6 99 4
7 8 4
7 9 2
7 10 5
7 11 3
7 12 2
7 13 2
7 14 4
7 15 4
7 16 2
7 17 1
7 18 1
7 19 2
7 20 3
7 21 3
7 22 3
7 23 4
7 24 5
7 25 2
7 26 2
7 27 4
7 28 2
7 29 3
7 30 2
7 31 4
7 32 3
7 33 4
7 34 4
7 35 3
7 36 3
7 37 3
7 38 4
7 39 4
7 40 1
7 41 3
7 42 3
7 43 1
7 44 2
7 45 4
7 46 2
7 47 2
7 48 4
7 49 3
7 50 4
7 51 1
7 52 1
7 53 2
7 54 4
7 55 3
7 56 4
7 57 2
7 58 3
7 59 2
7 60 2
7 61 2
7 62 2
7 63 3
7 64 4
7 65 2
7 66 2
7 67 1
7 68 2
7 69 3
7 70 2
7 71 3
7 72 2
7 73 4
7 74 3
7 75 4
7 76 3
7 77 2
7 78 2
7 79 4
7 80 1
7 81 2
7 82 3
7 83 2
7 84 1
7 85 3
7 86 2
7 87 1
7 88 3
7 89 1
7 90 4
7 91 4
7 92 4
7 93 2
7 94 4
7 95 2
7 96 4
7 97 4
7 98 2
7 99 2
8 9 4
8 10 1
8 11 2
8 12 3
8 13 4
8 14 2
8 15 1
8 16 3
8 17 4
8 18 4
8 19 5
8 20 2
8 21 2
8 22 2
8 23 1
8 24 1
8 25 6
8 26 4
8 27 2
8 28 4
8 29 2
8 30 3
8 31 1
8 32 2
8 33 2
8 34 3
8 35 2
8 36 5
8 37 3
8 38 2
8 39 5
8 40 4
8 41 2
8 42 5
8 43 3
8 44 3
8 45 1
8 46 3
8 47 3
8 48 2
8 49 3
8 50 1
8 51 4
8 52 5
8 53 3
8 54 4
8 55 2
8 56 1
8 57 3
8 58 2
8 59 5
8 60 5
8 61 5
8 62 3
8 63 5
8 64 1
8 65 3
8 66 3
8 67 5
8 68 5
8 69 4
8 70 2
8 71 1
8 72 3
8 73 3
8 74 3
8 75 6
8 76 3
8 77 4
8 78 4
8 79 2
8 80 3
8 81 4
8 82 2
8 83 6
8 84 5
8 85 4
8 86 3
8 87 4
8 88 2
8 89 4
8 90 1
8 91 3
8 92 2
8 93 6
8 94 1
8 95 3
8 96 2
8 97 1
8 98 3
8 99 5
9 10 4
9 11 2
9 12 2
9 13 4
9 14 4
9 15 4
9 16 2
9 17 2
9 18 3
9 19 4
9 20 2
9 21 2
9 22 2
9 23 4
9 24 5
9 25 4
9 26 3
9 27 4
9 28 1
9 29 4
9 30 2
9 31 3
9 32 3
9 33 3
9 34 4
9 35 3
9 36 2
9 37 1
9 38 3
9 39 5
9 40 2
9 41 3
9 42 1
9 43 2
9 44 1
9 45 3
9 46 2
9 47 3
9 48 4
9 49 3
9 50 4
9 51 1
9 52 3
9 53 1
9 54 5
9 55 3
9 56 4
9 57 2
9 58 2
9 59 4
9 60 4
9 61 3
9 62 3
9 63 5
9 64 4
9 65 1
9 66 1
9 67 3
9 68 4
9 69 4
9 70 2
9 71 3
9 72 1
9 73 4
9 74 3
9 75 2
9 76 2
9 77 1
9 78 3
9 79 3
9 80 1
9 81 3
9 82 3
9 83 4
9 84 3
9 85 1
9 86 2
9 87 2
9 88 3
9 89 3
9 90 3
9 91 2
9 92 4
9 93 4
9 94 4
9 95 1
9 96 4
9 97 4
9 98 3
9 99 3
10 11 3
10 12 4
10 13 4
10 14 2
10 15 1
10 16 3
10 17 4
10 18 5
10 19 6
10 20 2
10 21 2
10 22 2
10 23 2
10 24 1
10 25 7
10 26 5
10 27 1
10 28 4
10 29 3
10 30 3
10 31 1
10 32 2
10 33 2
10 34 3
10 35 2
10 36 5
10 37 4
10 38 2
10 39 5
10 40 4
10 41 2
10 42 5
10 43 4
10 44 4
10 45 1
10 46 3
10 47 4
10 48 3
10 49 3
10 50 1
10 51 4
10 52 6
10 53 4
10 54 4
10 55 2
10 56 1
10 57 4
10 58 3
10 59 5
10 60 6
10 61 5
10 62 3
10 63 5
10 64 1
10 65 3
10 66 3
10 67 6
10 68 6
10 69 4
10 70 3
10 71 2
10 72 4
10 73 3
10 74 3
10 75 6
10 76 3
10 77 4
10 78 4
10 79 2
10 80 4
10 81 5
10 82 2
10 83 6
10 84 6
10 85 4
10 86 3
10 87 4
10 88 2
10 89 5
10 90 2
10 91 3
10 92 3
10 93 7
10 94 1
10 95 3
10 96 2
10 97 2
10 98 3
10 99 5
11 12 1
11 13 2
11 14 2
11 15 2
11 16 1
11 17 2
11 18 2
11 19 3
11 20 1
11 21 1
11 22 1
11 23 2
11 24 3
11 25 4
11 26 2
11 27 2
11 28 2
11 29 2
11 30 1
11 31 2
11 32 2
11 33 3
11 34 2
11 35 1
11 36 3
11 37 2
11 38 2
11 39 4
11 40 2
11 41 1
11 42 3
11 43 2
11 44 2
11 45 2
11 46 1
11 47 1
11 48 2
11 49 1
11 50 2
11 51 2
11 52 4
11 53 2
11 54 3
11 55 1
11 56 2
11 57 1
11 58 1
11 59 3
11 60 3
11 61 3
11 62 2
11 63 3
11 64 2
11 65 1
11 66 1
11 67 3
11 68 3
11 69 3
11 70 1
11 71 1
11 72 2
11 73 2
11 74 1
11 75 4
11 76 2
11 77 2
11 78 2
11 79 2
11 80 2
11 81 2
11 82 1
11 83 4
11 84 3
11 85 3
11 86 1
11 87 2
11 88 1
11 89 2
11 90 2
11 91 3
11 92 2
11 93 4
11 94 2
11 95 1
11 96 2
11 97 2
11 98 2
11 99 3
12 13 2
12 14 3
12 15 3
12 16 1
12 17 1
12 18 1
12 19 2
12 20 2
12 21 2
12 22 2
12 23 3
12 24 4
12 25 3
12 26 2
12 27 3
12 28 2
12 29 3
12 30 1
12 31 3
12 32 2
12 33 3
12 34 3
12 35 2
12 36 3
12 37 2
12 38 3
12 39 4
12 40 1
12 41 2
12 42 3
12 43 1
12 44 1
12 45 3
12 46 1
12 47 1
12 48 3
12 49 2
12 50 3
12 51 1
12 52 3
12 53 1
12 54 4
12 55 2
12 56 3
12 57 1
12 58 2
12 59 2
12 60 2
12 61 2
12 62 2
12 63 3
12 64 3
12 65 1
12 66 1
12 67 2
12 68 2
12 69 3
12 70 1
12 71 2
12 72 1
12 73 3
12 74 2
12 75 4
12 76 2
12 77 2
12 78 1
12 79 3
12 80 1
12 81 2
12 82 2
12 83 3
12 84 2
12 85 3
12 86 1
12 87 1
12 88 2
12 89 1
12 90 3
12 91 3
12 92 3
12 93 3
12 94 3
12 95 1
12 96 3
12 97 3
12 98 2
12 99 2
13 14 3
13 15 4
13 16 3
13 17 2
13 18 2
13 19 2
13 20 3
13 21 3
13 22 3
13 23 3
13 24 4
13 25 3
13 26 1
13 27 4
13 28 3
13 29 2
13 30 2
13 31 3
13 32 2
13 33 5
13 34 3
13 35 2
13 36 4
13 37 4
13 38 3
13 39 2
13 40 2
13 41 2
13 42 4
13 43 2
13 44 3
13 45 3
13 46 2
13 47 1
13 48 3
13 49 2
13 50 4
13 51 3
13 52 3
13 53 3
13 54 2
13 55 2
13 56 4
13 57 2
13 58 3
13 59 1
13 60 2
13 61 1
13 62 1
13 63 1
13 64 4
13 65 3
13 66 3
13 67 2
13 68 2
13 69 1
13 70 3
13 71 3
13 72 3
13 73 3
13 74 2
13 75 5
13 76 4
13 77 3
13 78 1
13 79 4
13 80 3
13 81 1
13 82 3
13 83 2
13 84 3
13 85 4
13 86 2
13 87 2
13 88 3
13 89 1
13 90 3
13 91 5
13 92 3
13 93 3
13 94 3
13 95 3
13 96 4
13 97 3
13 98 1
13 99 1
14 15 2
14 16 2
14 17 3
14 18 3
14 19 4
14 20 2
14 21 2
14 22 2
14 23 1
14 24 3
14 25 5
14 26 3
14 27 3
14 28 4
14 29 1
14 30 3
14 31 1
14 32 1
14 33 3
14 34 1
14 35 1
14 36 5
14 37 3
14 38 1
14 39 3
14 40 3
14 41 1
14 42 5
14 43 3
14 44 3
14 45 2
14 46 2
14 47 2
14 48 1
14 49 1
14 50 2
14 51 4
14 52 5
14 53 3
14 54 2
14 55 1
14 56 2
14 57 3
14 58 2
14 59 4
14 60 4
14 61 3
14 62 2
14 63 3
14 64 2
14 65 3
14 66 3
14 67 4
14 68 4
14 69 3
14 70 2
14 71 2
14 72 3
14 73 1
14 74 1
14 75 6
14 76 3
14 77 4
14 78 2
14 79 3
14 80 3
14 81 3
14 82 1
14 83 4
14 84 4
14 85 4
14 86 2
14 87 3
14 88 1
14 89 3
14 90 1
14 91 4
14 92 1
14 93 5
14 94 2
14 95 3
14 96 3
14 97 1
14 98 2
14 99 3
15 16 3
15 17 4
15 18 4
15 19 5
15 20 2
15 21 2
15 22 2
15 23 2
15 24 1
15 25 6
15 26 4
15 27 1
15 28 4
15 29 3
15 30 3
15 31 1
15 32 2
15 33 1
15 34 3
15 35 2
15 36 5
15 37 3
15 38 2
15 39 5
15 40 4
15 41 2
15 42 4
15 43 3
15 44 3
15 45 1
15 46 3
15 47 3
15 48 2
15 49 3
15 50 1
15 51 4
15 52 5
15 53 3
15 54 4
15 55 2
15 56 1
15 57 3
15 58 2
15 59 5
15 60 5
15 61 5
15 62 3
15 63 5
15 64 1
15 65 3
15 66 3
15 67 5
15 68 5
15 69 4
15 70 2
15 71 1
15 72 3
15 73 3
15 74 3
15 75 5
15 76 2
15 77 4
15 78 4
15 79 1
15 80 3
15 81 4
15 82 2
15 83 6
15 84 5
15 85 3
15 86 3
15 87 4
15 88 2
15 89 4
15 90 1
15 91 2
15 92 3
15 93 6
15 94 1
15 95 3
15 96 1
15 97 2
15 98 3
15 99 5
16 17 2
16 18 2
16 19 3
16 20 1
16 21 1
16 22 1
16 23 2
16 24 3
16 25 4
16 26 3
16 27 3
16 28 2
16 29 2
16 30 1
16 31 2
16 32 2
16 33 3
16 34 3
16 35 2
16 36 3
16 37 2
16 38 2
16 39 4
16 40 2
16 41 1
16 42 3
16 43 1
16 44 1
16 45 2
16 46 1
16 47 2
16 48 2
16 49 2
16 50 3
16 51 2
16 52 3
16 53 1
16 54 4
16 55 1
16 56 3
16 57 1
16 58 1
16 59 3
16 60 3
16 61 3
16 62 2
16 63 4
16 64 3
16 65 1
16 66 1
16 67 3
16 68 3
16 69 3
16 70 1
16 71 2
16 72 1
16 73 3
16 74 2
16 75 4
16 76 2
16 77 2
16 78 2
16 79 2
16 80 1
16 81 3
16 82 1
16 83 4
16 84 3
16 85 3
16 86 1
16 87 2
16 88 2
16 89 2
16 90 2
16 91 3
16 92 3
16 93 4
16 94 2
16 95 1
16 96 3
16 97 2
16 98 2
16 99 3
17 18 1
17 19 2
17 20 2
17 21 2
17 22 2
17 23 3
17 24 4
17 25 3
17 26 1
17 27 4
17 28 2
17 29 2
17 30 1
17 31 3
17 32 2
17 33 4
17 34 3
17 35 2
17 36 3
17 37 3
17 38 3
17 39 3
17 40 1
17 41 2
17 42 3
17 43 1
17 44 2
17 45 3
17 46 1
17 47 1
17 48 3
17 49 2
17 50 4
17 51 1
17 52 2
17 53 2
17 54 3
17 55 2
17 56 4
17 57 1
17 58 2
17 59 2
17 60 2
17 61 1
17 62 1
17 63 3
17 64 4
17 65 2
17 66 2
17 67 2
17 68 2
17 69 2
17 70 2
17 71 3
17 72 1
17 73 3
17 74 2
17 75 4
17 76 3
17 77 2
17 78 1
17 79 3
17 80 1
17 81 1
17 82 2
17 83 3
17 84 2
17 85 3
17 86 1
17 87 1
17 88 2
17 89 1
17 90 3
17 91 4
17 92 3
17 93 3
17 94 3
17 95 1
17 96 4
17 97 3
17 98 1
17 99 1
18 19 1
18 20 3
18 21 3
18 22 3
18 23 4
18 24 5
18 25 2
18 26 1
18 27 4
18 28 2
18 29 3
18 30 2
18 31 4
18 32 3
18 33 4
18 34 3
18 35 3
18 36 3
18 37 3
18 38 3
18 39 4
18 40 1
18 41 3
18 42 3
18 43 1
18 44 2
18 45 4
18 46 2
18 47 2
18 48 4
18 49 2
18 50 4
18 51 2
18 52 2
18 53 2
18 54 4
18 55 3
18 56 4
18 57 1
18 58 3
18 59 1
18 60 1
18 61 1
18 62 2
18 63 3
18 64 4
18 65 2
18 66 2
18 67 1
18 68 1
18 69 3
18 70 2
18 71 3
18 72 2
18 73 3
18 74 3
18 75 4
18 76 3
18 77 2
18 78 2
18 79 4
18 80 2
18 81 1
18 82 3
18 83 2
18 84 1
18 85 3
18 86 2
18 87 1
18 88 3
18 89 1
18 90 4
18 91 4
18 92 3
18 93 2
18 94 4
18 95 2
18 96 4
18 97 4
18 98 2
18 99 1
19 20 4
19 21 4
19 22 4
19 23 5
19 24 6
19 25 1
19 26 2
19 27 5
19 28 3
19 29 4
19 30 3
19 31 5
19 32 4
19 33 5
19 34 4
19 35 4
19 36 4
19 37 4
19 38 4
19 39 4
19 40 2
19 41 4
19 42 4
19 43 2
19 44 3
19 45 5
19 46 3
19 47 3
19 48 5
19 49 3
19 50 5
19 51 3
19 52 1
19 53 3
19 54 4
19 55 4
19 56 5
19 57 2
19 58 4
19 59 1
19 60 1
19 61 2
19 62 3
19 63 3
19 64 5
19 65 3
19 66 3
19 67 1
19 68 1
19 69 3
19 70 3
19 71 4
19 72 3
19 73 4
19 74 4
19 75 5
19 76 4
19 77 3
19 78 3
19 79 5
19 80 3
19 81 2
19 82 4
19 83 1
19 84 1
19 85 4
19 86 3
19 87 2
19 88 4
19 89 2
19 90 5
19 91 5
19 92 4
19 93 1
19 94 5
19 95 3
19 96 5
19 97 5
19 98 3
19 99 2
20 21 1
20 22 1
20 23 2
20 24 3
20 25 5
20 26 3
20 27 2
20 28 2
20 29 2
20 30 1
20 31 1
20 32 2
20 33 3
20 34 2
20 35 1
20 36 3
20 37 2
20 38 2
20 39 4
20 40 2
20 41 1
20 42 3
20 43 2
20 44 2
20 45 2
20 46 1
20 47 2
20 48 2
20 49 1
20 50 2
20 51 2
20 52 4
20 53 2
20 54 3
20 55 1
20 56 2
20 57 2
20 58 1
20 59 4
20 60 4
20 61 3
20 62 2
20 63 4
20 64 2
20 65 1
20 66 1
20 67 4
20 68 4
20 69 3
20 70 1
20 71 1
20 72 2
20 73 2
20 74 2
20 75 4
20 76 2
20 77 2
20 78 2
20 79 2
20 80 2
20 81 3
20 82 1
20 83 4
20 84 4
20 85 3
20 86 1
20 87 2
20 88 1
20 89 3
20 90 1
20 91 3
20 92 2
20 93 5
20 94 2
20 95 1
20 96 2
20 97 2
20 98 2
20 99 3
21 22 1
21 23 2
21 24 3
21 25 5
21 26 3
21 27 2
21 28 3
21 29 2
21 30 1
21 31 1
21 32 1
21 33 3
21 34 2
21 35 1
21 36 4
21 37 2
21 38 1
21 39 4
21 40 2
21 41 1
21 42 3
21 43 2
21 44 2
21 45 1
21 46 1
21 47 2
21 48 2
21 49 2
21 50 2
21 51 2
21 52 4
21 53 2
21 54 3
21 55 1
21 56 2
21 57 2
21 58 1
21 59 4
21 60 4
21 61 3
21 62 2
21 63 4
21 64 2
21 65 1
21 66 2
21 67 4
21 68 4
21 69 3
21 70 1
21 71 1
21 72 2
21 73 2
21 74 2
21 75 4
21 76 2
21 77 2
21 78 2
21 79 2
21 80 2
21 81 3
21 82 1
21 83 4
21 84 4
21 85 3
21 86 1
21 87 2
21 88 1
21 89 3
21 90 1
21 91 3
21 92 2
21 93 5
21 94 2
21 95 1
21 96 2
21 97 2
21 98 2
21 99 3
22 23 2
22 24 3
22 25 5
22 26 3
22 27 2
22 28 3
22 29 2
22 30 1
22 31 1
22 32 1
22 33 3
22 34 2
22 35 1
22 36 4
22 37 2
22 38 1
22 39 4
22 40 2
22 41 1
22 42 3
22 43 2
22 44 2
22 45 1
22 46 1
22 47 2
22 48 2
22 49 1
22 50 2
22 51 2
22 52 4
22 53 2
22 54 3
22 55 1
22 56 2
22 57 2
22 58 1
22 59 4
22 60 4
22 61 3
22 62 2
22 63 4
22 64 2
22 65 1
22 66 2
22 67 4
22 68 4
22 69 3
22 70 1
22 71 1
22 72 2
22 73 2
22 74 1
22 75 4
22 76 2
22 77 2
22 78 2
22 79 2
22 80 2
22 81 3
22 82 1
22 83 4
22 84 4
22 85 3
22 86 1
22 87 2
22 88 1
22 89 3
22 90 1
22 91 3
22 92 2
22 93 5
22 94 2
22 95 1
22 96 2
22 97 2
22 98 2
22 99 3
23 24 2
23 25 6
23 26 4
23 27 2
23 28 4
23 29 2
23 30 3
23 31 1
23 32 1
23 33 3
23 34 2
23 35 1
23 36 5
23 37 3
23 38 1
23 39 4
23 40 4
23 41 1
23 42 5
23 43 3
23 44 3
23 45 1
23 46 2
23 47 3
23 48 1
23 49 2
23 50 2
23 51 4
23 52 5
23 53 3
23 54 3
23 55 1
23 56 1
23 57 3
23 58 2
23 59 4
23 60 5
23 61 4
23 62 2
23 63 4
23 64 2
23 65 3
23 66 3
23 67 5
23 68 5
23 69 3
23 70 2
23 71 1
23 72 3
23 73 2
23 74 2
23 75 6
23 76 3
23 77 4
23 78 3
23 79 2
23 80 3
23 81 4
23 82 1
23 83 5
23 84 5
23 85 4
23 86 2
23 87 3
23 88 1
23 89 4
23 90 1
23 91 4
23 92 2
23 93 6
23 94 1
23 95 3
23 96 2
23 97 1
23 98 2
23 99 4
24 25 7
24 26 5
24 27 2
24 28 5
24 29 3
24 30 4
24 31 2
24 32 3
24 33 2
24 34 3
24 35 3
24 36 6
24 37 4
24 38 2
24 39 5
24 40 5
24 41 2
24 42 5
24 43 4
24 44 4
24 45 2
24 46 3
24 47 4
24 48 3
24 49 3
24 50 1
24 51 5
24 52 6
24 53 4
24 54 4
24 55 2
24 56 1
24 57 4
24 58 3
24 59 5
24 60 6
24 61 5
24 62 3
24 63 5
24 64 2
24 65 4
24 66 4
24 67 6
24 68 6
24 69 5
24 70 3
24 71 2
24 72 4
24 73 4
24 74 3
24 75 6
24 76 3
24 77 5
24 78 4
24 79 2
24 80 4
24 81 5
24 82 2
24 83 6
24 84 6
24 85 4
24 86 3
24 87 4
24 88 2
24 89 5
24 90 2
24 91 3
24 92 3
24 93 7
24 94 1
24 95 4
24 96 2
24 97 2
24 98 4
24 99 5
25 26 2
25 27 6
25 28 4
25 29 5
25 30 4
25 31 6
25 32 5
25 33 6
25 34 5
25 35 5
25 36 5
25 37 5
25 38 5
25 39 5
25 40 3
25 41 5
25 42 5
25 43 3
25 44 4
25 45 6
25 46 4
25 47 3
25 48 5
25 49 4
25 50 6
25 51 3
25 52 1
25 53 4
25 54 5
25 55 5
25 56 6
25 57 3
25 58 5
25 59 2
25 60 1
25 61 2
25 62 4
25 63 4
25 64 6
25 65 4
25 66 4
25 67 1
25 68 1
25 69 4
25 70 4
25 71 5
25 72 4
25 73 5
25 74 4
25 75 6
25 76 5
25 77 4
25 78 3
25 79 6
25 80 3
25 81 2
25 82 5
25 83 1
25 84 1
25 85 5
25 86 4
25 87 3
25 88 5
25 89 2
25 90 6
25 91 6
25 92 5
25 93 1
25 94 6
25 95 4
25 96 6
25 97 6
25 98 4
25 99 2
26 27 4
26 28 3
26 29 3
26 30 2
26 31 4
26 32 3
26 33 5
26 34 3
26 35 3
26 36 4
26 37 3
26 38 3
26 39 3
26 40 1
26 41 3
26 42 4
26 43 2
26 44 2
26 45 4
26 46 2
26 47 1
26 48 3
26 49 2
26 50 4
26 51 2
26 52 2
26 53 2
26 54 3
26 55 3
26 56 4
26 57 2
26 58 3
26 59 1
26 60 1
26 61 1
26 62 2
26 63 2
26 64 4
26 65 3
26 66 2
26 67 1
26 68 1
26 69 2
26 70 3
26 71 3
26 72 2
26 73 3
26 74 2
26 75 5
26 76 4
26 77 3
26 78 1
26 79 4
26 80 2
26 81 1
26 82 3
26 83 2
26 84 2
26 85 4
26 86 2
26 87 1
26 88 3
26 89 1
26 90 4
26 91 4
26 92 3
26 93 2
26 94 4
26 95 2
26 96 4
26 97 4
26 98 2
26 99 1
27 28 4
27 29 3
27 30 3
27 31 2
27 32 3
27 33 1
27 34 3
27 35 2
27 36 5
27 37 3
27 38 2
27 39 5
27 40 4
27 41 2
27 42 4
27 43 3
27 44 3
27 45 1
27 46 3
27 47 3
27 48 3
27 49 3
27 50 1
27 51 4
27 52 5
27 53 3
27 54 4
27 55 2
27 56 1
27 57 3
27 58 2
27 59 5
27 60 5
27 61 5
27 62 3
27 63 5
27 64 1
27 65 3
27 66 3
27 67 5
27 68 5
27 69 4
27 70 2
27 71 1
27 72 3
27 73 3
27 74 3
27 75 5
27 76 2
27 77 4
27 78 4
27 79 1
27 80 3
27 81 4
27 82 2
27 83 6
27 84 5
27 85 3
27 86 3
27 87 4
27 88 2
27 89 4
27 90 2
27 91 2
27 92 3
27 93 6
27 94 1
27 95 3
27 96 1
27 97 2
27 98 3
27 99 5
28 29 4
28 30 2
28 31 3
28 32 3
28 33 4
28 34 4
28 35 3
28 36 1
28 37 2
28 38 4
28 39 5
28 40 2
28 41 3
28 42 1
28 43 1
28 44 1
28 45 4
28 46 2
28 47 2
28 48 4
28 49 3
28 50 4
28 51 1
28 52 3
28 53 1
28 54 5
28 55 3
28 56 4
28 57 2
28 58 2
28 59 3
28 60 3
28 61 3
28 62 3
28 63 4
28 64 4
28 65 2
28 66 1
28 67 3
28 68 3
28 69 4
28 70 2
28 71 3
28 72 1
28 73 4
28 74 3
28 75 2
28 76 3
28 77 1
28 78 3
28 79 3
28 80 1
28 81 3
28 82 3
28 83 4
28 84 3
28 85 2
28 86 3
28 87 2
28 88 3
28 89 2
28 90 3
28 91 3
28 92 4
28 93 4
28 94 4
28 95 2
28 96 4
28 97 4
28 98 3
28 99 3
29 30 3
29 31 2
29 32 1
29 33 4
29 34 1
29 35 1
29 36 5
29 37 4
29 38 1
29 39 3
29 40 3
29 41 1
29 42 5
29 43 3
29 44 3
29 45 2
29 46 2
29 47 2
29 48 1
29 49 1
29 50 3
29 51 3
29 52 4
29 53 3
29 54 2
29 55 1
29 56 3
29 57 3
29 58 3
29 59 3
29 60 4
29 61 3
29 62 1
29 63 3
29 64 3
29 65 3
29 66 3
29 67 4
29 68 4
29 69 2
29 70 2
29 71 2
29 72 3
29 73 1
29 74 1
29 75 6
29 76 3
29 77 4
29 78 2
29 79 3
29 80 3
29 81 3
29 82 2
29 83 4
29 84 4
29 85 4
29 86 2
29 87 3
29 88 1
29 89 3
29 90 2
29 91 4
29 92 1
29 93 5
29 94 2
29 95 3
29 96 3
29 97 1
29 98 1
29 99 3
30 31 2
30 32 2
30 33 3
30 34 3
30 35 2
30 36 3
30 37 2
30 38 2
30 39 4
30 40 1
30 41 2
30 42 2
30 43 1
30 44 1
30 45 2
30 46 1
30 47 1
30 48 3
30 49 2
30 50 3
30 51 1
30 52 3
30 53 1
30 54 4
30 55 2
30 56 3
30 57 1
30 58 1
30 59 3
30 60 3
30 61 2
30 62 2
30 63 3
30 64 3
30 65 1
30 66 1
30 67 3
30 68 3
30 69 3
30 70 1
30 71 2
30 72 1
30 73 3
30 74 2
30 75 3
30 76 2
30 77 1
30 78 2
30 79 2
30 80 1
30 81 2
30 82 2
30 83 4
30 84 3
30 85 2
30 86 1
30 87 1
30 88 2
30 89 2
30 90 2
30 91 3
30 92 3
30 93 4
30 94 3
30 95 1
30 96 3
30 97 3
30 98 2
30 99 2
31 32 1
31 33 2
31 34 2
31 35 1
31 36 4
31 37 3
31 38 1
31 39 4
31 40 3
31 41 1
31 42 4
31 43 3
31 44 3
31 45 1
31 46 2
31 47 3
31 48 2
31 49 2
31 50 1
31 51 3
31 52 5
31 53 3
31 54 3
31 55 1
31 56 1
31 57 3
31 58 2
31 59 4
31 60 5
31 61 4
31 62 2
31 63 4
31 64 1
31 65 2
31 66 2
31 67 5
31 68 5
31 69 3
31 70 2
31 71 1
31 72 3
31 73 2
31 74 2
31 75 5
31 76 3
31 77 3
31 78 3
31 79 2
31 80 3
31 81 4
31 82 1
31 83 5
31 84 5
31 85 4
31 86 2
31 87 3
31 88 1
31 89 4
31 90 1
31 91 3
31 92 2
31 93 6
31 94 1
31 95 2
31 96 2
31 97 1
31 98 2
31 99 4
32 33 3
32 34 1
32 35 1
32 36 4
32 37 3
32 38 1
32 39 3
32 40 3
32 41 1
32 42 4
32 43 2
32 44 3
32 45 2
32 46 1
32 47 2
32 48 1
32 49 1
32 50 2
32 51 3
32 52 4
32 53 3
32 54 2
32 55 1
32 56 2
32 57 2
32 58 2
32 59 3
32 60 4
32 61 3
32 62 1
32 63 3
32 64 2
32 65 2
32 66 3
32 67 4
32 68 4
32 69 2
32 70 2
32 71 2
32 72 3
32 73 1
32 74 1
32 75 5
32 76 3
32 77 3
32 78 2
32 79 3
32 80 3
32 81 3
32 82 1
32 83 4
32 84 4
32 85 4
32 86 1
32 87 2
32 88 1
32 89 3
32 90 1
32 91 4
32 92 1
32 93 5
32 94 2
32 95 2
32 96 3
32 97 1
32 98 1
32 99 3
33 34 4
33 35 3
33 36 4
33 37 2
33 38 3
33 39 6
33 40 4
33 41 3
33 42 3
33 43 3
33 44 3
33 45 2
33 46 4
33 47 4
33 48 3
33 49 4
33 50 2
33 51 3
33 52 5
33 53 3
33 54 5
33 55 3
33 56 2
33 57 3
33 58 2
33 59 5
33 60 5
33 61 5
33 62 4
33 63 6
33 64 1
33 65 2
33 66 3
33 67 5
33 68 5
33 69 5
33 70 2
33 71 2
33 72 3
33 73 4
33 74 4
33 75 4
33 76 1
33 77 3
33 78 4
33 79 1
33 80 3
33 81 5
33 82 3
33 83 6
33 84 5
33 85 2
33 86 3
33 87 4
33 88 3
33 89 4
33 90 2
33 91 1
33 92 4
33 93 6
33 94 2
33 95 3
33 96 1
33 97 3
33 98 4
33 99 5
34 35 1
34 36 5
34 37 4
34 38 1
34 39 2
34 40 3
34 41 2
34 42 5
34 43 3
34 44 4
34 45 3
34 46 2
34 47 2
34 48 1
34 49 1
34 50 3
34 51 4
34 52 5
34 53 4
34 54 1
34 55 2
34 56 3
34 57 3
34 58 3
34 59 4
34 60 4
34 61 3
34 62 2
34 63 2
34 64 3
34 65 3
34 66 3
34 67 4
34 68 4
34 69 2
34 70 3
34 71 2
34 72 4
34 73 1
34 74 1
34 75 6
34 76 4
34 77 4
34 78 2
34 79 3
34 80 4
34 81 3
34 82 2
34 83 4
34 84 4
34 85 5
34 86 2
34 87 3
34 88 2
34 89 3
34 90 2
34 91 5
34 92 1
34 93 5
34 94 2
34 95 3
34 96 3
34 97 2
34 98 2
34 99 3
35 36 4
35 37 3
35 38 1
35 39 3
35 40 3
35 41 1
35 42 4
35 43 2
35 44 3
35 45 2
35 46 1
35 47 2
35 48 1
35 49 1
35 50 2
35 51 3
35 52 4
35 53 3
35 54 2
35 55 1
35 56 2
35 57 2
35 58 2
35 59 3
35 60 4
35 61 3
35 62 1
35 63 3
35 64 2
35 65 2
35 66 2
35 67 4
35 68 4
35 69 2
35 70 2
35 71 1
35 72 3
35 73 1
35 74 1
35 75 5
35 76 3
35 77 3
35 78 2
35 79 2
35 80 3
35 81 3
35 82 1
35 83 4
35 84 4
35 85 4
35 86 1
35 87 2
35 88 1
35 89 3
35 90 1
35 91 4
35 92 1
35 93 5
35 94 2
35 95 2
35 96 2
35 97 1
35 98 1
35 99 3
36 37 3
36 38 5
36 39 6
36 40 3
36 41 4
36 42 1
36 43 2
36 44 2
36 45 5
36 46 3
36 47 3
36 48 5
36 49 4
36 50 5
36 51 2
36 52 4
36 53 2
36 54 6
36 55 4
36 56 5
36 57 3
36 58 3
36 59 4
36 60 4
36 61 4
36 62 4
36 63 5
36 64 5
36 65 3
36 66 2
36 67 4
36 68 4
36 69 5
36 70 3
36 71 4
36 72 2
36 73 5
36 74 4
36 75 1
36 76 3
36 77 2
36 78 4
36 79 4
36 80 2
36 81 4
36 82 4
36 83 5
36 84 4
36 85 2
36 86 4
36 87 3
36 88 4
36 89 3
36 90 4
36 91 3
36 92 5
36 93 5
36 94 5
36 95 3
36 96 5
36 97 5
36 98 4
36 99 4
37 38 3
37 39 5
37 40 2
37 41 3
37 42 2
37 43 2
37 44 1
37 45 3
37 46 3
37 47 3
37 48 4
37 49 3
37 50 3
37 51 2
37 52 4
37 53 1
37 54 5
37 55 3
37 56 3
37 57 2
37 58 1
37 59 4
37 60 4
37 61 4
37 62 3
37 63 5
37 64 3
37 65 1
37 66 1
37 67 4
37 68 4
37 69 4
37 70 2
37 71 2
37 72 2
37 73 4
37 74 3
37 75 3
37 76 1
37 77 1
37 78 3
37 79 2
37 80 2
37 81 3
37 82 2
37 83 5
37 84 4
37 85 1
37 86 2
37 87 2
37 88 3
37 89 3
37 90 3
37 91 1
37 92 4
37 93 5
37 94 3
37 95 2
37 96 3
37 97 3
37 98 3
37 99 4
38 39 3
38 40 3
38 41 1
38 42 4
38 43 3
38 44 3
38 45 2
38 46 2
38 47 2
38 48 1
38 49 1
38 50 2
38 51 3
38 52 5
38 53 3
38 54 2
38 55 1
38 56 2
38 57 3
38 58 2
38 59 4
38 60 4
38 61 3
38 62 2
38 63 3
38 64 2
38 65 2
38 66 3
38 67 4
38 68 4
38 69 3
38 70 2
38 71 1
38 72 3
38 73 2
38 74 1
38 75 5
38 76 3
38 77 3
38 78 2
38 79 2
38 80 3
38 81 3
38 82 1
38 83 4
38 84 4
38 85 4
38 86 2
38 87 3
38 88 1
38 89 3
38 90 1
38 91 4
38 92 1
38 93 5
38 94 1
38 95 2
38 96 2
38 97 1
38 98 2
38 99 3
39 40 4
39 41 4
39 42 6
39 43 4
39 44 5
39 45 5
39 46 3
39 47 3
39 48 3
39 49 3
39 50 5
39 51 4
39 52 5
39 53 5
39 54 1
39 55 4
39 56 5
39 57 4
39 58 4
39 59 3
39 60 4
39 61 3
39 62 3
39 63 1
39 64 5
39 65 5
39 66 5
39 67 4
39 68 4
39 69 1
39 70 4
39 71 4
39 72 4
39 73 2
39 74 3
39 75 7
39 76 5
39 77 5
39 78 3
39 79 5
39 80 4
39 81 3
39 82 4
39 83 4
39 84 5
39 85 6
39 86 3
39 87 4
39 88 4
39 89 3
39 90 4
39 91 6
39 92 3
39 93 5
39 94 4
39 95 4
39 96 5
39 97 4
39 98 2
39 99 3
40 41 3
40 42 3
40 43 1
40 44 1
40 45 3
40 46 2
40 47 1
40 48 3
40 49 2
40 50 4
40 51 1
40 52 2
40 53 1
40 54 4
40 55 3
40 56 4
40 57 1
40 58 2
40 59 2
40 60 2
40 61 2
40 62 2
40 63 3
40 64 4
40 65 2
40 66 1
40 67 2
40 68 2
40 69 3
40 70 2
40 71 3
40 72 1
40 73 3
40 74 2
40 75 4
40 76 3
40 77 2
40 78 1
40 79 3
40 80 1
40 81 1
40 82 3
40 83 3
40 84 2
40 85 3
40 86 2
40 87 1
40 88 3
40 89 1
40 90 3
40 91 3
40 92 3
40 93 3
40 94 4
40 95 1
40 96 4
40 97 4
40 98 2
40 99 2
41 42 4
41 43 2
41 44 2
41 45 1
41 46 1
41 47 2
41 48 1
41 49 1
41 50 2
41 51 3
41 52 4
41 53 2
41 54 3
41 55 1
41 56 2
41 57 2
41 58 2
41 59 3
41 60 4
41 61 3
41 62 1
41 63 3
41 64 2
41 65 2
41 66 2
41 67 4
41 68 4
41 69 3
41 70 1
41 71 1
41 72 2
41 73 2
41 74 1
41 75 5
41 76 2
41 77 3
41 78 2
41 79 2
41 80 2
41 81 3
41 82 1
41 83 4
41 84 4
41 85 3
41 86 1
41 87 2
41 88 1
41 89 3
41 90 1
41 91 3
41 92 2
41 93 5
41 94 1
41 95 2
41 96 2
41 97 1
41 98 2
41 99 3
42 43 2
42 44 2
42 45 4
42 46 3
42 47 3
42 48 5
42 49 4
42 50 5
42 51 2
42 52 4
42 53 2
42 54 6
42 55 4
42 56 5
42 57 2
42 58 3
42 59 4
42 60 4
42 61 4
42 62 4
42 63 5
42 64 4
42 65 2
42 66 2
42 67 4
42 68 4
42 69 5
42 70 3
42 71 4
42 72 2
42 73 5
42 74 4
42 75 1
42 76 2
42 77 1
42 78 3
42 79 3
42 80 2
42 81 4
42 82 4
42 83 5
42 84 4
42 85 1
42 86 3
42 87 3
42 88 4
42 89 3
42 90 4
42 91 2
42 92 5
42 93 5
42 94 5
42 95 2
42 96 4
42 97 5
42 98 4
42 99 4
43 44 1
43 45 3
43 46 1
43 47 1
43 48 3
43 49 2
43 50 3
43 51 1
43 52 2
43 53 1
43 54 4
43 55 2
43 56 3
43 57 1
43 58 2
43 59 2
43 60 2
43 61 2
43 62 2
43 63 3
43 64 3
43 65 1
43 66 1
43 67 2
43 68 2
43 69 3
43 70 1
43 71 2
43 72 1
43 73 3
43 74 2
43 75 3
43 76 2
43 77 1
43 78 2
43 79 3
43 80 1
43 81 2
43 82 2
43 83 3
43 84 2
43 85 2
43 86 2
43 87 1
43 88 2
43 89 1
43 90 3
43 91 3
43 92 3
43 93 3
43 94 3
43 95 1
43 96 3
43 97 3
43 98 2
43 99 2
44 45 3
44 46 2
44 47 2
44 48 3
44 49 3
44 50 3
44 51 1
44 52 3
44 53 1
44 54 5
44 55 2
44 56 3
44 57 1
44 58 1
44 59 3
44 60 3
44 61 3
44 62 3
44 63 4
44 64 3
44 65 1
44 66 1
44 67 3
44 68 3
44 69 4
44 70 1
44 71 2
44 72 1
44 73 4
44 74 3
44 75 3
44 76 2
44 77 1
44 78 2
44 79 2
44 80 1
44 81 2
44 82 2
44 83 4
44 84 3
44 85 2
44 86 2
44 87 2
44 88 3
44 89 2
44 90 3
44 91 2
44 92 4
44 93 4
44 94 3
44 95 1
44 96 3
44 97 3
44 98 3
44 99 3
45 46 2
45 47 3
45 48 2
45 49 2
45 50 1
45 51 3
45 52 5
45 53 3
45 54 4
45 55 1
45 56 1
45 57 3
45 58 2
45 59 4
45 60 5
45 61 4
45 62 2
45 63 4
45 64 1
45 65 2
45 66 3
45 67 5
45 68 5
45 69 4
45 70 2
45 71 1
45 72 3
45 73 3
45 74 2
45 75 5
45 76 2
45 77 3
45 78 3
45 79 1
45 80 3
45 81 4
45 82 1
45 83 5
45 84 5
45 85 3
45 86 2
45 87 3
45 88 1
45 89 4
45 90 1
45 91 3
45 92 2
45 93 6
45 94 1
45 95 2
45 96 1
45 97 1
45 98 3
45 99 4
46 47 1
46 48 2
46 49 1
46 50 3
46 51 2
46 52 3
46 53 2
46 54 3
46 55 1
46 56 3
46 57 1
46 58 2
46 59 3
46 60 3
46 61 2
46 62 1
46 63 3
46 64 3
46 65 2
46 66 2
46 67 3
46 68 3
46 69 2
46 70 2
46 71 2
46 72 2
46 73 2
46 74 1
46 75 4
46 76 3
46 77 2
46 78 1
46 79 3
46 80 2
46 81 2
46 82 1
46 83 3
46 84 3
46 85 3
46 86 1
46 87 1
46 88 1
46 89 2
46 90 2
46 91 4
46 92 2
46 93 4
46 94 2
46 95 1
46 96 3
46 97 2
46 98 1
46 99 2
47 48 2
47 49 1
47 50 3
47 51 2
47 52 3
47 53 2
47 54 3
47 55 2
47 56 3
47 57 1
47 58 2
47 59 2
47 60 2
47 61 2
47 62 1
47 63 2
47 64 3
47 65 2
47 66 2
47 67 2
47 68 2
47 69 2
47 70 2
47 71 2
47 72 2
47 73 2
47 74 1
47 75 4
47 76 3
47 77 2
47 78 1
47 79 3
47 80 2
47 81 1
47 82 2
47 83 3
47 84 3
47 85 3
47 86 1
47 87 1
47 88 2
47 89 1
47 90 3
47 91 4
47 92 2
47 93 3
47 94 3
47 95 2
47 96 3
47 97 3
47 98 1
47 99 2
48 49 2
48 50 3
48 51 4
48 52 5
48 53 3
48 54 2
48 55 1
48 56 2
48 57 3
48 58 3
48 59 4
48 60 4
48 61 3
48 62 2
48 63 3
48 64 3
48 65 3
48 66 3
48 67 4
48 68 4
48 69 3
48 70 2
48 71 2
48 72 3
48 73 1
48 74 1
48 75 6
48 76 3
48 77 4
48 78 2
48 79 3
48 80 3
48 81 3
48 82 2
48 83 5
48 84 5
48 85 4
48 86 2
48 87 3
48 88 1
48 89 3
48 90 1
48 91 4
48 92 1
48 93 5
48 94 2
48 95 3
48 96 3
48 97 1
48 98 2
48 99 3
49 50 3
49 51 3
49 52 4
49 53 3
49 54 2
49 55 1
49 56 3
49 57 2
49 58 2
49 59 3
49 60 3
49 61 2
49 62 1
49 63 3
49 64 3
49 65 2
49 66 2
49 67 3
49 68 3
49 69 2
49 70 2
49 71 2
49 72 3
49 73 1
49 74 1
49 75 5
49 76 3
49 77 3
49 78 1
49 79 3
49 80 3
49 81 2
49 82 1
49 83 3
49 84 3
49 85 4
49 86 1
49 87 2
49 88 1
49 89 2
49 90 2
49 91 4
49 92 1
49 93 4
49 94 2
49 95 2
49 96 3
49 97 2
49 98 1
49 99 2
50 51 4
50 52 5
50 53 3
50 54 4
50 55 2
50 56 1
50 57 3
50 58 2
50 59 5
50 60 5
50 61 5
50 62 3
50 63 5
50 64 1
50 65 3
50 66 3
50 67 5
50 68 5
50 69 4
50 70 2
50 71 1
50 72 3
50 73 3
50 74 3
50 75 6
50 76 3
50 77 4
50 78 4
50 79 2
50 80 3
50 81 4
50 82 2
50 83 6
50 84 5
50 85 4
50 86 3
50 87 4
50 88 2
50 89 4
50 90 2
50 91 3
50 92 3
50 93 6
50 94 1
50 95 3
50 96 1
50 97 2
50 98 3
50 99 5
51 52 2
51 53 1
51 54 4
51 55 3
51 56 4
51 57 1
51 58 2
51 59 3
51 60 3
51 61 2
51 62 2
51 63 4
51 64 4
51 65 1
51 66 1
51 67 2
51 68 3
51 69 3
51 70 2
51 71 3
51 72 1
51 73 4
51 74 3
51 75 3
51 76 2
51 77 1
51 78 2
51 79 3
51 80 1
51 81 2
51 82 3
51 83 3
51 84 2
51 85 2
51 86 2
51 87 1
51 88 3
51 89 2
51 90 3
51 91 3
51 92 4
51 93 3
51 94 4
51 95 1
51 96 4
51 97 4
51 98 2
51 99 2
52 53 3
52 54 5
52 55 4
52 56 5
52 57 3
52 58 4
52 59 2
52 60 2
52 61 2
52 62 3
52 63 4
52 64 5
52 65 3
52 66 3
52 67 1
52 68 2
52 69 4
52 70 3
52 71 4
52 72 3
52 73 5
52 74 4
52 75 5
52 76 4
52 77 3
52 78 3
52 79 5
52 80 2
52 81 2
52 82 4
52 83 1
52 84 1
52 85 4
52 86 3
52 87 2
52 88 4
52 89 2
52 90 5
52 91 5
52 92 5
52 93 1
52 94 5
52 95 3
52 96 5
52 97 5
52 98 3
52 99 2
53 54 5
53 55 2
53 56 3
53 57 1
53 58 1
53 59 3
53 60 3
53 61 3
53 62 3
53 63 4
53 64 3
53 65 1
53 66 1
53 67 3
53 68 3
53 69 4
53 70 1
53 71 2
53 72 1
53 73 4
53 74 3
53 75 3
53 76 2
53 77 1
53 78 2
53 79 2
53 80 1
53 81 2
53 82 2
53 83 4
53 84 3
53 85 2
53 86 2
53 87 2
53 88 3
53 89 2
53 90 3
53 91 2
53 92 4
53 93 4
53 94 3
53 95 1
53 96 3
53 97 3
53 98 3
53 99 3
54 55 3
54 56 4
54 57 4
54 58 4
54 59 3
54 60 4
54 61 3
54 62 3
54 63 1
54 64 4
54 65 4
54 66 4
54 67 4
54 68 4
54 69 1
54 70 4
54 71 3
54 72 4
54 73 1
54 74 2
54 75 7
54 76 5
54 77 5
54 78 3
54 79 4
54 80 4
54 81 3
54 82 3
54 83 4
54 84 5
54 85 6
54 86 3
54 87 4
54 88 3
54 89 3
54 90 3
54 91 6
54 92 2
54 93 5
54 94 3
54 95 4
54 96 4
54 97 3
54 98 2
54 99 3
55 56 2
55 57 2
55 58 2
55 59 3
55 60 4
55 61 3
55 62 1
55 63 3
55 64 2
55 65 2
55 66 2
55 67 4
55 68 4
55 69 3
55 70 1
55 71 1
55 72 2
55 73 2
55 74 1
55 75 5
55 76 2
55 77 3
55 78 2
55 79 2
55 80 2
55 81 3
55 82 1
55 83 4
55 84 4
55 85 3
55 86 1
55 87 2
55 88 1
55 89 3
55 90 1
55 91 3
55 92 2
55 93 5
55 94 1
55 95 2
55 96 2
55 97 1
55 98 2
55 99 3
56 57 3
56 58 2
56 59 5
56 60 5
56 61 5
56 62 3
56 63 5
56 64 1
56 65 3
56 66 3
56 67 5
56 68 5
56 69 4
56 70 2
56 71 1
56 72 3
56 73 3
56 74 3
56 75 6
56 76 3
56 77 4
56 78 4
56 79 2
56 80 3
56 81 4
56 82 2
56 83 6
56 84 5
56 85 4
56 86 3
56 87 4
56 88 2
56 89 4
56 90 1
56 91 3
56 92 3
56 93 6
56 94 1
56 95 3
56 96 1
56 97 2
56 98 3
56 99 5
57 58 2
57 59 2
57 60 2
57 61 2
57 62 2
57 63 3
57 64 3
57 65 1
57 66 1
57 67 2
57 68 2
57 69 3
57 70 1
57 71 2
57 72 1
57 73 3
57 74 2
57 75 3
57 76 2
57 77 1
57 78 1
57 79 3
57 80 1
57 81 2
57 82 2
57 83 3
57 84 2
57 85 2
57 86 2
57 87 1
57 88 2
57 89 1
57 90 3
57 91 3
57 92 3
57 93 3
57 94 3
57 95 1
57 96 3
57 97 3
57 98 2
57 99 2
58 59 4
58 60 4
58 61 3
58 62 2
58 63 4
58 64 2
58 65 1
58 66 1
58 67 4
58 68 4
58 69 3
58 70 1
58 71 1
58 72 2
58 73 3
58 74 2
58 75 4
58 76 1
58 77 2
58 78 2
58 79 1
58 80 2
58 81 3
58 82 1
58 83 5
58 84 4
58 85 2
58 86 1
58 87 2
58 88 2
58 89 3
58 90 2
58 91 2
58 92 3
58 93 5
58 94 2
58 95 1
58 96 2
58 97 2
58 98 2
58 99 3
59 60 1
59 61 1
59 62 2
59 63 2
59 64 5
59 65 3
59 66 3
59 67 1
59 68 1
59 69 2
59 70 3
59 71 4
59 72 3
59 73 4
59 74 3
59 75 5
59 76 4
59 77 3
59 78 2
59 79 5
59 80 3
59 81 1
59 82 4
59 83 1
59 84 2
59 85 4
59 86 3
59 87 2
59 88 4
59 89 1
59 90 4
59 91 5
59 92 4
59 93 2
59 94 4
59 95 3
59 96 5
59 97 4
59 98 2
59 99 1
60 61 1
60 62 3
60 63 3
60 64 5
60 65 3
60 66 3
60 67 1
60 68 1
60 69 3
60 70 3
60 71 4
60 72 3
60 73 4
60 74 3
60 75 5
60 76 4
60 77 3
60 78 2
60 79 5
60 80 3
60 81 1
60 82 4
60 83 1
60 84 2
60 85 4
60 86 3
60 87 2
60 88 4
60 89 1
60 90 5
60 91 5
60 92 4
60 93 2
60 94 5
60 95 3
60 96 5
60 97 5
60 98 3
60 99 1
61 62 2
61 63 2
61 64 5
61 65 3
61 66 3
61 67 1
61 68 1
61 69 2
61 70 3
61 71 4
61 72 2
61 73 3
61 74 2
61 75 5
61 76 4
61 77 3
61 78 1
61 79 4
61 80 2
61 81 1
61 82 3
61 83 2
61 84 2
61 85 4
61 86 2
61 87 2
61 88 3
61 89 1
61 90 4
61 91 5
61 92 3
61 93 2
61 94 4
61 95 2
61 96 5
61 97 4
61 98 2
61 99 1
62 63 2
62 64 3
62 65 3
62 66 3
62 67 3
62 68 3
62 69 2
62 70 2
62 71 2
62 72 2
62 73 2
62 74 1
62 75 5
62 76 3
62 77 3
62 78 1
62 79 3
62 80 2
62 81 2
62 82 2
62 83 3
62 84 3
62 85 4
62 86 1
62 87 2
62 88 2
62 89 2
62 90 2
62 91 4
62 92 2
62 93 4
62 94 2
62 95 2
62 96 3
62 97 2
62 98 1
62 99 2
63 64 5
63 65 4
63 66 4
63 67 3
63 68 3
63 69 1
63 70 4
63 71 4
63 72 4
63 73 2
63 74 3
63 75 6
63 76 5
63 77 4
63 78 2
63 79 5
63 80 4
63 81 2
63 82 4
63 83 3
63 84 4
63 85 5
63 86 3
63 87 3
63 88 4
63 89 2
63 90 4
63 91 6
63 92 3
63 93 4
63 94 4
63 95 4
63 96 5
63 97 4
63 98 2
63 99 2
64 65 3
64 66 3
64 67 5
64 68 5
64 69 4
64 70 2
64 71 1
64 72 3
64 73 3
64 74 3
64 75 5
64 76 2
64 77 4
64 78 4
64 79 1
64 80 3
64 81 4
64 82 2
64 83 6
64 84 5
64 85 3
64 86 3
64 87 4
64 88 2
64 89 4
64 90 2
64 91 2
64 92 3
64 93 6
64 94 1
64 95 3
64 96 1
64 97 2
64 98 3
64 99 5
65 66 1
65 67 3
65 68 3
65 69 4
65 70 1
65 71 2
65 72 1
65 73 3
65 74 2
65 75 3
65 76 1
65 77 1
65 78 2
65 79 2
65 80 1
65 81 3
65 82 2
65 83 4
65 84 3
65 85 2
65 86 2
65 87 2
65 88 2
65 89 2
65 90 2
65 91 2
65 92 3
65 93 4
65 94 3
65 95 1
65 96 3
65 97 3
65 98 3
65 99 3
66 67 3
66 68 3
66 69 4
66 70 1
66 71 2
66 72 1
66 73 3
66 74 2
66 75 3
66 76 2
66 77 1
66 78 2
66 79 2
66 80 1
66 81 2
66 82 2
66 83 4
66 84 3
66 85 2
66 86 2
66 87 1
66 88 2
66 89 2
66 90 2
66 91 2
66 92 3
66 93 4
66 94 3
66 95 1
66 96 3
66 97 3
66 98 3
66 99 3
67 68 1
67 69 3
67 70 3
67 71 4
67 72 3
67 73 4
67 74 3
67 75 5
67 76 4
67 77 3
67 78 2
67 79 5
67 80 2
67 81 1
67 82 4
67 83 1
67 84 1
67 85 4
67 86 3
67 87 2
67 88 4
67 89 1
67 90 5
67 91 5
67 92 4
67 93 1
67 94 5
67 95 3
67 96 5
67 97 5
67 98 3
67 99 1
68 69 3
68 70 3
68 71 4
68 72 3
68 73 4
68 74 3
68 75 5
68 76 4
68 77 3
68 78 2
68 79 5
68 80 3
68 81 1
68 82 4
68 83 1
68 84 1
68 85 4
68 86 3
68 87 2
68 88 4
68 89 1
68 90 5
68 91 5
68 92 4
68 93 1
68 94 5
68 95 3
68 96 5
68 97 5
68 98 3
68 99 1
69 70 3
69 71 3
69 72 3
69 73 2
69 74 2
69 75 6
69 76 4
69 77 4
69 78 2
69 79 4
69 80 3
69 81 2
69 82 3
69 83 3
69 84 4
69 85 5
69 86 2
69 87 3
69 88 3
69 89 2
69 90 3
69 91 5
69 92 3
69 93 4
69 94 4
69 95 3
69 96 4
69 97 3
69 98 1
69 99 2
70 71 1
70 72 1
70 73 3
70 74 2
70 75 4
70 76 1
70 77 2
70 78 2
70 79 2
70 80 1
70 81 3
70 82 1
70 83 4
70 84 3
70 85 2
70 86 1
70 87 2
70 88 2
70 89 2
70 90 2
70 91 2
70 92 3
70 93 4
70 94 2
70 95 1
70 96 2
70 97 2
70 98 2
70 99 3
71 72 2
71 73 2
71 74 2
71 75 5
71 76 2
71 77 3
71 78 3
71 79 1
71 80 2
71 81 3
71 82 1
71 83 5
71 84 4
71 85 3
71 86 2
71 87 3
71 88 1
71 89 3
71 90 1
71 91 3
71 92 2
71 93 5
71 94 1
71 95 2
71 96 1
71 97 1
71 98 2
71 99 4
72 73 4
72 74 3
72 75 3
72 76 2
72 77 1
72 78 2
72 79 3
72 80 1
72 81 2
72 82 2
72 83 4
72 84 3
72 85 2
72 86 2
72 87 1
72 88 3
72 89 2
72 90 3
72 91 3
72 92 4
72 93 4
72 94 3
72 95 1
72 96 3
72 97 3
72 98 2
72 99 2
73 74 1
73 75 6
73 76 4
73 77 4
73 78 2
73 79 3
73 80 4
73 81 3
73 82 2
73 83 4
73 84 4
73 85 5
73 86 2
73 87 3
73 88 2
73 89 3
73 90 2
73 91 5
73 92 1
73 93 5
73 94 3
73 95 3
73 96 3
73 97 2
73 98 2
73 99 3
74 75 5
74 76 3
74 77 3
74 78 1
74 79 3
74 80 3
74 81 2
74 82 1
74 83 4
74 84 4
74 85 4
74 86 1
74 87 2
74 88 1
74 89 2
74 90 2
74 91 4
74 92 1
74 93 4
74 94 2
74 95 2
74 96 3
74 97 2
74 98 1
74 99 2
75 76 3
75 77 2
75 78 4
75 79 4
75 80 3
75 81 5
75 82 5
75 83 6
75 84 5
75 85 2
75 86 4
75 87 4
75 88 5
75 89 4
75 90 5
75 91 3
75 92 6
75 93 6
75 94 6
75 95 3
75 96 5
75 97 6
75 98 5
75 99 5
76 77 2
76 78 3
76 79 1
76 80 2
76 81 4
76 82 2
76 83 5
76 84 4
76 85 1
76 86 2
76 87 3
76 88 3
76 89 3
76 90 3
76 91 1
76 92 4
76 93 5
76 94 3
76 95 2
76 96 2
76 97 3
76 98 3
76 99 4
77 78 2
77 79 3
77 80 1
77 81 3
77 82 3
77 83 4
77 84 3
77 85 1
77 86 2
77 87 2
77 88 3
77 89 2
77 90 3
77 91 2
77 92 4
77 93 4
77 94 4
77 95 1
77 96 4
77 97 4
77 98 3
77 99 3
78 79 3
78 80 2
78 81 1
78 82 2
78 83 3
78 84 3
78 85 3
78 86 1
78 87 1
78 88 2
78 89 1
78 90 3
78 91 4
78 92 2
78 93 3
78 94 3
78 95 2
78 96 4
78 97 3
78 98 1
78 99 1
79 80 3
79 81 4
79 82 2
79 83 6
79 84 5
79 85 2
79 86 2
79 87 3
79 88 2
79 89 4
79 90 2
79 91 2
79 92 3
79 93 6
79 94 2
79 95 2
79 96 1
79 97 2
79 98 3
79 99 4
80 81 2
80 82 2
80 83 3
80 84 2
80 85 2
80 86 2
80 87 1
80 88 3
80 89 2
80 90 3
80 91 3
80 92 4
80 93 3
80 94 3
80 95 1
80 96 3
80 97 3
80 98 2
80 99 2
81 82 3
81 83 2
81 84 2
81 85 4
81 86 2
81 87 1
81 88 3
81 89 1
81 90 4
81 91 4
81 92 3
81 93 2
81 94 4
81 95 2
81 96 4
81 97 4
81 98 2
81 99 1
82 83 4
82 84 4
82 85 3
82 86 1
82 87 2
82 88 1
82 89 3
82 90 1
82 91 3
82 92 2
82 93 5
82 94 1
82 95 2
82 96 2
82 97 1
82 98 2
82 99 3
83 84 2
83 85 5
83 86 4
83 87 3
83 88 4
83 89 2
83 90 5
83 91 6
83 92 4
83 93 1
83 94 5
83 95 4
83 96 6
83 97 5
83 98 3
83 99 2
84 85 4
84 86 3
84 87 2
84 88 4
84 89 2
84 90 5
84 91 5
84 92 4
84 93 1
84 94 5
84 95 3
84 96 5
84 97 5
84 98 3
84 99 2
85 86 3
85 87 3
85 88 4
85 89 3
85 90 4
85 91 1
85 92 5
85 93 5
85 94 4
85 95 2
85 96 3
85 97 4
85 98 4
85 99 4
86 87 2
86 88 1
86 89 2
86 90 2
86 91 3
86 92 2
86 93 4
86 94 2
86 95 1
86 96 3
86 97 2
86 98 1
86 99 2
87 88 2
87 89 1
87 90 3
87 91 3
87 92 3
87 93 3
87 94 3
87 95 1
87 96 4
87 97 3
87 98 2
87 99 2
88 89 3
88 90 1
88 91 4
88 92 1
88 93 5
88 94 1
88 95 2
88 96 2
88 97 1
88 98 2
88 99 3
89 90 4
89 91 4
89 92 3
89 93 2
89 94 4
89 95 2
89 96 4
89 97 4
89 98 2
89 99 1
90 91 3
90 92 2
90 93 6
90 94 1
90 95 2
90 96 2
90 97 1
90 98 2
90 99 4
91 92 5
91 93 6
91 94 3
91 95 3
91 96 2
91 97 4
91 98 4
91 99 5
92 93 5
92 94 2
92 95 3
92 96 3
92 97 1
92 98 2
92 99 3
93 94 6
93 95 4
93 96 6
93 97 6
93 98 4
93 99 2
94 95 3
94 96 2
94 97 1
94 98 3
94 99 4
95 96 3
95 97 3
95 98 2
95 99 2
96 97 2
96 98 3
96 99 5
97 98 2
97 99 4
98 99 2
