100 
0 1 1
0 2 6
0 3 4
0 4 1
0 5 3
0 6 1
0 7 3
0 8 3
0 9 5
0 10 2
0 11 5
0 12 5
0 13 5
0 14 5
0 15 4
0 16 5
0 17 5
0 18 3
0 19 5
0 20 4
0 21 3
0 22 2
0 23 2
0 24 5
0 25 5
0 26 4
0 27 2
0 28 4
0 29 5
0 30 4
0 31 3
0 32 3
0 33 4
0 34 3
0 35 1
0 36 4
0 37 6
0 38 4
0 39 2
0 40 5
0 41 4
0 42 3
0 43 2
0 44 3
0 45 5
0 46 3
0 47 4
0 48 1
0 49 4
0 50 2
0 51 5
0 52 3
0 53 2
0 54 1
0 55 4
0 56 2
0 57 2
0 58 4
0 59 5
0 60 2
0 61 3
0 62 1
0 63 5
0 64 2
0 65 2
0 66 3
0 67 4
0 68 1
0 69 5
0 70 3
0 71 6
0 72 3
0 73 5
0 74 4
0 75 2
0 76 2
0 77 3
0 78 1
0 79 2
0 80 3
0 81 4
0 82 5
0 83 1
0 84 4
0 85 1
0 86 4
0 87 3
0 88 1
0 89 6
0 90 5
0 91 4
0 92 4
0 93 2
0 94 3
0 95 3
0 96 4
0 97 2
0 98 4
0 99 2
1 2 5
1 3 4
1 4 1
1 5 2
1 6 1
1 7 4
1 8 3
1 9 4
1 10 3
1 11 4
1 12 4
1 13 5
1 14 4
1 15 3
1 16 4
1 17 4
1 18 2
1 19 5
1 20 4
1 21 2
1 22 3
1 23 2
1 24 5
1 25 5
1 26 3
1 27 1
1 28 4
1 29 4
1 30 3
1 31 2
1 32 2
1 33 3
1 34 3
1 35 2
1 36 4
1 37 5
1 38 3
1 39 3
1 40 4
1 41 3
1 42 3
1 43 1
1 44 3
1 45 5
1 46 2
1 47 3
1 48 1
1 49 4
1 50 3
1 51 4
1 52 2
1 53 1
1 54 1
1 55 3
1 56 1
1 57 2
1 58 3
1 59 4
1 60 1
1 61 3
1 62 1
1 63 5
1 64 1
1 65 2
1 66 4
1 67 3
1 68 2
1 69 4
1 70 3
1 71 5
1 72 2
1 73 4
1 74 3
1 75 3
1 76 2
1 77 2
1 78 1
1 79 1
1 80 2
1 81 4
1 82 5
1 83 1
1 84 4
1 85 2
1 86 3
1 87 3
1 88 2
1 89 5
1 90 5
1 91 3
1 92 4
1 93 3
1 94 2
1 95 2
1 96 4
1 97 1
1 98 3
1 99 2
2 3 5
2 4 5
2 5 3
2 6 6
2 7 6
2 8 5
2 9 1
2 10 6
2 11 2
2 12 5
2 13 5
2 14 1
2 15 2
2 16 2
2 17 1
2 18 3
2 19 5
2 20 4
2 21 4
2 22 5
2 23 6
2 24 3
2 25 6
2 26 2
2 27 4
2 28 5
2 29 1
2 30 2
2 31 3
2 32 3
2 33 2
2 34 4
2 35 5
2 36 6
2 37 1
2 38 3
2 39 5
2 40 1
2 41 3
2 42 5
2 43 4
2 44 5
2 45 4
2 46 3
2 47 2
2 48 5
2 49 5
2 50 5
2 51 2
2 52 3
2 53 4
2 54 5
2 55 2
2 56 5
2 57 4
2 58 2
2 59 3
2 60 5
2 61 5
2 62 5
2 63 5
2 64 4
2 65 4
2 66 6
2 67 4
2 68 5
2 69 1
2 70 6
2 71 3
2 72 3
2 73 3
2 74 2
2 75 5
2 76 4
2 77 3
2 78 5
2 79 5
2 80 3
2 81 5
2 82 4
2 83 5
2 84 4
2 85 6
2 86 3
2 87 6
2 88 5
2 89 4
2 90 4
2 91 2
2 92 5
2 93 5
2 94 3
2 95 3
2 96 5
2 97 4
2 98 2
2 99 4
3 4 3
3 5 3
3 6 4
3 7 2
3 8 1
3 9 4
3 10 3
3 11 3
3 12 1
3 13 1
3 14 4
3 15 4
3 16 3
3 17 4
3 18 2
3 19 2
3 20 1
3 21 5
3 22 2
3 23 3
3 24 2
3 25 1
3 26 3
3 27 4
3 28 1
3 29 4
3 30 4
3 31 4
3 32 5
3 33 5
3 34 1
3 35 3
3 36 1
3 37 4
3 38 4
3 39 2
3 40 4
3 41 2
3 42 2
3 43 3
3 44 2
3 45 2
3 46 2
3 47 4
3 48 4
3 49 1
3 50 2
3 51 3
3 52 4
3 53 5
3 54 4
3 55 3
3 56 4
3 57 3
3 58 4
3 59 2
3 60 5
3 61 2
3 62 4
3 63 2
3 64 4
3 65 2
3 66 2
3 67 1
3 68 3
3 69 4
3 70 3
3 71 3
3 72 3
3 73 2
3 74 3
3 75 2
3 76 2
3 77 5
3 78 4
3 79 5
3 80 4
3 81 1
3 82 2
3 83 4
3 84 1
3 85 3
3 86 5
3 87 3
3 88 3
3 89 3
3 90 2
3 91 3
3 92 1
3 93 2
3 94 2
3 95 3
3 96 1
3 97 4
3 98 3
3 99 2
4 5 2
4 6 1
4 7 3
4 8 2
4 9 4
4 10 2
4 11 4
4 12 4
4 13 4
4 14 4
4 15 3
4 16 4
4 17 4
4 18 2
4 19 4
4 20 3
4 21 2
4 22 2
4 23 2
4 24 4
4 25 4
4 26 3
4 27 1
4 28 3
4 29 4
4 30 3
4 31 3
4 32 3
4 33 4
4 34 2
4 35 1
4 36 3
4 37 5
4 38 3
4 39 2
4 40 4
4 41 3
4 42 2
4 43 1
4 44 2
4 45 4
4 46 2
4 47 3
4 48 1
4 49 3
4 50 2
4 51 4
4 52 3
4 53 2
4 54 1
4 55 3
4 56 1
4 57 2
4 58 3
4 59 4
4 60 2
4 61 3
4 62 1
4 63 4
4 64 2
4 65 2
4 66 3
4 67 3
4 68 1
4 69 4
4 70 3
4 71 5
4 72 2
4 73 4
4 74 3
4 75 2
4 76 2
4 77 3
4 78 1
4 79 2
4 80 3
4 81 3
4 82 4
4 83 1
4 84 3
4 85 1
4 86 3
4 87 3
4 88 1
4 89 5
4 90 4
4 91 3
4 92 3
4 93 2
4 94 2
4 95 2
4 96 3
4 97 1
4 98 3
4 99 1
5 6 3
5 7 4
5 8 3
5 9 2
5 10 4
5 11 2
5 12 3
5 13 4
5 14 2
5 15 1
5 16 2
5 17 2
5 18 1
5 19 4
5 20 3
5 21 3
5 22 3
5 23 3
5 24 3
5 25 4
5 26 2
5 27 1
5 28 3
5 29 3
5 30 1
5 31 2
5 32 2
5 33 2
5 34 2
5 35 3
5 36 4
5 37 3
5 38 2
5 39 3
5 40 3
5 41 1
5 42 3
5 43 1
5 44 3
5 45 3
5 46 1
5 47 1
5 48 3
5 49 3
5 50 3
5 51 2
5 52 2
5 53 3
5 54 2
5 55 2
5 56 2
5 57 1
5 58 2
5 59 2
5 60 3
5 61 3
5 62 2
5 63 4
5 64 2
5 65 2
5 66 4
5 67 2
5 68 3
5 69 3
5 70 4
5 71 3
5 72 1
5 73 2
5 74 2
5 75 3
5 76 2
5 77 2
5 78 2
5 79 3
5 80 2
5 81 3
5 82 3
5 83 2
5 84 2
5 85 3
5 86 2
5 87 4
5 88 2
5 89 3
5 90 3
5 91 1
5 92 3
5 93 3
5 94 1
5 95 1
5 96 3
5 97 2
5 98 1
5 99 2
6 7 3
6 8 3
6 9 5
6 10 2
6 11 5
6 12 5
6 13 5
6 14 5
6 15 4
6 16 5
6 17 5
6 18 3
6 19 5
6 20 4
6 21 3
6 22 2
6 23 1
6 24 5
6 25 5
6 26 4
6 27 2
6 28 4
6 29 5
6 30 4
6 31 3
6 32 3
6 33 4
6 34 3
6 35 1
6 36 4
6 37 6
6 38 4
6 39 2
6 40 5
6 41 4
6 42 3
6 43 2
6 44 3
6 45 5
6 46 3
6 47 4
6 48 1
6 49 4
6 50 2
6 51 5
6 52 3
6 53 2
6 54 1
6 55 4
6 56 2
6 57 2
6 58 4
6 59 5
6 60 2
6 61 3
6 62 1
6 63 5
6 64 2
6 65 2
6 66 3
6 67 4
6 68 1
6 69 5
6 70 2
6 71 6
6 72 3
6 73 5
6 74 4
6 75 2
6 76 2
6 77 3
6 78 1
6 79 2
6 80 3
6 81 4
6 82 5
6 83 1
6 84 4
6 85 1
6 86 4
6 87 2
6 88 1
6 89 6
6 90 5
6 91 4
6 92 4
6 93 2
6 94 3
6 95 3
6 96 4
6 97 2
6 98 4
6 99 2
7 8 1
7 9 5
7 10 2
7 11 5
7 12 2
7 13 2
7 14 5
7 15 5
7 16 5
7 17 5
7 18 3
7 19 3
7 20 3
7 21 5
7 22 1
7 23 2
7 24 4
7 25 2
7 26 5
7 27 4
7 28 2
7 29 5
7 30 5
7 31 5
7 32 5
7 33 6
7 34 2
7 35 2
7 36 1
7 37 6
7 38 5
7 39 1
7 40 6
7 41 4
7 42 1
7 43 3
7 44 1
7 45 4
7 46 3
7 47 5
7 48 3
7 49 2
7 50 1
7 51 4
7 52 5
7 53 5
7 54 4
7 55 5
7 56 4
7 57 4
7 58 5
7 59 3
7 60 4
7 61 1
7 62 3
7 63 3
7 64 4
7 65 2
7 66 1
7 67 2
7 68 2
7 69 5
7 70 1
7 71 4
7 72 4
7 73 3
7 74 4
7 75 1
7 76 2
7 77 5
7 78 4
7 79 4
7 80 5
7 81 1
7 82 3
7 83 4
7 84 3
7 85 2
7 86 6
7 87 2
7 88 2
7 89 4
7 90 4
7 91 4
7 92 2
7 93 1
7 94 3
7 95 4
7 96 2
7 97 4
7 98 4
7 99 2
8 9 4
8 10 2
8 11 4
8 12 2
8 13 2
8 14 4
8 15 4
8 16 4
8 17 4
8 18 2
8 19 3
8 20 2
8 21 4
8 22 1
8 23 2
8 24 3
8 25 2
8 26 4
8 27 3
8 28 1
8 29 4
8 30 4
8 31 4
8 32 5
8 33 5
8 34 1
8 35 2
8 36 1
8 37 5
8 38 4
8 39 1
8 40 5
8 41 3
8 42 1
8 43 2
8 44 1
8 45 3
8 46 2
8 47 4
8 48 3
8 49 1
8 50 1
8 51 4
8 52 4
8 53 4
8 54 3
8 55 4
8 56 3
8 57 3
8 58 4
8 59 3
8 60 4
8 61 1
8 62 3
8 63 3
8 64 4
8 65 1
8 66 1
8 67 2
8 68 2
8 69 5
8 70 2
8 71 4
8 72 3
8 73 3
8 74 3
8 75 1
8 76 1
8 77 5
8 78 3
8 79 4
8 80 4
8 81 1
8 82 3
8 83 3
8 84 2
8 85 2
8 86 5
8 87 2
8 88 2
8 89 4
8 90 3
8 91 3
8 92 2
8 93 1
8 94 2
8 95 3
8 96 2
8 97 3
8 98 3
8 99 1
9 10 6
9 11 1
9 12 5
9 13 5
9 14 1
9 15 1
9 16 2
9 17 1
9 18 2
9 19 5
9 20 4
9 21 3
9 22 5
9 23 5
9 24 3
9 25 5
9 26 1
9 27 3
9 28 4
9 29 1
9 30 1
9 31 2
9 32 2
9 33 1
9 34 3
9 35 5
9 36 5
9 37 1
9 38 2
9 39 5
9 40 1
9 41 2
9 42 5
9 43 3
9 44 5
9 45 4
9 46 3
9 47 1
9 48 4
9 49 4
9 50 4
9 51 2
9 52 2
9 53 3
9 54 4
9 55 1
9 56 4
9 57 3
9 58 1
9 59 3
9 60 4
9 61 5
9 62 4
9 63 5
9 64 3
9 65 4
9 66 5
9 67 4
9 68 5
9 69 2
9 70 5
9 71 3
9 72 2
9 73 3
9 74 2
9 75 5
9 76 4
9 77 2
9 78 4
9 79 4
9 80 2
9 81 4
9 82 4
9 83 4
9 84 3
9 85 5
9 86 2
9 87 6
9 88 4
9 89 4
9 90 4
9 91 2
9 92 4
9 93 5
9 94 2
9 95 2
9 96 4
9 97 3
9 98 1
9 99 4
10 11 5
10 12 4
10 13 4
10 14 5
10 15 5
10 16 5
10 17 5
10 18 4
10 19 5
10 20 4
10 21 4
10 22 1
10 23 1
10 24 5
10 25 4
10 26 5
10 27 3
10 28 3
10 29 6
10 30 5
10 31 4
10 32 4
10 33 5
10 34 3
10 35 1
10 36 3
10 37 6
10 38 5
10 39 2
10 40 6
10 41 4
10 42 2
10 43 3
10 44 2
10 45 5
10 46 3
10 47 5
10 48 3
10 49 3
10 50 2
10 51 5
10 52 4
10 53 4
10 54 3
10 55 5
10 56 3
10 57 3
10 58 5
10 59 5
10 60 4
10 61 2
10 62 2
10 63 5
10 64 3
10 65 2
10 66 1
10 67 4
10 68 1
10 69 6
10 70 1
10 71 6
10 72 4
10 73 5
10 74 5
10 75 1
10 76 2
10 77 4
10 78 3
10 79 4
10 80 4
10 81 3
10 82 5
10 83 3
10 84 4
10 85 2
10 86 5
10 87 1
10 88 2
10 89 6
10 90 5
10 91 4
10 92 4
10 93 2
10 94 4
10 95 4
10 96 4
10 97 3
10 98 5
10 99 2
11 12 4
11 13 4
11 14 1
11 15 1
11 16 1
11 17 1
11 18 2
11 19 4
11 20 3
11 21 3
11 22 4
11 23 5
11 24 2
11 25 4
11 26 1
11 27 3
11 28 3
11 29 1
11 30 1
11 31 2
11 32 2
11 33 2
11 34 3
11 35 4
11 36 4
11 37 1
11 38 2
11 39 4
11 40 1
11 41 1
11 42 4
11 43 3
11 44 4
11 45 3
11 46 2
11 47 1
11 48 4
11 49 3
11 50 4
11 51 1
11 52 2
11 53 3
11 54 4
11 55 1
11 56 4
11 57 3
11 58 2
11 59 2
11 60 4
11 61 4
11 62 4
11 63 4
11 64 3
11 65 3
11 66 5
11 67 3
11 68 4
11 69 1
11 70 5
11 71 2
11 72 2
11 73 2
11 74 1
11 75 4
11 76 3
11 77 2
11 78 4
11 79 4
11 80 2
11 81 4
11 82 3
11 83 4
11 84 2
11 85 5
11 86 2
11 87 5
11 88 4
11 89 3
11 90 3
11 91 1
11 92 3
11 93 4
11 94 2
11 95 2
11 96 3
11 97 3
11 98 1
11 99 3
12 13 1
12 14 4
12 15 4
12 16 4
12 17 4
12 18 3
12 19 2
12 20 1
12 21 5
12 22 3
12 23 4
12 24 2
12 25 1
12 26 4
12 27 4
12 28 1
12 29 4
12 30 4
12 31 5
12 32 5
12 33 5
12 34 2
12 35 4
12 36 1
12 37 5
12 38 5
12 39 3
12 40 5
12 41 3
12 42 2
12 43 3
12 44 2
12 45 2
12 46 2
12 47 4
12 48 5
12 49 1
12 50 3
12 51 3
12 52 5
12 53 5
12 54 4
12 55 4
12 56 5
12 57 3
12 58 5
12 59 2
12 60 5
12 61 2
12 62 4
12 63 2
12 64 5
12 65 3
12 66 3
12 67 1
12 68 4
12 69 4
12 70 3
12 71 3
12 72 3
12 73 2
12 74 3
12 75 3
12 76 3
12 77 5
12 78 4
12 79 5
12 80 5
12 81 1
12 82 2
12 83 5
12 84 2
12 85 4
12 86 5
12 87 4
12 88 4
12 89 3
12 90 2
12 91 3
12 92 1
12 93 3
12 94 3
12 95 4
12 96 1
12 97 4
12 98 4
12 99 3
13 14 4
13 15 5
13 16 4
13 17 4
13 18 3
13 19 1
13 20 1
13 21 6
13 22 3
13 23 4
13 24 2
13 25 1
13 26 4
13 27 5
13 28 1
13 29 4
13 30 5
13 31 5
13 32 6
13 33 5
13 34 2
13 35 4
13 36 1
13 37 5
13 38 5
13 39 3
13 40 5
13 41 3
13 42 2
13 43 4
13 44 2
13 45 2
13 46 3
13 47 4
13 48 5
13 49 1
13 50 3
13 51 3
13 52 5
13 53 6
13 54 5
13 55 4
13 56 5
13 57 4
13 58 5
13 59 2
13 60 6
13 61 2
13 62 5
13 63 1
13 64 5
13 65 3
13 66 3
13 67 2
13 68 4
13 69 4
13 70 3
13 71 3
13 72 4
13 73 2
13 74 3
13 75 3
13 76 3
13 77 6
13 78 5
13 79 6
13 80 5
13 81 1
13 82 1
13 83 5
13 84 2
13 85 4
13 86 5
13 87 4
13 88 4
13 89 2
13 90 2
13 91 4
13 92 1
13 93 3
13 94 3
13 95 4
13 96 1
13 97 5
13 98 4
13 99 3
14 15 2
14 16 1
14 17 1
14 18 2
14 19 4
14 20 3
14 21 4
14 22 4
14 23 5
14 24 2
14 25 5
14 26 1
14 27 3
14 28 4
14 29 1
14 30 2
14 31 3
14 32 3
14 33 2
14 34 3
14 35 4
14 36 5
14 37 1
14 38 3
14 39 4
14 40 1
14 41 2
14 42 4
14 43 3
14 44 4
14 45 3
14 46 2
14 47 2
14 48 4
14 49 4
14 50 4
14 51 1
14 52 3
14 53 4
14 54 4
14 55 1
14 56 4
14 57 3
14 58 2
14 59 2
14 60 4
14 61 4
14 62 4
14 63 4
14 64 3
14 65 3
14 66 5
14 67 3
14 68 4
14 69 1
14 70 5
14 71 2
14 72 2
14 73 2
14 74 1
14 75 4
14 76 3
14 77 3
14 78 4
14 79 4
14 80 3
14 81 4
14 82 3
14 83 4
14 84 3
14 85 5
14 86 3
14 87 5
14 88 4
14 89 3
14 90 3
14 91 1
14 92 4
14 93 4
14 94 2
14 95 2
14 96 4
14 97 3
14 98 1
14 99 3
15 16 2
15 17 1
15 18 2
15 19 5
15 20 4
15 21 2
15 22 4
15 23 4
15 24 3
15 25 5
15 26 2
15 27 2
15 28 4
15 29 2
15 30 1
15 31 1
15 32 1
15 33 1
15 34 3
15 35 4
15 36 5
15 37 2
15 38 1
15 39 4
15 40 2
15 41 2
15 42 4
15 43 2
15 44 4
15 45 4
15 46 2
15 47 1
15 48 3
15 49 4
15 50 4
15 51 2
15 52 1
15 53 2
15 54 3
15 55 1
15 56 3
15 57 2
15 58 1
15 59 3
15 60 3
15 61 4
15 62 3
15 63 5
15 64 2
15 65 3
15 66 5
15 67 3
15 68 4
15 69 2
15 70 5
15 71 3
15 72 1
15 73 3
15 74 2
15 75 4
15 76 3
15 77 1
15 78 3
15 79 3
15 80 1
15 81 4
15 82 4
15 83 3
15 84 3
15 85 4
15 86 1
15 87 5
15 88 3
15 89 4
15 90 4
15 91 1
15 92 4
15 93 4
15 94 2
15 95 1
15 96 4
15 97 2
15 98 1
15 99 3
16 17 1
16 18 2
16 19 3
16 20 3
16 21 3
16 22 4
16 23 5
16 24 2
16 25 4
16 26 1
16 27 3
16 28 3
16 29 1
16 30 2
16 31 2
16 32 3
16 33 2
16 34 3
16 35 4
16 36 4
16 37 2
16 38 2
16 39 4
16 40 1
16 41 1
16 42 4
16 43 3
16 44 4
16 45 3
16 46 2
16 47 1
16 48 4
16 49 3
16 50 4
16 51 1
16 52 2
16 53 4
16 54 4
16 55 1
16 56 4
16 57 3
16 58 2
16 59 2
16 60 4
16 61 4
16 62 4
16 63 3
16 64 3
16 65 3
16 66 5
16 67 3
16 68 4
16 69 1
16 70 5
16 71 1
16 72 2
16 73 2
16 74 1
16 75 4
16 76 3
16 77 3
16 78 4
16 79 4
16 80 3
16 81 4
16 82 3
16 83 4
16 84 2
16 85 5
16 86 2
16 87 5
16 88 4
16 89 2
16 90 2
16 91 1
16 92 3
16 93 4
16 94 2
16 95 2
16 96 3
16 97 3
16 98 1
16 99 3
17 18 2
17 19 4
17 20 3
17 21 3
17 22 4
17 23 5
17 24 2
17 25 5
17 26 1
17 27 3
17 28 4
17 29 1
17 30 1
17 31 2
17 32 2
17 33 1
17 34 3
17 35 4
17 36 5
17 37 1
17 38 2
17 39 4
17 40 1
17 41 2
17 42 4
17 43 3
17 44 4
17 45 3
17 46 2
17 47 1
17 48 4
17 49 4
17 50 4
17 51 1
17 52 2
17 53 3
17 54 4
17 55 1
17 56 4
17 57 3
17 58 2
17 59 2
17 60 4
17 61 4
17 62 4
17 63 4
17 64 3
17 65 3
17 66 5
17 67 3
17 68 4
17 69 1
17 70 5
17 71 2
17 72 2
17 73 2
17 74 1
17 75 4
17 76 3
17 77 2
17 78 4
17 79 4
17 80 2
17 81 4
17 82 3
17 83 4
17 84 3
17 85 5
17 86 2
17 87 5
17 88 4
17 89 3
17 90 3
17 91 1
17 92 4
17 93 4
17 94 2
17 95 2
17 96 4
17 97 3
17 98 1
17 99 3
18 19 3
18 20 2
18 21 3
18 22 3
18 23 3
18 24 3
18 25 3
18 26 2
18 27 2
18 28 2
18 29 2
18 30 2
18 31 2
18 32 3
18 33 3
18 34 1
18 35 3
18 36 3
18 37 3
18 38 2
18 39 3
18 40 3
18 41 1
18 42 3
18 43 1
18 44 3
18 45 3
18 46 1
18 47 2
18 48 3
18 49 2
18 50 2
18 51 2
18 52 2
18 53 3
18 54 2
18 55 2
18 56 3
18 57 1
18 58 2
18 59 2
18 60 3
18 61 3
18 62 2
18 63 3
18 64 2
18 65 2
18 66 3
18 67 2
18 68 3
18 69 3
18 70 3
18 71 3
18 72 1
18 73 2
18 74 1
18 75 3
18 76 2
18 77 3
18 78 2
18 79 3
18 80 2
18 81 2
18 82 3
18 83 3
18 84 2
18 85 3
18 86 3
18 87 4
18 88 2
18 89 3
18 90 3
18 91 1
18 92 2
18 93 3
18 94 1
18 95 1
18 96 2
18 97 2
18 98 1
18 99 2
19 20 1
19 21 6
19 22 4
19 23 5
19 24 2
19 25 2
19 26 4
19 27 5
19 28 2
19 29 4
19 30 5
19 31 5
19 32 6
19 33 5
19 34 2
19 35 4
19 36 2
19 37 5
19 38 5
19 39 4
19 40 4
19 41 3
19 42 3
19 43 4
19 44 3
19 45 1
19 46 3
19 47 4
19 48 5
19 49 2
19 50 3
19 51 3
19 52 5
19 53 6
19 54 5
19 55 4
19 56 5
19 57 4
19 58 5
19 59 2
19 60 6
19 61 3
19 62 5
19 63 1
19 64 5
19 65 3
19 66 4
19 67 2
19 68 4
19 69 4
19 70 4
19 71 2
19 72 4
19 73 2
19 74 3
19 75 4
19 76 3
19 77 6
19 78 5
19 79 6
19 80 5
19 81 2
19 82 1
19 83 5
19 84 2
19 85 5
19 86 5
19 87 5
19 88 4
19 89 1
19 90 1
19 91 4
19 92 2
19 93 4
19 94 3
19 95 4
19 96 2
19 97 5
19 98 4
19 99 3
20 21 5
20 22 3
20 23 4
20 24 1
20 25 2
20 26 3
20 27 4
20 28 1
20 29 3
20 30 4
20 31 4
20 32 5
20 33 4
20 34 1
20 35 3
20 36 2
20 37 4
20 38 4
20 39 3
20 40 4
20 41 2
20 42 3
20 43 3
20 44 3
20 45 1
20 46 2
20 47 3
20 48 4
20 49 1
20 50 2
20 51 2
20 52 4
20 53 5
20 54 4
20 55 3
20 56 4
20 57 3
20 58 4
20 59 1
20 60 5
20 61 3
20 62 4
20 63 1
20 64 4
20 65 2
20 66 3
20 67 1
20 68 3
20 69 3
20 70 3
20 71 2
20 72 3
20 73 1
20 74 2
20 75 3
20 76 2
20 77 5
20 78 4
20 79 5
20 80 4
20 81 2
20 82 1
20 83 4
20 84 1
20 85 4
20 86 4
20 87 4
20 88 3
20 89 2
20 90 1
20 91 3
20 92 1
20 93 3
20 94 2
20 95 3
20 96 1
20 97 4
20 98 3
20 99 2
21 22 4
21 23 4
21 24 5
21 25 6
21 26 3
21 27 2
21 28 5
21 29 4
21 30 2
21 31 1
21 32 1
21 33 2
21 34 4
21 35 3
21 36 5
21 37 4
21 38 1
21 39 4
21 40 3
21 41 4
21 42 4
21 43 2
21 44 4
21 45 5
21 46 3
21 47 2
21 48 2
21 49 5
21 50 4
21 51 4
21 52 1
21 53 1
21 54 2
21 55 3
21 56 1
21 57 2
21 58 2
21 59 4
21 60 2
21 61 4
21 62 2
21 63 6
21 64 1
21 65 3
21 66 5
21 67 4
21 68 3
21 69 4
21 70 5
21 71 4
21 72 3
21 73 4
21 74 3
21 75 4
21 76 3
21 77 1
21 78 2
21 79 2
21 80 1
21 81 5
21 82 5
21 83 2
21 84 5
21 85 3
21 86 1
21 87 5
21 88 3
21 89 5
21 90 5
21 91 3
21 92 5
21 93 4
21 94 3
21 95 2
21 96 5
21 97 1
21 98 3
21 99 3
22 23 1
22 24 4
22 25 3
22 26 4
22 27 3
22 28 2
22 29 5
22 30 4
22 31 4
22 32 4
22 33 5
22 34 2
22 35 1
22 36 2
22 37 5
22 38 4
22 39 1
22 40 5
22 41 3
22 42 1
22 43 2
22 44 1
22 45 4
22 46 2
22 47 4
22 48 2
22 49 2
22 50 1
22 51 4
22 52 4
22 53 4
22 54 3
22 55 4
22 56 3
22 57 3
22 58 4
22 59 4
22 60 3
22 61 1
22 62 2
22 63 4
22 64 3
22 65 1
22 66 1
22 67 3
22 68 1
22 69 5
22 70 1
22 71 5
22 72 3
22 73 4
22 74 4
22 75 1
22 76 1
22 77 4
22 78 3
22 79 3
22 80 4
22 81 2
22 82 4
22 83 3
22 84 3
22 85 1
22 86 5
22 87 2
22 88 1
22 89 5
22 90 4
22 91 3
22 92 3
22 93 1
22 94 3
22 95 3
22 96 3
22 97 3
22 98 4
22 99 1
23 24 5
23 25 4
23 26 4
23 27 3
23 28 3
23 29 5
23 30 4
23 31 4
23 32 4
23 33 5
23 34 3
23 35 1
23 36 3
23 37 6
23 38 4
23 39 1
23 40 5
23 41 4
23 42 2
23 43 2
23 44 2
23 45 5
23 46 3
23 47 4
23 48 2
23 49 3
23 50 2
23 51 5
23 52 4
23 53 3
23 54 2
23 55 4
23 56 3
23 57 3
23 58 4
23 59 5
23 60 3
23 61 2
23 62 2
23 63 5
23 64 3
23 65 2
23 66 2
23 67 4
23 68 1
23 69 5
23 70 1
23 71 6
23 72 3
23 73 5
23 74 4
23 75 1
23 76 2
23 77 4
23 78 2
23 79 3
23 80 4
23 81 3
23 82 5
23 83 2
23 84 4
23 85 1
23 86 5
23 87 1
23 88 1
23 89 6
23 90 5
23 91 4
23 92 4
23 93 1
23 94 3
23 95 3
23 96 4
23 97 3
23 98 4
23 99 2
24 25 3
24 26 2
24 27 4
24 28 2
24 29 2
24 30 3
24 31 4
24 32 4
24 33 3
24 34 2
24 35 4
24 36 3
24 37 3
24 38 4
24 39 4
24 40 3
24 41 2
24 42 4
24 43 4
24 44 4
24 45 1
24 46 3
24 47 3
24 48 5
24 49 2
24 50 3
24 51 1
24 52 4
24 53 5
24 54 5
24 55 2
24 56 5
24 57 4
24 58 4
24 59 1
24 60 5
24 61 4
24 62 5
24 63 2
24 64 4
24 65 3
24 66 4
24 67 2
24 68 4
24 69 2
24 70 4
24 71 1
24 72 3
24 73 1
24 74 2
24 75 4
24 76 3
24 77 4
24 78 5
24 79 5
24 80 4
24 81 3
24 82 1
24 83 5
24 84 1
24 85 5
24 86 4
24 87 5
24 88 4
24 89 1
24 90 1
24 91 2
24 92 2
24 93 4
24 94 3
24 95 3
24 96 2
24 97 4
24 98 3
24 99 3
25 26 4
25 27 5
25 28 1
25 29 5
25 30 5
25 31 5
25 32 6
25 33 6
25 34 2
25 35 4
25 36 1
25 37 5
25 38 5
25 39 3
25 40 5
25 41 3
25 42 2
25 43 4
25 44 2
25 45 3
25 46 3
25 47 5
25 48 5
25 49 1
25 50 3
25 51 4
25 52 5
25 53 6
25 54 5
25 55 4
25 56 5
25 57 4
25 58 5
25 59 3
25 60 6
25 61 2
25 62 5
25 63 2
25 64 5
25 65 3
25 66 3
25 67 2
25 68 4
25 69 5
25 70 3
25 71 4
25 72 4
25 73 3
25 74 4
25 75 3
25 76 3
25 77 6
25 78 5
25 79 6
25 80 5
25 81 1
25 82 2
25 83 5
25 84 2
25 85 4
25 86 6
25 87 4
25 88 4
25 89 3
25 90 3
25 91 4
25 92 1
25 93 3
25 94 3
25 95 4
25 96 1
25 97 5
25 98 4
25 99 3
26 27 2
26 28 3
26 29 1
26 30 1
26 31 2
26 32 3
26 33 2
26 34 3
26 35 4
26 36 4
26 37 2
26 38 2
26 39 4
26 40 1
26 41 1
26 42 4
26 43 2
26 44 4
26 45 3
26 46 2
26 47 1
26 48 4
26 49 3
26 50 4
26 51 1
26 52 2
26 53 3
26 54 3
26 55 1
26 56 3
26 57 2
26 58 2
26 59 2
26 60 4
26 61 4
26 62 3
26 63 4
26 64 3
26 65 3
26 66 5
26 67 3
26 68 4
26 69 1
26 70 5
26 71 2
26 72 1
26 73 2
26 74 1
26 75 4
26 76 3
26 77 3
26 78 3
26 79 4
26 80 2
26 81 4
26 82 3
26 83 3
26 84 2
26 85 4
26 86 2
26 87 5
26 88 3
26 89 3
26 90 3
26 91 1
26 92 3
26 93 4
26 94 2
26 95 2
26 96 3
26 97 3
26 98 1
26 99 3
27 28 4
27 29 3
27 30 2
27 31 2
27 32 2
27 33 3
27 34 3
27 35 2
27 36 4
27 37 4
27 38 2
27 39 3
27 40 3
27 41 2
27 42 3
27 43 1
27 44 3
27 45 4
27 46 2
27 47 2
27 48 2
27 49 4
27 50 3
27 51 3
27 52 2
27 53 2
27 54 1
27 55 2
27 56 1
27 57 1
27 58 2
27 59 3
27 60 2
27 61 3
27 62 1
27 63 5
27 64 1
27 65 2
27 66 4
27 67 3
27 68 2
27 69 3
27 70 4
27 71 4
27 72 1
27 73 3
27 74 2
27 75 3
27 76 2
27 77 2
27 78 1
27 79 2
27 80 2
27 81 4
27 82 4
27 83 1
27 84 3
27 85 2
27 86 3
27 87 4
27 88 2
27 89 4
27 90 4
27 91 2
27 92 4
27 93 3
27 94 2
27 95 1
27 96 4
27 97 1
27 98 2
27 99 2
28 29 4
28 30 4
28 31 4
28 32 5
28 33 5
28 34 1
28 35 3
28 36 1
28 37 4
28 38 4
28 39 2
28 40 4
28 41 2
28 42 2
28 43 3
28 44 2
28 45 2
28 46 2
28 47 4
28 48 4
28 49 1
28 50 2
28 51 3
28 52 4
28 53 5
28 54 4
28 55 3
28 56 4
28 57 3
28 58 4
28 59 2
28 60 5
28 61 2
28 62 4
28 63 2
28 64 4
28 65 2
28 66 2
28 67 1
28 68 3
28 69 4
28 70 3
28 71 3
28 72 3
28 73 2
28 74 3
28 75 2
28 76 2
28 77 5
28 78 4
28 79 5
28 80 4
28 81 1
28 82 2
28 83 4
28 84 1
28 85 3
28 86 5
28 87 3
28 88 3
28 89 3
28 90 2
28 91 3
28 92 1
28 93 2
28 94 2
28 95 3
28 96 1
28 97 4
28 98 3
28 99 2
29 30 2
29 31 3
29 32 3
29 33 2
29 34 3
29 35 5
29 36 5
29 37 1
29 38 3
29 39 5
29 40 1
29 41 2
29 42 5
29 43 3
29 44 5
29 45 3
29 46 3
29 47 2
29 48 5
29 49 4
29 50 4
29 51 1
29 52 3
29 53 4
29 54 4
29 55 1
29 56 4
29 57 3
29 58 2
29 59 2
29 60 5
29 61 5
29 62 4
29 63 4
29 64 4
29 65 4
29 66 5
29 67 3
29 68 5
29 69 1
29 70 5
29 71 2
29 72 2
29 73 2
29 74 1
29 75 5
29 76 4
29 77 3
29 78 4
29 79 5
29 80 3
29 81 4
29 82 3
29 83 4
29 84 3
29 85 5
29 86 3
29 87 6
29 88 4
29 89 3
29 90 3
29 91 2
29 92 4
29 93 5
29 94 2
29 95 3
29 96 4
29 97 4
29 98 2
29 99 4
30 31 1
30 32 2
30 33 1
30 34 3
30 35 4
30 36 5
30 37 2
30 38 1
30 39 4
30 40 2
30 41 2
30 42 4
30 43 2
30 44 4
30 45 4
30 46 2
30 47 1
30 48 3
30 49 4
30 50 4
30 51 2
30 52 1
30 53 2
30 54 3
30 55 1
30 56 3
30 57 2
30 58 1
30 59 3
30 60 3
30 61 4
30 62 3
30 63 5
30 64 2
30 65 3
30 66 5
30 67 3
30 68 4
30 69 2
30 70 5
30 71 3
30 72 1
30 73 3
30 74 2
30 75 4
30 76 3
30 77 2
30 78 3
30 79 3
30 80 1
30 81 4
30 82 4
30 83 3
30 84 3
30 85 4
30 86 1
30 87 5
30 88 3
30 89 4
30 90 4
30 91 1
30 92 4
30 93 4
30 94 2
30 95 1
30 96 4
30 97 2
30 98 1
30 99 3
31 32 1
31 33 1
31 34 3
31 35 3
31 36 5
31 37 3
31 38 1
31 39 4
31 40 2
31 41 3
31 42 4
31 43 2
31 44 4
31 45 4
31 46 3
31 47 1
31 48 3
31 49 4
31 50 4
31 51 3
31 52 1
31 53 2
31 54 2
31 55 2
31 56 2
31 57 2
31 58 1
31 59 3
31 60 2
31 61 4
31 62 2
31 63 5
31 64 1
31 65 3
31 66 5
31 67 4
31 68 4
31 69 3
31 70 5
31 71 3
31 72 2
31 73 3
31 74 2
31 75 4
31 76 3
31 77 1
31 78 2
31 79 2
31 80 1
31 81 4
31 82 4
31 83 2
31 84 4
31 85 3
31 86 1
31 87 5
31 88 3
31 89 4
31 90 4
31 91 2
31 92 4
31 93 4
31 94 2
31 95 1
31 96 4
31 97 2
31 98 2
31 99 3
32 33 2
32 34 4
32 35 3
32 36 6
32 37 3
32 38 1
32 39 4
32 40 3
32 41 3
32 42 5
32 43 3
32 44 5
32 45 5
32 46 3
32 47 2
32 48 3
32 49 5
32 50 4
32 51 3
32 52 1
32 53 1
32 54 2
32 55 2
32 56 2
32 57 3
32 58 1
32 59 4
32 60 2
32 61 5
32 62 2
32 63 6
32 64 1
32 65 4
32 66 5
32 67 4
32 68 4
32 69 3
32 70 5
32 71 4
32 72 2
32 73 4
32 74 3
32 75 4
32 76 4
32 77 1
32 78 2
32 79 2
32 80 1
32 81 5
32 82 5
32 83 2
32 84 4
32 85 3
32 86 1
32 87 5
32 88 3
32 89 5
32 90 5
32 91 2
32 92 5
32 93 4
32 94 3
32 95 2
32 96 5
32 97 2
32 98 2
32 99 4
33 34 4
33 35 4
33 36 6
33 37 2
33 38 1
33 39 5
33 40 1
33 41 3
33 42 5
33 43 3
33 44 5
33 45 4
33 46 3
33 47 1
33 48 4
33 49 5
33 50 5
33 51 2
33 52 1
33 53 3
33 54 3
33 55 2
33 56 3
33 57 3
33 58 1
33 59 3
33 60 3
33 61 5
33 62 3
33 63 5
33 64 2
33 65 4
33 66 6
33 67 4
33 68 5
33 69 2
33 70 6
33 71 3
33 72 2
33 73 3
33 74 2
33 75 5
33 76 4
33 77 2
33 78 3
33 79 3
33 80 2
33 81 5
33 82 4
33 83 3
33 84 4
33 85 4
33 86 1
33 87 6
33 88 4
33 89 4
33 90 4
33 91 2
33 92 5
33 93 5
33 94 3
33 95 2
33 96 5
33 97 3
33 98 2
33 99 4
34 35 2
34 36 2
34 37 4
34 38 3
34 39 2
34 40 4
34 41 2
34 42 2
34 43 2
34 44 2
34 45 2
34 46 1
34 47 3
34 48 3
34 49 1
34 50 1
34 51 3
34 52 3
34 53 4
34 54 3
34 55 3
34 56 3
34 57 2
34 58 3
34 59 2
34 60 4
34 61 2
34 62 3
34 63 2
34 64 3
34 65 1
34 66 2
34 67 1
34 68 2
34 69 4
34 70 2
34 71 3
34 72 2
34 73 2
34 74 2
34 75 2
34 76 1
34 77 4
34 78 3
34 79 4
34 80 3
34 81 1
34 82 2
34 83 3
34 84 1
34 85 3
34 86 4
34 87 3
34 88 2
34 89 3
34 90 2
34 91 2
34 92 1
34 93 2
34 94 1
34 95 2
34 96 1
34 97 3
34 98 2
34 99 1
35 36 3
35 37 5
35 38 4
35 39 1
35 40 5
35 41 3
35 42 2
35 43 2
35 44 2
35 45 4
35 46 2
35 47 4
35 48 2
35 49 3
35 50 2
35 51 4
35 52 3
35 53 3
35 54 2
35 55 4
35 56 2
35 57 2
35 58 4
35 59 4
35 60 3
35 61 2
35 62 1
35 63 4
35 64 2
35 65 2
35 66 2
35 67 3
35 68 1
35 69 5
35 70 2
35 71 5
35 72 3
35 73 4
35 74 4
35 75 1
35 76 2
35 77 3
35 78 2
35 79 3
35 80 3
35 81 3
35 82 4
35 83 2
35 84 3
35 85 1
35 86 4
35 87 2
35 88 1
35 89 5
35 90 4
35 91 3
35 92 3
35 93 1
35 94 3
35 95 3
35 96 3
35 97 2
35 98 4
35 99 1
36 37 5
36 38 5
36 39 2
36 40 5
36 41 3
36 42 2
36 43 3
36 44 1
36 45 3
36 46 3
36 47 5
36 48 4
36 49 1
36 50 2
36 51 4
36 52 5
36 53 5
36 54 4
36 55 4
36 56 4
36 57 4
36 58 5
36 59 3
36 60 5
36 61 1
36 62 4
36 63 2
36 64 5
36 65 2
36 66 2
36 67 2
36 68 3
36 69 5
36 70 2
36 71 4
36 72 4
36 73 3
36 74 4
36 75 2
36 76 2
36 77 6
36 78 4
36 79 5
36 80 5
36 81 1
36 82 2
36 83 4
36 84 2
36 85 3
36 86 6
36 87 3
36 88 3
36 89 3
36 90 3
36 91 4
36 92 1
36 93 2
36 94 3
36 95 4
36 96 1
36 97 4
36 98 4
36 99 2
37 38 3
37 39 5
37 40 1
37 41 2
37 42 5
37 43 4
37 44 5
37 45 4
37 46 3
37 47 2
37 48 5
37 49 4
37 50 5
37 51 2
37 52 3
37 53 4
37 54 5
37 55 2
37 56 5
37 57 4
37 58 2
37 59 3
37 60 5
37 61 5
37 62 5
37 63 5
37 64 4
37 65 4
37 66 6
37 67 4
37 68 5
37 69 1
37 70 6
37 71 3
37 72 3
37 73 3
37 74 2
37 75 5
37 76 4
37 77 3
37 78 5
37 79 5
37 80 3
37 81 5
37 82 4
37 83 5
37 84 3
37 85 6
37 86 3
37 87 6
37 88 5
37 89 4
37 90 4
37 91 2
37 92 4
37 93 5
37 94 3
37 95 3
37 96 4
37 97 4
37 98 2
37 99 4
38 39 4
38 40 2
38 41 3
38 42 4
38 43 2
38 44 4
38 45 4
38 46 3
38 47 1
38 48 3
38 49 4
38 50 4
38 51 3
38 52 1
38 53 2
38 54 3
38 55 2
38 56 2
38 57 2
38 58 1
38 59 3
38 60 3
38 61 4
38 62 3
38 63 5
38 64 2
38 65 3
38 66 5
38 67 4
38 68 4
38 69 3
38 70 5
38 71 3
38 72 2
38 73 3
38 74 2
38 75 4
38 76 3
38 77 1
38 78 3
38 79 3
38 80 1
38 81 4
38 82 4
38 83 3
38 84 4
38 85 4
38 86 1
38 87 5
38 88 3
38 89 4
38 90 4
38 91 2
38 92 4
38 93 4
38 94 2
38 95 1
38 96 4
38 97 2
38 98 2
38 99 3
39 40 5
39 41 3
39 42 1
39 43 2
39 44 1
39 45 4
39 46 2
39 47 4
39 48 3
39 49 2
39 50 1
39 51 4
39 52 4
39 53 4
39 54 3
39 55 4
39 56 3
39 57 3
39 58 4
39 59 4
39 60 4
39 61 1
39 62 2
39 63 4
39 64 3
39 65 1
39 66 1
39 67 3
39 68 1
39 69 5
39 70 1
39 71 5
39 72 3
39 73 4
39 74 4
39 75 1
39 76 1
39 77 4
39 78 3
39 79 4
39 80 4
39 81 2
39 82 4
39 83 3
39 84 3
39 85 2
39 86 5
39 87 2
39 88 1
39 89 5
39 90 4
39 91 3
39 92 3
39 93 1
39 94 3
39 95 3
39 96 3
39 97 3
39 98 4
39 99 1
40 41 2
40 42 5
40 43 3
40 44 5
40 45 4
40 46 3
40 47 2
40 48 5
40 49 4
40 50 5
40 51 2
40 52 2
40 53 4
40 54 4
40 55 1
40 56 4
40 57 3
40 58 2
40 59 3
40 60 4
40 61 5
40 62 4
40 63 4
40 64 3
40 65 4
40 66 6
40 67 4
40 68 5
40 69 1
40 70 6
40 71 2
40 72 2
40 73 3
40 74 2
40 75 5
40 76 4
40 77 3
40 78 4
40 79 4
40 80 3
40 81 5
40 82 4
40 83 4
40 84 3
40 85 5
40 86 2
40 87 6
40 88 4
40 89 3
40 90 3
40 91 2
40 92 4
40 93 5
40 94 3
40 95 3
40 96 4
40 97 4
40 98 2
40 99 4
41 42 3
41 43 2
41 44 3
41 45 2
41 46 1
41 47 2
41 48 4
41 49 2
41 50 3
41 51 1
41 52 3
41 53 4
41 54 3
41 55 1
41 56 3
41 57 2
41 58 2
41 59 1
41 60 4
41 61 3
41 62 3
41 63 3
41 64 3
41 65 2
41 66 4
41 67 2
41 68 3
41 69 2
41 70 4
41 71 2
41 72 1
41 73 1
41 74 1
41 75 3
41 76 2
41 77 3
41 78 3
41 79 4
41 80 3
41 81 3
41 82 2
41 83 3
41 84 1
41 85 4
41 86 3
41 87 4
41 88 3
41 89 2
41 90 2
41 91 1
41 92 2
41 93 3
41 94 1
41 95 2
41 96 2
41 97 3
41 98 1
41 99 2
42 43 2
42 44 1
42 45 4
42 46 2
42 47 4
42 48 3
42 49 2
42 50 1
42 51 4
42 52 4
42 53 4
42 54 3
42 55 4
42 56 3
42 57 3
42 58 4
42 59 3
42 60 4
42 61 1
42 62 3
42 63 3
42 64 4
42 65 1
42 66 1
42 67 2
42 68 2
42 69 5
42 70 1
42 71 4
42 72 3
42 73 3
42 74 4
42 75 1
42 76 1
42 77 5
42 78 3
42 79 4
42 80 4
42 81 1
42 82 3
42 83 3
42 84 3
42 85 2
42 86 5
42 87 2
42 88 2
42 89 4
42 90 4
42 91 3
42 92 2
42 93 1
42 94 3
42 95 3
42 96 2
42 97 3
42 98 4
42 99 1
43 44 2
43 45 4
43 46 1
43 47 2
43 48 2
43 49 3
43 50 2
43 51 3
43 52 2
43 53 2
43 54 1
43 55 2
43 56 2
43 57 1
43 58 2
43 59 3
43 60 2
43 61 2
43 62 1
43 63 4
43 64 2
43 65 1
43 66 3
43 67 2
43 68 2
43 69 3
43 70 3
43 71 4
43 72 1
43 73 3
43 74 2
43 75 2
43 76 1
43 77 3
43 78 1
43 79 2
43 80 2
43 81 3
43 82 4
43 83 2
43 84 3
43 85 2
43 86 3
43 87 3
43 88 1
43 89 4
43 90 4
43 91 2
43 92 3
43 93 2
43 94 1
43 95 1
43 96 3
43 97 1
43 98 2
43 99 1
44 45 4
44 46 2
44 47 4
44 48 3
44 49 2
44 50 1
44 51 4
44 52 4
44 53 4
44 54 3
44 55 4
44 56 3
44 57 3
44 58 4
44 59 3
44 60 4
44 61 1
44 62 3
44 63 3
44 64 4
44 65 1
44 66 1
44 67 2
44 68 2
44 69 5
44 70 1
44 71 4
44 72 3
44 73 3
44 74 4
44 75 1
44 76 1
44 77 5
44 78 3
44 79 4
44 80 4
44 81 1
44 82 3
44 83 3
44 84 3
44 85 2
44 86 5
44 87 2
44 88 2
44 89 4
44 90 4
44 91 3
44 92 2
44 93 1
44 94 3
44 95 3
44 96 2
44 97 3
44 98 4
44 99 1
45 46 3
45 47 3
45 48 5
45 49 2
45 50 3
45 51 2
45 52 4
45 53 6
45 54 5
45 55 3
45 56 5
45 57 4
45 58 4
45 59 2
45 60 6
45 61 4
45 62 5
45 63 1
45 64 5
45 65 3
45 66 4
45 67 2
45 68 4
45 69 3
45 70 4
45 71 2
45 72 3
45 73 1
45 74 2
45 75 4
45 76 3
45 77 5
45 78 5
45 79 6
45 80 5
45 81 3
45 82 1
45 83 5
45 84 2
45 85 5
45 86 4
45 87 5
45 88 4
45 89 1
45 90 1
45 91 3
45 92 2
45 93 4
45 94 3
45 95 4
45 96 2
45 97 5
45 98 3
45 99 3
46 47 2
46 48 3
46 49 2
46 50 2
46 51 2
46 52 3
46 53 3
46 54 2
46 55 2
46 56 3
46 57 1
46 58 3
46 59 2
46 60 3
46 61 2
46 62 2
46 63 3
46 64 3
46 65 1
46 66 3
46 67 1
46 68 2
46 69 3
46 70 3
46 71 3
46 72 1
46 73 2
46 74 2
46 75 2
46 76 1
46 77 3
46 78 2
46 79 3
46 80 3
46 81 2
46 82 3
46 83 3
46 84 2
46 85 3
46 86 3
46 87 3
46 88 2
46 89 3
46 90 3
46 91 1
46 92 2
46 93 2
46 94 1
46 95 2
46 96 2
46 97 2
46 98 2
46 99 1
47 48 3
47 49 4
47 50 4
47 51 2
47 52 1
47 53 3
47 54 3
47 55 1
47 56 3
47 57 2
47 58 1
47 59 2
47 60 3
47 61 4
47 62 3
47 63 4
47 64 2
47 65 3
47 66 5
47 67 3
47 68 4
47 69 2
47 70 5
47 71 2
47 72 1
47 73 2
47 74 1
47 75 4
47 76 3
47 77 2
47 78 3
47 79 3
47 80 2
47 81 4
47 82 3
47 83 3
47 84 3
47 85 4
47 86 1
47 87 5
47 88 3
47 89 3
47 90 3
47 91 1
47 92 4
47 93 4
47 94 2
47 95 1
47 96 4
47 97 2
47 98 1
47 99 3
48 49 4
48 50 3
48 51 4
48 52 3
48 53 2
48 54 1
48 55 4
48 56 1
48 57 2
48 58 3
48 59 5
48 60 1
48 61 3
48 62 1
48 63 5
48 64 2
48 65 3
48 66 3
48 67 4
48 68 2
48 69 5
48 70 3
48 71 5
48 72 3
48 73 5
48 74 4
48 75 3
48 76 3
48 77 3
48 78 1
48 79 1
48 80 3
48 81 4
48 82 5
48 83 1
48 84 4
48 85 1
48 86 3
48 87 3
48 88 2
48 89 6
48 90 5
48 91 3
48 92 4
48 93 3
48 94 3
48 95 2
48 96 4
48 97 1
48 98 3
48 99 2
49 50 2
49 51 3
49 52 4
49 53 5
49 54 4
49 55 3
49 56 4
49 57 3
49 58 4
49 59 2
49 60 5
49 61 2
49 62 4
49 63 2
49 64 4
49 65 2
49 66 2
49 67 1
49 68 3
49 69 4
49 70 3
49 71 3
49 72 3
49 73 2
49 74 3
49 75 2
49 76 2
49 77 5
49 78 4
49 79 5
49 80 4
49 81 1
49 82 2
49 83 4
49 84 1
49 85 3
49 86 5
49 87 3
49 88 3
49 89 3
49 90 2
49 91 3
49 92 1
49 93 2
49 94 2
49 95 3
49 96 1
49 97 4
49 98 3
49 99 2
50 51 4
50 52 4
50 53 4
50 54 3
50 55 4
50 56 3
50 57 3
50 58 4
50 59 3
50 60 4
50 61 1
50 62 2
50 63 3
50 64 3
50 65 1
50 66 1
50 67 2
50 68 2
50 69 5
50 70 1
50 71 4
50 72 3
50 73 3
50 74 3
50 75 1
50 76 1
50 77 4
50 78 3
50 79 4
50 80 4
50 81 2
50 82 3
50 83 3
50 84 2
50 85 2
50 86 5
50 87 2
50 88 1
50 89 4
50 90 3
50 91 3
50 92 2
50 93 1
50 94 2
50 95 3
50 96 2
50 97 3
50 98 3
50 99 1
51 52 3
51 53 4
51 54 4
51 55 1
51 56 4
51 57 3
51 58 3
51 59 1
51 60 4
51 61 4
51 62 4
51 63 3
51 64 3
51 65 3
51 66 5
51 67 2
51 68 4
51 69 1
51 70 5
51 71 1
51 72 2
51 73 1
51 74 1
51 75 4
51 76 3
51 77 3
51 78 4
51 79 4
51 80 3
51 81 3
51 82 2
51 83 4
51 84 2
51 85 5
51 86 3
51 87 5
51 88 4
51 89 2
51 90 2
51 91 1
51 92 3
51 93 4
51 94 2
51 95 2
51 96 3
51 97 3
51 98 2
51 99 3
52 53 2
52 54 2
52 55 2
52 56 2
52 57 2
52 58 1
52 59 3
52 60 2
52 61 4
52 62 2
52 63 5
52 64 1
52 65 3
52 66 5
52 67 4
52 68 4
52 69 3
52 70 5
52 71 3
52 72 2
52 73 3
52 74 2
52 75 4
52 76 3
52 77 1
52 78 2
52 79 2
52 80 1
52 81 4
52 82 4
52 83 2
52 84 4
52 85 3
52 86 1
52 87 5
52 88 3
52 89 4
52 90 4
52 91 2
52 92 4
52 93 4
52 94 2
52 95 1
52 96 4
52 97 2
52 98 2
52 99 3
53 54 2
53 55 3
53 56 1
53 57 2
53 58 2
53 59 5
53 60 1
53 61 4
53 62 2
53 63 6
53 64 1
53 65 3
53 66 5
53 67 4
53 68 3
53 69 4
53 70 4
53 71 5
53 72 3
53 73 5
53 74 4
53 75 4
53 76 3
53 77 1
53 78 2
53 79 1
53 80 1
53 81 5
53 82 6
53 83 2
53 84 5
53 85 3
53 86 2
53 87 4
53 88 3
53 89 6
53 90 6
53 91 3
53 92 5
53 93 4
53 94 3
53 95 2
53 96 5
53 97 1
53 98 3
53 99 3
54 55 3
54 56 1
54 57 2
54 58 3
54 59 4
54 60 1
54 61 3
54 62 1
54 63 5
54 64 1
54 65 2
54 66 4
54 67 3
54 68 2
54 69 4
54 70 3
54 71 5
54 72 2
54 73 4
54 74 3
54 75 3
54 76 2
54 77 2
54 78 1
54 79 1
54 80 2
54 81 4
54 82 5
54 83 1
54 84 4
54 85 2
54 86 3
54 87 3
54 88 2
54 89 5
54 90 5
54 91 3
54 92 4
54 93 3
54 94 2
54 95 2
54 96 4
54 97 1
54 98 3
54 99 2
55 56 3
55 57 2
55 58 2
55 59 2
55 60 4
55 61 4
55 62 3
55 63 4
55 64 3
55 65 3
55 66 5
55 67 3
55 68 4
55 69 1
55 70 5
55 71 2
55 72 1
55 73 2
55 74 1
55 75 4
55 76 3
55 77 2
55 78 3
55 79 4
55 80 2
55 81 4
55 82 3
55 83 3
55 84 2
55 85 4
55 86 2
55 87 5
55 88 3
55 89 3
55 90 3
55 91 1
55 92 3
55 93 4
55 94 2
55 95 2
55 96 3
55 97 3
55 98 1
55 99 3
56 57 2
56 58 3
56 59 4
56 60 1
56 61 4
56 62 1
56 63 5
56 64 1
56 65 3
56 66 4
56 67 4
56 68 2
56 69 4
56 70 4
56 71 5
56 72 2
56 73 4
56 74 3
56 75 3
56 76 3
56 77 2
56 78 1
56 79 1
56 80 2
56 81 4
56 82 5
56 83 1
56 84 4
56 85 2
56 86 2
56 87 4
56 88 2
56 89 5
56 90 5
56 91 3
56 92 4
56 93 3
56 94 3
56 95 2
56 96 4
56 97 1
56 98 3
56 99 2
57 58 2
57 59 3
57 60 2
57 61 3
57 62 1
57 63 4
57 64 2
57 65 2
57 66 4
57 67 2
57 68 3
57 69 3
57 70 4
57 71 4
57 72 1
57 73 3
57 74 2
57 75 3
57 76 2
57 77 3
57 78 2
57 79 2
57 80 2
57 81 3
57 82 4
57 83 2
57 84 3
57 85 2
57 86 3
57 87 4
57 88 2
57 89 4
57 90 4
57 91 2
57 92 3
57 93 3
57 94 1
57 95 1
57 96 3
57 97 1
57 98 2
57 99 2
58 59 3
58 60 3
58 61 4
58 62 3
58 63 5
58 64 2
58 65 3
58 66 5
58 67 4
58 68 4
58 69 3
58 70 5
58 71 3
58 72 2
58 73 3
58 74 2
58 75 4
58 76 3
58 77 1
58 78 3
58 79 3
58 80 1
58 81 4
58 82 4
58 83 3
58 84 3
58 85 4
58 86 1
58 87 5
58 88 3
58 89 4
58 90 4
58 91 2
58 92 4
58 93 4
58 94 2
58 95 1
58 96 4
58 97 2
58 98 1
58 99 3
59 60 5
59 61 3
59 62 4
59 63 2
59 64 4
59 65 3
59 66 4
59 67 1
59 68 4
59 69 2
59 70 4
59 71 1
59 72 2
59 73 1
59 74 1
59 75 4
59 76 3
59 77 4
59 78 4
59 79 5
59 80 4
59 81 2
59 82 1
59 83 4
59 84 1
59 85 5
59 86 3
59 87 5
59 88 4
59 89 1
59 90 1
59 91 2
59 92 2
59 93 4
59 94 2
59 95 3
59 96 2
59 97 4
59 98 2
59 99 3
60 61 4
60 62 2
60 63 6
60 64 1
60 65 3
60 66 4
60 67 4
60 68 3
60 69 5
60 70 4
60 71 5
60 72 3
60 73 5
60 74 4
60 75 4
60 76 3
60 77 2
60 78 1
60 79 1
60 80 2
60 81 5
60 82 6
60 83 1
60 84 5
60 85 2
60 86 3
60 87 4
60 88 3
60 89 6
60 90 6
60 91 3
60 92 5
60 93 4
60 94 3
60 95 2
60 96 5
60 97 1
60 98 3
60 99 3
61 62 3
61 63 3
61 64 4
61 65 1
61 66 1
61 67 2
61 68 2
61 69 5
61 70 1
61 71 4
61 72 3
61 73 3
61 74 4
61 75 1
61 76 1
61 77 5
61 78 3
61 79 4
61 80 4
61 81 1
61 82 3
61 83 4
61 84 3
61 85 2
61 86 5
61 87 2
61 88 2
61 89 4
61 90 4
61 91 3
61 92 2
61 93 1
61 94 3
61 95 3
61 96 2
61 97 3
61 98 4
61 99 2
62 63 5
62 64 1
62 65 2
62 66 3
62 67 3
62 68 2
62 69 4
62 70 3
62 71 5
62 72 2
62 73 4
62 74 3
62 75 2
62 76 2
62 77 2
62 78 1
62 79 2
62 80 2
62 81 4
62 82 5
62 83 1
62 84 4
62 85 1
62 86 3
62 87 3
62 88 1
62 89 5
62 90 5
62 91 3
62 92 4
62 93 2
62 94 2
62 95 2
62 96 4
62 97 1
62 98 3
62 99 2
63 64 5
63 65 3
63 66 4
63 67 2
63 68 4
63 69 4
63 70 4
63 71 2
63 72 4
63 73 2
63 74 3
63 75 4
63 76 3
63 77 6
63 78 5
63 79 6
63 80 5
63 81 2
63 82 1
63 83 5
63 84 2
63 85 5
63 86 5
63 87 5
63 88 4
63 89 1
63 90 1
63 91 4
63 92 1
63 93 4
63 94 3
63 95 4
63 96 1
63 97 5
63 98 4
63 99 3
64 65 3
64 66 4
64 67 4
64 68 3
64 69 4
64 70 4
64 71 4
64 72 2
64 73 4
64 74 3
64 75 3
64 76 3
64 77 1
64 78 1
64 79 1
64 80 1
64 81 4
64 82 5
64 83 1
64 84 4
64 85 2
64 86 2
64 87 4
64 88 2
64 89 5
64 90 5
64 91 2
64 92 4
64 93 3
64 94 2
64 95 1
64 96 4
64 97 1
64 98 2
64 99 3
65 66 2
65 67 2
65 68 2
65 69 4
65 70 2
65 71 4
65 72 2
65 73 3
65 74 3
65 75 1
65 76 1
65 77 4
65 78 2
65 79 3
65 80 3
65 81 2
65 82 3
65 83 3
65 84 2
65 85 2
65 86 4
65 87 2
65 88 1
65 89 4
65 90 3
65 91 2
65 92 2
65 93 1
65 94 2
65 95 2
65 96 2
65 97 2
65 98 3
65 99 1
66 67 3
66 68 2
66 69 6
66 70 1
66 71 5
66 72 4
66 73 4
66 74 4
66 75 1
66 76 2
66 77 5
66 78 4
66 79 4
66 80 5
66 81 2
66 82 4
66 83 4
66 84 3
66 85 2
66 86 6
66 87 1
66 88 2
66 89 5
66 90 4
66 91 4
66 92 3
66 93 1
66 94 3
66 95 4
66 96 3
66 97 4
66 98 4
66 99 2
67 68 3
67 69 3
67 70 3
67 71 2
67 72 2
67 73 1
67 74 2
67 75 3
67 76 2
67 77 4
67 78 3
67 79 4
67 80 4
67 81 1
67 82 2
67 83 4
67 84 1
67 85 4
67 86 4
67 87 4
67 88 3
67 89 2
67 90 2
67 91 2
67 92 1
67 93 3
67 94 2
67 95 3
67 96 1
67 97 3
67 98 3
67 99 2
68 69 5
68 70 2
68 71 5
68 72 3
68 73 4
68 74 4
68 75 2
68 76 2
68 77 4
68 78 2
68 79 3
68 80 4
68 81 3
68 82 4
68 83 2
68 84 3
68 85 1
68 86 4
68 87 2
68 88 1
68 89 5
68 90 4
68 91 3
68 92 3
68 93 1
68 94 3
68 95 3
68 96 3
68 97 2
68 98 4
68 99 1
69 70 6
69 71 2
69 72 2
69 73 2
69 74 2
69 75 5
69 76 4
69 77 3
69 78 4
69 79 5
69 80 3
69 81 4
69 82 3
69 83 4
69 84 3
69 85 5
69 86 3
69 87 6
69 88 4
69 89 3
69 90 3
69 91 2
69 92 4
69 93 5
69 94 3
69 95 3
69 96 4
69 97 4
69 98 2
69 99 4
70 71 5
70 72 4
70 73 4
70 74 4
70 75 1
70 76 2
70 77 5
70 78 3
70 79 4
70 80 5
70 81 2
70 82 4
70 83 3
70 84 3
70 85 2
70 86 6
70 87 1
70 88 2
70 89 5
70 90 4
70 91 4
70 92 3
70 93 1
70 94 3
70 95 4
70 96 3
70 97 4
70 98 4
70 99 2
71 72 3
71 73 1
71 74 2
71 75 5
71 76 4
71 77 4
71 78 5
71 79 5
71 80 4
71 81 3
71 82 2
71 83 5
71 84 2
71 85 6
71 86 3
71 87 6
71 88 5
71 89 1
71 90 1
71 91 2
71 92 3
71 93 5
71 94 3
71 95 3
71 96 3
71 97 4
71 98 2
71 99 4
72 73 2
72 74 1
72 75 3
72 76 2
72 77 2
72 78 2
72 79 3
72 80 2
72 81 3
72 82 3
72 83 2
72 84 2
72 85 3
72 86 2
72 87 4
72 88 2
72 89 3
72 90 3
72 91 1
72 92 3
72 93 3
72 94 1
72 95 1
72 96 3
72 97 2
72 98 1
72 99 2
73 74 1
73 75 4
73 76 3
73 77 4
73 78 4
73 79 5
73 80 4
73 81 2
73 82 1
73 83 4
73 84 1
73 85 5
73 86 3
73 87 5
73 88 4
73 89 1
73 90 1
73 91 2
73 92 2
73 93 4
73 94 2
73 95 3
73 96 2
73 97 4
73 98 2
73 99 3
74 75 4
74 76 3
74 77 3
74 78 3
74 79 4
74 80 3
74 81 3
74 82 2
74 83 3
74 84 2
74 85 4
74 86 2
74 87 5
74 88 3
74 89 2
74 90 2
74 91 1
74 92 3
74 93 4
74 94 1
74 95 2
74 96 3
74 97 3
74 98 1
74 99 3
75 76 1
75 77 4
75 78 3
75 79 4
75 80 4
75 81 2
75 82 4
75 83 3
75 84 3
75 85 2
75 86 5
75 87 1
75 88 2
75 89 5
75 90 4
75 91 3
75 92 3
75 93 1
75 94 3
75 95 3
75 96 3
75 97 3
75 98 4
75 99 1
76 77 4
76 78 2
76 79 3
76 80 3
76 81 2
76 82 3
76 83 3
76 84 2
76 85 2
76 86 4
76 87 2
76 88 1
76 89 4
76 90 3
76 91 2
76 92 2
76 93 1
76 94 2
76 95 2
76 96 2
76 97 2
76 98 3
76 99 1
77 78 2
77 79 2
77 80 1
77 81 5
77 82 5
77 83 2
77 84 4
77 85 3
77 86 1
77 87 5
77 88 3
77 89 5
77 90 5
77 91 2
77 92 5
77 93 4
77 94 3
77 95 2
77 96 5
77 97 2
77 98 2
77 99 4
78 79 1
78 80 2
78 81 4
78 82 5
78 83 1
78 84 4
78 85 2
78 86 3
78 87 3
78 88 2
78 89 5
78 90 5
78 91 3
78 92 4
78 93 3
78 94 2
78 95 2
78 96 4
78 97 1
78 98 3
78 99 2
79 80 2
79 81 5
79 82 6
79 83 1
79 84 5
79 85 2
79 86 3
79 87 4
79 88 3
79 89 6
79 90 6
79 91 3
79 92 5
79 93 4
79 94 3
79 95 2
79 96 5
79 97 1
79 98 3
79 99 3
80 81 4
80 82 5
80 83 2
80 84 4
80 85 3
80 86 1
80 87 5
80 88 3
80 89 5
80 90 5
80 91 2
80 92 4
80 93 4
80 94 2
80 95 1
80 96 4
80 97 2
80 98 2
80 99 3
81 82 2
81 83 4
81 84 2
81 85 3
81 86 5
81 87 3
81 88 3
81 89 3
81 90 3
81 91 3
81 92 1
81 93 2
81 94 2
81 95 3
81 96 1
81 97 4
81 98 3
81 99 2
82 83 5
82 84 1
82 85 5
82 86 4
82 87 5
82 88 4
82 89 1
82 90 1
82 91 3
82 92 1
82 93 4
82 94 3
82 95 4
82 96 1
82 97 5
82 98 3
82 99 3
83 84 4
83 85 2
83 86 3
83 87 3
83 88 2
83 89 5
83 90 5
83 91 3
83 92 4
83 93 3
83 94 3
83 95 2
83 96 4
83 97 1
83 98 3
83 99 2
84 85 4
84 86 4
84 87 4
84 88 3
84 89 2
84 90 2
84 91 2
84 92 1
84 93 3
84 94 2
84 95 3
84 96 1
84 97 4
84 98 2
84 99 2
85 86 4
85 87 2
85 88 1
85 89 6
85 90 5
85 91 4
85 92 4
85 93 2
85 94 3
85 95 3
85 96 4
85 97 2
85 98 4
85 99 2
86 87 6
86 88 4
86 89 4
86 90 4
86 91 2
86 92 5
86 93 5
86 94 3
86 95 2
86 96 5
86 97 2
86 98 2
86 99 4
87 88 2
87 89 6
87 90 5
87 91 4
87 92 4
87 93 2
87 94 4
87 95 4
87 96 4
87 97 4
87 98 5
87 99 2
88 89 5
88 90 4
88 91 3
88 92 3
88 93 1
88 94 2
88 95 2
88 96 3
88 97 2
88 98 3
88 99 1
89 90 1
89 91 3
89 92 2
89 93 5
89 94 3
89 95 4
89 96 2
89 97 5
89 98 3
89 99 4
90 91 3
90 92 2
90 93 4
90 94 3
90 95 4
90 96 2
90 97 5
90 98 3
90 99 3
91 92 3
91 93 3
91 94 1
91 95 1
91 96 3
91 97 2
91 98 1
91 99 2
92 93 3
92 94 2
92 95 3
92 96 1
92 97 4
92 98 3
92 99 2
93 94 3
93 95 3
93 96 3
93 97 3
93 98 4
93 99 1
94 95 1
94 96 2
94 97 2
94 98 1
94 99 2
95 96 3
95 97 1
95 98 1
95 99 2
96 97 4
96 98 3
96 99 2
97 98 2
97 99 2
98 99 3
