100 
0 1 2
0 2 4
0 3 4
0 4 2
0 5 3
0 6 3
0 7 3
0 8 2
0 9 4
0 10 4
0 11 1
0 12 2
0 13 4
0 14 1
0 15 3
0 16 4
0 17 4
0 18 3
0 19 3
0 20 3
0 21 2
0 22 3
0 23 2
0 24 3
0 25 2
0 26 4
0 27 4
0 28 3
0 29 3
0 30 2
0 31 1
0 32 3
0 33 3
0 34 2
0 35 2
0 36 2
0 37 2
0 38 2
0 39 2
0 40 2
0 41 1
0 42 1
0 43 4
0 44 1
0 45 2
0 46 3
0 47 3
0 48 2
0 49 2
0 50 3
0 51 4
0 52 3
0 53 2
0 54 2
0 55 2
0 56 2
0 57 4
0 58 2
0 59 1
0 60 3
0 61 4
0 62 3
0 63 3
0 64 2
0 65 3
0 66 3
0 67 1
0 68 2
0 69 4
0 70 4
0 71 4
0 72 2
0 73 3
0 74 2
0 75 2
0 76 4
0 77 2
0 78 3
0 79 1
0 80 4
0 81 2
0 82 2
0 83 3
0 84 3
0 85 4
0 86 4
0 87 3
0 88 1
0 89 2
0 90 3
0 91 3
0 92 4
0 93 4
0 94 3
0 95 3
0 96 4
0 97 1
0 98 2
0 99 2
1 2 4
1 3 3
1 4 3
1 5 4
1 6 3
1 7 4
1 8 2
1 9 4
1 10 3
1 11 2
1 12 3
1 13 3
1 14 2
1 15 3
1 16 4
1 17 3
1 18 2
1 19 3
1 20 1
1 21 1
1 22 4
1 23 3
1 24 3
1 25 3
1 26 4
1 27 4
1 28 4
1 29 1
1 30 4
1 31 2
1 32 1
1 33 4
1 34 1
1 35 3
1 36 1
1 37 3
1 38 1
1 39 3
1 40 2
1 41 3
1 42 1
1 43 4
1 44 2
1 45 3
1 46 3
1 47 4
1 48 3
1 49 2
1 50 4
1 51 4
1 52 2
1 53 4
1 54 2
1 55 3
1 56 3
1 57 3
1 58 3
1 59 2
1 60 1
1 61 4
1 62 4
1 63 2
1 64 3
1 65 2
1 66 3
1 67 2
1 68 3
1 69 4
1 70 3
1 71 4
1 72 4
1 73 2
1 74 2
1 75 1
1 76 4
1 77 2
1 78 1
1 79 2
1 80 2
1 81 4
1 82 3
1 83 3
1 84 2
1 85 4
1 86 4
1 87 2
1 88 1
1 89 3
1 90 3
1 91 3
1 92 4
1 93 4
1 94 2
1 95 3
1 96 5
1 97 3
1 98 1
1 99 2
2 3 2
2 4 3
2 5 3
2 6 2
2 7 1
2 8 3
2 9 2
2 10 3
2 11 4
2 12 3
2 13 2
2 14 3
2 15 2
2 16 1
2 17 2
2 18 3
2 19 1
2 20 4
2 21 3
2 22 2
2 23 3
2 24 3
2 25 4
2 26 1
2 27 1
2 28 2
2 29 5
2 30 4
2 31 4
2 32 4
2 33 1
2 34 4
2 35 3
2 36 4
2 37 2
2 38 4
2 39 2
2 40 2
2 41 4
2 42 5
2 43 1
2 44 4
2 45 3
2 46 1
2 47 3
2 48 3
2 49 3
2 50 2
2 51 1
2 52 4
2 53 3
2 54 3
2 55 3
2 56 2
2 57 3
2 58 3
2 59 4
2 60 4
2 61 2
2 62 1
2 63 3
2 64 3
2 65 4
2 66 1
2 67 4
2 68 4
2 69 1
2 70 2
2 71 1
2 72 4
2 73 4
2 74 3
2 75 4
2 76 2
2 77 2
2 78 4
2 79 4
2 80 3
2 81 3
2 82 3
2 83 2
2 84 4
2 85 1
2 86 1
2 87 4
2 88 4
2 89 3
2 90 2
2 91 2
2 92 1
2 93 1
2 94 4
2 95 2
2 96 2
2 97 4
2 98 5
2 99 3
3 4 4
3 5 4
3 6 1
3 7 2
3 8 2
3 9 1
3 10 1
3 11 5
3 12 4
3 13 1
3 14 3
3 15 3
3 16 1
3 17 1
3 18 1
3 19 3
3 20 3
3 21 2
3 22 3
3 23 3
3 24 1
3 25 4
3 26 2
3 27 3
3 28 4
3 29 3
3 30 4
3 31 4
3 32 3
3 33 2
3 34 3
3 35 4
3 36 3
3 37 2
3 38 3
3 39 3
3 40 2
3 41 4
3 42 4
3 43 2
3 44 5
3 45 3
3 46 3
3 47 4
3 48 3
3 49 3
3 50 4
3 51 3
3 52 2
3 53 4
3 54 2
3 55 4
3 56 2
3 57 1
3 58 3
3 59 4
3 60 3
3 61 1
3 62 3
3 63 2
3 64 4
3 65 2
3 66 2
3 67 4
3 68 4
3 69 2
3 70 1
3 71 2
3 72 4
3 73 2
3 74 3
3 75 3
3 76 1
3 77 2
3 78 2
3 79 5
3 80 2
3 81 4
3 82 4
3 83 1
3 84 3
3 85 3
3 86 1
3 87 3
3 88 4
3 89 4
3 90 2
3 91 3
3 92 1
3 93 2
3 94 3
3 95 3
3 96 3
3 97 4
3 98 4
3 99 2
4 5 1
4 6 3
4 7 3
4 8 2
4 9 4
4 10 4
4 11 1
4 12 1
4 13 4
4 14 1
4 15 2
4 16 4
4 17 4
4 18 3
4 19 2
4 20 3
4 21 2
4 22 1
4 23 1
4 24 3
4 25 1
4 26 3
4 27 3
4 28 2
4 29 3
4 30 1
4 31 1
4 32 3
4 33 3
4 34 3
4 35 1
4 36 3
4 37 2
4 38 2
4 39 1
4 40 2
4 41 1
4 42 3
4 43 3
4 44 1
4 45 1
4 46 2
4 47 1
4 48 1
4 49 2
4 50 2
4 51 3
4 52 3
4 53 1
4 54 2
4 55 1
4 56 2
4 57 4
4 58 1
4 59 1
4 60 3
4 61 4
4 62 2
4 63 2
4 64 1
4 65 3
4 66 3
4 67 1
4 68 1
4 69 3
4 70 3
4 71 4
4 72 1
4 73 3
4 74 2
4 75 2
4 76 4
4 77 2
4 78 3
4 79 1
4 80 4
4 81 1
4 82 1
4 83 3
4 84 3
4 85 3
4 86 4
4 87 3
4 88 2
4 89 1
4 90 2
4 91 1
4 92 4
4 93 3
4 94 3
4 95 2
4 96 3
4 97 1
4 98 3
4 99 2
5 6 3
5 7 3
5 8 3
5 9 4
5 10 4
5 11 2
5 12 1
5 13 4
5 14 2
5 15 1
5 16 4
5 17 4
5 18 3
5 19 2
5 20 4
5 21 3
5 22 1
5 23 2
5 24 3
5 25 2
5 26 3
5 27 3
5 28 1
5 29 4
5 30 1
5 31 2
5 32 4
5 33 3
5 34 4
5 35 1
5 36 4
5 37 2
5 38 3
5 39 1
5 40 2
5 41 2
5 42 4
5 43 3
5 44 2
5 45 1
5 46 2
5 47 1
5 48 2
5 49 3
5 50 1
5 51 2
5 52 4
5 53 1
5 54 3
5 55 1
5 56 2
5 57 4
5 58 2
5 59 2
5 60 4
5 61 4
5 62 2
5 63 3
5 64 1
5 65 4
5 66 2
5 67 2
5 68 1
5 69 3
5 70 3
5 71 3
5 72 1
5 73 4
5 74 2
5 75 3
5 76 4
5 77 2
5 78 4
5 79 2
5 80 4
5 81 1
5 82 1
5 83 3
5 84 4
5 85 3
5 86 4
5 87 4
5 88 3
5 89 1
5 90 2
5 91 1
5 92 3
5 93 3
5 94 4
5 95 2
5 96 3
5 97 2
5 98 4
5 99 3
6 7 1
6 8 2
6 9 2
6 10 2
6 11 4
6 12 3
6 13 1
6 14 2
6 15 2
6 16 1
6 17 1
6 18 1
6 19 2
6 20 2
6 21 2
6 22 2
6 23 2
6 24 1
6 25 3
6 26 2
6 27 2
6 28 3
6 29 3
6 30 3
6 31 3
6 32 2
6 33 1
6 34 2
6 35 3
6 36 3
6 37 1
6 38 2
6 39 2
6 40 1
6 41 3
6 42 3
6 43 2
6 44 4
6 45 2
6 46 2
6 47 3
6 48 2
6 49 2
6 50 3
6 51 2
6 52 2
6 53 3
6 54 1
6 55 3
6 56 1
6 57 2
6 58 2
6 59 3
6 60 3
6 61 2
6 62 2
6 63 1
6 64 3
6 65 2
6 66 1
6 67 3
6 68 3
6 69 2
6 70 1
6 71 2
6 72 3
6 73 2
6 74 2
6 75 2
6 76 2
6 77 1
6 78 2
6 79 4
6 80 2
6 81 3
6 82 3
6 83 1
6 84 2
6 85 2
6 86 1
6 87 3
6 88 3
6 89 3
6 90 1
6 91 2
6 92 1
6 93 2
6 94 2
6 95 2
6 96 3
6 97 3
6 98 3
6 99 1
7 8 2
7 9 2
7 10 3
7 11 4
7 12 3
7 13 2
7 14 2
7 15 2
7 16 2
7 17 2
7 18 2
7 19 1
7 20 3
7 21 3
7 22 2
7 23 2
7 24 2
7 25 3
7 26 1
7 27 1
7 28 2
7 29 4
7 30 3
7 31 3
7 32 3
7 33 1
7 34 3
7 35 3
7 36 3
7 37 1
7 38 3
7 39 2
7 40 2
7 41 3
7 42 4
7 43 1
7 44 4
7 45 2
7 46 1
7 47 3
7 48 2
7 49 2
7 50 2
7 51 1
7 52 3
7 53 3
7 54 2
7 55 3
7 56 1
7 57 3
7 58 2
7 59 3
7 60 3
7 61 3
7 62 1
7 63 2
7 64 3
7 65 3
7 66 1
7 67 3
7 68 3
7 69 1
7 70 2
7 71 1
7 72 3
7 73 3
7 74 2
7 75 3
7 76 2
7 77 2
7 78 3
7 79 4
7 80 3
7 81 3
7 82 3
7 83 2
7 84 3
7 85 1
7 86 1
7 87 4
7 88 3
7 89 3
7 90 1
7 91 2
7 92 1
7 93 1
7 94 3
7 95 1
7 96 2
7 97 3
7 98 4
7 99 2
8 9 3
8 10 2
8 11 3
8 12 2
8 13 2
8 14 1
8 15 2
8 16 3
8 17 2
8 18 1
8 19 2
8 20 1
8 21 1
8 22 3
8 23 1
8 24 2
8 25 3
8 26 3
8 27 3
8 28 3
8 29 2
8 30 3
8 31 2
8 32 1
8 33 2
8 34 1
8 35 2
8 36 1
8 37 2
8 38 1
8 39 2
8 40 1
8 41 2
8 42 2
8 43 3
8 44 3
8 45 2
8 46 2
8 47 3
8 48 2
8 49 1
8 50 3
8 51 3
8 52 1
8 53 3
8 54 1
8 55 2
8 56 1
8 57 3
8 58 2
8 59 2
8 60 1
8 61 3
8 62 3
8 63 1
8 64 2
8 65 2
8 66 2
8 67 2
8 68 3
8 69 3
8 70 2
8 71 3
8 72 3
8 73 1
8 74 1
8 75 1
8 76 3
8 77 1
8 78 1
8 79 3
8 80 2
8 81 3
8 82 2
8 83 2
8 84 1
8 85 3
8 86 3
8 87 2
8 88 2
8 89 2
8 90 1
8 91 2
8 92 3
8 93 3
8 94 1
8 95 2
8 96 4
8 97 3
8 98 2
8 99 1
9 10 1
9 11 5
9 12 4
9 13 1
9 14 3
9 15 3
9 16 1
9 17 1
9 18 2
9 19 3
9 20 3
9 21 3
9 22 4
9 23 3
9 24 2
9 25 5
9 26 2
9 27 3
9 28 4
9 29 4
9 30 5
9 31 4
9 32 3
9 33 2
9 34 3
9 35 4
9 36 4
9 37 3
9 38 3
9 39 3
9 40 2
9 41 4
9 42 4
9 43 2
9 44 5
9 45 4
9 46 3
9 47 4
9 48 3
9 49 3
9 50 4
9 51 3
9 52 3
9 53 4
9 54 2
9 55 4
9 56 2
9 57 1
9 58 3
9 59 4
9 60 3
9 61 1
9 62 3
9 63 2
9 64 4
9 65 2
9 66 2
9 67 4
9 68 5
9 69 2
9 70 1
9 71 2
9 72 5
9 73 3
9 74 3
9 75 3
9 76 1
9 77 2
9 78 3
9 79 5
9 80 2
9 81 4
9 82 4
9 83 1
9 84 3
9 85 3
9 86 1
9 87 3
9 88 4
9 89 4
9 90 2
9 91 3
9 92 1
9 93 2
9 94 3
9 95 3
9 96 3
9 97 4
9 98 4
9 99 2
10 11 5
10 12 4
10 13 1
10 14 3
10 15 3
10 16 2
10 17 1
10 18 1
10 19 3
10 20 2
10 21 2
10 22 4
10 23 3
10 24 1
10 25 5
10 26 3
10 27 4
10 28 4
10 29 3
10 30 5
10 31 4
10 32 2
10 33 3
10 34 3
10 35 4
10 36 3
10 37 3
10 38 3
10 39 3
10 40 2
10 41 4
10 42 4
10 43 3
10 44 5
10 45 4
10 46 3
10 47 4
10 48 3
10 49 3
10 50 4
10 51 4
10 52 2
10 53 4
10 54 2
10 55 4
10 56 2
10 57 1
10 58 3
10 59 4
10 60 2
10 61 1
10 62 4
10 63 2
10 64 4
10 65 1
10 66 3
10 67 4
10 68 5
10 69 3
10 70 1
10 71 3
10 72 5
10 73 2
10 74 3
10 75 3
10 76 1
10 77 2
10 78 2
10 79 5
10 80 1
10 81 4
10 82 4
10 83 1
10 84 2
10 85 4
10 86 2
10 87 2
10 88 4
10 89 4
10 90 2
10 91 3
10 92 2
10 93 3
10 94 2
10 95 3
10 96 4
10 97 4
10 98 3
10 99 2
11 12 2
11 13 5
11 14 2
11 15 2
11 16 5
11 17 5
11 18 4
11 19 3
11 20 3
11 21 3
11 22 2
11 23 2
11 24 4
11 25 1
11 26 4
11 27 4
11 28 3
11 29 3
11 30 2
11 31 1
11 32 3
11 33 4
11 34 2
11 35 2
11 36 2
11 37 3
11 38 2
11 39 2
11 40 3
11 41 1
11 42 2
11 43 4
11 44 1
11 45 2
11 46 3
11 47 2
11 48 2
11 49 2
11 50 3
11 51 3
11 52 3
11 53 2
11 54 3
11 55 1
11 56 3
11 57 5
11 58 2
11 59 1
11 60 3
11 61 5
11 62 3
11 63 3
11 64 1
11 65 4
11 66 3
11 67 1
11 68 2
11 69 4
11 70 4
11 71 4
11 72 2
11 73 3
11 74 2
11 75 2
11 76 5
11 77 3
11 78 3
11 79 1
11 80 4
11 81 2
11 82 2
11 83 4
11 84 3
11 85 4
11 86 5
11 87 3
11 88 1
11 89 1
11 90 3
11 91 2
11 92 4
11 93 4
11 94 3
11 95 3
11 96 4
11 97 1
11 98 3
11 99 3
12 13 4
12 14 2
12 15 1
12 16 4
12 17 4
12 18 3
12 19 2
12 20 3
12 21 3
12 22 1
12 23 1
12 24 3
12 25 1
12 26 3
12 27 3
12 28 1
12 29 4
12 30 1
12 31 1
12 32 3
12 33 3
12 34 3
12 35 1
12 36 3
12 37 2
12 38 3
12 39 1
12 40 2
12 41 1
12 42 3
12 43 3
12 44 2
12 45 1
12 46 2
12 47 1
12 48 1
12 49 2
12 50 1
12 51 2
12 52 3
12 53 1
12 54 2
12 55 1
12 56 2
12 57 4
12 58 1
12 59 1
12 60 3
12 61 4
12 62 2
12 63 2
12 64 1
12 65 4
12 66 2
12 67 2
12 68 1
12 69 3
12 70 3
12 71 3
12 72 1
12 73 3
12 74 2
12 75 3
12 76 4
12 77 2
12 78 3
12 79 2
12 80 4
12 81 1
12 82 1
12 83 3
12 84 3
12 85 3
12 86 4
12 87 4
12 88 2
12 89 1
12 90 2
12 91 1
12 92 3
12 93 3
12 94 3
12 95 2
12 96 3
12 97 1
12 98 4
12 99 2
13 14 3
13 15 3
13 16 1
13 17 1
13 18 1
13 19 3
13 20 3
13 21 2
13 22 3
13 23 3
13 24 1
13 25 4
13 26 2
13 27 3
13 28 4
13 29 3
13 30 4
13 31 4
13 32 3
13 33 2
13 34 3
13 35 4
13 36 3
13 37 2
13 38 3
13 39 3
13 40 2
13 41 4
13 42 4
13 43 2
13 44 5
13 45 3
13 46 3
13 47 4
13 48 3
13 49 3
13 50 4
13 51 3
13 52 2
13 53 4
13 54 2
13 55 4
13 56 2
13 57 1
13 58 3
13 59 4
13 60 3
13 61 1
13 62 3
13 63 2
13 64 4
13 65 2
13 66 2
13 67 4
13 68 4
13 69 2
13 70 1
13 71 2
13 72 4
13 73 2
13 74 3
13 75 3
13 76 1
13 77 2
13 78 2
13 79 5
13 80 2
13 81 4
13 82 4
13 83 1
13 84 3
13 85 3
13 86 1
13 87 3
13 88 4
13 89 4
13 90 2
13 91 3
13 92 1
13 93 2
13 94 3
13 95 3
13 96 3
13 97 4
13 98 4
13 99 2
14 15 2
14 16 3
14 17 3
14 18 2
14 19 2
14 20 2
14 21 1
14 22 2
14 23 1
14 24 2
14 25 2
14 26 3
14 27 3
14 28 2
14 29 2
14 30 2
14 31 1
14 32 2
14 33 2
14 34 2
14 35 1
14 36 2
14 37 1
14 38 1
14 39 1
14 40 1
14 41 1
14 42 2
14 43 3
14 44 2
14 45 1
14 46 2
14 47 2
14 48 1
14 49 1
14 50 2
14 51 3
14 52 2
14 53 2
14 54 1
14 55 1
14 56 1
14 57 3
14 58 1
14 59 1
14 60 2
14 61 3
14 62 2
14 63 2
14 64 1
14 65 2
14 66 2
14 67 1
14 68 2
14 69 3
14 70 3
14 71 3
14 72 2
14 73 2
14 74 1
14 75 1
14 76 3
14 77 1
14 78 2
14 79 2
14 80 3
14 81 2
14 82 1
14 83 2
14 84 2
14 85 3
14 86 3
14 87 2
14 88 1
14 89 1
14 90 2
14 91 2
14 92 3
14 93 3
14 94 2
14 95 2
14 96 3
14 97 2
14 98 2
14 99 1
15 16 3
15 17 3
15 18 2
15 19 1
15 20 3
15 21 2
15 22 1
15 23 1
15 24 3
15 25 2
15 26 2
15 27 2
15 28 1
15 29 4
15 30 2
15 31 2
15 32 3
15 33 2
15 34 3
15 35 1
15 36 3
15 37 1
15 38 3
15 39 1
15 40 2
15 41 2
15 42 4
15 43 2
15 44 3
15 45 1
15 46 1
15 47 2
15 48 1
15 49 2
15 50 1
15 51 1
15 52 3
15 53 2
15 54 2
15 55 1
15 56 1
15 57 4
15 58 1
15 59 2
15 60 3
15 61 3
15 62 1
15 63 2
15 64 1
15 65 3
15 66 1
15 67 2
15 68 2
15 69 2
15 70 3
15 71 2
15 72 2
15 73 3
15 74 2
15 75 3
15 76 3
15 77 1
15 78 3
15 79 2
15 80 3
15 81 2
15 82 1
15 83 2
15 84 3
15 85 2
15 86 3
15 87 3
15 88 3
15 89 2
15 90 2
15 91 1
15 92 2
15 93 2
15 94 3
15 95 1
15 96 2
15 97 2
15 98 4
15 99 2
16 17 1
16 18 2
16 19 2
16 20 3
16 21 3
16 22 3
16 23 3
16 24 2
16 25 4
16 26 1
16 27 2
16 28 3
16 29 4
16 30 4
16 31 4
16 32 3
16 33 2
16 34 3
16 35 4
16 36 4
16 37 2
16 38 3
16 39 3
16 40 2
16 41 4
16 42 4
16 43 2
16 44 5
16 45 3
16 46 2
16 47 4
16 48 3
16 49 3
16 50 3
16 51 2
16 52 3
16 53 4
16 54 2
16 55 4
16 56 2
16 57 2
16 58 3
16 59 4
16 60 3
16 61 1
16 62 2
16 63 2
16 64 4
16 65 3
16 66 2
16 67 4
16 68 4
16 69 2
16 70 1
16 71 1
16 72 4
16 73 3
16 74 3
16 75 3
16 76 1
16 77 2
16 78 3
16 79 5
16 80 2
16 81 4
16 82 4
16 83 1
16 84 3
16 85 2
16 86 1
16 87 3
16 88 4
16 89 4
16 90 2
16 91 3
16 92 1
16 93 1
16 94 3
16 95 3
16 96 3
16 97 4
16 98 4
16 99 2
17 18 1
17 19 3
17 20 2
17 21 2
17 22 3
17 23 3
17 24 1
17 25 4
17 26 2
17 27 3
17 28 4
17 29 3
17 30 4
17 31 4
17 32 2
17 33 2
17 34 3
17 35 4
17 36 3
17 37 2
17 38 3
17 39 3
17 40 2
17 41 4
17 42 4
17 43 2
17 44 5
17 45 3
17 46 3
17 47 4
17 48 3
17 49 3
17 50 4
17 51 3
17 52 2
17 53 4
17 54 2
17 55 4
17 56 2
17 57 1
17 58 3
17 59 4
17 60 2
17 61 1
17 62 3
17 63 2
17 64 4
17 65 2
17 66 2
17 67 4
17 68 4
17 69 2
17 70 1
17 71 2
17 72 4
17 73 2
17 74 3
17 75 3
17 76 1
17 77 2
17 78 2
17 79 5
17 80 1
17 81 4
17 82 4
17 83 1
17 84 2
17 85 3
17 86 2
17 87 2
17 88 4
17 89 4
17 90 2
17 91 3
17 92 1
17 93 2
17 94 2
17 95 3
17 96 3
17 97 4
17 98 3
17 99 2
18 19 2
18 20 2
18 21 1
18 22 3
18 23 2
18 24 1
18 25 4
18 26 3
18 27 3
18 28 3
18 29 2
18 30 4
18 31 3
18 32 2
18 33 2
18 34 2
18 35 3
18 36 2
18 37 2
18 38 2
18 39 2
18 40 1
18 41 3
18 42 3
18 43 3
18 44 4
18 45 3
18 46 2
18 47 3
18 48 2
18 49 2
18 50 3
18 51 3
18 52 1
18 53 3
18 54 1
18 55 3
18 56 1
18 57 2
18 58 2
18 59 3
18 60 2
18 61 2
18 62 3
18 63 1
18 64 3
18 65 1
18 66 2
18 67 3
18 68 4
18 69 3
18 70 1
18 71 3
18 72 4
18 73 1
18 74 2
18 75 2
18 76 2
18 77 1
18 78 1
18 79 4
18 80 1
18 81 3
18 82 3
18 83 1
18 84 2
18 85 3
18 86 2
18 87 2
18 88 3
18 89 3
18 90 1
18 91 2
18 92 2
18 93 3
18 94 2
18 95 2
18 96 4
18 97 3
18 98 3
18 99 1
19 20 3
19 21 2
19 22 2
19 23 2
19 24 2
19 25 3
19 26 1
19 27 1
19 28 2
19 29 4
19 30 3
19 31 3
19 32 3
19 33 1
19 34 3
19 35 2
19 36 3
19 37 1
19 38 3
19 39 1
19 40 2
19 41 3
19 42 4
19 43 1
19 44 3
19 45 2
19 46 1
19 47 2
19 48 2
19 49 2
19 50 1
19 51 1
19 52 3
19 53 2
19 54 2
19 55 2
19 56 1
19 57 3
19 58 2
19 59 3
19 60 3
19 61 3
19 62 1
19 63 2
19 64 2
19 65 3
19 66 1
19 67 3
19 68 3
19 69 1
19 70 2
19 71 2
19 72 3
19 73 3
19 74 2
19 75 3
19 76 3
19 77 1
19 78 3
19 79 3
19 80 3
19 81 2
19 82 2
19 83 2
19 84 3
19 85 1
19 86 2
19 87 3
19 88 3
19 89 2
19 90 1
19 91 1
19 92 2
19 93 1
19 94 3
19 95 1
19 96 2
19 97 3
19 98 4
19 99 2
20 21 1
20 22 3
20 23 2
20 24 2
20 25 4
20 26 4
20 27 4
20 28 4
20 29 1
20 30 4
20 31 3
20 32 1
20 33 3
20 34 1
20 35 3
20 36 1
20 37 2
20 38 1
20 39 3
20 40 2
20 41 3
20 42 2
20 43 4
20 44 3
20 45 3
20 46 3
20 47 4
20 48 2
20 49 1
20 50 4
20 51 4
20 52 1
20 53 3
20 54 1
20 55 3
20 56 2
20 57 2
20 58 2
20 59 3
20 60 1
20 61 3
20 62 4
20 63 2
20 64 3
20 65 1
20 66 3
20 67 3
20 68 4
20 69 4
20 70 3
20 71 4
20 72 4
20 73 1
20 74 2
20 75 1
20 76 3
20 77 2
20 78 1
20 79 3
20 80 1
20 81 3
20 82 3
20 83 2
20 84 1
20 85 4
20 86 3
20 87 1
20 88 2
20 89 3
20 90 2
20 91 3
20 92 3
20 93 4
20 94 1
20 95 3
20 96 5
20 97 3
20 98 1
20 99 1
21 22 3
21 23 2
21 24 2
21 25 3
21 26 3
21 27 3
21 28 3
21 29 2
21 30 3
21 31 2
21 32 1
21 33 3
21 34 1
21 35 2
21 36 1
21 37 2
21 38 1
21 39 2
21 40 1
21 41 2
21 42 2
21 43 3
21 44 3
21 45 2
21 46 2
21 47 3
21 48 2
21 49 1
21 50 3
21 51 3
21 52 1
21 53 3
21 54 1
21 55 2
21 56 2
21 57 3
21 58 2
21 59 2
21 60 1
21 61 3
21 62 3
21 63 1
21 64 2
21 65 1
21 66 2
21 67 2
21 68 3
21 69 3
21 70 2
21 71 3
21 72 3
21 73 1
21 74 1
21 75 1
21 76 3
21 77 1
21 78 1
21 79 3
21 80 2
21 81 3
21 82 2
21 83 2
21 84 1
21 85 3
21 86 3
21 87 1
21 88 2
21 89 2
21 90 2
21 91 2
21 92 3
21 93 3
21 94 1
21 95 2
21 96 4
21 97 3
21 98 2
21 99 1
22 23 2
22 24 3
22 25 2
22 26 2
22 27 2
22 28 1
22 29 4
22 30 2
22 31 2
22 32 3
22 33 2
22 34 3
22 35 1
22 36 4
22 37 1
22 38 3
22 39 1
22 40 2
22 41 2
22 42 4
22 43 2
22 44 2
22 45 1
22 46 1
22 47 1
22 48 1
22 49 2
22 50 1
22 51 2
22 52 3
22 53 1
22 54 2
22 55 1
22 56 2
22 57 4
22 58 1
22 59 2
22 60 4
22 61 4
22 62 1
22 63 2
22 64 1
22 65 4
22 66 2
22 67 2
22 68 2
22 69 2
22 70 3
22 71 3
22 72 2
22 73 3
22 74 2
22 75 3
22 76 4
22 77 2
22 78 3
22 79 2
22 80 4
22 81 1
22 82 1
22 83 3
22 84 3
22 85 2
22 86 3
22 87 4
22 88 3
22 89 1
22 90 2
22 91 1
22 92 3
22 93 2
22 94 3
22 95 1
22 96 2
22 97 2
22 98 4
22 99 2
23 24 2
23 25 2
23 26 3
23 27 3
23 28 2
23 29 3
23 30 2
23 31 1
23 32 2
23 33 2
23 34 2
23 35 1
23 36 2
23 37 1
23 38 2
23 39 1
23 40 1
23 41 1
23 42 3
23 43 3
23 44 2
23 45 1
23 46 2
23 47 2
23 48 1
23 49 1
23 50 2
23 51 2
23 52 2
23 53 2
23 54 1
23 55 1
23 56 1
23 57 3
23 58 1
23 59 2
23 60 2
23 61 3
23 62 2
23 63 1
23 64 1
23 65 3
23 66 2
23 67 2
23 68 2
23 69 3
23 70 2
23 71 3
23 72 2
23 73 2
23 74 1
23 75 2
23 76 3
23 77 1
23 78 2
23 79 2
23 80 3
23 81 2
23 82 1
23 83 2
23 84 2
23 85 3
23 86 3
23 87 3
23 88 2
23 89 1
23 90 1
23 91 1
23 92 3
23 93 3
23 94 2
23 95 2
23 96 3
23 97 2
23 98 3
23 99 1
24 25 4
24 26 3
24 27 3
24 28 4
24 29 2
24 30 4
24 31 3
24 32 2
24 33 2
24 34 2
24 35 3
24 36 2
24 37 2
24 38 2
24 39 2
24 40 2
24 41 3
24 42 3
24 43 3
24 44 4
24 45 3
24 46 2
24 47 4
24 48 2
24 49 2
24 50 3
24 51 3
24 52 1
24 53 3
24 54 1
24 55 3
24 56 2
24 57 1
24 58 3
24 59 3
24 60 2
24 61 1
24 62 3
24 63 1
24 64 3
24 65 1
24 66 2
24 67 3
24 68 4
24 69 3
24 70 1
24 71 3
24 72 4
24 73 1
24 74 2
24 75 2
24 76 2
24 77 2
24 78 2
24 79 4
24 80 1
24 81 4
24 82 3
24 83 1
24 84 2
24 85 3
24 86 2
24 87 2
24 88 3
24 89 3
24 90 1
24 91 3
24 92 2
24 93 3
24 94 2
24 95 3
24 96 4
24 97 3
24 98 3
24 99 1
25 26 4
25 27 3
25 28 2
25 29 4
25 30 1
25 31 1
25 32 4
25 33 3
25 34 3
25 35 1
25 36 3
25 37 2
25 38 3
25 39 2
25 40 3
25 41 1
25 42 3
25 43 3
25 44 1
25 45 1
25 46 3
25 47 2
25 48 2
25 49 3
25 50 2
25 51 3
25 52 4
25 53 1
25 54 3
25 55 1
25 56 3
25 57 5
25 58 2
25 59 1
25 60 4
25 61 5
25 62 3
25 63 3
25 64 1
25 65 4
25 66 3
25 67 1
25 68 1
25 69 4
25 70 4
25 71 4
25 72 1
25 73 4
25 74 2
25 75 3
25 76 5
25 77 3
25 78 4
25 79 1
25 80 5
25 81 1
25 82 1
25 83 4
25 84 4
25 85 4
25 86 4
25 87 4
25 88 2
25 89 1
25 90 3
25 91 2
25 92 4
25 93 4
25 94 4
25 95 2
25 96 4
25 97 1
25 98 4
25 99 3
26 27 1
26 28 3
26 29 5
26 30 4
26 31 4
26 32 4
26 33 1
26 34 4
26 35 3
26 36 4
26 37 2
26 38 4
26 39 2
26 40 2
26 41 4
26 42 5
26 43 1
26 44 4
26 45 3
26 46 1
26 47 3
26 48 3
26 49 3
26 50 2
26 51 2
26 52 4
26 53 3
26 54 3
26 55 3
26 56 2
26 57 3
26 58 3
26 59 4
26 60 4
26 61 2
26 62 2
26 63 3
26 64 3
26 65 4
26 66 1
26 67 4
26 68 4
26 69 1
26 70 2
26 71 1
26 72 4
26 73 4
26 74 3
26 75 4
26 76 2
26 77 2
26 78 4
26 79 4
26 80 3
26 81 3
26 82 3
26 83 2
26 84 4
26 85 2
26 86 1
26 87 4
26 88 4
26 89 3
26 90 2
26 91 2
26 92 1
26 93 1
26 94 4
26 95 2
26 96 2
26 97 4
26 98 5
26 99 3
27 28 2
27 29 5
27 30 3
27 31 3
27 32 4
27 33 1
27 34 4
27 35 3
27 36 4
27 37 2
27 38 4
27 39 2
27 40 2
27 41 3
27 42 5
27 43 1
27 44 4
27 45 2
27 46 1
27 47 3
27 48 2
27 49 3
27 50 2
27 51 1
27 52 4
27 53 3
27 54 3
27 55 3
27 56 2
27 57 4
27 58 3
27 59 3
27 60 4
27 61 3
27 62 1
27 63 3
27 64 3
27 65 4
27 66 1
27 67 4
27 68 3
27 69 1
27 70 3
27 71 1
27 72 3
27 73 4
27 74 3
27 75 4
27 76 3
27 77 2
27 78 4
27 79 4
27 80 4
27 81 3
27 82 3
27 83 3
27 84 4
27 85 1
27 86 2
27 87 4
27 88 4
27 89 3
27 90 2
27 91 2
27 92 2
27 93 1
27 94 4
27 95 1
27 96 1
27 97 3
27 98 5
27 99 3
28 29 4
28 30 2
28 31 2
28 32 4
28 33 2
28 34 4
28 35 1
28 36 4
28 37 2
28 38 3
28 39 2
28 40 3
28 41 2
28 42 4
28 43 2
28 44 3
28 45 2
28 46 2
28 47 1
28 48 2
28 49 3
28 50 1
28 51 2
28 52 4
28 53 1
28 54 3
28 55 2
28 56 2
28 57 5
28 58 2
28 59 2
28 60 4
28 61 4
28 62 1
28 63 3
28 64 2
28 65 4
28 66 2
28 67 3
28 68 2
28 69 2
28 70 4
28 71 3
28 72 2
28 73 4
28 74 2
28 75 3
28 76 4
28 77 2
28 78 4
28 79 3
28 80 4
28 81 1
28 82 2
28 83 3
28 84 4
28 85 2
28 86 3
28 87 4
28 88 3
28 89 2
28 90 3
28 91 1
28 92 3
28 93 3
28 94 4
28 95 1
28 96 2
28 97 2
28 98 4
28 99 3
29 30 4
29 31 3
29 32 1
29 33 4
29 34 1
29 35 3
29 36 1
29 37 3
29 38 1
29 39 3
29 40 3
29 41 3
29 42 2
29 43 5
29 44 3
29 45 3
29 46 4
29 47 4
29 48 3
29 49 2
29 50 4
29 51 5
29 52 1
29 53 4
29 54 2
29 55 3
29 56 3
29 57 3
29 58 3
29 59 3
29 60 1
29 61 3
29 62 4
29 63 2
29 64 3
29 65 2
29 66 4
29 67 3
29 68 4
29 69 5
29 70 3
29 71 5
29 72 4
29 73 1
29 74 2
29 75 1
29 76 4
29 77 3
29 78 1
29 79 3
29 80 2
29 81 4
29 82 3
29 83 3
29 84 1
29 85 5
29 86 4
29 87 1
29 88 2
29 89 3
29 90 3
29 91 3
29 92 4
29 93 5
29 94 1
29 95 4
29 96 5
29 97 4
29 98 1
29 99 2
30 31 2
30 32 4
30 33 3
30 34 4
30 35 1
30 36 4
30 37 2
30 38 3
30 39 2
30 40 3
30 41 1
30 42 3
30 43 3
30 44 2
30 45 1
30 46 3
30 47 1
30 48 2
30 49 3
30 50 2
30 51 3
30 52 4
30 53 1
30 54 3
30 55 1
30 56 3
30 57 5
30 58 2
30 59 2
30 60 4
30 61 5
30 62 3
30 63 3
30 64 1
30 65 4
30 66 3
30 67 2
30 68 1
30 69 4
30 70 4
30 71 4
30 72 1
30 73 4
30 74 2
30 75 3
30 76 5
30 77 3
30 78 4
30 79 2
30 80 5
30 81 1
30 82 1
30 83 4
30 84 4
30 85 4
30 86 4
30 87 4
30 88 3
30 89 1
30 90 3
30 91 2
30 92 4
30 93 4
30 94 4
30 95 2
30 96 4
30 97 1
30 98 4
30 99 3
31 32 3
31 33 3
31 34 2
31 35 1
31 36 2
31 37 2
31 38 2
31 39 2
31 40 2
31 41 1
31 42 2
31 43 3
31 44 1
31 45 1
31 46 3
31 47 2
31 48 1
31 49 2
31 50 2
31 51 3
31 52 3
31 53 2
31 54 2
31 55 1
31 56 2
31 57 4
31 58 1
31 59 1
31 60 3
31 61 4
31 62 3
31 63 2
31 64 1
31 65 3
31 66 3
31 67 1
31 68 1
31 69 4
31 70 3
31 71 4
31 72 2
31 73 3
31 74 2
31 75 2
31 76 4
31 77 2
31 78 3
31 79 1
31 80 4
31 81 2
31 82 1
31 83 3
31 84 3
31 85 4
31 86 4
31 87 3
31 88 1
31 89 1
31 90 2
31 91 2
31 92 4
31 93 4
31 94 3
31 95 2
31 96 4
31 97 1
31 98 3
31 99 2
32 33 3
32 34 1
32 35 3
32 36 1
32 37 2
32 38 1
32 39 3
32 40 2
32 41 3
32 42 2
32 43 4
32 44 3
32 45 3
32 46 3
32 47 4
32 48 2
32 49 1
32 50 4
32 51 4
32 52 1
32 53 3
32 54 1
32 55 3
32 56 2
32 57 2
32 58 2
32 59 3
32 60 1
32 61 3
32 62 4
32 63 2
32 64 3
32 65 1
32 66 3
32 67 3
32 68 4
32 69 4
32 70 3
32 71 4
32 72 4
32 73 1
32 74 2
32 75 1
32 76 3
32 77 2
32 78 1
32 79 3
32 80 1
32 81 3
32 82 3
32 83 2
32 84 1
32 85 4
32 86 3
32 87 1
32 88 2
32 89 3
32 90 2
32 91 3
32 92 3
32 93 4
32 94 1
32 95 3
32 96 5
32 97 3
32 98 1
32 99 2
33 34 3
33 35 3
33 36 3
33 37 1
33 38 3
33 39 2
33 40 2
33 41 3
33 42 4
33 43 1
33 44 4
33 45 2
33 46 1
33 47 3
33 48 2
33 49 2
33 50 2
33 51 1
33 52 3
33 53 3
33 54 2
33 55 3
33 56 1
33 57 3
33 58 2
33 59 3
33 60 3
33 61 3
33 62 1
33 63 2
33 64 3
33 65 3
33 66 1
33 67 3
33 68 3
33 69 1
33 70 2
33 71 1
33 72 3
33 73 3
33 74 2
33 75 3
33 76 2
33 77 2
33 78 3
33 79 4
33 80 3
33 81 3
33 82 3
33 83 2
33 84 3
33 85 1
33 86 1
33 87 4
33 88 3
33 89 3
33 90 1
33 91 2
33 92 1
33 93 1
33 94 3
33 95 1
33 96 2
33 97 3
33 98 4
33 99 2
34 35 3
34 36 1
34 37 2
34 38 1
34 39 3
34 40 2
34 41 3
34 42 1
34 43 4
34 44 2
34 45 3
34 46 3
34 47 4
34 48 2
34 49 1
34 50 4
34 51 4
34 52 1
34 53 3
34 54 1
34 55 3
34 56 2
34 57 3
34 58 2
34 59 2
34 60 1
34 61 3
34 62 4
34 63 2
34 64 3
34 65 2
34 66 3
34 67 2
34 68 3
34 69 4
34 70 3
34 71 4
34 72 4
34 73 1
34 74 2
34 75 1
34 76 3
34 77 2
34 78 1
34 79 2
34 80 2
34 81 3
34 82 3
34 83 2
34 84 1
34 85 4
34 86 3
34 87 1
34 88 1
34 89 3
34 90 2
34 91 3
34 92 3
34 93 4
34 94 1
34 95 3
34 96 5
34 97 3
34 98 1
34 99 2
35 36 3
35 37 2
35 38 2
35 39 1
35 40 2
35 41 1
35 42 3
35 43 3
35 44 2
35 45 1
35 46 2
35 47 1
35 48 1
35 49 2
35 50 1
35 51 2
35 52 3
35 53 1
35 54 2
35 55 1
35 56 2
35 57 4
35 58 1
35 59 2
35 60 3
35 61 4
35 62 2
35 63 2
35 64 1
35 65 3
35 66 2
35 67 2
35 68 1
35 69 3
35 70 3
35 71 3
35 72 1
35 73 3
35 74 2
35 75 2
35 76 4
35 77 2
35 78 3
35 79 2
35 80 4
35 81 1
35 82 1
35 83 3
35 84 3
35 85 3
35 86 4
35 87 3
35 88 2
35 89 1
35 90 2
35 91 1
35 92 3
35 93 3
35 94 3
35 95 2
35 96 3
35 97 1
35 98 3
35 99 2
36 37 3
36 38 1
36 39 3
36 40 2
36 41 3
36 42 1
36 43 4
36 44 2
36 45 3
36 46 3
36 47 4
36 48 3
36 49 2
36 50 4
36 51 4
36 52 1
36 53 4
36 54 2
36 55 3
36 56 2
36 57 3
36 58 3
36 59 2
36 60 1
36 61 3
36 62 4
36 63 2
36 64 3
36 65 2
36 66 3
36 67 2
36 68 3
36 69 4
36 70 3
36 71 4
36 72 4
36 73 1
36 74 2
36 75 1
36 76 4
36 77 2
36 78 1
36 79 2
36 80 2
36 81 4
36 82 3
36 83 3
36 84 1
36 85 4
36 86 4
36 87 1
36 88 1
36 89 3
36 90 2
36 91 3
36 92 4
36 93 4
36 94 1
36 95 3
36 96 5
36 97 3
36 98 1
36 99 2
37 38 2
37 39 1
37 40 1
37 41 2
37 42 3
37 43 2
37 44 3
37 45 1
37 46 1
37 47 2
37 48 1
37 49 1
37 50 2
37 51 2
37 52 2
37 53 2
37 54 1
37 55 2
37 56 1
37 57 3
37 58 1
37 59 2
37 60 3
37 61 3
37 62 2
37 63 1
37 64 2
37 65 3
37 66 1
37 67 2
37 68 2
37 69 2
37 70 2
37 71 2
37 72 2
37 73 2
37 74 1
37 75 2
37 76 3
37 77 1
37 78 2
37 79 3
37 80 3
37 81 2
37 82 2
37 83 2
37 84 2
37 85 2
37 86 2
37 87 3
37 88 2
37 89 2
37 90 1
37 91 1
37 92 2
37 93 2
37 94 2
37 95 1
37 96 3
37 97 2
37 98 3
37 99 1
38 39 2
38 40 2
38 41 2
38 42 1
38 43 4
38 44 2
38 45 2
38 46 3
38 47 3
38 48 2
38 49 1
38 50 3
38 51 4
38 52 1
38 53 3
38 54 1
38 55 2
38 56 2
38 57 3
38 58 2
38 59 2
38 60 1
38 61 3
38 62 3
38 63 2
38 64 2
38 65 2
38 66 3
38 67 2
38 68 3
38 69 4
38 70 3
38 71 4
38 72 3
38 73 1
38 74 2
38 75 1
38 76 3
38 77 2
38 78 1
38 79 2
38 80 2
38 81 3
38 82 2
38 83 2
38 84 1
38 85 4
38 86 3
38 87 1
38 88 1
38 89 2
38 90 2
38 91 3
38 92 3
38 93 4
38 94 1
38 95 3
38 96 4
38 97 3
38 98 1
38 99 1
39 40 1
39 41 2
39 42 3
39 43 2
39 44 2
39 45 1
39 46 1
39 47 2
39 48 1
39 49 2
39 50 1
39 51 2
39 52 3
39 53 2
39 54 2
39 55 1
39 56 1
39 57 3
39 58 1
39 59 2
39 60 3
39 61 3
39 62 1
39 63 2
39 64 1
39 65 3
39 66 2
39 67 2
39 68 2
39 69 2
39 70 2
39 71 3
39 72 2
39 73 3
39 74 1
39 75 2
39 76 3
39 77 1
39 78 3
39 79 2
39 80 3
39 81 2
39 82 1
39 83 2
39 84 3
39 85 2
39 86 3
39 87 3
39 88 2
39 89 1
39 90 1
39 91 1
39 92 3
39 93 2
39 94 3
39 95 1
39 96 2
39 97 2
39 98 3
39 99 2
40 41 2
40 42 3
40 43 2
40 44 3
40 45 2
40 46 1
40 47 3
40 48 1
40 49 1
40 50 2
40 51 2
40 52 2
40 53 2
40 54 1
40 55 2
40 56 1
40 57 3
40 58 1
40 59 2
40 60 2
40 61 2
40 62 2
40 63 1
40 64 2
40 65 2
40 66 1
40 67 2
40 68 3
40 69 2
40 70 2
40 71 2
40 72 3
40 73 2
40 74 1
40 75 2
40 76 2
40 77 1
40 78 2
40 79 3
40 80 2
40 81 2
40 82 2
40 83 1
40 84 2
40 85 2
40 86 2
40 87 2
40 88 2
40 89 2
40 90 1
40 91 2
40 92 2
40 93 2
40 94 2
40 95 2
40 96 3
40 97 2
40 98 3
40 99 1
41 42 2
41 43 3
41 44 1
41 45 1
41 46 3
41 47 2
41 48 1
41 49 2
41 50 2
41 51 3
41 52 3
41 53 1
41 54 2
41 55 1
41 56 2
41 57 4
41 58 1
41 59 1
41 60 3
41 61 4
41 62 3
41 63 2
41 64 1
41 65 3
41 66 3
41 67 1
41 68 1
41 69 4
41 70 3
41 71 4
41 72 1
41 73 3
41 74 2
41 75 2
41 76 4
41 77 2
41 78 3
41 79 1
41 80 4
41 81 1
41 82 1
41 83 3
41 84 3
41 85 4
41 86 4
41 87 3
41 88 2
41 89 1
41 90 2
41 91 2
41 92 4
41 93 4
41 94 3
41 95 2
41 96 4
41 97 1
41 98 3
41 99 2
42 43 5
42 44 2
42 45 3
42 46 4
42 47 4
42 48 3
42 49 2
42 50 4
42 51 5
42 52 2
42 53 3
42 54 2
42 55 3
42 56 3
42 57 4
42 58 3
42 59 2
42 60 2
42 61 4
42 62 4
42 63 3
42 64 3
42 65 3
42 66 4
42 67 2
42 68 3
42 69 5
42 70 4
42 71 5
42 72 3
42 73 2
42 74 2
42 75 1
42 76 4
42 77 3
42 78 2
42 79 2
42 80 3
42 81 3
42 82 3
42 83 3
42 84 2
42 85 5
42 86 4
42 87 2
42 88 1
42 89 3
42 90 3
42 91 3
42 92 4
42 93 5
42 94 2
42 95 4
42 96 5
42 97 2
42 98 1
42 99 2
43 44 4
43 45 2
43 46 1
43 47 3
43 48 2
43 49 3
43 50 2
43 51 1
43 52 4
43 53 3
43 54 3
43 55 3
43 56 2
43 57 3
43 58 3
43 59 3
43 60 4
43 61 3
43 62 1
43 63 3
43 64 3
43 65 4
43 66 1
43 67 4
43 68 3
43 69 1
43 70 2
43 71 1
43 72 3
43 73 4
43 74 3
43 75 4
43 76 2
43 77 2
43 78 4
43 79 4
43 80 3
43 81 3
43 82 3
43 83 2
43 84 4
43 85 1
43 86 2
43 87 4
43 88 4
43 89 3
43 90 2
43 91 2
43 92 1
43 93 1
43 94 4
43 95 1
43 96 1
43 97 3
43 98 5
43 99 3
44 45 2
44 46 3
44 47 2
44 48 2
44 49 2
44 50 3
44 51 4
44 52 3
44 53 2
44 54 3
44 55 2
44 56 3
44 57 5
44 58 2
44 59 1
44 60 3
44 61 5
44 62 3
44 63 3
44 64 2
44 65 4
44 66 4
44 67 1
44 68 2
44 69 4
44 70 4
44 71 5
44 72 2
44 73 3
44 74 3
44 75 2
44 76 5
44 77 3
44 78 3
44 79 1
44 80 4
44 81 2
44 82 2
44 83 4
44 84 3
44 85 4
44 86 5
44 87 3
44 88 1
44 89 1
44 90 3
44 91 2
44 92 5
44 93 4
44 94 3
44 95 3
44 96 4
44 97 1
44 98 3
44 99 3
45 46 2
45 47 1
45 48 1
45 49 2
45 50 1
45 51 2
45 52 3
45 53 1
45 54 2
45 55 1
45 56 2
45 57 4
45 58 1
45 59 1
45 60 3
45 61 4
45 62 2
45 63 2
45 64 1
45 65 3
45 66 2
45 67 2
45 68 1
45 69 3
45 70 3
45 71 3
45 72 1
45 73 3
45 74 1
45 75 2
45 76 4
45 77 2
45 78 3
45 79 2
45 80 4
45 81 1
45 82 1
45 83 3
45 84 3
45 85 3
45 86 3
45 87 3
45 88 2
45 89 1
45 90 2
45 91 1
45 92 3
45 93 3
45 94 3
45 95 1
45 96 3
45 97 1
45 98 3
45 99 2
46 47 2
46 48 2
46 49 2
46 50 1
46 51 1
46 52 3
46 53 2
46 54 2
46 55 2
46 56 1
46 57 3
46 58 2
46 59 3
46 60 3
46 61 3
46 62 1
46 63 2
46 64 2
46 65 3
46 66 1
46 67 3
46 68 3
46 69 1
46 70 2
46 71 2
46 72 3
46 73 3
46 74 2
46 75 3
46 76 3
46 77 1
46 78 3
46 79 3
46 80 3
46 81 2
46 82 2
46 83 2
46 84 3
46 85 1
46 86 2
46 87 3
46 88 3
46 89 2
46 90 1
46 91 1
46 92 2
46 93 1
46 94 3
46 95 1
46 96 2
46 97 3
46 98 4
46 99 2
47 48 2
47 49 3
47 50 1
47 51 2
47 52 4
47 53 1
47 54 3
47 55 2
47 56 2
47 57 5
47 58 2
47 59 2
47 60 4
47 61 4
47 62 2
47 63 3
47 64 1
47 65 4
47 66 3
47 67 2
47 68 1
47 69 3
47 70 4
47 71 4
47 72 1
47 73 4
47 74 2
47 75 3
47 76 4
47 77 3
47 78 4
47 79 2
47 80 4
47 81 1
47 82 1
47 83 3
47 84 4
47 85 3
47 86 4
47 87 4
47 88 3
47 89 1
47 90 3
47 91 1
47 92 4
47 93 3
47 94 4
47 95 2
47 96 3
47 97 2
47 98 4
47 99 3
48 49 1
48 50 2
48 51 2
48 52 2
48 53 1
48 54 2
48 55 1
48 56 1
48 57 3
48 58 1
48 59 2
48 60 3
48 61 3
48 62 2
48 63 2
48 64 1
48 65 3
48 66 2
48 67 2
48 68 2
48 69 3
48 70 3
48 71 3
48 72 2
48 73 2
48 74 1
48 75 2
48 76 3
48 77 1
48 78 2
48 79 2
48 80 3
48 81 2
48 82 1
48 83 2
48 84 3
48 85 3
48 86 3
48 87 3
48 88 2
48 89 1
48 90 2
48 91 1
48 92 3
48 93 3
48 94 3
48 95 1
48 96 3
48 97 1
48 98 3
48 99 1
49 50 3
49 51 3
49 52 1
49 53 2
49 54 1
49 55 2
49 56 1
49 57 3
49 58 1
49 59 2
49 60 2
49 61 3
49 62 3
49 63 1
49 64 2
49 65 2
49 66 2
49 67 2
49 68 3
49 69 3
49 70 2
49 71 3
49 72 3
49 73 1
49 74 1
49 75 1
49 76 3
49 77 1
49 78 1
49 79 2
49 80 2
49 81 2
49 82 2
49 83 2
49 84 2
49 85 3
49 86 3
49 87 2
49 88 1
49 89 2
49 90 1
49 91 2
49 92 3
49 93 3
49 94 2
49 95 2
49 96 4
49 97 2
49 98 2
49 99 1
50 51 1
50 52 4
50 53 2
50 54 3
50 55 2
50 56 2
50 57 4
50 58 2
50 59 2
50 60 4
50 61 4
50 62 1
50 63 3
50 64 2
50 65 4
50 66 2
50 67 3
50 68 2
50 69 2
50 70 3
50 71 3
50 72 2
50 73 4
50 74 2
50 75 3
50 76 4
50 77 2
50 78 4
50 79 3
50 80 4
50 81 2
50 82 1
50 83 3
50 84 4
50 85 2
50 86 3
50 87 4
50 88 3
50 89 2
50 90 2
50 91 1
50 92 3
50 93 2
50 94 4
50 95 1
50 96 2
50 97 2
50 98 4
50 99 3
51 52 4
51 53 3
51 54 3
51 55 2
51 56 2
51 57 4
51 58 2
51 59 3
51 60 4
51 61 3
51 62 1
51 63 3
51 64 2
51 65 4
51 66 1
51 67 3
51 68 3
51 69 1
51 70 3
51 71 2
51 72 3
51 73 4
51 74 3
51 75 4
51 76 3
51 77 2
51 78 4
51 79 3
51 80 4
51 81 3
51 82 2
51 83 3
51 84 4
51 85 1
51 86 2
51 87 4
51 88 4
51 89 3
51 90 2
51 91 2
51 92 2
51 93 2
51 94 4
51 95 1
51 96 1
51 97 3
51 98 5
51 99 3
52 53 3
52 54 1
52 55 3
52 56 2
52 57 2
52 58 2
52 59 3
52 60 1
52 61 2
52 62 4
52 63 2
52 64 3
52 65 1
52 66 3
52 67 3
52 68 4
52 69 4
52 70 2
52 71 4
52 72 4
52 73 1
52 74 2
52 75 1
52 76 3
52 77 2
52 78 1
52 79 3
52 80 1
52 81 3
52 82 3
52 83 2
52 84 1
52 85 4
52 86 3
52 87 1
52 88 2
52 89 3
52 90 2
52 91 3
52 92 3
52 93 4
52 94 1
52 95 3
52 96 5
52 97 3
52 98 2
52 99 1
53 54 3
53 55 1
53 56 2
53 57 4
53 58 1
53 59 2
53 60 4
53 61 4
53 62 2
53 63 3
53 64 1
53 65 4
53 66 3
53 67 2
53 68 1
53 69 3
53 70 4
53 71 4
53 72 1
53 73 3
53 74 2
53 75 3
53 76 4
53 77 2
53 78 3
53 79 2
53 80 4
53 81 1
53 82 1
53 83 3
53 84 4
53 85 3
53 86 4
53 87 4
53 88 3
53 89 1
53 90 3
53 91 1
53 92 4
53 93 3
53 94 4
53 95 2
53 96 3
53 97 1
53 98 4
53 99 2
54 55 2
54 56 1
54 57 2
54 58 2
54 59 2
54 60 2
54 61 2
54 62 3
54 63 1
54 64 2
54 65 2
54 66 2
54 67 2
54 68 3
54 69 3
54 70 2
54 71 3
54 72 3
54 73 1
54 74 1
54 75 1
54 76 2
54 77 1
54 78 1
54 79 3
54 80 2
54 81 3
54 82 2
54 83 1
54 84 1
54 85 3
54 86 2
54 87 2
54 88 2
54 89 2
54 90 1
54 91 2
54 92 2
54 93 3
54 94 1
54 95 2
54 96 4
54 97 3
54 98 2
54 99 1
55 56 2
55 57 4
55 58 1
55 59 1
55 60 3
55 61 4
55 62 2
55 63 2
55 64 1
55 65 3
55 66 2
55 67 1
55 68 1
55 69 3
55 70 3
55 71 3
55 72 1
55 73 3
55 74 1
55 75 2
55 76 4
55 77 2
55 78 3
55 79 1
55 80 4
55 81 1
55 82 1
55 83 3
55 84 3
55 85 3
55 86 4
55 87 3
55 88 2
55 89 1
55 90 2
55 91 1
55 92 3
55 93 3
55 94 3
55 95 2
55 96 3
55 97 1
55 98 3
55 99 2
56 57 3
56 58 1
56 59 2
56 60 2
56 61 2
56 62 2
56 63 1
56 64 2
56 65 2
56 66 1
56 67 2
56 68 3
56 69 2
56 70 2
56 71 2
56 72 3
56 73 2
56 74 1
56 75 2
56 76 2
56 77 1
56 78 2
56 79 3
56 80 2
56 81 2
56 82 2
56 83 1
56 84 2
56 85 2
56 86 2
56 87 3
56 88 2
56 89 2
56 90 1
56 91 1
56 92 2
56 93 2
56 94 2
56 95 1
56 96 3
56 97 2
56 98 3
56 99 1
57 58 4
57 59 4
57 60 2
57 61 1
57 62 4
57 63 2
57 64 4
57 65 2
57 66 3
57 67 4
57 68 5
57 69 3
57 70 1
57 71 3
57 72 5
57 73 2
57 74 3
57 75 3
57 76 1
57 77 3
57 78 3
57 79 5
57 80 1
57 81 5
57 82 4
57 83 2
57 84 2
57 85 4
57 86 2
57 87 2
57 88 4
57 89 4
57 90 2
57 91 4
57 92 2
57 93 3
57 94 2
57 95 4
57 96 4
57 97 4
57 98 3
57 99 2
58 59 1
58 60 3
58 61 3
58 62 2
58 63 2
58 64 1
58 65 3
58 66 2
58 67 2
58 68 2
58 69 3
58 70 3
58 71 3
58 72 2
58 73 2
58 74 1
58 75 2
58 76 3
58 77 1
58 78 2
58 79 2
58 80 3
58 81 1
58 82 1
58 83 2
58 84 3
58 85 3
58 86 3
58 87 3
58 88 2
58 89 1
58 90 2
58 91 1
58 92 3
58 93 3
58 94 3
58 95 2
58 96 3
58 97 1
58 98 3
58 99 2
59 60 3
59 61 4
59 62 3
59 63 3
59 64 1
59 65 3
59 66 3
59 67 1
59 68 2
59 69 4
59 70 4
59 71 4
59 72 2
59 73 3
59 74 2
59 75 2
59 76 4
59 77 2
59 78 3
59 79 1
59 80 4
59 81 2
59 82 1
59 83 3
59 84 3
59 85 4
59 86 4
59 87 3
59 88 1
59 89 1
59 90 3
59 91 2
59 92 4
59 93 4
59 94 3
59 95 2
59 96 4
59 97 1
59 98 3
59 99 2
60 61 3
60 62 4
60 63 2
60 64 3
60 65 1
60 66 3
60 67 3
60 68 4
60 69 4
60 70 3
60 71 4
60 72 4
60 73 1
60 74 2
60 75 1
60 76 3
60 77 2
60 78 1
60 79 3
60 80 1
60 81 4
60 82 3
60 83 3
60 84 1
60 85 4
60 86 4
60 87 1
60 88 2
60 89 3
60 90 2
60 91 3
60 92 3
60 93 4
60 94 1
60 95 3
60 96 5
60 97 4
60 98 1
60 99 2
61 62 3
61 63 2
61 64 4
61 65 2
61 66 3
61 67 4
61 68 5
61 69 3
61 70 1
61 71 2
61 72 5
61 73 2
61 74 3
61 75 3
61 76 1
61 77 2
61 78 3
61 79 5
61 80 2
61 81 4
61 82 4
61 83 1
61 84 3
61 85 3
61 86 2
61 87 3
61 88 4
61 89 4
61 90 2
61 91 3
61 92 2
61 93 2
61 94 3
61 95 3
61 96 4
61 97 4
61 98 4
61 99 2
62 63 3
62 64 2
62 65 4
62 66 1
62 67 3
62 68 3
62 69 1
62 70 3
62 71 2
62 72 3
62 73 4
62 74 2
62 75 3
62 76 3
62 77 2
62 78 4
62 79 3
62 80 4
62 81 2
62 82 2
62 83 3
62 84 4
62 85 1
62 86 2
62 87 4
62 88 3
62 89 2
62 90 2
62 91 1
62 92 2
62 93 2
62 94 4
62 95 1
62 96 1
62 97 3
62 98 4
62 99 3
63 64 2
63 65 2
63 66 2
63 67 3
63 68 3
63 69 3
63 70 1
63 71 3
63 72 3
63 73 1
63 74 1
63 75 2
63 76 2
63 77 1
63 78 2
63 79 3
63 80 2
63 81 3
63 82 2
63 83 1
63 84 2
63 85 3
63 86 2
63 87 2
63 88 2
63 89 2
63 90 1
63 91 2
63 92 2
63 93 3
63 94 2
63 95 2
63 96 4
63 97 3
63 98 3
63 99 1
64 65 3
64 66 2
64 67 1
64 68 1
64 69 3
64 70 3
64 71 3
64 72 1
64 73 3
64 74 1
64 75 2
64 76 4
64 77 2
64 78 3
64 79 2
64 80 4
64 81 1
64 82 1
64 83 3
64 84 3
64 85 3
64 86 4
64 87 3
64 88 2
64 89 1
64 90 2
64 91 1
64 92 3
64 93 3
64 94 3
64 95 2
64 96 3
64 97 1
64 98 3
64 99 2
65 66 3
65 67 3
65 68 4
65 69 4
65 70 2
65 71 4
65 72 4
65 73 1
65 74 2
65 75 2
65 76 2
65 77 2
65 78 1
65 79 4
65 80 1
65 81 4
65 82 3
65 83 2
65 84 1
65 85 4
65 86 3
65 87 1
65 88 3
65 89 3
65 90 2
65 91 3
65 92 3
65 93 4
65 94 1
65 95 3
65 96 5
65 97 4
65 98 2
65 99 2
66 67 3
66 68 3
66 69 1
66 70 2
66 71 1
66 72 3
66 73 3
66 74 2
66 75 3
66 76 2
66 77 1
66 78 3
66 79 3
66 80 3
66 81 3
66 82 2
66 83 2
66 84 3
66 85 1
66 86 2
66 87 3
66 88 3
66 89 3
66 90 1
66 91 2
66 92 1
66 93 1
66 94 3
66 95 1
66 96 2
66 97 3
66 98 4
66 99 2
67 68 2
67 69 4
67 70 4
67 71 4
67 72 2
67 73 3
67 74 2
67 75 2
67 76 4
67 77 2
67 78 3
67 79 1
67 80 4
67 81 2
67 82 2
67 83 3
67 84 3
67 85 4
67 86 4
67 87 3
67 88 1
67 89 1
67 90 3
67 91 2
67 92 4
67 93 4
67 94 3
67 95 3
67 96 4
67 97 1
67 98 3
67 99 2
68 69 4
68 70 4
68 71 4
68 72 1
68 73 4
68 74 2
68 75 3
68 76 5
68 77 3
68 78 4
68 79 1
68 80 5
68 81 1
68 82 1
68 83 4
68 84 4
68 85 4
68 86 4
68 87 4
68 88 2
68 89 1
68 90 3
68 91 2
68 92 4
68 93 4
68 94 4
68 95 2
68 96 4
68 97 1
68 98 4
68 99 3
69 70 2
69 71 1
69 72 4
69 73 4
69 74 3
69 75 4
69 76 2
69 77 2
69 78 4
69 79 4
69 80 3
69 81 3
69 82 3
69 83 2
69 84 4
69 85 1
69 86 1
69 87 4
69 88 4
69 89 3
69 90 2
69 91 2
69 92 1
69 93 1
69 94 4
69 95 2
69 96 2
69 97 4
69 98 5
69 99 3
70 71 2
70 72 4
70 73 2
70 74 2
70 75 3
70 76 1
70 77 2
70 78 2
70 79 4
70 80 2
70 81 4
70 82 3
70 83 1
70 84 3
70 85 3
70 86 1
70 87 3
70 88 3
70 89 3
70 90 1
70 91 3
70 92 1
70 93 2
70 94 3
70 95 3
70 96 3
70 97 4
70 98 4
70 99 2
71 72 4
71 73 4
71 74 3
71 75 4
71 76 2
71 77 2
71 78 4
71 79 4
71 80 3
71 81 4
71 82 3
71 83 2
71 84 4
71 85 2
71 86 1
71 87 4
71 88 4
71 89 4
71 90 2
71 91 3
71 92 1
71 93 1
71 94 4
71 95 2
71 96 2
71 97 4
71 98 5
71 99 3
72 73 4
72 74 2
72 75 3
72 76 5
72 77 3
72 78 4
72 79 2
72 80 5
72 81 1
72 82 1
72 83 4
72 84 4
72 85 4
72 86 4
72 87 4
72 88 3
72 89 1
72 90 3
72 91 2
72 92 4
72 93 4
72 94 4
72 95 2
72 96 4
72 97 1
72 98 4
72 99 3
73 74 2
73 75 1
73 76 3
73 77 2
73 78 1
73 79 3
73 80 1
73 81 3
73 82 3
73 83 2
73 84 1
73 85 4
73 86 3
73 87 1
73 88 2
73 89 3
73 90 2
73 91 3
73 92 3
73 93 4
73 94 1
73 95 3
73 96 5
73 97 3
73 98 2
73 99 1
74 75 1
74 76 3
74 77 1
74 78 2
74 79 2
74 80 3
74 81 2
74 82 1
74 83 2
74 84 2
74 85 3
74 86 3
74 87 2
74 88 2
74 89 2
74 90 1
74 91 1
74 92 3
74 93 3
74 94 2
74 95 2
74 96 3
74 97 2
74 98 2
74 99 1
75 76 3
75 77 2
75 78 1
75 79 2
75 80 2
75 81 3
75 82 2
75 83 2
75 84 1
75 85 4
75 86 3
75 87 2
75 88 1
75 89 2
75 90 2
75 91 2
75 92 3
75 93 4
75 94 1
75 95 3
75 96 4
75 97 3
75 98 1
75 99 1
76 77 2
76 78 3
76 79 5
76 80 2
76 81 4
76 82 4
76 83 1
76 84 3
76 85 3
76 86 1
76 87 3
76 88 4
76 89 4
76 90 2
76 91 3
76 92 1
76 93 2
76 94 3
76 95 3
76 96 3
76 97 4
76 98 4
76 99 2
77 78 2
77 79 3
77 80 2
77 81 2
77 82 2
77 83 1
77 84 2
77 85 2
77 86 2
77 87 2
77 88 2
77 89 2
77 90 1
77 91 2
77 92 2
77 93 2
77 94 2
77 95 1
77 96 3
77 97 2
77 98 3
77 99 1
78 79 3
78 80 2
78 81 3
78 82 3
78 83 2
78 84 1
78 85 4
78 86 3
78 87 1
78 88 2
78 89 3
78 90 2
78 91 3
78 92 3
78 93 4
78 94 1
78 95 3
78 96 5
78 97 3
78 98 2
78 99 1
79 80 4
79 81 2
79 82 2
79 83 4
79 84 3
79 85 4
79 86 5
79 87 3
79 88 1
79 89 1
79 90 3
79 91 2
79 92 4
79 93 4
79 94 3
79 95 3
79 96 4
79 97 1
79 98 3
79 99 3
80 81 4
80 82 4
80 83 2
80 84 1
80 85 4
80 86 3
80 87 1
80 88 3
80 89 4
80 90 2
80 91 3
80 92 2
80 93 3
80 94 1
80 95 3
80 96 4
80 97 4
80 98 2
80 99 2
81 82 1
81 83 3
81 84 4
81 85 3
81 86 4
81 87 4
81 88 3
81 89 1
81 90 3
81 91 1
81 92 4
81 93 3
81 94 4
81 95 2
81 96 3
81 97 1
81 98 4
81 99 3
82 83 3
82 84 3
82 85 3
82 86 4
82 87 3
82 88 2
82 89 1
82 90 2
82 91 1
82 92 3
82 93 3
82 94 3
82 95 2
82 96 3
82 97 1
82 98 3
82 99 2
83 84 2
83 85 3
83 86 1
83 87 3
83 88 3
83 89 3
83 90 1
83 91 2
83 92 1
83 93 2
83 94 2
83 95 2
83 96 3
83 97 3
83 98 3
83 99 1
84 85 4
84 86 3
84 87 1
84 88 2
84 89 3
84 90 2
84 91 3
84 92 3
84 93 4
84 94 1
84 95 3
84 96 5
84 97 4
84 98 1
84 99 2
85 86 2
85 87 4
85 88 4
85 89 3
85 90 2
85 91 2
85 92 2
85 93 2
85 94 4
85 95 2
85 96 1
85 97 4
85 98 5
85 99 3
86 87 4
86 88 4
86 89 4
86 90 2
86 91 3
86 92 1
86 93 1
86 94 3
86 95 2
86 96 3
86 97 4
86 98 4
86 99 2
87 88 2
87 89 3
87 90 3
87 91 3
87 92 3
87 93 4
87 94 1
87 95 3
87 96 5
87 97 4
87 98 1
87 99 2
88 89 2
88 90 2
88 91 3
88 92 4
88 93 4
88 94 2
88 95 3
88 96 4
88 97 2
88 98 2
88 99 2
89 90 2
89 91 1
89 92 4
89 93 3
89 94 3
89 95 2
89 96 3
89 97 1
89 98 3
89 99 2
90 91 2
90 92 2
90 93 2
90 94 2
90 95 2
90 96 3
90 97 3
90 98 3
90 99 1
91 92 3
91 93 2
91 94 3
91 95 1
91 96 2
91 97 2
91 98 3
91 99 2
92 93 1
92 94 3
92 95 2
92 96 2
92 97 4
92 98 4
92 99 2
93 94 4
93 95 2
93 96 2
93 97 4
93 98 5
93 99 3
94 95 3
94 96 5
94 97 4
94 98 2
94 99 2
95 96 2
95 97 2
95 98 4
95 99 2
96 97 4
96 98 5
96 99 4
97 98 3
97 99 2
98 99 2
