100 
0 1 2
0 2 2
0 3 2
0 4 3
0 5 3
0 6 3
0 7 1
0 8 3
0 9 3
0 10 1
0 11 3
0 12 3
0 13 2
0 14 3
0 15 1
0 16 2
0 17 1
0 18 4
0 19 1
0 20 2
0 21 2
0 22 1
0 23 2
0 24 3
0 25 4
0 26 3
0 27 3
0 28 3
0 29 1
0 30 2
0 31 2
0 32 1
0 33 3
0 34 1
0 35 3
0 36 3
0 37 3
0 38 1
0 39 3
0 40 2
0 41 2
0 42 2
0 43 2
0 44 1
0 45 4
0 46 2
0 47 3
0 48 2
0 49 3
0 50 2
0 51 3
0 52 4
0 53 3
0 54 3
0 55 3
0 56 1
0 57 3
0 58 1
0 59 1
0 60 1
0 61 3
0 62 3
0 63 1
0 64 3
0 65 3
0 66 4
0 67 3
0 68 2
0 69 3
0 70 1
0 71 1
0 72 4
0 73 3
0 74 3
0 75 3
0 76 1
0 77 1
0 78 3
0 79 2
0 80 2
0 81 3
0 82 3
0 83 4
0 84 4
0 85 2
0 86 3
0 87 4
0 88 2
0 89 2
0 90 1
0 91 1
0 92 2
0 93 3
0 94 3
0 95 3
0 96 1
0 97 1
0 98 3
0 99 2
1 2 1
1 3 3
1 4 3
1 5 3
1 6 3
1 7 2
1 8 4
1 9 4
1 10 3
1 11 3
1 12 4
1 13 1
1 14 2
1 15 3
1 16 3
1 17 3
1 18 3
1 19 2
1 20 1
1 21 3
1 22 3
1 23 3
1 24 3
1 25 3
1 26 4
1 27 4
1 28 4
1 29 3
1 30 3
1 31 3
1 32 2
1 33 4
1 34 2
1 35 2
1 36 3
1 37 3
1 38 2
1 39 4
1 40 1
1 41 3
1 42 2
1 43 1
1 44 3
1 45 3
1 46 1
1 47 3
1 48 1
1 49 2
1 50 3
1 51 3
1 52 3
1 53 4
1 54 2
1 55 2
1 56 3
1 57 2
1 58 1
1 59 3
1 60 2
1 61 2
1 62 3
1 63 2
1 64 2
1 65 4
1 66 3
1 67 2
1 68 1
1 69 4
1 70 2
1 71 2
1 72 3
1 73 3
1 74 4
1 75 2
1 76 3
1 77 2
1 78 3
1 79 1
1 80 3
1 81 3
1 82 4
1 83 3
1 84 3
1 85 4
1 86 4
1 87 3
1 88 1
1 89 1
1 90 3
1 91 2
1 92 3
1 93 2
1 94 4
1 95 4
1 96 3
1 97 2
1 98 4
1 99 3
2 3 3
2 4 2
2 5 2
2 6 3
2 7 1
2 8 3
2 9 3
2 10 2
2 11 3
2 12 3
2 13 1
2 14 2
2 15 2
2 16 2
2 17 2
2 18 2
2 19 2
2 20 1
2 21 2
2 22 2
2 23 2
2 24 3
2 25 3
2 26 3
2 27 3
2 28 3
2 29 2
2 30 2
2 31 2
2 32 2
2 33 3
2 34 1
2 35 1
2 36 3
2 37 2
2 38 2
2 39 3
2 40 1
2 41 2
2 42 1
2 43 1
2 44 2
2 45 2
2 46 1
2 47 3
2 48 1
2 49 2
2 50 2
2 51 3
2 52 2
2 53 3
2 54 2
2 55 1
2 56 2
2 57 1
2 58 1
2 59 2
2 60 1
2 61 2
2 62 3
2 63 1
2 64 2
2 65 3
2 66 2
2 67 2
2 68 1
2 69 3
2 70 2
2 71 1
2 72 3
2 73 2
2 74 3
2 75 2
2 76 3
2 77 2
2 78 3
2 79 1
2 80 2
2 81 2
2 82 3
2 83 2
2 84 3
2 85 3
2 86 3
2 87 3
2 88 1
2 89 1
2 90 2
2 91 1
2 92 2
2 93 2
2 94 3
2 95 3
2 96 2
2 97 1
2 98 3
2 99 2
3 4 3
3 5 2
3 6 2
3 7 2
3 8 2
3 9 2
3 10 1
3 11 2
3 12 2
3 13 3
3 14 3
3 15 1
3 16 2
3 17 2
3 18 3
3 19 2
3 20 3
3 21 1
3 22 1
3 23 1
3 24 3
3 25 3
3 26 2
3 27 2
3 28 2
3 29 1
3 30 1
3 31 1
3 32 2
3 33 2
3 34 2
3 35 3
3 36 3
3 37 3
3 38 2
3 39 2
3 40 3
3 41 1
3 42 2
3 43 3
3 44 1
3 45 3
3 46 3
3 47 3
3 48 2
3 49 3
3 50 1
3 51 2
3 52 3
3 53 2
3 54 3
3 55 3
3 56 2
3 57 3
3 58 3
3 59 1
3 60 2
3 61 3
3 62 2
3 63 2
3 64 3
3 65 2
3 66 3
3 67 3
3 68 3
3 69 2
3 70 1
3 71 2
3 72 3
3 73 3
3 74 3
3 75 3
3 76 2
3 77 2
3 78 2
3 79 4
3 80 1
3 81 2
3 82 1
3 83 3
3 84 3
3 85 1
3 86 2
3 87 3
3 88 3
3 89 3
3 90 1
3 91 2
3 92 1
3 93 3
3 94 2
3 95 2
3 96 1
3 97 2
3 98 2
3 99 2
4 5 1
4 6 1
4 7 3
4 8 2
4 9 2
4 10 3
4 11 1
4 12 1
4 13 2
4 14 1
4 15 3
4 16 1
4 17 3
4 18 1
4 19 3
4 20 3
4 21 2
4 22 3
4 23 2
4 24 1
4 25 1
4 26 1
4 27 2
4 28 1
4 29 3
4 30 2
4 31 2
4 32 3
4 33 1
4 34 3
4 35 2
4 36 1
4 37 1
4 38 3
4 39 2
4 40 2
4 41 2
4 42 2
4 43 3
4 44 3
4 45 1
4 46 3
4 47 1
4 48 2
4 49 2
4 50 2
4 51 1
4 52 1
4 53 2
4 54 2
4 55 1
4 56 3
4 57 1
4 58 3
4 59 3
4 60 3
4 61 1
4 62 1
4 63 3
4 64 1
4 65 2
4 66 1
4 67 1
4 68 3
4 69 2
4 70 2
4 71 3
4 72 1
4 73 1
4 74 1
4 75 1
4 76 4
4 77 3
4 78 1
4 79 3
4 80 3
4 81 1
4 82 2
4 83 1
4 84 1
4 85 2
4 86 2
4 87 1
4 88 2
4 89 3
4 90 3
4 91 2
4 92 3
4 93 2
4 94 2
4 95 1
4 96 3
4 97 3
4 98 2
4 99 1
5 6 1
5 7 3
5 8 2
5 9 2
5 10 2
5 11 1
5 12 1
5 13 2
5 14 1
5 15 3
5 16 1
5 17 3
5 18 1
5 19 3
5 20 3
5 21 2
5 22 3
5 23 1
5 24 1
5 25 1
5 26 1
5 27 2
5 28 1
5 29 2
5 30 2
5 31 2
5 32 2
5 33 1
5 34 2
5 35 2
5 36 1
5 37 1
5 38 3
5 39 2
5 40 2
5 41 1
5 42 1
5 43 3
5 44 3
5 45 1
5 46 3
5 47 1
5 48 2
5 49 2
5 50 2
5 51 1
5 52 1
5 53 2
5 54 2
5 55 1
5 56 3
5 57 1
5 58 3
5 59 2
5 60 2
5 61 1
5 62 1
5 63 2
5 64 1
5 65 2
5 66 1
5 67 1
5 68 3
5 69 2
5 70 2
5 71 3
5 72 1
5 73 1
5 74 1
5 75 1
5 76 3
5 77 2
5 78 1
5 79 3
5 80 3
5 81 1
5 82 2
5 83 1
5 84 2
5 85 2
5 86 2
5 87 1
5 88 2
5 89 3
5 90 3
5 91 2
5 92 3
5 93 2
5 94 2
5 95 1
5 96 3
5 97 2
5 98 2
5 99 1
6 7 3
6 8 2
6 9 1
6 10 2
6 11 1
6 12 1
6 13 2
6 14 1
6 15 2
6 16 1
6 17 3
6 18 2
6 19 3
6 20 3
6 21 2
6 22 2
6 23 1
6 24 1
6 25 1
6 26 1
6 27 1
6 28 1
6 29 2
6 30 2
6 31 1
6 32 3
6 33 1
6 34 3
6 35 2
6 36 1
6 37 1
6 38 3
6 39 1
6 40 2
6 41 1
6 42 2
6 43 3
6 44 3
6 45 1
6 46 3
6 47 1
6 48 2
6 49 2
6 50 1
6 51 1
6 52 1
6 53 2
6 54 2
6 55 2
6 56 3
6 57 2
6 58 3
6 59 2
6 60 3
6 61 1
6 62 1
6 63 3
6 64 1
6 65 2
6 66 1
6 67 2
6 68 3
6 69 2
6 70 2
6 71 3
6 72 2
6 73 1
6 74 1
6 75 1
6 76 3
6 77 3
6 78 1
6 79 3
6 80 2
6 81 1
6 82 1
6 83 1
6 84 2
6 85 1
6 86 1
6 87 1
6 88 3
6 89 3
6 90 3
6 91 2
6 92 2
6 93 2
6 94 1
6 95 1
6 96 3
6 97 3
6 98 1
6 99 1
7 8 3
7 9 3
7 10 1
7 11 3
7 12 3
7 13 2
7 14 3
7 15 1
7 16 2
7 17 1
7 18 3
7 19 1
7 20 1
7 21 2
7 22 1
7 23 2
7 24 3
7 25 4
7 26 3
7 27 3
7 28 3
7 29 1
7 30 2
7 31 2
7 32 1
7 33 3
7 34 1
7 35 2
7 36 3
7 37 3
7 38 1
7 39 3
7 40 2
7 41 2
7 42 2
7 43 2
7 44 1
7 45 3
7 46 2
7 47 3
7 48 2
7 49 3
7 50 2
7 51 3
7 52 3
7 53 3
7 54 3
7 55 2
7 56 1
7 57 2
7 58 1
7 59 2
7 60 1
7 61 3
7 62 3
7 63 1
7 64 3
7 65 3
7 66 3
7 67 3
7 68 2
7 69 3
7 70 1
7 71 1
7 72 4
7 73 3
7 74 3
7 75 3
7 76 2
7 77 1
7 78 3
7 79 2
7 80 2
7 81 3
7 82 3
7 83 3
7 84 4
7 85 3
7 86 3
7 87 4
7 88 2
7 89 1
7 90 1
7 91 1
7 92 2
7 93 3
7 94 3
7 95 3
7 96 1
7 97 1
7 98 3
7 99 2
8 9 1
8 10 2
8 11 2
8 12 1
8 13 3
8 14 2
8 15 2
8 16 1
8 17 3
8 18 3
8 19 3
8 20 4
8 21 2
8 22 2
8 23 1
8 24 2
8 25 2
8 26 1
8 27 1
8 28 2
8 29 2
8 30 2
8 31 1
8 32 3
8 33 1
8 34 3
8 35 3
8 36 2
8 37 2
8 38 3
8 39 1
8 40 3
8 41 1
8 42 2
8 43 4
8 44 3
8 45 2
8 46 4
8 47 2
8 48 3
8 49 3
8 50 1
8 51 1
8 52 2
8 53 1
8 54 3
8 55 3
8 56 3
8 57 3
8 58 3
8 59 2
8 60 3
8 61 3
8 62 1
8 63 3
8 64 2
8 65 1
8 66 2
8 67 3
8 68 4
8 69 1
8 70 2
8 71 3
8 72 3
8 73 2
8 74 2
8 75 2
8 76 3
8 77 3
8 78 2
8 79 4
8 80 2
8 81 2
8 82 1
8 83 2
8 84 3
8 85 1
8 86 1
8 87 2
8 88 3
8 89 4
8 90 3
8 91 2
8 92 2
8 93 3
8 94 1
8 95 1
8 96 3
8 97 3
8 98 1
8 99 1
9 10 2
9 11 1
9 12 1
9 13 3
9 14 2
9 15 2
9 16 1
9 17 3
9 18 2
9 19 3
9 20 4
9 21 2
9 22 2
9 23 1
9 24 1
9 25 2
9 26 1
9 27 1
9 28 1
9 29 2
9 30 2
9 31 1
9 32 3
9 33 1
9 34 3
9 35 3
9 36 1
9 37 2
9 38 3
9 39 1
9 40 3
9 41 1
9 42 2
9 43 4
9 44 3
9 45 2
9 46 4
9 47 2
9 48 3
9 49 3
9 50 1
9 51 1
9 52 2
9 53 1
9 54 3
9 55 3
9 56 3
9 57 3
9 58 3
9 59 2
9 60 3
9 61 2
9 62 1
9 63 3
9 64 2
9 65 1
9 66 2
9 67 3
9 68 4
9 69 1
9 70 2
9 71 3
9 72 2
9 73 2
9 74 1
9 75 2
9 76 3
9 77 3
9 78 1
9 79 4
9 80 2
9 81 2
9 82 1
9 83 2
9 84 2
9 85 1
9 86 1
9 87 2
9 88 3
9 89 4
9 90 3
9 91 2
9 92 2
9 93 3
9 94 1
9 95 1
9 96 3
9 97 3
9 98 1
9 99 1
10 11 2
10 12 3
10 13 2
10 14 2
10 15 1
10 16 2
10 17 1
10 18 3
10 19 1
10 20 2
10 21 1
10 22 1
10 23 2
10 24 3
10 25 3
10 26 3
10 27 2
10 28 3
10 29 1
10 30 1
10 31 1
10 32 1
10 33 3
10 34 1
10 35 2
10 36 3
10 37 3
10 38 1
10 39 2
10 40 2
10 41 2
10 42 1
10 43 2
10 44 1
10 45 3
10 46 2
10 47 3
10 48 2
10 49 3
10 50 1
10 51 2
10 52 3
10 53 2
10 54 3
10 55 2
10 56 1
10 57 2
10 58 2
10 59 1
10 60 1
10 61 2
10 62 2
10 63 1
10 64 2
10 65 2
10 66 3
10 67 2
10 68 3
10 69 2
10 70 1
10 71 1
10 72 3
10 73 2
10 74 3
10 75 2
10 76 1
10 77 1
10 78 3
10 79 3
10 80 1
10 81 2
10 82 2
10 83 3
10 84 3
10 85 2
10 86 2
10 87 3
10 88 2
10 89 2
10 90 1
10 91 1
10 92 1
10 93 3
10 94 2
10 95 3
10 96 1
10 97 1
10 98 2
10 99 2
11 12 1
11 13 2
11 14 1
11 15 2
11 16 1
11 17 3
11 18 2
11 19 3
11 20 3
11 21 2
11 22 2
11 23 1
11 24 1
11 25 1
11 26 1
11 27 1
11 28 1
11 29 2
11 30 2
11 31 1
11 32 3
11 33 1
11 34 3
11 35 2
11 36 1
11 37 1
11 38 3
11 39 2
11 40 2
11 41 1
11 42 2
11 43 3
11 44 3
11 45 1
11 46 3
11 47 1
11 48 2
11 49 2
11 50 1
11 51 1
11 52 1
11 53 2
11 54 2
11 55 2
11 56 3
11 57 2
11 58 3
11 59 2
11 60 3
11 61 1
11 62 1
11 63 3
11 64 1
11 65 2
11 66 1
11 67 2
11 68 3
11 69 2
11 70 2
11 71 3
11 72 2
11 73 1
11 74 1
11 75 1
11 76 3
11 77 3
11 78 1
11 79 3
11 80 2
11 81 1
11 82 1
11 83 1
11 84 2
11 85 1
11 86 1
11 87 1
11 88 3
11 89 3
11 90 3
11 91 2
11 92 2
11 93 2
11 94 1
11 95 1
11 96 3
11 97 3
11 98 1
11 99 1
12 13 3
12 14 2
12 15 3
12 16 1
12 17 3
12 18 2
12 19 3
12 20 4
12 21 2
12 22 3
12 23 1
12 24 1
12 25 1
12 26 1
12 27 1
12 28 1
12 29 3
12 30 2
12 31 2
12 32 3
12 33 1
12 34 3
12 35 3
12 36 1
12 37 1
12 38 3
12 39 1
12 40 3
12 41 1
12 42 2
12 43 4
12 44 3
12 45 2
12 46 4
12 47 1
12 48 3
12 49 3
12 50 2
12 51 1
12 52 2
12 53 1
12 54 3
12 55 2
12 56 3
12 57 2
12 58 3
12 59 2
12 60 3
12 61 2
12 62 1
12 63 3
12 64 2
12 65 1
12 66 2
12 67 2
12 68 4
12 69 1
12 70 2
12 71 3
12 72 2
12 73 2
12 74 1
12 75 2
12 76 3
12 77 3
12 78 1
12 79 4
12 80 3
12 81 2
12 82 1
12 83 2
12 84 2
12 85 1
12 86 1
12 87 2
12 88 3
12 89 4
12 90 3
12 91 2
12 92 3
12 93 3
12 94 1
12 95 1
12 96 3
12 97 3
12 98 1
12 99 1
13 14 1
13 15 2
13 16 2
13 17 2
13 18 2
13 19 2
13 20 1
13 21 2
13 22 2
13 23 2
13 24 2
13 25 2
13 26 3
13 27 3
13 28 3
13 29 2
13 30 2
13 31 2
13 32 2
13 33 3
13 34 1
13 35 1
13 36 2
13 37 2
13 38 2
13 39 3
13 40 1
13 41 2
13 42 1
13 43 1
13 44 2
13 45 2
13 46 1
13 47 2
13 48 1
13 49 1
13 50 2
13 51 2
13 52 2
13 53 3
13 54 1
13 55 1
13 56 2
13 57 1
13 58 2
13 59 2
13 60 2
13 61 1
13 62 2
13 63 1
13 64 1
13 65 3
13 66 2
13 67 1
13 68 1
13 69 3
13 70 2
13 71 2
13 72 2
13 73 2
13 74 3
13 75 1
13 76 3
13 77 2
13 78 2
13 79 2
13 80 2
13 81 2
13 82 3
13 83 2
13 84 2
13 85 3
13 86 3
13 87 2
13 88 1
13 89 1
13 90 2
13 91 1
13 92 3
13 93 1
13 94 3
13 95 3
13 96 3
13 97 2
13 98 3
13 99 2
14 15 3
14 16 1
14 17 3
14 18 1
14 19 3
14 20 2
14 21 2
14 22 3
14 23 2
14 24 1
14 25 1
14 26 2
14 27 2
14 28 2
14 29 2
14 30 2
14 31 2
14 32 2
14 33 2
14 34 2
14 35 1
14 36 1
14 37 1
14 38 3
14 39 2
14 40 2
14 41 2
14 42 1
14 43 2
14 44 3
14 45 1
14 46 2
14 47 1
14 48 1
14 49 1
14 50 2
14 51 1
14 52 1
14 53 2
14 54 1
14 55 1
14 56 3
14 57 1
14 58 2
14 59 2
14 60 2
14 61 1
14 62 1
14 63 2
14 64 1
14 65 2
14 66 1
14 67 1
14 68 2
14 69 2
14 70 2
14 71 2
14 72 1
14 73 1
14 74 2
14 75 1
14 76 3
14 77 2
14 78 1
14 79 3
14 80 3
14 81 1
14 82 2
14 83 1
14 84 2
14 85 2
14 86 2
14 87 2
14 88 2
14 89 2
14 90 3
14 91 2
14 92 3
14 93 2
14 94 2
14 95 2
14 96 3
14 97 2
14 98 2
14 99 1
15 16 2
15 17 1
15 18 4
15 19 1
15 20 2
15 21 1
15 22 1
15 23 2
15 24 3
15 25 3
15 26 3
15 27 2
15 28 3
15 29 1
15 30 1
15 31 1
15 32 1
15 33 3
15 34 1
15 35 3
15 36 3
15 37 3
15 38 1
15 39 2
15 40 2
15 41 2
15 42 2
15 43 3
15 44 1
15 45 3
15 46 2
15 47 3
15 48 2
15 49 3
15 50 1
15 51 2
15 52 3
15 53 2
15 54 3
15 55 3
15 56 1
15 57 3
15 58 2
15 59 1
15 60 1
15 61 3
15 62 2
15 63 1
15 64 3
15 65 2
15 66 3
15 67 3
15 68 3
15 69 2
15 70 1
15 71 2
15 72 4
15 73 3
15 74 3
15 75 3
15 76 1
15 77 1
15 78 3
15 79 3
15 80 1
15 81 3
15 82 2
15 83 3
15 84 4
15 85 2
15 86 2
15 87 3
15 88 2
15 89 2
15 90 1
15 91 1
15 92 1
15 93 3
15 94 2
15 95 3
15 96 1
15 97 1
15 98 2
15 99 2
16 17 2
16 18 2
16 19 2
16 20 3
16 21 1
16 22 2
16 23 1
16 24 1
16 25 2
16 26 1
16 27 1
16 28 1
16 29 2
16 30 1
16 31 1
16 32 2
16 33 1
16 34 2
16 35 2
16 36 1
16 37 1
16 38 2
16 39 1
16 40 2
16 41 1
16 42 1
16 43 3
16 44 2
16 45 2
16 46 3
16 47 1
16 48 2
16 49 2
16 50 1
16 51 1
16 52 2
16 53 1
16 54 2
16 55 2
16 56 2
16 57 2
16 58 2
16 59 2
16 60 2
16 61 2
16 62 1
16 63 2
16 64 2
16 65 2
16 66 2
16 67 2
16 68 3
16 69 2
16 70 1
16 71 2
16 72 2
16 73 1
16 74 1
16 75 2
16 76 3
16 77 2
16 78 1
16 79 3
16 80 2
16 81 1
16 82 1
16 83 2
16 84 2
16 85 1
16 86 1
16 87 2
16 88 2
16 89 3
16 90 2
16 91 1
16 92 2
16 93 3
16 94 1
16 95 1
16 96 2
16 97 2
16 98 1
16 99 1
17 18 4
17 19 1
17 20 2
17 21 1
17 22 1
17 23 2
17 24 3
17 25 3
17 26 3
17 27 3
17 28 3
17 29 1
17 30 1
17 31 2
17 32 1
17 33 3
17 34 1
17 35 3
17 36 3
17 37 3
17 38 1
17 39 3
17 40 2
17 41 2
17 42 2
17 43 2
17 44 1
17 45 3
17 46 2
17 47 3
17 48 2
17 49 3
17 50 2
17 51 2
17 52 3
17 53 3
17 54 3
17 55 3
17 56 1
17 57 3
17 58 2
17 59 1
17 60 1
17 61 3
17 62 3
17 63 1
17 64 3
17 65 3
17 66 3
17 67 3
17 68 3
17 69 3
17 70 1
17 71 1
17 72 4
17 73 3
17 74 3
17 75 3
17 76 1
17 77 1
17 78 3
17 79 3
17 80 1
17 81 3
17 82 2
17 83 3
17 84 4
17 85 2
17 86 3
17 87 4
17 88 2
17 89 2
17 90 1
17 91 1
17 92 1
17 93 3
17 94 3
17 95 3
17 96 1
17 97 1
17 98 3
17 99 2
18 19 4
18 20 3
18 21 3
18 22 4
18 23 2
18 24 1
18 25 1
18 26 2
18 27 3
18 28 2
18 29 3
18 30 3
18 31 3
18 32 3
18 33 2
18 34 3
18 35 1
18 36 1
18 37 1
18 38 4
18 39 3
18 40 2
18 41 2
18 42 2
18 43 3
18 44 4
18 45 1
18 46 3
18 47 1
18 48 2
18 49 1
18 50 3
18 51 2
18 52 1
18 53 3
18 54 1
18 55 1
18 56 4
18 57 1
18 58 3
18 59 3
18 60 3
18 61 1
18 62 2
18 63 3
18 64 1
18 65 3
18 66 1
18 67 1
18 68 3
18 69 3
18 70 3
18 71 3
18 72 1
18 73 1
18 74 2
18 75 1
18 76 4
18 77 3
18 78 2
18 79 3
18 80 4
18 81 1
18 82 3
18 83 1
18 84 1
18 85 3
18 86 3
18 87 1
18 88 2
18 89 3
18 90 4
18 91 3
18 92 4
18 93 1
18 94 3
18 95 2
18 96 4
18 97 3
18 98 2
18 99 2
19 20 1
19 21 2
19 22 1
19 23 2
19 24 3
19 25 4
19 26 3
19 27 3
19 28 3
19 29 1
19 30 2
19 31 2
19 32 1
19 33 3
19 34 1
19 35 3
19 36 3
19 37 3
19 38 1
19 39 3
19 40 2
19 41 2
19 42 2
19 43 2
19 44 1
19 45 4
19 46 2
19 47 3
19 48 2
19 49 3
19 50 2
19 51 3
19 52 4
19 53 3
19 54 3
19 55 3
19 56 1
19 57 3
19 58 1
19 59 2
19 60 1
19 61 3
19 62 3
19 63 1
19 64 3
19 65 3
19 66 4
19 67 3
19 68 2
19 69 3
19 70 1
19 71 1
19 72 4
19 73 3
19 74 3
19 75 3
19 76 2
19 77 1
19 78 3
19 79 2
19 80 2
19 81 3
19 82 3
19 83 4
19 84 4
19 85 3
19 86 3
19 87 4
19 88 2
19 89 2
19 90 1
19 91 1
19 92 2
19 93 3
19 94 3
19 95 3
19 96 1
19 97 1
19 98 3
19 99 2
20 21 2
20 22 2
20 23 3
20 24 3
20 25 3
20 26 4
20 27 4
20 28 4
20 29 2
20 30 2
20 31 3
20 32 2
20 33 4
20 34 1
20 35 2
20 36 3
20 37 3
20 38 2
20 39 4
20 40 1
20 41 3
20 42 2
20 43 1
20 44 2
20 45 3
20 46 1
20 47 3
20 48 1
20 49 2
20 50 3
20 51 3
20 52 3
20 53 4
20 54 2
20 55 2
20 56 2
20 57 2
20 58 1
20 59 2
20 60 2
20 61 2
20 62 3
20 63 1
20 64 2
20 65 4
20 66 3
20 67 2
20 68 1
20 69 4
20 70 2
20 71 1
20 72 3
20 73 3
20 74 4
20 75 2
20 76 3
20 77 2
20 78 3
20 79 1
20 80 3
20 81 3
20 82 3
20 83 3
20 84 3
20 85 3
20 86 4
20 87 3
20 88 1
20 89 1
20 90 2
20 91 2
20 92 3
20 93 2
20 94 4
20 95 4
20 96 2
20 97 1
20 98 4
20 99 3
21 22 1
21 23 1
21 24 2
21 25 3
21 26 2
21 27 2
21 28 2
21 29 1
21 30 1
21 31 1
21 32 1
21 33 2
21 34 2
21 35 2
21 36 2
21 37 2
21 38 1
21 39 2
21 40 2
21 41 1
21 42 1
21 43 3
21 44 1
21 45 3
21 46 3
21 47 2
21 48 2
21 49 3
21 50 1
21 51 2
21 52 3
21 53 2
21 54 3
21 55 2
21 56 2
21 57 2
21 58 2
21 59 1
21 60 1
21 61 2
21 62 2
21 63 2
21 64 2
21 65 2
21 66 3
21 67 2
21 68 3
21 69 2
21 70 1
21 71 2
21 72 3
21 73 2
21 74 2
21 75 2
21 76 2
21 77 1
21 78 2
21 79 3
21 80 1
21 81 2
21 82 1
21 83 3
21 84 3
21 85 1
21 86 2
21 87 3
21 88 2
21 89 3
21 90 1
21 91 1
21 92 1
21 93 3
21 94 2
21 95 2
21 96 1
21 97 1
21 98 2
21 99 1
22 23 2
22 24 3
22 25 3
22 26 3
22 27 2
22 28 3
22 29 1
22 30 1
22 31 1
22 32 1
22 33 3
22 34 1
22 35 3
22 36 3
22 37 3
22 38 1
22 39 2
22 40 2
22 41 2
22 42 2
22 43 3
22 44 1
22 45 3
22 46 2
22 47 3
22 48 2
22 49 3
22 50 1
22 51 2
22 52 3
22 53 2
22 54 3
22 55 3
22 56 1
22 57 3
22 58 2
22 59 1
22 60 1
22 61 3
22 62 2
22 63 1
22 64 3
22 65 2
22 66 3
22 67 3
22 68 3
22 69 2
22 70 1
22 71 2
22 72 4
22 73 3
22 74 3
22 75 3
22 76 1
22 77 1
22 78 3
22 79 3
22 80 1
22 81 3
22 82 2
22 83 3
22 84 4
22 85 2
22 86 2
22 87 3
22 88 2
22 89 2
22 90 1
22 91 1
22 92 1
22 93 3
22 94 2
22 95 3
22 96 1
22 97 1
22 98 2
22 99 2
23 24 2
23 25 2
23 26 2
23 27 1
23 28 2
23 29 2
23 30 1
23 31 1
23 32 2
23 33 1
23 34 2
23 35 2
23 36 2
23 37 2
23 38 2
23 39 1
23 40 2
23 41 1
23 42 1
23 43 3
23 44 2
23 45 2
23 46 3
23 47 2
23 48 2
23 49 3
23 50 1
23 51 1
23 52 2
23 53 1
23 54 3
23 55 2
23 56 2
23 57 2
23 58 2
23 59 1
23 60 2
23 61 2
23 62 1
23 63 2
23 64 2
23 65 1
23 66 2
23 67 2
23 68 3
23 69 1
23 70 1
23 71 2
23 72 2
23 73 2
23 74 2
23 75 2
23 76 2
23 77 2
23 78 1
23 79 3
23 80 2
23 81 2
23 82 1
23 83 2
23 84 3
23 85 1
23 86 1
23 87 2
23 88 2
23 89 3
23 90 2
23 91 1
23 92 2
23 93 3
23 94 1
23 95 1
23 96 2
23 97 2
23 98 1
23 99 1
24 25 1
24 26 1
24 27 2
24 28 1
24 29 3
24 30 2
24 31 2
24 32 3
24 33 1
24 34 3
24 35 2
24 36 1
24 37 1
24 38 3
24 39 2
24 40 2
24 41 2
24 42 2
24 43 3
24 44 3
24 45 1
24 46 3
24 47 1
24 48 2
24 49 2
24 50 2
24 51 1
24 52 1
24 53 2
24 54 2
24 55 2
24 56 3
24 57 2
24 58 3
24 59 3
24 60 3
24 61 1
24 62 1
24 63 3
24 64 1
24 65 2
24 66 1
24 67 2
24 68 3
24 69 2
24 70 2
24 71 3
24 72 1
24 73 1
24 74 1
24 75 1
24 76 4
24 77 3
24 78 1
24 79 3
24 80 3
24 81 1
24 82 2
24 83 1
24 84 1
24 85 2
24 86 2
24 87 1
24 88 3
24 89 3
24 90 3
24 91 2
24 92 3
24 93 2
24 94 2
24 95 1
24 96 3
24 97 3
24 98 1
24 99 1
25 26 1
25 27 2
25 28 1
25 29 3
25 30 2
25 31 2
25 32 3
25 33 1
25 34 3
25 35 2
25 36 1
25 37 1
25 38 3
25 39 2
25 40 2
25 41 2
25 42 2
25 43 3
25 44 3
25 45 1
25 46 3
25 47 1
25 48 2
25 49 2
25 50 2
25 51 1
25 52 1
25 53 2
25 54 2
25 55 2
25 56 4
25 57 2
25 58 3
25 59 3
25 60 3
25 61 1
25 62 1
25 63 3
25 64 1
25 65 2
25 66 1
25 67 2
25 68 3
25 69 2
25 70 3
25 71 3
25 72 1
25 73 1
25 74 1
25 75 1
25 76 4
25 77 3
25 78 1
25 79 3
25 80 3
25 81 1
25 82 2
25 83 1
25 84 1
25 85 2
25 86 2
25 87 1
25 88 3
25 89 3
25 90 3
25 91 3
25 92 3
25 93 2
25 94 2
25 95 1
25 96 4
25 97 3
25 98 2
25 99 2
26 27 1
26 28 1
26 29 3
26 30 2
26 31 2
26 32 3
26 33 1
26 34 3
26 35 2
26 36 1
26 37 1
26 38 3
26 39 1
26 40 3
26 41 2
26 42 2
26 43 4
26 44 3
26 45 2
26 46 4
26 47 1
26 48 3
26 49 2
26 50 2
26 51 1
26 52 2
26 53 1
26 54 3
26 55 2
26 56 3
26 57 2
26 58 3
26 59 3
26 60 3
26 61 2
26 62 1
26 63 3
26 64 2
26 65 2
26 66 2
26 67 2
26 68 4
26 69 2
26 70 2
26 71 3
26 72 2
26 73 2
26 74 1
26 75 2
26 76 4
26 77 3
26 78 1
26 79 4
26 80 3
26 81 1
26 82 1
26 83 2
26 84 2
26 85 2
26 86 1
26 87 1
26 88 3
26 89 4
26 90 3
26 91 2
26 92 3
26 93 3
26 94 1
26 95 1
26 96 3
26 97 3
26 98 1
26 99 1
27 28 1
27 29 2
27 30 2
27 31 1
27 32 3
27 33 1
27 34 3
27 35 3
27 36 2
27 37 2
27 38 3
27 39 1
27 40 3
27 41 1
27 42 2
27 43 4
27 44 3
27 45 2
27 46 4
27 47 2
27 48 3
27 49 3
27 50 1
27 51 1
27 52 2
27 53 1
27 54 3
27 55 3
27 56 3
27 57 3
27 58 3
27 59 2
27 60 3
27 61 2
27 62 1
27 63 3
27 64 2
27 65 1
27 66 2
27 67 3
27 68 4
27 69 1
27 70 2
27 71 3
27 72 2
27 73 2
27 74 1
27 75 2
27 76 3
27 77 3
27 78 1
27 79 4
27 80 2
27 81 2
27 82 1
27 83 2
27 84 3
27 85 1
27 86 1
27 87 2
27 88 3
27 89 4
27 90 3
27 91 2
27 92 2
27 93 3
27 94 1
27 95 1
27 96 3
27 97 3
27 98 1
27 99 1
28 29 3
28 30 2
28 31 2
28 32 3
28 33 1
28 34 3
28 35 2
28 36 1
28 37 1
28 38 3
28 39 2
28 40 3
28 41 2
28 42 2
28 43 4
28 44 3
28 45 1
28 46 4
28 47 1
28 48 3
28 49 2
28 50 2
28 51 1
28 52 1
28 53 2
28 54 2
28 55 2
28 56 3
28 57 2
28 58 3
28 59 3
28 60 3
28 61 2
28 62 1
28 63 3
28 64 2
28 65 2
28 66 1
28 67 2
28 68 4
28 69 2
28 70 2
28 71 3
28 72 1
28 73 1
28 74 1
28 75 2
28 76 4
28 77 3
28 78 1
28 79 4
28 80 3
28 81 1
28 82 1
28 83 1
28 84 2
28 85 2
28 86 1
28 87 1
28 88 3
28 89 4
28 90 3
28 91 2
28 92 3
28 93 3
28 94 1
28 95 1
28 96 3
28 97 3
28 98 1
28 99 1
29 30 1
29 31 1
29 32 1
29 33 3
29 34 1
29 35 2
29 36 3
29 37 3
29 38 1
29 39 2
29 40 2
29 41 2
29 42 1
29 43 2
29 44 1
29 45 3
29 46 2
29 47 3
29 48 2
29 49 3
29 50 1
29 51 2
29 52 3
29 53 2
29 54 3
29 55 2
29 56 1
29 57 2
29 58 2
29 59 1
29 60 1
29 61 2
29 62 2
29 63 1
29 64 2
29 65 2
29 66 3
29 67 2
29 68 3
29 69 2
29 70 1
29 71 1
29 72 3
29 73 2
29 74 3
29 75 2
29 76 1
29 77 1
29 78 3
29 79 3
29 80 1
29 81 2
29 82 2
29 83 3
29 84 3
29 85 2
29 86 2
29 87 3
29 88 2
29 89 2
29 90 1
29 91 1
29 92 1
29 93 3
29 94 2
29 95 3
29 96 1
29 97 1
29 98 2
29 99 2
30 31 1
30 32 1
30 33 2
30 34 1
30 35 2
30 36 2
30 37 2
30 38 1
30 39 2
30 40 2
30 41 1
30 42 1
30 43 3
30 44 1
30 45 2
30 46 3
30 47 2
30 48 2
30 49 3
30 50 1
30 51 1
30 52 2
30 53 2
30 54 3
30 55 2
30 56 2
30 57 2
30 58 2
30 59 1
30 60 1
30 61 2
30 62 2
30 63 2
30 64 2
30 65 2
30 66 2
30 67 2
30 68 3
30 69 2
30 70 1
30 71 2
30 72 3
30 73 2
30 74 2
30 75 2
30 76 2
30 77 1
30 78 2
30 79 3
30 80 1
30 81 2
30 82 1
30 83 2
30 84 3
30 85 1
30 86 2
30 87 3
30 88 2
30 89 2
30 90 1
30 91 1
30 92 1
30 93 3
30 94 2
30 95 2
30 96 2
30 97 1
30 98 2
30 99 1
31 32 2
31 33 2
31 34 2
31 35 2
31 36 2
31 37 2
31 38 2
31 39 1
31 40 2
31 41 1
31 42 1
31 43 3
31 44 2
31 45 2
31 46 3
31 47 2
31 48 2
31 49 3
31 50 1
31 51 1
31 52 2
31 53 1
31 54 3
31 55 2
31 56 2
31 57 2
31 58 2
31 59 1
31 60 2
31 61 2
31 62 1
31 63 2
31 64 2
31 65 1
31 66 2
31 67 2
31 68 3
31 69 1
31 70 1
31 71 2
31 72 3
31 73 2
31 74 2
31 75 2
31 76 2
31 77 2
31 78 2
31 79 3
31 80 1
31 81 2
31 82 1
31 83 2
31 84 3
31 85 1
31 86 1
31 87 2
31 88 2
31 89 3
31 90 2
31 91 1
31 92 1
31 93 3
31 94 1
31 95 2
31 96 2
31 97 2
31 98 1
31 99 1
32 33 3
32 34 1
32 35 2
32 36 3
32 37 3
32 38 1
32 39 3
32 40 2
32 41 2
32 42 1
32 43 2
32 44 1
32 45 3
32 46 2
32 47 3
32 48 2
32 49 3
32 50 2
32 51 2
32 52 3
32 53 3
32 54 3
32 55 2
32 56 1
32 57 2
32 58 1
32 59 1
32 60 1
32 61 2
32 62 3
32 63 1
32 64 2
32 65 3
32 66 3
32 67 2
32 68 2
32 69 3
32 70 1
32 71 1
32 72 3
32 73 2
32 74 3
32 75 2
32 76 1
32 77 1
32 78 3
32 79 2
32 80 1
32 81 2
32 82 2
32 83 3
32 84 3
32 85 2
32 86 3
32 87 3
32 88 2
32 89 2
32 90 1
32 91 1
32 92 1
32 93 3
32 94 3
32 95 3
32 96 1
32 97 1
32 98 3
32 99 2
33 34 3
33 35 3
33 36 1
33 37 1
33 38 3
33 39 1
33 40 3
33 41 1
33 42 2
33 43 4
33 44 3
33 45 2
33 46 4
33 47 1
33 48 3
33 49 3
33 50 2
33 51 1
33 52 2
33 53 1
33 54 3
33 55 2
33 56 3
33 57 2
33 58 3
33 59 2
33 60 3
33 61 2
33 62 1
33 63 3
33 64 2
33 65 1
33 66 2
33 67 2
33 68 4
33 69 1
33 70 2
33 71 3
33 72 2
33 73 2
33 74 1
33 75 2
33 76 3
33 77 3
33 78 1
33 79 4
33 80 3
33 81 2
33 82 1
33 83 2
33 84 2
33 85 1
33 86 1
33 87 2
33 88 3
33 89 4
33 90 3
33 91 2
33 92 3
33 93 3
33 94 1
33 95 1
33 96 3
33 97 3
33 98 1
33 99 1
34 35 2
34 36 3
34 37 3
34 38 1
34 39 3
34 40 1
34 41 2
34 42 1
34 43 2
34 44 2
34 45 3
34 46 2
34 47 3
34 48 1
34 49 2
34 50 2
34 51 2
34 52 3
34 53 3
34 54 2
34 55 2
34 56 2
34 57 2
34 58 1
34 59 1
34 60 1
34 61 2
34 62 3
34 63 1
34 64 2
34 65 3
34 66 3
34 67 2
34 68 2
34 69 3
34 70 1
34 71 1
34 72 3
34 73 2
34 74 3
34 75 2
34 76 2
34 77 1
34 78 3
34 79 2
34 80 2
34 81 2
34 82 2
34 83 3
34 84 3
34 85 2
34 86 3
34 87 3
34 88 1
34 89 1
34 90 2
34 91 1
34 92 2
34 93 2
34 94 3
34 95 3
34 96 2
34 97 1
34 98 3
34 99 2
35 36 2
35 37 2
35 38 3
35 39 3
35 40 1
35 41 2
35 42 1
35 43 2
35 44 3
35 45 1
35 46 2
35 47 2
35 48 1
35 49 1
35 50 2
35 51 2
35 52 1
35 53 3
35 54 1
35 55 1
35 56 3
35 57 1
35 58 2
35 59 2
35 60 2
35 61 1
35 62 2
35 63 2
35 64 1
35 65 3
35 66 2
35 67 1
35 68 2
35 69 3
35 70 2
35 71 2
35 72 2
35 73 1
35 74 2
35 75 1
35 76 3
35 77 2
35 78 2
35 79 2
35 80 3
35 81 1
35 82 3
35 83 1
35 84 2
35 85 3
35 86 3
35 87 2
35 88 1
35 89 2
35 90 3
35 91 2
35 92 3
35 93 1
35 94 3
35 95 2
35 96 3
35 97 2
35 98 3
35 99 2
36 37 1
36 38 3
36 39 2
36 40 3
36 41 2
36 42 2
36 43 3
36 44 3
36 45 1
36 46 3
36 47 1
36 48 2
36 49 2
36 50 2
36 51 1
36 52 1
36 53 2
36 54 2
36 55 2
36 56 3
36 57 2
36 58 3
36 59 3
36 60 3
36 61 2
36 62 1
36 63 3
36 64 1
36 65 2
36 66 1
36 67 2
36 68 3
36 69 2
36 70 2
36 71 3
36 72 1
36 73 1
36 74 1
36 75 1
36 76 4
36 77 3
36 78 1
36 79 4
36 80 3
36 81 1
36 82 2
36 83 1
36 84 1
36 85 2
36 86 2
36 87 1
36 88 3
36 89 3
36 90 3
36 91 2
36 92 3
36 93 2
36 94 2
36 95 1
36 96 3
36 97 3
36 98 1
36 99 1
37 38 3
37 39 2
37 40 2
37 41 2
37 42 2
37 43 3
37 44 3
37 45 1
37 46 3
37 47 1
37 48 2
37 49 2
37 50 2
37 51 1
37 52 1
37 53 2
37 54 2
37 55 1
37 56 3
37 57 1
37 58 3
37 59 3
37 60 3
37 61 1
37 62 1
37 63 3
37 64 1
37 65 2
37 66 1
37 67 1
37 68 3
37 69 2
37 70 2
37 71 3
37 72 1
37 73 1
37 74 1
37 75 1
37 76 4
37 77 3
37 78 1
37 79 3
37 80 3
37 81 1
37 82 2
37 83 1
37 84 1
37 85 2
37 86 2
37 87 1
37 88 2
37 89 3
37 90 3
37 91 2
37 92 3
37 93 2
37 94 2
37 95 1
37 96 3
37 97 3
37 98 2
37 99 1
38 39 3
38 40 2
38 41 2
38 42 2
38 43 2
38 44 1
38 45 3
38 46 2
38 47 3
38 48 2
38 49 3
38 50 2
38 51 2
38 52 3
38 53 3
38 54 3
38 55 3
38 56 1
38 57 3
38 58 1
38 59 1
38 60 1
38 61 3
38 62 3
38 63 1
38 64 3
38 65 3
38 66 3
38 67 3
38 68 2
38 69 3
38 70 1
38 71 1
38 72 4
38 73 3
38 74 3
38 75 3
38 76 1
38 77 1
38 78 3
38 79 2
38 80 1
38 81 3
38 82 2
38 83 3
38 84 4
38 85 2
38 86 3
38 87 4
38 88 2
38 89 2
38 90 1
38 91 1
38 92 1
38 93 3
38 94 3
38 95 3
38 96 1
38 97 1
38 98 3
38 99 2
39 40 3
39 41 1
39 42 2
39 43 4
39 44 3
39 45 2
39 46 4
39 47 2
39 48 3
39 49 3
39 50 1
39 51 1
39 52 2
39 53 1
39 54 3
39 55 3
39 56 3
39 57 3
39 58 3
39 59 2
39 60 3
39 61 2
39 62 1
39 63 3
39 64 2
39 65 1
39 66 2
39 67 3
39 68 4
39 69 1
39 70 2
39 71 3
39 72 3
39 73 2
39 74 2
39 75 2
39 76 3
39 77 3
39 78 2
39 79 4
39 80 2
39 81 2
39 82 1
39 83 2
39 84 3
39 85 1
39 86 1
39 87 2
39 88 3
39 89 4
39 90 3
39 91 2
39 92 2
39 93 3
39 94 1
39 95 1
39 96 3
39 97 3
39 98 1
39 99 1
40 41 2
40 42 1
40 43 1
40 44 3
40 45 2
40 46 1
40 47 2
40 48 1
40 49 1
40 50 2
40 51 3
40 52 2
40 53 3
40 54 1
40 55 1
40 56 2
40 57 1
40 58 2
40 59 2
40 60 2
40 61 1
40 62 3
40 63 1
40 64 2
40 65 3
40 66 2
40 67 1
40 68 1
40 69 3
40 70 2
40 71 2
40 72 2
40 73 2
40 74 3
40 75 2
40 76 3
40 77 2
40 78 3
40 79 1
40 80 3
40 81 2
40 82 3
40 83 2
40 84 2
40 85 3
40 86 3
40 87 3
40 88 1
40 89 1
40 90 3
40 91 2
40 92 3
40 93 1
40 94 3
40 95 3
40 96 3
40 97 2
40 98 3
40 99 2
41 42 1
41 43 3
41 44 2
41 45 2
41 46 3
41 47 2
41 48 2
41 49 2
41 50 1
41 51 1
41 52 2
41 53 1
41 54 3
41 55 2
41 56 2
41 57 2
41 58 2
41 59 1
41 60 2
41 61 2
41 62 1
41 63 2
41 64 2
41 65 1
41 66 2
41 67 2
41 68 3
41 69 1
41 70 1
41 71 2
41 72 2
41 73 2
41 74 2
41 75 2
41 76 2
41 77 2
41 78 1
41 79 3
41 80 2
41 81 1
41 82 1
41 83 2
41 84 2
41 85 1
41 86 1
41 87 2
41 88 2
41 89 3
41 90 2
41 91 1
41 92 2
41 93 3
41 94 1
41 95 1
41 96 2
41 97 2
41 98 1
41 99 1
42 43 2
42 44 2
42 45 2
42 46 2
42 47 2
42 48 1
42 49 2
42 50 1
42 51 2
42 52 2
42 53 2
42 54 2
42 55 1
42 56 2
42 57 1
42 58 2
42 59 1
42 60 1
42 61 1
42 62 2
42 63 1
42 64 1
42 65 2
42 66 2
42 67 1
42 68 2
42 69 2
42 70 1
42 71 2
42 72 2
42 73 1
42 74 2
42 75 1
42 76 2
42 77 1
42 78 2
42 79 2
42 80 2
42 81 1
42 82 2
42 83 2
42 84 2
42 85 2
42 86 2
42 87 2
42 88 1
42 89 2
42 90 2
42 91 1
42 92 2
42 93 2
42 94 2
42 95 2
42 96 2
42 97 1
42 98 2
42 99 1
43 44 3
43 45 3
43 46 1
43 47 3
43 48 1
43 49 2
43 50 3
43 51 3
43 52 3
43 53 4
43 54 2
43 55 2
43 56 2
43 57 2
43 58 1
43 59 3
43 60 2
43 61 2
43 62 3
43 63 2
43 64 2
43 65 4
43 66 3
43 67 2
43 68 1
43 69 4
43 70 2
43 71 1
43 72 3
43 73 3
43 74 4
43 75 2
43 76 3
43 77 2
43 78 3
43 79 1
43 80 3
43 81 3
43 82 4
43 83 3
43 84 3
43 85 4
43 86 4
43 87 3
43 88 1
43 89 1
43 90 3
43 91 2
43 92 3
43 93 2
43 94 4
43 95 4
43 96 3
43 97 2
43 98 4
43 99 3
44 45 3
44 46 3
44 47 3
44 48 2
44 49 3
44 50 2
44 51 2
44 52 3
44 53 3
44 54 3
44 55 3
44 56 1
44 57 3
44 58 2
44 59 1
44 60 1
44 61 3
44 62 3
44 63 2
44 64 3
44 65 3
44 66 3
44 67 3
44 68 3
44 69 3
44 70 1
44 71 2
44 72 4
44 73 3
44 74 3
44 75 3
44 76 1
44 77 1
44 78 3
44 79 3
44 80 1
44 81 3
44 82 2
44 83 3
44 84 4
44 85 2
44 86 3
44 87 4
44 88 2
44 89 2
44 90 1
44 91 1
44 92 1
44 93 3
44 94 3
44 95 3
44 96 1
44 97 1
44 98 3
44 99 2
45 46 3
45 47 1
45 48 2
45 49 1
45 50 2
45 51 1
45 52 1
45 53 2
45 54 1
45 55 1
45 56 4
45 57 1
45 58 3
45 59 3
45 60 3
45 61 1
45 62 1
45 63 3
45 64 1
45 65 3
45 66 1
45 67 1
45 68 3
45 69 3
45 70 3
45 71 3
45 72 1
45 73 1
45 74 1
45 75 1
45 76 4
45 77 3
45 78 1
45 79 3
45 80 3
45 81 1
45 82 2
45 83 1
45 84 1
45 85 2
45 86 2
45 87 1
45 88 2
45 89 3
45 90 3
45 91 3
45 92 3
45 93 2
45 94 2
45 95 2
45 96 4
45 97 3
45 98 2
45 99 2
46 47 3
46 48 1
46 49 2
46 50 3
46 51 3
46 52 3
46 53 4
46 54 2
46 55 2
46 56 2
46 57 2
46 58 1
46 59 3
46 60 2
46 61 2
46 62 3
46 63 1
46 64 2
46 65 4
46 66 3
46 67 2
46 68 1
46 69 4
46 70 2
46 71 1
46 72 3
46 73 3
46 74 4
46 75 2
46 76 3
46 77 2
46 78 3
46 79 1
46 80 3
46 81 3
46 82 4
46 83 3
46 84 3
46 85 4
46 86 4
46 87 3
46 88 1
46 89 1
46 90 3
46 91 2
46 92 3
46 93 2
46 94 4
46 95 4
46 96 3
46 97 2
46 98 4
46 99 3
47 48 2
47 49 2
47 50 2
47 51 1
47 52 1
47 53 2
47 54 2
47 55 2
47 56 3
47 57 2
47 58 3
47 59 3
47 60 3
47 61 1
47 62 1
47 63 3
47 64 1
47 65 2
47 66 1
47 67 2
47 68 3
47 69 2
47 70 2
47 71 3
47 72 1
47 73 1
47 74 1
47 75 1
47 76 4
47 77 3
47 78 1
47 79 3
47 80 3
47 81 1
47 82 2
47 83 1
47 84 1
47 85 2
47 86 2
47 87 1
47 88 3
47 89 3
47 90 3
47 91 2
47 92 3
47 93 2
47 94 2
47 95 1
47 96 3
47 97 3
47 98 2
47 99 1
48 49 1
48 50 2
48 51 2
48 52 2
48 53 3
48 54 1
48 55 1
48 56 2
48 57 1
48 58 1
48 59 2
48 60 2
48 61 1
48 62 2
48 63 1
48 64 1
48 65 3
48 66 2
48 67 1
48 68 1
48 69 3
48 70 1
48 71 1
48 72 2
48 73 2
48 74 3
48 75 1
48 76 3
48 77 2
48 78 2
48 79 2
48 80 2
48 81 2
48 82 3
48 83 2
48 84 2
48 85 3
48 86 3
48 87 2
48 88 1
48 89 1
48 90 2
48 91 1
48 92 2
48 93 1
48 94 3
48 95 3
48 96 2
48 97 1
48 98 3
48 99 2
49 50 3
49 51 2
49 52 1
49 53 3
49 54 1
49 55 1
49 56 3
49 57 1
49 58 2
49 59 3
49 60 3
49 61 1
49 62 2
49 63 2
49 64 1
49 65 3
49 66 1
49 67 1
49 68 2
49 69 3
49 70 2
49 71 2
49 72 2
49 73 1
49 74 2
49 75 1
49 76 4
49 77 3
49 78 2
49 79 2
49 80 3
49 81 1
49 82 3
49 83 1
49 84 1
49 85 3
49 86 3
49 87 2
49 88 2
49 89 2
49 90 3
49 91 2
49 92 3
49 93 1
49 94 3
49 95 2
49 96 3
49 97 2
49 98 3
49 99 2
50 51 1
50 52 2
50 53 1
50 54 3
50 55 2
50 56 2
50 57 2
50 58 2
50 59 1
50 60 2
50 61 2
50 62 1
50 63 2
50 64 2
50 65 1
50 66 2
50 67 2
50 68 3
50 69 1
50 70 1
50 71 2
50 72 3
50 73 2
50 74 2
50 75 2
50 76 2
50 77 2
50 78 2
50 79 3
50 80 1
50 81 2
50 82 1
50 83 2
50 84 3
50 85 1
50 86 1
50 87 2
50 88 2
50 89 3
50 90 2
50 91 1
50 92 2
50 93 3
50 94 1
50 95 2
50 96 2
50 97 2
50 98 1
50 99 1
51 52 1
51 53 1
51 54 2
51 55 2
51 56 3
51 57 2
51 58 3
51 59 2
51 60 2
51 61 2
51 62 1
51 63 3
51 64 1
51 65 2
51 66 1
51 67 2
51 68 3
51 69 2
51 70 2
51 71 3
51 72 2
51 73 1
51 74 1
51 75 1
51 76 3
51 77 2
51 78 1
51 79 4
51 80 2
51 81 1
51 82 1
51 83 1
51 84 2
51 85 1
51 86 1
51 87 2
51 88 3
51 89 3
51 90 2
51 91 2
51 92 2
51 93 2
51 94 1
51 95 1
51 96 3
51 97 2
51 98 1
51 99 1
52 53 2
52 54 1
52 55 1
52 56 4
52 57 1
52 58 3
52 59 3
52 60 3
52 61 1
52 62 1
52 63 3
52 64 1
52 65 3
52 66 1
52 67 1
52 68 3
52 69 3
52 70 3
52 71 3
52 72 1
52 73 1
52 74 1
52 75 1
52 76 4
52 77 3
52 78 1
52 79 3
52 80 3
52 81 1
52 82 2
52 83 1
52 84 1
52 85 2
52 86 2
52 87 1
52 88 2
52 89 3
52 90 3
52 91 3
52 92 3
52 93 2
52 94 2
52 95 2
52 96 4
52 97 3
52 98 2
52 99 2
53 54 3
53 55 3
53 56 3
53 57 3
53 58 3
53 59 2
53 60 3
53 61 3
53 62 1
53 63 3
53 64 2
53 65 1
53 66 2
53 67 3
53 68 4
53 69 1
53 70 2
53 71 3
53 72 3
53 73 2
53 74 2
53 75 2
53 76 3
53 77 3
53 78 2
53 79 4
53 80 2
53 81 2
53 82 1
53 83 2
53 84 3
53 85 1
53 86 1
53 87 2
53 88 3
53 89 4
53 90 3
53 91 2
53 92 2
53 93 3
53 94 1
53 95 1
53 96 3
53 97 3
53 98 1
53 99 1
54 55 1
54 56 3
54 57 1
54 58 2
54 59 3
54 60 3
54 61 1
54 62 2
54 63 2
54 64 1
54 65 3
54 66 2
54 67 1
54 68 2
54 69 3
54 70 2
54 71 2
54 72 2
54 73 2
54 74 2
54 75 1
54 76 4
54 77 3
54 78 2
54 79 2
54 80 3
54 81 2
54 82 3
54 83 2
54 84 2
54 85 3
54 86 3
54 87 2
54 88 2
54 89 2
54 90 3
54 91 2
54 92 3
54 93 1
54 94 3
54 95 3
54 96 3
54 97 2
54 98 3
54 99 2
55 56 3
55 57 1
55 58 2
55 59 2
55 60 2
55 61 1
55 62 2
55 63 2
55 64 1
55 65 3
55 66 1
55 67 1
55 68 2
55 69 3
55 70 2
55 71 2
55 72 2
55 73 1
55 74 2
55 75 1
55 76 3
55 77 2
55 78 2
55 79 2
55 80 3
55 81 1
55 82 3
55 83 1
55 84 2
55 85 3
55 86 3
55 87 2
55 88 1
55 89 2
55 90 3
55 91 2
55 92 3
55 93 1
55 94 3
55 95 2
55 96 3
55 97 2
55 98 3
55 99 2
56 57 3
56 58 2
56 59 1
56 60 1
56 61 3
56 62 3
56 63 1
56 64 3
56 65 3
56 66 4
56 67 3
56 68 3
56 69 3
56 70 1
56 71 1
56 72 4
56 73 3
56 74 3
56 75 3
56 76 1
56 77 1
56 78 3
56 79 3
56 80 1
56 81 3
56 82 3
56 83 4
56 84 4
56 85 2
56 86 3
56 87 4
56 88 2
56 89 2
56 90 1
56 91 1
56 92 1
56 93 3
56 94 3
56 95 3
56 96 1
56 97 1
56 98 3
56 99 2
57 58 2
57 59 2
57 60 2
57 61 1
57 62 2
57 63 2
57 64 1
57 65 3
57 66 1
57 67 1
57 68 2
57 69 3
57 70 2
57 71 2
57 72 2
57 73 1
57 74 2
57 75 1
57 76 3
57 77 2
57 78 2
57 79 2
57 80 3
57 81 1
57 82 3
57 83 1
57 84 2
57 85 3
57 86 3
57 87 2
57 88 1
57 89 2
57 90 3
57 91 2
57 92 3
57 93 1
57 94 3
57 95 2
57 96 3
57 97 2
57 98 3
57 99 2
58 59 2
58 60 1
58 61 2
58 62 3
58 63 1
58 64 2
58 65 3
58 66 3
58 67 2
58 68 1
58 69 3
58 70 2
58 71 1
58 72 3
58 73 3
58 74 3
58 75 2
58 76 2
58 77 1
58 78 3
58 79 1
58 80 2
58 81 3
58 82 3
58 83 3
58 84 3
58 85 3
58 86 3
58 87 3
58 88 1
58 89 1
58 90 2
58 91 1
58 92 2
58 93 2
58 94 3
58 95 3
58 96 2
58 97 1
58 98 3
58 99 3
59 60 1
59 61 2
59 62 2
59 63 2
59 64 2
59 65 2
59 66 3
59 67 2
59 68 3
59 69 2
59 70 1
59 71 2
59 72 3
59 73 2
59 74 3
59 75 2
59 76 1
59 77 1
59 78 2
59 79 3
59 80 1
59 81 2
59 82 2
59 83 3
59 84 3
59 85 1
59 86 2
59 87 3
59 88 2
59 89 2
59 90 1
59 91 1
59 92 1
59 93 3
59 94 2
59 95 2
59 96 1
59 97 1
59 98 2
59 99 2
60 61 2
60 62 3
60 63 1
60 64 2
60 65 3
60 66 3
60 67 2
60 68 2
60 69 3
60 70 1
60 71 1
60 72 3
60 73 2
60 74 3
60 75 2
60 76 2
60 77 1
60 78 3
60 79 2
60 80 1
60 81 2
60 82 2
60 83 3
60 84 3
60 85 2
60 86 3
60 87 3
60 88 2
60 89 2
60 90 1
60 91 1
60 92 1
60 93 3
60 94 3
60 95 3
60 96 1
60 97 1
60 98 3
60 99 2
61 62 2
61 63 2
61 64 1
61 65 3
61 66 1
61 67 1
61 68 2
61 69 3
61 70 2
61 71 2
61 72 1
61 73 1
61 74 2
61 75 1
61 76 3
61 77 2
61 78 2
61 79 2
61 80 3
61 81 1
61 82 2
61 83 1
61 84 1
61 85 2
61 86 2
61 87 2
61 88 2
61 89 2
61 90 3
61 91 2
61 92 3
61 93 1
61 94 2
61 95 2
61 96 3
61 97 2
61 98 2
61 99 2
62 63 3
62 64 1
62 65 2
62 66 1
62 67 2
62 68 3
62 69 2
62 70 2
62 71 3
62 72 2
62 73 1
62 74 1
62 75 1
62 76 3
62 77 3
62 78 1
62 79 4
62 80 2
62 81 1
62 82 1
62 83 1
62 84 2
62 85 1
62 86 1
62 87 1
62 88 3
62 89 3
62 90 3
62 91 2
62 92 2
62 93 2
62 94 1
62 95 1
62 96 3
62 97 3
62 98 1
62 99 1
63 64 2
63 65 3
63 66 3
63 67 2
63 68 2
63 69 3
63 70 1
63 71 1
63 72 3
63 73 2
63 74 3
63 75 2
63 76 2
63 77 1
63 78 3
63 79 2
63 80 2
63 81 2
63 82 3
63 83 3
63 84 3
63 85 3
63 86 3
63 87 3
63 88 1
63 89 1
63 90 2
63 91 1
63 92 2
63 93 2
63 94 3
63 95 3
63 96 2
63 97 1
63 98 3
63 99 2
64 65 3
64 66 1
64 67 1
64 68 2
64 69 3
64 70 2
64 71 2
64 72 1
64 73 1
64 74 2
64 75 1
64 76 3
64 77 2
64 78 1
64 79 3
64 80 3
64 81 1
64 82 2
64 83 1
64 84 1
64 85 2
64 86 2
64 87 1
64 88 2
64 89 2
64 90 3
64 91 2
64 92 3
64 93 1
64 94 2
64 95 2
64 96 3
64 97 2
64 98 2
64 99 2
65 66 3
65 67 3
65 68 4
65 69 1
65 70 2
65 71 3
65 72 3
65 73 3
65 74 2
65 75 3
65 76 3
65 77 3
65 78 2
65 79 4
65 80 2
65 81 2
65 82 1
65 83 3
65 84 3
65 85 1
65 86 1
65 87 3
65 88 3
65 89 4
65 90 3
65 91 2
65 92 2
65 93 4
65 94 1
65 95 2
65 96 3
65 97 3
65 98 1
65 99 1
66 67 1
66 68 3
66 69 3
66 70 3
66 71 3
66 72 1
66 73 1
66 74 1
66 75 1
66 76 4
66 77 3
66 78 1
66 79 3
66 80 3
66 81 1
66 82 2
66 83 1
66 84 1
66 85 2
66 86 2
66 87 1
66 88 2
66 89 3
66 90 3
66 91 3
66 92 3
66 93 2
66 94 2
66 95 2
66 96 4
66 97 3
66 98 2
66 99 2
67 68 2
67 69 3
67 70 2
67 71 2
67 72 1
67 73 1
67 74 2
67 75 1
67 76 3
67 77 2
67 78 2
67 79 2
67 80 3
67 81 1
67 82 3
67 83 1
67 84 1
67 85 3
67 86 3
67 87 2
67 88 2
67 89 2
67 90 3
67 91 2
67 92 3
67 93 1
67 94 3
67 95 2
67 96 3
67 97 2
67 98 3
67 99 2
68 69 4
68 70 2
68 71 2
68 72 3
68 73 3
68 74 4
68 75 2
68 76 3
68 77 2
68 78 3
68 79 1
68 80 3
68 81 3
68 82 4
68 83 3
68 84 3
68 85 4
68 86 4
68 87 3
68 88 1
68 89 1
68 90 3
68 91 2
68 92 3
68 93 2
68 94 4
68 95 4
68 96 3
68 97 2
68 98 4
68 99 3
69 70 2
69 71 3
69 72 3
69 73 3
69 74 2
69 75 3
69 76 3
69 77 3
69 78 2
69 79 4
69 80 2
69 81 2
69 82 1
69 83 3
69 84 3
69 85 1
69 86 1
69 87 3
69 88 3
69 89 4
69 90 3
69 91 2
69 92 2
69 93 4
69 94 1
69 95 2
69 96 3
69 97 3
69 98 1
69 99 1
70 71 2
70 72 3
70 73 2
70 74 2
70 75 2
70 76 2
70 77 1
70 78 2
70 79 3
70 80 1
70 81 2
70 82 2
70 83 3
70 84 3
70 85 2
70 86 2
70 87 3
70 88 2
70 89 2
70 90 1
70 91 1
70 92 1
70 93 2
70 94 2
70 95 2
70 96 1
70 97 1
70 98 2
70 99 1
71 72 3
71 73 3
71 74 3
71 75 2
71 76 2
71 77 1
71 78 3
71 79 2
71 80 2
71 81 3
71 82 3
71 83 3
71 84 3
71 85 3
71 86 3
71 87 3
71 88 1
71 89 1
71 90 2
71 91 1
71 92 2
71 93 2
71 94 3
71 95 3
71 96 2
71 97 1
71 98 3
71 99 3
72 73 1
72 74 1
72 75 1
72 76 4
72 77 3
72 78 1
72 79 3
72 80 4
72 81 1
72 82 2
72 83 1
72 84 1
72 85 2
72 86 2
72 87 1
72 88 3
72 89 3
72 90 4
72 91 3
72 92 4
72 93 2
72 94 2
72 95 2
72 96 4
72 97 3
72 98 2
72 99 2
73 74 1
73 75 1
73 76 3
73 77 2
73 78 1
73 79 3
73 80 3
73 81 1
73 82 2
73 83 1
73 84 1
73 85 2
73 86 2
73 87 1
73 88 2
73 89 3
73 90 3
73 91 2
73 92 3
73 93 2
73 94 2
73 95 2
73 96 3
73 97 2
73 98 2
73 99 2
74 75 2
74 76 4
74 77 3
74 78 1
74 79 4
74 80 3
74 81 1
74 82 2
74 83 1
74 84 2
74 85 2
74 86 2
74 87 1
74 88 3
74 89 4
74 90 3
74 91 2
74 92 3
74 93 3
74 94 2
74 95 1
74 96 3
74 97 3
74 98 1
74 99 1
75 76 3
75 77 2
75 78 1
75 79 3
75 80 3
75 81 1
75 82 2
75 83 1
75 84 1
75 85 2
75 86 2
75 87 1
75 88 2
75 89 2
75 90 3
75 91 2
75 92 3
75 93 1
75 94 2
75 95 2
75 96 3
75 97 2
75 98 2
75 99 2
76 77 2
76 78 3
76 79 3
76 80 1
76 81 3
76 82 3
76 83 4
76 84 4
76 85 2
76 86 3
76 87 4
76 88 3
76 89 3
76 90 1
76 91 2
76 92 1
76 93 4
76 94 3
76 95 3
76 96 1
76 97 2
76 98 3
76 99 3
77 78 3
77 79 2
77 80 1
77 81 2
77 82 2
77 83 3
77 84 3
77 85 2
77 86 3
77 87 3
77 88 2
77 89 2
77 90 1
77 91 1
77 92 1
77 93 3
77 94 3
77 95 3
77 96 1
77 97 1
77 98 3
77 99 2
78 79 4
78 80 3
78 81 1
78 82 1
78 83 1
78 84 2
78 85 1
78 86 1
78 87 1
78 88 3
78 89 3
78 90 3
78 91 2
78 92 3
78 93 2
78 94 1
78 95 1
78 96 3
78 97 3
78 98 1
78 99 1
79 80 3
79 81 3
79 82 4
79 83 3
79 84 3
79 85 4
79 86 4
79 87 4
79 88 1
79 89 1
79 90 3
79 91 2
79 92 3
79 93 2
79 94 4
79 95 4
79 96 3
79 97 2
79 98 4
79 99 3
80 81 3
80 82 2
80 83 3
80 84 4
80 85 2
80 86 2
80 87 3
80 88 3
80 89 3
80 90 1
80 91 1
80 92 1
80 93 3
80 94 2
80 95 3
80 96 1
80 97 2
80 98 2
80 99 2
81 82 2
81 83 1
81 84 1
81 85 2
81 86 2
81 87 1
81 88 2
81 89 3
81 90 3
81 91 2
81 92 3
81 93 2
81 94 2
81 95 1
81 96 3
81 97 2
81 98 2
81 99 1
82 83 2
82 84 3
82 85 1
82 86 1
82 87 2
82 88 3
82 89 3
82 90 2
82 91 2
82 92 2
82 93 3
82 94 1
82 95 1
82 96 2
82 97 2
82 98 1
82 99 1
83 84 1
83 85 2
83 86 2
83 87 1
83 88 2
83 89 3
83 90 3
83 91 3
83 92 3
83 93 2
83 94 2
83 95 2
83 96 4
83 97 3
83 98 2
83 99 2
84 85 3
84 86 3
84 87 1
84 88 3
84 89 3
84 90 4
84 91 3
84 92 4
84 93 2
84 94 3
84 95 2
84 96 4
84 97 3
84 98 2
84 99 2
85 86 1
85 87 2
85 88 3
85 89 3
85 90 2
85 91 2
85 92 2
85 93 3
85 94 1
85 95 1
85 96 2
85 97 2
85 98 1
85 99 1
86 87 2
86 88 3
86 89 4
86 90 3
86 91 2
86 92 2
86 93 3
86 94 1
86 95 1
86 96 3
86 97 3
86 98 1
86 99 1
87 88 3
87 89 3
87 90 4
87 91 3
87 92 3
87 93 2
87 94 2
87 95 1
87 96 4
87 97 3
87 98 2
87 99 2
88 89 1
88 90 2
88 91 2
88 92 3
88 93 2
88 94 3
88 95 3
88 96 2
88 97 1
88 98 3
88 99 2
89 90 2
89 91 2
89 92 3
89 93 2
89 94 4
89 95 4
89 96 2
89 97 2
89 98 4
89 99 3
90 91 1
90 92 1
90 93 3
90 94 3
90 95 3
90 96 1
90 97 1
90 98 3
90 99 2
91 92 2
91 93 2
91 94 2
91 95 2
91 96 2
91 97 1
91 98 2
91 99 2
92 93 3
92 94 2
92 95 3
92 96 1
92 97 2
92 98 2
92 99 2
93 94 3
93 95 3
93 96 3
93 97 2
93 98 3
93 99 3
94 95 1
94 96 3
94 97 3
94 98 1
94 99 1
95 96 3
95 97 3
95 98 1
95 99 1
96 97 1
96 98 3
96 99 2
97 98 3
97 99 2
98 99 1
