100 
0 1 1
0 2 2
0 3 3
0 4 2
0 5 2
0 6 1
0 7 2
0 8 2
0 9 1
0 10 1
0 11 2
0 12 1
0 13 2
0 14 1
0 15 2
0 16 1
0 17 3
0 18 2
0 19 2
0 20 3
0 21 2
0 22 3
0 23 1
0 24 1
0 25 2
0 26 2
0 27 2
0 28 1
0 29 2
0 30 2
0 31 2
0 32 3
0 33 1
0 34 1
0 35 2
0 36 2
0 37 2
0 38 2
0 39 2
0 40 2
0 41 1
0 42 3
0 43 1
0 44 1
0 45 2
0 46 1
0 47 2
0 48 2
0 49 2
0 50 1
0 51 1
0 52 1
0 53 2
0 54 2
0 55 2
0 56 1
0 57 2
0 58 3
0 59 2
0 60 1
0 61 2
0 62 1
0 63 3
0 64 2
0 65 2
0 66 1
0 67 2
0 68 3
0 69 1
0 70 2
0 71 1
0 72 1
0 73 2
0 74 2
0 75 2
0 76 1
0 77 2
0 78 1
0 79 2
0 80 2
0 81 2
0 82 1
0 83 1
0 84 1
0 85 3
0 86 3
0 87 2
0 88 1
0 89 1
0 90 3
0 91 2
0 92 3
0 93 2
0 94 1
0 95 1
0 96 1
0 97 2
0 98 3
0 99 1
1 2 2
1 3 3
1 4 2
1 5 2
1 6 1
1 7 2
1 8 2
1 9 2
1 10 1
1 11 2
1 12 1
1 13 2
1 14 1
1 15 2
1 16 1
1 17 3
1 18 2
1 19 2
1 20 3
1 21 1
1 22 2
1 23 1
1 24 1
1 25 2
1 26 2
1 27 2
1 28 2
1 29 2
1 30 2
1 31 2
1 32 3
1 33 1
1 34 1
1 35 2
1 36 2
1 37 2
1 38 2
1 39 2
1 40 2
1 41 1
1 42 3
1 43 1
1 44 1
1 45 2
1 46 1
1 47 2
1 48 2
1 49 2
1 50 1
1 51 1
1 52 2
1 53 2
1 54 2
1 55 2
1 56 1
1 57 2
1 58 2
1 59 1
1 60 1
1 61 2
1 62 1
1 63 2
1 64 2
1 65 1
1 66 1
1 67 1
1 68 2
1 69 1
1 70 2
1 71 2
1 72 1
1 73 1
1 74 2
1 75 1
1 76 1
1 77 2
1 78 1
1 79 2
1 80 2
1 81 1
1 82 1
1 83 1
1 84 1
1 85 2
1 86 3
1 87 2
1 88 1
1 89 1
1 90 2
1 91 1
1 92 3
1 93 2
1 94 1
1 95 1
1 96 1
1 97 2
1 98 3
1 99 1
2 3 3
2 4 3
2 5 3
2 6 3
2 7 3
2 8 3
2 9 2
2 10 1
2 11 2
2 12 2
2 13 3
2 14 2
2 15 4
2 16 2
2 17 3
2 18 3
2 19 3
2 20 1
2 21 1
2 22 3
2 23 3
2 24 2
2 25 3
2 26 3
2 27 1
2 28 3
2 29 3
2 30 3
2 31 1
2 32 1
2 33 3
2 34 2
2 35 3
2 36 3
2 37 4
2 38 3
2 39 3
2 40 2
2 41 3
2 42 3
2 43 3
2 44 2
2 45 2
2 46 3
2 47 4
2 48 3
2 49 2
2 50 1
2 51 2
2 52 2
2 53 1
2 54 3
2 55 1
2 56 3
2 57 3
2 58 3
2 59 3
2 60 2
2 61 1
2 62 3
2 63 3
2 64 1
2 65 3
2 66 1
2 67 3
2 68 4
2 69 3
2 70 4
2 71 3
2 72 2
2 73 2
2 74 3
2 75 3
2 76 3
2 77 3
2 78 2
2 79 3
2 80 3
2 81 1
2 82 3
2 83 2
2 84 2
2 85 3
2 86 1
2 87 3
2 88 2
2 89 2
2 90 2
2 91 3
2 92 3
2 93 1
2 94 2
2 95 3
2 96 2
2 97 1
2 98 1
2 99 3
3 4 2
3 5 1
3 6 2
3 7 1
3 8 3
3 9 4
3 10 2
3 11 2
3 12 2
3 13 1
3 14 3
3 15 3
3 16 3
3 17 1
3 18 2
3 19 1
3 20 2
3 21 2
3 22 1
3 23 2
3 24 3
3 25 3
3 26 2
3 27 2
3 28 3
3 29 1
3 30 3
3 31 2
3 32 3
3 33 3
3 34 2
3 35 2
3 36 1
3 37 3
3 38 1
3 39 2
3 40 1
3 41 2
3 42 1
3 43 2
3 44 2
3 45 1
3 46 2
3 47 2
3 48 1
3 49 1
3 50 3
3 51 2
3 52 4
3 53 3
3 54 2
3 55 2
3 56 2
3 57 3
3 58 1
3 59 2
3 60 3
3 61 3
3 62 3
3 63 1
3 64 3
3 65 2
3 66 2
3 67 2
3 68 1
3 69 3
3 70 3
3 71 3
3 72 3
3 73 2
3 74 1
3 75 2
3 76 3
3 77 3
3 78 2
3 79 2
3 80 2
3 81 3
3 82 4
3 83 3
3 84 3
3 85 1
3 86 2
3 87 1
3 88 3
3 89 3
3 90 1
3 91 2
3 92 1
3 93 2
3 94 2
3 95 3
3 96 2
3 97 2
3 98 3
3 99 2
4 5 2
4 6 1
4 7 2
4 8 1
4 9 3
4 10 2
4 11 2
4 12 2
4 13 1
4 14 2
4 15 1
4 16 2
4 17 2
4 18 1
4 19 2
4 20 3
4 21 2
4 22 2
4 23 1
4 24 2
4 25 1
4 26 1
4 27 3
4 28 1
4 29 1
4 30 1
4 31 3
4 32 4
4 33 2
4 34 2
4 35 1
4 36 2
4 37 1
4 38 2
4 39 1
4 40 2
4 41 1
4 42 2
4 43 1
4 44 2
4 45 3
4 46 1
4 47 1
4 48 1
4 49 2
4 50 3
4 51 2
4 52 3
4 53 3
4 54 1
4 55 3
4 56 1
4 57 1
4 58 2
4 59 1
4 60 2
4 61 3
4 62 2
4 63 2
4 64 3
4 65 1
4 66 2
4 67 1
4 68 2
4 69 2
4 70 1
4 71 1
4 72 2
4 73 2
4 74 1
4 75 1
4 76 1
4 77 1
4 78 2
4 79 1
4 80 1
4 81 3
4 82 3
4 83 3
4 84 3
4 85 2
4 86 3
4 87 1
4 88 3
4 89 2
4 90 2
4 91 1
4 92 2
4 93 3
4 94 1
4 95 2
4 96 1
4 97 3
4 98 4
4 99 1
5 6 1
5 7 1
5 8 2
5 9 3
5 10 2
5 11 1
5 12 1
5 13 1
5 14 2
5 15 2
5 16 2
5 17 1
5 18 2
5 19 1
5 20 2
5 21 2
5 22 1
5 23 2
5 24 2
5 25 2
5 26 1
5 27 2
5 28 2
5 29 1
5 30 2
5 31 2
5 32 3
5 33 2
5 34 1
5 35 2
5 36 1
5 37 2
5 38 1
5 39 1
5 40 1
5 41 1
5 42 1
5 43 1
5 44 1
5 45 1
5 46 2
5 47 2
5 48 1
5 49 1
5 50 2
5 51 1
5 52 3
5 53 2
5 54 2
5 55 2
5 56 1
5 57 2
5 58 1
5 59 1
5 60 2
5 61 2
5 62 2
5 63 1
5 64 2
5 65 1
5 66 2
5 67 1
5 68 1
5 69 2
5 70 2
5 71 2
5 72 2
5 73 1
5 74 1
5 75 1
5 76 2
5 77 2
5 78 1
5 79 1
5 80 1
5 81 2
5 82 3
5 83 2
5 84 2
5 85 1
5 86 2
5 87 1
5 88 3
5 89 2
5 90 1
5 91 1
5 92 1
5 93 2
5 94 1
5 95 2
5 96 1
5 97 2
5 98 3
5 99 1
6 7 1
6 8 1
6 9 2
6 10 2
6 11 2
6 12 1
6 13 1
6 14 2
6 15 2
6 16 1
6 17 2
6 18 1
6 19 2
6 20 3
6 21 2
6 22 2
6 23 1
6 24 2
6 25 1
6 26 1
6 27 3
6 28 1
6 29 1
6 30 1
6 31 2
6 32 3
6 33 2
6 34 1
6 35 1
6 36 2
6 37 2
6 38 2
6 39 1
6 40 2
6 41 1
6 42 2
6 43 1
6 44 1
6 45 2
6 46 1
6 47 1
6 48 1
6 49 2
6 50 2
6 51 2
6 52 2
6 53 2
6 54 1
6 55 3
6 56 1
6 57 1
6 58 2
6 59 1
6 60 2
6 61 3
6 62 1
6 63 2
6 64 3
6 65 1
6 66 2
6 67 1
6 68 2
6 69 2
6 70 1
6 71 1
6 72 2
6 73 1
6 74 1
6 75 1
6 76 1
6 77 1
6 78 1
6 79 1
6 80 1
6 81 2
6 82 2
6 83 2
6 84 2
6 85 2
6 86 3
6 87 1
6 88 2
6 89 1
6 90 2
6 91 1
6 92 2
6 93 3
6 94 1
6 95 1
6 96 1
6 97 3
6 98 3
6 99 1
7 8 2
7 9 3
7 10 2
7 11 1
7 12 1
7 13 1
7 14 2
7 15 2
7 16 2
7 17 1
7 18 2
7 19 1
7 20 2
7 21 2
7 22 1
7 23 2
7 24 2
7 25 2
7 26 1
7 27 2
7 28 2
7 29 1
7 30 2
7 31 2
7 32 3
7 33 2
7 34 2
7 35 2
7 36 1
7 37 2
7 38 1
7 39 1
7 40 1
7 41 2
7 42 1
7 43 1
7 44 1
7 45 1
7 46 2
7 47 2
7 48 1
7 49 1
7 50 3
7 51 2
7 52 3
7 53 2
7 54 2
7 55 2
7 56 1
7 57 2
7 58 1
7 59 1
7 60 2
7 61 3
7 62 2
7 63 1
7 64 3
7 65 1
7 66 2
7 67 1
7 68 1
7 69 3
7 70 2
7 71 2
7 72 2
7 73 1
7 74 1
7 75 1
7 76 2
7 77 2
7 78 2
7 79 1
7 80 1
7 81 3
7 82 3
7 83 3
7 84 3
7 85 1
7 86 2
7 87 1
7 88 3
7 89 2
7 90 1
7 91 1
7 92 1
7 93 2
7 94 1
7 95 2
7 96 1
7 97 2
7 98 3
7 99 1
8 9 3
8 10 2
8 11 3
8 12 2
8 13 2
8 14 2
8 15 1
8 16 2
8 17 3
8 18 1
8 19 3
8 20 4
8 21 3
8 22 3
8 23 1
8 24 2
8 25 1
8 26 1
8 27 3
8 28 1
8 29 2
8 30 1
8 31 3
8 32 4
8 33 1
8 34 2
8 35 1
8 36 3
8 37 1
8 38 3
8 39 2
8 40 3
8 41 1
8 42 3
8 43 1
8 44 2
8 45 3
8 46 1
8 47 1
8 48 2
8 49 3
8 50 3
8 51 2
8 52 3
8 53 3
8 54 1
8 55 3
8 56 1
8 57 1
8 58 3
8 59 2
8 60 2
8 61 3
8 62 1
8 63 3
8 64 3
8 65 2
8 66 3
8 67 2
8 68 2
8 69 2
8 70 1
8 71 1
8 72 2
8 73 2
8 74 2
8 75 1
8 76 1
8 77 1
8 78 2
8 79 2
8 80 1
8 81 3
8 82 2
8 83 3
8 84 3
8 85 3
8 86 4
8 87 2
8 88 3
8 89 2
8 90 3
8 91 2
8 92 3
8 93 3
8 94 1
8 95 1
8 96 2
8 97 3
8 98 4
8 99 1
9 10 2
9 11 3
9 12 2
9 13 3
9 14 1
9 15 3
9 16 1
9 17 4
9 18 3
9 19 3
9 20 3
9 21 2
9 22 3
9 23 2
9 24 1
9 25 3
9 26 3
9 27 2
9 28 2
9 29 3
9 30 3
9 31 2
9 32 3
9 33 2
9 34 2
9 35 3
9 36 3
9 37 3
9 38 3
9 39 3
9 40 3
9 41 2
9 42 4
9 43 2
9 44 2
9 45 3
9 46 2
9 47 3
9 48 3
9 49 3
9 50 1
9 51 2
9 52 1
9 53 2
9 54 3
9 55 2
9 56 2
9 57 3
9 58 4
9 59 2
9 60 1
9 61 2
9 62 2
9 63 4
9 64 2
9 65 2
9 66 2
9 67 2
9 68 3
9 69 1
9 70 3
9 71 2
9 72 1
9 73 3
9 74 3
9 75 3
9 76 2
9 77 3
9 78 2
9 79 3
9 80 3
9 81 2
9 82 1
9 83 1
9 84 1
9 85 4
9 86 3
9 87 3
9 88 1
9 89 1
9 90 4
9 91 3
9 92 4
9 93 2
9 94 2
9 95 2
9 96 2
9 97 2
9 98 3
9 99 2
10 11 1
10 12 1
10 13 2
10 14 1
10 15 3
10 16 1
10 17 2
10 18 2
10 19 2
10 20 2
10 21 1
10 22 2
10 23 2
10 24 1
10 25 2
10 26 2
10 27 1
10 28 2
10 29 2
10 30 2
10 31 1
10 32 2
10 33 2
10 34 1
10 35 2
10 36 2
10 37 3
10 38 2
10 39 2
10 40 1
10 41 2
10 42 3
10 43 2
10 44 1
10 45 2
10 46 2
10 47 3
10 48 2
10 49 2
10 50 1
10 51 1
10 52 2
10 53 1
10 54 2
10 55 1
10 56 2
10 57 2
10 58 2
10 59 2
10 60 2
10 61 1
10 62 2
10 63 3
10 64 1
10 65 2
10 66 1
10 67 2
10 68 3
10 69 2
10 70 3
10 71 2
10 72 1
10 73 1
10 74 2
10 75 2
10 76 2
10 77 2
10 78 1
10 79 2
10 80 2
10 81 1
10 82 2
10 83 1
10 84 1
10 85 3
10 86 2
10 87 2
10 88 1
10 89 1
10 90 2
10 91 2
10 92 3
10 93 1
10 94 1
10 95 2
10 96 1
10 97 1
10 98 2
10 99 2
11 12 1
11 13 2
11 14 2
11 15 3
11 16 2
11 17 2
11 18 2
11 19 1
11 20 1
11 21 1
11 22 2
11 23 2
11 24 2
11 25 3
11 26 2
11 27 1
11 28 3
11 29 2
11 30 3
11 31 1
11 32 2
11 33 3
11 34 2
11 35 2
11 36 1
11 37 3
11 38 1
11 39 2
11 40 1
11 41 2
11 42 2
11 43 2
11 44 1
11 45 1
11 46 2
11 47 3
11 48 1
11 49 1
11 50 2
11 51 1
11 52 3
11 53 1
11 54 2
11 55 1
11 56 2
11 57 2
11 58 2
11 59 1
11 60 2
11 61 2
11 62 3
11 63 2
11 64 2
11 65 1
11 66 1
11 67 1
11 68 2
11 69 3
11 70 3
11 71 3
11 72 2
11 73 1
11 74 2
11 75 2
11 76 2
11 77 3
11 78 1
11 79 2
11 80 2
11 81 2
11 82 3
11 83 2
11 84 2
11 85 2
11 86 1
11 87 2
11 88 2
11 89 2
11 90 1
11 91 1
11 92 2
11 93 1
11 94 2
11 95 2
11 96 2
11 97 1
11 98 2
11 99 2
12 13 1
12 14 2
12 15 2
12 16 1
12 17 2
12 18 2
12 19 1
12 20 2
12 21 1
12 22 2
12 23 1
12 24 2
12 25 2
12 26 1
12 27 2
12 28 2
12 29 1
12 30 2
12 31 2
12 32 3
12 33 2
12 34 1
12 35 2
12 36 1
12 37 2
12 38 1
12 39 1
12 40 1
12 41 1
12 42 2
12 43 1
12 44 1
12 45 1
12 46 1
12 47 2
12 48 1
12 49 1
12 50 2
12 51 1
12 52 2
12 53 2
12 54 2
12 55 2
12 56 1
12 57 2
12 58 2
12 59 1
12 60 2
12 61 2
12 62 2
12 63 2
12 64 2
12 65 1
12 66 1
12 67 1
12 68 2
12 69 2
12 70 2
12 71 2
12 72 2
12 73 1
12 74 1
12 75 1
12 76 2
12 77 2
12 78 1
12 79 2
12 80 2
12 81 2
12 82 2
12 83 2
12 84 2
12 85 2
12 86 2
12 87 1
12 88 2
12 89 1
12 90 2
12 91 1
12 92 2
12 93 2
12 94 1
12 95 1
12 96 1
12 97 2
12 98 3
12 99 1
13 14 2
13 15 2
13 16 2
13 17 2
13 18 1
13 19 1
13 20 3
13 21 2
13 22 1
13 23 1
13 24 2
13 25 2
13 26 1
13 27 3
13 28 2
13 29 1
13 30 2
13 31 3
13 32 4
13 33 2
13 34 2
13 35 1
13 36 1
13 37 2
13 38 1
13 39 1
13 40 2
13 41 1
13 42 1
13 43 1
13 44 1
13 45 2
13 46 2
13 47 1
13 48 1
13 49 2
13 50 3
13 51 2
13 52 3
13 53 3
13 54 1
13 55 3
13 56 1
13 57 2
13 58 1
13 59 1
13 60 2
13 61 3
13 62 2
13 63 1
13 64 3
13 65 1
13 66 2
13 67 1
13 68 1
13 69 3
13 70 2
13 71 2
13 72 2
13 73 1
13 74 1
13 75 1
13 76 2
13 77 2
13 78 2
13 79 1
13 80 1
13 81 3
13 82 3
13 83 3
13 84 3
13 85 1
13 86 3
13 87 1
13 88 3
13 89 2
13 90 2
13 91 1
13 92 2
13 93 3
13 94 1
13 95 2
13 96 1
13 97 3
13 98 4
13 99 1
14 15 2
14 16 1
14 17 3
14 18 2
14 19 3
14 20 3
14 21 2
14 22 3
14 23 1
14 24 1
14 25 2
14 26 2
14 27 2
14 28 1
14 29 2
14 30 2
14 31 2
14 32 3
14 33 1
14 34 1
14 35 2
14 36 3
14 37 2
14 38 3
14 39 2
14 40 2
14 41 1
14 42 3
14 43 2
14 44 1
14 45 3
14 46 1
14 47 2
14 48 2
14 49 2
14 50 1
14 51 1
14 52 1
14 53 2
14 54 2
14 55 2
14 56 2
14 57 2
14 58 3
14 59 2
14 60 1
14 61 2
14 62 1
14 63 3
14 64 2
14 65 2
14 66 1
14 67 2
14 68 3
14 69 1
14 70 2
14 71 2
14 72 1
14 73 2
14 74 2
14 75 2
14 76 1
14 77 2
14 78 1
14 79 2
14 80 2
14 81 1
14 82 1
14 83 1
14 84 1
14 85 3
14 86 3
14 87 2
14 88 1
14 89 1
14 90 3
14 91 2
14 92 3
14 93 2
14 94 1
14 95 1
14 96 1
14 97 2
14 98 3
14 99 1
15 16 2
15 17 3
15 18 1
15 19 3
15 20 4
15 21 3
15 22 3
15 23 1
15 24 3
15 25 1
15 26 2
15 27 4
15 28 1
15 29 2
15 30 1
15 31 3
15 32 4
15 33 2
15 34 2
15 35 1
15 36 3
15 37 1
15 38 3
15 39 2
15 40 3
15 41 2
15 42 3
15 43 2
15 44 2
15 45 3
15 46 2
15 47 1
15 48 2
15 49 3
15 50 3
15 51 3
15 52 3
15 53 3
15 54 1
15 55 4
15 56 1
15 57 1
15 58 3
15 59 2
15 60 2
15 61 4
15 62 1
15 63 3
15 64 4
15 65 2
15 66 3
15 67 2
15 68 2
15 69 2
15 70 1
15 71 1
15 72 2
15 73 2
15 74 2
15 75 2
15 76 1
15 77 1
15 78 2
15 79 2
15 80 2
15 81 3
15 82 2
15 83 3
15 84 3
15 85 3
15 86 4
15 87 2
15 88 3
15 89 2
15 90 3
15 91 2
15 92 3
15 93 4
15 94 2
15 95 2
15 96 2
15 97 4
15 98 4
15 99 2
16 17 3
16 18 2
16 19 2
16 20 3
16 21 1
16 22 2
16 23 1
16 24 1
16 25 2
16 26 2
16 27 2
16 28 1
16 29 2
16 30 2
16 31 2
16 32 3
16 33 1
16 34 1
16 35 2
16 36 2
16 37 2
16 38 2
16 39 2
16 40 2
16 41 1
16 42 3
16 43 1
16 44 1
16 45 2
16 46 1
16 47 2
16 48 2
16 49 2
16 50 1
16 51 1
16 52 2
16 53 2
16 54 2
16 55 2
16 56 1
16 57 2
16 58 3
16 59 1
16 60 1
16 61 2
16 62 1
16 63 3
16 64 2
16 65 1
16 66 1
16 67 1
16 68 2
16 69 1
16 70 2
16 71 1
16 72 1
16 73 2
16 74 2
16 75 2
16 76 1
16 77 2
16 78 1
16 79 2
16 80 2
16 81 1
16 82 1
16 83 1
16 84 1
16 85 3
16 86 3
16 87 2
16 88 1
16 89 1
16 90 3
16 91 2
16 92 3
16 93 2
16 94 1
16 95 1
16 96 1
16 97 2
16 98 3
16 99 1
17 18 3
17 19 1
17 20 2
17 21 2
17 22 1
17 23 3
17 24 3
17 25 3
17 26 2
17 27 2
17 28 3
17 29 2
17 30 3
17 31 2
17 32 3
17 33 3
17 34 2
17 35 3
17 36 1
17 37 3
17 38 1
17 39 2
17 40 1
17 41 2
17 42 1
17 43 2
17 44 2
17 45 1
17 46 3
17 47 3
17 48 1
17 49 1
17 50 3
17 51 2
17 52 4
17 53 3
17 54 2
17 55 2
17 56 2
17 57 3
17 58 1
17 59 2
17 60 3
17 61 3
17 62 3
17 63 1
17 64 3
17 65 2
17 66 2
17 67 2
17 68 1
17 69 3
17 70 3
17 71 3
17 72 3
17 73 2
17 74 2
17 75 2
17 76 3
17 77 3
17 78 2
17 79 2
17 80 2
17 81 3
17 82 4
17 83 3
17 84 3
17 85 1
17 86 2
17 87 1
17 88 3
17 89 3
17 90 1
17 91 2
17 92 1
17 93 2
17 94 2
17 95 3
17 96 2
17 97 2
17 98 3
17 99 2
18 19 2
18 20 3
18 21 3
18 22 2
18 23 1
18 24 2
18 25 1
18 26 1
18 27 3
18 28 1
18 29 1
18 30 1
18 31 3
18 32 4
18 33 2
18 34 2
18 35 1
18 36 2
18 37 1
18 38 2
18 39 1
18 40 2
18 41 1
18 42 2
18 43 1
18 44 2
18 45 3
18 46 1
18 47 1
18 48 2
18 49 2
18 50 3
18 51 2
18 52 3
18 53 3
18 54 1
18 55 3
18 56 1
18 57 1
18 58 2
18 59 1
18 60 2
18 61 3
18 62 2
18 63 2
18 64 3
18 65 1
18 66 3
18 67 1
18 68 2
18 69 2
18 70 1
18 71 1
18 72 2
18 73 2
18 74 2
18 75 1
18 76 1
18 77 1
18 78 2
18 79 1
18 80 1
18 81 3
18 82 3
18 83 3
18 84 3
18 85 2
18 86 3
18 87 2
18 88 3
18 89 2
18 90 3
18 91 2
18 92 3
18 93 3
18 94 1
18 95 2
18 96 2
18 97 3
18 98 4
18 99 1
19 20 2
19 21 2
19 22 1
19 23 2
19 24 3
19 25 3
19 26 2
19 27 2
19 28 3
19 29 1
19 30 3
19 31 2
19 32 3
19 33 3
19 34 2
19 35 2
19 36 1
19 37 3
19 38 1
19 39 1
19 40 1
19 41 2
19 42 1
19 43 2
19 44 2
19 45 1
19 46 2
19 47 2
19 48 1
19 49 1
19 50 3
19 51 2
19 52 3
19 53 2
19 54 2
19 55 2
19 56 2
19 57 3
19 58 1
19 59 2
19 60 3
19 61 3
19 62 3
19 63 1
19 64 3
19 65 2
19 66 2
19 67 2
19 68 1
19 69 3
19 70 3
19 71 3
19 72 3
19 73 1
19 74 1
19 75 2
19 76 3
19 77 3
19 78 2
19 79 2
19 80 2
19 81 3
19 82 3
19 83 3
19 84 3
19 85 1
19 86 2
19 87 1
19 88 3
19 89 2
19 90 1
19 91 1
19 92 1
19 93 2
19 94 2
19 95 2
19 96 2
19 97 2
19 98 3
19 99 2
20 21 2
20 22 2
20 23 3
20 24 3
20 25 4
20 26 3
20 27 1
20 28 4
20 29 3
20 30 4
20 31 1
20 32 1
20 33 4
20 34 3
20 35 3
20 36 2
20 37 4
20 38 2
20 39 2
20 40 1
20 41 3
20 42 2
20 43 3
20 44 2
20 45 1
20 46 3
20 47 3
20 48 2
20 49 1
20 50 2
20 51 2
20 52 3
20 53 2
20 54 3
20 55 1
20 56 3
20 57 3
20 58 2
20 59 2
20 60 3
20 61 2
20 62 4
20 63 2
20 64 2
20 65 2
20 66 2
20 67 2
20 68 3
20 69 4
20 70 4
20 71 4
20 72 3
20 73 2
20 74 2
20 75 3
20 76 3
20 77 4
20 78 2
20 79 3
20 80 3
20 81 2
20 82 3
20 83 2
20 84 2
20 85 2
20 86 1
20 87 2
20 88 3
20 89 3
20 90 1
20 91 2
20 92 2
20 93 1
20 94 3
20 95 3
20 96 3
20 97 1
20 98 1
20 99 3
21 22 2
21 23 2
21 24 1
21 25 2
21 26 2
21 27 1
21 28 2
21 29 2
21 30 3
21 31 1
21 32 2
21 33 2
21 34 1
21 35 3
21 36 2
21 37 3
21 38 2
21 39 2
21 40 1
21 41 2
21 42 3
21 43 2
21 44 1
21 45 2
21 46 2
21 47 3
21 48 2
21 49 1
21 50 1
21 51 1
21 52 2
21 53 1
21 54 3
21 55 1
21 56 2
21 57 2
21 58 2
21 59 2
21 60 2
21 61 1
21 62 2
21 63 2
21 64 1
21 65 2
21 66 1
21 67 2
21 68 3
21 69 2
21 70 3
21 71 2
21 72 2
21 73 1
21 74 2
21 75 2
21 76 2
21 77 3
21 78 1
21 79 3
21 80 3
21 81 1
21 82 2
21 83 1
21 84 1
21 85 2
21 86 2
21 87 2
21 88 1
21 89 1
21 90 2
21 91 2
21 92 2
21 93 1
21 94 2
21 95 2
21 96 1
21 97 1
21 98 2
21 99 2
22 23 2
22 24 3
22 25 3
22 26 2
22 27 3
22 28 3
22 29 1
22 30 3
22 31 3
22 32 3
22 33 3
22 34 2
22 35 2
22 36 1
22 37 3
22 38 1
22 39 1
22 40 2
22 41 2
22 42 1
22 43 2
22 44 2
22 45 2
22 46 2
22 47 2
22 48 1
22 49 1
22 50 3
22 51 2
22 52 4
22 53 3
22 54 2
22 55 2
22 56 2
22 57 2
22 58 1
22 59 2
22 60 3
22 61 3
22 62 3
22 63 1
22 64 3
22 65 1
22 66 2
22 67 2
22 68 1
22 69 3
22 70 3
22 71 3
22 72 3
22 73 1
22 74 1
22 75 2
22 76 3
22 77 3
22 78 2
22 79 1
22 80 2
22 81 3
22 82 3
22 83 3
22 84 3
22 85 1
22 86 2
22 87 1
22 88 3
22 89 2
22 90 1
22 91 1
22 92 1
22 93 3
22 94 2
22 95 2
22 96 2
22 97 3
22 98 3
22 99 2
23 24 2
23 25 1
23 26 1
23 27 3
23 28 1
23 29 2
23 30 1
23 31 2
23 32 3
23 33 1
23 34 1
23 35 1
23 36 2
23 37 1
23 38 2
23 39 1
23 40 2
23 41 1
23 42 2
23 43 1
23 44 1
23 45 2
23 46 1
23 47 1
23 48 2
23 49 2
23 50 2
23 51 2
23 52 2
23 53 2
23 54 1
23 55 3
23 56 1
23 57 1
23 58 2
23 59 1
23 60 2
23 61 3
23 62 1
23 63 2
23 64 3
23 65 1
23 66 2
23 67 1
23 68 2
23 69 2
23 70 1
23 71 1
23 72 1
23 73 2
23 74 1
23 75 1
23 76 1
23 77 1
23 78 1
23 79 1
23 80 1
23 81 2
23 82 2
23 83 2
23 84 2
23 85 2
23 86 3
23 87 2
23 88 2
23 89 1
23 90 3
23 91 1
23 92 3
23 93 3
23 94 1
23 95 1
23 96 1
23 97 3
23 98 3
23 99 1
24 25 2
24 26 2
24 27 2
24 28 2
24 29 3
24 30 2
24 31 2
24 32 3
24 33 1
24 34 1
24 35 2
24 36 3
24 37 2
24 38 3
24 39 2
24 40 2
24 41 2
24 42 3
24 43 2
24 44 2
24 45 3
24 46 1
24 47 3
24 48 2
24 49 2
24 50 1
24 51 1
24 52 1
24 53 1
24 54 2
24 55 2
24 56 2
24 57 2
24 58 3
24 59 2
24 60 1
24 61 2
24 62 2
24 63 3
24 64 2
24 65 2
24 66 1
24 67 2
24 68 3
24 69 1
24 70 2
24 71 2
24 72 1
24 73 2
24 74 2
24 75 2
24 76 2
24 77 2
24 78 1
24 79 3
24 80 3
24 81 1
24 82 1
24 83 1
24 84 1
24 85 3
24 86 3
24 87 3
24 88 1
24 89 1
24 90 3
24 91 2
24 92 3
24 93 2
24 94 2
24 95 1
24 96 1
24 97 2
24 98 3
24 99 2
25 26 2
25 27 3
25 28 1
25 29 2
25 30 1
25 31 3
25 32 4
25 33 1
25 34 2
25 35 1
25 36 3
25 37 1
25 38 3
25 39 2
25 40 3
25 41 1
25 42 3
25 43 1
25 44 2
25 45 3
25 46 1
25 47 1
25 48 2
25 49 3
25 50 3
25 51 2
25 52 3
25 53 3
25 54 1
25 55 3
25 56 1
25 57 1
25 58 3
25 59 2
25 60 2
25 61 3
25 62 1
25 63 3
25 64 3
25 65 2
25 66 2
25 67 2
25 68 2
25 69 2
25 70 1
25 71 1
25 72 2
25 73 2
25 74 2
25 75 1
25 76 1
25 77 1
25 78 2
25 79 2
25 80 2
25 81 3
25 82 2
25 83 3
25 84 3
25 85 3
25 86 4
25 87 2
25 88 3
25 89 2
25 90 3
25 91 2
25 92 3
25 93 3
25 94 1
25 95 1
25 96 1
25 97 3
25 98 4
25 99 1
26 27 3
26 28 2
26 29 1
26 30 1
26 31 3
26 32 4
26 33 2
26 34 2
26 35 1
26 36 2
26 37 2
26 38 2
26 39 1
26 40 2
26 41 1
26 42 2
26 43 1
26 44 2
26 45 2
26 46 1
26 47 1
26 48 1
26 49 2
26 50 3
26 51 2
26 52 3
26 53 3
26 54 1
26 55 3
26 56 1
26 57 1
26 58 2
26 59 1
26 60 2
26 61 3
26 62 2
26 63 2
26 64 3
26 65 1
26 66 2
26 67 1
26 68 1
26 69 2
26 70 2
26 71 2
26 72 2
26 73 2
26 74 1
26 75 1
26 76 2
26 77 2
26 78 2
26 79 1
26 80 1
26 81 3
26 82 3
26 83 3
26 84 3
26 85 2
26 86 3
26 87 1
26 88 3
26 89 2
26 90 2
26 91 1
26 92 2
26 93 3
26 94 1
26 95 2
26 96 1
26 97 3
26 98 4
26 99 1
27 28 3
27 29 3
27 30 3
27 31 1
27 32 1
27 33 3
27 34 2
27 35 3
27 36 2
27 37 3
27 38 2
27 39 3
27 40 1
27 41 2
27 42 3
27 43 2
27 44 2
27 45 2
27 46 2
27 47 3
27 48 2
27 49 2
27 50 1
27 51 1
27 52 2
27 53 1
27 54 3
27 55 1
27 56 3
27 57 3
27 58 3
27 59 2
27 60 2
27 61 1
27 62 3
27 63 3
27 64 1
27 65 2
27 66 1
27 67 2
27 68 3
27 69 3
27 70 3
27 71 3
27 72 2
27 73 2
27 74 3
27 75 3
27 76 3
27 77 3
27 78 2
27 79 3
27 80 3
27 81 1
27 82 3
27 83 2
27 84 2
27 85 3
27 86 1
27 87 3
27 88 2
27 89 2
27 90 2
27 91 2
27 92 3
27 93 1
27 94 2
27 95 3
27 96 2
27 97 1
27 98 1
27 99 2
28 29 2
28 30 1
28 31 3
28 32 4
28 33 1
28 34 1
28 35 2
28 36 3
28 37 1
28 38 3
28 39 2
28 40 3
28 41 1
28 42 3
28 43 1
28 44 2
28 45 3
28 46 1
28 47 2
28 48 2
28 49 3
28 50 2
28 51 2
28 52 2
28 53 3
28 54 2
28 55 3
28 56 1
28 57 1
28 58 3
28 59 2
28 60 2
28 61 3
28 62 1
28 63 3
28 64 3
28 65 2
28 66 2
28 67 2
28 68 3
28 69 1
28 70 1
28 71 1
28 72 1
28 73 2
28 74 2
28 75 2
28 76 1
28 77 1
28 78 2
28 79 2
28 80 2
28 81 2
28 82 2
28 83 2
28 84 2
28 85 3
28 86 4
28 87 2
28 88 2
28 89 1
28 90 3
28 91 2
28 92 3
28 93 3
28 94 1
28 95 1
28 96 1
28 97 3
28 98 4
28 99 1
29 30 2
29 31 3
29 32 4
29 33 2
29 34 2
29 35 1
29 36 1
29 37 2
29 38 1
29 39 1
29 40 2
29 41 2
29 42 1
29 43 1
29 44 2
29 45 2
29 46 2
29 47 1
29 48 1
29 49 2
29 50 3
29 51 2
29 52 3
29 53 3
29 54 1
29 55 3
29 56 1
29 57 2
29 58 1
29 59 1
29 60 3
29 61 3
29 62 2
29 63 1
29 64 3
29 65 1
29 66 2
29 67 1
29 68 1
29 69 3
29 70 2
29 71 2
29 72 2
29 73 1
29 74 1
29 75 1
29 76 2
29 77 2
29 78 2
29 79 1
29 80 1
29 81 3
29 82 3
29 83 3
29 84 3
29 85 1
29 86 3
29 87 1
29 88 3
29 89 2
29 90 2
29 91 1
29 92 2
29 93 3
29 94 2
29 95 2
29 96 2
29 97 3
29 98 4
29 99 1
30 31 3
30 32 4
30 33 1
30 34 2
30 35 1
30 36 3
30 37 1
30 38 3
30 39 2
30 40 3
30 41 1
30 42 3
30 43 1
30 44 2
30 45 3
30 46 1
30 47 1
30 48 2
30 49 3
30 50 3
30 51 2
30 52 3
30 53 3
30 54 1
30 55 3
30 56 1
30 57 1
30 58 3
30 59 2
30 60 2
30 61 3
30 62 1
30 63 3
30 64 3
30 65 2
30 66 3
30 67 2
30 68 2
30 69 2
30 70 1
30 71 1
30 72 2
30 73 2
30 74 2
30 75 1
30 76 1
30 77 1
30 78 2
30 79 2
30 80 2
30 81 3
30 82 2
30 83 3
30 84 3
30 85 3
30 86 4
30 87 2
30 88 3
30 89 2
30 90 3
30 91 2
30 92 3
30 93 3
30 94 1
30 95 1
30 96 2
30 97 3
30 98 4
30 99 1
31 32 1
31 33 3
31 34 2
31 35 3
31 36 2
31 37 3
31 38 2
31 39 2
31 40 1
31 41 2
31 42 3
31 43 2
31 44 2
31 45 2
31 46 2
31 47 3
31 48 2
31 49 2
31 50 1
31 51 1
31 52 2
31 53 1
31 54 3
31 55 1
31 56 2
31 57 3
31 58 3
31 59 2
31 60 2
31 61 1
31 62 3
31 63 3
31 64 1
31 65 2
31 66 1
31 67 2
31 68 3
31 69 3
31 70 3
31 71 3
31 72 2
31 73 2
31 74 3
31 75 2
31 76 3
31 77 3
31 78 1
31 79 3
31 80 3
31 81 1
31 82 2
31 83 1
31 84 1
31 85 3
31 86 1
31 87 3
31 88 2
31 89 2
31 90 2
31 91 2
31 92 3
31 93 1
31 94 2
31 95 2
31 96 2
31 97 1
31 98 1
31 99 2
32 33 4
32 34 3
32 35 4
32 36 3
32 37 4
32 38 3
32 39 3
32 40 2
32 41 3
32 42 3
32 43 3
32 44 3
32 45 2
32 46 3
32 47 4
32 48 3
32 49 2
32 50 2
32 51 2
32 52 3
32 53 2
32 54 4
32 55 1
32 56 3
32 57 4
32 58 3
32 59 3
32 60 3
32 61 1
32 62 4
32 63 3
32 64 2
32 65 3
32 66 2
32 67 3
32 68 4
32 69 4
32 70 4
32 71 4
32 72 3
32 73 3
32 74 3
32 75 3
32 76 4
32 77 4
32 78 2
32 79 4
32 80 4
32 81 2
32 82 3
32 83 2
32 84 2
32 85 3
32 86 1
32 87 3
32 88 3
32 89 3
32 90 2
32 91 3
32 92 3
32 93 1
32 94 3
32 95 3
32 96 3
32 97 1
32 98 1
32 99 3
33 34 1
33 35 2
33 36 3
33 37 1
33 38 3
33 39 2
33 40 3
33 41 1
33 42 3
33 43 2
33 44 2
33 45 3
33 46 1
33 47 2
33 48 2
33 49 3
33 50 2
33 51 2
33 52 2
33 53 2
33 54 2
33 55 3
33 56 1
33 57 2
33 58 3
33 59 2
33 60 1
33 61 3
33 62 1
33 63 3
33 64 3
33 65 2
33 66 2
33 67 2
33 68 3
33 69 1
33 70 1
33 71 1
33 72 1
33 73 2
33 74 2
33 75 2
33 76 1
33 77 1
33 78 2
33 79 2
33 80 2
33 81 2
33 82 1
33 83 2
33 84 2
33 85 3
33 86 4
33 87 3
33 88 2
33 89 1
33 90 3
33 91 2
33 92 3
33 93 3
33 94 1
33 95 1
33 96 1
33 97 3
33 98 4
33 99 1
34 35 2
34 36 2
34 37 2
34 38 2
34 39 1
34 40 2
34 41 1
34 42 2
34 43 1
34 44 1
34 45 2
34 46 1
34 47 2
34 48 2
34 49 2
34 50 1
34 51 1
34 52 2
34 53 2
34 54 2
34 55 2
34 56 1
34 57 2
34 58 2
34 59 1
34 60 1
34 61 2
34 62 1
34 63 2
34 64 2
34 65 1
34 66 1
34 67 1
34 68 2
34 69 1
34 70 2
34 71 1
34 72 1
34 73 1
34 74 1
34 75 1
34 76 1
34 77 2
34 78 1
34 79 2
34 80 2
34 81 2
34 82 2
34 83 2
34 84 2
34 85 2
34 86 3
34 87 2
34 88 2
34 89 1
34 90 2
34 91 1
34 92 2
34 93 2
34 94 1
34 95 1
34 96 1
34 97 2
34 98 3
34 99 1
35 36 2
35 37 1
35 38 2
35 39 1
35 40 2
35 41 1
35 42 2
35 43 1
35 44 2
35 45 3
35 46 1
35 47 1
35 48 2
35 49 2
35 50 3
35 51 2
35 52 3
35 53 3
35 54 1
35 55 3
35 56 1
35 57 1
35 58 2
35 59 1
35 60 2
35 61 3
35 62 2
35 63 2
35 64 3
35 65 1
35 66 3
35 67 1
35 68 2
35 69 2
35 70 1
35 71 1
35 72 2
35 73 2
35 74 1
35 75 1
35 76 1
35 77 1
35 78 2
35 79 1
35 80 1
35 81 3
35 82 3
35 83 3
35 84 3
35 85 2
35 86 3
35 87 2
35 88 3
35 89 2
35 90 3
35 91 1
35 92 3
35 93 3
35 94 1
35 95 2
35 96 2
35 97 3
35 98 4
35 99 1
36 37 3
36 38 1
36 39 1
36 40 1
36 41 2
36 42 1
36 43 2
36 44 2
36 45 1
36 46 2
36 47 2
36 48 1
36 49 1
36 50 3
36 51 2
36 52 3
36 53 2
36 54 2
36 55 2
36 56 2
36 57 2
36 58 1
36 59 1
36 60 3
36 61 3
36 62 3
36 63 1
36 64 3
36 65 1
36 66 2
36 67 1
36 68 1
36 69 3
36 70 3
36 71 3
36 72 3
36 73 1
36 74 1
36 75 2
36 76 2
36 77 3
36 78 2
36 79 2
36 80 2
36 81 3
36 82 3
36 83 3
36 84 3
36 85 1
36 86 2
36 87 1
36 88 3
36 89 2
36 90 1
36 91 1
36 92 1
36 93 2
36 94 2
36 95 2
36 96 2
36 97 2
36 98 3
36 99 2
37 38 3
37 39 2
37 40 3
37 41 2
37 42 3
37 43 2
37 44 2
37 45 3
37 46 1
37 47 1
37 48 2
37 49 3
37 50 3
37 51 2
37 52 3
37 53 3
37 54 2
37 55 3
37 56 1
37 57 1
37 58 3
37 59 2
37 60 2
37 61 3
37 62 1
37 63 3
37 64 3
37 65 2
37 66 3
37 67 2
37 68 3
37 69 2
37 70 1
37 71 1
37 72 2
37 73 2
37 74 2
37 75 2
37 76 1
37 77 1
37 78 2
37 79 2
37 80 2
37 81 3
37 82 2
37 83 3
37 84 3
37 85 3
37 86 4
37 87 2
37 88 3
37 89 2
37 90 3
37 91 2
37 92 3
37 93 3
37 94 2
37 95 1
37 96 2
37 97 3
37 98 4
37 99 2
38 39 1
38 40 1
38 41 2
38 42 1
38 43 2
38 44 2
38 45 1
38 46 2
38 47 2
38 48 1
38 49 1
38 50 3
38 51 2
38 52 3
38 53 2
38 54 2
38 55 2
38 56 2
38 57 2
38 58 1
38 59 1
38 60 3
38 61 3
38 62 3
38 63 1
38 64 3
38 65 1
38 66 2
38 67 1
38 68 1
38 69 3
38 70 3
38 71 3
38 72 3
38 73 1
38 74 1
38 75 2
38 76 2
38 77 3
38 78 2
38 79 2
38 80 2
38 81 3
38 82 3
38 83 3
38 84 3
38 85 1
38 86 2
38 87 1
38 88 3
38 89 2
38 90 1
38 91 1
38 92 1
38 93 2
38 94 2
38 95 2
38 96 2
38 97 2
38 98 3
38 99 2
39 40 2
39 41 1
39 42 1
39 43 1
39 44 1
39 45 2
39 46 1
39 47 1
39 48 1
39 49 1
39 50 2
39 51 2
39 52 3
39 53 2
39 54 1
39 55 2
39 56 1
39 57 2
39 58 1
39 59 1
39 60 2
39 61 3
39 62 2
39 63 1
39 64 3
39 65 1
39 66 2
39 67 1
39 68 1
39 69 2
39 70 2
39 71 2
39 72 2
39 73 1
39 74 1
39 75 1
39 76 2
39 77 2
39 78 1
39 79 1
39 80 1
39 81 2
39 82 3
39 83 2
39 84 2
39 85 1
39 86 2
39 87 1
39 88 3
39 89 2
39 90 2
39 91 1
39 92 2
39 93 3
39 94 1
39 95 2
39 96 1
39 97 3
39 98 3
39 99 1
40 41 2
40 42 2
40 43 2
40 44 1
40 45 1
40 46 2
40 47 3
40 48 1
40 49 1
40 50 2
40 51 1
40 52 3
40 53 2
40 54 2
40 55 1
40 56 2
40 57 3
40 58 2
40 59 2
40 60 2
40 61 2
40 62 3
40 63 2
40 64 2
40 65 1
40 66 1
40 67 2
40 68 2
40 69 3
40 70 3
40 71 3
40 72 2
40 73 1
40 74 2
40 75 2
40 76 3
40 77 3
40 78 1
40 79 2
40 80 2
40 81 2
40 82 3
40 83 2
40 84 2
40 85 2
40 86 1
40 87 2
40 88 2
40 89 2
40 90 1
40 91 1
40 92 2
40 93 1
40 94 2
40 95 2
40 96 2
40 97 1
40 98 2
40 99 2
41 42 2
41 43 1
41 44 1
41 45 2
41 46 1
41 47 2
41 48 2
41 49 2
41 50 2
41 51 1
41 52 2
41 53 2
41 54 1
41 55 2
41 56 1
41 57 1
41 58 2
41 59 1
41 60 2
41 61 2
41 62 1
41 63 2
41 64 2
41 65 1
41 66 2
41 67 1
41 68 2
41 69 2
41 70 1
41 71 1
41 72 1
41 73 1
41 74 1
41 75 1
41 76 1
41 77 1
41 78 1
41 79 1
41 80 2
41 81 2
41 82 2
41 83 2
41 84 2
41 85 2
41 86 3
41 87 2
41 88 2
41 89 1
41 90 2
41 91 1
41 92 2
41 93 2
41 94 1
41 95 1
41 96 1
41 97 2
41 98 3
41 99 1
42 43 2
42 44 2
42 45 2
42 46 2
42 47 2
42 48 1
42 49 2
42 50 3
42 51 2
42 52 4
42 53 3
42 54 2
42 55 3
42 56 2
42 57 3
42 58 1
42 59 2
42 60 3
42 61 3
42 62 3
42 63 1
42 64 3
42 65 2
42 66 3
42 67 2
42 68 1
42 69 3
42 70 3
42 71 3
42 72 3
42 73 2
42 74 1
42 75 2
42 76 3
42 77 3
42 78 2
42 79 2
42 80 2
42 81 3
42 82 4
42 83 3
42 84 3
42 85 1
42 86 2
42 87 1
42 88 4
42 89 3
42 90 1
42 91 2
42 92 1
42 93 3
42 94 2
42 95 3
42 96 2
42 97 3
42 98 3
42 99 2
43 44 1
43 45 2
43 46 1
43 47 1
43 48 1
43 49 2
43 50 2
43 51 1
43 52 2
43 53 2
43 54 1
43 55 2
43 56 1
43 57 1
43 58 2
43 59 1
43 60 2
43 61 2
43 62 1
43 63 2
43 64 2
43 65 1
43 66 2
43 67 1
43 68 2
43 69 2
43 70 2
43 71 1
43 72 1
43 73 1
43 74 1
43 75 1
43 76 1
43 77 1
43 78 1
43 79 1
43 80 1
43 81 2
43 82 2
43 83 2
43 84 2
43 85 2
43 86 3
43 87 1
43 88 2
43 89 1
43 90 2
43 91 1
43 92 2
43 93 2
43 94 1
43 95 1
43 96 1
43 97 2
43 98 3
43 99 1
44 45 2
44 46 1
44 47 2
44 48 1
44 49 1
44 50 2
44 51 1
44 52 2
44 53 2
44 54 2
44 55 2
44 56 1
44 57 2
44 58 2
44 59 1
44 60 2
44 61 2
44 62 2
44 63 2
44 64 2
44 65 1
44 66 1
44 67 1
44 68 2
44 69 2
44 70 2
44 71 2
44 72 1
44 73 1
44 74 1
44 75 1
44 76 2
44 77 2
44 78 1
44 79 2
44 80 2
44 81 2
44 82 2
44 83 2
44 84 2
44 85 2
44 86 2
44 87 1
44 88 2
44 89 1
44 90 2
44 91 1
44 92 2
44 93 2
44 94 1
44 95 1
44 96 1
44 97 2
44 98 3
44 99 1
45 46 2
45 47 3
45 48 2
45 49 1
45 50 2
45 51 2
45 52 3
45 53 2
45 54 3
45 55 1
45 56 2
45 57 3
45 58 2
45 59 2
45 60 3
45 61 2
45 62 3
45 63 2
45 64 2
45 65 2
45 66 2
45 67 2
45 68 2
45 69 3
45 70 3
45 71 3
45 72 3
45 73 1
45 74 2
45 75 2
45 76 3
45 77 3
45 78 2
45 79 2
45 80 2
45 81 2
45 82 3
45 83 3
45 84 3
45 85 2
45 86 1
45 87 2
45 88 3
45 89 2
45 90 1
45 91 2
45 92 1
45 93 2
45 94 2
45 95 2
45 96 2
45 97 2
45 98 2
45 99 2
46 47 2
46 48 2
46 49 2
46 50 2
46 51 1
46 52 2
46 53 2
46 54 1
46 55 2
46 56 1
46 57 1
46 58 2
46 59 1
46 60 1
46 61 2
46 62 1
46 63 2
46 64 2
46 65 1
46 66 2
46 67 1
46 68 2
46 69 1
46 70 1
46 71 1
46 72 1
46 73 1
46 74 1
46 75 1
46 76 1
46 77 1
46 78 1
46 79 2
46 80 2
46 81 2
46 82 2
46 83 2
46 84 2
46 85 2
46 86 3
46 87 2
46 88 2
46 89 1
46 90 2
46 91 1
46 92 3
46 93 2
46 94 1
46 95 1
46 96 1
46 97 2
46 98 3
46 99 1
47 48 2
47 49 2
47 50 3
47 51 2
47 52 3
47 53 3
47 54 1
47 55 3
47 56 1
47 57 1
47 58 2
47 59 2
47 60 3
47 61 3
47 62 2
47 63 2
47 64 3
47 65 2
47 66 3
47 67 2
47 68 2
47 69 2
47 70 1
47 71 1
47 72 2
47 73 2
47 74 2
47 75 1
47 76 1
47 77 1
47 78 2
47 79 1
47 80 1
47 81 3
47 82 3
47 83 3
47 84 3
47 85 2
47 86 3
47 87 2
47 88 3
47 89 2
47 90 3
47 91 2
47 92 3
47 93 3
47 94 2
47 95 2
47 96 2
47 97 3
47 98 4
47 99 2
48 49 1
48 50 3
48 51 2
48 52 3
48 53 2
48 54 1
48 55 2
48 56 1
48 57 2
48 58 1
48 59 1
48 60 2
48 61 3
48 62 2
48 63 1
48 64 3
48 65 1
48 66 2
48 67 1
48 68 1
48 69 3
48 70 2
48 71 2
48 72 2
48 73 1
48 74 1
48 75 1
48 76 2
48 77 2
48 78 2
48 79 1
48 80 1
48 81 3
48 82 3
48 83 3
48 84 3
48 85 1
48 86 2
48 87 1
48 88 3
48 89 2
48 90 1
48 91 1
48 92 1
48 93 2
48 94 1
48 95 2
48 96 1
48 97 2
48 98 3
48 99 1
49 50 2
49 51 1
49 52 3
49 53 2
49 54 2
49 55 1
49 56 2
49 57 2
49 58 1
49 59 1
49 60 3
49 61 2
49 62 3
49 63 1
49 64 2
49 65 1
49 66 2
49 67 1
49 68 2
49 69 3
49 70 3
49 71 3
49 72 2
49 73 1
49 74 1
49 75 2
49 76 2
49 77 3
49 78 2
49 79 2
49 80 2
49 81 2
49 82 3
49 83 2
49 84 2
49 85 1
49 86 1
49 87 1
49 88 2
49 89 2
49 90 1
49 91 1
49 92 1
49 93 2
49 94 2
49 95 2
49 96 2
49 97 2
49 98 2
49 99 2
50 51 1
50 52 1
50 53 1
50 54 3
50 55 1
50 56 2
50 57 3
50 58 3
50 59 2
50 60 1
50 61 1
50 62 2
50 63 3
50 64 1
50 65 2
50 66 1
50 67 2
50 68 3
50 69 2
50 70 3
50 71 2
50 72 1
50 73 2
50 74 2
50 75 2
50 76 2
50 77 3
50 78 1
50 79 3
50 80 3
50 81 1
50 82 2
50 83 1
50 84 1
50 85 3
50 86 2
50 87 3
50 88 1
50 89 1
50 90 3
50 91 2
50 92 3
50 93 1
50 94 2
50 95 2
50 96 2
50 97 1
50 98 2
50 99 2
51 52 2
51 53 1
51 54 2
51 55 1
51 56 2
51 57 2
51 58 2
51 59 1
51 60 2
51 61 1
51 62 2
51 63 2
51 64 1
51 65 1
51 66 1
51 67 1
51 68 2
51 69 2
51 70 2
51 71 2
51 72 1
51 73 1
51 74 2
51 75 2
51 76 2
51 77 2
51 78 1
51 79 2
51 80 2
51 81 1
51 82 2
51 83 1
51 84 1
51 85 2
51 86 2
51 87 2
51 88 2
51 89 1
51 90 2
51 91 1
51 92 2
51 93 1
51 94 1
51 95 2
51 96 1
51 97 1
51 98 2
51 99 1
52 53 2
52 54 3
52 55 2
52 56 2
52 57 3
52 58 4
52 59 3
52 60 1
52 61 2
52 62 2
52 63 4
52 64 2
52 65 3
52 66 2
52 67 3
52 68 4
52 69 1
52 70 3
52 71 2
52 72 1
52 73 3
52 74 3
52 75 3
52 76 2
52 77 3
52 78 2
52 79 3
52 80 3
52 81 2
52 82 1
52 83 1
52 84 1
52 85 4
52 86 3
52 87 3
52 88 1
52 89 2
52 90 4
52 91 3
52 92 4
52 93 2
52 94 2
52 95 2
52 96 2
52 97 2
52 98 3
52 99 2
53 54 3
53 55 1
53 56 2
53 57 3
53 58 3
53 59 2
53 60 2
53 61 1
53 62 3
53 63 3
53 64 1
53 65 2
53 66 1
53 67 2
53 68 3
53 69 2
53 70 3
53 71 3
53 72 2
53 73 2
53 74 3
53 75 2
53 76 3
53 77 3
53 78 1
53 79 3
53 80 3
53 81 1
53 82 2
53 83 1
53 84 1
53 85 3
53 86 2
53 87 3
53 88 1
53 89 2
53 90 2
53 91 2
53 92 3
53 93 1
53 94 2
53 95 2
53 96 2
53 97 1
53 98 2
53 99 2
54 55 3
54 56 1
54 57 1
54 58 2
54 59 1
54 60 2
54 61 3
54 62 2
54 63 2
54 64 3
54 65 1
54 66 3
54 67 1
54 68 1
54 69 2
54 70 1
54 71 1
54 72 2
54 73 2
54 74 1
54 75 1
54 76 1
54 77 1
54 78 2
54 79 1
54 80 1
54 81 3
54 82 3
54 83 3
54 84 3
54 85 2
54 86 3
54 87 1
54 88 3
54 89 2
54 90 2
54 91 1
54 92 2
54 93 3
54 94 1
54 95 2
54 96 2
54 97 3
54 98 4
54 99 1
55 56 3
55 57 3
55 58 2
55 59 2
55 60 2
55 61 1
55 62 3
55 63 2
55 64 1
55 65 2
55 66 1
55 67 2
55 68 3
55 69 3
55 70 3
55 71 3
55 72 2
55 73 2
55 74 2
55 75 3
55 76 3
55 77 3
55 78 2
55 79 3
55 80 3
55 81 1
55 82 3
55 83 2
55 84 2
55 85 2
55 86 1
55 87 2
55 88 2
55 89 2
55 90 2
55 91 2
55 92 2
55 93 1
55 94 2
55 95 3
55 96 2
55 97 1
55 98 1
55 99 2
56 57 1
56 58 2
56 59 1
56 60 2
56 61 3
56 62 1
56 63 2
56 64 3
56 65 1
56 66 2
56 67 1
56 68 2
56 69 2
56 70 1
56 71 1
56 72 1
56 73 1
56 74 1
56 75 1
56 76 1
56 77 1
56 78 1
56 79 1
56 80 1
56 81 2
56 82 2
56 83 2
56 84 2
56 85 2
56 86 3
56 87 2
56 88 2
56 89 1
56 90 2
56 91 1
56 92 2
56 93 3
56 94 1
56 95 1
56 96 1
56 97 3
56 98 3
56 99 1
57 58 2
57 59 1
57 60 2
57 61 3
57 62 1
57 63 2
57 64 3
57 65 2
57 66 2
57 67 1
57 68 2
57 69 2
57 70 1
57 71 1
57 72 2
57 73 2
57 74 2
57 75 1
57 76 1
57 77 1
57 78 2
57 79 1
57 80 1
57 81 3
57 82 2
57 83 3
57 84 3
57 85 2
57 86 3
57 87 2
57 88 3
57 89 2
57 90 3
57 91 2
57 92 3
57 93 3
57 94 1
57 95 1
57 96 1
57 97 3
57 98 4
57 99 1
58 59 2
58 60 3
58 61 3
58 62 3
58 63 1
58 64 3
58 65 2
58 66 2
58 67 2
58 68 1
58 69 3
58 70 3
58 71 3
58 72 3
58 73 1
58 74 1
58 75 2
58 76 3
58 77 3
58 78 2
58 79 1
58 80 2
58 81 3
58 82 3
58 83 3
58 84 3
58 85 1
58 86 2
58 87 1
58 88 3
58 89 3
58 90 1
58 91 1
58 92 1
58 93 3
58 94 2
58 95 3
58 96 2
58 97 3
58 98 3
58 99 2
59 60 2
59 61 2
59 62 2
59 63 2
59 64 2
59 65 1
59 66 2
59 67 1
59 68 1
59 69 2
59 70 2
59 71 2
59 72 2
59 73 1
59 74 1
59 75 1
59 76 1
59 77 2
59 78 1
59 79 1
59 80 1
59 81 2
59 82 2
59 83 2
59 84 2
59 85 2
59 86 2
59 87 1
59 88 2
59 89 1
59 90 2
59 91 1
59 92 2
59 93 2
59 94 1
59 95 1
59 96 1
59 97 2
59 98 3
59 99 1
60 61 2
60 62 1
60 63 3
60 64 2
60 65 2
60 66 1
60 67 2
60 68 3
60 69 1
60 70 2
60 71 2
60 72 1
60 73 2
60 74 2
60 75 2
60 76 2
60 77 2
60 78 1
60 79 3
60 80 3
60 81 1
60 82 1
60 83 1
60 84 1
60 85 3
60 86 3
60 87 3
60 88 1
60 89 1
60 90 3
60 91 2
60 92 3
60 93 2
60 94 2
60 95 1
60 96 1
60 97 2
60 98 3
60 99 2
61 62 3
61 63 3
61 64 1
61 65 2
61 66 1
61 67 2
61 68 3
61 69 3
61 70 3
61 71 3
61 72 2
61 73 2
61 74 3
61 75 3
61 76 3
61 77 3
61 78 2
61 79 3
61 80 3
61 81 1
61 82 3
61 83 2
61 84 2
61 85 3
61 86 1
61 87 3
61 88 2
61 89 2
61 90 2
61 91 2
61 92 3
61 93 1
61 94 2
61 95 3
61 96 2
61 97 1
61 98 1
61 99 2
62 63 3
62 64 3
62 65 2
62 66 2
62 67 2
62 68 3
62 69 1
62 70 1
62 71 1
62 72 1
62 73 2
62 74 2
62 75 2
62 76 1
62 77 1
62 78 2
62 79 2
62 80 2
62 81 2
62 82 1
62 83 2
62 84 2
62 85 3
62 86 4
62 87 2
62 88 2
62 89 1
62 90 3
62 91 2
62 92 3
62 93 3
62 94 1
62 95 1
62 96 1
62 97 3
62 98 4
62 99 1
63 64 3
63 65 2
63 66 3
63 67 2
63 68 1
63 69 3
63 70 3
63 71 3
63 72 3
63 73 2
63 74 1
63 75 2
63 76 3
63 77 3
63 78 2
63 79 1
63 80 2
63 81 3
63 82 3
63 83 3
63 84 3
63 85 1
63 86 2
63 87 1
63 88 3
63 89 3
63 90 1
63 91 1
63 92 1
63 93 3
63 94 2
63 95 3
63 96 2
63 97 3
63 98 3
63 99 2
64 65 2
64 66 1
64 67 2
64 68 3
64 69 3
64 70 3
64 71 3
64 72 2
64 73 2
64 74 3
64 75 3
64 76 3
64 77 3
64 78 2
64 79 3
64 80 3
64 81 1
64 82 2
64 83 1
64 84 1
64 85 3
64 86 2
64 87 3
64 88 1
64 89 2
64 90 3
64 91 2
64 92 3
64 93 1
64 94 2
64 95 3
64 96 2
64 97 1
64 98 1
64 99 2
65 66 2
65 67 1
65 68 1
65 69 2
65 70 2
65 71 2
65 72 2
65 73 1
65 74 1
65 75 1
65 76 2
65 77 2
65 78 1
65 79 1
65 80 1
65 81 2
65 82 2
65 83 2
65 84 2
65 85 2
65 86 2
65 87 1
65 88 2
65 89 1
65 90 2
65 91 1
65 92 2
65 93 2
65 94 1
65 95 1
65 96 1
65 97 2
65 98 3
65 99 1
66 67 2
66 68 3
66 69 2
66 70 3
66 71 2
66 72 1
66 73 1
66 74 2
66 75 2
66 76 2
66 77 3
66 78 1
66 79 3
66 80 3
66 81 1
66 82 2
66 83 1
66 84 1
66 85 3
66 86 2
66 87 2
66 88 1
66 89 1
66 90 2
66 91 2
66 92 3
66 93 1
66 94 2
66 95 2
66 96 1
66 97 1
66 98 2
66 99 2
67 68 1
67 69 2
67 70 2
67 71 2
67 72 2
67 73 1
67 74 1
67 75 1
67 76 1
67 77 2
67 78 1
67 79 1
67 80 1
67 81 2
67 82 2
67 83 2
67 84 2
67 85 2
67 86 2
67 87 1
67 88 2
67 89 1
67 90 2
67 91 1
67 92 2
67 93 2
67 94 1
67 95 1
67 96 1
67 97 2
67 98 3
67 99 1
68 69 3
68 70 2
68 71 2
68 72 3
68 73 2
68 74 1
68 75 1
68 76 2
68 77 2
68 78 2
68 79 1
68 80 1
68 81 3
68 82 3
68 83 3
68 84 3
68 85 1
68 86 3
68 87 1
68 88 3
68 89 2
68 90 2
68 91 1
68 92 1
68 93 3
68 94 2
68 95 2
68 96 2
68 97 3
68 98 4
68 99 2
69 70 2
69 71 1
69 72 1
69 73 2
69 74 2
69 75 2
69 76 1
69 77 2
69 78 2
69 79 3
69 80 3
69 81 2
69 82 1
69 83 2
69 84 2
69 85 3
69 86 4
69 87 3
69 88 2
69 89 1
69 90 3
69 91 2
69 92 3
69 93 3
69 94 2
69 95 1
69 96 2
69 97 3
69 98 4
69 99 2
70 71 1
70 72 2
70 73 2
70 74 2
70 75 1
70 76 1
70 77 1
70 78 2
70 79 2
70 80 2
70 81 3
70 82 2
70 83 3
70 84 3
70 85 3
70 86 4
70 87 2
70 88 3
70 89 2
70 90 3
70 91 2
70 92 3
70 93 3
70 94 2
70 95 1
70 96 2
70 97 3
70 98 4
70 99 1
71 72 1
71 73 2
71 74 2
71 75 1
71 76 1
71 77 1
71 78 2
71 79 2
71 80 2
71 81 2
71 82 2
71 83 2
71 84 2
71 85 3
71 86 4
71 87 2
71 88 2
71 89 1
71 90 3
71 91 2
71 92 3
71 93 3
71 94 1
71 95 1
71 96 1
71 97 3
71 98 4
71 99 1
72 73 2
72 74 2
72 75 2
72 76 1
72 77 2
72 78 1
72 79 2
72 80 2
72 81 2
72 82 1
72 83 1
72 84 1
72 85 3
72 86 3
72 87 2
72 88 1
72 89 1
72 90 3
72 91 2
72 92 3
72 93 2
72 94 1
72 95 1
72 96 1
72 97 2
72 98 3
72 99 1
73 74 1
73 75 1
73 76 2
73 77 2
73 78 1
73 79 2
73 80 2
73 81 2
73 82 2
73 83 2
73 84 2
73 85 2
73 86 2
73 87 1
73 88 2
73 89 2
73 90 1
73 91 1
73 92 2
73 93 2
73 94 1
73 95 2
73 96 1
73 97 2
73 98 3
73 99 1
74 75 1
74 76 2
74 77 2
74 78 2
74 79 1
74 80 1
74 81 3
74 82 3
74 83 3
74 84 3
74 85 1
74 86 2
74 87 1
74 88 3
74 89 2
74 90 2
74 91 1
74 92 2
74 93 3
74 94 1
74 95 2
74 96 1
74 97 3
74 98 3
74 99 1
75 76 1
75 77 1
75 78 1
75 79 1
75 80 1
75 81 2
75 82 2
75 83 2
75 84 2
75 85 2
75 86 3
75 87 1
75 88 2
75 89 2
75 90 2
75 91 1
75 92 2
75 93 3
75 94 1
75 95 1
75 96 1
75 97 3
75 98 3
75 99 1
76 77 1
76 78 2
76 79 2
76 80 2
76 81 2
76 82 2
76 83 2
76 84 2
76 85 3
76 86 3
76 87 2
76 88 2
76 89 1
76 90 3
76 91 2
76 92 3
76 93 3
76 94 1
76 95 1
76 96 1
76 97 3
76 98 4
76 99 1
77 78 2
77 79 2
77 80 2
77 81 3
77 82 2
77 83 3
77 84 3
77 85 3
77 86 4
77 87 2
77 88 3
77 89 2
77 90 3
77 91 2
77 92 3
77 93 3
77 94 1
77 95 1
77 96 2
77 97 3
77 98 4
77 99 1
78 79 2
78 80 2
78 81 1
78 82 2
78 83 1
78 84 1
78 85 2
78 86 2
78 87 2
78 88 2
78 89 1
78 90 2
78 91 1
78 92 2
78 93 2
78 94 1
78 95 1
78 96 1
78 97 2
78 98 2
78 99 1
79 80 1
79 81 3
79 82 3
79 83 3
79 84 3
79 85 1
79 86 3
79 87 1
79 88 3
79 89 2
79 90 2
79 91 1
79 92 2
79 93 3
79 94 1
79 95 2
79 96 2
79 97 3
79 98 4
79 99 1
80 81 3
80 82 3
80 83 3
80 84 3
80 85 2
80 86 3
80 87 1
80 88 3
80 89 2
80 90 2
80 91 1
80 92 2
80 93 3
80 94 1
80 95 2
80 96 2
80 97 3
80 98 4
80 99 1
81 82 2
81 83 1
81 84 1
81 85 3
81 86 2
81 87 3
81 88 1
81 89 1
81 90 3
81 91 2
81 92 3
81 93 1
81 94 2
81 95 2
81 96 2
81 97 1
81 98 2
81 99 2
82 83 1
82 84 1
82 85 3
82 86 3
82 87 3
82 88 1
82 89 1
82 90 3
82 91 2
82 92 4
82 93 3
82 94 2
82 95 1
82 96 2
82 97 3
82 98 3
82 99 2
83 84 1
83 85 3
83 86 2
83 87 3
83 88 1
83 89 1
83 90 3
83 91 2
83 92 3
83 93 2
83 94 2
83 95 2
83 96 2
83 97 2
83 98 2
83 99 2
84 85 3
84 86 2
84 87 3
84 88 1
84 89 1
84 90 3
84 91 2
84 92 3
84 93 2
84 94 2
84 95 2
84 96 2
84 97 2
84 98 2
84 99 2
85 86 2
85 87 1
85 88 3
85 89 3
85 90 1
85 91 1
85 92 1
85 93 3
85 94 2
85 95 3
85 96 2
85 97 3
85 98 3
85 99 2
86 87 2
86 88 3
86 89 3
86 90 1
86 91 2
86 92 2
86 93 1
86 94 3
86 95 3
86 96 3
86 97 1
86 98 1
86 99 3
87 88 3
87 89 2
87 90 1
87 91 1
87 92 1
87 93 3
87 94 2
87 95 2
87 96 2
87 97 3
87 98 3
87 99 2
88 89 1
88 90 3
88 91 2
88 92 3
88 93 2
88 94 2
88 95 2
88 96 2
88 97 2
88 98 2
88 99 2
89 90 3
89 91 2
89 92 3
89 93 2
89 94 1
89 95 1
89 96 1
89 97 2
89 98 3
89 99 1
90 91 2
90 92 1
90 93 2
90 94 2
90 95 3
90 96 2
90 97 2
90 98 2
90 99 2
91 92 2
91 93 2
91 94 1
91 95 2
91 96 1
91 97 2
91 98 3
91 99 1
92 93 3
92 94 2
92 95 3
92 96 2
92 97 3
92 98 3
92 99 2
93 94 2
93 95 3
93 96 2
93 97 1
93 98 1
93 99 2
94 95 1
94 96 1
94 97 2
94 98 3
94 99 1
95 96 1
95 97 3
95 98 3
95 99 1
96 97 2
96 98 3
96 99 1
97 98 1
97 99 2
98 99 3
