100 
0 1 3
0 2 2
0 3 2
0 4 3
0 5 1
0 6 3
0 7 2
0 8 3
0 9 1
0 10 3
0 11 2
0 12 3
0 13 2
0 14 2
0 15 2
0 16 1
0 17 3
0 18 2
0 19 2
0 20 3
0 21 2
0 22 2
0 23 1
0 24 2
0 25 2
0 26 3
0 27 3
0 28 2
0 29 2
0 30 4
0 31 3
0 32 3
0 33 2
0 34 2
0 35 3
0 36 3
0 37 2
0 38 2
0 39 2
0 40 1
0 41 2
0 42 1
0 43 1
0 44 4
0 45 3
0 46 3
0 47 2
0 48 3
0 49 2
0 50 2
0 51 1
0 52 1
0 53 4
0 54 3
0 55 2
0 56 2
0 57 1
0 58 2
0 59 2
0 60 1
0 61 1
0 62 2
0 63 2
0 64 2
0 65 3
0 66 1
0 67 1
0 68 3
0 69 1
0 70 1
0 71 1
0 72 3
0 73 3
0 74 2
0 75 3
0 76 3
0 77 3
0 78 2
0 79 3
0 80 1
0 81 1
0 82 2
0 83 3
0 84 3
0 85 3
0 86 2
0 87 3
0 88 3
0 89 2
0 90 2
0 91 2
0 92 2
0 93 2
0 94 1
0 95 1
0 96 3
0 97 3
0 98 3
0 99 1
1 2 1
1 3 3
1 4 3
1 5 3
1 6 1
1 7 4
1 8 2
1 9 3
1 10 3
1 11 2
1 12 2
1 13 2
1 14 2
1 15 1
1 16 3
1 17 2
1 18 3
1 19 4
1 20 3
1 21 4
1 22 1
1 23 3
1 24 4
1 25 3
1 26 1
1 27 3
1 28 4
1 29 4
1 30 4
1 31 2
1 32 4
1 33 3
1 34 2
1 35 2
1 36 1
1 37 3
1 38 3
1 39 4
1 40 3
1 41 4
1 42 3
1 43 3
1 44 3
1 45 3
1 46 3
1 47 4
1 48 1
1 49 2
1 50 4
1 51 2
1 52 3
1 53 4
1 54 2
1 55 1
1 56 2
1 57 3
1 58 1
1 59 4
1 60 3
1 61 3
1 62 2
1 63 3
1 64 2
1 65 4
1 66 3
1 67 4
1 68 3
1 69 2
1 70 2
1 71 3
1 72 3
1 73 2
1 74 3
1 75 2
1 76 1
1 77 2
1 78 3
1 79 2
1 80 3
1 81 2
1 82 2
1 83 1
1 84 3
1 85 1
1 86 2
1 87 1
1 88 4
1 89 1
1 90 4
1 91 2
1 92 4
1 93 4
1 94 3
1 95 3
1 96 4
1 97 3
1 98 1
1 99 3
2 3 2
2 4 3
2 5 3
2 6 1
2 7 3
2 8 2
2 9 2
2 10 2
2 11 2
2 12 1
2 13 2
2 14 2
2 15 1
2 16 2
2 17 2
2 18 2
2 19 3
2 20 2
2 21 4
2 22 1
2 23 3
2 24 3
2 25 3
2 26 1
2 27 2
2 28 3
2 29 4
2 30 3
2 31 2
2 32 3
2 33 2
2 34 1
2 35 2
2 36 1
2 37 2
2 38 2
2 39 3
2 40 2
2 41 3
2 42 2
2 43 2
2 44 3
2 45 2
2 46 3
2 47 3
2 48 1
2 49 1
2 50 3
2 51 2
2 52 3
2 53 3
2 54 1
2 55 1
2 56 1
2 57 2
2 58 1
2 59 3
2 60 3
2 61 3
2 62 2
2 63 2
2 64 2
2 65 4
2 66 3
2 67 3
2 68 2
2 69 2
2 70 1
2 71 3
2 72 3
2 73 1
2 74 2
2 75 1
2 76 1
2 77 1
2 78 2
2 79 1
2 80 3
2 81 2
2 82 1
2 83 1
2 84 2
2 85 1
2 86 2
2 87 1
2 88 3
2 89 1
2 90 4
2 91 1
2 92 3
2 93 3
2 94 2
2 95 2
2 96 3
2 97 2
2 98 1
2 99 2
3 4 1
3 5 3
3 6 3
3 7 2
3 8 2
3 9 3
3 10 1
3 11 3
3 12 1
3 13 1
3 14 1
3 15 3
3 16 3
3 17 2
3 18 1
3 19 2
3 20 1
3 21 2
3 22 2
3 23 2
3 24 2
3 25 1
3 26 2
3 27 1
3 28 1
3 29 2
3 30 2
3 31 2
3 32 1
3 33 1
3 34 1
3 35 1
3 36 3
3 37 1
3 38 1
3 39 2
3 40 3
3 41 2
3 42 3
3 43 3
3 44 2
3 45 1
3 46 1
3 47 2
3 48 2
3 49 2
3 50 2
3 51 2
3 52 2
3 53 2
3 54 2
3 55 2
3 56 2
3 57 1
3 58 2
3 59 2
3 60 1
3 61 2
3 62 3
3 63 3
3 64 1
3 65 2
3 66 3
3 67 2
3 68 2
3 69 2
3 70 2
3 71 2
3 72 1
3 73 2
3 74 1
3 75 2
3 76 3
3 77 2
3 78 1
3 79 2
3 80 2
3 81 2
3 82 1
3 83 3
3 84 1
3 85 3
3 86 1
3 87 3
3 88 2
3 89 2
3 90 2
3 91 1
3 92 2
3 93 2
3 94 2
3 95 2
3 96 2
3 97 2
3 98 2
3 99 3
4 5 3
4 6 4
4 7 2
4 8 3
4 9 3
4 10 1
4 11 3
4 12 2
4 13 2
4 14 2
4 15 3
4 16 3
4 17 2
4 18 1
4 19 1
4 20 1
4 21 2
4 22 3
4 23 2
4 24 2
4 25 1
4 26 3
4 27 1
4 28 1
4 29 2
4 30 2
4 31 2
4 32 1
4 33 2
4 34 2
4 35 2
4 36 3
4 37 1
4 38 2
4 39 1
4 40 3
4 41 1
4 42 3
4 43 3
4 44 2
4 45 2
4 46 1
4 47 2
4 48 2
4 49 3
4 50 2
4 51 2
4 52 2
4 53 2
4 54 2
4 55 3
4 56 2
4 57 2
4 58 3
4 59 2
4 60 2
4 61 3
4 62 3
4 63 3
4 64 2
4 65 2
4 66 4
4 67 2
4 68 2
4 69 2
4 70 3
4 71 2
4 72 1
4 73 3
4 74 1
4 75 2
4 76 4
4 77 2
4 78 2
4 79 2
4 80 3
4 81 2
4 82 2
4 83 4
4 84 1
4 85 4
4 86 1
4 87 3
4 88 1
4 89 2
4 90 2
4 91 2
4 92 1
4 93 2
4 94 2
4 95 3
4 96 1
4 97 2
4 98 3
4 99 3
5 6 4
5 7 3
5 8 4
5 9 1
5 10 4
5 11 2
5 12 3
5 13 3
5 14 2
5 15 3
5 16 1
5 17 4
5 18 3
5 19 3
5 20 3
5 21 3
5 22 3
5 23 2
5 24 2
5 25 2
5 26 3
5 27 3
5 28 3
5 29 2
5 30 4
5 31 4
5 32 3
5 33 2
5 34 2
5 35 3
5 36 3
5 37 2
5 38 2
5 39 3
5 40 1
5 41 3
5 42 1
5 43 1
5 44 4
5 45 4
5 46 3
5 47 3
5 48 3
5 49 2
5 50 2
5 51 1
5 52 1
5 53 4
5 54 3
5 55 3
5 56 3
5 57 2
5 58 2
5 59 2
5 60 2
5 61 1
5 62 2
5 63 2
5 64 3
5 65 3
5 66 1
5 67 2
5 68 4
5 69 2
5 70 2
5 71 1
5 72 4
5 73 4
5 74 2
5 75 3
5 76 3
5 77 3
5 78 2
5 79 4
5 80 1
5 81 2
5 82 2
5 83 4
5 84 4
5 85 4
5 86 3
5 87 3
5 88 3
5 89 3
5 90 3
5 91 3
5 92 3
5 93 3
5 94 2
5 95 1
5 96 3
5 97 4
5 98 3
5 99 1
6 7 4
6 8 2
6 9 3
6 10 3
6 11 2
6 12 2
6 13 3
6 14 2
6 15 1
6 16 3
6 17 2
6 18 3
6 19 4
6 20 3
6 21 4
6 22 1
6 23 4
6 24 4
6 25 3
6 26 1
6 27 3
6 28 4
6 29 4
6 30 4
6 31 2
6 32 4
6 33 3
6 34 2
6 35 3
6 36 1
6 37 3
6 38 3
6 39 4
6 40 3
6 41 4
6 42 3
6 43 3
6 44 3
6 45 3
6 46 4
6 47 4
6 48 2
6 49 2
6 50 4
6 51 3
6 52 3
6 53 4
6 54 2
6 55 1
6 56 2
6 57 3
6 58 2
6 59 4
6 60 3
6 61 3
6 62 2
6 63 3
6 64 3
6 65 4
6 66 3
6 67 4
6 68 3
6 69 2
6 70 2
6 71 3
6 72 4
6 73 2
6 74 3
6 75 2
6 76 1
6 77 2
6 78 3
6 79 2
6 80 3
6 81 2
6 82 2
6 83 1
6 84 3
6 85 1
6 86 3
6 87 1
6 88 4
6 89 2
6 90 4
6 91 2
6 92 4
6 93 4
6 94 3
6 95 3
6 96 4
6 97 3
6 98 1
6 99 3
7 8 4
7 9 3
7 10 3
7 11 3
7 12 3
7 13 2
7 14 2
7 15 4
7 16 3
7 17 4
7 18 2
7 19 1
7 20 3
7 21 1
7 22 3
7 23 1
7 24 1
7 25 1
7 26 4
7 27 2
7 28 1
7 29 1
7 30 3
7 31 3
7 32 1
7 33 1
7 34 2
7 35 3
7 36 4
7 37 1
7 38 2
7 39 1
7 40 3
7 41 1
7 42 3
7 43 3
7 44 4
7 45 3
7 46 2
7 47 1
7 48 3
7 49 3
7 50 1
7 51 2
7 52 2
7 53 3
7 54 3
7 55 3
7 56 3
7 57 2
7 58 3
7 59 1
7 60 1
7 61 2
7 62 3
7 63 3
7 64 2
7 65 1
7 66 3
7 67 1
7 68 3
7 69 2
7 70 3
7 71 2
7 72 3
7 73 4
7 74 1
7 75 3
7 76 4
7 77 3
7 78 2
7 79 3
7 80 2
7 81 2
7 82 2
7 83 4
7 84 3
7 85 4
7 86 2
7 87 4
7 88 1
7 89 3
7 90 1
7 91 3
7 92 1
7 93 1
7 94 2
7 95 3
7 96 1
7 97 3
7 98 4
7 99 3
8 9 3
8 10 2
8 11 3
8 12 1
8 13 2
8 14 2
8 15 2
8 16 3
8 17 1
8 18 2
8 19 3
8 20 2
8 21 4
8 22 2
8 23 3
8 24 4
8 25 3
8 26 1
8 27 2
8 28 3
8 29 4
8 30 2
8 31 1
8 32 3
8 33 3
8 34 2
8 35 1
8 36 2
8 37 3
8 38 2
8 39 4
8 40 3
8 41 4
8 42 3
8 43 3
8 44 1
8 45 1
8 46 2
8 47 4
8 48 1
8 49 2
8 50 3
8 51 3
8 52 3
8 53 2
8 54 1
8 55 2
8 56 1
8 57 2
8 58 2
8 59 3
8 60 3
8 61 3
8 62 3
8 63 3
8 64 2
8 65 4
8 66 4
8 67 3
8 68 1
8 69 2
8 70 3
8 71 3
8 72 2
8 73 1
8 74 3
8 75 1
8 76 2
8 77 1
8 78 2
8 79 1
8 80 3
8 81 3
8 82 2
8 83 2
8 84 2
8 85 2
8 86 2
8 87 2
8 88 3
8 89 2
8 90 4
8 91 1
8 92 3
8 93 4
8 94 3
8 95 3
8 96 3
8 97 1
8 98 1
8 99 3
9 10 4
9 11 1
9 12 3
9 13 3
9 14 2
9 15 2
9 16 1
9 17 3
9 18 3
9 19 3
9 20 3
9 21 3
9 22 2
9 23 2
9 24 2
9 25 2
9 26 3
9 27 3
9 28 3
9 29 2
9 30 4
9 31 3
9 32 3
9 33 2
9 34 2
9 35 3
9 36 3
9 37 2
9 38 2
9 39 3
9 40 1
9 41 3
9 42 1
9 43 1
9 44 4
9 45 3
9 46 3
9 47 3
9 48 3
9 49 2
9 50 2
9 51 1
9 52 1
9 53 4
9 54 3
9 55 2
9 56 2
9 57 2
9 58 2
9 59 2
9 60 2
9 61 1
9 62 1
9 63 1
9 64 2
9 65 3
9 66 1
9 67 2
9 68 4
9 69 1
9 70 1
9 71 1
9 72 4
9 73 3
9 74 2
9 75 3
9 76 3
9 77 3
9 78 2
9 79 3
9 80 1
9 81 1
9 82 2
9 83 3
9 84 4
9 85 3
9 86 3
9 87 3
9 88 3
9 89 2
9 90 3
9 91 3
9 92 3
9 93 3
9 94 2
9 95 1
9 96 3
9 97 4
9 98 3
9 99 1
10 11 4
10 12 2
10 13 2
10 14 2
10 15 3
10 16 4
10 17 2
10 18 1
10 19 2
10 20 1
10 21 3
10 22 3
10 23 3
10 24 3
10 25 2
10 26 3
10 27 1
10 28 2
10 29 3
10 30 1
10 31 2
10 32 2
10 33 2
10 34 2
10 35 1
10 36 3
10 37 2
10 38 2
10 39 2
10 40 4
10 41 2
10 42 4
10 43 4
10 44 1
10 45 1
10 46 1
10 47 3
10 48 2
10 49 3
10 50 3
10 51 3
10 52 3
10 53 1
10 54 2
10 55 3
10 56 2
10 57 2
10 58 3
10 59 3
10 60 2
10 61 3
10 62 4
10 63 4
10 64 2
10 65 3
10 66 4
10 67 3
10 68 1
10 69 3
10 70 3
10 71 3
10 72 1
10 73 2
10 74 2
10 75 2
10 76 3
10 77 2
10 78 2
10 79 2
10 80 3
10 81 3
10 82 2
10 83 3
10 84 1
10 85 3
10 86 1
10 87 3
10 88 2
10 89 2
10 90 3
10 91 1
10 92 2
10 93 3
10 94 2
10 95 3
10 96 2
10 97 1
10 98 3
10 99 4
11 12 2
11 13 2
11 14 2
11 15 1
11 16 1
11 17 3
11 18 3
11 19 3
11 20 3
11 21 3
11 22 1
11 23 2
11 24 3
11 25 3
11 26 2
11 27 3
11 28 3
11 29 3
11 30 4
11 31 3
11 32 4
11 33 2
11 34 2
11 35 3
11 36 2
11 37 3
11 38 2
11 39 3
11 40 1
11 41 3
11 42 1
11 43 1
11 44 4
11 45 3
11 46 4
11 47 3
11 48 2
11 49 1
11 50 3
11 51 1
11 52 2
11 53 4
11 54 2
11 55 1
11 56 2
11 57 2
11 58 1
11 59 3
11 60 2
11 61 2
11 62 1
11 63 1
11 64 2
11 65 4
11 66 1
11 67 3
11 68 3
11 69 1
11 70 1
11 71 2
11 72 4
11 73 2
11 74 2
11 75 3
11 76 2
11 77 2
11 78 2
11 79 3
11 80 2
11 81 1
11 82 2
11 83 2
11 84 3
11 85 2
11 86 3
11 87 2
11 88 4
11 89 2
11 90 3
11 91 3
11 92 3
11 93 3
11 94 2
11 95 1
11 96 4
11 97 3
11 98 2
11 99 1
12 13 1
12 14 2
12 15 2
12 16 3
12 17 1
12 18 2
12 19 3
12 20 1
12 21 3
12 22 1
12 23 3
12 24 3
12 25 2
12 26 1
12 27 2
12 28 2
12 29 3
12 30 2
12 31 1
12 32 2
12 33 2
12 34 1
12 35 1
12 36 2
12 37 2
12 38 2
12 39 3
12 40 3
12 41 3
12 42 3
12 43 3
12 44 2
12 45 1
12 46 2
12 47 3
12 48 1
12 49 2
12 50 3
12 51 2
12 52 3
12 53 2
12 54 1
12 55 2
12 56 1
12 57 2
12 58 2
12 59 3
12 60 2
12 61 3
12 62 2
12 63 3
12 64 1
12 65 3
12 66 3
12 67 3
12 68 1
12 69 2
12 70 2
12 71 3
12 72 2
12 73 1
12 74 2
12 75 1
12 76 2
12 77 1
12 78 2
12 79 1
12 80 3
12 81 2
12 82 1
12 83 2
12 84 1
12 85 2
12 86 1
12 87 2
12 88 3
12 89 1
12 90 3
12 91 1
12 92 3
12 93 3
12 94 2
12 95 2
12 96 3
12 97 1
12 98 1
12 99 3
13 14 1
13 15 2
13 16 3
13 17 2
13 18 1
13 19 2
13 20 1
13 21 3
13 22 2
13 23 2
13 24 2
13 25 2
13 26 2
13 27 1
13 28 2
13 29 3
13 30 2
13 31 1
13 32 2
13 33 1
13 34 1
13 35 1
13 36 2
13 37 1
13 38 1
13 39 2
13 40 3
13 41 2
13 42 2
13 43 3
13 44 2
13 45 1
13 46 2
13 47 2
13 48 1
13 49 1
13 50 2
13 51 2
13 52 2
13 53 2
13 54 1
13 55 2
13 56 1
13 57 1
13 58 2
13 59 2
13 60 2
13 61 3
13 62 2
13 63 2
13 64 1
13 65 3
13 66 3
13 67 2
13 68 1
13 69 2
13 70 2
13 71 2
13 72 2
13 73 2
13 74 1
13 75 1
13 76 3
13 77 1
13 78 1
13 79 1
13 80 3
13 81 2
13 82 1
13 83 3
13 84 1
13 85 3
13 86 1
13 87 2
13 88 2
13 89 1
13 90 3
13 91 1
13 92 2
13 93 2
13 94 2
13 95 2
13 96 2
13 97 1
13 98 2
13 99 3
14 15 2
14 16 2
14 17 2
14 18 1
14 19 2
14 20 2
14 21 2
14 22 2
14 23 2
14 24 2
14 25 1
14 26 2
14 27 2
14 28 2
14 29 2
14 30 3
14 31 2
14 32 2
14 33 1
14 34 1
14 35 2
14 36 2
14 37 1
14 38 1
14 39 2
14 40 2
14 41 2
14 42 2
14 43 2
14 44 3
14 45 2
14 46 2
14 47 2
14 48 2
14 49 1
14 50 2
14 51 1
14 52 1
14 53 3
14 54 2
14 55 1
14 56 1
14 57 1
14 58 1
14 59 2
14 60 1
14 61 2
14 62 2
14 63 2
14 64 1
14 65 2
14 66 2
14 67 2
14 68 2
14 69 1
14 70 1
14 71 1
14 72 2
14 73 2
14 74 1
14 75 2
14 76 2
14 77 1
14 78 1
14 79 2
14 80 2
14 81 1
14 82 1
14 83 3
14 84 2
14 85 3
14 86 1
14 87 2
14 88 2
14 89 1
14 90 2
14 91 1
14 92 2
14 93 2
14 94 1
14 95 1
14 96 2
14 97 2
14 98 2
14 99 2
15 16 2
15 17 2
15 18 3
15 19 4
15 20 2
15 21 4
15 22 1
15 23 3
15 24 4
15 25 3
15 26 1
15 27 3
15 28 4
15 29 4
15 30 3
15 31 2
15 32 4
15 33 3
15 34 2
15 35 2
15 36 1
15 37 3
15 38 2
15 39 4
15 40 2
15 41 4
15 42 2
15 43 2
15 44 3
15 45 2
15 46 3
15 47 4
15 48 1
15 49 1
15 50 3
15 51 2
15 52 3
15 53 3
15 54 2
15 55 1
15 56 1
15 57 2
15 58 1
15 59 3
15 60 3
15 61 3
15 62 1
15 63 2
15 64 2
15 65 4
15 66 2
15 67 3
15 68 3
15 69 2
15 70 1
15 71 3
15 72 3
15 73 2
15 74 3
15 75 2
15 76 1
15 77 2
15 78 3
15 79 2
15 80 3
15 81 2
15 82 2
15 83 1
15 84 3
15 85 1
15 86 2
15 87 1
15 88 4
15 89 1
15 90 4
15 91 2
15 92 4
15 93 4
15 94 3
15 95 2
15 96 4
15 97 3
15 98 1
15 99 2
16 17 3
16 18 3
16 19 3
16 20 3
16 21 3
16 22 2
16 23 2
16 24 2
16 25 2
16 26 3
16 27 3
16 28 3
16 29 2
16 30 4
16 31 3
16 32 3
16 33 2
16 34 2
16 35 3
16 36 3
16 37 2
16 38 2
16 39 3
16 40 1
16 41 3
16 42 1
16 43 1
16 44 4
16 45 3
16 46 3
16 47 3
16 48 3
16 49 2
16 50 2
16 51 1
16 52 1
16 53 4
16 54 3
16 55 2
16 56 2
16 57 2
16 58 2
16 59 2
16 60 2
16 61 1
16 62 1
16 63 1
16 64 2
16 65 3
16 66 1
16 67 2
16 68 4
16 69 1
16 70 1
16 71 1
16 72 4
16 73 3
16 74 2
16 75 3
16 76 3
16 77 3
16 78 2
16 79 3
16 80 1
16 81 1
16 82 2
16 83 3
16 84 4
16 85 3
16 86 3
16 87 3
16 88 3
16 89 2
16 90 3
16 91 3
16 92 3
16 93 3
16 94 2
16 95 1
16 96 3
16 97 4
16 98 3
16 99 1
17 18 2
17 19 3
17 20 1
17 21 4
17 22 2
17 23 3
17 24 4
17 25 3
17 26 1
17 27 2
17 28 3
17 29 4
17 30 2
17 31 1
17 32 3
17 33 3
17 34 2
17 35 1
17 36 2
17 37 3
17 38 2
17 39 3
17 40 3
17 41 3
17 42 3
17 43 3
17 44 1
17 45 1
17 46 2
17 47 4
17 48 1
17 49 2
17 50 3
17 51 3
17 52 3
17 53 2
17 54 1
17 55 2
17 56 1
17 57 2
17 58 2
17 59 3
17 60 3
17 61 3
17 62 3
17 63 3
17 64 2
17 65 4
17 66 4
17 67 3
17 68 1
17 69 2
17 70 3
17 71 3
17 72 2
17 73 1
17 74 3
17 75 1
17 76 2
17 77 1
17 78 2
17 79 1
17 80 3
17 81 3
17 82 2
17 83 2
17 84 1
17 85 2
17 86 2
17 87 2
17 88 3
17 89 2
17 90 4
17 91 1
17 92 3
17 93 4
17 94 3
17 95 3
17 96 3
17 97 1
17 98 2
17 99 3
18 19 1
18 20 1
18 21 2
18 22 2
18 23 2
18 24 2
18 25 1
18 26 3
18 27 1
18 28 1
18 29 2
18 30 2
18 31 2
18 32 1
18 33 1
18 34 1
18 35 1
18 36 3
18 37 1
18 38 1
18 39 2
18 40 3
18 41 2
18 42 3
18 43 3
18 44 2
18 45 1
18 46 1
18 47 2
18 48 2
18 49 2
18 50 2
18 51 2
18 52 2
18 53 2
18 54 2
18 55 2
18 56 2
18 57 1
18 58 2
18 59 2
18 60 1
18 61 2
18 62 3
18 63 3
18 64 1
18 65 2
18 66 3
18 67 2
18 68 2
18 69 2
18 70 2
18 71 2
18 72 1
18 73 2
18 74 1
18 75 2
18 76 3
18 77 2
18 78 1
18 79 2
18 80 2
18 81 2
18 82 2
18 83 3
18 84 1
18 85 3
18 86 1
18 87 3
18 88 1
18 89 2
18 90 2
18 91 1
18 92 2
18 93 2
18 94 1
18 95 2
18 96 1
18 97 2
18 98 3
18 99 3
19 20 2
19 21 1
19 22 3
19 23 2
19 24 1
19 25 1
19 26 4
19 27 2
19 28 1
19 29 1
19 30 2
19 31 3
19 32 1
19 33 1
19 34 2
19 35 2
19 36 4
19 37 1
19 38 2
19 39 1
19 40 3
19 41 1
19 42 3
19 43 3
19 44 3
19 45 2
19 46 1
19 47 1
19 48 3
19 49 3
19 50 1
19 51 2
19 52 2
19 53 3
19 54 3
19 55 3
19 56 3
19 57 2
19 58 3
19 59 1
19 60 1
19 61 2
19 62 3
19 63 3
19 64 2
19 65 1
19 66 3
19 67 2
19 68 3
19 69 2
19 70 3
19 71 2
19 72 2
19 73 3
19 74 1
19 75 3
19 76 4
19 77 3
19 78 2
19 79 3
19 80 2
19 81 2
19 82 2
19 83 4
19 84 2
19 85 4
19 86 2
19 87 4
19 88 1
19 89 3
19 90 1
19 91 2
19 92 1
19 93 1
19 94 2
19 95 3
19 96 1
19 97 3
19 98 4
19 99 3
20 21 3
20 22 2
20 23 3
20 24 3
20 25 2
20 26 2
20 27 1
20 28 2
20 29 3
20 30 1
20 31 1
20 32 2
20 33 2
20 34 1
20 35 1
20 36 3
20 37 2
20 38 1
20 39 2
20 40 3
20 41 2
20 42 3
20 43 3
20 44 1
20 45 1
20 46 1
20 47 3
20 48 2
20 49 2
20 50 3
20 51 2
20 52 3
20 53 1
20 54 1
20 55 2
20 56 1
20 57 2
20 58 2
20 59 3
20 60 2
20 61 3
20 62 3
20 63 3
20 64 1
20 65 3
20 66 4
20 67 3
20 68 1
20 69 2
20 70 2
20 71 2
20 72 1
20 73 2
20 74 2
20 75 1
20 76 3
20 77 1
20 78 2
20 79 1
20 80 3
20 81 2
20 82 2
20 83 3
20 84 1
20 85 3
20 86 1
20 87 2
20 88 2
20 89 2
20 90 3
20 91 1
20 92 2
20 93 3
20 94 2
20 95 3
20 96 2
20 97 1
20 98 2
20 99 3
21 22 3
21 23 1
21 24 1
21 25 1
21 26 4
21 27 3
21 28 1
21 29 1
21 30 3
21 31 4
21 32 2
21 33 2
21 34 3
21 35 3
21 36 4
21 37 2
21 38 2
21 39 1
21 40 3
21 41 1
21 42 3
21 43 3
21 44 4
21 45 3
21 46 2
21 47 1
21 48 3
21 49 3
21 50 1
21 51 2
21 52 2
21 53 4
21 54 3
21 55 3
21 56 3
21 57 2
21 58 3
21 59 1
21 60 1
21 61 2
21 62 3
21 63 3
21 64 2
21 65 1
21 66 3
21 67 1
21 68 4
21 69 2
21 70 3
21 71 2
21 72 3
21 73 4
21 74 2
21 75 3
21 76 4
21 77 3
21 78 2
21 79 4
21 80 2
21 81 3
21 82 3
21 83 4
21 84 3
21 85 5
21 86 3
21 87 4
21 88 1
21 89 3
21 90 1
21 91 3
21 92 1
21 93 1
21 94 2
21 95 3
21 96 2
21 97 4
21 98 4
21 99 3
22 23 3
22 24 3
22 25 3
22 26 1
22 27 3
22 28 3
22 29 3
22 30 3
22 31 2
22 32 3
22 33 2
22 34 1
22 35 2
22 36 1
22 37 2
22 38 2
22 39 3
22 40 2
22 41 3
22 42 2
22 43 2
22 44 3
22 45 2
22 46 3
22 47 3
22 48 1
22 49 1
22 50 3
22 51 2
22 52 2
22 53 3
22 54 1
22 55 1
22 56 1
22 57 2
22 58 1
22 59 3
22 60 2
22 61 2
22 62 1
22 63 2
22 64 2
22 65 4
22 66 2
22 67 3
22 68 2
22 69 1
22 70 1
22 71 2
22 72 3
22 73 1
22 74 2
22 75 2
22 76 1
22 77 1
22 78 2
22 79 2
22 80 2
22 81 1
22 82 1
22 83 1
22 84 2
22 85 2
22 86 2
22 87 1
22 88 3
22 89 1
22 90 4
22 91 2
22 92 3
22 93 3
22 94 2
22 95 2
22 96 3
22 97 2
22 98 1
22 99 2
23 24 1
23 25 1
23 26 3
23 27 3
23 28 2
23 29 1
23 30 3
23 31 3
23 32 2
23 33 1
23 34 2
23 35 3
23 36 3
23 37 2
23 38 2
23 39 2
23 40 2
23 41 2
23 42 2
23 43 2
23 44 4
23 45 3
23 46 2
23 47 2
23 48 3
23 49 2
23 50 1
23 51 1
23 52 1
23 53 4
23 54 3
23 55 3
23 56 3
23 57 1
23 58 2
23 59 1
23 60 1
23 61 1
23 62 2
23 63 2
23 64 2
23 65 2
23 66 2
23 67 1
23 68 3
23 69 2
23 70 2
23 71 1
23 72 3
23 73 4
23 74 1
23 75 3
23 76 3
23 77 3
23 78 1
23 79 3
23 80 1
23 81 2
23 82 2
23 83 4
23 84 3
23 85 4
23 86 2
23 87 3
23 88 2
23 89 3
23 90 1
23 91 2
23 92 2
23 93 1
23 94 1
23 95 2
23 96 2
23 97 3
23 98 3
23 99 2
24 25 1
24 26 4
24 27 2
24 28 1
24 29 1
24 30 3
24 31 3
24 32 2
24 33 1
24 34 2
24 35 3
24 36 4
24 37 1
24 38 2
24 39 1
24 40 3
24 41 1
24 42 3
24 43 3
24 44 4
24 45 3
24 46 2
24 47 1
24 48 3
24 49 3
24 50 1
24 51 2
24 52 2
24 53 3
24 54 3
24 55 3
24 56 3
24 57 2
24 58 3
24 59 1
24 60 1
24 61 2
24 62 3
24 63 3
24 64 2
24 65 1
24 66 3
24 67 1
24 68 3
24 69 2
24 70 3
24 71 1
24 72 3
24 73 4
24 74 1
24 75 3
24 76 4
24 77 3
24 78 2
24 79 3
24 80 2
24 81 2
24 82 2
24 83 4
24 84 3
24 85 4
24 86 2
24 87 4
24 88 1
24 89 3
24 90 1
24 91 3
24 92 1
24 93 1
24 94 2
24 95 2
24 96 2
24 97 3
24 98 4
24 99 3
25 26 3
25 27 2
25 28 1
25 29 1
25 30 2
25 31 3
25 32 1
25 33 1
25 34 2
25 35 2
25 36 3
25 37 1
25 38 1
25 39 1
25 40 3
25 41 1
25 42 3
25 43 3
25 44 3
25 45 2
25 46 1
25 47 1
25 48 3
25 49 2
25 50 1
25 51 2
25 52 2
25 53 3
25 54 3
25 55 2
25 56 2
25 57 1
25 58 2
25 59 1
25 60 1
25 61 2
25 62 3
25 63 3
25 64 2
25 65 1
25 66 3
25 67 1
25 68 3
25 69 2
25 70 2
25 71 1
25 72 2
25 73 3
25 74 1
25 75 3
25 76 3
25 77 2
25 78 1
25 79 3
25 80 2
25 81 2
25 82 2
25 83 4
25 84 2
25 85 4
25 86 2
25 87 3
25 88 1
25 89 2
25 90 1
25 91 2
25 92 1
25 93 1
25 94 1
25 95 2
25 96 1
25 97 3
25 98 3
25 99 3
26 27 3
26 28 3
26 29 4
26 30 3
26 31 1
26 32 3
26 33 3
26 34 2
26 35 2
26 36 1
26 37 3
26 38 2
26 39 4
26 40 3
26 41 4
26 42 3
26 43 3
26 44 2
26 45 2
26 46 3
26 47 4
26 48 1
26 49 2
26 50 4
26 51 2
26 52 3
26 53 3
26 54 1
26 55 1
26 56 1
26 57 3
26 58 1
26 59 4
26 60 3
26 61 3
26 62 2
26 63 3
26 64 2
26 65 4
26 66 3
26 67 4
26 68 2
26 69 2
26 70 2
26 71 3
26 72 3
26 73 1
26 74 3
26 75 1
26 76 1
26 77 1
26 78 3
26 79 1
26 80 3
26 81 2
26 82 2
26 83 1
26 84 2
26 85 1
26 86 2
26 87 1
26 88 4
26 89 1
26 90 4
26 91 2
26 92 4
26 93 4
26 94 3
26 95 3
26 96 4
26 97 2
26 98 1
26 99 3
27 28 2
27 29 3
27 30 1
27 31 2
27 32 1
27 33 2
27 34 2
27 35 1
27 36 3
27 37 1
27 38 2
27 39 2
27 40 3
27 41 2
27 42 3
27 43 3
27 44 2
27 45 1
27 46 1
27 47 2
27 48 2
27 49 2
27 50 2
27 51 3
27 52 3
27 53 1
27 54 2
27 55 3
27 56 2
27 57 2
27 58 2
27 59 2
27 60 2
27 61 3
27 62 3
27 63 3
27 64 1
27 65 3
27 66 4
27 67 3
27 68 1
27 69 2
27 70 3
27 71 2
27 72 1
27 73 2
27 74 2
27 75 2
27 76 3
27 77 2
27 78 2
27 79 2
27 80 3
27 81 2
27 82 2
27 83 3
27 84 1
27 85 3
27 86 1
27 87 3
27 88 2
27 89 2
27 90 3
27 91 1
27 92 2
27 93 2
27 94 2
27 95 3
27 96 2
27 97 1
27 98 3
27 99 3
28 29 1
28 30 2
28 31 3
28 32 1
28 33 1
28 34 2
28 35 2
28 36 4
28 37 1
28 38 2
28 39 1
28 40 3
28 41 1
28 42 3
28 43 3
28 44 3
28 45 2
28 46 1
28 47 1
28 48 3
28 49 3
28 50 1
28 51 2
28 52 2
28 53 3
28 54 3
28 55 3
28 56 3
28 57 2
28 58 3
28 59 1
28 60 1
28 61 2
28 62 3
28 63 3
28 64 2
28 65 1
28 66 3
28 67 2
28 68 3
28 69 2
28 70 3
28 71 2
28 72 2
28 73 3
28 74 1
28 75 3
28 76 4
28 77 3
28 78 1
28 79 3
28 80 2
28 81 2
28 82 2
28 83 4
28 84 2
28 85 4
28 86 2
28 87 4
28 88 1
28 89 3
28 90 1
28 91 2
28 92 1
28 93 1
28 94 2
28 95 3
28 96 1
28 97 3
28 98 3
28 99 3
29 30 3
29 31 4
29 32 2
29 33 2
29 34 3
29 35 3
29 36 4
29 37 2
29 38 2
29 39 1
29 40 3
29 41 1
29 42 3
29 43 3
29 44 4
29 45 3
29 46 2
29 47 1
29 48 3
29 49 3
29 50 1
29 51 2
29 52 2
29 53 4
29 54 3
29 55 3
29 56 3
29 57 2
29 58 3
29 59 1
29 60 1
29 61 2
29 62 3
29 63 3
29 64 2
29 65 1
29 66 3
29 67 1
29 68 4
29 69 2
29 70 3
29 71 1
29 72 3
29 73 4
29 74 2
29 75 3
29 76 4
29 77 3
29 78 2
29 79 4
29 80 2
29 81 2
29 82 3
29 83 4
29 84 3
29 85 5
29 86 3
29 87 4
29 88 2
29 89 3
29 90 1
29 91 3
29 92 1
29 93 1
29 94 2
29 95 2
29 96 2
29 97 4
29 98 4
29 99 3
30 31 2
30 32 2
30 33 3
30 34 2
30 35 2
30 36 4
30 37 2
30 38 2
30 39 3
30 40 4
30 41 3
30 42 4
30 43 4
30 44 1
30 45 1
30 46 1
30 47 3
30 48 3
30 49 3
30 50 3
30 51 3
30 52 4
30 53 1
30 54 2
30 55 3
30 56 2
30 57 3
30 58 3
30 59 3
30 60 3
30 61 4
30 62 4
30 63 4
30 64 2
30 65 3
30 66 5
30 67 3
30 68 1
30 69 3
30 70 3
30 71 3
30 72 1
30 73 3
30 74 3
30 75 2
30 76 4
30 77 2
30 78 3
30 79 2
30 80 4
30 81 3
30 82 3
30 83 4
30 84 1
30 85 4
30 86 2
30 87 3
30 88 2
30 89 3
30 90 3
30 91 2
30 92 2
30 93 3
30 94 3
30 95 4
30 96 2
30 97 1
30 98 3
30 99 4
31 32 3
31 33 2
31 34 2
31 35 1
31 36 2
31 37 2
31 38 2
31 39 3
31 40 3
31 41 3
31 42 3
31 43 3
31 44 1
31 45 1
31 46 2
31 47 3
31 48 1
31 49 2
31 50 3
31 51 3
31 52 3
31 53 2
31 54 1
31 55 2
31 56 1
31 57 2
31 58 2
31 59 3
31 60 3
31 61 3
31 62 3
31 63 3
31 64 2
31 65 4
31 66 4
31 67 3
31 68 1
31 69 2
31 70 2
31 71 3
31 72 2
31 73 1
31 74 2
31 75 1
31 76 2
31 77 1
31 78 2
31 79 1
31 80 3
31 81 2
31 82 2
31 83 2
31 84 1
31 85 2
31 86 1
31 87 2
31 88 3
31 89 1
31 90 4
31 91 1
31 92 3
31 93 3
31 94 3
31 95 3
31 96 3
31 97 1
31 98 2
31 99 3
32 33 2
32 34 2
32 35 2
32 36 4
32 37 1
32 38 2
32 39 1
32 40 4
32 41 1
32 42 4
32 43 4
32 44 3
32 45 2
32 46 1
32 47 2
32 48 3
32 49 3
32 50 2
32 51 3
32 52 3
32 53 2
32 54 3
32 55 3
32 56 3
32 57 2
32 58 3
32 59 2
32 60 2
32 61 3
32 62 4
32 63 4
32 64 2
32 65 2
32 66 4
32 67 2
32 68 2
32 69 3
32 70 3
32 71 2
32 72 2
32 73 3
32 74 2
32 75 3
32 76 4
32 77 3
32 78 2
32 79 3
32 80 3
32 81 3
32 82 2
32 83 4
32 84 2
32 85 4
32 86 2
32 87 4
32 88 1
32 89 3
32 90 2
32 91 2
32 92 1
32 93 2
32 94 2
32 95 3
32 96 1
32 97 2
32 98 3
32 99 4
33 34 1
33 35 2
33 36 3
33 37 1
33 38 1
33 39 1
33 40 2
33 41 1
33 42 2
33 43 2
33 44 3
33 45 2
33 46 2
33 47 2
33 48 2
33 49 2
33 50 1
33 51 1
33 52 1
33 53 3
33 54 2
33 55 2
33 56 2
33 57 1
33 58 2
33 59 1
33 60 1
33 61 2
33 62 2
33 63 2
33 64 1
33 65 2
33 66 3
33 67 1
33 68 2
33 69 1
33 70 2
33 71 1
33 72 2
33 73 3
33 74 1
33 75 2
33 76 3
33 77 2
33 78 1
33 79 2
33 80 2
33 81 1
33 82 1
33 83 3
33 84 2
33 85 3
33 86 2
33 87 3
33 88 2
33 89 2
33 90 2
33 91 2
33 92 1
33 93 1
33 94 1
33 95 2
33 96 2
33 97 2
33 98 3
33 99 2
34 35 1
34 36 2
34 37 1
34 38 1
34 39 2
34 40 2
34 41 2
34 42 2
34 43 2
34 44 2
34 45 2
34 46 2
34 47 2
34 48 1
34 49 1
34 50 2
34 51 1
34 52 2
34 53 2
34 54 1
34 55 1
34 56 1
34 57 1
34 58 1
34 59 2
34 60 2
34 61 2
34 62 2
34 63 2
34 64 1
34 65 3
34 66 3
34 67 2
34 68 2
34 69 1
34 70 1
34 71 2
34 72 2
34 73 2
34 74 1
34 75 1
34 76 2
34 77 1
34 78 1
34 79 2
34 80 2
34 81 1
34 82 1
34 83 2
34 84 2
34 85 2
34 86 1
34 87 2
34 88 2
34 89 1
34 90 3
34 91 1
34 92 2
34 93 2
34 94 1
34 95 2
34 96 2
34 97 2
34 98 2
34 99 2
35 36 2
35 37 2
35 38 2
35 39 3
35 40 3
35 41 3
35 42 3
35 43 3
35 44 1
35 45 1
35 46 2
35 47 3
35 48 1
35 49 2
35 50 3
35 51 2
35 52 3
35 53 2
35 54 1
35 55 2
35 56 1
35 57 2
35 58 2
35 59 3
35 60 2
35 61 3
35 62 3
35 63 3
35 64 1
35 65 3
35 66 4
35 67 3
35 68 1
35 69 2
35 70 2
35 71 3
35 72 2
35 73 1
35 74 2
35 75 1
35 76 3
35 77 1
35 78 2
35 79 1
35 80 3
35 81 2
35 82 2
35 83 2
35 84 1
35 85 2
35 86 1
35 87 2
35 88 2
35 89 1
35 90 3
35 91 1
35 92 3
35 93 3
35 94 2
35 95 3
35 96 2
35 97 1
35 98 2
35 99 3
36 37 3
36 38 2
36 39 4
36 40 3
36 41 4
36 42 2
36 43 3
36 44 3
36 45 3
36 46 3
36 47 4
36 48 1
36 49 1
36 50 3
36 51 2
36 52 3
36 53 4
36 54 2
36 55 1
36 56 2
36 57 2
36 58 1
36 59 3
36 60 3
36 61 3
36 62 2
36 63 2
36 64 2
36 65 4
36 66 3
36 67 3
36 68 3
36 69 2
36 70 2
36 71 3
36 72 3
36 73 2
36 74 3
36 75 2
36 76 1
36 77 2
36 78 3
36 79 2
36 80 3
36 81 2
36 82 2
36 83 1
36 84 3
36 85 1
36 86 2
36 87 1
36 88 4
36 89 1
36 90 4
36 91 2
36 92 4
36 93 4
36 94 3
36 95 2
36 96 4
36 97 3
36 98 1
36 99 3
37 38 1
37 39 1
37 40 3
37 41 1
37 42 3
37 43 3
37 44 3
37 45 2
37 46 1
37 47 1
37 48 2
37 49 2
37 50 1
37 51 2
37 52 2
37 53 2
37 54 2
37 55 2
37 56 2
37 57 1
37 58 2
37 59 1
37 60 1
37 61 2
37 62 3
37 63 3
37 64 1
37 65 2
37 66 3
37 67 2
37 68 2
37 69 2
37 70 2
37 71 1
37 72 2
37 73 3
37 74 1
37 75 2
37 76 3
37 77 2
37 78 1
37 79 2
37 80 2
37 81 2
37 82 2
37 83 3
37 84 2
37 85 3
37 86 1
37 87 3
37 88 1
37 89 2
37 90 2
37 91 2
37 92 1
37 93 1
37 94 1
37 95 2
37 96 1
37 97 2
37 98 3
37 99 3
38 39 2
38 40 2
38 41 2
38 42 2
38 43 2
38 44 2
38 45 2
38 46 2
38 47 2
38 48 2
38 49 1
38 50 2
38 51 1
38 52 2
38 53 2
38 54 2
38 55 2
38 56 1
38 57 1
38 58 2
38 59 2
38 60 1
38 61 2
38 62 2
38 63 2
38 64 1
38 65 2
38 66 3
38 67 2
38 68 2
38 69 1
38 70 2
38 71 1
38 72 2
38 73 2
38 74 1
38 75 2
38 76 3
38 77 2
38 78 1
38 79 2
38 80 2
38 81 1
38 82 1
38 83 3
38 84 2
38 85 3
38 86 1
38 87 2
38 88 2
38 89 2
38 90 2
38 91 1
38 92 2
38 93 2
38 94 1
38 95 2
38 96 2
38 97 2
38 98 2
38 99 2
39 40 3
39 41 1
39 42 3
39 43 3
39 44 3
39 45 3
39 46 2
39 47 1
39 48 3
39 49 3
39 50 1
39 51 2
39 52 2
39 53 3
39 54 3
39 55 3
39 56 3
39 57 2
39 58 3
39 59 1
39 60 1
39 61 2
39 62 3
39 63 3
39 64 2
39 65 1
39 66 3
39 67 2
39 68 3
39 69 2
39 70 3
39 71 2
39 72 2
39 73 4
39 74 1
39 75 3
39 76 4
39 77 3
39 78 2
39 79 3
39 80 2
39 81 2
39 82 2
39 83 4
39 84 2
39 85 4
39 86 2
39 87 4
39 88 1
39 89 3
39 90 1
39 91 3
39 92 1
39 93 1
39 94 2
39 95 3
39 96 1
39 97 3
39 98 4
39 99 3
40 41 3
40 42 1
40 43 1
40 44 4
40 45 3
40 46 4
40 47 3
40 48 3
40 49 2
40 50 3
40 51 1
40 52 1
40 53 4
40 54 3
40 55 2
40 56 2
40 57 2
40 58 2
40 59 3
40 60 2
40 61 1
40 62 1
40 63 1
40 64 2
40 65 4
40 66 1
40 67 2
40 68 4
40 69 1
40 70 1
40 71 2
40 72 4
40 73 3
40 74 2
40 75 3
40 76 3
40 77 3
40 78 2
40 79 3
40 80 1
40 81 1
40 82 2
40 83 3
40 84 4
40 85 3
40 86 3
40 87 3
40 88 4
40 89 2
40 90 3
40 91 3
40 92 3
40 93 3
40 94 2
40 95 1
40 96 4
40 97 4
40 98 3
40 99 1
41 42 3
41 43 3
41 44 3
41 45 3
41 46 2
41 47 1
41 48 3
41 49 3
41 50 1
41 51 2
41 52 2
41 53 3
41 54 3
41 55 3
41 56 3
41 57 2
41 58 3
41 59 1
41 60 1
41 61 2
41 62 3
41 63 3
41 64 2
41 65 1
41 66 3
41 67 2
41 68 3
41 69 2
41 70 3
41 71 2
41 72 2
41 73 4
41 74 1
41 75 3
41 76 4
41 77 3
41 78 2
41 79 3
41 80 2
41 81 2
41 82 2
41 83 4
41 84 2
41 85 4
41 86 2
41 87 4
41 88 1
41 89 3
41 90 1
41 91 3
41 92 1
41 93 1
41 94 2
41 95 3
41 96 1
41 97 3
41 98 4
41 99 3
42 43 1
42 44 4
42 45 3
42 46 4
42 47 3
42 48 2
42 49 1
42 50 3
42 51 1
42 52 1
42 53 4
42 54 3
42 55 2
42 56 2
42 57 2
42 58 2
42 59 3
42 60 2
42 61 1
42 62 1
42 63 1
42 64 2
42 65 4
42 66 1
42 67 2
42 68 3
42 69 1
42 70 1
42 71 2
42 72 4
42 73 3
42 74 2
42 75 3
42 76 3
42 77 2
42 78 2
42 79 3
42 80 1
42 81 1
42 82 2
42 83 3
42 84 3
42 85 3
42 86 3
42 87 2
42 88 4
42 89 2
42 90 3
42 91 3
42 92 3
42 93 3
42 94 2
42 95 1
42 96 4
42 97 3
42 98 3
42 99 1
43 44 4
43 45 3
43 46 4
43 47 3
43 48 3
43 49 2
43 50 3
43 51 1
43 52 1
43 53 4
43 54 3
43 55 2
43 56 2
43 57 2
43 58 2
43 59 3
43 60 2
43 61 2
43 62 1
43 63 1
43 64 2
43 65 4
43 66 1
43 67 2
43 68 4
43 69 1
43 70 1
43 71 2
43 72 4
43 73 3
43 74 2
43 75 3
43 76 3
43 77 3
43 78 2
43 79 3
43 80 1
43 81 1
43 82 2
43 83 3
43 84 4
43 85 3
43 86 3
43 87 3
43 88 4
43 89 2
43 90 3
43 91 3
43 92 3
43 93 3
43 94 2
43 95 1
43 96 4
43 97 4
43 98 3
43 99 1
44 45 1
44 46 2
44 47 4
44 48 2
44 49 3
44 50 4
44 51 3
44 52 4
44 53 1
44 54 2
44 55 3
44 56 2
44 57 3
44 58 3
44 59 4
44 60 3
44 61 4
44 62 4
44 63 4
44 64 2
44 65 4
44 66 5
44 67 4
44 68 1
44 69 3
44 70 3
44 71 3
44 72 1
44 73 2
44 74 3
44 75 2
44 76 3
44 77 2
44 78 3
44 79 2
44 80 4
44 81 3
44 82 3
44 83 3
44 84 1
44 85 3
44 86 2
44 87 3
44 88 3
44 89 2
44 90 4
44 91 2
44 92 3
44 93 4
44 94 3
44 95 4
44 96 3
44 97 1
44 98 2
44 99 4
45 46 1
45 47 3
45 48 2
45 49 2
45 50 3
45 51 3
45 52 3
45 53 1
45 54 1
45 55 2
45 56 1
45 57 2
45 58 2
45 59 3
45 60 2
45 61 3
45 62 3
45 63 3
45 64 1
45 65 3
45 66 4
45 67 3
45 68 1
45 69 2
45 70 3
45 71 3
45 72 1
45 73 2
45 74 2
45 75 1
45 76 3
45 77 1
45 78 2
45 79 1
45 80 3
45 81 2
45 82 2
45 83 3
45 84 1
45 85 3
45 86 1
45 87 2
45 88 2
45 89 2
45 90 3
45 91 1
45 92 2
45 93 3
45 94 2
45 95 3
45 96 2
45 97 1
45 98 2
45 99 3
46 47 2
46 48 2
46 49 3
46 50 2
46 51 3
46 52 3
46 53 2
46 54 2
46 55 3
46 56 2
46 57 2
46 58 3
46 59 2
46 60 2
46 61 3
46 62 4
46 63 4
46 64 2
46 65 2
46 66 4
46 67 2
46 68 2
46 69 3
46 70 3
46 71 2
46 72 1
46 73 3
46 74 2
46 75 2
46 76 4
46 77 2
46 78 2
46 79 2
46 80 3
46 81 3
46 82 2
46 83 4
46 84 1
46 85 4
46 86 1
46 87 3
46 88 1
46 89 2
46 90 2
46 91 2
46 92 1
46 93 2
46 94 2
46 95 3
46 96 1
46 97 2
46 98 3
46 99 4
47 48 3
47 49 3
47 50 1
47 51 2
47 52 2
47 53 3
47 54 3
47 55 3
47 56 3
47 57 2
47 58 3
47 59 1
47 60 1
47 61 2
47 62 3
47 63 3
47 64 2
47 65 1
47 66 3
47 67 2
47 68 3
47 69 2
47 70 3
47 71 2
47 72 3
47 73 4
47 74 2
47 75 3
47 76 4
47 77 3
47 78 2
47 79 3
47 80 2
47 81 3
47 82 3
47 83 4
47 84 3
47 85 4
47 86 2
47 87 4
47 88 1
47 89 3
47 90 1
47 91 3
47 92 1
47 93 1
47 94 2
47 95 3
47 96 1
47 97 3
47 98 4
47 99 3
48 49 1
48 50 3
48 51 2
48 52 3
48 53 3
48 54 1
48 55 1
48 56 1
48 57 2
48 58 1
48 59 3
48 60 2
48 61 3
48 62 2
48 63 2
48 64 1
48 65 4
48 66 3
48 67 3
48 68 2
48 69 2
48 70 2
48 71 3
48 72 2
48 73 1
48 74 2
48 75 1
48 76 2
48 77 1
48 78 2
48 79 1
48 80 3
48 81 2
48 82 1
48 83 2
48 84 2
48 85 2
48 86 1
48 87 1
48 88 3
48 89 1
48 90 4
48 91 1
48 92 3
48 93 3
48 94 2
48 95 2
48 96 3
48 97 2
48 98 1
48 99 3
49 50 2
49 51 1
49 52 2
49 53 3
49 54 2
49 55 1
49 56 1
49 57 1
49 58 1
49 59 2
49 60 2
49 61 2
49 62 1
49 63 1
49 64 1
49 65 3
49 66 2
49 67 2
49 68 2
49 69 1
49 70 1
49 71 2
49 72 3
49 73 2
49 74 2
49 75 2
49 76 2
49 77 1
49 78 2
49 79 2
49 80 2
49 81 1
49 82 1
49 83 2
49 84 2
49 85 2
49 86 2
49 87 1
49 88 3
49 89 1
49 90 3
49 91 2
49 92 3
49 93 3
49 94 2
49 95 1
49 96 3
49 97 2
49 98 2
49 99 2
50 51 2
50 52 2
50 53 3
50 54 3
50 55 3
50 56 3
50 57 1
50 58 3
50 59 1
50 60 1
50 61 2
50 62 3
50 63 3
50 64 2
50 65 1
50 66 3
50 67 1
50 68 3
50 69 2
50 70 3
50 71 1
50 72 3
50 73 4
50 74 1
50 75 3
50 76 4
50 77 3
50 78 1
50 79 3
50 80 2
50 81 2
50 82 2
50 83 4
50 84 3
50 85 4
50 86 2
50 87 3
50 88 1
50 89 3
50 90 1
50 91 2
50 92 1
50 93 1
50 94 1
50 95 2
50 96 2
50 97 3
50 98 4
50 99 3
51 52 1
51 53 3
51 54 2
51 55 2
51 56 2
51 57 1
51 58 1
51 59 2
51 60 1
51 61 1
51 62 1
51 63 1
51 64 2
51 65 3
51 66 2
51 67 2
51 68 3
51 69 1
51 70 1
51 71 1
51 72 3
51 73 3
51 74 1
51 75 2
51 76 2
51 77 2
51 78 1
51 79 3
51 80 1
51 81 1
51 82 1
51 83 3
51 84 3
51 85 3
51 86 2
51 87 2
51 88 3
51 89 2
51 90 2
51 91 2
51 92 2
51 93 2
51 94 1
51 95 1
51 96 3
51 97 3
51 98 2
51 99 1
52 53 4
52 54 3
52 55 2
52 56 2
52 57 1
52 58 2
52 59 2
52 60 1
52 61 1
52 62 2
52 63 2
52 64 2
52 65 3
52 66 2
52 67 1
52 68 3
52 69 1
52 70 2
52 71 1
52 72 3
52 73 3
52 74 1
52 75 3
52 76 3
52 77 2
52 78 1
52 79 3
52 80 1
52 81 1
52 82 2
52 83 3
52 84 3
52 85 4
52 86 2
52 87 3
52 88 3
52 89 2
52 90 2
52 91 2
52 92 2
52 93 2
52 94 1
52 95 1
52 96 3
52 97 3
52 98 3
52 99 1
53 54 2
53 55 3
53 56 2
53 57 3
53 58 3
53 59 3
53 60 3
53 61 4
53 62 4
53 63 4
53 64 2
53 65 4
53 66 5
53 67 4
53 68 1
53 69 3
53 70 3
53 71 3
53 72 1
53 73 3
53 74 3
53 75 2
53 76 4
53 77 2
53 78 3
53 79 2
53 80 4
53 81 3
53 82 3
53 83 4
53 84 1
53 85 4
53 86 2
53 87 3
53 88 3
53 89 3
53 90 4
53 91 2
53 92 3
53 93 3
53 94 3
53 95 4
53 96 3
53 97 1
53 98 3
53 99 4
54 55 1
54 56 1
54 57 2
54 58 1
54 59 3
54 60 2
54 61 3
54 62 2
54 63 3
54 64 1
54 65 4
54 66 3
54 67 3
54 68 1
54 69 2
54 70 2
54 71 3
54 72 2
54 73 1
54 74 2
54 75 1
54 76 2
54 77 1
54 78 2
54 79 1
54 80 3
54 81 2
54 82 1
54 83 2
54 84 2
54 85 2
54 86 1
54 87 2
54 88 3
54 89 1
54 90 4
54 91 1
54 92 3
54 93 3
54 94 2
54 95 2
54 96 3
54 97 1
54 98 1
54 99 3
55 56 1
55 57 2
55 58 1
55 59 3
55 60 2
55 61 2
55 62 1
55 63 2
55 64 2
55 65 3
55 66 2
55 67 3
55 68 2
55 69 1
55 70 1
55 71 2
55 72 3
55 73 2
55 74 2
55 75 2
55 76 1
55 77 1
55 78 2
55 79 2
55 80 2
55 81 1
55 82 1
55 83 2
55 84 3
55 85 2
55 86 2
55 87 1
55 88 3
55 89 1
55 90 3
55 91 2
55 92 3
55 93 3
55 94 2
55 95 2
55 96 3
55 97 2
55 98 1
55 99 2
56 57 2
56 58 1
56 59 3
56 60 2
56 61 2
56 62 2
56 63 2
56 64 1
56 65 3
56 66 3
56 67 3
56 68 2
56 69 1
56 70 2
56 71 2
56 72 2
56 73 1
56 74 2
56 75 1
56 76 2
56 77 1
56 78 2
56 79 1
56 80 2
56 81 2
56 82 1
56 83 2
56 84 2
56 85 2
56 86 1
56 87 1
56 88 3
56 89 1
56 90 3
56 91 1
56 92 3
56 93 3
56 94 2
56 95 2
56 96 3
56 97 2
56 98 1
56 99 2
57 58 2
57 59 1
57 60 1
57 61 2
57 62 2
57 63 2
57 64 1
57 65 2
57 66 2
57 67 1
57 68 2
57 69 1
57 70 2
57 71 1
57 72 2
57 73 3
57 74 1
57 75 2
57 76 3
57 77 2
57 78 1
57 79 2
57 80 2
57 81 1
57 82 1
57 83 3
57 84 2
57 85 3
57 86 1
57 87 2
57 88 2
57 89 2
57 90 2
57 91 1
57 92 2
57 93 2
57 94 1
57 95 2
57 96 2
57 97 2
57 98 3
57 99 2
58 59 3
58 60 2
58 61 2
58 62 1
58 63 2
58 64 1
58 65 3
58 66 2
58 67 3
58 68 2
58 69 1
58 70 1
58 71 2
58 72 3
58 73 2
58 74 2
58 75 2
58 76 1
58 77 1
58 78 2
58 79 2
58 80 2
58 81 1
58 82 1
58 83 2
58 84 3
58 85 2
58 86 2
58 87 1
58 88 3
58 89 1
58 90 3
58 91 2
58 92 3
58 93 3
58 94 2
58 95 2
58 96 3
58 97 2
58 98 1
58 99 2
59 60 1
59 61 2
59 62 3
59 63 3
59 64 2
59 65 1
59 66 3
59 67 1
59 68 3
59 69 2
59 70 3
59 71 1
59 72 3
59 73 4
59 74 1
59 75 3
59 76 4
59 77 3
59 78 1
59 79 3
59 80 2
59 81 2
59 82 2
59 83 4
59 84 3
59 85 4
59 86 2
59 87 3
59 88 1
59 89 3
59 90 1
59 91 2
59 92 1
59 93 1
59 94 1
59 95 2
59 96 2
59 97 3
59 98 4
59 99 3
60 61 1
60 62 2
60 63 2
60 64 1
60 65 2
60 66 2
60 67 1
60 68 3
60 69 1
60 70 2
60 71 1
60 72 2
60 73 3
60 74 1
60 75 2
60 76 3
60 77 2
60 78 1
60 79 3
60 80 1
60 81 2
60 82 2
60 83 3
60 84 2
60 85 4
60 86 2
60 87 3
60 88 2
60 89 2
60 90 2
60 91 2
60 92 1
60 93 1
60 94 1
60 95 2
60 96 2
60 97 3
60 98 3
60 99 2
61 62 2
61 63 2
61 64 2
61 65 3
61 66 2
61 67 1
61 68 4
61 69 1
61 70 2
61 71 1
61 72 3
61 73 3
61 74 2
61 75 3
61 76 3
61 77 3
61 78 2
61 79 3
61 80 1
61 81 1
61 82 2
61 83 3
61 84 3
61 85 4
61 86 3
61 87 3
61 88 3
61 89 2
61 90 2
61 91 3
61 92 2
61 93 2
61 94 1
61 95 1
61 96 3
61 97 4
61 98 3
61 99 2
62 63 1
62 64 2
62 65 4
62 66 1
62 67 3
62 68 3
62 69 1
62 70 1
62 71 2
62 72 4
62 73 2
62 74 2
62 75 3
62 76 2
62 77 2
62 78 2
62 79 3
62 80 2
62 81 1
62 82 2
62 83 2
62 84 3
62 85 2
62 86 3
62 87 2
62 88 4
62 89 2
62 90 3
62 91 3
62 92 3
62 93 3
62 94 2
62 95 1
62 96 4
62 97 3
62 98 2
62 99 1
63 64 2
63 65 4
63 66 1
63 67 3
63 68 3
63 69 1
63 70 1
63 71 2
63 72 4
63 73 3
63 74 2
63 75 3
63 76 3
63 77 2
63 78 2
63 79 3
63 80 2
63 81 1
63 82 2
63 83 3
63 84 3
63 85 3
63 86 3
63 87 2
63 88 4
63 89 2
63 90 3
63 91 3
63 92 3
63 93 3
63 94 2
63 95 1
63 96 4
63 97 3
63 98 3
63 99 1
64 65 3
64 66 3
64 67 2
64 68 2
64 69 1
64 70 2
64 71 2
64 72 2
64 73 2
64 74 1
64 75 1
64 76 2
64 77 1
64 78 1
64 79 2
64 80 2
64 81 1
64 82 1
64 83 3
64 84 2
64 85 3
64 86 1
64 87 2
64 88 2
64 89 1
64 90 3
64 91 1
64 92 2
64 93 2
64 94 1
64 95 2
64 96 2
64 97 2
64 98 2
64 99 2
65 66 4
65 67 2
65 68 4
65 69 3
65 70 3
65 71 2
65 72 3
65 73 4
65 74 2
65 75 4
65 76 4
65 77 3
65 78 2
65 79 4
65 80 3
65 81 3
65 82 3
65 83 5
65 84 3
65 85 5
65 86 3
65 87 4
65 88 1
65 89 3
65 90 1
65 91 3
65 92 1
65 93 1
65 94 2
65 95 3
65 96 1
65 97 4
65 98 4
65 99 4
66 67 2
66 68 4
66 69 2
66 70 2
66 71 2
66 72 4
66 73 3
66 74 3
66 75 4
66 76 3
66 77 3
66 78 3
66 79 4
66 80 1
66 81 2
66 82 2
66 83 3
66 84 4
66 85 3
66 86 3
66 87 3
66 88 4
66 89 3
66 90 3
66 91 3
66 92 3
66 93 3
66 94 2
66 95 1
66 96 4
66 97 4
66 98 3
66 99 1
67 68 3
67 69 2
67 70 2
67 71 1
67 72 3
67 73 4
67 74 1
67 75 3
67 76 4
67 77 3
67 78 1
67 79 3
67 80 1
67 81 2
67 82 2
67 83 4
67 84 3
67 85 4
67 86 2
67 87 3
67 88 2
67 89 3
67 90 1
67 91 2
67 92 2
67 93 1
67 94 1
67 95 2
67 96 2
67 97 3
67 98 4
67 99 2
68 69 3
68 70 3
68 71 3
68 72 1
68 73 2
68 74 2
68 75 1
68 76 3
68 77 2
68 78 2
68 79 1
68 80 4
68 81 3
68 82 2
68 83 3
68 84 1
68 85 3
68 86 1
68 87 3
68 88 3
68 89 2
68 90 4
68 91 1
68 92 3
68 93 3
68 94 3
68 95 3
68 96 3
68 97 1
68 98 2
68 99 4
69 70 1
69 71 1
69 72 3
69 73 2
69 74 1
69 75 2
69 76 2
69 77 2
69 78 1
69 79 2
69 80 1
69 81 1
69 82 1
69 83 2
69 84 3
69 85 3
69 86 2
69 87 2
69 88 3
69 89 1
69 90 3
69 91 2
69 92 2
69 93 2
69 94 1
69 95 1
69 96 3
69 97 3
69 98 2
69 99 1
70 71 2
70 72 3
70 73 2
70 74 2
70 75 2
70 76 2
70 77 2
70 78 2
70 79 2
70 80 2
70 81 1
70 82 1
70 83 2
70 84 3
70 85 2
70 86 2
70 87 2
70 88 3
70 89 1
70 90 3
70 91 2
70 92 3
70 93 3
70 94 2
70 95 1
70 96 3
70 97 3
70 98 2
70 99 1
71 72 3
71 73 3
71 74 1
71 75 3
71 76 3
71 77 2
71 78 1
71 79 3
71 80 1
71 81 1
71 82 2
71 83 3
71 84 3
71 85 4
71 86 2
71 87 3
71 88 2
71 89 2
71 90 2
71 91 2
71 92 2
71 93 2
71 94 1
71 95 1
71 96 2
71 97 3
71 98 3
71 99 2
72 73 3
72 74 2
72 75 2
72 76 4
72 77 2
72 78 2
72 79 2
72 80 3
72 81 3
72 82 2
72 83 4
72 84 1
72 85 4
72 86 1
72 87 3
72 88 2
72 89 2
72 90 3
72 91 2
72 92 2
72 93 3
72 94 2
72 95 3
72 96 2
72 97 1
72 98 3
72 99 4
73 74 3
73 75 1
73 76 2
73 77 1
73 78 3
73 79 1
73 80 3
73 81 2
73 82 2
73 83 1
73 84 2
73 85 1
73 86 2
73 87 1
73 88 3
73 89 1
73 90 4
73 91 2
73 92 4
73 93 4
73 94 3
73 95 3
73 96 3
73 97 2
73 98 1
73 99 3
74 75 2
74 76 3
74 77 2
74 78 1
74 79 2
74 80 2
74 81 1
74 82 1
74 83 3
74 84 2
74 85 3
74 86 1
74 87 3
74 88 2
74 89 2
74 90 2
74 91 2
74 92 1
74 93 2
74 94 1
74 95 2
74 96 2
74 97 2
74 98 3
74 99 2
75 76 2
75 77 1
75 78 2
75 79 1
75 80 3
75 81 2
75 82 2
75 83 2
75 84 1
75 85 2
75 86 1
75 87 2
75 88 3
75 89 1
75 90 4
75 91 1
75 92 3
75 93 3
75 94 2
75 95 3
75 96 3
75 97 1
75 98 1
75 99 3
76 77 2
76 78 3
76 79 2
76 80 3
76 81 2
76 82 2
76 83 1
76 84 3
76 85 1
76 86 3
76 87 1
76 88 4
76 89 2
76 90 4
76 91 2
76 92 4
76 93 4
76 94 3
76 95 3
76 96 4
76 97 3
76 98 1
76 99 3
77 78 2
77 79 1
77 80 3
77 81 2
77 82 1
77 83 2
77 84 2
77 85 2
77 86 1
77 87 1
77 88 3
77 89 1
77 90 3
77 91 1
77 92 3
77 93 3
77 94 2
77 95 2
77 96 3
77 97 1
77 98 1
77 99 3
78 79 2
78 80 2
78 81 1
78 82 1
78 83 3
78 84 2
78 85 3
78 86 1
78 87 3
78 88 2
78 89 2
78 90 2
78 91 1
78 92 2
78 93 2
78 94 1
78 95 2
78 96 2
78 97 2
78 98 3
78 99 2
79 80 3
79 81 2
79 82 2
79 83 2
79 84 2
79 85 2
79 86 1
79 87 2
79 88 3
79 89 1
79 90 4
79 91 1
79 92 3
79 93 3
79 94 3
79 95 3
79 96 3
79 97 1
79 98 1
79 99 3
80 81 1
80 82 2
80 83 3
80 84 3
80 85 4
80 86 3
80 87 3
80 88 3
80 89 2
80 90 2
80 91 3
80 92 2
80 93 2
80 94 1
80 95 1
80 96 3
80 97 4
80 98 3
80 99 1
81 82 1
81 83 2
81 84 3
81 85 3
81 86 2
81 87 2
81 88 3
81 89 1
81 90 3
81 91 2
81 92 2
81 93 2
81 94 1
81 95 1
81 96 3
81 97 3
81 98 2
81 99 1
82 83 2
82 84 2
82 85 2
82 86 1
82 87 2
82 88 3
82 89 1
82 90 3
82 91 1
82 92 2
82 93 2
82 94 1
82 95 1
82 96 3
82 97 2
82 98 2
82 99 2
83 84 3
83 85 1
83 86 3
83 87 1
83 88 4
83 89 2
83 90 5
83 91 2
83 92 4
83 93 4
83 94 3
83 95 3
83 96 4
83 97 3
83 98 1
83 99 3
84 85 3
84 86 1
84 87 3
84 88 2
84 89 2
84 90 3
84 91 1
84 92 2
84 93 3
84 94 2
84 95 3
84 96 2
84 97 1
84 98 2
84 99 4
85 86 3
85 87 1
85 88 4
85 89 2
85 90 5
85 91 2
85 92 4
85 93 4
85 94 3
85 95 3
85 96 4
85 97 3
85 98 1
85 99 3
86 87 2
86 88 2
86 89 1
86 90 3
86 91 1
86 92 2
86 93 2
86 94 2
86 95 2
86 96 2
86 97 1
86 98 2
86 99 3
87 88 4
87 89 1
87 90 4
87 91 2
87 92 4
87 93 4
87 94 3
87 95 2
87 96 4
87 97 2
87 98 1
87 99 3
88 89 3
88 90 1
88 91 2
88 92 1
88 93 1
88 94 2
88 95 3
88 96 1
88 97 3
88 98 4
88 99 4
89 90 3
89 91 1
89 92 3
89 93 3
89 94 2
89 95 2
89 96 3
89 97 2
89 98 1
89 99 2
90 91 3
90 92 1
90 93 1
90 94 2
90 95 3
90 96 2
90 97 4
90 98 4
90 99 3
91 92 3
91 93 3
91 94 2
91 95 2
91 96 2
91 97 1
91 98 2
91 99 3
92 93 1
92 94 2
92 95 3
92 96 1
92 97 3
92 98 4
92 99 3
93 94 2
93 95 3
93 96 1
93 97 3
93 98 4
93 99 3
94 95 1
94 96 2
94 97 3
94 98 3
94 99 2
95 96 3
95 97 3
95 98 3
95 99 1
96 97 3
96 98 4
96 99 4
97 98 2
97 99 4
98 99 3
