100 
0 1 3
0 2 4
0 3 4
0 4 3
0 5 3
0 6 6
0 7 5
0 8 5
0 9 6
0 10 3
0 11 2
0 12 4
0 13 4
0 14 1
0 15 4
0 16 5
0 17 2
0 18 4
0 19 5
0 20 5
0 21 6
0 22 4
0 23 4
0 24 2
0 25 2
0 26 1
0 27 7
0 28 2
0 29 6
0 30 1
0 31 5
0 32 2
0 33 5
0 34 2
0 35 4
0 36 3
0 37 7
0 38 5
0 39 2
0 40 5
0 41 7
0 42 3
0 43 4
0 44 5
0 45 2
0 46 5
0 47 3
0 48 2
0 49 1
0 50 6
0 51 6
0 52 1
0 53 5
0 54 7
0 55 6
0 56 6
0 57 6
0 58 7
0 59 3
0 60 5
0 61 6
0 62 6
0 63 2
0 64 2
0 65 2
0 66 2
0 67 5
0 68 6
0 69 1
0 70 4
0 71 6
0 72 5
0 73 2
0 74 5
0 75 4
0 76 5
0 77 2
0 78 5
0 79 1
0 80 3
0 81 2
0 82 5
0 83 6
0 84 3
0 85 1
0 86 6
0 87 2
0 88 2
0 89 7
0 90 1
0 91 6
0 92 6
0 93 1
0 94 4
0 95 6
0 96 2
0 97 6
0 98 6
0 99 2
1 2 5
1 3 3
1 4 2
1 5 1
1 6 3
1 7 4
1 8 3
1 9 3
1 10 1
1 11 4
1 12 6
1 13 1
1 14 4
1 15 1
1 16 2
1 17 2
1 18 1
1 19 2
1 20 3
1 21 3
1 22 2
1 23 1
1 24 2
1 25 3
1 26 3
1 27 4
1 28 3
1 29 3
1 30 4
1 31 2
1 32 4
1 33 3
1 34 4
1 35 2
1 36 5
1 37 4
1 38 2
1 39 5
1 40 4
1 41 6
1 42 1
1 43 1
1 44 2
1 45 4
1 46 2
1 47 5
1 48 1
1 49 4
1 50 6
1 51 3
1 52 2
1 53 5
1 54 5
1 55 3
1 56 3
1 57 3
1 58 4
1 59 3
1 60 5
1 61 3
1 62 4
1 63 2
1 64 5
1 65 2
1 66 4
1 67 2
1 68 5
1 69 4
1 70 1
1 71 4
1 72 4
1 73 5
1 74 3
1 75 2
1 76 5
1 77 2
1 78 4
1 79 2
1 80 4
1 81 3
1 82 3
1 83 6
1 84 1
1 85 2
1 86 4
1 87 5
1 88 3
1 89 4
1 90 3
1 91 3
1 92 3
1 93 2
1 94 1
1 95 4
1 96 4
1 97 6
1 98 3
1 99 2
2 3 2
2 4 3
2 5 4
2 6 7
2 7 1
2 8 4
2 9 5
2 10 5
2 11 2
2 12 1
2 13 5
2 14 3
2 15 5
2 16 4
2 17 5
2 18 6
2 19 6
2 20 3
2 21 4
2 22 7
2 23 6
2 24 5
2 25 3
2 26 3
2 27 5
2 28 3
2 29 5
2 30 3
2 31 7
2 32 2
2 33 4
2 34 2
2 35 7
2 36 1
2 37 5
2 38 7
2 39 3
2 40 2
2 41 3
2 42 6
2 43 5
2 44 4
2 45 2
2 46 6
2 47 1
2 48 5
2 49 4
2 50 2
2 51 6
2 52 5
2 53 1
2 54 3
2 55 5
2 56 6
2 57 5
2 58 5
2 59 2
2 60 1
2 61 5
2 62 4
2 63 5
2 64 3
2 65 3
2 66 2
2 67 5
2 68 2
2 69 3
2 70 5
2 71 2
2 72 2
2 73 3
2 74 3
2 75 4
2 76 1
2 77 4
2 78 2
2 79 4
2 80 1
2 81 3
2 82 4
2 83 2
2 84 6
2 85 4
2 86 3
2 87 2
2 88 4
2 89 6
2 90 4
2 91 3
2 92 5
2 93 5
2 94 4
2 95 4
2 96 2
2 97 2
2 98 5
2 99 6
3 4 1
3 5 2
3 6 5
3 7 1
3 8 3
3 9 4
3 10 3
3 11 3
3 12 3
3 13 3
3 14 3
3 15 3
3 16 3
3 17 3
3 18 4
3 19 4
3 20 2
3 21 3
3 22 5
3 23 4
3 24 3
3 25 2
3 26 3
3 27 5
3 28 2
3 29 4
3 30 3
3 31 5
3 32 2
3 33 3
3 34 3
3 35 5
3 36 3
3 37 5
3 38 5
3 39 4
3 40 1
3 41 4
3 42 4
3 43 3
3 44 3
3 45 3
3 46 4
3 47 3
3 48 4
3 49 4
3 50 3
3 51 4
3 52 4
3 53 2
3 54 3
3 55 4
3 56 4
3 57 4
3 58 5
3 59 1
3 60 2
3 61 4
3 62 3
3 63 4
3 64 4
3 65 2
3 66 2
3 67 3
3 68 2
3 69 4
3 70 3
3 71 2
3 72 1
3 73 4
3 74 2
3 75 2
3 76 2
3 77 3
3 78 1
3 79 3
3 80 2
3 81 2
3 82 3
3 83 3
3 84 4
3 85 3
3 86 2
3 87 3
3 88 2
3 89 5
3 90 3
3 91 3
3 92 4
3 93 4
3 94 2
3 95 4
3 96 2
3 97 3
3 98 4
3 99 4
4 5 1
4 6 4
4 7 2
4 8 2
4 9 3
4 10 2
4 11 3
4 12 4
4 13 2
4 14 3
4 15 2
4 16 2
4 17 2
4 18 3
4 19 3
4 20 2
4 21 3
4 22 4
4 23 3
4 24 2
4 25 2
4 26 2
4 27 4
4 28 1
4 29 3
4 30 3
4 31 4
4 32 3
4 33 2
4 34 3
4 35 4
4 36 4
4 37 4
4 38 4
4 39 4
4 40 2
4 41 5
4 42 3
4 43 2
4 44 2
4 45 3
4 46 3
4 47 4
4 48 3
4 49 4
4 50 4
4 51 3
4 52 3
4 53 3
4 54 4
4 55 3
4 56 3
4 57 3
4 58 4
4 59 2
4 60 3
4 61 3
4 62 3
4 63 3
4 64 4
4 65 1
4 66 3
4 67 2
4 68 3
4 69 4
4 70 2
4 71 3
4 72 2
4 73 4
4 74 2
4 75 1
4 76 3
4 77 2
4 78 2
4 79 2
4 80 3
4 81 2
4 82 2
4 83 4
4 84 3
4 85 2
4 86 3
4 87 4
4 88 1
4 89 4
4 90 2
4 91 3
4 92 3
4 93 3
4 94 1
4 95 3
4 96 3
4 97 4
4 98 3
4 99 3
5 6 3
5 7 3
5 8 2
5 9 3
5 10 1
5 11 3
5 12 5
5 13 1
5 14 3
5 15 2
5 16 2
5 17 3
5 18 2
5 19 2
5 20 2
5 21 3
5 22 3
5 23 2
5 24 2
5 25 2
5 26 3
5 27 4
5 28 2
5 29 3
5 30 3
5 31 3
5 32 3
5 33 2
5 34 3
5 35 3
5 36 4
5 37 4
5 38 3
5 39 4
5 40 3
5 41 5
5 42 2
5 43 1
5 44 2
5 45 3
5 46 2
5 47 4
5 48 2
5 49 4
5 50 5
5 51 3
5 52 3
5 53 4
5 54 4
5 55 3
5 56 3
5 57 3
5 58 4
5 59 2
5 60 4
5 61 3
5 62 3
5 63 3
5 64 4
5 65 1
5 66 3
5 67 2
5 68 4
5 69 4
5 70 1
5 71 3
5 72 3
5 73 4
5 74 2
5 75 1
5 76 4
5 77 2
5 78 3
5 79 3
5 80 3
5 81 2
5 82 2
5 83 5
5 84 2
5 85 2
5 86 3
5 87 4
5 88 2
5 89 4
5 90 3
5 91 3
5 92 3
5 93 3
5 94 1
5 95 3
5 96 3
5 97 5
5 98 3
5 99 2
6 7 6
6 8 3
6 9 2
6 10 4
6 11 6
6 12 7
6 13 2
6 14 6
6 15 3
6 16 3
6 17 5
6 18 4
6 19 1
6 20 4
6 21 3
6 22 5
6 23 4
6 24 5
6 25 5
6 26 6
6 27 4
6 28 5
6 29 3
6 30 6
6 31 5
6 32 6
6 33 3
6 34 6
6 35 5
6 36 7
6 37 3
6 38 5
6 39 7
6 40 5
6 41 6
6 42 3
6 43 3
6 44 3
6 45 6
6 46 1
6 47 7
6 48 4
6 49 7
6 50 6
6 51 1
6 52 5
6 53 6
6 54 5
6 55 3
6 56 2
6 57 2
6 58 4
6 59 5
6 60 7
6 61 2
6 62 4
6 63 5
6 64 7
6 65 4
6 66 6
6 67 2
6 68 5
6 69 7
6 70 3
6 71 5
6 72 6
6 73 7
6 74 4
6 75 3
6 76 7
6 77 5
6 78 6
6 79 5
6 80 6
6 81 5
6 82 3
6 83 7
6 84 4
6 85 5
6 86 4
6 87 7
6 88 5
6 89 4
6 90 6
6 91 4
6 92 2
6 93 5
6 94 3
6 95 3
6 96 6
6 97 7
6 98 2
6 99 4
7 8 3
7 9 4
7 10 4
7 11 3
7 12 2
7 13 4
7 14 4
7 15 4
7 16 3
7 17 4
7 18 5
7 19 5
7 20 2
7 21 3
7 22 6
7 23 5
7 24 4
7 25 3
7 26 4
7 27 4
7 28 3
7 29 4
7 30 4
7 31 6
7 32 3
7 33 3
7 34 3
7 35 6
7 36 2
7 37 4
7 38 6
7 39 4
7 40 1
7 41 3
7 42 5
7 43 4
7 44 3
7 45 3
7 46 5
7 47 2
7 48 5
7 49 5
7 50 2
7 51 5
7 52 5
7 53 1
7 54 2
7 55 4
7 56 5
7 57 4
7 58 4
7 59 2
7 60 1
7 61 4
7 62 3
7 63 5
7 64 4
7 65 3
7 66 3
7 67 4
7 68 1
7 69 4
7 70 4
7 71 1
7 72 1
7 73 4
7 74 2
7 75 3
7 76 1
7 77 4
7 78 1
7 79 4
7 80 2
7 81 3
7 82 3
7 83 2
7 84 5
7 85 4
7 86 2
7 87 3
7 88 3
7 89 5
7 90 4
7 91 2
7 92 4
7 93 5
7 94 3
7 95 3
7 96 3
7 97 2
7 98 4
7 99 5
8 9 1
8 10 3
8 11 5
8 12 4
8 13 2
8 14 5
8 15 3
8 16 1
8 17 4
8 18 3
8 19 2
8 20 1
8 21 1
8 22 4
8 23 4
8 24 4
8 25 4
8 26 4
8 27 2
8 28 3
8 29 1
8 30 5
8 31 5
8 32 5
8 33 1
8 34 5
8 35 4
8 36 5
8 37 2
8 38 5
8 39 6
8 40 2
8 41 3
8 42 3
8 43 2
8 44 1
8 45 5
8 46 2
8 47 5
8 48 4
8 49 6
8 50 3
8 51 2
8 52 5
8 53 3
8 54 2
8 55 1
8 56 2
8 57 2
8 58 2
8 59 4
8 60 4
8 61 2
8 62 1
8 63 5
8 64 6
8 65 3
8 66 5
8 67 1
8 68 2
8 69 6
8 70 3
8 71 2
8 72 3
8 73 6
8 74 1
8 75 1
8 76 4
8 77 4
8 78 3
8 79 4
8 80 5
8 81 4
8 82 1
8 83 4
8 84 4
8 85 4
8 86 1
8 87 6
8 88 3
8 89 2
8 90 4
8 91 1
8 92 2
8 93 5
8 94 2
8 95 1
8 96 5
8 97 4
8 98 2
8 99 4
9 10 3
9 11 6
9 12 5
9 13 2
9 14 6
9 15 3
9 16 1
9 17 5
9 18 3
9 19 1
9 20 2
9 21 1
9 22 4
9 23 4
9 24 4
9 25 5
9 26 5
9 27 2
9 28 4
9 29 1
9 30 6
9 31 5
9 32 6
9 33 2
9 34 6
9 35 4
9 36 6
9 37 1
9 38 5
9 39 7
9 40 3
9 41 4
9 42 3
9 43 2
9 44 1
9 45 6
9 46 1
9 47 6
9 48 4
9 49 7
9 50 4
9 51 1
9 52 5
9 53 4
9 54 3
9 55 1
9 56 1
9 57 1
9 58 2
9 59 5
9 60 5
9 61 1
9 62 2
9 63 5
9 64 7
9 65 4
9 66 6
9 67 1
9 68 3
9 69 7
9 70 3
9 71 3
9 72 4
9 73 7
9 74 2
9 75 2
9 76 5
9 77 5
9 78 4
9 79 5
9 80 6
9 81 5
9 82 1
9 83 5
9 84 4
9 85 5
9 86 2
9 87 7
9 88 4
9 89 2
9 90 5
9 91 2
9 92 1
9 93 5
9 94 2
9 95 1
9 96 6
9 97 5
9 98 1
9 99 4
10 11 4
10 12 6
10 13 2
10 14 3
10 15 1
10 16 3
10 17 2
10 18 1
10 19 3
10 20 3
10 21 4
10 22 2
10 23 2
10 24 1
10 25 3
10 26 3
10 27 5
10 28 3
10 29 4
10 30 4
10 31 3
10 32 4
10 33 3
10 34 4
10 35 2
10 36 5
10 37 4
10 38 3
10 39 4
10 40 4
10 41 6
10 42 1
10 43 1
10 44 3
10 45 4
10 46 3
10 47 5
10 48 1
10 49 4
10 50 6
10 51 3
10 52 2
10 53 5
10 54 5
10 55 4
10 56 3
10 57 3
10 58 5
10 59 3
10 60 5
10 61 3
10 62 4
10 63 2
10 64 4
10 65 2
10 66 4
10 67 2
10 68 5
10 69 4
10 70 1
10 71 4
10 72 4
10 73 4
10 74 3
10 75 2
10 76 5
10 77 2
10 78 4
10 79 2
10 80 4
10 81 3
10 82 3
10 83 6
10 84 1
10 85 2
10 86 4
10 87 4
10 88 2
10 89 5
10 90 2
10 91 4
10 92 3
10 93 2
10 94 2
10 95 4
10 96 4
10 97 6
10 98 3
10 99 1
11 12 3
11 13 4
11 14 1
11 15 5
11 16 5
11 17 3
11 18 5
11 19 5
11 20 5
11 21 6
11 22 6
11 23 5
11 24 3
11 25 1
11 26 1
11 27 7
11 28 2
11 29 6
11 30 1
11 31 6
11 32 1
11 33 5
11 34 1
11 35 6
11 36 2
11 37 7
11 38 6
11 39 2
11 40 4
11 41 5
11 42 4
11 43 4
11 44 5
11 45 1
11 46 5
11 47 2
11 48 3
11 49 2
11 50 4
11 51 6
11 52 3
11 53 3
11 54 5
11 55 6
11 56 6
11 57 6
11 58 7
11 59 2
11 60 3
11 61 6
11 62 6
11 63 3
11 64 1
11 65 2
11 66 1
11 67 5
11 68 4
11 69 2
11 70 4
11 71 4
11 72 4
11 73 1
11 74 5
11 75 4
11 76 3
11 77 2
11 78 4
11 79 2
11 80 1
11 81 1
11 82 5
11 83 4
11 84 5
11 85 2
11 86 5
11 87 1
11 88 2
11 89 7
11 90 2
11 91 5
11 92 6
11 93 3
11 94 4
11 95 6
11 96 1
11 97 4
11 98 6
11 99 4
12 13 6
12 14 3
12 15 6
12 16 5
12 17 5
12 18 7
12 19 6
12 20 4
12 21 4
12 22 8
12 23 7
12 24 5
12 25 3
12 26 3
12 27 6
12 28 4
12 29 5
12 30 3
12 31 8
12 32 3
12 33 4
12 34 3
12 35 8
12 36 1
12 37 6
12 38 8
12 39 4
12 40 3
12 41 3
12 42 6
12 43 6
12 44 5
12 45 3
12 46 6
12 47 1
12 48 5
12 49 4
12 50 2
12 51 6
12 52 5
12 53 1
12 54 3
12 55 5
12 56 6
12 57 6
12 58 6
12 59 3
12 60 1
12 61 6
12 62 4
12 63 5
12 64 4
12 65 4
12 66 2
12 67 5
12 68 2
12 69 4
12 70 6
12 71 3
12 72 2
12 73 4
12 74 4
12 75 5
12 76 1
12 77 4
12 78 2
12 79 4
12 80 2
12 81 3
12 82 5
12 83 2
12 84 7
12 85 4
12 86 3
12 87 2
12 88 4
12 89 6
12 90 4
12 91 4
12 92 6
12 93 5
12 94 5
12 95 5
12 96 3
12 97 2
12 98 6
12 99 6
13 14 4
13 15 1
13 16 2
13 17 3
13 18 2
13 19 1
13 20 3
13 21 3
13 22 3
13 23 2
13 24 3
13 25 3
13 26 4
13 27 4
13 28 3
13 29 3
13 30 4
13 31 3
13 32 4
13 33 2
13 34 4
13 35 3
13 36 5
13 37 3
13 38 3
13 39 5
13 40 4
13 41 5
13 42 1
13 43 1
13 44 2
13 45 4
13 46 1
13 47 5
13 48 2
13 49 5
13 50 5
13 51 2
13 52 3
13 53 5
13 54 4
13 55 3
13 56 2
13 57 2
13 58 4
13 59 3
13 60 5
13 61 2
13 62 3
13 63 3
13 64 5
13 65 2
13 66 4
13 67 1
13 68 4
13 69 5
13 70 1
13 71 4
13 72 4
13 73 5
13 74 3
13 75 2
13 76 5
13 77 3
13 78 4
13 79 3
13 80 4
13 81 3
13 82 2
13 83 6
13 84 2
13 85 3
13 86 3
13 87 5
13 88 3
13 89 4
13 90 4
13 91 3
13 92 2
13 93 3
13 94 1
13 95 3
13 96 4
13 97 6
13 98 2
13 99 2
14 15 4
14 16 5
14 17 2
14 18 4
14 19 5
14 20 5
14 21 6
14 22 5
14 23 5
14 24 2
14 25 1
14 26 1
14 27 7
14 28 2
14 29 6
14 30 1
14 31 6
14 32 1
14 33 5
14 34 1
14 35 5
14 36 2
14 37 7
14 38 6
14 39 1
14 40 4
14 41 6
14 42 4
14 43 4
14 44 5
14 45 1
14 46 5
14 47 2
14 48 3
14 49 1
14 50 5
14 51 6
14 52 2
14 53 4
14 54 6
14 55 6
14 56 6
14 57 6
14 58 7
14 59 2
14 60 4
14 61 6
14 62 6
14 63 3
14 64 1
14 65 2
14 66 1
14 67 5
14 68 5
14 69 1
14 70 4
14 71 5
14 72 4
14 73 1
14 74 5
14 75 4
14 76 4
14 77 2
14 78 4
14 79 2
14 80 2
14 81 2
14 82 5
14 83 5
14 84 4
14 85 2
14 86 5
14 87 1
14 88 2
14 89 7
14 90 1
14 91 6
14 92 6
14 93 2
14 94 4
14 95 6
14 96 1
14 97 5
14 98 6
14 99 3
15 16 2
15 17 3
15 18 1
15 19 2
15 20 3
15 21 3
15 22 2
15 23 1
15 24 2
15 25 4
15 26 4
15 27 4
15 28 3
15 29 3
15 30 5
15 31 2
15 32 5
15 33 3
15 34 5
15 35 2
15 36 6
15 37 4
15 38 2
15 39 5
15 40 4
15 41 6
15 42 1
15 43 1
15 44 2
15 45 5
15 46 2
15 47 6
15 48 2
15 49 5
15 50 6
15 51 3
15 52 3
15 53 5
15 54 5
15 55 3
15 56 3
15 57 3
15 58 4
15 59 4
15 60 5
15 61 3
15 62 4
15 63 3
15 64 5
15 65 3
15 66 5
15 67 2
15 68 5
15 69 5
15 70 1
15 71 4
15 72 4
15 73 5
15 74 3
15 75 2
15 76 5
15 77 3
15 78 4
15 79 3
15 80 5
15 81 4
15 82 3
15 83 6
15 84 1
15 85 3
15 86 4
15 87 5
15 88 3
15 89 4
15 90 3
15 91 3
15 92 3
15 93 3
15 94 1
15 95 4
15 96 5
15 97 6
15 98 3
15 99 2
16 17 4
16 18 3
16 19 2
16 20 1
16 21 1
16 22 4
16 23 3
16 24 4
16 25 4
16 26 4
16 27 2
16 28 3
16 29 1
16 30 5
16 31 4
16 32 5
16 33 1
16 34 5
16 35 4
16 36 5
16 37 2
16 38 4
16 39 6
16 40 2
16 41 4
16 42 3
16 43 2
16 44 1
16 45 5
16 46 2
16 47 5
16 48 3
16 49 6
16 50 4
16 51 2
16 52 4
16 53 4
16 54 3
16 55 1
16 56 2
16 57 1
16 58 2
16 59 4
16 60 4
16 61 2
16 62 2
16 63 4
16 64 6
16 65 3
16 66 5
16 67 1
16 68 3
16 69 6
16 70 2
16 71 2
16 72 3
16 73 6
16 74 1
16 75 1
16 76 4
16 77 4
16 78 3
16 79 4
16 80 5
16 81 4
16 82 1
16 83 5
16 84 3
16 85 4
16 86 2
16 87 6
16 88 3
16 89 2
16 90 4
16 91 2
16 92 1
16 93 4
16 94 1
16 95 2
16 96 5
16 97 5
16 98 2
16 99 4
17 18 3
17 19 4
17 20 4
17 21 5
17 22 3
17 23 3
17 24 1
17 25 2
17 26 2
17 27 6
17 28 2
17 29 5
17 30 3
17 31 4
17 32 3
17 33 4
17 34 3
17 35 3
17 36 4
17 37 6
17 38 4
17 39 3
17 40 4
17 41 7
17 42 2
17 43 3
17 44 4
17 45 3
17 46 4
17 47 4
17 48 1
17 49 3
17 50 6
17 51 5
17 52 1
17 53 5
17 54 6
17 55 5
17 56 5
17 57 5
17 58 6
17 59 3
17 60 5
17 61 5
17 62 5
17 63 1
17 64 3
17 65 2
17 66 3
17 67 4
17 68 5
17 69 3
17 70 3
17 71 5
17 72 4
17 73 3
17 74 4
17 75 3
17 76 5
17 77 1
17 78 4
17 79 1
17 80 4
17 81 2
17 82 4
17 83 6
17 84 2
17 85 1
17 86 5
17 87 3
17 88 1
17 89 6
17 90 1
17 91 5
17 92 5
17 93 1
17 94 3
17 95 5
17 96 3
17 97 6
17 98 5
17 99 1
18 19 3
18 20 4
18 21 4
18 22 1
18 23 1
18 24 2
18 25 4
18 26 4
18 27 5
18 28 4
18 29 4
18 30 5
18 31 2
18 32 5
18 33 3
18 34 5
18 35 1
18 36 6
18 37 4
18 38 2
18 39 5
18 40 5
18 41 6
18 42 1
18 43 1
18 44 3
18 45 5
18 46 3
18 47 6
18 48 2
18 49 5
18 50 6
18 51 3
18 52 3
18 53 6
18 54 5
18 55 4
18 56 3
18 57 3
18 58 5
18 59 4
18 60 6
18 61 3
18 62 4
18 63 3
18 64 5
18 65 3
18 66 5
18 67 2
18 68 5
18 69 5
18 70 1
18 71 5
18 72 5
18 73 5
18 74 4
18 75 3
18 76 6
18 77 3
18 78 5
18 79 3
18 80 5
18 81 4
18 82 3
18 83 7
18 84 1
18 85 3
18 86 4
18 87 5
18 88 3
18 89 5
18 90 3
18 91 4
18 92 3
18 93 3
18 94 2
18 95 4
18 96 5
18 97 7
18 98 3
18 99 2
19 20 3
19 21 2
19 22 4
19 23 3
19 24 4
19 25 4
19 26 5
19 27 3
19 28 4
19 29 2
19 30 5
19 31 4
19 32 5
19 33 2
19 34 5
19 35 4
19 36 6
19 37 2
19 38 4
19 39 6
19 40 4
19 41 5
19 42 2
19 43 2
19 44 2
19 45 5
19 46 1
19 47 6
19 48 3
19 49 6
19 50 5
19 51 1
19 52 4
19 53 5
19 54 4
19 55 2
19 56 1
19 57 1
19 58 3
19 59 4
19 60 6
19 61 1
19 62 3
19 63 4
19 64 6
19 65 3
19 66 5
19 67 1
19 68 4
19 69 6
19 70 2
19 71 4
19 72 5
19 73 6
19 74 3
19 75 2
19 76 6
19 77 4
19 78 5
19 79 4
19 80 5
19 81 4
19 82 2
19 83 6
19 84 3
19 85 4
19 86 3
19 87 6
19 88 4
19 89 3
19 90 5
19 91 3
19 92 1
19 93 4
19 94 2
19 95 2
19 96 5
19 97 6
19 98 1
19 99 3
20 21 1
20 22 5
20 23 4
20 24 4
20 25 4
20 26 4
20 27 3
20 28 3
20 29 2
20 30 5
20 31 5
20 32 4
20 33 1
20 34 5
20 35 5
20 36 4
20 37 3
20 38 5
20 39 6
20 40 1
20 41 3
20 42 4
20 43 3
20 44 1
20 45 5
20 46 3
20 47 4
20 48 4
20 49 6
20 50 3
20 51 3
20 52 5
20 53 3
20 54 2
20 55 2
20 56 3
20 57 2
20 58 3
20 59 3
20 60 3
20 61 2
20 62 2
20 63 5
20 64 6
20 65 3
20 66 4
20 67 2
20 68 2
20 69 6
20 70 3
20 71 1
20 72 2
20 73 6
20 74 1
20 75 1
20 76 3
20 77 4
20 78 2
20 79 4
20 80 4
20 81 4
20 82 1
20 83 4
20 84 4
20 85 4
20 86 1
20 87 5
20 88 3
20 89 3
20 90 4
20 91 1
20 92 2
20 93 5
20 94 2
20 95 2
20 96 4
20 97 4
20 98 2
20 99 4
21 22 5
21 23 4
21 24 5
21 25 5
21 26 5
21 27 2
21 28 4
21 29 1
21 30 6
21 31 5
21 32 5
21 33 1
21 34 6
21 35 5
21 36 5
21 37 2
21 38 5
21 39 7
21 40 2
21 41 3
21 42 4
21 43 3
21 44 1
21 45 6
21 46 2
21 47 5
21 48 4
21 49 7
21 50 3
21 51 2
21 52 5
21 53 3
21 54 2
21 55 1
21 56 2
21 57 2
21 58 2
21 59 4
21 60 4
21 61 2
21 62 1
21 63 5
21 64 7
21 65 4
21 66 5
21 67 2
21 68 2
21 69 7
21 70 3
21 71 2
21 72 3
21 73 7
21 74 1
21 75 2
21 76 4
21 77 5
21 78 3
21 79 5
21 80 5
21 81 5
21 82 1
21 83 4
21 84 4
21 85 5
21 86 1
21 87 6
21 88 4
21 89 2
21 90 5
21 91 1
21 92 2
21 93 5
21 94 2
21 95 1
21 96 5
21 97 4
21 98 2
21 99 5
22 23 1
22 24 3
22 25 5
22 26 5
22 27 6
22 28 5
22 29 5
22 30 5
22 31 1
22 32 6
22 33 4
22 34 6
22 35 1
22 36 7
22 37 5
22 38 1
22 39 6
22 40 6
22 41 7
22 42 2
22 43 2
22 44 4
22 45 6
22 46 4
22 47 7
22 48 3
22 49 5
22 50 7
22 51 4
22 52 3
22 53 7
22 54 6
22 55 5
22 56 4
22 57 4
22 58 6
22 59 5
22 60 7
22 61 4
22 62 5
22 63 3
22 64 6
22 65 4
22 66 6
22 67 3
22 68 6
22 69 5
22 70 2
22 71 6
22 72 6
22 73 6
22 74 5
22 75 4
22 76 7
22 77 4
22 78 6
22 79 4
22 80 6
22 81 5
22 82 4
22 83 8
22 84 1
22 85 4
22 86 5
22 87 6
22 88 4
22 89 6
22 90 4
22 91 5
22 92 4
22 93 3
22 94 3
22 95 5
22 96 6
22 97 8
22 98 4
22 99 2
23 24 3
23 25 4
23 26 4
23 27 5
23 28 4
23 29 4
23 30 5
23 31 1
23 32 5
23 33 4
23 34 5
23 35 1
23 36 6
23 37 5
23 38 1
23 39 6
23 40 5
23 41 7
23 42 1
23 43 2
23 44 3
23 45 5
23 46 3
23 47 6
23 48 2
23 49 5
23 50 7
23 51 4
23 52 3
23 53 6
23 54 6
23 55 4
23 56 4
23 57 4
23 58 5
23 59 4
23 60 6
23 61 4
23 62 5
23 63 3
23 64 6
23 65 3
23 66 5
23 67 3
23 68 6
23 69 5
23 70 2
23 71 5
23 72 5
23 73 6
23 74 4
23 75 3
23 76 6
23 77 3
23 78 5
23 79 3
23 80 5
23 81 4
23 82 4
23 83 7
23 84 1
23 85 3
23 86 5
23 87 6
23 88 4
23 89 5
23 90 4
23 91 4
23 92 4
23 93 3
23 94 2
23 95 5
23 96 5
23 97 7
23 98 4
23 99 2
24 25 2
24 26 2
24 27 6
24 28 2
24 29 5
24 30 3
24 31 4
24 32 3
24 33 4
24 34 3
24 35 3
24 36 4
24 37 5
24 38 4
24 39 3
24 40 4
24 41 7
24 42 2
24 43 2
24 44 4
24 45 3
24 46 4
24 47 4
24 48 1
24 49 3
24 50 6
24 51 4
24 52 1
24 53 5
24 54 6
24 55 5
24 56 4
24 57 4
24 58 6
24 59 3
24 60 5
24 61 4
24 62 5
24 63 1
24 64 3
24 65 2
24 66 3
24 67 3
24 68 5
24 69 3
24 70 2
24 71 5
24 72 4
24 73 3
24 74 4
24 75 3
24 76 5
24 77 1
24 78 4
24 79 1
24 80 4
24 81 2
24 82 4
24 83 6
24 84 2
24 85 1
24 86 5
24 87 3
24 88 1
24 89 6
24 90 1
24 91 5
24 92 4
24 93 1
24 94 3
24 95 5
24 96 3
24 97 6
24 98 4
24 99 1
25 26 1
25 27 6
25 28 1
25 29 5
25 30 1
25 31 5
25 32 1
25 33 4
25 34 1
25 35 5
25 36 3
25 37 6
25 38 5
25 39 2
25 40 3
25 41 6
25 42 3
25 43 3
25 44 4
25 45 1
25 46 4
25 47 2
25 48 2
25 49 2
25 50 5
25 51 5
25 52 2
25 53 4
25 54 5
25 55 5
25 56 5
25 57 5
25 58 6
25 59 1
25 60 4
25 61 5
25 62 5
25 63 2
25 64 2
25 65 1
25 66 1
25 67 4
25 68 4
25 69 2
25 70 3
25 71 4
25 72 3
25 73 2
25 74 4
25 75 3
25 76 4
25 77 1
25 78 3
25 79 2
25 80 2
25 81 1
25 82 4
25 83 5
25 84 4
25 85 1
25 86 4
25 87 2
25 88 1
25 89 6
25 90 1
25 91 5
25 92 5
25 93 2
25 94 3
25 95 5
25 96 1
25 97 5
25 98 5
25 99 3
26 27 6
26 28 1
26 29 5
26 30 1
26 31 5
26 32 1
26 33 4
26 34 1
26 35 5
26 36 3
26 37 6
26 38 5
26 39 2
26 40 4
26 41 6
26 42 3
26 43 4
26 44 4
26 45 1
26 46 5
26 47 2
26 48 2
26 49 2
26 50 5
26 51 5
26 52 2
26 53 4
26 54 6
26 55 5
26 56 5
26 57 5
26 58 6
26 59 2
26 60 4
26 61 5
26 62 5
26 63 2
26 64 2
26 65 2
26 66 1
26 67 4
26 68 5
26 69 2
26 70 4
26 71 5
26 72 4
26 73 2
26 74 4
26 75 3
26 76 4
26 77 1
26 78 4
26 79 1
26 80 2
26 81 1
26 82 4
26 83 5
26 84 4
26 85 1
26 86 5
26 87 2
26 88 1
26 89 6
26 90 1
26 91 5
26 92 5
26 93 2
26 94 3
26 95 5
26 96 1
26 97 5
26 98 5
26 99 3
27 28 5
27 29 1
27 30 7
27 31 6
27 32 7
27 33 3
27 34 7
27 35 6
27 36 6
27 37 1
27 38 6
27 39 8
27 40 4
27 41 5
27 42 5
27 43 4
27 44 3
27 45 7
27 46 3
27 47 6
27 48 5
27 49 8
27 50 5
27 51 3
27 52 6
27 53 5
27 54 4
27 55 1
27 56 2
27 57 2
27 58 1
27 59 6
27 60 5
27 61 2
27 62 2
27 63 6
27 64 8
27 65 5
27 66 7
27 67 3
27 68 4
27 69 8
27 70 4
27 71 3
27 72 4
27 73 8
27 74 3
27 75 3
27 76 5
27 77 6
27 78 4
27 79 6
27 80 6
27 81 6
27 82 2
27 83 6
27 84 5
27 85 6
27 86 3
27 87 7
27 88 5
27 89 1
27 90 6
27 91 2
27 92 2
27 93 6
27 94 3
27 95 1
27 96 7
27 97 6
27 98 2
27 99 6
28 29 4
28 30 2
28 31 5
28 32 2
28 33 3
28 34 2
28 35 5
28 36 3
28 37 5
28 38 5
28 39 3
28 40 3
28 41 6
28 42 3
28 43 3
28 44 3
28 45 2
28 46 4
28 47 3
28 48 2
28 49 3
28 50 5
28 51 4
28 52 2
28 53 4
28 54 5
28 55 4
28 56 4
28 57 4
28 58 5
28 59 1
28 60 4
28 61 4
28 62 4
28 63 2
28 64 3
28 65 1
28 66 2
28 67 3
28 68 4
28 69 3
28 70 3
28 71 4
28 72 3
28 73 3
28 74 3
28 75 2
28 76 4
28 77 1
28 78 3
28 79 2
28 80 2
28 81 1
28 82 3
28 83 5
28 84 4
28 85 1
28 86 4
28 87 3
28 88 1
28 89 5
28 90 2
28 91 4
28 92 4
28 93 2
28 94 2
28 95 4
28 96 2
28 97 5
28 98 4
28 99 3
29 30 6
29 31 5
29 32 6
29 33 2
29 34 6
29 35 5
29 36 6
29 37 1
29 38 5
29 39 7
29 40 3
29 41 4
29 42 4
29 43 3
29 44 2
29 45 6
29 46 2
29 47 6
29 48 4
29 49 7
29 50 4
29 51 2
29 52 5
29 53 4
29 54 3
29 55 1
29 56 2
29 57 1
29 58 1
29 59 5
29 60 5
29 61 1
29 62 1
29 63 5
29 64 7
29 65 4
29 66 6
29 67 2
29 68 3
29 69 7
29 70 3
29 71 3
29 72 4
29 73 7
29 74 2
29 75 2
29 76 5
29 77 5
29 78 4
29 79 5
29 80 6
29 81 5
29 82 1
29 83 5
29 84 4
29 85 5
29 86 2
29 87 7
29 88 4
29 89 2
29 90 5
29 91 2
29 92 1
29 93 5
29 94 2
29 95 1
29 96 6
29 97 5
29 98 1
29 99 5
30 31 6
30 32 1
30 33 5
30 34 1
30 35 5
30 36 2
30 37 7
30 38 6
30 39 1
30 40 4
30 41 6
30 42 4
30 43 4
30 44 5
30 45 1
30 46 5
30 47 2
30 48 3
30 49 1
30 50 5
30 51 6
30 52 2
30 53 4
30 54 6
30 55 6
30 56 6
30 57 6
30 58 7
30 59 2
30 60 4
30 61 6
30 62 6
30 63 3
30 64 1
30 65 2
30 66 1
30 67 5
30 68 5
30 69 1
30 70 4
30 71 5
30 72 4
30 73 1
30 74 5
30 75 4
30 76 4
30 77 2
30 78 4
30 79 2
30 80 2
30 81 2
30 82 5
30 83 5
30 84 4
30 85 2
30 86 5
30 87 1
30 88 2
30 89 7
30 90 2
30 91 6
30 92 6
30 93 2
30 94 4
30 95 6
30 96 1
30 97 5
30 98 6
30 99 3
31 32 6
31 33 5
31 34 6
31 35 1
31 36 7
31 37 6
31 38 1
31 39 7
31 40 6
31 41 8
31 42 2
31 43 3
31 44 4
31 45 6
31 46 4
31 47 7
31 48 3
31 49 6
31 50 8
31 51 5
31 52 4
31 53 7
31 54 7
31 55 5
31 56 5
31 57 5
31 58 6
31 59 5
31 60 7
31 61 5
31 62 6
31 63 4
31 64 7
31 65 4
31 66 6
31 67 4
31 68 7
31 69 6
31 70 3
31 71 6
31 72 6
31 73 7
31 74 5
31 75 4
31 76 7
31 77 4
31 78 6
31 79 4
31 80 6
31 81 5
31 82 5
31 83 8
31 84 2
31 85 4
31 86 6
31 87 7
31 88 5
31 89 6
31 90 5
31 91 5
31 92 5
31 93 4
31 94 3
31 95 6
31 96 6
31 97 8
31 98 5
31 99 3
32 33 5
32 34 1
32 35 6
32 36 2
32 37 7
32 38 6
32 39 2
32 40 3
32 41 5
32 42 4
32 43 4
32 44 5
32 45 1
32 46 5
32 47 2
32 48 3
32 49 2
32 50 4
32 51 6
32 52 3
32 53 3
32 54 5
32 55 6
32 56 6
32 57 6
32 58 7
32 59 1
32 60 3
32 61 6
32 62 5
32 63 3
32 64 2
32 65 2
32 66 1
32 67 5
32 68 4
32 69 2
32 70 4
32 71 4
32 72 3
32 73 2
32 74 4
32 75 4
32 76 3
32 77 2
32 78 3
32 79 2
32 80 1
32 81 1
32 82 5
32 83 4
32 84 5
32 85 2
32 86 4
32 87 1
32 88 2
32 89 7
32 90 2
32 91 5
32 92 6
32 93 3
32 94 4
32 95 6
32 96 1
32 97 4
32 98 6
32 99 4
33 34 5
33 35 4
33 36 5
33 37 3
33 38 5
33 39 6
33 40 2
33 41 3
33 42 3
33 43 2
33 44 1
33 45 5
33 46 2
33 47 5
33 48 4
33 49 6
33 50 3
33 51 2
33 52 5
33 53 3
33 54 2
33 55 2
33 56 2
33 57 2
33 58 3
33 59 4
33 60 4
33 61 2
33 62 2
33 63 5
33 64 6
33 65 3
33 66 5
33 67 1
33 68 2
33 69 6
33 70 3
33 71 2
33 72 3
33 73 6
33 74 1
33 75 1
33 76 4
33 77 4
33 78 3
33 79 4
33 80 5
33 81 4
33 82 1
33 83 4
33 84 4
33 85 4
33 86 1
33 87 6
33 88 3
33 89 3
33 90 4
33 91 1
33 92 2
33 93 5
33 94 2
33 95 2
33 96 5
33 97 4
33 98 2
33 99 4
34 35 6
34 36 2
34 37 7
34 38 6
34 39 2
34 40 4
34 41 5
34 42 4
34 43 4
34 44 5
34 45 1
34 46 5
34 47 2
34 48 3
34 49 2
34 50 4
34 51 6
34 52 3
34 53 3
34 54 5
34 55 6
34 56 6
34 57 6
34 58 7
34 59 2
34 60 3
34 61 6
34 62 6
34 63 3
34 64 2
34 65 2
34 66 1
34 67 5
34 68 4
34 69 2
34 70 4
34 71 4
34 72 4
34 73 1
34 74 5
34 75 4
34 76 3
34 77 2
34 78 4
34 79 2
34 80 1
34 81 2
34 82 5
34 83 4
34 84 5
34 85 2
34 86 5
34 87 1
34 88 2
34 89 7
34 90 2
34 91 5
34 92 6
34 93 3
34 94 4
34 95 6
34 96 1
34 97 4
34 98 6
34 99 4
35 36 7
35 37 5
35 38 1
35 39 6
35 40 6
35 41 7
35 42 2
35 43 2
35 44 4
35 45 6
35 46 4
35 47 7
35 48 3
35 49 5
35 50 7
35 51 4
35 52 3
35 53 7
35 54 6
35 55 5
35 56 4
35 57 4
35 58 6
35 59 5
35 60 7
35 61 4
35 62 5
35 63 3
35 64 6
35 65 4
35 66 6
35 67 3
35 68 6
35 69 5
35 70 2
35 71 6
35 72 6
35 73 6
35 74 5
35 75 4
35 76 7
35 77 4
35 78 6
35 79 4
35 80 6
35 81 5
35 82 4
35 83 8
35 84 1
35 85 4
35 86 5
35 87 6
35 88 4
35 89 6
35 90 4
35 91 5
35 92 4
35 93 3
35 94 3
35 95 5
35 96 6
35 97 8
35 98 4
35 99 2
36 37 6
36 38 7
36 39 3
36 40 3
36 41 4
36 42 6
36 43 5
36 44 5
36 45 2
36 46 6
36 47 1
36 48 5
36 49 3
36 50 3
36 51 7
36 52 4
36 53 2
36 54 4
36 55 6
36 56 7
36 57 6
36 58 6
36 59 2
36 60 2
36 61 6
36 62 5
36 63 5
36 64 3
36 65 3
36 66 2
36 67 6
36 68 3
36 69 3
36 70 5
36 71 3
36 72 3
36 73 3
36 74 4
36 75 5
36 76 2
36 77 4
36 78 3
36 79 4
36 80 1
36 81 3
36 82 5
36 83 3
36 84 6
36 85 4
36 86 4
36 87 1
36 88 4
36 89 7
36 90 3
36 91 4
36 92 6
36 93 4
36 94 5
36 95 5
36 96 2
36 97 3
36 98 6
36 99 5
37 38 6
37 39 8
37 40 4
37 41 5
37 42 4
37 43 3
37 44 2
37 45 7
37 46 2
37 47 6
37 48 5
37 49 8
37 50 5
37 51 2
37 52 6
37 53 5
37 54 4
37 55 1
37 56 1
37 57 1
37 58 1
37 59 6
37 60 5
37 61 1
37 62 2
37 63 6
37 64 8
37 65 5
37 66 7
37 67 2
37 68 4
37 69 8
37 70 4
37 71 3
37 72 4
37 73 8
37 74 3
37 75 3
37 76 5
37 77 6
37 78 4
37 79 6
37 80 6
37 81 6
37 82 2
37 83 6
37 84 5
37 85 6
37 86 3
37 87 7
37 88 5
37 89 1
37 90 6
37 91 2
37 92 1
37 93 6
37 94 3
37 95 1
37 96 7
37 97 6
37 98 1
37 99 5
38 39 7
38 40 6
38 41 8
38 42 2
38 43 3
38 44 4
38 45 6
38 46 4
38 47 7
38 48 3
38 49 6
38 50 8
38 51 5
38 52 4
38 53 7
38 54 7
38 55 5
38 56 5
38 57 5
38 58 6
38 59 5
38 60 7
38 61 5
38 62 6
38 63 4
38 64 7
38 65 4
38 66 6
38 67 4
38 68 7
38 69 6
38 70 3
38 71 6
38 72 6
38 73 7
38 74 5
38 75 4
38 76 7
38 77 4
38 78 6
38 79 4
38 80 6
38 81 5
38 82 5
38 83 8
38 84 2
38 85 4
38 86 6
38 87 7
38 88 5
38 89 6
38 90 5
38 91 5
38 92 5
38 93 4
38 94 3
38 95 6
38 96 6
38 97 8
38 98 5
38 99 3
39 40 5
39 41 6
39 42 5
39 43 5
39 44 6
39 45 1
39 46 6
39 47 3
39 48 4
39 49 1
39 50 5
39 51 7
39 52 3
39 53 4
39 54 6
39 55 7
39 56 7
39 57 7
39 58 8
39 59 3
39 60 4
39 61 7
39 62 7
39 63 4
39 64 1
39 65 3
39 66 2
39 67 6
39 68 5
39 69 1
39 70 5
39 71 5
39 72 5
39 73 1
39 74 6
39 75 5
39 76 4
39 77 3
39 78 5
39 79 3
39 80 2
39 81 3
39 82 6
39 83 5
39 84 5
39 85 3
39 86 6
39 87 2
39 88 3
39 89 8
39 90 2
39 91 6
39 92 7
39 93 3
39 94 5
39 95 7
39 96 2
39 97 5
39 98 7
39 99 4
40 41 3
40 42 5
40 43 4
40 44 2
40 45 4
40 46 4
40 47 3
40 48 5
40 49 5
40 50 2
40 51 4
40 52 5
40 53 2
40 54 2
40 55 3
40 56 4
40 57 3
40 58 4
40 59 2
40 60 2
40 61 3
40 62 2
40 63 5
40 64 5
40 65 3
40 66 3
40 67 3
40 68 1
40 69 5
40 70 4
40 71 1
40 72 1
40 73 5
40 74 1
40 75 2
40 76 2
40 77 4
40 78 1
40 79 4
40 80 3
40 81 3
40 82 2
40 83 3
40 84 5
40 85 4
40 86 1
40 87 4
40 88 3
40 89 4
40 90 4
40 91 2
40 92 3
40 93 5
40 94 3
40 95 3
40 96 3
40 97 3
40 98 3
40 99 5
41 42 6
41 43 5
41 44 4
41 45 5
41 46 5
41 47 4
41 48 7
41 49 7
41 50 1
41 51 5
41 52 8
41 53 2
41 54 1
41 55 4
41 56 5
41 57 5
41 58 5
41 59 5
41 60 2
41 61 5
41 62 3
41 63 8
41 64 6
41 65 6
41 66 5
41 67 4
41 68 2
41 69 6
41 70 6
41 71 2
41 72 3
41 73 6
41 74 3
41 75 4
41 76 2
41 77 7
41 78 3
41 79 7
41 80 4
41 81 6
41 82 4
41 83 1
41 84 7
41 85 7
41 86 2
41 87 5
41 88 6
41 89 5
41 90 7
41 91 3
41 92 5
41 93 8
41 94 5
41 95 4
41 96 5
41 97 1
41 98 5
41 99 7
42 43 1
42 44 3
42 45 4
42 46 2
42 47 5
42 48 1
42 49 4
42 50 6
42 51 3
42 52 2
42 53 6
42 54 5
42 55 4
42 56 3
42 57 3
42 58 5
42 59 4
42 60 6
42 61 3
42 62 4
42 63 2
42 64 5
42 65 3
42 66 4
42 67 2
42 68 5
42 69 4
42 70 1
42 71 5
42 72 5
42 73 5
42 74 4
42 75 3
42 76 6
42 77 2
42 78 5
42 79 2
42 80 5
42 81 3
42 82 3
42 83 7
42 84 1
42 85 2
42 86 4
42 87 5
42 88 3
42 89 5
42 90 3
42 91 4
42 92 3
42 93 2
42 94 2
42 95 4
42 96 4
42 97 7
42 98 3
42 99 1
43 44 2
43 45 4
43 46 2
43 47 5
43 48 2
43 49 5
43 50 5
43 51 2
43 52 3
43 53 5
43 54 4
43 55 3
43 56 2
43 57 2
43 58 4
43 59 3
43 60 5
43 61 2
43 62 3
43 63 3
43 64 5
43 65 2
43 66 4
43 67 1
43 68 4
43 69 5
43 70 1
43 71 4
43 72 4
43 73 5
43 74 3
43 75 2
43 76 5
43 77 3
43 78 4
43 79 3
43 80 4
43 81 3
43 82 2
43 83 6
43 84 2
43 85 3
43 86 3
43 87 5
43 88 3
43 89 4
43 90 3
43 91 3
43 92 2
43 93 3
43 94 1
43 95 3
43 96 4
43 97 6
43 98 2
43 99 2
44 45 5
44 46 2
44 47 5
44 48 3
44 49 6
44 50 4
44 51 2
44 52 4
44 53 4
44 54 3
44 55 2
44 56 2
44 57 2
44 58 3
44 59 4
44 60 4
44 61 2
44 62 2
44 63 4
44 64 6
44 65 3
44 66 5
44 67 1
44 68 3
44 69 6
44 70 2
44 71 2
44 72 3
44 73 6
44 74 1
44 75 1
44 76 4
44 77 4
44 78 3
44 79 4
44 80 5
44 81 4
44 82 1
44 83 5
44 84 3
44 85 4
44 86 2
44 87 6
44 88 3
44 89 3
44 90 4
44 91 1
44 92 2
44 93 4
44 94 1
44 95 2
44 96 5
44 97 5
44 98 2
44 99 4
45 46 5
45 47 2
45 48 3
45 49 2
45 50 4
45 51 6
45 52 3
45 53 3
45 54 5
45 55 6
45 56 6
45 57 6
45 58 7
45 59 2
45 60 3
45 61 6
45 62 6
45 63 3
45 64 1
45 65 2
45 66 1
45 67 5
45 68 4
45 69 1
45 70 4
45 71 4
45 72 4
45 73 1
45 74 5
45 75 4
45 76 3
45 77 2
45 78 4
45 79 2
45 80 1
45 81 2
45 82 5
45 83 4
45 84 5
45 85 2
45 86 5
45 87 1
45 88 2
45 89 7
45 90 2
45 91 5
45 92 6
45 93 3
45 94 4
45 95 6
45 96 1
45 97 4
45 98 6
45 99 4
46 47 6
46 48 3
46 49 6
46 50 5
46 51 1
46 52 4
46 53 5
46 54 4
46 55 2
46 56 1
46 57 1
46 58 3
46 59 4
46 60 6
46 61 1
46 62 3
46 63 4
46 64 6
46 65 3
46 66 5
46 67 1
46 68 4
46 69 6
46 70 2
46 71 4
46 72 5
46 73 6
46 74 3
46 75 2
46 76 6
46 77 4
46 78 5
46 79 4
46 80 5
46 81 4
46 82 2
46 83 6
46 84 3
46 85 4
46 86 3
46 87 6
46 88 4
46 89 3
46 90 5
46 91 3
46 92 1
46 93 4
46 94 2
46 95 2
46 96 5
46 97 6
46 98 1
46 99 3
47 48 4
47 49 3
47 50 3
47 51 7
47 52 4
47 53 2
47 54 4
47 55 6
47 56 7
47 57 6
47 58 6
47 59 2
47 60 2
47 61 6
47 62 5
47 63 4
47 64 3
47 65 3
47 66 1
47 67 6
47 68 3
47 69 3
47 70 5
47 71 3
47 72 3
47 73 3
47 74 4
47 75 5
47 76 2
47 77 3
47 78 3
47 79 3
47 80 1
47 81 2
47 82 5
47 83 3
47 84 6
47 85 3
47 86 4
47 87 1
47 88 3
47 89 7
47 90 3
47 91 4
47 92 6
47 93 4
47 94 5
47 95 5
47 96 2
47 97 3
47 98 6
47 99 5
48 49 3
48 50 7
48 51 4
48 52 1
48 53 6
48 54 6
48 55 4
48 56 4
48 57 4
48 58 5
48 59 3
48 60 6
48 61 4
48 62 5
48 63 1
48 64 4
48 65 2
48 66 3
48 67 3
48 68 6
48 69 3
48 70 2
48 71 5
48 72 5
48 73 4
48 74 4
48 75 3
48 76 6
48 77 1
48 78 5
48 79 1
48 80 4
48 81 2
48 82 4
48 83 7
48 84 2
48 85 1
48 86 5
48 87 4
48 88 2
48 89 5
48 90 2
48 91 4
48 92 4
48 93 1
48 94 2
48 95 5
48 96 3
48 97 7
48 98 4
48 99 1
49 50 6
49 51 7
49 52 2
49 53 5
49 54 7
49 55 7
49 56 7
49 57 7
49 58 8
49 59 3
49 60 5
49 61 7
49 62 7
49 63 3
49 64 1
49 65 3
49 66 2
49 67 6
49 68 6
49 69 1
49 70 5
49 71 6
49 72 5
49 73 1
49 74 6
49 75 5
49 76 5
49 77 3
49 78 5
49 79 2
49 80 3
49 81 3
49 82 6
49 83 6
49 84 4
49 85 2
49 86 6
49 87 2
49 88 3
49 89 8
49 90 2
49 91 7
49 92 7
49 93 2
49 94 5
49 95 7
49 96 2
49 97 6
49 98 7
49 99 3
50 51 5
50 52 7
50 53 1
50 54 2
50 55 4
50 56 5
50 57 5
50 58 5
50 59 4
50 60 1
50 61 5
50 62 3
50 63 7
50 64 5
50 65 5
50 66 4
50 67 4
50 68 1
50 69 5
50 70 6
50 71 2
50 72 2
50 73 5
50 74 3
50 75 4
50 76 1
50 77 6
50 78 2
50 79 6
50 80 3
50 81 5
50 82 4
50 83 1
50 84 7
50 85 6
50 86 2
50 87 4
50 88 5
50 89 5
50 90 6
50 91 3
50 92 5
50 93 7
50 94 5
50 95 4
50 96 4
50 97 1
50 98 5
50 99 7
51 52 5
51 53 5
51 54 4
51 55 2
51 56 1
51 57 1
51 58 3
51 59 5
51 60 6
51 61 1
51 62 3
51 63 5
51 64 7
51 65 4
51 66 6
51 67 1
51 68 4
51 69 7
51 70 3
51 71 4
51 72 5
51 73 7
51 74 3
51 75 2
51 76 6
51 77 5
51 78 5
51 79 5
51 80 6
51 81 5
51 82 2
51 83 6
51 84 4
51 85 5
51 86 3
51 87 7
51 88 4
51 89 3
51 90 5
51 91 3
51 92 1
51 93 5
51 94 2
51 95 2
51 96 6
51 97 6
51 98 1
51 99 4
52 53 6
52 54 7
52 55 5
52 56 5
52 57 5
52 58 6
52 59 3
52 60 6
52 61 5
52 62 6
52 63 1
52 64 3
52 65 2
52 66 3
52 67 4
52 68 6
52 69 2
52 70 3
52 71 6
52 72 5
52 73 3
52 74 5
52 75 4
52 76 6
52 77 1
52 78 5
52 79 1
52 80 4
52 81 2
52 82 5
52 83 7
52 84 2
52 85 1
52 86 6
52 87 3
52 88 2
52 89 6
52 90 1
52 91 5
52 92 5
52 93 1
52 94 3
52 95 6
52 96 3
52 97 7
52 98 5
52 99 1
53 54 2
53 55 4
53 56 5
53 57 5
53 58 5
53 59 3
53 60 1
53 61 5
53 62 3
53 63 6
53 64 4
53 65 4
53 66 3
53 67 4
53 68 1
53 69 4
53 70 5
53 71 2
53 72 1
53 73 4
53 74 3
53 75 4
53 76 1
53 77 5
53 78 1
53 79 5
53 80 2
53 81 4
53 82 4
53 83 1
53 84 6
53 85 5
53 86 2
53 87 3
53 88 4
53 89 5
53 90 5
53 91 3
53 92 5
53 93 6
53 94 4
53 95 4
53 96 3
53 97 1
53 98 5
53 99 6
54 55 3
54 56 4
54 57 4
54 58 4
54 59 4
54 60 3
54 61 4
54 62 2
54 63 7
54 64 6
54 65 5
54 66 5
54 67 3
54 68 1
54 69 6
54 70 5
54 71 1
54 72 2
54 73 6
54 74 2
54 75 3
54 76 3
54 77 6
54 78 2
54 79 6
54 80 4
54 81 5
54 82 3
54 83 2
54 84 6
54 85 6
54 86 1
54 87 5
54 88 5
54 89 4
54 90 6
54 91 2
54 92 4
54 93 7
54 94 4
54 95 3
54 96 5
54 97 2
54 98 4
54 99 6
55 56 2
55 57 1
55 58 1
55 59 5
55 60 5
55 61 1
55 62 1
55 63 5
55 64 7
55 65 4
55 66 6
55 67 2
55 68 3
55 69 7
55 70 3
55 71 3
55 72 4
55 73 7
55 74 2
55 75 2
55 76 5
55 77 5
55 78 4
55 79 5
55 80 6
55 81 5
55 82 1
55 83 5
55 84 4
55 85 5
55 86 2
55 87 7
55 88 4
55 89 1
55 90 5
55 91 2
55 92 1
55 93 5
55 94 2
55 95 1
55 96 6
55 97 5
55 98 1
55 99 5
56 57 1
56 58 2
56 59 5
56 60 6
56 61 1
56 62 3
56 63 5
56 64 7
56 65 4
56 66 6
56 67 1
56 68 4
56 69 7
56 70 3
56 71 4
56 72 5
56 73 7
56 74 3
56 75 2
56 76 6
56 77 5
56 78 5
56 79 5
56 80 6
56 81 5
56 82 2
56 83 6
56 84 4
56 85 5
56 86 3
56 87 7
56 88 4
56 89 2
56 90 5
56 91 3
56 92 1
56 93 5
56 94 2
56 95 2
56 96 6
56 97 6
56 98 1
56 99 4
57 58 2
57 59 5
57 60 5
57 61 1
57 62 2
57 63 5
57 64 7
57 65 4
57 66 6
57 67 1
57 68 4
57 69 7
57 70 3
57 71 3
57 72 4
57 73 7
57 74 2
57 75 2
57 76 5
57 77 5
57 78 4
57 79 5
57 80 6
57 81 5
57 82 1
57 83 6
57 84 4
57 85 5
57 86 3
57 87 7
57 88 4
57 89 2
57 90 5
57 91 2
57 92 1
57 93 5
57 94 2
57 95 2
57 96 6
57 97 6
57 98 1
57 99 4
58 59 6
58 60 5
58 61 2
58 62 2
58 63 6
58 64 8
58 65 5
58 66 7
58 67 3
58 68 4
58 69 8
58 70 4
58 71 3
58 72 4
58 73 8
58 74 3
58 75 3
58 76 5
58 77 6
58 78 4
58 79 6
58 80 6
58 81 6
58 82 2
58 83 6
58 84 5
58 85 6
58 86 3
58 87 7
58 88 5
58 89 1
58 90 6
58 91 2
58 92 2
58 93 6
58 94 3
58 95 1
58 96 7
58 97 6
58 98 2
58 99 6
59 60 3
59 61 5
59 62 4
59 63 3
59 64 3
59 65 1
59 66 1
59 67 4
59 68 3
59 69 3
59 70 3
59 71 3
59 72 2
59 73 3
59 74 3
59 75 3
59 76 3
59 77 2
59 78 2
59 79 3
59 80 1
59 81 1
59 82 4
59 83 4
59 84 4
59 85 2
59 86 3
59 87 2
59 88 2
59 89 6
59 90 2
59 91 4
59 92 5
59 93 3
59 94 3
59 95 5
59 96 1
59 97 4
59 98 5
59 99 4
60 61 5
60 62 4
60 63 6
60 64 4
60 65 4
60 66 3
60 67 5
60 68 2
60 69 4
60 70 5
60 71 2
60 72 1
60 73 4
60 74 3
60 75 4
60 76 1
60 77 5
60 78 1
60 79 5
60 80 2
60 81 4
60 82 4
60 83 1
60 84 6
60 85 5
60 86 3
60 87 3
60 88 4
60 89 6
60 90 5
60 91 3
60 92 5
60 93 6
60 94 4
60 95 4
60 96 3
60 97 1
60 98 5
60 99 6
61 62 2
61 63 5
61 64 7
61 65 4
61 66 6
61 67 1
61 68 4
61 69 7
61 70 3
61 71 3
61 72 4
61 73 7
61 74 2
61 75 2
61 76 5
61 77 5
61 78 4
61 79 5
61 80 6
61 81 5
61 82 1
61 83 6
61 84 4
61 85 5
61 86 3
61 87 7
61 88 4
61 89 2
61 90 5
61 91 2
61 92 1
61 93 5
61 94 2
61 95 2
61 96 6
61 97 6
61 98 1
61 99 4
62 63 6
62 64 7
62 65 4
62 66 5
62 67 2
62 68 2
62 69 7
62 70 4
62 71 2
62 72 3
62 73 7
62 74 2
62 75 2
62 76 4
62 77 5
62 78 3
62 79 5
62 80 5
62 81 5
62 82 2
62 83 4
62 84 5
62 85 5
62 86 1
62 87 6
62 88 4
62 89 2
62 90 5
62 91 1
62 92 2
62 93 6
62 94 3
62 95 1
62 96 5
62 97 4
62 98 2
62 99 5
63 64 4
63 65 2
63 66 3
63 67 4
63 68 6
63 69 3
63 70 3
63 71 6
63 72 5
63 73 4
63 74 5
63 75 4
63 76 6
63 77 2
63 78 5
63 79 1
63 80 4
63 81 2
63 82 5
63 83 7
63 84 2
63 85 1
63 86 6
63 87 4
63 88 2
63 89 6
63 90 2
63 91 5
63 92 5
63 93 1
63 94 3
63 95 6
63 96 3
63 97 7
63 98 5
63 99 1
64 65 3
64 66 2
64 67 6
64 68 5
64 69 1
64 70 5
64 71 5
64 72 5
64 73 1
64 74 6
64 75 5
64 76 4
64 77 3
64 78 5
64 79 3
64 80 2
64 81 2
64 82 6
64 83 5
64 84 5
64 85 3
64 86 6
64 87 2
64 88 3
64 89 8
64 90 2
64 91 6
64 92 7
64 93 3
64 94 5
64 95 7
64 96 2
64 97 5
64 98 7
64 99 4
65 66 2
65 67 3
65 68 4
65 69 3
65 70 2
65 71 4
65 72 3
65 73 3
65 74 3
65 75 2
65 76 4
65 77 1
65 78 3
65 79 2
65 80 2
65 81 1
65 82 3
65 83 5
65 84 3
65 85 1
65 86 4
65 87 3
65 88 1
65 89 5
65 90 2
65 91 4
65 92 4
65 93 2
65 94 2
65 95 4
65 96 2
65 97 5
65 98 4
65 99 3
66 67 5
66 68 4
66 69 2
66 70 4
66 71 4
66 72 3
66 73 2
66 74 4
66 75 4
66 76 3
66 77 2
66 78 3
66 79 2
66 80 1
66 81 1
66 82 5
66 83 4
66 84 5
66 85 2
66 86 4
66 87 1
66 88 2
66 89 7
66 90 2
66 91 5
66 92 6
66 93 3
66 94 4
66 95 6
66 96 1
66 97 4
66 98 6
66 99 4
67 68 3
67 69 6
67 70 2
67 71 3
67 72 4
67 73 6
67 74 2
67 75 1
67 76 5
67 77 4
67 78 4
67 79 4
67 80 5
67 81 4
67 82 1
67 83 5
67 84 3
67 85 4
67 86 2
67 87 6
67 88 3
67 89 3
67 90 4
67 91 2
67 92 1
67 93 4
67 94 1
67 95 2
67 96 5
67 97 5
67 98 1
67 99 3
68 69 5
68 70 5
68 71 1
68 72 1
68 73 5
68 74 2
68 75 3
68 76 2
68 77 5
68 78 1
68 79 5
68 80 3
68 81 4
68 82 3
68 83 2
68 84 6
68 85 5
68 86 1
68 87 4
68 88 4
68 89 4
68 90 5
68 91 2
68 92 4
68 93 6
68 94 4
68 95 3
68 96 4
68 97 2
68 98 4
68 99 6
69 70 5
69 71 5
69 72 5
69 73 1
69 74 6
69 75 5
69 76 4
69 77 3
69 78 5
69 79 2
69 80 2
69 81 3
69 82 6
69 83 5
69 84 4
69 85 2
69 86 6
69 87 2
69 88 3
69 89 8
69 90 2
69 91 6
69 92 7
69 93 2
69 94 5
69 95 7
69 96 2
69 97 5
69 98 7
69 99 3
70 71 4
70 72 4
70 73 5
70 74 3
70 75 2
70 76 5
70 77 3
70 78 4
70 79 3
70 80 4
70 81 3
70 82 3
70 83 6
70 84 1
70 85 3
70 86 4
70 87 5
70 88 3
70 89 4
70 90 3
70 91 3
70 92 3
70 93 3
70 94 1
70 95 4
70 96 4
70 97 6
70 98 3
70 99 2
71 72 1
71 73 5
71 74 1
71 75 2
71 76 2
71 77 5
71 78 1
71 79 5
71 80 3
71 81 4
71 82 2
71 83 3
71 84 5
71 85 5
71 86 1
71 87 4
71 88 4
71 89 4
71 90 5
71 91 1
71 92 3
71 93 6
71 94 3
71 95 2
71 96 4
71 97 3
71 98 3
71 99 5
72 73 5
72 74 2
72 75 3
72 76 1
72 77 4
72 78 1
72 79 4
72 80 3
72 81 3
72 82 3
72 83 2
72 84 5
72 85 4
72 86 2
72 87 4
72 88 3
72 89 5
72 90 4
72 91 2
72 92 4
72 93 5
72 94 3
72 95 3
72 96 3
72 97 2
72 98 4
72 99 5
73 74 6
73 75 5
73 76 4
73 77 3
73 78 5
73 79 3
73 80 2
73 81 2
73 82 6
73 83 5
73 84 5
73 85 3
73 86 6
73 87 2
73 88 3
73 89 8
73 90 2
73 91 6
73 92 7
73 93 3
73 94 5
73 95 7
73 96 2
73 97 5
73 98 7
73 99 4
74 75 1
74 76 3
74 77 4
74 78 2
74 79 4
74 80 4
74 81 4
74 82 1
74 83 4
74 84 4
74 85 4
74 86 1
74 87 5
74 88 3
74 89 3
74 90 4
74 91 1
74 92 2
74 93 5
74 94 2
74 95 2
74 96 4
74 97 4
74 98 2
74 99 4
75 76 4
75 77 3
75 78 3
75 79 3
75 80 4
75 81 3
75 82 1
75 83 5
75 84 3
75 85 3
75 86 2
75 87 5
75 88 2
75 89 3
75 90 3
75 91 2
75 92 2
75 93 4
75 94 1
75 95 2
75 96 4
75 97 5
75 98 2
75 99 3
76 77 5
76 78 1
76 79 5
76 80 2
76 81 4
76 82 4
76 83 1
76 84 6
76 85 5
76 86 3
76 87 3
76 88 4
76 89 6
76 90 5
76 91 3
76 92 5
76 93 6
76 94 4
76 95 4
76 96 3
76 97 1
76 98 5
76 99 6
77 78 4
77 79 1
77 80 3
77 81 1
77 82 4
77 83 6
77 84 3
77 85 1
77 86 5
77 87 3
77 88 1
77 89 6
77 90 1
77 91 5
77 92 5
77 93 2
77 94 3
77 95 5
77 96 2
77 97 6
77 98 5
77 99 2
78 79 4
78 80 3
78 81 3
78 82 3
78 83 2
78 84 5
78 85 4
78 86 2
78 87 4
78 88 3
78 89 5
78 90 4
78 91 2
78 92 4
78 93 5
78 94 3
78 95 3
78 96 3
78 97 2
78 98 4
78 99 5
79 80 3
79 81 2
79 82 4
79 83 6
79 84 3
79 85 1
79 86 5
79 87 3
79 88 1
79 89 6
79 90 1
79 91 5
79 92 5
79 93 1
79 94 3
79 95 5
79 96 2
79 97 6
79 98 5
79 99 2
80 81 2
80 82 5
80 83 3
80 84 5
80 85 3
80 86 4
80 87 1
80 88 3
80 89 7
80 90 3
80 91 4
80 92 6
80 93 4
80 94 4
80 95 5
80 96 1
80 97 3
80 98 6
80 99 5
81 82 4
81 83 5
81 84 4
81 85 1
81 86 4
81 87 2
81 88 1
81 89 6
81 90 1
81 91 5
81 92 5
81 93 2
81 94 3
81 95 5
81 96 1
81 97 5
81 98 5
81 99 3
82 83 5
82 84 4
82 85 4
82 86 2
82 87 6
82 88 3
82 89 2
82 90 4
82 91 1
82 92 1
82 93 5
82 94 2
82 95 1
82 96 5
82 97 5
82 98 1
82 99 4
83 84 7
83 85 6
83 86 3
83 87 4
83 88 5
83 89 6
83 90 6
83 91 4
83 92 6
83 93 7
83 94 5
83 95 5
83 96 4
83 97 1
83 98 6
83 99 7
84 85 3
84 86 5
84 87 5
84 88 3
84 89 5
84 90 3
84 91 4
84 92 4
84 93 2
84 94 2
84 95 5
84 96 5
84 97 7
84 98 4
84 99 1
85 86 5
85 87 3
85 88 1
85 89 6
85 90 1
85 91 5
85 92 5
85 93 1
85 94 3
85 95 5
85 96 2
85 97 6
85 98 5
85 99 2
86 87 5
86 88 4
86 89 3
86 90 5
86 91 1
86 92 3
86 93 6
86 94 3
86 95 2
86 96 4
86 97 3
86 98 3
86 99 5
87 88 3
87 89 8
87 90 2
87 91 5
87 92 7
87 93 3
87 94 5
87 95 6
87 96 1
87 97 4
87 98 7
87 99 4
88 89 5
88 90 1
88 91 4
88 92 4
88 93 2
88 94 2
88 95 4
88 96 2
88 97 5
88 98 4
88 99 2
89 90 6
89 91 3
89 92 2
89 93 6
89 94 3
89 95 2
89 96 7
89 97 6
89 98 2
89 99 6
90 91 5
90 92 5
90 93 1
90 94 3
90 95 5
90 96 2
90 97 6
90 98 5
90 99 2
91 92 2
91 93 5
91 94 2
91 95 1
91 96 5
91 97 4
91 98 2
91 99 5
92 93 5
92 94 2
92 95 2
92 96 6
92 97 6
92 98 1
92 99 4
93 94 3
93 95 6
93 96 3
93 97 7
93 98 5
93 99 1
94 95 3
94 96 4
94 97 5
94 98 2
94 99 3
95 96 6
95 97 5
95 98 1
95 99 5
96 97 4
96 98 6
96 99 4
97 98 6
97 99 7
98 99 4
