100 
0 1 1
0 2 3
0 3 2
0 4 1
0 5 1
0 6 3
0 7 4
0 8 4
0 9 4
0 10 2
0 11 4
0 12 3
0 13 3
0 14 3
0 15 2
0 16 2
0 17 3
0 18 2
0 19 3
0 20 1
0 21 3
0 22 4
0 23 3
0 24 3
0 25 2
0 26 1
0 27 4
0 28 1
0 29 3
0 30 2
0 31 1
0 32 3
0 33 2
0 34 1
0 35 4
0 36 1
0 37 2
0 38 1
0 39 4
0 40 1
0 41 2
0 42 4
0 43 4
0 44 3
0 45 4
0 46 3
0 47 2
0 48 1
0 49 5
0 50 3
0 51 4
0 52 3
0 53 2
0 54 3
0 55 2
0 56 1
0 57 3
0 58 3
0 59 4
0 60 2
0 61 4
0 62 4
0 63 1
0 64 3
0 65 4
0 66 1
0 67 2
0 68 2
0 69 1
0 70 4
0 71 3
0 72 2
0 73 3
0 74 1
0 75 3
0 76 4
0 77 2
0 78 1
0 79 4
0 80 3
0 81 4
0 82 1
0 83 1
0 84 5
0 85 4
0 86 1
0 87 5
0 88 1
0 89 2
0 90 2
0 91 3
0 92 3
0 93 2
0 94 4
0 95 2
0 96 4
0 97 1
0 98 5
0 99 3
1 2 4
1 3 1
1 4 1
1 5 1
1 6 2
1 7 4
1 8 4
1 9 4
1 10 1
1 11 4
1 12 3
1 13 4
1 14 3
1 15 3
1 16 2
1 17 4
1 18 2
1 19 3
1 20 1
1 21 2
1 22 3
1 23 2
1 24 4
1 25 3
1 26 1
1 27 4
1 28 1
1 29 4
1 30 2
1 31 1
1 32 4
1 33 1
1 34 1
1 35 3
1 36 2
1 37 3
1 38 1
1 39 4
1 40 1
1 41 2
1 42 4
1 43 4
1 44 4
1 45 4
1 46 4
1 47 2
1 48 1
1 49 5
1 50 2
1 51 4
1 52 2
1 53 1
1 54 2
1 55 2
1 56 1
1 57 3
1 58 3
1 59 4
1 60 2
1 61 4
1 62 3
1 63 1
1 64 3
1 65 4
1 66 1
1 67 1
1 68 2
1 69 1
1 70 4
1 71 2
1 72 3
1 73 4
1 74 1
1 75 3
1 76 3
1 77 3
1 78 2
1 79 3
1 80 3
1 81 3
1 82 2
1 83 2
1 84 5
1 85 3
1 86 2
1 87 4
1 88 1
1 89 2
1 90 2
1 91 2
1 92 3
1 93 3
1 94 4
1 95 2
1 96 4
1 97 2
1 98 5
1 99 3
2 3 4
2 4 3
2 5 3
2 6 4
2 7 4
2 8 4
2 9 4
2 10 4
2 11 4
2 12 3
2 13 1
2 14 3
2 15 1
2 16 2
2 17 1
2 18 3
2 19 2
2 20 3
2 21 5
2 22 5
2 23 4
2 24 1
2 25 1
2 26 3
2 27 5
2 28 3
2 29 1
2 30 2
2 31 3
2 32 1
2 33 4
2 34 4
2 35 4
2 36 2
2 37 1
2 38 3
2 39 4
2 40 3
2 41 4
2 42 3
2 43 2
2 44 1
2 45 2
2 46 1
2 47 3
2 48 3
2 49 4
2 50 4
2 51 4
2 52 4
2 53 4
2 54 4
2 55 3
2 56 3
2 57 2
2 58 2
2 59 4
2 60 2
2 61 4
2 62 5
2 63 3
2 64 4
2 65 3
2 66 3
2 67 4
2 68 4
2 69 3
2 70 2
2 71 4
2 72 1
2 73 1
2 74 4
2 75 2
2 76 6
2 77 1
2 78 3
2 79 5
2 80 4
2 81 4
2 82 2
2 83 2
2 84 4
2 85 5
2 86 2
2 87 4
2 88 3
2 89 2
2 90 3
2 91 5
2 92 2
2 93 1
2 94 2
2 95 4
2 96 4
2 97 2
2 98 4
2 99 1
3 4 1
3 5 1
3 6 1
3 7 3
3 8 3
3 9 3
3 10 1
3 11 3
3 12 3
3 13 4
3 14 2
3 15 3
3 16 2
3 17 4
3 18 2
3 19 3
3 20 1
3 21 2
3 22 2
3 23 2
3 24 4
3 25 3
3 26 2
3 27 3
3 28 1
3 29 4
3 30 2
3 31 2
3 32 4
3 33 1
3 34 2
3 35 3
3 36 2
3 37 3
3 38 1
3 39 3
3 40 1
3 41 1
3 42 4
3 43 4
3 44 4
3 45 4
3 46 4
3 47 2
3 48 2
3 49 4
3 50 2
3 51 3
3 52 2
3 53 1
3 54 1
3 55 2
3 56 2
3 57 3
3 58 3
3 59 3
3 60 3
3 61 3
3 62 3
3 63 1
3 64 2
3 65 4
3 66 2
3 67 1
3 68 1
3 69 1
3 70 4
3 71 1
3 72 3
3 73 4
3 74 1
3 75 3
3 76 3
3 77 4
3 78 2
3 79 3
3 80 2
3 81 3
3 82 2
3 83 2
3 84 4
3 85 3
3 86 3
3 87 4
3 88 2
3 89 2
3 90 2
3 91 2
3 92 3
3 93 3
3 94 4
3 95 2
3 96 3
3 97 2
3 98 4
3 99 3
4 5 1
4 6 2
4 7 3
4 8 3
4 9 3
4 10 1
4 11 4
4 12 2
4 13 4
4 14 2
4 15 3
4 16 2
4 17 4
4 18 2
4 19 3
4 20 1
4 21 2
4 22 3
4 23 2
4 24 3
4 25 3
4 26 1
4 27 4
4 28 1
4 29 4
4 30 2
4 31 1
4 32 4
4 33 1
4 34 1
4 35 3
4 36 1
4 37 3
4 38 1
4 39 3
4 40 1
4 41 2
4 42 3
4 43 4
4 44 4
4 45 4
4 46 3
4 47 1
4 48 1
4 49 4
4 50 2
4 51 3
4 52 2
4 53 1
4 54 2
4 55 2
4 56 1
4 57 3
4 58 3
4 59 4
4 60 2
4 61 3
4 62 3
4 63 1
4 64 3
4 65 4
4 66 1
4 67 1
4 68 2
4 69 1
4 70 3
4 71 2
4 72 2
4 73 4
4 74 1
4 75 2
4 76 3
4 77 3
4 78 1
4 79 3
4 80 2
4 81 3
4 82 1
4 83 2
4 84 4
4 85 3
4 86 2
4 87 4
4 88 1
4 89 1
4 90 1
4 91 2
4 92 3
4 93 3
4 94 4
4 95 2
4 96 4
4 97 1
4 98 4
4 99 3
5 6 2
5 7 4
5 8 4
5 9 4
5 10 2
5 11 4
5 12 3
5 13 4
5 14 3
5 15 3
5 16 3
5 17 4
5 18 2
5 19 3
5 20 1
5 21 3
5 22 3
5 23 3
5 24 3
5 25 3
5 26 1
5 27 4
5 28 1
5 29 4
5 30 2
5 31 1
5 32 4
5 33 1
5 34 1
5 35 4
5 36 1
5 37 3
5 38 1
5 39 4
5 40 2
5 41 2
5 42 4
5 43 4
5 44 4
5 45 4
5 46 3
5 47 2
5 48 1
5 49 5
5 50 3
5 51 4
5 52 3
5 53 1
5 54 2
5 55 2
5 56 1
5 57 3
5 58 4
5 59 4
5 60 3
5 61 4
5 62 4
5 63 1
5 64 3
5 65 4
5 66 2
5 67 2
5 68 2
5 69 1
5 70 4
5 71 2
5 72 2
5 73 4
5 74 1
5 75 3
5 76 4
5 77 3
5 78 2
5 79 4
5 80 3
5 81 4
5 82 2
5 83 2
5 84 5
5 85 4
5 86 2
5 87 5
5 88 1
5 89 2
5 90 2
5 91 3
5 92 3
5 93 3
5 94 4
5 95 2
5 96 4
5 97 2
5 98 5
5 99 3
6 7 3
6 8 2
6 9 3
6 10 1
6 11 3
6 12 2
6 13 4
6 14 2
6 15 4
6 16 3
6 17 5
6 18 2
6 19 3
6 20 2
6 21 1
6 22 1
6 23 1
6 24 4
6 25 4
6 26 3
6 27 3
6 28 2
6 29 4
6 30 3
6 31 3
6 32 5
6 33 2
6 34 3
6 35 2
6 36 3
6 37 4
6 38 2
6 39 3
6 40 2
6 41 1
6 42 3
6 43 4
6 44 4
6 45 4
6 46 4
6 47 1
6 48 3
6 49 4
6 50 1
6 51 3
6 52 1
6 53 2
6 54 1
6 55 2
6 56 3
6 57 4
6 58 3
6 59 3
6 60 3
6 61 3
6 62 2
6 63 2
6 64 2
6 65 4
6 66 2
6 67 1
6 68 1
6 69 2
6 70 4
6 71 1
6 72 3
6 73 5
6 74 2
6 75 3
6 76 2
6 77 4
6 78 2
6 79 2
6 80 2
6 81 2
6 82 2
6 83 3
6 84 4
6 85 2
6 86 3
6 87 3
6 88 3
6 89 2
6 90 2
6 91 1
6 92 3
6 93 4
6 94 4
6 95 1
6 96 3
6 97 3
6 98 4
6 99 4
7 8 1
7 9 1
7 10 3
7 11 1
7 12 1
7 13 3
7 14 2
7 15 3
7 16 2
7 17 4
7 18 2
7 19 2
7 20 4
7 21 2
7 22 2
7 23 2
7 24 4
7 25 3
7 26 4
7 27 1
7 28 4
7 29 3
7 30 3
7 31 3
7 32 4
7 33 4
7 34 4
7 35 2
7 36 4
7 37 3
7 38 3
7 39 1
7 40 3
7 41 3
7 42 1
7 43 2
7 44 3
7 45 2
7 46 4
7 47 2
7 48 4
7 49 1
7 50 2
7 51 1
7 52 3
7 53 4
7 54 3
7 55 2
7 56 4
7 57 2
7 58 2
7 59 1
7 60 2
7 61 1
7 62 2
7 63 3
7 64 1
7 65 1
7 66 3
7 67 3
7 68 2
7 69 3
7 70 2
7 71 3
7 72 3
7 73 4
7 74 4
7 75 2
7 76 3
7 77 4
7 78 3
7 79 2
7 80 2
7 81 1
7 82 3
7 83 3
7 84 1
7 85 2
7 86 4
7 87 1
7 88 4
7 89 3
7 90 2
7 91 3
7 92 3
7 93 4
7 94 2
7 95 2
7 96 1
7 97 3
7 98 1
7 99 3
8 9 1
8 10 3
8 11 1
8 12 2
8 13 4
8 14 1
8 15 3
8 16 3
8 17 4
8 18 2
8 19 2
8 20 4
8 21 2
8 22 1
8 23 2
8 24 4
8 25 4
8 26 4
8 27 1
8 28 4
8 29 4
8 30 3
8 31 3
8 32 4
8 33 4
8 34 4
8 35 1
8 36 4
8 37 4
8 38 3
8 39 1
8 40 3
8 41 2
8 42 2
8 43 3
8 44 4
8 45 3
8 46 4
8 47 2
8 48 4
8 49 2
8 50 2
8 51 1
8 52 2
8 53 4
8 54 2
8 55 2
8 56 4
8 57 3
8 58 3
8 59 1
8 60 3
8 61 1
8 62 1
8 63 3
8 64 1
8 65 2
8 66 3
8 67 3
8 68 2
8 69 3
8 70 3
8 71 3
8 72 4
8 73 5
8 74 4
8 75 2
8 76 2
8 77 4
8 78 3
8 79 1
8 80 1
8 81 1
8 82 3
8 83 3
8 84 2
8 85 1
8 86 4
8 87 1
8 88 4
8 89 3
8 90 2
8 91 3
8 92 3
8 93 4
8 94 3
8 95 2
8 96 1
8 97 3
8 98 2
8 99 3
9 10 3
9 11 1
9 12 1
9 13 3
9 14 2
9 15 3
9 16 2
9 17 4
9 18 2
9 19 2
9 20 4
9 21 2
9 22 2
9 23 2
9 24 4
9 25 3
9 26 4
9 27 1
9 28 4
9 29 4
9 30 3
9 31 3
9 32 4
9 33 4
9 34 4
9 35 1
9 36 4
9 37 3
9 38 3
9 39 1
9 40 3
9 41 3
9 42 1
9 43 3
9 44 3
9 45 3
9 46 4
9 47 2
9 48 4
9 49 1
9 50 2
9 51 1
9 52 3
9 53 4
9 54 3
9 55 2
9 56 4
9 57 3
9 58 2
9 59 1
9 60 2
9 61 1
9 62 1
9 63 3
9 64 1
9 65 2
9 66 3
9 67 3
9 68 2
9 69 3
9 70 3
9 71 3
9 72 3
9 73 4
9 74 4
9 75 2
9 76 3
9 77 4
9 78 3
9 79 1
9 80 2
9 81 1
9 82 3
9 83 3
9 84 1
9 85 2
9 86 4
9 87 1
9 88 4
9 89 3
9 90 2
9 91 3
9 92 3
9 93 4
9 94 3
9 95 2
9 96 1
9 97 3
9 98 2
9 99 3
10 11 3
10 12 2
10 13 4
10 14 2
10 15 3
10 16 2
10 17 4
10 18 2
10 19 3
10 20 1
10 21 2
10 22 2
10 23 2
10 24 4
10 25 3
10 26 2
10 27 3
10 28 2
10 29 4
10 30 2
10 31 2
10 32 4
10 33 1
10 34 2
10 35 3
10 36 2
10 37 3
10 38 1
10 39 3
10 40 1
10 41 1
10 42 3
10 43 4
10 44 4
10 45 4
10 46 4
10 47 1
10 48 2
10 49 4
10 50 2
10 51 3
10 52 1
10 53 1
10 54 1
10 55 2
10 56 2
10 57 3
10 58 3
10 59 3
10 60 2
10 61 3
10 62 3
10 63 1
10 64 2
10 65 4
10 66 1
10 67 1
10 68 1
10 69 1
10 70 4
10 71 1
10 72 3
10 73 4
10 74 1
10 75 3
10 76 3
10 77 4
10 78 2
10 79 3
10 80 2
10 81 3
10 82 2
10 83 2
10 84 4
10 85 2
10 86 3
10 87 4
10 88 2
10 89 2
10 90 1
10 91 1
10 92 3
10 93 3
10 94 4
10 95 1
10 96 3
10 97 2
10 98 4
10 99 3
11 12 2
11 13 3
11 14 2
11 15 3
11 16 3
11 17 4
11 18 3
11 19 2
11 20 4
11 21 2
11 22 2
11 23 2
11 24 4
11 25 4
11 26 4
11 27 1
11 28 4
11 29 4
11 30 3
11 31 4
11 32 4
11 33 4
11 34 4
11 35 2
11 36 4
11 37 4
11 38 4
11 39 1
11 40 3
11 41 3
11 42 1
11 43 3
11 44 3
11 45 3
11 46 4
11 47 3
11 48 4
11 49 1
11 50 2
11 51 1
11 52 3
11 53 4
11 54 3
11 55 3
11 56 4
11 57 3
11 58 2
11 59 1
11 60 3
11 61 1
11 62 1
11 63 3
11 64 1
11 65 2
11 66 3
11 67 3
11 68 2
11 69 3
11 70 3
11 71 3
11 72 4
11 73 4
11 74 4
11 75 3
11 76 3
11 77 4
11 78 3
11 79 2
11 80 2
11 81 1
11 82 4
11 83 4
11 84 1
11 85 2
11 86 5
11 87 1
11 88 4
11 89 4
11 90 3
11 91 3
11 92 3
11 93 4
11 94 3
11 95 2
11 96 1
11 97 4
11 98 1
11 99 3
12 13 2
12 14 1
12 15 2
12 16 1
12 17 3
12 18 1
12 19 1
12 20 3
12 21 2
12 22 2
12 23 1
12 24 3
12 25 2
12 26 3
12 27 2
12 28 3
12 29 3
12 30 2
12 31 2
12 32 3
12 33 3
12 34 3
12 35 2
12 36 3
12 37 2
12 38 2
12 39 1
12 40 2
12 41 2
12 42 1
12 43 2
12 44 2
12 45 2
12 46 3
12 47 1
12 48 3
12 49 2
12 50 2
12 51 1
12 52 2
12 53 3
12 54 2
12 55 1
12 56 3
12 57 2
12 58 1
12 59 2
12 60 1
12 61 1
12 62 2
12 63 2
12 64 1
12 65 2
12 66 2
12 67 2
12 68 2
12 69 2
12 70 2
12 71 2
12 72 2
12 73 3
12 74 3
12 75 1
12 76 3
12 77 3
12 78 2
12 79 2
12 80 1
12 81 1
12 82 2
12 83 2
12 84 2
12 85 2
12 86 3
12 87 2
12 88 3
12 89 2
12 90 1
12 91 3
12 92 2
12 93 3
12 94 2
12 95 2
12 96 2
12 97 2
12 98 2
12 99 2
13 14 3
13 15 1
13 16 2
13 17 1
13 18 3
13 19 2
13 20 4
13 21 4
13 22 4
13 23 3
13 24 1
13 25 1
13 26 3
13 27 4
13 28 4
13 29 1
13 30 2
13 31 3
13 32 1
13 33 4
13 34 4
13 35 4
13 36 3
13 37 1
13 38 4
13 39 3
13 40 3
13 41 4
13 42 2
13 43 1
13 44 1
13 45 1
13 46 1
13 47 3
13 48 4
13 49 3
13 50 4
13 51 3
13 52 4
13 53 4
13 54 4
13 55 2
13 56 3
13 57 1
13 58 1
13 59 3
13 60 2
13 61 3
13 62 4
13 63 4
13 64 3
13 65 2
13 66 3
13 67 4
13 68 4
13 69 3
13 70 1
13 71 4
13 72 2
13 73 1
13 74 4
13 75 2
13 76 5
13 77 1
13 78 3
13 79 4
13 80 3
13 81 3
13 82 3
13 83 2
13 84 3
13 85 4
13 86 2
13 87 3
13 88 3
13 89 3
13 90 3
13 91 4
13 92 1
13 93 1
13 94 1
13 95 3
13 96 3
13 97 3
13 98 3
13 99 1
14 15 2
14 16 2
14 17 3
14 18 1
14 19 1
14 20 3
14 21 2
14 22 2
14 23 1
14 24 3
14 25 3
14 26 3
14 27 2
14 28 3
14 29 3
14 30 2
14 31 2
14 32 3
14 33 3
14 34 3
14 35 1
14 36 3
14 37 3
14 38 2
14 39 1
14 40 2
14 41 2
14 42 2
14 43 2
14 44 3
14 45 2
14 46 3
14 47 1
14 48 3
14 49 2
14 50 1
14 51 2
14 52 2
14 53 3
14 54 2
14 55 1
14 56 3
14 57 2
14 58 2
14 59 2
14 60 2
14 61 1
14 62 2
14 63 2
14 64 1
14 65 2
14 66 2
14 67 2
14 68 1
14 69 2
14 70 2
14 71 2
14 72 3
14 73 4
14 74 3
14 75 1
14 76 3
14 77 3
14 78 2
14 79 2
14 80 1
14 81 1
14 82 2
14 83 2
14 84 2
14 85 2
14 86 3
14 87 2
14 88 3
14 89 2
14 90 1
14 91 2
14 92 2
14 93 3
14 94 2
14 95 1
14 96 2
14 97 2
14 98 3
14 99 2
15 16 1
15 17 1
15 18 2
15 19 1
15 20 3
15 21 4
15 22 4
15 23 3
15 24 1
15 25 1
15 26 2
15 27 4
15 28 3
15 29 1
15 30 1
15 31 2
15 32 1
15 33 3
15 34 3
15 35 3
15 36 2
15 37 1
15 38 3
15 39 3
15 40 2
15 41 3
15 42 2
15 43 2
15 44 1
15 45 2
15 46 1
15 47 3
15 48 3
15 49 3
15 50 3
15 51 3
15 52 4
15 53 3
15 54 3
15 55 2
15 56 2
15 57 1
15 58 1
15 59 3
15 60 1
15 61 3
15 62 4
15 63 3
15 64 3
15 65 2
15 66 2
15 67 3
15 68 3
15 69 2
15 70 2
15 71 4
15 72 1
15 73 2
15 74 3
15 75 1
15 76 5
15 77 1
15 78 2
15 79 4
15 80 3
15 81 3
15 82 2
15 83 1
15 84 3
15 85 4
15 86 2
15 87 3
15 88 2
15 89 2
15 90 2
15 91 4
15 92 1
15 93 1
15 94 2
15 95 3
15 96 3
15 97 2
15 98 3
15 99 1
16 17 2
16 18 1
16 19 1
16 20 2
16 21 3
16 22 3
16 23 2
16 24 2
16 25 1
16 26 2
16 27 3
16 28 2
16 29 2
16 30 1
16 31 2
16 32 2
16 33 3
16 34 3
16 35 3
16 36 2
16 37 1
16 38 2
16 39 2
16 40 1
16 41 2
16 42 2
16 43 2
16 44 2
16 45 2
16 46 2
16 47 2
16 48 2
16 49 3
16 50 3
16 51 2
16 52 3
16 53 3
16 54 2
16 55 1
16 56 2
16 57 1
16 58 1
16 59 3
16 60 1
16 61 2
16 62 3
16 63 2
16 64 2
16 65 2
16 66 1
16 67 2
16 68 2
16 69 2
16 70 2
16 71 3
16 72 1
16 73 2
16 74 2
16 75 1
16 76 4
16 77 2
16 78 1
16 79 3
16 80 2
16 81 2
16 82 1
16 83 1
16 84 3
16 85 3
16 86 2
16 87 3
16 88 2
16 89 1
16 90 1
16 91 3
16 92 1
16 93 2
16 94 2
16 95 2
16 96 3
16 97 1
16 98 3
16 99 1
17 18 3
17 19 2
17 20 4
17 21 5
17 22 5
17 23 4
17 24 1
17 25 1
17 26 3
17 27 5
17 28 4
17 29 1
17 30 2
17 31 3
17 32 1
17 33 4
17 34 4
17 35 4
17 36 3
17 37 2
17 38 4
17 39 4
17 40 3
17 41 4
17 42 3
17 43 2
17 44 1
17 45 2
17 46 1
17 47 4
17 48 4
17 49 4
17 50 4
17 51 4
17 52 5
17 53 4
17 54 4
17 55 3
17 56 3
17 57 2
17 58 2
17 59 4
17 60 2
17 61 4
17 62 5
17 63 4
17 64 4
17 65 3
17 66 3
17 67 4
17 68 4
17 69 3
17 70 2
17 71 5
17 72 2
17 73 1
17 74 4
17 75 2
17 76 6
17 77 1
17 78 3
17 79 5
17 80 4
17 81 4
17 82 3
17 83 2
17 84 4
17 85 5
17 86 2
17 87 4
17 88 3
17 89 3
17 90 3
17 91 5
17 92 2
17 93 1
17 94 2
17 95 4
17 96 4
17 97 3
17 98 4
17 99 2
18 19 2
18 20 2
18 21 2
18 22 3
18 23 2
18 24 3
18 25 2
18 26 2
18 27 3
18 28 2
18 29 3
18 30 1
18 31 1
18 32 3
18 33 2
18 34 2
18 35 2
18 36 2
18 37 2
18 38 2
18 39 2
18 40 1
18 41 2
18 42 2
18 43 3
18 44 3
18 45 3
18 46 3
18 47 1
18 48 2
18 49 3
18 50 2
18 51 2
18 52 2
18 53 2
18 54 2
18 55 1
18 56 2
18 57 2
18 58 2
18 59 3
18 60 1
18 61 2
18 62 2
18 63 1
18 64 2
18 65 3
18 66 1
18 67 2
18 68 2
18 69 1
18 70 2
18 71 2
18 72 2
18 73 3
18 74 2
18 75 1
18 76 3
18 77 3
18 78 1
18 79 2
18 80 1
18 81 2
18 82 1
18 83 1
18 84 3
18 85 3
18 86 2
18 87 3
18 88 2
18 89 1
18 90 1
18 91 2
18 92 2
18 93 2
18 94 3
18 95 1
18 96 3
18 97 1
18 98 3
18 99 2
19 20 3
19 21 3
19 22 3
19 23 2
19 24 2
19 25 2
19 26 2
19 27 3
19 28 3
19 29 2
19 30 1
19 31 2
19 32 2
19 33 4
19 34 3
19 35 2
19 36 3
19 37 2
19 38 3
19 39 2
19 40 2
19 41 3
19 42 1
19 43 1
19 44 2
19 45 1
19 46 2
19 47 2
19 48 3
19 49 2
19 50 2
19 51 2
19 52 3
19 53 3
19 54 3
19 55 1
19 56 3
19 57 1
19 58 1
19 59 2
19 60 1
19 61 2
19 62 3
19 63 3
19 64 2
19 65 1
19 66 2
19 67 3
19 68 2
19 69 2
19 70 1
19 71 3
19 72 2
19 73 3
19 74 3
19 75 1
19 76 4
19 77 2
19 78 2
19 79 3
19 80 2
19 81 2
19 82 2
19 83 2
19 84 2
19 85 3
19 86 3
19 87 2
19 88 3
19 89 2
19 90 2
19 91 3
19 92 1
19 93 2
19 94 1
19 95 2
19 96 2
19 97 2
19 98 2
19 99 1
20 21 3
20 22 3
20 23 3
20 24 3
20 25 3
20 26 1
20 27 4
20 28 1
20 29 4
20 30 2
20 31 1
20 32 4
20 33 1
20 34 1
20 35 4
20 36 1
20 37 3
20 38 1
20 39 4
20 40 1
20 41 2
20 42 4
20 43 4
20 44 4
20 45 4
20 46 3
20 47 2
20 48 1
20 49 5
20 50 3
20 51 4
20 52 2
20 53 1
20 54 2
20 55 2
20 56 1
20 57 3
20 58 3
20 59 4
20 60 2
20 61 4
20 62 4
20 63 1
20 64 3
20 65 4
20 66 1
20 67 2
20 68 2
20 69 1
20 70 4
20 71 2
20 72 2
20 73 4
20 74 1
20 75 3
20 76 4
20 77 3
20 78 1
20 79 4
20 80 3
20 81 4
20 82 1
20 83 2
20 84 5
20 85 3
20 86 2
20 87 5
20 88 1
20 89 2
20 90 2
20 91 2
20 92 3
20 93 3
20 94 4
20 95 2
20 96 4
20 97 1
20 98 5
20 99 3
21 22 1
21 23 1
21 24 5
21 25 4
21 26 3
21 27 2
21 28 3
21 29 4
21 30 3
21 31 3
21 32 5
21 33 3
21 34 3
21 35 1
21 36 3
21 37 4
21 38 3
21 39 2
21 40 2
21 41 1
21 42 3
21 43 4
21 44 4
21 45 4
21 46 5
21 47 2
21 48 3
21 49 3
21 50 1
21 51 2
21 52 1
21 53 2
21 54 1
21 55 2
21 56 3
21 57 4
21 58 3
21 59 2
21 60 3
21 61 2
21 62 1
21 63 2
21 64 1
21 65 3
21 66 2
21 67 1
21 68 1
21 69 2
21 70 4
21 71 1
21 72 4
21 73 5
21 74 2
21 75 3
21 76 1
21 77 5
21 78 2
21 79 1
21 80 1
21 81 2
21 82 3
21 83 3
21 84 3
21 85 1
21 86 4
21 87 2
21 88 3
21 89 3
21 90 2
21 91 1
21 92 3
21 93 4
21 94 4
21 95 1
21 96 2
21 97 3
21 98 3
21 99 4
22 23 1
22 24 5
22 25 4
22 26 4
22 27 2
22 28 3
22 29 5
22 30 3
22 31 3
22 32 5
22 33 3
22 34 4
22 35 1
22 36 4
22 37 4
22 38 3
22 39 2
22 40 3
22 41 2
22 42 3
22 43 4
22 44 4
22 45 4
22 46 5
22 47 2
22 48 4
22 49 3
22 50 1
22 51 2
22 52 1
22 53 3
22 54 1
22 55 3
22 56 4
22 57 4
22 58 3
22 59 2
22 60 3
22 61 2
22 62 1
22 63 3
22 64 1
22 65 3
22 66 3
22 67 2
22 68 2
22 69 3
22 70 4
22 71 2
22 72 4
22 73 5
22 74 3
22 75 3
22 76 1
22 77 5
22 78 3
22 79 1
22 80 2
22 81 2
22 82 3
22 83 4
22 84 3
22 85 1
22 86 4
22 87 2
22 88 4
22 89 3
22 90 2
22 91 2
22 92 4
22 93 4
22 94 4
22 95 2
22 96 2
22 97 3
22 98 3
22 99 4
23 24 4
23 25 3
23 26 3
23 27 2
23 28 3
23 29 4
23 30 2
23 31 2
23 32 4
23 33 3
23 34 3
23 35 1
23 36 3
23 37 3
23 38 2
23 39 2
23 40 2
23 41 1
23 42 2
23 43 3
23 44 3
23 45 3
23 46 4
23 47 1
23 48 3
23 49 3
23 50 1
23 51 2
23 52 1
23 53 2
23 54 1
23 55 2
23 56 3
23 57 3
23 58 2
23 59 2
23 60 2
23 61 2
23 62 1
23 63 2
23 64 1
23 65 3
23 66 2
23 67 1
23 68 1
23 69 2
23 70 3
23 71 1
23 72 3
23 73 4
23 74 2
23 75 2
23 76 2
23 77 4
23 78 2
23 79 1
23 80 1
23 81 1
23 82 2
23 83 3
23 84 3
23 85 1
23 86 3
23 87 2
23 88 3
23 89 2
23 90 1
23 91 2
23 92 3
23 93 3
23 94 3
23 95 1
23 96 2
23 97 2
23 98 3
23 99 3
24 25 1
24 26 3
24 27 5
24 28 3
24 29 1
24 30 2
24 31 3
24 32 1
24 33 4
24 34 4
24 35 4
24 36 2
24 37 1
24 38 3
24 39 4
24 40 3
24 41 4
24 42 3
24 43 2
24 44 1
24 45 2
24 46 1
24 47 3
24 48 3
24 49 4
24 50 4
24 51 4
24 52 4
24 53 4
24 54 4
24 55 3
24 56 3
24 57 2
24 58 2
24 59 4
24 60 2
24 61 4
24 62 5
24 63 3
24 64 4
24 65 3
24 66 3
24 67 4
24 68 4
24 69 3
24 70 2
24 71 4
24 72 1
24 73 1
24 74 4
24 75 2
24 76 6
24 77 1
24 78 3
24 79 5
24 80 4
24 81 4
24 82 2
24 83 2
24 84 4
24 85 5
24 86 2
24 87 4
24 88 3
24 89 2
24 90 3
24 91 5
24 92 2
24 93 1
24 94 2
24 95 4
24 96 4
24 97 2
24 98 4
24 99 2
25 26 2
25 27 4
25 28 3
25 29 1
25 30 1
25 31 2
25 32 1
25 33 3
25 34 3
25 35 4
25 36 2
25 37 1
25 38 3
25 39 3
25 40 2
25 41 3
25 42 3
25 43 2
25 44 2
25 45 2
25 46 1
25 47 3
25 48 3
25 49 4
25 50 4
25 51 3
25 52 4
25 53 3
25 54 3
25 55 2
25 56 2
25 57 2
25 58 2
25 59 4
25 60 1
25 61 3
25 62 4
25 63 3
25 64 3
25 65 3
25 66 2
25 67 3
25 68 3
25 69 2
25 70 2
25 71 4
25 72 1
25 73 1
25 74 3
25 75 2
25 76 5
25 77 1
25 78 2
25 79 4
25 80 3
25 81 3
25 82 2
25 83 1
25 84 4
25 85 4
25 86 1
25 87 4
25 88 2
25 89 2
25 90 2
25 91 4
25 92 1
25 93 1
25 94 2
25 95 3
25 96 4
25 97 2
25 98 4
25 99 1
26 27 4
26 28 1
26 29 3
26 30 1
26 31 1
26 32 3
26 33 2
26 34 1
26 35 4
26 36 1
26 37 2
26 38 1
26 39 4
26 40 1
26 41 2
26 42 3
26 43 3
26 44 3
26 45 3
26 46 3
26 47 2
26 48 1
26 49 4
26 50 3
26 51 4
26 52 3
26 53 2
26 54 3
26 55 2
26 56 1
26 57 2
26 58 3
26 59 4
26 60 2
26 61 4
26 62 4
26 63 1
26 64 3
26 65 3
26 66 1
26 67 2
26 68 2
26 69 1
26 70 3
26 71 3
26 72 2
26 73 3
26 74 1
26 75 2
26 76 4
26 77 2
26 78 1
26 79 4
26 80 3
26 81 4
26 82 1
26 83 1
26 84 4
26 85 4
26 86 1
26 87 4
26 88 1
26 89 1
26 90 2
26 91 3
26 92 2
26 93 2
26 94 3
26 95 2
26 96 4
26 97 1
26 98 4
26 99 2
27 28 4
27 29 4
27 30 4
27 31 4
27 32 5
27 33 4
27 34 4
27 35 1
27 36 4
27 37 4
27 38 4
27 39 1
27 40 3
27 41 3
27 42 2
27 43 3
27 44 4
27 45 3
27 46 5
27 47 3
27 48 4
27 49 2
27 50 2
27 51 1
27 52 3
27 53 4
27 54 3
27 55 3
27 56 4
27 57 3
27 58 3
27 59 1
27 60 3
27 61 1
27 62 1
27 63 3
27 64 1
27 65 2
27 66 3
27 67 3
27 68 2
27 69 3
27 70 3
27 71 3
27 72 4
27 73 5
27 74 4
27 75 3
27 76 3
27 77 5
27 78 3
27 79 1
27 80 2
27 81 1
27 82 4
27 83 4
27 84 1
27 85 2
27 86 5
27 87 1
27 88 4
27 89 4
27 90 3
27 91 3
27 92 4
27 93 5
27 94 3
27 95 2
27 96 1
27 97 4
27 98 2
27 99 4
28 29 4
28 30 2
28 31 1
28 32 4
28 33 1
28 34 1
28 35 4
28 36 1
28 37 3
28 38 1
28 39 4
28 40 1
28 41 2
28 42 4
28 43 4
28 44 4
28 45 4
28 46 3
28 47 2
28 48 1
28 49 5
28 50 3
28 51 4
28 52 3
28 53 1
28 54 2
28 55 2
28 56 1
28 57 3
28 58 3
28 59 4
28 60 2
28 61 4
28 62 4
28 63 1
28 64 3
28 65 4
28 66 1
28 67 2
28 68 2
28 69 1
28 70 4
28 71 2
28 72 2
28 73 4
28 74 1
28 75 3
28 76 4
28 77 3
28 78 1
28 79 4
28 80 3
28 81 4
28 82 1
28 83 2
28 84 5
28 85 4
28 86 2
28 87 5
28 88 1
28 89 2
28 90 2
28 91 3
28 92 3
28 93 3
28 94 4
28 95 2
28 96 4
28 97 1
28 98 5
28 99 3
29 30 2
29 31 3
29 32 1
29 33 4
29 34 4
29 35 4
29 36 3
29 37 2
29 38 4
29 39 4
29 40 3
29 41 4
29 42 3
29 43 1
29 44 1
29 45 1
29 46 2
29 47 3
29 48 4
29 49 4
29 50 4
29 51 3
29 52 4
29 53 4
29 54 4
29 55 2
29 56 3
29 57 1
29 58 2
29 59 4
29 60 2
29 61 3
29 62 4
29 63 4
29 64 4
29 65 2
29 66 3
29 67 4
29 68 4
29 69 3
29 70 1
29 71 4
29 72 2
29 73 1
29 74 4
29 75 2
29 76 5
29 77 2
29 78 3
29 79 4
29 80 3
29 81 4
29 82 3
29 83 2
29 84 4
29 85 5
29 86 2
29 87 4
29 88 3
29 89 3
29 90 3
29 91 4
29 92 1
29 93 2
29 94 1
29 95 3
29 96 4
29 97 3
29 98 3
29 99 1
30 31 1
30 32 2
30 33 3
30 34 2
30 35 3
30 36 2
30 37 1
30 38 2
30 39 3
30 40 1
30 41 2
30 42 2
30 43 2
30 44 2
30 45 2
30 46 2
30 47 2
30 48 2
30 49 3
30 50 3
30 51 3
30 52 3
30 53 2
30 54 2
30 55 1
30 56 2
30 57 1
30 58 2
30 59 3
30 60 1
30 61 3
30 62 3
30 63 2
30 64 3
30 65 2
30 66 1
30 67 2
30 68 2
30 69 1
30 70 2
30 71 3
30 72 1
30 73 2
30 74 2
30 75 1
30 76 4
30 77 2
30 78 1
30 79 3
30 80 2
30 81 3
30 82 1
30 83 1
30 84 3
30 85 3
30 86 2
30 87 3
30 88 2
30 89 1
30 90 1
30 91 3
30 92 1
30 93 1
30 94 2
30 95 2
30 96 3
30 97 1
30 98 3
30 99 1
31 32 3
31 33 2
31 34 1
31 35 3
31 36 1
31 37 2
31 38 1
31 39 3
31 40 1
31 41 2
31 42 3
31 43 3
31 44 3
31 45 3
31 46 3
31 47 2
31 48 1
31 49 4
31 50 3
31 51 3
31 52 3
31 53 2
31 54 2
31 55 1
31 56 1
31 57 2
31 58 3
31 59 4
31 60 2
31 61 3
31 62 3
31 63 1
31 64 3
31 65 3
31 66 1
31 67 2
31 68 2
31 69 1
31 70 3
31 71 3
31 72 2
31 73 3
31 74 1
31 75 2
31 76 4
31 77 2
31 78 1
31 79 3
31 80 2
31 81 3
31 82 1
31 83 1
31 84 4
31 85 3
31 86 1
31 87 4
31 88 1
31 89 1
31 90 1
31 91 3
31 92 2
31 93 2
31 94 3
31 95 2
31 96 4
31 97 1
31 98 4
31 99 2
32 33 4
32 34 4
32 35 4
32 36 3
32 37 1
32 38 4
32 39 4
32 40 3
32 41 4
32 42 3
32 43 2
32 44 1
32 45 2
32 46 1
32 47 4
32 48 4
32 49 4
32 50 4
32 51 4
32 52 5
32 53 4
32 54 4
32 55 3
32 56 3
32 57 2
32 58 2
32 59 4
32 60 2
32 61 4
32 62 5
32 63 4
32 64 4
32 65 3
32 66 3
32 67 4
32 68 4
32 69 3
32 70 2
32 71 5
32 72 2
32 73 1
32 74 4
32 75 2
32 76 6
32 77 1
32 78 3
32 79 5
32 80 4
32 81 4
32 82 3
32 83 2
32 84 4
32 85 5
32 86 2
32 87 4
32 88 3
32 89 3
32 90 3
32 91 5
32 92 2
32 93 1
32 94 2
32 95 4
32 96 4
32 97 3
32 98 4
32 99 2
33 34 1
33 35 4
33 36 2
33 37 3
33 38 1
33 39 4
33 40 2
33 41 2
33 42 4
33 43 5
33 44 4
33 45 5
33 46 4
33 47 2
33 48 1
33 49 5
33 50 3
33 51 4
33 52 2
33 53 1
33 54 2
33 55 3
33 56 1
33 57 4
33 58 4
33 59 4
33 60 3
33 61 4
33 62 4
33 63 1
33 64 3
33 65 5
33 66 2
33 67 2
33 68 2
33 69 2
33 70 4
33 71 2
33 72 3
33 73 4
33 74 1
33 75 3
33 76 4
33 77 3
33 78 2
33 79 4
33 80 3
33 81 4
33 82 2
33 83 2
33 84 5
33 85 3
33 86 2
33 87 5
33 88 1
33 89 2
33 90 2
33 91 2
33 92 4
33 93 3
33 94 5
33 95 2
33 96 4
33 97 2
33 98 5
33 99 4
34 35 4
34 36 2
34 37 3
34 38 1
34 39 4
34 40 2
34 41 2
34 42 4
34 43 4
34 44 4
34 45 4
34 46 4
34 47 2
34 48 1
34 49 5
34 50 3
34 51 4
34 52 3
34 53 1
34 54 3
34 55 2
34 56 1
34 57 3
34 58 4
34 59 4
34 60 3
34 61 4
34 62 4
34 63 1
34 64 3
34 65 4
34 66 2
34 67 2
34 68 2
34 69 2
34 70 4
34 71 3
34 72 3
34 73 4
34 74 1
34 75 3
34 76 4
34 77 3
34 78 2
34 79 4
34 80 3
34 81 4
34 82 2
34 83 2
34 84 5
34 85 4
34 86 2
34 87 5
34 88 1
34 89 2
34 90 2
34 91 3
34 92 3
34 93 3
34 94 4
34 95 2
34 96 4
34 97 2
34 98 5
34 99 3
35 36 4
35 37 4
35 38 3
35 39 1
35 40 3
35 41 2
35 42 2
35 43 3
35 44 4
35 45 3
35 46 4
35 47 2
35 48 4
35 49 2
35 50 1
35 51 2
35 52 2
35 53 3
35 54 2
35 55 2
35 56 4
35 57 3
35 58 3
35 59 1
35 60 3
35 61 1
35 62 1
35 63 3
35 64 1
35 65 2
35 66 3
35 67 2
35 68 2
35 69 3
35 70 3
35 71 2
35 72 4
35 73 5
35 74 3
35 75 2
35 76 2
35 77 4
35 78 3
35 79 1
35 80 1
35 81 1
35 82 3
35 83 3
35 84 2
35 85 1
35 86 4
35 87 2
35 88 4
35 89 3
35 90 2
35 91 2
35 92 3
35 93 4
35 94 3
35 95 2
35 96 1
35 97 3
35 98 2
35 99 3
36 37 2
36 38 1
36 39 4
36 40 2
36 41 2
36 42 4
36 43 4
36 44 3
36 45 4
36 46 2
36 47 2
36 48 1
36 49 5
36 50 3
36 51 4
36 52 3
36 53 2
36 54 3
36 55 2
36 56 1
36 57 3
36 58 3
36 59 4
36 60 2
36 61 4
36 62 4
36 63 2
36 64 3
36 65 4
36 66 1
36 67 2
36 68 3
36 69 1
36 70 3
36 71 3
36 72 1
36 73 3
36 74 2
36 75 2
36 76 4
36 77 2
36 78 1
36 79 4
36 80 3
36 81 4
36 82 1
36 83 1
36 84 5
36 85 4
36 86 1
36 87 5
36 88 1
36 89 1
36 90 2
36 91 3
36 92 3
36 93 2
36 94 4
36 95 2
36 96 4
36 97 1
36 98 5
36 99 3
37 38 3
37 39 3
37 40 2
37 41 3
37 42 3
37 43 2
37 44 2
37 45 2
37 46 1
37 47 3
37 48 3
37 49 4
37 50 4
37 51 3
37 52 4
37 53 3
37 54 3
37 55 2
37 56 2
37 57 2
37 58 2
37 59 4
37 60 1
37 61 3
37 62 4
37 63 3
37 64 3
37 65 3
37 66 2
37 67 3
37 68 3
37 69 2
37 70 2
37 71 4
37 72 1
37 73 2
37 74 3
37 75 2
37 76 5
37 77 1
37 78 2
37 79 4
37 80 3
37 81 3
37 82 2
37 83 1
37 84 4
37 85 4
37 86 1
37 87 4
37 88 2
37 89 2
37 90 2
37 91 4
37 92 2
37 93 1
37 94 2
37 95 3
37 96 4
37 97 2
37 98 4
37 99 2
38 39 3
38 40 1
38 41 2
38 42 3
38 43 4
38 44 4
38 45 4
38 46 3
38 47 2
38 48 1
38 49 4
38 50 3
38 51 3
38 52 2
38 53 1
38 54 2
38 55 2
38 56 1
38 57 3
38 58 3
38 59 4
38 60 2
38 61 3
38 62 3
38 63 1
38 64 3
38 65 4
38 66 1
38 67 2
38 68 2
38 69 1
38 70 3
38 71 2
38 72 2
38 73 4
38 74 1
38 75 2
38 76 4
38 77 3
38 78 1
38 79 3
38 80 2
38 81 3
38 82 1
38 83 2
38 84 4
38 85 3
38 86 2
38 87 4
38 88 1
38 89 1
38 90 1
38 91 2
38 92 3
38 93 3
38 94 4
38 95 2
38 96 4
38 97 1
38 98 4
38 99 3
39 40 3
39 41 2
39 42 2
39 43 3
39 44 3
39 45 3
39 46 4
39 47 2
39 48 4
39 49 2
39 50 2
39 51 1
39 52 2
39 53 4
39 54 2
39 55 2
39 56 4
39 57 3
39 58 2
39 59 1
39 60 2
39 61 1
39 62 1
39 63 3
39 64 1
39 65 2
39 66 3
39 67 3
39 68 2
39 69 3
39 70 3
39 71 3
39 72 3
39 73 4
39 74 4
39 75 2
39 76 3
39 77 4
39 78 3
39 79 1
39 80 1
39 81 1
39 82 3
39 83 3
39 84 2
39 85 2
39 86 4
39 87 1
39 88 4
39 89 3
39 90 2
39 91 3
39 92 3
39 93 4
39 94 3
39 95 2
39 96 1
39 97 3
39 98 2
39 99 3
40 41 1
40 42 3
40 43 3
40 44 3
40 45 3
40 46 3
40 47 1
40 48 2
40 49 4
40 50 2
40 51 3
40 52 2
40 53 2
40 54 2
40 55 1
40 56 2
40 57 2
40 58 2
40 59 3
40 60 2
40 61 3
40 62 3
40 63 1
40 64 2
40 65 3
40 66 1
40 67 1
40 68 1
40 69 1
40 70 3
40 71 2
40 72 2
40 73 3
40 74 1
40 75 2
40 76 3
40 77 3
40 78 1
40 79 3
40 80 2
40 81 3
40 82 1
40 83 2
40 84 4
40 85 3
40 86 2
40 87 4
40 88 1
40 89 1
40 90 1
40 91 2
40 92 2
40 93 2
40 94 3
40 95 1
40 96 3
40 97 1
40 98 4
40 99 2
41 42 3
41 43 4
41 44 4
41 45 4
41 46 4
41 47 1
41 48 2
41 49 4
41 50 1
41 51 3
41 52 1
41 53 2
41 54 1
41 55 2
41 56 2
41 57 3
41 58 3
41 59 3
41 60 2
41 61 3
41 62 2
41 63 1
41 64 2
41 65 4
41 66 2
41 67 1
41 68 1
41 69 1
41 70 4
41 71 1
41 72 3
41 73 4
41 74 2
41 75 3
41 76 2
41 77 4
41 78 2
41 79 2
41 80 1
41 81 2
41 82 2
41 83 2
41 84 4
41 85 2
41 86 3
41 87 3
41 88 2
41 89 2
41 90 1
41 91 1
41 92 3
41 93 3
41 94 4
41 95 1
41 96 3
41 97 2
41 98 4
41 99 3
42 43 2
42 44 2
42 45 2
42 46 3
42 47 2
42 48 4
42 49 1
42 50 3
42 51 1
42 52 3
42 53 4
42 54 3
42 55 2
42 56 4
42 57 2
42 58 1
42 59 1
42 60 2
42 61 1
42 62 2
42 63 3
42 64 2
42 65 1
42 66 3
42 67 3
42 68 3
42 69 3
42 70 2
42 71 3
42 72 3
42 73 3
42 74 4
42 75 2
42 76 4
42 77 3
42 78 3
42 79 2
42 80 2
42 81 1
42 82 3
42 83 3
42 84 1
42 85 3
42 86 4
42 87 1
42 88 4
42 89 3
42 90 2
42 91 4
42 92 2
42 93 3
42 94 2
42 95 3
42 96 1
42 97 3
42 98 1
42 99 2
43 44 1
43 45 1
43 46 2
43 47 3
43 48 4
43 49 3
43 50 3
43 51 2
43 52 4
43 53 4
43 54 4
43 55 2
43 56 4
43 57 1
43 58 1
43 59 3
43 60 2
43 61 2
43 62 3
43 63 4
43 64 3
43 65 1
43 66 3
43 67 4
43 68 3
43 69 3
43 70 1
43 71 4
43 72 3
43 73 2
43 74 4
43 75 2
43 76 5
43 77 2
43 78 3
43 79 4
43 80 3
43 81 3
43 82 3
43 83 3
43 84 3
43 85 4
43 86 3
43 87 3
43 88 4
43 89 3
43 90 3
43 91 4
43 92 1
43 93 2
43 94 1
43 95 3
43 96 3
43 97 3
43 98 2
43 99 1
44 45 1
44 46 2
44 47 3
44 48 4
44 49 3
44 50 4
44 51 3
44 52 4
44 53 4
44 54 4
44 55 2
44 56 3
44 57 1
44 58 1
44 59 3
44 60 2
44 61 3
44 62 4
44 63 4
44 64 3
44 65 2
44 66 3
44 67 4
44 68 4
44 69 3
44 70 1
44 71 4
44 72 2
44 73 1
44 74 4
44 75 2
44 76 5
44 77 2
44 78 3
44 79 4
44 80 3
44 81 3
44 82 3
44 83 2
44 84 3
44 85 4
44 86 3
44 87 3
44 88 3
44 89 3
44 90 3
44 91 4
44 92 1
44 93 2
44 94 1
44 95 3
44 96 3
44 97 3
44 98 3
44 99 1
45 46 2
45 47 3
45 48 4
45 49 3
45 50 3
45 51 2
45 52 4
45 53 4
45 54 4
45 55 2
45 56 4
45 57 1
45 58 1
45 59 3
45 60 2
45 61 2
45 62 3
45 63 4
45 64 3
45 65 1
45 66 3
45 67 4
45 68 3
45 69 3
45 70 1
45 71 4
45 72 3
45 73 2
45 74 4
45 75 2
45 76 5
45 77 2
45 78 3
45 79 4
45 80 3
45 81 3
45 82 3
45 83 3
45 84 3
45 85 4
45 86 3
45 87 3
45 88 4
45 89 3
45 90 3
45 91 4
45 92 1
45 93 2
45 94 1
45 95 3
45 96 3
45 97 3
45 98 2
45 99 1
46 47 3
46 48 3
46 49 4
46 50 4
46 51 4
46 52 4
46 53 4
46 54 4
46 55 3
46 56 3
46 57 2
46 58 2
46 59 4
46 60 2
46 61 4
46 62 5
46 63 3
46 64 4
46 65 3
46 66 3
46 67 4
46 68 4
46 69 3
46 70 2
46 71 4
46 72 1
46 73 1
46 74 4
46 75 2
46 76 6
46 77 1
46 78 3
46 79 5
46 80 4
46 81 4
46 82 2
46 83 2
46 84 4
46 85 5
46 86 2
46 87 4
46 88 3
46 89 2
46 90 3
46 91 5
46 92 2
46 93 1
46 94 2
46 95 4
46 96 4
46 97 2
46 98 4
46 99 2
47 48 2
47 49 3
47 50 1
47 51 2
47 52 1
47 53 2
47 54 1
47 55 1
47 56 2
47 57 3
47 58 2
47 59 3
47 60 2
47 61 2
47 62 2
47 63 1
47 64 2
47 65 3
47 66 1
47 67 1
47 68 1
47 69 1
47 70 3
47 71 1
47 72 2
47 73 4
47 74 2
47 75 2
47 76 3
47 77 3
47 78 1
47 79 2
47 80 1
47 81 2
47 82 1
47 83 2
47 84 3
47 85 2
47 86 2
47 87 3
47 88 2
47 89 1
47 90 1
47 91 2
47 92 2
47 93 3
47 94 3
47 95 1
47 96 3
47 97 2
47 98 3
47 99 3
48 49 5
48 50 3
48 51 4
48 52 3
48 53 1
48 54 3
48 55 2
48 56 1
48 57 3
48 58 3
48 59 4
48 60 2
48 61 4
48 62 4
48 63 1
48 64 3
48 65 4
48 66 2
48 67 2
48 68 2
48 69 1
48 70 4
48 71 3
48 72 2
48 73 4
48 74 1
48 75 3
48 76 4
48 77 3
48 78 2
48 79 4
48 80 3
48 81 4
48 82 2
48 83 2
48 84 5
48 85 4
48 86 2
48 87 5
48 88 1
48 89 2
48 90 2
48 91 3
48 92 3
48 93 3
48 94 4
48 95 2
48 96 4
48 97 1
48 98 5
48 99 3
49 50 3
49 51 1
49 52 4
49 53 5
49 54 4
49 55 3
49 56 5
49 57 3
49 58 2
49 59 1
49 60 3
49 61 1
49 62 2
49 63 4
49 64 2
49 65 2
49 66 4
49 67 4
49 68 3
49 69 4
49 70 3
49 71 4
49 72 4
49 73 4
49 74 5
49 75 3
49 76 4
49 77 4
49 78 4
49 79 2
49 80 3
49 81 2
49 82 4
49 83 4
49 84 1
49 85 3
49 86 5
49 87 1
49 88 5
49 89 4
49 90 3
49 91 4
49 92 3
49 93 4
49 94 3
49 95 3
49 96 1
49 97 4
49 98 1
49 99 3
50 51 2
50 52 1
50 53 2
50 54 1
50 55 2
50 56 3
50 57 3
50 58 3
50 59 2
50 60 3
50 61 2
50 62 2
50 63 2
50 64 1
50 65 3
50 66 2
50 67 1
50 68 1
50 69 2
50 70 3
50 71 1
50 72 3
50 73 5
50 74 2
50 75 2
50 76 2
50 77 4
50 78 2
50 79 1
50 80 1
50 81 2
50 82 2
50 83 3
50 84 3
50 85 1
50 86 3
50 87 3
50 88 3
50 89 2
50 90 2
50 91 1
50 92 3
50 93 4
50 94 3
50 95 1
50 96 2
50 97 3
50 98 3
50 99 3
51 52 3
51 53 4
51 54 3
51 55 2
51 56 4
51 57 2
51 58 2
51 59 1
51 60 2
51 61 1
51 62 2
51 63 3
51 64 1
51 65 1
51 66 3
51 67 3
51 68 2
51 69 3
51 70 2
51 71 3
51 72 3
51 73 4
51 74 4
51 75 2
51 76 3
51 77 4
51 78 3
51 79 2
51 80 2
51 81 1
51 82 3
51 83 3
51 84 1
51 85 2
51 86 4
51 87 1
51 88 4
51 89 3
51 90 2
51 91 3
51 92 3
51 93 4
51 94 2
51 95 2
51 96 1
51 97 3
51 98 1
51 99 3
52 53 2
52 54 1
52 55 2
52 56 3
52 57 4
52 58 3
52 59 3
52 60 3
52 61 3
52 62 2
52 63 2
52 64 2
52 65 4
52 66 2
52 67 1
52 68 1
52 69 2
52 70 4
52 71 1
52 72 3
52 73 5
52 74 2
52 75 3
52 76 2
52 77 4
52 78 2
52 79 2
52 80 1
52 81 2
52 82 2
52 83 3
52 84 4
52 85 1
52 86 3
52 87 3
52 88 3
52 89 2
52 90 2
52 91 1
52 92 3
52 93 4
52 94 4
52 95 1
52 96 3
52 97 3
52 98 4
52 99 4
53 54 2
53 55 2
53 56 2
53 57 3
53 58 4
53 59 4
53 60 3
53 61 4
53 62 3
53 63 1
53 64 3
53 65 4
53 66 2
53 67 1
53 68 2
53 69 1
53 70 4
53 71 2
53 72 3
53 73 4
53 74 1
53 75 3
53 76 3
53 77 4
53 78 2
53 79 3
53 80 3
53 81 3
53 82 2
53 83 2
53 84 5
53 85 3
53 86 3
53 87 4
53 88 2
53 89 2
53 90 2
53 91 2
53 92 3
53 93 3
53 94 4
53 95 2
53 96 4
53 97 2
53 98 5
53 99 3
54 55 2
54 56 3
54 57 3
54 58 3
54 59 3
54 60 2
54 61 3
54 62 2
54 63 2
54 64 2
54 65 4
54 66 2
54 67 1
54 68 1
54 69 2
54 70 4
54 71 1
54 72 3
54 73 4
54 74 2
54 75 3
54 76 2
54 77 4
54 78 2
54 79 2
54 80 1
54 81 2
54 82 2
54 83 3
54 84 4
54 85 2
54 86 3
54 87 3
54 88 3
54 89 2
54 90 1
54 91 1
54 92 3
54 93 3
54 94 4
54 95 1
54 96 3
54 97 2
54 98 4
54 99 3
55 56 2
55 57 2
55 58 2
55 59 3
55 60 1
55 61 2
55 62 2
55 63 2
55 64 2
55 65 2
55 66 1
55 67 2
55 68 2
55 69 1
55 70 2
55 71 2
55 72 2
55 73 3
55 74 2
55 75 1
55 76 3
55 77 3
55 78 1
55 79 2
55 80 1
55 81 2
55 82 1
55 83 1
55 84 3
55 85 3
55 86 2
55 87 3
55 88 2
55 89 1
55 90 1
55 91 2
55 92 1
55 93 2
55 94 2
55 95 1
55 96 3
55 97 1
55 98 3
55 99 2
56 57 3
56 58 3
56 59 4
56 60 2
56 61 4
56 62 4
56 63 1
56 64 3
56 65 4
56 66 1
56 67 2
56 68 2
56 69 1
56 70 4
56 71 3
56 72 2
56 73 3
56 74 1
56 75 3
56 76 4
56 77 2
56 78 2
56 79 4
56 80 3
56 81 4
56 82 1
56 83 1
56 84 5
56 85 4
56 86 1
56 87 5
56 88 1
56 89 2
56 90 2
56 91 3
56 92 3
56 93 2
56 94 4
56 95 2
56 96 4
56 97 1
56 98 5
56 99 3
57 58 1
57 59 3
57 60 1
57 61 2
57 62 3
57 63 3
57 64 3
57 65 1
57 66 2
57 67 3
57 68 3
57 69 2
57 70 1
57 71 4
57 72 2
57 73 2
57 74 3
57 75 1
57 76 5
57 77 2
57 78 2
57 79 4
57 80 3
57 81 3
57 82 2
57 83 2
57 84 3
57 85 4
57 86 3
57 87 3
57 88 3
57 89 2
57 90 2
57 91 4
57 92 1
57 93 2
57 94 1
57 95 3
57 96 3
57 97 2
57 98 2
57 99 1
58 59 2
58 60 1
58 61 2
58 62 3
58 63 3
58 64 2
58 65 1
58 66 2
58 67 3
58 68 3
58 69 3
58 70 1
58 71 3
58 72 2
58 73 2
58 74 3
58 75 1
58 76 4
58 77 2
58 78 2
58 79 3
58 80 2
58 81 2
58 82 2
58 83 2
58 84 2
58 85 3
58 86 3
58 87 2
58 88 3
58 89 2
58 90 2
58 91 4
58 92 1
58 93 2
58 94 1
58 95 3
58 96 2
58 97 2
58 98 2
58 99 1
59 60 3
59 61 1
59 62 1
59 63 3
59 64 1
59 65 2
59 66 3
59 67 3
59 68 2
59 69 3
59 70 3
59 71 3
59 72 4
59 73 4
59 74 4
59 75 3
59 76 3
59 77 4
59 78 3
59 79 1
59 80 2
59 81 1
59 82 4
59 83 4
59 84 1
59 85 2
59 86 5
59 87 1
59 88 4
59 89 4
59 90 3
59 91 3
59 92 3
59 93 4
59 94 3
59 95 2
59 96 1
59 97 4
59 98 1
59 99 3
60 61 2
60 62 3
60 63 2
60 64 2
60 65 2
60 66 1
60 67 2
60 68 2
60 69 2
60 70 2
60 71 3
60 72 1
60 73 2
60 74 2
60 75 1
60 76 4
60 77 2
60 78 1
60 79 3
60 80 2
60 81 2
60 82 1
60 83 1
60 84 3
60 85 3
60 86 2
60 87 3
60 88 2
60 89 1
60 90 1
60 91 3
60 92 1
60 93 2
60 94 2
60 95 2
60 96 3
60 97 1
60 98 3
60 99 1
61 62 1
61 63 3
61 64 1
61 65 1
61 66 3
61 67 3
61 68 2
61 69 3
61 70 2
61 71 3
61 72 3
61 73 4
61 74 4
61 75 2
61 76 3
61 77 4
61 78 3
61 79 2
61 80 2
61 81 1
61 82 3
61 83 3
61 84 1
61 85 2
61 86 4
61 87 1
61 88 4
61 89 3
61 90 2
61 91 3
61 92 3
61 93 4
61 94 2
61 95 2
61 96 1
61 97 3
61 98 2
61 99 3
62 63 3
62 64 1
62 65 2
62 66 3
62 67 2
62 68 2
62 69 3
62 70 3
62 71 2
62 72 4
62 73 5
62 74 3
62 75 3
62 76 2
62 77 5
62 78 3
62 79 1
62 80 1
62 81 1
62 82 3
62 83 3
62 84 2
62 85 1
62 86 4
62 87 1
62 88 4
62 89 3
62 90 2
62 91 2
62 92 3
62 93 4
62 94 3
62 95 2
62 96 1
62 97 3
62 98 2
62 99 4
63 64 2
63 65 4
63 66 1
63 67 1
63 68 1
63 69 1
63 70 3
63 71 2
63 72 2
63 73 4
63 74 1
63 75 2
63 76 3
63 77 3
63 78 1
63 79 3
63 80 2
63 81 3
63 82 1
63 83 2
63 84 4
63 85 3
63 86 2
63 87 4
63 88 1
63 89 1
63 90 1
63 91 2
63 92 3
63 93 3
63 94 4
63 95 1
63 96 3
63 97 1
63 98 4
63 99 3
64 65 2
64 66 2
64 67 2
64 68 1
64 69 2
64 70 3
64 71 2
64 72 3
64 73 4
64 74 3
64 75 2
64 76 2
64 77 4
64 78 2
64 79 1
64 80 1
64 81 1
64 82 3
64 83 3
64 84 2
64 85 1
64 86 4
64 87 2
64 88 3
64 89 3
64 90 2
64 91 2
64 92 3
64 93 4
64 94 3
64 95 1
64 96 1
64 97 3
64 98 2
64 99 3
65 66 3
65 67 4
65 68 3
65 69 3
65 70 1
65 71 4
65 72 3
65 73 3
65 74 4
65 75 2
65 76 4
65 77 3
65 78 3
65 79 3
65 80 3
65 81 2
65 82 3
65 83 3
65 84 2
65 85 3
65 86 4
65 87 2
65 88 4
65 89 3
65 90 3
65 91 4
65 92 2
65 93 3
65 94 1
65 95 3
65 96 2
65 97 3
65 98 1
65 99 2
66 67 1
66 68 2
66 69 1
66 70 3
66 71 2
66 72 2
66 73 3
66 74 1
66 75 2
66 76 3
66 77 3
66 78 1
66 79 3
66 80 2
66 81 3
66 82 1
66 83 1
66 84 4
66 85 3
66 86 2
66 87 4
66 88 1
66 89 1
66 90 1
66 91 2
66 92 2
66 93 2
66 94 3
66 95 1
66 96 3
66 97 1
66 98 4
66 99 2
67 68 1
67 69 1
67 70 4
67 71 1
67 72 3
67 73 4
67 74 1
67 75 3
67 76 2
67 77 4
67 78 1
67 79 2
67 80 2
67 81 2
67 82 2
67 83 2
67 84 4
67 85 2
67 86 3
67 87 3
67 88 2
67 89 2
67 90 1
67 91 1
67 92 3
67 93 3
67 94 4
67 95 1
67 96 3
67 97 2
67 98 4
67 99 3
68 69 2
68 70 3
68 71 1
68 72 3
68 73 4
68 74 2
68 75 2
68 76 2
68 77 4
68 78 2
68 79 2
68 80 1
68 81 2
68 82 2
68 83 3
68 84 3
68 85 2
68 86 3
68 87 3
68 88 2
68 89 2
68 90 1
68 91 1
68 92 3
68 93 3
68 94 3
68 95 1
68 96 2
68 97 2
68 98 3
68 99 3
69 70 3
69 71 2
69 72 2
69 73 3
69 74 1
69 75 2
69 76 3
69 77 3
69 78 1
69 79 3
69 80 2
69 81 3
69 82 1
69 83 1
69 84 4
69 85 3
69 86 2
69 87 4
69 88 1
69 89 1
69 90 1
69 91 2
69 92 2
69 93 2
69 94 3
69 95 1
69 96 3
69 97 1
69 98 4
69 99 2
70 71 4
70 72 3
70 73 2
70 74 4
70 75 1
70 76 5
70 77 2
70 78 3
70 79 4
70 80 3
70 81 3
70 82 3
70 83 3
70 84 3
70 85 4
70 86 3
70 87 3
70 88 4
70 89 2
70 90 3
70 91 4
70 92 1
70 93 2
70 94 1
70 95 3
70 96 3
70 97 3
70 98 2
70 99 1
71 72 3
71 73 5
71 74 2
71 75 3
71 76 2
71 77 4
71 78 2
71 79 2
71 80 2
71 81 2
71 82 2
71 83 3
71 84 4
71 85 2
71 86 3
71 87 3
71 88 3
71 89 2
71 90 2
71 91 1
71 92 3
71 93 4
71 94 4
71 95 1
71 96 3
71 97 3
71 98 4
71 99 4
72 73 2
72 74 3
72 75 2
72 76 5
72 77 1
72 78 2
72 79 4
72 80 3
72 81 3
72 82 1
72 83 1
72 84 4
72 85 4
72 86 1
72 87 4
72 88 2
72 89 1
72 90 2
72 91 4
72 92 2
72 93 1
72 94 3
72 95 3
72 96 4
72 97 1
72 98 4
72 99 2
73 74 4
73 75 3
73 76 6
73 77 1
73 78 3
73 79 5
73 80 4
73 81 4
73 82 3
73 83 2
73 84 4
73 85 5
73 86 2
73 87 4
73 88 3
73 89 3
73 90 3
73 91 5
73 92 2
73 93 1
73 94 2
73 95 4
73 96 4
73 97 3
73 98 4
73 99 2
74 75 3
74 76 3
74 77 3
74 78 2
74 79 3
74 80 3
74 81 3
74 82 2
74 83 2
74 84 5
74 85 3
74 86 2
74 87 4
74 88 1
74 89 2
74 90 2
74 91 2
74 92 3
74 93 3
74 94 4
74 95 2
74 96 4
74 97 2
74 98 5
74 99 3
75 76 4
75 77 2
75 78 2
75 79 3
75 80 2
75 81 2
75 82 2
75 83 2
75 84 3
75 85 3
75 86 3
75 87 3
75 88 3
75 89 1
75 90 2
75 91 3
75 92 1
75 93 2
75 94 2
75 95 2
75 96 3
75 97 2
75 98 3
75 99 1
76 77 6
76 78 3
76 79 2
76 80 2
76 81 3
76 82 4
76 83 4
76 84 4
76 85 1
76 86 5
76 87 3
76 88 4
76 89 4
76 90 3
76 91 2
76 92 4
76 93 5
76 94 5
76 95 2
76 96 3
76 97 4
76 98 4
76 99 5
77 78 3
77 79 5
77 80 4
77 81 4
77 82 2
77 83 2
77 84 4
77 85 5
77 86 1
77 87 4
77 88 2
77 89 2
77 90 3
77 91 5
77 92 2
77 93 1
77 94 2
77 95 4
77 96 4
77 97 2
77 98 4
77 99 2
78 79 3
78 80 2
78 81 3
78 82 1
78 83 1
78 84 4
78 85 3
78 86 2
78 87 4
78 88 1
78 89 1
78 90 1
78 91 2
78 92 2
78 93 2
78 94 3
78 95 1
78 96 3
78 97 1
78 98 4
78 99 2
79 80 1
79 81 1
79 82 3
79 83 3
79 84 2
79 85 1
79 86 4
79 87 2
79 88 4
79 89 3
79 90 2
79 91 2
79 92 3
79 93 4
79 94 4
79 95 2
79 96 1
79 97 3
79 98 2
79 99 4
80 81 1
80 82 2
80 83 2
80 84 3
80 85 2
80 86 3
80 87 2
80 88 3
80 89 2
80 90 1
80 91 2
80 92 2
80 93 3
80 94 3
80 95 1
80 96 2
80 97 2
80 98 3
80 99 3
81 82 3
81 83 3
81 84 2
81 85 2
81 86 4
81 87 1
81 88 4
81 89 3
81 90 2
81 91 3
81 92 3
81 93 4
81 94 3
81 95 2
81 96 1
81 97 3
81 98 2
81 99 3
82 83 1
82 84 4
82 85 3
82 86 1
82 87 4
82 88 1
82 89 1
82 90 1
82 91 3
82 92 2
82 93 2
82 94 3
82 95 2
82 96 4
82 97 1
82 98 4
82 99 2
83 84 4
83 85 4
83 86 1
83 87 4
83 88 1
83 89 1
83 90 2
83 91 3
83 92 2
83 93 1
83 94 3
83 95 2
83 96 4
83 97 1
83 98 4
83 99 2
84 85 3
84 86 5
84 87 1
84 88 5
84 89 4
84 90 3
84 91 4
84 92 3
84 93 4
84 94 3
84 95 3
84 96 1
84 97 4
84 98 1
84 99 3
85 86 4
85 87 2
85 88 4
85 89 3
85 90 2
85 91 2
85 92 4
85 93 4
85 94 4
85 95 2
85 96 2
85 97 3
85 98 3
85 99 4
86 87 5
86 88 1
86 89 2
86 90 2
86 91 4
86 92 2
86 93 1
86 94 3
86 95 3
86 96 5
86 97 1
86 98 5
86 99 2
87 88 5
87 89 4
87 90 3
87 91 3
87 92 3
87 93 4
87 94 3
87 95 3
87 96 1
87 97 4
87 98 1
87 99 3
88 89 2
88 90 2
88 91 3
88 92 3
88 93 2
88 94 4
88 95 2
88 96 4
88 97 1
88 98 5
88 99 3
89 90 1
89 91 3
89 92 2
89 93 2
89 94 3
89 95 2
89 96 4
89 97 1
89 98 4
89 99 2
90 91 2
90 92 2
90 93 2
90 94 3
90 95 1
90 96 3
90 97 1
90 98 3
90 99 2
91 92 3
91 93 4
91 94 4
91 95 1
91 96 3
91 97 3
91 98 4
91 99 4
92 93 2
92 94 1
92 95 2
92 96 3
92 97 2
92 98 3
92 99 1
93 94 2
93 95 3
93 96 4
93 97 2
93 98 4
93 99 2
94 95 3
94 96 3
94 97 3
94 98 2
94 99 1
95 96 2
95 97 2
95 98 3
95 99 3
96 97 4
96 98 2
96 99 3
97 98 4
97 99 2
98 99 3
