100 
0 1 5
0 2 6
0 3 5
0 4 2
0 5 1
0 6 5
0 7 7
0 8 3
0 9 7
0 10 6
0 11 5
0 12 2
0 13 2
0 14 2
0 15 4
0 16 2
0 17 4
0 18 6
0 19 6
0 20 1
0 21 1
0 22 5
0 23 7
0 24 2
0 25 4
0 26 4
0 27 3
0 28 2
0 29 3
0 30 2
0 31 6
0 32 1
0 33 1
0 34 4
0 35 2
0 36 4
0 37 2
0 38 5
0 39 4
0 40 7
0 41 4
0 42 3
0 43 4
0 44 2
0 45 1
0 46 2
0 47 3
0 48 7
0 49 6
0 50 5
0 51 4
0 52 5
0 53 2
0 54 1
0 55 4
0 56 1
0 57 4
0 58 6
0 59 3
0 60 1
0 61 1
0 62 4
0 63 2
0 64 4
0 65 5
0 66 7
0 67 4
0 68 3
0 69 2
0 70 4
0 71 3
0 72 3
0 73 4
0 74 4
0 75 3
0 76 3
0 77 7
0 78 3
0 79 5
0 80 4
0 81 2
0 82 1
0 83 7
0 84 3
0 85 1
0 86 5
0 87 1
0 88 4
0 89 5
0 90 6
0 91 1
0 92 2
0 93 4
0 94 3
0 95 5
0 96 2
0 97 1
0 98 6
0 99 3
1 2 1
1 3 2
1 4 4
1 5 5
1 6 3
1 7 5
1 8 5
1 9 4
1 10 4
1 11 7
1 12 5
1 13 5
1 14 5
1 15 2
1 16 5
1 17 3
1 18 2
1 19 2
1 20 6
1 21 5
1 22 3
1 23 5
1 24 4
1 25 7
1 26 4
1 27 6
1 28 6
1 29 6
1 30 4
1 31 3
1 32 5
1 33 5
1 34 1
1 35 4
1 36 3
1 37 6
1 38 2
1 39 3
1 40 4
1 41 6
1 42 4
1 43 4
1 44 6
1 45 5
1 46 5
1 47 6
1 48 5
1 49 4
1 50 2
1 51 4
1 52 2
1 53 3
1 54 5
1 55 2
1 56 5
1 57 2
1 58 2
1 59 3
1 60 5
1 61 5
1 62 1
1 63 6
1 64 7
1 65 1
1 66 4
1 67 1
1 68 3
1 69 5
1 70 7
1 71 7
1 72 5
1 73 2
1 74 4
1 75 5
1 76 2
1 77 4
1 78 4
1 79 2
1 80 6
1 81 6
1 82 5
1 83 4
1 84 5
1 85 5
1 86 4
1 87 5
1 88 3
1 89 1
1 90 4
1 91 5
1 92 6
1 93 2
1 94 5
1 95 7
1 96 5
1 97 4
1 98 4
1 99 4
2 3 3
2 4 5
2 5 5
2 6 4
2 7 6
2 8 6
2 9 5
2 10 5
2 11 8
2 12 6
2 13 6
2 14 6
2 15 3
2 16 6
2 17 2
2 18 1
2 19 1
2 20 6
2 21 5
2 22 4
2 23 6
2 24 4
2 25 8
2 26 5
2 27 7
2 28 7
2 29 7
2 30 5
2 31 4
2 32 5
2 33 5
2 34 2
2 35 5
2 36 4
2 37 7
2 38 1
2 39 2
2 40 5
2 41 7
2 42 5
2 43 3
2 44 6
2 45 5
2 46 4
2 47 7
2 48 6
2 49 5
2 50 2
2 51 5
2 52 2
2 53 4
2 54 6
2 55 2
2 56 6
2 57 2
2 58 1
2 59 4
2 60 6
2 61 5
2 62 2
2 63 7
2 64 8
2 65 1
2 66 5
2 67 2
2 68 4
2 69 5
2 70 8
2 71 8
2 72 6
2 73 3
2 74 3
2 75 6
2 76 3
2 77 5
2 78 3
2 79 3
2 80 7
2 81 6
2 82 6
2 83 5
2 84 6
2 85 5
2 86 5
2 87 5
2 88 4
2 89 2
2 90 5
2 91 5
2 92 6
2 93 3
2 94 6
2 95 8
2 96 6
2 97 5
2 98 5
2 99 5
3 4 3
3 5 5
3 6 1
3 7 3
3 8 3
3 9 2
3 10 2
3 11 5
3 12 3
3 13 4
3 14 4
3 15 2
3 16 4
3 17 4
3 18 4
3 19 4
3 20 5
3 21 5
3 22 1
3 23 3
3 24 4
3 25 5
3 26 2
3 27 4
3 28 5
3 29 4
3 30 4
3 31 1
3 32 4
3 33 4
3 34 1
3 35 3
3 36 1
3 37 4
3 38 3
3 39 4
3 40 2
3 41 4
3 42 2
3 43 5
3 44 6
3 45 4
3 46 4
3 47 4
3 48 3
3 49 2
3 50 1
3 51 2
3 52 1
3 53 3
3 54 5
3 55 1
3 56 5
3 57 2
3 58 4
3 59 2
3 60 4
3 61 5
3 62 1
3 63 5
3 64 5
3 65 2
3 66 2
3 67 2
3 68 3
3 69 4
3 70 5
3 71 5
3 72 3
3 73 2
3 74 5
3 75 3
3 76 2
3 77 2
3 78 4
3 79 1
3 80 4
3 81 5
3 82 5
3 83 2
3 84 3
3 85 4
3 86 2
3 87 4
3 88 2
3 89 2
3 90 2
3 91 4
3 92 5
3 93 1
3 94 3
3 95 5
3 96 4
3 97 4
3 98 2
3 99 3
4 5 2
4 6 3
4 7 5
4 8 3
4 9 5
4 10 5
4 11 4
4 12 2
4 13 1
4 14 2
4 15 2
4 16 2
4 17 3
4 18 5
4 19 5
4 20 2
4 21 2
4 22 4
4 23 5
4 24 1
4 25 4
4 26 3
4 27 4
4 28 3
4 29 3
4 30 1
4 31 4
4 32 1
4 33 1
4 34 3
4 35 1
4 36 3
4 37 3
4 38 4
4 39 3
4 40 5
4 41 3
4 42 2
4 43 3
4 44 3
4 45 1
4 46 1
4 47 4
4 48 6
4 49 5
4 50 3
4 51 3
4 52 4
4 53 1
4 54 2
4 55 3
4 56 2
4 57 3
4 58 5
4 59 1
4 60 1
4 61 2
4 62 3
4 63 3
4 64 4
4 65 4
4 66 5
4 67 3
4 68 1
4 69 1
4 70 4
4 71 4
4 72 2
4 73 2
4 74 3
4 75 2
4 76 2
4 77 5
4 78 2
4 79 3
4 80 4
4 81 2
4 82 2
4 83 5
4 84 3
4 85 1
4 86 4
4 87 1
4 88 3
4 89 4
4 90 4
4 91 1
4 92 2
4 93 2
4 94 2
4 95 4
4 96 2
4 97 1
4 98 5
4 99 2
5 6 5
5 7 7
5 8 3
5 9 7
5 10 6
5 11 5
5 12 3
5 13 2
5 14 2
5 15 3
5 16 2
5 17 3
5 18 5
5 19 5
5 20 2
5 21 1
5 22 5
5 23 7
5 24 1
5 25 5
5 26 5
5 27 4
5 28 3
5 29 4
5 30 2
5 31 6
5 32 1
5 33 2
5 34 4
5 35 3
5 36 5
5 37 3
5 38 4
5 39 3
5 40 7
5 41 5
5 42 4
5 43 3
5 44 2
5 45 1
5 46 1
5 47 4
5 48 7
5 49 6
5 50 5
5 51 4
5 52 5
5 53 3
5 54 1
5 55 4
5 56 2
5 57 4
5 58 5
5 59 3
5 60 2
5 61 1
5 62 4
5 63 3
5 64 5
5 65 5
5 66 7
5 67 4
5 68 2
5 69 1
5 70 5
5 71 4
5 72 3
5 73 3
5 74 3
5 75 4
5 76 3
5 77 7
5 78 2
5 79 5
5 80 4
5 81 1
5 82 2
5 83 7
5 84 3
5 85 1
5 86 5
5 87 1
5 88 5
5 89 5
5 90 6
5 91 1
5 92 1
5 93 4
5 94 3
5 95 5
5 96 2
5 97 2
5 98 6
5 99 4
6 7 2
6 8 3
6 9 2
6 10 2
6 11 5
6 12 3
6 13 4
6 14 4
6 15 2
6 16 4
6 17 5
6 18 5
6 19 5
6 20 5
6 21 5
6 22 1
6 23 2
6 24 4
6 25 5
6 26 2
6 27 4
6 28 5
6 29 4
6 30 4
6 31 1
6 32 4
6 33 4
6 34 2
6 35 3
6 36 1
6 37 4
6 38 4
6 39 5
6 40 2
6 41 4
6 42 2
6 43 5
6 44 6
6 45 4
6 46 4
6 47 4
6 48 3
6 49 2
6 50 2
6 51 2
6 52 2
6 53 3
6 54 5
6 55 2
6 56 5
6 57 3
6 58 5
6 59 2
6 60 4
6 61 5
6 62 2
6 63 5
6 64 5
6 65 3
6 66 2
6 67 3
6 68 3
6 69 4
6 70 5
6 71 5
6 72 3
6 73 3
6 74 5
6 75 3
6 76 2
6 77 2
6 78 4
6 79 1
6 80 4
6 81 5
6 82 5
6 83 2
6 84 3
6 85 4
6 86 2
6 87 4
6 88 1
6 89 3
6 90 1
6 91 4
6 92 5
6 93 1
6 94 3
6 95 5
6 96 4
6 97 4
6 98 2
6 99 2
7 8 5
7 9 1
7 10 1
7 11 6
7 12 5
7 13 5
7 14 5
7 15 4
7 16 6
7 17 7
7 18 7
7 19 7
7 20 7
7 21 7
7 22 2
7 23 1
7 24 6
7 25 6
7 26 3
7 27 6
7 28 7
7 29 5
7 30 6
7 31 2
7 32 6
7 33 6
7 34 4
7 35 5
7 36 3
7 37 5
7 38 6
7 39 7
7 40 1
7 41 5
7 42 4
7 43 7
7 44 8
7 45 6
7 46 6
7 47 6
7 48 1
7 49 1
7 50 4
7 51 3
7 52 4
7 53 5
7 54 6
7 55 4
7 56 6
7 57 5
7 58 7
7 59 4
7 60 6
7 61 7
7 62 4
7 63 6
7 64 6
7 65 5
7 66 2
7 67 5
7 68 5
7 69 6
7 70 6
7 71 6
7 72 4
7 73 5
7 74 7
7 75 4
7 76 4
7 77 1
7 78 6
7 79 3
7 80 6
7 81 7
7 82 6
7 83 1
7 84 5
7 85 6
7 86 2
7 87 6
7 88 3
7 89 5
7 90 1
7 91 6
7 92 7
7 93 3
7 94 5
7 95 6
7 96 5
7 97 6
7 98 1
7 99 4
8 9 5
8 10 4
8 11 2
8 12 1
8 13 2
8 14 2
8 15 4
8 16 2
8 17 5
8 18 7
8 19 7
8 20 3
8 21 3
8 22 3
8 23 5
8 24 3
8 25 2
8 26 2
8 27 1
8 28 2
8 29 1
8 30 2
8 31 4
8 32 2
8 33 2
8 34 4
8 35 2
8 36 2
8 37 1
8 38 6
8 39 5
8 40 5
8 41 2
8 42 1
8 43 5
8 44 4
8 45 3
8 46 3
8 47 2
8 48 5
8 49 4
8 50 4
8 51 2
8 52 4
8 53 3
8 54 3
8 55 4
8 56 2
8 57 5
8 58 7
8 59 4
8 60 2
8 61 3
8 62 4
8 63 2
8 64 2
8 65 5
8 66 5
8 67 5
8 68 4
8 69 3
8 70 2
8 71 2
8 72 1
8 73 5
8 74 5
8 75 1
8 76 4
8 77 5
8 78 4
8 79 4
8 80 1
8 81 4
8 82 2
8 83 5
8 84 1
8 85 3
8 86 3
8 87 2
8 88 2
8 89 5
8 90 4
8 91 2
8 92 4
8 93 3
8 94 1
8 95 2
8 96 1
8 97 2
8 98 4
8 99 1
9 10 2
9 11 6
9 12 5
9 13 5
9 14 5
9 15 4
9 16 6
9 17 6
9 18 6
9 19 6
9 20 7
9 21 7
9 22 2
9 23 1
9 24 6
9 25 6
9 26 3
9 27 6
9 28 7
9 29 5
9 30 6
9 31 1
9 32 6
9 33 6
9 34 3
9 35 5
9 36 3
9 37 5
9 38 5
9 39 6
9 40 1
9 41 5
9 42 4
9 43 7
9 44 8
9 45 6
9 46 6
9 47 6
9 48 1
9 49 1
9 50 3
9 51 3
9 52 3
9 53 5
9 54 6
9 55 3
9 56 6
9 57 4
9 58 6
9 59 4
9 60 6
9 61 7
9 62 3
9 63 6
9 64 6
9 65 4
9 66 1
9 67 4
9 68 5
9 69 6
9 70 6
9 71 6
9 72 4
9 73 4
9 74 7
9 75 4
9 76 4
9 77 1
9 78 6
9 79 3
9 80 6
9 81 7
9 82 6
9 83 1
9 84 5
9 85 6
9 86 2
9 87 6
9 88 3
9 89 4
9 90 1
9 91 6
9 92 7
9 93 3
9 94 5
9 95 6
9 96 5
9 97 6
9 98 1
9 99 4
10 11 5
10 12 4
10 13 4
10 14 4
10 15 4
10 16 5
10 17 6
10 18 6
10 19 6
10 20 6
10 21 6
10 22 1
10 23 1
10 24 6
10 25 5
10 26 2
10 27 5
10 28 6
10 29 4
10 30 5
10 31 2
10 32 5
10 33 5
10 34 3
10 35 4
10 36 2
10 37 4
10 38 5
10 39 6
10 40 2
10 41 4
10 42 3
10 43 7
10 44 7
10 45 5
10 46 6
10 47 5
10 48 2
10 49 1
10 50 3
10 51 2
10 52 3
10 53 5
10 54 5
10 55 3
10 56 5
10 57 4
10 58 6
10 59 4
10 60 5
10 61 6
10 62 3
10 63 5
10 64 5
10 65 4
10 66 3
10 67 4
10 68 5
10 69 6
10 70 5
10 71 5
10 72 3
10 73 4
10 74 7
10 75 3
10 76 4
10 77 2
10 78 6
10 79 3
10 80 5
10 81 7
10 82 5
10 83 2
10 84 4
10 85 5
10 86 1
10 87 5
10 88 2
10 89 4
10 90 1
10 91 5
10 92 7
10 93 3
10 94 4
10 95 5
10 96 4
10 97 5
10 98 1
10 99 3
11 12 3
11 13 4
11 14 4
11 15 6
11 16 4
11 17 7
11 18 8
11 19 8
11 20 5
11 21 5
11 22 4
11 23 6
11 24 5
11 25 2
11 26 3
11 27 3
11 28 4
11 29 2
11 30 4
11 31 5
11 32 4
11 33 4
11 34 6
11 35 3
11 36 4
11 37 3
11 38 7
11 39 7
11 40 6
11 41 1
11 42 3
11 43 7
11 44 6
11 45 5
11 46 5
11 47 3
11 48 6
11 49 5
11 50 6
11 51 3
11 52 6
11 53 4
11 54 5
11 55 6
11 56 4
11 57 6
11 58 8
11 59 5
11 60 4
11 61 5
11 62 6
11 63 4
11 64 1
11 65 7
11 66 6
11 67 6
11 68 5
11 69 5
11 70 2
11 71 4
11 72 3
11 73 6
11 74 7
11 75 2
11 76 5
11 77 6
11 78 6
11 79 6
11 80 1
11 81 6
11 82 4
11 83 6
11 84 3
11 85 5
11 86 4
11 87 4
11 88 4
11 89 7
11 90 5
11 91 4
11 92 6
11 93 5
11 94 3
11 95 1
11 96 3
11 97 4
11 98 5
11 99 3
12 13 1
12 14 1
12 15 4
12 16 1
12 17 4
12 18 6
12 19 6
12 20 3
12 21 3
12 22 3
12 23 5
12 24 2
12 25 3
12 26 2
12 27 2
12 28 3
12 29 2
12 30 1
12 31 4
12 32 2
12 33 2
12 34 4
12 35 1
12 36 2
12 37 1
12 38 5
12 39 4
12 40 5
12 41 2
12 42 1
12 43 4
12 44 4
12 45 2
12 46 3
12 47 2
12 48 5
12 49 4
12 50 4
12 51 2
12 52 4
12 53 2
12 54 2
12 55 4
12 56 2
12 57 4
12 58 6
12 59 3
12 60 1
12 61 3
12 62 4
12 63 2
12 64 3
12 65 5
12 66 5
12 67 4
12 68 3
12 69 3
12 70 3
12 71 2
12 72 1
12 73 4
12 74 4
12 75 1
12 76 3
12 77 5
12 78 3
12 79 4
12 80 2
12 81 4
12 82 2
12 83 5
12 84 1
12 85 2
12 86 3
12 87 2
12 88 2
12 89 5
12 90 4
12 91 2
12 92 4
12 93 3
12 94 1
12 95 3
12 96 1
12 97 2
12 98 4
12 99 1
13 14 1
13 15 3
13 16 1
13 17 4
13 18 6
13 19 6
13 20 2
13 21 2
13 22 3
13 23 5
13 24 2
13 25 3
13 26 3
13 27 3
13 28 2
13 29 2
13 30 1
13 31 4
13 32 1
13 33 1
13 34 4
13 35 1
13 36 3
13 37 2
13 38 5
13 39 4
13 40 5
13 41 3
13 42 2
13 43 4
13 44 3
13 45 1
13 46 2
13 47 3
13 48 5
13 49 4
13 50 4
13 51 2
13 52 5
13 53 2
13 54 2
13 55 4
13 56 1
13 57 4
13 58 6
13 59 2
13 60 1
13 61 2
13 62 4
13 63 2
13 64 3
13 65 5
13 66 5
13 67 4
13 68 2
13 69 2
13 70 3
13 71 3
13 72 1
13 73 3
13 74 4
13 75 2
13 76 3
13 77 5
13 78 3
13 79 4
13 80 3
13 81 3
13 82 1
13 83 5
13 84 2
13 85 1
13 86 3
13 87 1
13 88 3
13 89 5
13 90 4
13 91 1
13 92 3
13 93 3
13 94 2
13 95 4
13 96 1
13 97 1
13 98 4
13 99 2
14 15 4
14 16 1
14 17 4
14 18 6
14 19 6
14 20 2
14 21 2
14 22 3
14 23 5
14 24 2
14 25 3
14 26 3
14 27 2
14 28 2
14 29 2
14 30 1
14 31 4
14 32 1
14 33 1
14 34 4
14 35 1
14 36 3
14 37 1
14 38 5
14 39 4
14 40 5
14 41 3
14 42 2
14 43 4
14 44 3
14 45 1
14 46 2
14 47 2
14 48 5
14 49 4
14 50 5
14 51 2
14 52 5
14 53 2
14 54 1
14 55 4
14 56 1
14 57 4
14 58 6
14 59 3
14 60 1
14 61 2
14 62 4
14 63 2
14 64 3
14 65 5
14 66 5
14 67 4
14 68 3
14 69 2
14 70 3
14 71 2
14 72 1
14 73 4
14 74 4
14 75 2
14 76 3
14 77 5
14 78 3
14 79 5
14 80 3
14 81 3
14 82 1
14 83 5
14 84 2
14 85 1
14 86 3
14 87 1
14 88 3
14 89 5
14 90 4
14 91 1
14 92 3
14 93 4
14 94 2
14 95 4
14 96 1
14 97 1
14 98 4
14 99 2
15 16 4
15 17 3
15 18 3
15 19 3
15 20 4
15 21 3
15 22 3
15 23 4
15 24 2
15 25 6
15 26 3
15 27 5
15 28 5
15 29 5
15 30 3
15 31 3
15 32 3
15 33 3
15 34 1
15 35 3
15 36 2
15 37 5
15 38 2
15 39 3
15 40 4
15 41 5
15 42 3
15 43 3
15 44 4
15 45 3
15 46 3
15 47 5
15 48 5
15 49 4
15 50 2
15 51 3
15 52 2
15 53 2
15 54 4
15 55 1
15 56 4
15 57 1
15 58 3
15 59 1
15 60 3
15 61 3
15 62 1
15 63 5
15 64 6
15 65 2
15 66 4
15 67 1
15 68 1
15 69 3
15 70 6
15 71 6
15 72 4
15 73 1
15 74 3
15 75 4
15 76 1
15 77 4
15 78 2
15 79 2
15 80 5
15 81 4
15 82 4
15 83 4
15 84 4
15 85 3
15 86 3
15 87 3
15 88 2
15 89 2
15 90 3
15 91 3
15 92 4
15 93 1
15 94 4
15 95 6
15 96 4
15 97 3
15 98 4
15 99 3
16 17 4
16 18 6
16 19 6
16 20 2
16 21 2
16 22 4
16 23 6
16 24 2
16 25 3
16 26 3
16 27 2
16 28 2
16 29 2
16 30 1
16 31 5
16 32 1
16 33 1
16 34 4
16 35 1
16 36 3
16 37 1
16 38 5
16 39 4
16 40 6
16 41 3
16 42 2
16 43 4
16 44 3
16 45 2
16 46 2
16 47 2
16 48 6
16 49 5
16 50 5
16 51 3
16 52 5
16 53 2
16 54 1
16 55 4
16 56 1
16 57 4
16 58 6
16 59 3
16 60 1
16 61 2
16 62 4
16 63 1
16 64 3
16 65 5
16 66 6
16 67 4
16 68 3
16 69 2
16 70 3
16 71 2
16 72 2
16 73 4
16 74 4
16 75 2
16 76 3
16 77 6
16 78 3
16 79 5
16 80 3
16 81 3
16 82 1
16 83 6
16 84 2
16 85 1
16 86 4
16 87 1
16 88 3
16 89 5
16 90 5
16 91 1
16 92 3
16 93 4
16 94 2
16 95 4
16 96 1
16 97 1
16 98 5
16 99 2
17 18 2
17 19 2
17 20 4
17 21 3
17 22 5
17 23 7
17 24 2
17 25 7
17 26 6
17 27 6
17 28 5
17 29 6
17 30 3
17 31 5
17 32 3
17 33 3
17 34 3
17 35 4
17 36 5
17 37 5
17 38 1
17 39 1
17 40 6
17 41 6
17 42 5
17 43 1
17 44 4
17 45 3
17 46 2
17 47 6
17 48 7
17 49 6
17 50 4
17 51 6
17 52 4
17 53 3
17 54 4
17 55 3
17 56 4
17 57 2
17 58 2
17 59 3
17 60 4
17 61 3
17 62 3
17 63 5
17 64 7
17 65 3
17 66 6
17 67 3
17 68 2
17 69 3
17 70 7
17 71 6
17 72 5
17 73 3
17 74 1
17 75 5
17 76 3
17 77 6
17 78 1
17 79 4
17 80 6
17 81 4
17 82 4
17 83 6
17 84 5
17 85 3
17 86 6
17 87 3
17 88 5
17 89 4
17 90 6
17 91 3
17 92 4
17 93 4
17 94 5
17 95 7
17 96 4
17 97 3
17 98 6
17 99 5
18 19 1
18 20 6
18 21 5
18 22 5
18 23 7
18 24 4
18 25 8
18 26 6
18 27 8
18 28 7
18 29 7
18 30 5
18 31 5
18 32 5
18 33 5
18 34 3
18 35 5
18 36 5
18 37 7
18 38 1
18 39 2
18 40 6
18 41 7
18 42 6
18 43 3
18 44 6
18 45 5
18 46 4
18 47 8
18 48 7
18 49 6
18 50 3
18 51 6
18 52 3
18 53 4
18 54 6
18 55 3
18 56 6
18 57 2
18 58 1
18 59 4
18 60 6
18 61 5
18 62 3
18 63 7
18 64 8
18 65 2
18 66 6
18 67 3
18 68 4
18 69 5
18 70 8
18 71 8
18 72 6
18 73 3
18 74 3
18 75 6
18 76 3
18 77 6
18 78 3
18 79 4
18 80 8
18 81 6
18 82 6
18 83 6
18 84 7
18 85 5
18 86 6
18 87 5
18 88 5
18 89 3
18 90 6
18 91 5
18 92 6
18 93 4
18 94 6
18 95 8
18 96 6
18 97 5
18 98 6
18 99 6
19 20 6
19 21 5
19 22 5
19 23 7
19 24 4
19 25 8
19 26 6
19 27 8
19 28 7
19 29 7
19 30 5
19 31 5
19 32 5
19 33 5
19 34 3
19 35 5
19 36 5
19 37 7
19 38 1
19 39 2
19 40 6
19 41 7
19 42 6
19 43 3
19 44 6
19 45 5
19 46 4
19 47 8
19 48 7
19 49 6
19 50 3
19 51 6
19 52 3
19 53 4
19 54 6
19 55 3
19 56 6
19 57 2
19 58 1
19 59 4
19 60 6
19 61 5
19 62 3
19 63 7
19 64 8
19 65 2
19 66 6
19 67 3
19 68 4
19 69 5
19 70 8
19 71 8
19 72 6
19 73 3
19 74 3
19 75 6
19 76 3
19 77 6
19 78 3
19 79 4
19 80 8
19 81 6
19 82 6
19 83 6
19 84 7
19 85 5
19 86 6
19 87 5
19 88 5
19 89 3
19 90 6
19 91 5
19 92 6
19 93 4
19 94 6
19 95 8
19 96 6
19 97 5
19 98 6
19 99 6
20 21 1
20 22 5
20 23 7
20 24 2
20 25 4
20 26 4
20 27 3
20 28 2
20 29 3
20 30 2
20 31 6
20 32 2
20 33 1
20 34 5
20 35 3
20 36 5
20 37 2
20 38 5
20 39 4
20 40 7
20 41 4
20 42 4
20 43 4
20 44 1
20 45 1
20 46 2
20 47 3
20 48 7
20 49 6
20 50 5
20 51 4
20 52 6
20 53 3
20 54 1
20 55 5
20 56 1
20 57 5
20 58 6
20 59 3
20 60 2
20 61 2
20 62 5
20 63 2
20 64 4
20 65 6
20 66 7
20 67 5
20 68 3
20 69 2
20 70 4
20 71 3
20 72 3
20 73 4
20 74 4
20 75 3
20 76 4
20 77 7
20 78 3
20 79 5
20 80 4
20 81 3
20 82 1
20 83 7
20 84 3
20 85 1
20 86 5
20 87 1
20 88 5
20 89 6
20 90 6
20 91 1
20 92 3
20 93 4
20 94 3
20 95 5
20 96 2
20 97 2
20 98 6
20 99 4
21 22 5
21 23 7
21 24 1
21 25 5
21 26 5
21 27 4
21 28 3
21 29 4
21 30 2
21 31 6
21 32 1
21 33 1
21 34 4
21 35 3
21 36 5
21 37 3
21 38 4
21 39 3
21 40 7
21 41 5
21 42 4
21 43 3
21 44 1
21 45 1
21 46 1
21 47 4
21 48 7
21 49 6
21 50 5
21 51 4
21 52 5
21 53 3
21 54 1
21 55 4
21 56 2
21 57 4
21 58 5
21 59 3
21 60 2
21 61 1
21 62 4
21 63 3
21 64 5
21 65 5
21 66 7
21 67 4
21 68 2
21 69 1
21 70 5
21 71 4
21 72 3
21 73 3
21 74 3
21 75 4
21 76 3
21 77 7
21 78 2
21 79 5
21 80 4
21 81 2
21 82 1
21 83 7
21 84 3
21 85 1
21 86 5
21 87 1
21 88 5
21 89 5
21 90 6
21 91 1
21 92 2
21 93 4
21 94 3
21 95 5
21 96 2
21 97 2
21 98 6
21 99 4
22 23 2
22 24 5
22 25 4
22 26 1
22 27 4
22 28 5
22 29 3
22 30 4
22 31 1
22 32 4
22 33 4
22 34 2
22 35 3
22 36 1
22 37 3
22 38 4
22 39 5
22 40 2
22 41 3
22 42 2
22 43 6
22 44 6
22 45 4
22 46 5
22 47 4
22 48 2
22 49 1
22 50 2
22 51 1
22 52 2
22 53 4
22 54 4
22 55 2
22 56 4
22 57 3
22 58 5
22 59 3
22 60 4
22 61 5
22 62 2
22 63 4
22 64 4
22 65 3
22 66 2
22 67 3
22 68 4
22 69 5
22 70 4
22 71 4
22 72 2
22 73 3
22 74 6
22 75 2
22 76 3
22 77 2
22 78 5
22 79 2
22 80 4
22 81 6
22 82 4
22 83 2
22 84 3
22 85 4
22 86 1
22 87 4
22 88 1
22 89 3
22 90 1
22 91 4
22 92 6
22 93 2
22 94 3
22 95 4
22 96 3
22 97 4
22 98 1
22 99 2
23 24 6
23 25 6
23 26 3
23 27 6
23 28 7
23 29 5
23 30 6
23 31 2
23 32 6
23 33 6
23 34 4
23 35 5
23 36 3
23 37 5
23 38 6
23 39 7
23 40 1
23 41 5
23 42 4
23 43 7
23 44 8
23 45 6
23 46 6
23 47 6
23 48 1
23 49 1
23 50 4
23 51 3
23 52 4
23 53 5
23 54 6
23 55 4
23 56 6
23 57 5
23 58 7
23 59 4
23 60 6
23 61 7
23 62 4
23 63 6
23 64 6
23 65 5
23 66 2
23 67 5
23 68 5
23 69 6
23 70 6
23 71 6
23 72 4
23 73 5
23 74 7
23 75 4
23 76 4
23 77 2
23 78 6
23 79 3
23 80 6
23 81 7
23 82 6
23 83 2
23 84 5
23 85 6
23 86 2
23 87 6
23 88 3
23 89 5
23 90 1
23 91 6
23 92 7
23 93 3
23 94 5
23 95 6
23 96 5
23 97 6
23 98 1
23 99 4
24 25 5
24 26 4
24 27 4
24 28 3
24 29 4
24 30 1
24 31 5
24 32 1
24 33 1
24 34 3
24 35 2
24 36 4
24 37 3
24 38 3
24 39 2
24 40 6
24 41 4
24 42 3
24 43 2
24 44 2
24 45 1
24 46 1
24 47 4
24 48 7
24 49 6
24 50 4
24 51 4
24 52 4
24 53 2
24 54 2
24 55 3
24 56 2
24 57 3
24 58 4
24 59 2
24 60 2
24 61 1
24 62 3
24 63 3
24 64 5
24 65 4
24 66 6
24 67 3
24 68 1
24 69 1
24 70 5
24 71 4
24 72 3
24 73 2
24 74 2
24 75 3
24 76 2
24 77 6
24 78 1
24 79 4
24 80 4
24 81 2
24 82 2
24 83 6
24 84 3
24 85 1
24 86 5
24 87 1
24 88 4
24 89 4
24 90 5
24 91 1
24 92 2
24 93 3
24 94 3
24 95 5
24 96 2
24 97 1
24 98 6
24 99 3
25 26 3
25 27 2
25 28 2
25 29 1
25 30 4
25 31 5
25 32 4
25 33 4
25 34 6
25 35 3
25 36 4
25 37 2
25 38 7
25 39 7
25 40 6
25 41 2
25 42 3
25 43 7
25 44 5
25 45 4
25 46 5
25 47 1
25 48 6
25 49 5
25 50 6
25 51 3
25 52 6
25 53 4
25 54 4
25 55 6
25 56 3
25 57 6
25 58 8
25 59 5
25 60 4
25 61 5
25 62 6
25 63 2
25 64 2
25 65 7
25 66 6
25 67 6
25 68 5
25 69 5
25 70 1
25 71 2
25 72 2
25 73 6
25 74 7
25 75 2
25 76 5
25 77 6
25 78 6
25 79 6
25 80 1
25 81 6
25 82 4
25 83 6
25 84 2
25 85 4
25 86 4
25 87 4
25 88 4
25 89 7
25 90 5
25 91 4
25 92 6
25 93 5
25 94 2
25 95 1
25 96 3
25 97 4
25 98 5
25 99 3
26 27 3
26 28 4
26 29 2
26 30 3
26 31 2
26 32 4
26 33 4
26 34 3
26 35 2
26 36 1
26 37 2
26 38 5
26 39 6
26 40 3
26 41 2
26 42 1
26 43 6
26 44 5
26 45 4
26 46 4
26 47 3
26 48 3
26 49 2
26 50 3
26 51 1
26 52 3
26 53 3
26 54 4
26 55 3
26 56 3
26 57 4
26 58 6
26 59 3
26 60 3
26 61 5
26 62 3
26 63 3
26 64 3
26 65 4
26 66 3
26 67 4
26 68 4
26 69 4
26 70 3
26 71 3
26 72 2
26 73 4
26 74 6
26 75 1
26 76 3
26 77 3
26 78 5
26 79 3
26 80 3
26 81 5
26 82 4
26 83 3
26 84 2
26 85 4
26 86 1
26 87 4
26 88 1
26 89 4
26 90 2
26 91 4
26 92 5
26 93 2
26 94 2
26 95 3
26 96 3
26 97 3
26 98 2
26 99 1
27 28 1
27 29 1
27 30 3
27 31 5
27 32 3
27 33 3
27 34 5
27 35 3
27 36 3
27 37 1
27 38 7
27 39 6
27 40 6
27 41 2
27 42 2
27 43 6
27 44 4
27 45 3
27 46 4
27 47 1
27 48 6
27 49 5
27 50 5
27 51 3
27 52 5
27 53 4
27 54 3
27 55 5
27 56 2
27 57 6
27 58 8
27 59 5
27 60 3
27 61 4
27 62 5
27 63 1
27 64 2
27 65 6
27 66 6
27 67 6
27 68 5
27 69 4
27 70 2
27 71 1
27 72 2
27 73 6
27 74 6
27 75 2
27 76 5
27 77 6
27 78 5
27 79 5
27 80 2
27 81 5
27 82 3
27 83 6
27 84 1
27 85 3
27 86 4
27 87 3
27 88 3
27 89 6
27 90 5
27 91 3
27 92 5
27 93 4
27 94 2
27 95 3
27 96 2
27 97 3
27 98 5
27 99 2
28 29 2
28 30 2
28 31 6
28 32 2
28 33 2
28 34 5
28 35 3
28 36 4
28 37 2
28 38 6
28 39 5
28 40 7
28 41 3
28 42 3
28 43 5
28 44 3
28 45 3
28 46 3
28 47 1
28 48 7
28 49 6
28 50 6
28 51 4
28 52 6
28 53 3
28 54 2
28 55 5
28 56 1
28 57 5
28 58 7
28 59 4
28 60 2
28 61 3
28 62 5
28 63 1
28 64 3
28 65 6
28 66 7
28 67 5
28 68 4
28 69 3
28 70 2
28 71 1
28 72 3
28 73 5
28 74 5
28 75 3
28 76 4
28 77 7
28 78 4
28 79 6
28 80 3
28 81 4
28 82 2
28 83 7
28 84 2
28 85 2
28 86 5
28 87 2
28 88 4
28 89 6
28 90 6
28 91 2
28 92 4
28 93 5
28 94 3
28 95 3
28 96 2
28 97 2
28 98 6
28 99 3
29 30 3
29 31 4
29 32 3
29 33 3
29 34 5
29 35 2
29 36 3
29 37 1
29 38 6
29 39 6
29 40 5
29 41 1
29 42 2
29 43 6
29 44 4
29 45 3
29 46 4
29 47 1
29 48 5
29 49 4
29 50 5
29 51 2
29 52 5
29 53 3
29 54 3
29 55 5
29 56 2
29 57 5
29 58 7
29 59 4
29 60 3
29 61 4
29 62 5
29 63 2
29 64 1
29 65 6
29 66 5
29 67 5
29 68 4
29 69 4
29 70 1
29 71 2
29 72 1
29 73 5
29 74 6
29 75 1
29 76 4
29 77 5
29 78 5
29 79 5
29 80 1
29 81 5
29 82 3
29 83 5
29 84 1
29 85 3
29 86 3
29 87 3
29 88 3
29 89 6
29 90 4
29 91 3
29 92 5
29 93 4
29 94 1
29 95 2
29 96 2
29 97 3
29 98 4
29 99 2
30 31 5
30 32 1
30 33 1
30 34 3
30 35 1
30 36 3
30 37 2
30 38 4
30 39 3
30 40 6
30 41 3
30 42 2
30 43 3
30 44 3
30 45 1
30 46 2
30 47 3
30 48 6
30 49 5
30 50 4
30 51 3
30 52 4
30 53 1
30 54 2
30 55 3
30 56 1
30 57 3
30 58 5
30 59 2
30 60 1
30 61 2
30 62 3
30 63 2
30 64 4
30 65 4
30 66 6
30 67 3
30 68 2
30 69 2
30 70 4
30 71 3
30 72 2
30 73 3
30 74 3
30 75 2
30 76 2
30 77 6
30 78 2
30 79 4
30 80 3
30 81 3
30 82 1
30 83 6
30 84 2
30 85 1
30 86 4
30 87 1
30 88 3
30 89 4
30 90 5
30 91 1
30 92 3
30 93 3
30 94 2
30 95 4
30 96 1
30 97 1
30 98 5
30 99 2
31 32 5
31 33 5
31 34 2
31 35 4
31 36 2
31 37 4
31 38 4
31 39 5
31 40 1
31 41 4
31 42 3
31 43 6
31 44 7
31 45 5
31 46 5
31 47 5
31 48 2
31 49 1
31 50 2
31 51 2
31 52 2
31 53 4
31 54 5
31 55 2
31 56 5
31 57 3
31 58 5
31 59 3
31 60 5
31 61 6
31 62 2
31 63 5
31 64 5
31 65 3
31 66 1
31 67 3
31 68 4
31 69 5
31 70 5
31 71 5
31 72 3
31 73 3
31 74 6
31 75 3
31 76 3
31 77 1
31 78 5
31 79 2
31 80 5
31 81 6
31 82 5
31 83 1
31 84 4
31 85 5
31 86 2
31 87 5
31 88 2
31 89 3
31 90 1
31 91 5
31 92 6
31 93 2
31 94 4
31 95 5
31 96 4
31 97 5
31 98 1
31 99 3
32 33 1
32 34 4
32 35 2
32 36 4
32 37 2
32 38 4
32 39 3
32 40 6
32 41 4
32 42 3
32 43 3
32 44 2
32 45 1
32 46 1
32 47 3
32 48 6
32 49 5
32 50 4
32 51 3
32 52 5
32 53 2
32 54 1
32 55 4
32 56 1
32 57 4
32 58 5
32 59 2
32 60 1
32 61 1
32 62 4
32 63 2
32 64 4
32 65 5
32 66 6
32 67 4
32 68 2
32 69 1
32 70 4
32 71 3
32 72 2
32 73 3
32 74 3
32 75 3
32 76 3
32 77 6
32 78 2
32 79 4
32 80 3
32 81 2
32 82 1
32 83 6
32 84 2
32 85 1
32 86 4
32 87 1
32 88 4
32 89 5
32 90 5
32 91 1
32 92 2
32 93 3
32 94 2
32 95 4
32 96 1
32 97 1
32 98 5
32 99 3
33 34 4
33 35 2
33 36 4
33 37 2
33 38 4
33 39 3
33 40 6
33 41 4
33 42 3
33 43 3
33 44 2
33 45 1
33 46 2
33 47 3
33 48 6
33 49 5
33 50 4
33 51 3
33 52 5
33 53 2
33 54 1
33 55 4
33 56 1
33 57 4
33 58 5
33 59 2
33 60 1
33 61 2
33 62 4
33 63 2
33 64 4
33 65 5
33 66 6
33 67 4
33 68 2
33 69 2
33 70 4
33 71 3
33 72 2
33 73 3
33 74 3
33 75 3
33 76 3
33 77 6
33 78 2
33 79 4
33 80 3
33 81 3
33 82 1
33 83 6
33 84 2
33 85 1
33 86 4
33 87 1
33 88 4
33 89 5
33 90 5
33 91 1
33 92 3
33 93 3
33 94 2
33 95 4
33 96 1
33 97 1
33 98 5
33 99 3
34 35 3
34 36 2
34 37 5
34 38 2
34 39 3
34 40 3
34 41 5
34 42 3
34 43 4
34 44 5
34 45 4
34 46 4
34 47 5
34 48 4
34 49 3
34 50 1
34 51 3
34 52 1
34 53 2
34 54 4
34 55 1
34 56 4
34 57 1
34 58 3
34 59 2
34 60 4
34 61 4
34 62 1
34 63 5
34 64 6
34 65 1
34 66 3
34 67 1
34 68 2
34 69 4
34 70 6
34 71 6
34 72 4
34 73 1
34 74 4
34 75 4
34 76 1
34 77 3
34 78 3
34 79 1
34 80 5
34 81 5
34 82 4
34 83 3
34 84 4
34 85 4
34 86 3
34 87 4
34 88 2
34 89 1
34 90 3
34 91 4
34 92 5
34 93 1
34 94 4
34 95 6
34 96 4
34 97 3
34 98 3
34 99 3
35 36 2
35 37 2
35 38 4
35 39 4
35 40 5
35 41 2
35 42 1
35 43 4
35 44 4
35 45 2
35 46 2
35 47 3
35 48 5
35 49 4
35 50 4
35 51 2
35 52 4
35 53 1
35 54 2
35 55 3
35 56 2
35 57 3
35 58 5
35 59 2
35 60 1
35 61 3
35 62 3
35 63 2
35 64 3
35 65 4
35 66 5
35 67 3
35 68 2
35 69 2
35 70 3
35 71 3
35 72 1
35 73 3
35 74 4
35 75 1
35 76 2
35 77 5
35 78 3
35 79 4
35 80 3
35 81 3
35 82 2
35 83 5
35 84 2
35 85 2
35 86 3
35 87 2
35 88 2
35 89 4
35 90 4
35 91 2
35 92 3
35 93 3
35 94 1
35 95 3
35 96 1
35 97 1
35 98 4
35 99 1
36 37 3
36 38 4
36 39 5
36 40 3
36 41 3
36 42 1
36 43 5
36 44 6
36 45 4
36 46 4
36 47 3
36 48 3
36 49 2
36 50 2
36 51 1
36 52 2
36 53 3
36 54 4
36 55 2
36 56 4
36 57 3
36 58 5
36 59 2
36 60 3
36 61 5
36 62 2
36 63 4
36 64 4
36 65 3
36 66 3
36 67 3
36 68 3
36 69 4
36 70 4
36 71 4
36 72 2
36 73 3
36 74 5
36 75 2
36 76 2
36 77 3
36 78 4
36 79 2
36 80 3
36 81 5
36 82 4
36 83 3
36 84 2
36 85 4
36 86 2
36 87 4
36 88 1
36 89 3
36 90 2
36 91 4
36 92 5
36 93 1
36 94 2
36 95 4
36 96 3
36 97 3
36 98 2
36 99 2
37 38 6
37 39 5
37 40 5
37 41 2
37 42 2
37 43 5
37 44 3
37 45 2
37 46 3
37 47 1
37 48 5
37 49 4
37 50 5
37 51 2
37 52 5
37 53 3
37 54 2
37 55 5
37 56 1
37 57 5
37 58 7
37 59 4
37 60 2
37 61 3
37 62 5
37 63 1
37 64 2
37 65 6
37 66 5
37 67 5
37 68 4
37 69 3
37 70 2
37 71 1
37 72 1
37 73 5
37 74 5
37 75 1
37 76 4
37 77 5
37 78 4
37 79 5
37 80 2
37 81 4
37 82 2
37 83 5
37 84 1
37 85 2
37 86 3
37 87 2
37 88 3
37 89 6
37 90 4
37 91 2
37 92 4
37 93 4
37 94 1
37 95 3
37 96 1
37 97 2
37 98 4
37 99 2
38 39 1
38 40 5
38 41 6
38 42 5
38 43 2
38 44 5
38 45 4
38 46 3
38 47 7
38 48 6
38 49 5
38 50 3
38 51 5
38 52 3
38 53 3
38 54 5
38 55 2
38 56 5
38 57 1
38 58 1
38 59 3
38 60 5
38 61 4
38 62 2
38 63 6
38 64 7
38 65 2
38 66 5
38 67 2
38 68 3
38 69 4
38 70 7
38 71 7
38 72 5
38 73 2
38 74 2
38 75 5
38 76 2
38 77 5
38 78 2
38 79 3
38 80 7
38 81 5
38 82 5
38 83 5
38 84 6
38 85 4
38 86 5
38 87 4
38 88 4
38 89 3
38 90 5
38 91 4
38 92 5
38 93 3
38 94 5
38 95 7
38 96 5
38 97 4
38 98 5
38 99 5
39 40 6
39 41 6
39 42 5
39 43 1
39 44 4
39 45 3
39 46 2
39 47 6
39 48 7
39 49 6
39 50 4
39 51 6
39 52 4
39 53 3
39 54 4
39 55 3
39 56 4
39 57 2
39 58 2
39 59 3
39 60 4
39 61 3
39 62 3
39 63 5
39 64 7
39 65 3
39 66 6
39 67 3
39 68 2
39 69 3
39 70 7
39 71 6
39 72 5
39 73 3
39 74 1
39 75 5
39 76 3
39 77 6
39 78 1
39 79 4
39 80 6
39 81 4
39 82 4
39 83 6
39 84 5
39 85 3
39 86 6
39 87 3
39 88 5
39 89 4
39 90 6
39 91 3
39 92 4
39 93 4
39 94 5
39 95 7
39 96 4
39 97 3
39 98 6
39 99 5
40 41 5
40 42 4
40 43 7
40 44 8
40 45 6
40 46 6
40 47 6
40 48 1
40 49 1
40 50 3
40 51 3
40 52 3
40 53 5
40 54 6
40 55 3
40 56 6
40 57 4
40 58 6
40 59 4
40 60 6
40 61 7
40 62 3
40 63 6
40 64 6
40 65 4
40 66 1
40 67 4
40 68 5
40 69 6
40 70 6
40 71 6
40 72 4
40 73 4
40 74 7
40 75 4
40 76 4
40 77 1
40 78 6
40 79 3
40 80 6
40 81 7
40 82 6
40 83 1
40 84 5
40 85 6
40 86 2
40 87 6
40 88 3
40 89 4
40 90 1
40 91 6
40 92 7
40 93 3
40 94 5
40 95 6
40 96 5
40 97 6
40 98 1
40 99 4
41 42 2
41 43 6
41 44 5
41 45 4
41 46 4
41 47 2
41 48 5
41 49 4
41 50 5
41 51 2
41 52 5
41 53 3
41 54 4
41 55 5
41 56 3
41 57 5
41 58 7
41 59 4
41 60 3
41 61 5
41 62 5
41 63 3
41 64 1
41 65 6
41 66 5
41 67 5
41 68 4
41 69 4
41 70 1
41 71 3
41 72 2
41 73 5
41 74 6
41 75 1
41 76 4
41 77 5
41 78 5
41 79 5
41 80 1
41 81 5
41 82 4
41 83 5
41 84 2
41 85 4
41 86 3
41 87 4
41 88 3
41 89 6
41 90 4
41 91 4
41 92 5
41 93 4
41 94 2
41 95 1
41 96 3
41 97 3
41 98 4
41 99 2
42 43 5
42 44 5
42 45 3
42 46 3
42 47 2
42 48 4
42 49 3
42 50 3
42 51 1
42 52 3
42 53 2
42 54 3
42 55 3
42 56 3
42 57 4
42 58 6
42 59 3
42 60 2
42 61 4
42 62 3
42 63 3
42 64 3
42 65 4
42 66 4
42 67 4
42 68 3
42 69 3
42 70 3
42 71 3
42 72 1
42 73 4
42 74 5
42 75 1
42 76 3
42 77 4
42 78 4
42 79 3
42 80 2
42 81 4
42 82 3
42 83 4
42 84 1
42 85 3
42 86 2
42 87 3
42 88 1
42 89 4
42 90 3
42 91 3
42 92 4
42 93 2
42 94 1
42 95 3
42 96 2
42 97 2
42 98 3
42 99 1
43 44 4
43 45 3
43 46 2
43 47 6
43 48 8
43 49 7
43 50 5
43 51 6
43 52 5
43 53 3
43 54 4
43 55 4
43 56 4
43 57 3
43 58 3
43 59 3
43 60 4
43 61 3
43 62 4
43 63 5
43 64 7
43 65 4
43 66 7
43 67 4
43 68 2
43 69 3
43 70 7
43 71 6
43 72 5
43 73 3
43 74 1
43 75 5
43 76 3
43 77 7
43 78 1
43 79 5
43 80 6
43 81 4
43 82 4
43 83 7
43 84 5
43 85 3
43 86 6
43 87 3
43 88 5
43 89 5
43 90 6
43 91 3
43 92 4
43 93 4
43 94 5
43 95 7
43 96 4
43 97 3
43 98 7
43 99 5
44 45 2
44 46 2
44 47 4
44 48 8
44 49 7
44 50 6
44 51 5
44 52 6
44 53 4
44 54 2
44 55 5
44 56 2
44 57 5
44 58 6
44 59 4
44 60 3
44 61 2
44 62 5
44 63 3
44 64 5
44 65 6
44 66 8
44 67 5
44 68 3
44 69 2
44 70 5
44 71 4
44 72 4
44 73 4
44 74 4
44 75 4
44 76 4
44 77 8
44 78 3
44 79 6
44 80 5
44 81 3
44 82 2
44 83 8
44 84 4
44 85 2
44 86 6
44 87 2
44 88 6
44 89 6
44 90 7
44 91 2
44 92 3
44 93 5
44 94 4
44 95 6
44 96 3
44 97 3
44 98 7
44 99 5
45 46 1
45 47 3
45 48 6
45 49 5
45 50 4
45 51 3
45 52 5
45 53 2
45 54 1
45 55 4
45 56 2
45 57 4
45 58 5
45 59 2
45 60 1
45 61 1
45 62 4
45 63 3
45 64 4
45 65 5
45 66 6
45 67 4
45 68 2
45 69 1
45 70 4
45 71 3
45 72 2
45 73 3
45 74 3
45 75 3
45 76 3
45 77 6
45 78 2
45 79 4
45 80 4
45 81 2
45 82 1
45 83 6
45 84 3
45 85 1
45 86 4
45 87 1
45 88 4
45 89 5
45 90 5
45 91 1
45 92 2
45 93 3
45 94 3
45 95 5
45 96 2
45 97 1
45 98 5
45 99 3
46 47 4
46 48 7
46 49 6
46 50 4
46 51 4
46 52 5
46 53 2
46 54 2
46 55 4
46 56 2
46 57 4
46 58 4
46 59 2
46 60 2
46 61 1
46 62 4
46 63 3
46 64 5
46 65 5
46 66 6
46 67 4
46 68 2
46 69 1
46 70 5
46 71 4
46 72 3
46 73 3
46 74 2
46 75 3
46 76 3
46 77 6
46 78 1
46 79 4
46 80 4
46 81 2
46 82 2
46 83 6
46 84 3
46 85 1
46 86 5
46 87 2
46 88 4
46 89 5
46 90 5
46 91 2
46 92 2
46 93 3
46 94 3
46 95 5
46 96 2
46 97 2
46 98 6
46 99 3
47 48 6
47 49 5
47 50 5
47 51 3
47 52 5
47 53 4
47 54 3
47 55 5
47 56 2
47 57 6
47 58 8
47 59 5
47 60 3
47 61 4
47 62 5
47 63 1
47 64 2
47 65 6
47 66 6
47 67 6
47 68 5
47 69 4
47 70 1
47 71 1
47 72 2
47 73 6
47 74 6
47 75 2
47 76 5
47 77 6
47 78 5
47 79 5
47 80 2
47 81 5
47 82 3
47 83 6
47 84 1
47 85 3
47 86 4
47 87 3
47 88 3
47 89 6
47 90 5
47 91 3
47 92 5
47 93 4
47 94 2
47 95 2
47 96 2
47 97 3
47 98 5
47 99 2
48 49 2
48 50 4
48 51 3
48 52 4
48 53 6
48 54 6
48 55 4
48 56 6
48 57 5
48 58 7
48 59 5
48 60 6
48 61 7
48 62 4
48 63 6
48 64 6
48 65 5
48 66 1
48 67 5
48 68 6
48 69 7
48 70 6
48 71 6
48 72 4
48 73 5
48 74 8
48 75 4
48 76 5
48 77 1
48 78 7
48 79 4
48 80 6
48 81 8
48 82 6
48 83 1
48 84 5
48 85 6
48 86 2
48 87 6
48 88 3
48 89 5
48 90 2
48 91 6
48 92 8
48 93 4
48 94 5
48 95 6
48 96 5
48 97 6
48 98 1
48 99 4
49 50 3
49 51 2
49 52 3
49 53 5
49 54 5
49 55 3
49 56 5
49 57 4
49 58 6
49 59 4
49 60 5
49 61 6
49 62 3
49 63 5
49 64 5
49 65 4
49 66 2
49 67 4
49 68 5
49 69 6
49 70 5
49 71 5
49 72 3
49 73 4
49 74 7
49 75 3
49 76 4
49 77 2
49 78 6
49 79 3
49 80 5
49 81 7
49 82 5
49 83 2
49 84 4
49 85 5
49 86 1
49 87 5
49 88 2
49 89 4
49 90 1
49 91 5
49 92 7
49 93 3
49 94 4
49 95 5
49 96 4
49 97 5
49 98 1
49 99 3
50 51 3
50 52 1
50 53 3
50 54 5
50 55 1
50 56 5
50 57 2
50 58 3
50 59 2
50 60 4
50 61 5
50 62 1
50 63 6
50 64 6
50 65 1
50 66 3
50 67 1
50 68 3
50 69 4
50 70 6
50 71 6
50 72 4
50 73 2
50 74 5
50 75 4
50 76 2
50 77 3
50 78 4
50 79 1
50 80 5
50 81 5
50 82 5
50 83 3
50 84 4
50 85 4
50 86 3
50 87 4
50 88 2
50 89 1
50 90 3
50 91 4
50 92 5
50 93 1
50 94 4
50 95 6
50 96 5
50 97 4
50 98 3
50 99 3
51 52 3
51 53 3
51 54 3
51 55 3
51 56 3
51 57 4
51 58 6
51 59 3
51 60 3
51 61 4
51 62 3
51 63 3
51 64 3
51 65 4
51 66 3
51 67 4
51 68 4
51 69 4
51 70 3
51 71 3
51 72 1
51 73 4
51 74 6
51 75 1
51 76 3
51 77 3
51 78 5
51 79 3
51 80 3
51 81 5
51 82 3
51 83 3
51 84 2
51 85 3
51 86 1
51 87 3
51 88 1
51 89 4
51 90 2
51 91 3
51 92 5
51 93 2
51 94 2
51 95 3
51 96 2
51 97 3
51 98 2
51 99 1
52 53 3
52 54 5
52 55 2
52 56 5
52 57 2
52 58 3
52 59 3
52 60 5
52 61 5
52 62 1
52 63 6
52 64 6
52 65 1
52 66 3
52 67 2
52 68 3
52 69 5
52 70 6
52 71 6
52 72 4
52 73 2
52 74 5
52 75 4
52 76 2
52 77 3
52 78 4
52 79 1
52 80 5
52 81 6
52 82 5
52 83 3
52 84 4
52 85 5
52 86 3
52 87 5
52 88 3
52 89 1
52 90 3
52 91 5
52 92 6
52 93 2
52 94 4
52 95 6
52 96 5
52 97 4
52 98 3
52 99 4
53 54 2
53 55 2
53 56 2
53 57 2
53 58 4
53 59 1
53 60 2
53 61 3
53 62 2
53 63 3
53 64 4
53 65 3
53 66 5
53 67 2
53 68 1
53 69 2
53 70 4
53 71 4
53 72 2
53 73 2
53 74 3
53 75 2
53 76 1
53 77 5
53 78 2
53 79 3
53 80 4
53 81 3
53 82 2
53 83 5
53 84 3
53 85 2
53 86 4
53 87 2
53 88 3
53 89 3
53 90 4
53 91 2
53 92 3
53 93 2
53 94 2
53 95 4
53 96 2
53 97 1
53 98 5
53 99 2
54 55 4
54 56 1
54 57 4
54 58 6
54 59 3
54 60 1
54 61 2
54 62 4
54 63 2
54 64 4
54 65 5
54 66 6
54 67 4
54 68 3
54 69 2
54 70 4
54 71 3
54 72 2
54 73 4
54 74 4
54 75 3
54 76 3
54 77 6
54 78 3
54 79 5
54 80 4
54 81 2
54 82 1
54 83 6
54 84 3
54 85 1
54 86 4
54 87 1
54 88 4
54 89 5
54 90 5
54 91 1
54 92 2
54 93 4
54 94 3
54 95 5
54 96 2
54 97 1
54 98 5
54 99 3
55 56 4
55 57 1
55 58 3
55 59 2
55 60 4
55 61 4
55 62 1
55 63 5
55 64 6
55 65 1
55 66 3
55 67 1
55 68 2
55 69 4
55 70 6
55 71 6
55 72 4
55 73 1
55 74 4
55 75 4
55 76 1
55 77 3
55 78 3
55 79 1
55 80 5
55 81 5
55 82 4
55 83 3
55 84 4
55 85 4
55 86 3
55 87 4
55 88 2
55 89 1
55 90 3
55 91 4
55 92 5
55 93 1
55 94 4
55 95 6
55 96 4
55 97 3
55 98 3
55 99 3
56 57 4
56 58 6
56 59 3
56 60 1
56 61 2
56 62 4
56 63 1
56 64 3
56 65 5
56 66 6
56 67 4
56 68 3
56 69 2
56 70 3
56 71 2
56 72 2
56 73 4
56 74 4
56 75 2
56 76 3
56 77 6
56 78 3
56 79 5
56 80 3
56 81 3
56 82 1
56 83 6
56 84 2
56 85 1
56 86 4
56 87 1
56 88 4
56 89 5
56 90 5
56 91 1
56 92 3
56 93 4
56 94 2
56 95 4
56 96 1
56 97 1
56 98 5
56 99 3
57 58 2
57 59 2
57 60 4
57 61 4
57 62 1
57 63 5
57 64 6
57 65 1
57 66 4
57 67 1
57 68 2
57 69 4
57 70 6
57 71 6
57 72 4
57 73 1
57 74 3
57 75 4
57 76 1
57 77 4
57 78 3
57 79 2
57 80 6
57 81 5
57 82 4
57 83 4
57 84 5
57 85 4
57 86 4
57 87 4
57 88 3
57 89 2
57 90 4
57 91 4
57 92 5
57 93 2
57 94 4
57 95 6
57 96 4
57 97 3
57 98 4
57 99 4
58 59 4
58 60 6
58 61 5
58 62 3
58 63 7
58 64 8
58 65 2
58 66 6
58 67 3
58 68 4
58 69 5
58 70 8
58 71 8
58 72 6
58 73 3
58 74 3
58 75 6
58 76 3
58 77 6
58 78 3
58 79 4
58 80 8
58 81 6
58 82 6
58 83 6
58 84 7
58 85 5
58 86 6
58 87 5
58 88 5
58 89 3
58 90 6
58 91 5
58 92 6
58 93 4
58 94 6
58 95 8
58 96 6
58 97 5
58 98 6
58 99 6
59 60 2
59 61 3
59 62 2
59 63 4
59 64 5
59 65 3
59 66 4
59 67 2
59 68 1
59 69 2
59 70 5
59 71 5
59 72 3
59 73 1
59 74 3
59 75 3
59 76 1
59 77 4
59 78 2
59 79 2
59 80 5
59 81 3
59 82 3
59 83 4
59 84 4
59 85 2
59 86 3
59 87 2
59 88 2
59 89 3
59 90 3
59 91 2
59 92 3
59 93 1
59 94 3
59 95 5
59 96 3
59 97 2
59 98 4
59 99 3
60 61 2
60 62 4
60 63 2
60 64 4
60 65 5
60 66 6
60 67 4
60 68 2
60 69 2
60 70 4
60 71 3
60 72 2
60 73 3
60 74 4
60 75 2
60 76 3
60 77 6
60 78 3
60 79 4
60 80 3
60 81 3
60 82 1
60 83 6
60 84 2
60 85 1
60 86 4
60 87 1
60 88 3
60 89 5
60 90 5
60 91 1
60 92 3
60 93 3
60 94 2
60 95 4
60 96 1
60 97 1
60 98 5
60 99 2
61 62 4
61 63 3
61 64 5
61 65 5
61 66 7
61 67 4
61 68 2
61 69 1
61 70 5
61 71 4
61 72 3
61 73 3
61 74 3
61 75 4
61 76 3
61 77 7
61 78 2
61 79 5
61 80 4
61 81 1
61 82 2
61 83 7
61 84 3
61 85 1
61 86 5
61 87 1
61 88 5
61 89 5
61 90 6
61 91 2
61 92 1
61 93 4
61 94 3
61 95 5
61 96 2
61 97 2
61 98 6
61 99 4
62 63 5
62 64 6
62 65 1
62 66 3
62 67 1
62 68 2
62 69 4
62 70 6
62 71 6
62 72 4
62 73 1
62 74 4
62 75 4
62 76 1
62 77 3
62 78 3
62 79 1
62 80 5
62 81 5
62 82 4
62 83 3
62 84 4
62 85 4
62 86 3
62 87 4
62 88 2
62 89 1
62 90 3
62 91 4
62 92 5
62 93 1
62 94 4
62 95 6
62 96 4
62 97 3
62 98 3
62 99 3
63 64 3
63 65 6
63 66 6
63 67 5
63 68 4
63 69 3
63 70 2
63 71 1
63 72 2
63 73 5
63 74 5
63 75 2
63 76 4
63 77 6
63 78 4
63 79 6
63 80 3
63 81 4
63 82 2
63 83 6
63 84 2
63 85 2
63 86 4
63 87 2
63 88 4
63 89 6
63 90 5
63 91 2
63 92 4
63 93 5
63 94 2
63 95 3
63 96 2
63 97 2
63 98 5
63 99 3
64 65 7
64 66 6
64 67 6
64 68 5
64 69 5
64 70 1
64 71 3
64 72 2
64 73 6
64 74 7
64 75 2
64 76 5
64 77 6
64 78 6
64 79 6
64 80 1
64 81 6
64 82 4
64 83 6
64 84 2
64 85 4
64 86 4
64 87 4
64 88 4
64 89 7
64 90 5
64 91 4
64 92 6
64 93 5
64 94 2
64 95 1
64 96 3
64 97 4
64 98 5
64 99 3
65 66 4
65 67 1
65 68 3
65 69 5
65 70 7
65 71 7
65 72 5
65 73 2
65 74 4
65 75 5
65 76 2
65 77 4
65 78 4
65 79 2
65 80 6
65 81 6
65 82 5
65 83 4
65 84 5
65 85 5
65 86 4
65 87 5
65 88 3
65 89 1
65 90 4
65 91 5
65 92 6
65 93 2
65 94 5
65 95 7
65 96 5
65 97 4
65 98 4
65 99 4
66 67 4
66 68 5
66 69 6
66 70 6
66 71 6
66 72 4
66 73 4
66 74 7
66 75 4
66 76 4
66 77 1
66 78 6
66 79 3
66 80 6
66 81 7
66 82 6
66 83 1
66 84 5
66 85 6
66 86 3
66 87 6
66 88 3
66 89 4
66 90 2
66 91 6
66 92 7
66 93 3
66 94 5
66 95 6
66 96 5
66 97 6
66 98 2
66 99 4
67 68 2
67 69 4
67 70 6
67 71 6
67 72 4
67 73 1
67 74 4
67 75 4
67 76 1
67 77 4
67 78 3
67 79 2
67 80 6
67 81 5
67 82 4
67 83 4
67 84 5
67 85 4
67 86 4
67 87 4
67 88 3
67 89 1
67 90 4
67 91 4
67 92 5
67 93 2
67 94 4
67 95 6
67 96 4
67 97 3
67 98 4
67 99 4
68 69 2
68 70 5
68 71 5
68 72 3
68 73 1
68 74 2
68 75 3
68 76 1
68 77 5
68 78 1
68 79 3
68 80 5
68 81 3
68 82 3
68 83 5
68 84 4
68 85 2
68 86 4
68 87 2
68 88 3
68 89 3
68 90 4
68 91 2
68 92 3
68 93 2
68 94 3
68 95 5
68 96 3
68 97 2
68 98 5
68 99 3
69 70 5
69 71 4
69 72 3
69 73 3
69 74 3
69 75 3
69 76 3
69 77 6
69 78 2
69 79 4
69 80 4
69 81 1
69 82 2
69 83 6
69 84 3
69 85 1
69 86 5
69 87 1
69 88 4
69 89 5
69 90 5
69 91 2
69 92 1
69 93 3
69 94 3
69 95 5
69 96 2
69 97 2
69 98 6
69 99 3
70 71 2
70 72 2
70 73 6
70 74 7
70 75 2
70 76 5
70 77 6
70 78 6
70 79 6
70 80 1
70 81 6
70 82 4
70 83 6
70 84 2
70 85 4
70 86 4
70 87 4
70 88 4
70 89 7
70 90 5
70 91 4
70 92 6
70 93 5
70 94 2
70 95 1
70 96 3
70 97 4
70 98 5
70 99 3
71 72 2
71 73 6
71 74 6
71 75 2
71 76 5
71 77 6
71 78 5
71 79 6
71 80 3
71 81 5
71 82 3
71 83 6
71 84 2
71 85 3
71 86 4
71 87 3
71 88 4
71 89 7
71 90 5
71 91 3
71 92 5
71 93 5
71 94 2
71 95 3
71 96 2
71 97 3
71 98 5
71 99 3
72 73 4
72 74 5
72 75 1
72 76 3
72 77 4
72 78 4
72 79 4
72 80 2
72 81 4
72 82 2
72 83 4
72 84 1
72 85 2
72 86 2
72 87 2
72 88 2
72 89 5
72 90 3
72 91 2
72 92 4
72 93 3
72 94 1
72 95 3
72 96 1
72 97 2
72 98 3
72 99 1
73 74 3
73 75 4
73 76 1
73 77 4
73 78 2
73 79 2
73 80 6
73 81 4
73 82 4
73 83 4
73 84 5
73 85 3
73 86 4
73 87 3
73 88 3
73 89 2
73 90 4
73 91 3
73 92 4
73 93 2
73 94 4
73 95 6
73 96 4
73 97 3
73 98 4
73 99 4
74 75 5
74 76 3
74 77 7
74 78 1
74 79 5
74 80 6
74 81 4
74 82 4
74 83 7
74 84 5
74 85 3
74 86 6
74 87 3
74 88 5
74 89 5
74 90 6
74 91 3
74 92 4
74 93 4
74 94 5
74 95 7
74 96 4
74 97 3
74 98 7
74 99 5
75 76 3
75 77 4
75 78 4
75 79 4
75 80 2
75 81 4
75 82 3
75 83 4
75 84 1
75 85 3
75 86 2
75 87 3
75 88 2
75 89 5
75 90 3
75 91 3
75 92 4
75 93 3
75 94 1
75 95 2
75 96 2
75 97 2
75 98 3
75 99 1
76 77 4
76 78 2
76 79 2
76 80 5
76 81 4
76 82 3
76 83 4
76 84 4
76 85 3
76 86 3
76 87 3
76 88 2
76 89 2
76 90 3
76 91 3
76 92 4
76 93 1
76 94 3
76 95 5
76 96 3
76 97 2
76 98 4
76 99 3
77 78 6
77 79 3
77 80 6
77 81 7
77 82 6
77 83 1
77 84 5
77 85 6
77 86 3
77 87 6
77 88 3
77 89 4
77 90 2
77 91 6
77 92 7
77 93 3
77 94 5
77 95 6
77 96 5
77 97 6
77 98 2
77 99 4
78 79 4
78 80 5
78 81 3
78 82 3
78 83 6
78 84 4
78 85 2
78 86 5
78 87 2
78 88 4
78 89 4
78 90 5
78 91 2
78 92 3
78 93 3
78 94 4
78 95 6
78 96 3
78 97 2
78 98 6
78 99 4
79 80 5
79 81 5
79 82 5
79 83 3
79 84 4
79 85 4
79 86 3
79 87 4
79 88 2
79 89 2
79 90 2
79 91 4
79 92 5
79 93 1
79 94 4
79 95 6
79 96 5
79 97 4
79 98 3
79 99 3
80 81 5
80 82 3
80 83 6
80 84 2
80 85 4
80 86 4
80 87 3
80 88 3
80 89 6
80 90 5
80 91 3
80 92 5
80 93 4
80 94 2
80 95 1
80 96 2
80 97 3
80 98 5
80 99 2
81 82 3
81 83 7
81 84 4
81 85 2
81 86 6
81 87 2
81 88 5
81 89 6
81 90 6
81 91 2
81 92 1
81 93 4
81 94 4
81 95 6
81 96 3
81 97 3
81 98 7
81 99 4
82 83 6
82 84 2
82 85 1
82 86 4
82 87 1
82 88 4
82 89 5
82 90 5
82 91 1
82 92 3
82 93 4
82 94 2
82 95 4
82 96 1
82 97 1
82 98 5
82 99 3
83 84 5
83 85 6
83 86 2
83 87 6
83 88 3
83 89 4
83 90 1
83 91 6
83 92 7
83 93 3
83 94 5
83 95 6
83 96 5
83 97 6
83 98 1
83 99 4
84 85 3
84 86 3
84 87 2
84 88 2
84 89 5
84 90 4
84 91 2
84 92 4
84 93 3
84 94 1
84 95 3
84 96 1
84 97 2
84 98 4
84 99 1
85 86 4
85 87 1
85 88 4
85 89 5
85 90 5
85 91 1
85 92 2
85 93 3
85 94 3
85 95 5
85 96 2
85 97 1
85 98 5
85 99 3
86 87 4
86 88 1
86 89 4
86 90 1
86 91 4
86 92 6
86 93 2
86 94 3
86 95 4
86 96 3
86 97 4
86 98 1
86 99 2
87 88 4
87 89 5
87 90 5
87 91 1
87 92 2
87 93 3
87 94 2
87 95 4
87 96 1
87 97 1
87 98 5
87 99 3
88 89 3
88 90 2
88 91 4
88 92 5
88 93 1
88 94 2
88 95 4
88 96 3
88 97 3
88 98 2
88 99 1
89 90 4
89 91 5
89 92 6
89 93 2
89 94 5
89 95 7
89 96 5
89 97 4
89 98 4
89 99 4
90 91 5
90 92 6
90 93 2
90 94 4
90 95 5
90 96 4
90 97 5
90 98 1
90 99 3
91 92 2
91 93 3
91 94 2
91 95 4
91 96 1
91 97 1
91 98 5
91 99 3
92 93 4
92 94 4
92 95 6
92 96 3
92 97 3
92 98 7
92 99 4
93 94 3
93 95 5
93 96 4
93 97 3
93 98 3
93 99 2
94 95 3
94 96 1
94 97 2
94 98 4
94 99 1
95 96 3
95 97 4
95 98 5
95 99 3
96 97 1
96 98 4
96 99 2
97 98 5
97 99 2
98 99 3
