100 
0 1 5
0 2 5
0 3 3
0 4 4
0 5 5
0 6 2
0 7 2
0 8 1
0 9 3
0 10 3
0 11 4
0 12 4
0 13 3
0 14 1
0 15 2
0 16 2
0 17 5
0 18 1
0 19 1
0 20 3
0 21 1
0 22 2
0 23 4
0 24 4
0 25 3
0 26 2
0 27 4
0 28 3
0 29 1
0 30 4
0 31 1
0 32 2
0 33 2
0 34 4
0 35 2
0 36 5
0 37 2
0 38 4
0 39 2
0 40 3
0 41 3
0 42 1
0 43 3
0 44 2
0 45 4
0 46 2
0 47 4
0 48 4
0 49 4
0 50 3
0 51 3
0 52 3
0 53 2
0 54 3
0 55 4
0 56 3
0 57 1
0 58 3
0 59 4
0 60 4
0 61 2
0 62 5
0 63 3
0 64 4
0 65 3
0 66 2
0 67 1
0 68 3
0 69 5
0 70 2
0 71 1
0 72 2
0 73 2
0 74 3
0 75 3
0 76 4
0 77 4
0 78 4
0 79 2
0 80 3
0 81 4
0 82 3
0 83 1
0 84 2
0 85 2
0 86 4
0 87 4
0 88 3
0 89 3
0 90 4
0 91 3
0 92 4
0 93 1
0 94 4
0 95 2
0 96 1
0 97 2
0 98 6
0 99 1
1 2 4
1 3 7
1 4 2
1 5 4
1 6 6
1 7 7
1 8 5
1 9 7
1 10 6
1 11 4
1 12 6
1 13 2
1 14 5
1 15 6
1 16 6
1 17 2
1 18 5
1 19 4
1 20 2
1 21 4
1 22 6
1 23 1
1 24 1
1 25 3
1 26 6
1 27 3
1 28 6
1 29 5
1 30 3
1 31 5
1 32 5
1 33 7
1 34 3
1 35 4
1 36 4
1 37 6
1 38 7
1 39 3
1 40 4
1 41 5
1 42 5
1 43 5
1 44 5
1 45 4
1 46 7
1 47 4
1 48 1
1 49 6
1 50 3
1 51 2
1 52 2
1 53 4
1 54 6
1 55 8
1 56 7
1 57 4
1 58 6
1 59 6
1 60 2
1 61 5
1 62 5
1 63 8
1 64 7
1 65 3
1 66 6
1 67 6
1 68 7
1 69 5
1 70 4
1 71 5
1 72 5
1 73 3
1 74 2
1 75 2
1 76 1
1 77 6
1 78 3
1 79 3
1 80 7
1 81 2
1 82 6
1 83 5
1 84 6
1 85 5
1 86 1
1 87 1
1 88 6
1 89 7
1 90 2
1 91 7
1 92 2
1 93 5
1 94 7
1 95 4
1 96 4
1 97 3
1 98 5
1 99 5
2 3 6
2 4 6
2 5 1
2 6 5
2 7 6
2 8 6
2 9 6
2 10 7
2 11 1
2 12 8
2 13 6
2 14 5
2 15 5
2 16 5
2 17 5
2 18 5
2 19 4
2 20 6
2 21 4
2 22 5
2 23 4
2 24 4
2 25 6
2 26 7
2 27 2
2 28 8
2 29 4
2 30 1
2 31 5
2 32 6
2 33 7
2 34 2
2 35 3
2 36 1
2 37 7
2 38 6
2 39 6
2 40 7
2 41 7
2 42 5
2 43 7
2 44 4
2 45 1
2 46 7
2 47 1
2 48 5
2 49 8
2 50 7
2 51 3
2 52 6
2 53 4
2 54 7
2 55 7
2 56 6
2 57 5
2 58 5
2 59 8
2 60 6
2 61 6
2 62 1
2 63 7
2 64 8
2 65 2
2 66 6
2 67 6
2 68 6
2 69 1
2 70 4
2 71 4
2 72 6
2 73 3
2 74 2
2 75 5
2 76 4
2 77 8
2 78 2
2 79 3
2 80 6
2 81 5
2 82 7
2 83 4
2 84 7
2 85 4
2 86 3
2 87 5
2 88 7
2 89 6
2 90 6
2 91 7
2 92 5
2 93 5
2 94 6
2 95 6
2 96 4
2 97 3
2 98 1
2 99 6
3 4 7
3 5 6
3 6 2
3 7 2
3 8 4
3 9 1
3 10 4
3 11 5
3 12 6
3 13 6
3 14 4
3 15 2
3 16 1
3 17 7
3 18 3
3 19 4
3 20 6
3 21 3
3 22 2
3 23 6
3 24 6
3 25 6
3 26 3
3 27 6
3 28 5
3 29 3
3 30 5
3 31 4
3 32 5
3 33 2
3 34 5
3 35 3
3 36 6
3 37 4
3 38 1
3 39 5
3 40 6
3 41 5
3 42 4
3 43 6
3 44 2
3 45 5
3 46 2
3 47 5
3 48 7
3 49 6
3 50 6
3 51 5
3 52 6
3 53 4
3 54 5
3 55 2
3 56 2
3 57 4
3 58 1
3 59 6
3 60 7
3 61 4
3 62 6
3 63 2
3 64 6
3 65 4
3 66 3
3 67 3
3 68 1
3 69 6
3 70 4
3 71 2
3 72 4
3 73 4
3 74 5
3 75 6
3 76 6
3 77 6
3 78 5
3 79 4
3 80 1
3 81 7
3 82 5
3 83 3
3 84 4
3 85 3
3 86 6
3 87 7
3 88 5
3 89 1
3 90 7
3 91 3
3 92 7
3 93 4
3 94 1
3 95 5
3 96 4
3 97 4
3 98 7
3 99 4
4 5 6
4 6 6
4 7 6
4 8 4
4 9 7
4 10 5
4 11 6
4 12 5
4 13 1
4 14 4
4 15 6
4 16 6
4 17 1
4 18 5
4 19 4
4 20 1
4 21 4
4 22 6
4 23 2
4 24 2
4 25 2
4 26 5
4 27 5
4 28 5
4 29 5
4 30 5
4 31 4
4 32 4
4 33 6
4 34 5
4 35 5
4 36 6
4 37 5
4 38 8
4 39 2
4 40 3
4 41 4
4 42 4
4 43 4
4 44 6
4 45 6
4 46 6
4 47 6
4 48 1
4 49 5
4 50 2
4 51 3
4 52 1
4 53 4
4 54 5
4 55 8
4 56 7
4 57 3
4 58 7
4 59 5
4 60 1
4 61 4
4 62 7
4 63 7
4 64 6
4 65 5
4 66 5
4 67 5
4 68 7
4 69 7
4 70 4
4 71 5
4 72 4
4 73 4
4 74 4
4 75 1
4 76 2
4 77 5
4 78 5
4 79 4
4 80 7
4 81 1
4 82 5
4 83 5
4 84 5
4 85 6
4 86 3
4 87 1
4 88 5
4 89 7
4 90 1
4 91 6
4 92 1
4 93 4
4 94 8
4 95 3
4 96 4
4 97 4
4 98 7
4 99 4
5 6 5
5 7 6
5 8 6
5 9 6
5 10 7
5 11 1
5 12 8
5 13 6
5 14 5
5 15 5
5 16 5
5 17 5
5 18 5
5 19 4
5 20 6
5 21 4
5 22 5
5 23 4
5 24 4
5 25 6
5 26 7
5 27 2
5 28 8
5 29 4
5 30 1
5 31 5
5 32 6
5 33 7
5 34 2
5 35 3
5 36 1
5 37 7
5 38 6
5 39 6
5 40 7
5 41 7
5 42 5
5 43 7
5 44 4
5 45 1
5 46 7
5 47 1
5 48 5
5 49 8
5 50 7
5 51 3
5 52 6
5 53 4
5 54 7
5 55 7
5 56 6
5 57 5
5 58 5
5 59 8
5 60 6
5 61 6
5 62 1
5 63 7
5 64 8
5 65 2
5 66 6
5 67 6
5 68 6
5 69 1
5 70 4
5 71 4
5 72 6
5 73 3
5 74 2
5 75 5
5 76 4
5 77 8
5 78 2
5 79 3
5 80 6
5 81 5
5 82 7
5 83 4
5 84 7
5 85 4
5 86 3
5 87 5
5 88 7
5 89 6
5 90 6
5 91 7
5 92 5
5 93 5
5 94 6
5 95 6
5 96 4
5 97 3
5 98 2
5 99 6
6 7 2
6 8 3
6 9 1
6 10 4
6 11 4
6 12 6
6 13 5
6 14 3
6 15 1
6 16 1
6 17 6
6 18 2
6 19 3
6 20 5
6 21 2
6 22 1
6 23 5
6 24 5
6 25 5
6 26 4
6 27 5
6 28 5
6 29 2
6 30 4
6 31 3
6 32 4
6 33 3
6 34 4
6 35 2
6 36 5
6 37 4
6 38 2
6 39 4
6 40 5
6 41 5
6 42 3
6 43 5
6 44 1
6 45 4
6 46 3
6 47 4
6 48 6
6 49 6
6 50 5
6 51 4
6 52 5
6 53 3
6 54 5
6 55 2
6 56 1
6 57 3
6 58 1
6 59 6
6 60 6
6 61 4
6 62 5
6 63 3
6 64 6
6 65 3
6 66 3
6 67 3
6 68 2
6 69 5
6 70 3
6 71 1
6 72 4
6 73 3
6 74 4
6 75 5
6 76 5
6 77 6
6 78 4
6 79 3
6 80 2
6 81 6
6 82 5
6 83 2
6 84 4
6 85 2
6 86 5
6 87 6
6 88 5
6 89 1
6 90 6
6 91 3
6 92 6
6 93 3
6 94 2
6 95 4
6 96 3
6 97 3
6 98 6
6 99 3
7 8 2
7 9 2
7 10 2
7 11 5
7 12 4
7 13 5
7 14 3
7 15 2
7 16 2
7 17 7
7 18 2
7 19 3
7 20 5
7 21 3
7 22 2
7 23 6
7 24 6
7 25 5
7 26 2
7 27 6
7 28 3
7 29 3
7 30 5
7 31 3
7 32 3
7 33 1
7 34 5
7 35 3
7 36 6
7 37 2
7 38 2
7 39 4
7 40 4
7 41 3
7 42 2
7 43 4
7 44 2
7 45 5
7 46 1
7 47 5
7 48 6
7 49 4
7 50 4
7 51 5
7 52 5
7 53 4
7 54 3
7 55 3
7 56 3
7 57 3
7 58 1
7 59 4
7 60 6
7 61 2
7 62 6
7 63 1
7 64 4
7 65 4
7 66 1
7 67 1
7 68 2
7 69 6
7 70 4
7 71 3
7 72 2
7 73 4
7 74 5
7 75 5
7 76 6
7 77 4
7 78 5
7 79 4
7 80 1
7 81 6
7 82 3
7 83 3
7 84 2
7 85 3
7 86 6
7 87 6
7 88 3
7 89 3
7 90 6
7 91 1
7 92 6
7 93 3
7 94 2
7 95 3
7 96 3
7 97 4
7 98 7
7 99 2
8 9 4
8 10 2
8 11 5
8 12 3
8 13 3
8 14 1
8 15 2
8 16 3
8 17 5
8 18 1
8 19 2
8 20 3
8 21 2
8 22 3
8 23 4
8 24 5
8 25 3
8 26 2
8 27 5
8 28 3
8 29 2
8 30 5
8 31 2
8 32 1
8 33 2
8 34 5
8 35 3
8 36 6
8 37 1
8 38 4
8 39 2
8 40 2
8 41 2
8 42 1
8 43 2
8 44 2
8 45 5
8 46 2
8 47 5
8 48 4
8 49 3
8 50 2
8 51 4
8 52 3
8 53 3
8 54 2
8 55 5
8 56 4
8 57 2
8 58 3
8 59 3
8 60 4
8 61 1
8 62 6
8 63 3
8 64 3
8 65 4
8 66 1
8 67 1
8 68 4
8 69 6
8 70 3
8 71 2
8 72 1
8 73 3
8 74 4
8 75 3
8 76 5
8 77 3
8 78 5
8 79 3
8 80 3
8 81 4
8 82 2
8 83 2
8 84 2
8 85 3
8 86 5
8 87 4
8 88 2
8 89 4
8 90 4
8 91 3
8 92 4
8 93 2
8 94 4
8 95 1
8 96 2
8 97 3
8 98 7
8 99 1
9 10 4
9 11 5
9 12 6
9 13 6
9 14 4
9 15 2
9 16 1
9 17 7
9 18 3
9 19 4
9 20 6
9 21 3
9 22 2
9 23 6
9 24 6
9 25 6
9 26 4
9 27 6
9 28 5
9 29 3
9 30 5
9 31 4
9 32 5
9 33 3
9 34 5
9 35 3
9 36 6
9 37 4
9 38 1
9 39 5
9 40 6
9 41 5
9 42 4
9 43 6
9 44 2
9 45 5
9 46 3
9 47 5
9 48 7
9 49 6
9 50 6
9 51 5
9 52 6
9 53 4
9 54 5
9 55 1
9 56 1
9 57 4
9 58 1
9 59 6
9 60 7
9 61 4
9 62 6
9 63 2
9 64 6
9 65 4
9 66 3
9 67 3
9 68 1
9 69 6
9 70 4
9 71 2
9 72 4
9 73 4
9 74 5
9 75 6
9 76 6
9 77 6
9 78 5
9 79 4
9 80 2
9 81 7
9 82 5
9 83 3
9 84 4
9 85 3
9 86 6
9 87 7
9 88 5
9 89 1
9 90 7
9 91 3
9 92 7
9 93 4
9 94 1
9 95 5
9 96 4
9 97 4
9 98 7
9 99 4
10 11 6
10 12 2
10 13 4
10 14 2
10 15 4
10 16 4
10 17 6
10 18 3
10 19 3
10 20 4
10 21 3
10 22 4
10 23 5
10 24 6
10 25 4
10 26 1
10 27 7
10 28 1
10 29 3
10 30 6
10 31 3
10 32 2
10 33 2
10 34 6
10 35 4
10 36 7
10 37 1
10 38 3
10 39 3
10 40 3
10 41 2
10 42 2
10 43 2
10 44 4
10 45 6
10 46 2
10 47 6
10 48 5
10 49 2
10 50 3
10 51 5
10 52 4
10 53 4
10 54 1
10 55 5
10 56 5
10 57 3
10 58 3
10 59 2
10 60 5
10 61 1
10 62 7
10 63 2
10 64 2
10 65 5
10 66 2
10 67 2
10 68 4
10 69 7
10 70 4
10 71 4
10 72 2
10 73 4
10 74 6
10 75 4
10 76 6
10 77 2
10 78 6
10 79 4
10 80 3
10 81 5
10 82 2
10 83 3
10 84 1
10 85 4
10 86 6
10 87 5
10 88 2
10 89 5
10 90 5
10 91 1
10 92 5
10 93 3
10 94 3
10 95 2
10 96 4
10 97 5
10 98 8
10 99 2
11 12 7
11 13 6
11 14 4
11 15 4
11 16 4
11 17 5
11 18 4
11 19 3
11 20 6
11 21 3
11 22 4
11 23 4
11 24 4
11 25 6
11 26 6
11 27 2
11 28 7
11 29 3
11 30 2
11 31 4
11 32 5
11 33 6
11 34 2
11 35 2
11 36 2
11 37 6
11 38 5
11 39 5
11 40 6
11 41 6
11 42 4
11 43 6
11 44 3
11 45 1
11 46 6
11 47 1
11 48 5
11 49 7
11 50 6
11 51 3
11 52 6
11 53 3
11 54 6
11 55 6
11 56 5
11 57 4
11 58 4
11 59 7
11 60 6
11 61 5
11 62 1
11 63 6
11 64 7
11 65 1
11 66 5
11 67 5
11 68 5
11 69 1
11 70 3
11 71 3
11 72 5
11 73 2
11 74 2
11 75 5
11 76 4
11 77 7
11 78 2
11 79 2
11 80 5
11 81 5
11 82 6
11 83 3
11 84 6
11 85 3
11 86 3
11 87 5
11 88 6
11 89 5
11 90 6
11 91 6
11 92 5
11 93 4
11 94 5
11 95 5
11 96 3
11 97 2
11 98 2
11 99 5
12 13 4
12 14 3
12 15 5
12 16 6
12 17 5
12 18 4
12 19 4
12 20 4
12 21 4
12 22 5
12 23 5
12 24 6
12 25 3
12 26 3
12 27 7
12 28 1
12 29 4
12 30 7
12 31 4
12 32 2
12 33 4
12 34 7
12 35 5
12 36 8
12 37 2
12 38 5
12 39 3
12 40 2
12 41 1
12 42 3
12 43 1
12 44 5
12 45 7
12 46 4
12 47 7
12 48 5
12 49 1
12 50 3
12 51 6
12 52 4
12 53 4
12 54 1
12 55 7
12 56 7
12 57 3
12 58 5
12 59 1
12 60 5
12 61 2
12 62 8
12 63 4
12 64 1
12 65 6
12 66 3
12 67 3
12 68 6
12 69 8
12 70 4
12 71 5
12 72 2
12 73 5
12 74 6
12 75 4
12 76 6
12 77 1
12 78 7
12 79 5
12 80 5
12 81 4
12 82 1
12 83 4
12 84 2
12 85 5
12 86 6
12 87 5
12 88 1
12 89 7
12 90 4
12 91 3
12 92 5
12 93 3
12 94 5
12 95 2
12 96 4
12 97 5
12 98 9
12 99 3
13 14 3
13 15 5
13 16 5
13 17 2
13 18 4
13 19 3
13 20 1
13 21 3
13 22 5
13 23 2
13 24 2
13 25 1
13 26 4
13 27 5
13 28 4
13 29 4
13 30 5
13 31 3
13 32 3
13 33 5
13 34 5
13 35 4
13 36 6
13 37 4
13 38 7
13 39 1
13 40 2
13 41 3
13 42 3
13 43 3
13 44 5
13 45 6
13 46 5
13 47 6
13 48 2
13 49 4
13 50 1
13 51 3
13 52 1
13 53 3
13 54 4
13 55 7
13 56 6
13 57 2
13 58 6
13 59 4
13 60 1
13 61 3
13 62 7
13 63 6
13 64 5
13 65 5
13 66 4
13 67 4
13 68 6
13 69 7
13 70 3
13 71 4
13 72 3
13 73 4
13 74 4
13 75 1
13 76 3
13 77 4
13 78 5
13 79 4
13 80 6
13 81 1
13 82 4
13 83 4
13 84 4
13 85 5
13 86 3
13 87 1
13 88 4
13 89 6
13 90 1
13 91 5
13 92 1
13 93 3
13 94 7
13 95 2
13 96 3
13 97 4
13 98 7
13 99 3
14 15 3
14 16 3
14 17 5
14 18 2
14 19 1
14 20 3
14 21 1
14 22 3
14 23 4
14 24 4
14 25 3
14 26 2
14 27 5
14 28 3
14 29 2
14 30 4
14 31 1
14 32 1
14 33 3
14 34 4
14 35 2
14 36 5
14 37 2
14 38 5
14 39 2
14 40 2
14 41 2
14 42 1
14 43 2
14 44 3
14 45 4
14 46 3
14 47 4
14 48 4
14 49 3
14 50 2
14 51 3
14 52 3
14 53 2
14 54 2
14 55 5
14 56 4
14 57 1
14 58 4
14 59 3
14 60 4
14 61 1
14 62 5
14 63 4
14 64 3
14 65 3
14 66 2
14 67 2
14 68 4
14 69 5
14 70 2
14 71 2
14 72 1
14 73 2
14 74 4
14 75 3
14 76 4
14 77 3
14 78 4
14 79 2
14 80 4
14 81 4
14 82 2
14 83 2
14 84 2
14 85 3
14 86 4
14 87 4
14 88 2
14 89 4
14 90 4
14 91 3
14 92 4
14 93 1
14 94 5
14 95 1
14 96 2
14 97 3
14 98 6
14 99 1
15 16 1
15 17 6
15 18 1
15 19 2
15 20 5
15 21 2
15 22 1
15 23 5
15 24 5
15 25 5
15 26 3
15 27 5
15 28 4
15 29 2
15 30 4
15 31 3
15 32 3
15 33 3
15 34 4
15 35 2
15 36 5
15 37 3
15 38 2
15 39 4
15 40 4
15 41 4
15 42 2
15 43 4
15 44 1
15 45 4
15 46 3
15 47 4
15 48 6
15 49 5
15 50 4
15 51 4
15 52 5
15 53 3
15 54 4
15 55 3
15 56 2
15 57 3
15 58 1
15 59 5
15 60 6
15 61 3
15 62 5
15 63 3
15 64 5
15 65 3
15 66 2
15 67 2
15 68 2
15 69 5
15 70 3
15 71 1
15 72 3
15 73 3
15 74 4
15 75 5
15 76 5
15 77 5
15 78 4
15 79 3
15 80 2
15 81 6
15 82 4
15 83 1
15 84 3
15 85 1
15 86 5
15 87 6
15 88 4
15 89 2
15 90 6
15 91 3
15 92 6
15 93 3
15 94 2
15 95 3
15 96 3
15 97 3
15 98 6
15 99 2
16 17 6
16 18 2
16 19 3
16 20 5
16 21 2
16 22 1
16 23 5
16 24 5
16 25 5
16 26 4
16 27 5
16 28 5
16 29 2
16 30 4
16 31 3
16 32 4
16 33 3
16 34 4
16 35 2
16 36 5
16 37 4
16 38 2
16 39 4
16 40 5
16 41 5
16 42 3
16 43 5
16 44 1
16 45 4
16 46 3
16 47 4
16 48 6
16 49 6
16 50 5
16 51 4
16 52 5
16 53 3
16 54 5
16 55 2
16 56 1
16 57 3
16 58 1
16 59 6
16 60 6
16 61 4
16 62 5
16 63 3
16 64 6
16 65 3
16 66 3
16 67 3
16 68 1
16 69 5
16 70 3
16 71 1
16 72 4
16 73 3
16 74 4
16 75 5
16 76 5
16 77 6
16 78 4
16 79 3
16 80 2
16 81 6
16 82 5
16 83 2
16 84 4
16 85 2
16 86 5
16 87 6
16 88 5
16 89 1
16 90 6
16 91 3
16 92 6
16 93 3
16 94 2
16 95 4
16 96 3
16 97 3
16 98 6
16 99 3
17 18 5
17 19 4
17 20 2
17 21 4
17 22 6
17 23 2
17 24 1
17 25 2
17 26 6
17 27 4
17 28 5
17 29 5
17 30 4
17 31 5
17 32 5
17 33 7
17 34 4
17 35 4
17 36 5
17 37 6
17 38 7
17 39 3
17 40 3
17 41 4
17 42 5
17 43 4
17 44 5
17 45 5
17 46 7
17 47 5
17 48 1
17 49 5
17 50 3
17 51 2
17 52 2
17 53 4
17 54 5
17 55 8
17 56 7
17 57 4
17 58 6
17 59 5
17 60 1
17 61 5
17 62 6
17 63 8
17 64 6
17 65 4
17 66 6
17 67 6
17 68 7
17 69 6
17 70 4
17 71 5
17 72 5
17 73 3
17 74 3
17 75 2
17 76 2
17 77 5
17 78 4
17 79 3
17 80 7
17 81 1
17 82 5
17 83 5
17 84 6
17 85 5
17 86 3
17 87 1
17 88 5
17 89 7
17 90 1
17 91 7
17 92 1
17 93 5
17 94 7
17 95 4
17 96 4
17 97 3
17 98 6
17 99 5
18 19 1
18 20 4
18 21 1
18 22 2
18 23 4
18 24 4
18 25 4
18 26 2
18 27 5
18 28 3
18 29 1
18 30 4
18 31 2
18 32 2
18 33 2
18 34 4
18 35 2
18 36 5
18 37 2
18 38 3
18 39 3
18 40 3
18 41 3
18 42 1
18 43 3
18 44 1
18 45 4
18 46 2
18 47 4
18 48 5
18 49 4
18 50 3
18 51 3
18 52 4
18 53 2
18 54 3
18 55 4
18 56 3
18 57 2
18 58 2
18 59 4
18 60 5
18 61 2
18 62 5
18 63 3
18 64 4
18 65 3
18 66 1
18 67 1
18 68 3
18 69 5
18 70 2
18 71 1
18 72 2
18 73 2
18 74 4
18 75 4
18 76 4
18 77 4
18 78 4
18 79 2
18 80 3
18 81 5
18 82 3
18 83 1
18 84 2
18 85 2
18 86 4
18 87 5
18 88 3
18 89 3
18 90 5
18 91 3
18 92 5
18 93 2
18 94 3
18 95 2
18 96 2
18 97 3
18 98 6
18 99 1
19 20 3
19 21 1
19 22 2
19 23 3
19 24 3
19 25 3
19 26 3
19 27 4
19 28 4
19 29 1
19 30 3
19 31 1
19 32 2
19 33 3
19 34 3
19 35 2
19 36 4
19 37 3
19 38 4
19 39 2
19 40 3
19 41 3
19 42 1
19 43 3
19 44 2
19 45 3
19 46 3
19 47 3
19 48 4
19 49 4
19 50 3
19 51 2
19 52 3
19 53 1
19 54 3
19 55 5
19 56 4
19 57 1
19 58 3
19 59 4
19 60 4
19 61 2
19 62 4
19 63 4
19 64 4
19 65 2
19 66 2
19 67 2
19 68 4
19 69 4
19 70 1
19 71 2
19 72 2
19 73 1
19 74 3
19 75 3
19 76 3
19 77 4
19 78 3
19 79 2
19 80 4
19 81 4
19 82 3
19 83 1
19 84 3
19 85 2
19 86 3
19 87 4
19 88 3
19 89 4
19 90 4
19 91 4
19 92 4
19 93 1
19 94 4
19 95 2
19 96 1
19 97 2
19 98 5
19 99 2
20 21 3
20 22 5
20 23 2
20 24 2
20 25 1
20 26 4
20 27 5
20 28 4
20 29 4
20 30 5
20 31 3
20 32 3
20 33 5
20 34 5
20 35 4
20 36 6
20 37 4
20 38 7
20 39 1
20 40 2
20 41 3
20 42 3
20 43 3
20 44 5
20 45 6
20 46 5
20 47 6
20 48 2
20 49 4
20 50 1
20 51 3
20 52 1
20 53 3
20 54 4
20 55 7
20 56 6
20 57 2
20 58 6
20 59 4
20 60 1
20 61 3
20 62 7
20 63 6
20 64 5
20 65 5
20 66 4
20 67 4
20 68 6
20 69 7
20 70 3
20 71 4
20 72 3
20 73 4
20 74 4
20 75 1
20 76 3
20 77 4
20 78 5
20 79 4
20 80 6
20 81 1
20 82 4
20 83 4
20 84 4
20 85 5
20 86 3
20 87 1
20 88 4
20 89 6
20 90 1
20 91 5
20 92 1
20 93 3
20 94 7
20 95 2
20 96 3
20 97 4
20 98 7
20 99 3
21 22 2
21 23 3
21 24 3
21 25 3
21 26 3
21 27 4
21 28 4
21 29 1
21 30 3
21 31 1
21 32 2
21 33 3
21 34 3
21 35 1
21 36 4
21 37 3
21 38 4
21 39 2
21 40 3
21 41 3
21 42 1
21 43 3
21 44 2
21 45 3
21 46 3
21 47 3
21 48 4
21 49 4
21 50 3
21 51 2
21 52 3
21 53 1
21 54 3
21 55 4
21 56 3
21 57 1
21 58 3
21 59 4
21 60 4
21 61 2
21 62 4
21 63 4
21 64 4
21 65 2
21 66 2
21 67 2
21 68 3
21 69 4
21 70 1
21 71 1
21 72 2
21 73 1
21 74 3
21 75 3
21 76 3
21 77 4
21 78 3
21 79 1
21 80 4
21 81 4
21 82 3
21 83 1
21 84 3
21 85 2
21 86 3
21 87 4
21 88 3
21 89 3
21 90 4
21 91 4
21 92 4
21 93 1
21 94 4
21 95 2
21 96 1
21 97 2
21 98 5
21 99 2
22 23 5
22 24 5
22 25 5
22 26 4
22 27 5
22 28 5
22 29 2
22 30 4
22 31 3
22 32 3
22 33 3
22 34 4
22 35 2
22 36 5
22 37 4
22 38 2
22 39 4
22 40 5
22 41 4
22 42 2
22 43 4
22 44 1
22 45 4
22 46 3
22 47 4
22 48 6
22 49 5
22 50 5
22 51 4
22 52 5
22 53 3
22 54 4
22 55 3
22 56 2
22 57 3
22 58 1
22 59 5
22 60 6
22 61 3
22 62 5
22 63 3
22 64 5
22 65 3
22 66 3
22 67 3
22 68 2
22 69 5
22 70 3
22 71 1
22 72 3
22 73 3
22 74 4
22 75 5
22 76 5
22 77 5
22 78 4
22 79 3
22 80 2
22 81 6
22 82 4
22 83 1
22 84 4
22 85 1
22 86 5
22 87 6
22 88 4
22 89 2
22 90 6
22 91 3
22 92 6
22 93 3
22 94 2
22 95 4
22 96 3
22 97 3
22 98 6
22 99 3
23 24 1
23 25 2
23 26 5
23 27 3
23 28 5
23 29 4
23 30 3
23 31 4
23 32 4
23 33 6
23 34 3
23 35 3
23 36 4
23 37 5
23 38 6
23 39 2
23 40 3
23 41 4
23 42 4
23 43 4
23 44 4
23 45 4
23 46 6
23 47 4
23 48 1
23 49 5
23 50 3
23 51 1
23 52 2
23 53 3
23 54 5
23 55 7
23 56 6
23 57 3
23 58 5
23 59 5
23 60 2
23 61 4
23 62 5
23 63 7
23 64 6
23 65 3
23 66 5
23 67 5
23 68 6
23 69 5
23 70 3
23 71 4
23 72 4
23 73 2
23 74 2
23 75 1
23 76 1
23 77 5
23 78 3
23 79 2
23 80 6
23 81 1
23 82 5
23 83 4
23 84 5
23 85 4
23 86 1
23 87 1
23 88 5
23 89 6
23 90 2
23 91 6
23 92 2
23 93 4
23 94 6
23 95 3
23 96 3
23 97 2
23 98 5
23 99 4
24 25 3
24 26 6
24 27 3
24 28 6
24 29 4
24 30 3
24 31 4
24 32 5
24 33 6
24 34 3
24 35 3
24 36 4
24 37 6
24 38 6
24 39 3
24 40 4
24 41 5
24 42 4
24 43 5
24 44 4
24 45 4
24 46 6
24 47 4
24 48 1
24 49 6
24 50 3
24 51 1
24 52 2
24 53 3
24 54 6
24 55 7
24 56 6
24 57 4
24 58 5
24 59 6
24 60 2
24 61 5
24 62 5
24 63 7
24 64 7
24 65 3
24 66 5
24 67 5
24 68 6
24 69 5
24 70 3
24 71 4
24 72 5
24 73 2
24 74 2
24 75 2
24 76 1
24 77 6
24 78 3
24 79 2
24 80 6
24 81 2
24 82 6
24 83 4
24 84 6
24 85 4
24 86 2
24 87 1
24 88 6
24 89 6
24 90 2
24 91 7
24 92 1
24 93 4
24 94 6
24 95 4
24 96 3
24 97 2
24 98 5
24 99 5
25 26 4
25 27 5
25 28 3
25 29 4
25 30 5
25 31 3
25 32 3
25 33 5
25 34 5
25 35 4
25 36 6
25 37 4
25 38 7
25 39 1
25 40 1
25 41 2
25 42 3
25 43 2
25 44 5
25 45 6
25 46 5
25 47 6
25 48 2
25 49 3
25 50 1
25 51 3
25 52 1
25 53 3
25 54 3
25 55 7
25 56 6
25 57 2
25 58 6
25 59 3
25 60 2
25 61 3
25 62 7
25 63 6
25 64 4
25 65 5
25 66 4
25 67 4
25 68 6
25 69 7
25 70 3
25 71 4
25 72 3
25 73 4
25 74 4
25 75 1
25 76 3
25 77 3
25 78 5
25 79 4
25 80 6
25 81 1
25 82 3
25 83 4
25 84 4
25 85 5
25 86 3
25 87 2
25 88 3
25 89 6
25 90 1
25 91 5
25 92 2
25 93 3
25 94 7
25 95 2
25 96 3
25 97 4
25 98 7
25 99 3
26 27 6
26 28 2
26 29 3
26 30 6
26 31 3
26 32 2
26 33 1
26 34 6
26 35 4
26 36 7
26 37 1
26 38 3
26 39 3
26 40 3
26 41 2
26 42 2
26 43 3
26 44 3
26 45 6
26 46 2
26 47 6
26 48 5
26 49 3
26 50 3
26 51 5
26 52 4
26 53 4
26 54 2
26 55 5
26 56 5
26 57 3
26 58 3
26 59 3
26 60 5
26 61 1
26 62 7
26 63 2
26 64 3
26 65 5
26 66 2
26 67 1
26 68 3
26 69 7
26 70 4
26 71 3
26 72 1
26 73 4
26 74 5
26 75 4
26 76 6
26 77 3
26 78 6
26 79 4
26 80 2
26 81 5
26 82 2
26 83 3
26 84 1
26 85 4
26 86 6
26 87 5
26 88 2
26 89 4
26 90 5
26 91 1
26 92 5
26 93 3
26 94 3
26 95 2
26 96 3
26 97 4
26 98 8
26 99 2
27 28 7
27 29 4
27 30 1
27 31 4
27 32 6
27 33 6
27 34 1
27 35 3
27 36 1
27 37 6
27 38 6
27 39 5
27 40 6
27 41 6
27 42 5
27 43 6
27 44 4
27 45 1
27 46 6
27 47 2
27 48 4
27 49 7
27 50 6
27 51 2
27 52 5
27 53 3
27 54 7
27 55 7
27 56 6
27 57 4
27 58 5
27 59 7
27 60 5
27 61 6
27 62 2
27 63 7
27 64 8
27 65 2
27 66 6
27 67 5
27 68 6
27 69 2
27 70 3
27 71 4
27 72 6
27 73 3
27 74 1
27 75 4
27 76 3
27 77 7
27 78 1
27 79 3
27 80 6
27 81 4
27 82 7
27 83 4
27 84 6
27 85 4
27 86 2
27 87 4
27 88 7
27 89 6
27 90 5
27 91 7
27 92 4
27 93 4
27 94 6
27 95 5
27 96 3
27 97 2
27 98 2
27 99 5
28 29 4
28 30 7
28 31 4
28 32 2
28 33 3
28 34 7
28 35 5
28 36 8
28 37 2
28 38 4
28 39 3
28 40 2
28 41 1
28 42 3
28 43 2
28 44 4
28 45 7
28 46 3
28 47 7
28 48 5
28 49 1
28 50 3
28 51 6
28 52 4
28 53 4
28 54 1
28 55 6
28 56 6
28 57 3
28 58 4
28 59 1
28 60 5
28 61 2
28 62 8
28 63 3
28 64 1
28 65 6
28 66 3
28 67 2
28 68 5
28 69 8
28 70 4
28 71 4
28 72 2
28 73 5
28 74 6
28 75 4
28 76 6
28 77 1
28 78 7
28 79 5
28 80 4
28 81 4
28 82 1
28 83 4
28 84 1
28 85 5
28 86 6
28 87 5
28 88 1
28 89 6
28 90 4
28 91 2
28 92 5
28 93 3
28 94 4
28 95 2
28 96 4
28 97 5
28 98 9
28 99 3
29 30 3
29 31 1
29 32 2
29 33 3
29 34 3
29 35 1
29 36 4
29 37 3
29 38 3
29 39 3
29 40 4
29 41 3
29 42 1
29 43 3
29 44 1
29 45 3
29 46 3
29 47 3
29 48 5
29 49 4
29 50 4
29 51 3
29 52 4
29 53 1
29 54 3
29 55 4
29 56 3
29 57 2
29 58 2
29 59 4
29 60 5
29 61 2
29 62 4
29 63 4
29 64 4
29 65 2
29 66 2
29 67 2
29 68 3
29 69 4
29 70 1
29 71 1
29 72 2
29 73 2
29 74 3
29 75 4
29 76 4
29 77 4
29 78 3
29 79 2
29 80 3
29 81 5
29 82 3
29 83 1
29 84 3
29 85 1
29 86 4
29 87 5
29 88 3
29 89 3
29 90 5
29 91 4
29 92 5
29 93 2
29 94 3
29 95 3
29 96 1
29 97 2
29 98 5
29 99 2
30 31 4
30 32 5
30 33 6
30 34 1
30 35 2
30 36 1
30 37 6
30 38 5
30 39 5
30 40 6
30 41 6
30 42 4
30 43 6
30 44 3
30 45 1
30 46 6
30 47 1
30 48 4
30 49 7
30 50 6
30 51 2
30 52 5
30 53 3
30 54 6
30 55 6
30 56 5
30 57 4
30 58 4
30 59 7
30 60 5
30 61 5
30 62 2
30 63 6
30 64 7
30 65 1
30 66 5
30 67 5
30 68 5
30 69 2
30 70 3
30 71 3
30 72 5
30 73 2
30 74 1
30 75 4
30 76 3
30 77 7
30 78 1
30 79 2
30 80 5
30 81 4
30 82 6
30 83 3
30 84 6
30 85 3
30 86 2
30 87 4
30 88 6
30 89 5
30 90 5
30 91 6
30 92 4
30 93 4
30 94 5
30 95 5
30 96 3
30 97 2
30 98 2
30 99 5
31 32 2
31 33 3
31 34 4
31 35 2
31 36 5
31 37 2
31 38 4
31 39 2
31 40 3
31 41 3
31 42 1
31 43 3
31 44 2
31 45 4
31 46 3
31 47 4
31 48 4
31 49 4
31 50 3
31 51 3
31 52 3
31 53 1
31 54 3
31 55 5
31 56 4
31 57 1
31 58 3
31 59 4
31 60 4
31 61 2
31 62 5
31 63 4
31 64 4
31 65 3
31 66 2
31 67 2
31 68 4
31 69 5
31 70 1
31 71 2
31 72 2
31 73 2
31 74 3
31 75 3
31 76 4
31 77 4
31 78 4
31 79 2
31 80 4
31 81 4
31 82 3
31 83 2
31 84 3
31 85 2
31 86 4
31 87 4
31 88 3
31 89 4
31 90 4
31 91 4
31 92 4
31 93 1
31 94 4
31 95 2
31 96 1
31 97 2
31 98 6
31 99 1
32 33 3
32 34 5
32 35 3
32 36 6
32 37 1
32 38 5
32 39 2
32 40 2
32 41 1
32 42 1
32 43 1
32 44 3
32 45 5
32 46 3
32 47 5
32 48 4
32 49 2
32 50 2
32 51 4
32 52 3
32 53 3
32 54 2
32 55 6
32 56 5
32 57 2
32 58 4
32 59 2
32 60 4
32 61 1
32 62 6
32 63 4
32 64 2
32 65 4
32 66 2
32 67 2
32 68 5
32 69 6
32 70 3
32 71 3
32 72 1
32 73 3
32 74 5
32 75 3
32 76 5
32 77 2
32 78 5
32 79 3
32 80 4
32 81 4
32 82 1
32 83 2
32 84 2
32 85 3
32 86 5
32 87 4
32 88 1
32 89 5
32 90 4
32 91 3
32 92 4
32 93 2
32 94 5
32 95 1
32 96 3
32 97 4
32 98 7
32 99 1
33 34 6
33 35 4
33 36 7
33 37 2
33 38 2
33 39 4
33 40 4
33 41 3
33 42 2
33 43 4
33 44 3
33 45 6
33 46 1
33 47 6
33 48 6
33 49 4
33 50 4
33 51 5
33 52 5
33 53 4
33 54 3
33 55 4
33 56 4
33 57 3
33 58 2
33 59 4
33 60 6
33 61 2
33 62 7
33 63 1
33 64 4
33 65 5
33 66 1
33 67 1
33 68 2
33 69 7
33 70 4
33 71 3
33 72 2
33 73 4
33 74 5
33 75 5
33 76 6
33 77 4
33 78 6
33 79 4
33 80 1
33 81 6
33 82 3
33 83 3
33 84 2
33 85 4
33 86 6
33 87 6
33 88 3
33 89 3
33 90 6
33 91 1
33 92 6
33 93 3
33 94 2
33 95 3
33 96 3
33 97 4
33 98 8
33 99 2
34 35 2
34 36 2
34 37 6
34 38 5
34 39 5
34 40 6
34 41 6
34 42 4
34 43 6
34 44 3
34 45 1
34 46 6
34 47 1
34 48 4
34 49 7
34 50 6
34 51 2
34 52 5
34 53 3
34 54 6
34 55 6
34 56 5
34 57 4
34 58 4
34 59 7
34 60 5
34 61 5
34 62 2
34 63 6
34 64 7
34 65 1
34 66 5
34 67 5
34 68 5
34 69 2
34 70 3
34 71 3
34 72 5
34 73 2
34 74 1
34 75 4
34 76 3
34 77 7
34 78 1
34 79 2
34 80 5
34 81 4
34 82 6
34 83 3
34 84 6
34 85 3
34 86 2
34 87 4
34 88 6
34 89 5
34 90 5
34 91 6
34 92 4
34 93 4
34 94 5
34 95 5
34 96 3
34 97 2
34 98 3
34 99 5
35 36 3
35 37 4
35 38 3
35 39 3
35 40 4
35 41 4
35 42 2
35 43 4
35 44 1
35 45 2
35 46 4
35 47 2
35 48 4
35 49 5
35 50 4
35 51 2
35 52 4
35 53 1
35 54 4
35 55 4
35 56 3
35 57 2
35 58 2
35 59 5
35 60 5
35 61 3
35 62 3
35 63 4
35 64 5
35 65 1
35 66 3
35 67 3
35 68 3
35 69 3
35 70 1
35 71 1
35 72 3
35 73 1
35 74 2
35 75 4
35 76 3
35 77 5
35 78 2
35 79 1
35 80 3
35 81 4
35 82 4
35 83 1
35 84 4
35 85 1
35 86 3
35 87 4
35 88 4
35 89 3
35 90 5
35 91 4
35 92 4
35 93 2
35 94 3
35 95 3
35 96 2
35 97 1
35 98 4
35 99 3
36 37 7
36 38 6
36 39 6
36 40 7
36 41 7
36 42 5
36 43 7
36 44 4
36 45 1
36 46 7
36 47 2
36 48 5
36 49 8
36 50 7
36 51 3
36 52 6
36 53 4
36 54 7
36 55 7
36 56 6
36 57 5
36 58 5
36 59 8
36 60 6
36 61 6
36 62 2
36 63 7
36 64 8
36 65 2
36 66 6
36 67 6
36 68 6
36 69 2
36 70 4
36 71 4
36 72 6
36 73 3
36 74 2
36 75 5
36 76 4
36 77 8
36 78 2
36 79 3
36 80 6
36 81 5
36 82 7
36 83 4
36 84 7
36 85 4
36 86 3
36 87 5
36 88 7
36 89 6
36 90 6
36 91 7
36 92 5
36 93 5
36 94 6
36 95 6
36 96 4
36 97 3
36 98 1
36 99 6
37 38 4
37 39 3
37 40 3
37 41 2
37 42 2
37 43 2
37 44 3
37 45 6
37 46 2
37 47 6
37 48 5
37 49 2
37 50 3
37 51 5
37 52 4
37 53 3
37 54 2
37 55 5
37 56 5
37 57 3
37 58 3
37 59 2
37 60 5
37 61 1
37 62 7
37 63 3
37 64 3
37 65 5
37 66 1
37 67 1
37 68 4
37 69 7
37 70 3
37 71 3
37 72 1
37 73 4
37 74 5
37 75 4
37 76 6
37 77 2
37 78 6
37 79 4
37 80 3
37 81 5
37 82 1
37 83 3
37 84 1
37 85 4
37 86 6
37 87 5
37 88 2
37 89 5
37 90 5
37 91 2
37 92 5
37 93 2
37 94 4
37 95 2
37 96 3
37 97 4
37 98 8
37 99 1
38 39 6
38 40 6
38 41 5
38 42 4
38 43 5
38 44 2
38 45 5
38 46 2
38 47 5
38 48 7
38 49 5
38 50 6
38 51 5
38 52 7
38 53 4
38 54 4
38 55 2
38 56 2
38 57 5
38 58 1
38 59 5
38 60 8
38 61 4
38 62 6
38 63 1
38 64 5
38 65 4
38 66 3
38 67 3
38 68 1
38 69 6
38 70 4
38 71 3
38 72 4
38 73 4
38 74 5
38 75 7
38 76 6
38 77 5
38 78 5
38 79 4
38 80 1
38 81 7
38 82 5
38 83 3
38 84 4
38 85 3
38 86 6
38 87 7
38 88 5
38 89 2
38 90 8
38 91 2
38 92 7
38 93 5
38 94 1
38 95 5
38 96 4
38 97 4
38 98 7
38 99 4
39 40 1
39 41 2
39 42 2
39 43 2
39 44 4
39 45 5
39 46 4
39 47 5
39 48 2
39 49 3
39 50 1
39 51 3
39 52 1
39 53 2
39 54 3
39 55 6
39 56 5
39 57 1
39 58 5
39 59 3
39 60 2
39 61 2
39 62 6
39 63 5
39 64 4
39 65 4
39 66 3
39 67 3
39 68 5
39 69 6
39 70 2
39 71 3
39 72 2
39 73 3
39 74 4
39 75 1
39 76 3
39 77 3
39 78 5
39 79 3
39 80 5
39 81 2
39 82 3
39 83 3
39 84 3
39 85 4
39 86 3
39 87 2
39 88 3
39 89 5
39 90 2
39 91 4
39 92 2
39 93 2
39 94 6
39 95 1
39 96 2
39 97 3
39 98 7
39 99 2
40 41 1
40 42 3
40 43 1
40 44 4
40 45 6
40 46 4
40 47 6
40 48 3
40 49 2
40 50 1
40 51 4
40 52 2
40 53 3
40 54 2
40 55 7
40 56 6
40 57 2
40 58 5
40 59 2
40 60 3
40 61 2
40 62 7
40 63 5
40 64 3
40 65 5
40 66 3
40 67 3
40 68 6
40 69 7
40 70 3
40 71 4
40 72 2
40 73 4
40 74 5
40 75 2
40 76 4
40 77 2
40 78 6
40 79 4
40 80 5
40 81 2
40 82 2
40 83 4
40 84 3
40 85 5
40 86 4
40 87 3
40 88 2
40 89 6
40 90 2
40 91 4
40 92 3
40 93 2
40 94 6
40 95 1
40 96 3
40 97 4
40 98 8
40 99 2
41 42 2
41 43 1
41 44 4
41 45 6
41 46 3
41 47 6
41 48 4
41 49 1
41 50 2
41 51 5
41 52 3
41 53 3
41 54 1
41 55 6
41 56 6
41 57 2
41 58 4
41 59 1
41 60 4
41 61 1
41 62 7
41 63 4
41 64 2
41 65 5
41 66 2
41 67 2
41 68 5
41 69 7
41 70 3
41 71 4
41 72 2
41 73 4
41 74 5
41 75 3
41 76 5
41 77 1
41 78 6
41 79 4
41 80 4
41 81 3
41 82 1
41 83 3
41 84 2
41 85 4
41 86 5
41 87 4
41 88 1
41 89 6
41 90 3
41 91 3
41 92 4
41 93 2
41 94 5
41 95 1
41 96 3
41 97 4
41 98 8
41 99 2
42 43 2
42 44 2
42 45 4
42 46 2
42 47 4
42 48 4
42 49 3
42 50 3
42 51 3
42 52 3
42 53 2
42 54 2
42 55 5
42 56 4
42 57 1
42 58 3
42 59 3
42 60 4
42 61 1
42 62 5
42 63 3
42 64 3
42 65 3
42 66 1
42 67 1
42 68 4
42 69 5
42 70 2
42 71 2
42 72 1
42 73 2
42 74 4
42 75 3
42 76 4
42 77 3
42 78 4
42 79 2
42 80 3
42 81 4
42 82 2
42 83 1
42 84 2
42 85 2
42 86 4
42 87 4
42 88 2
42 89 4
42 90 4
42 91 3
42 92 4
42 93 1
42 94 4
42 95 2
42 96 2
42 97 3
42 98 6
42 99 1
43 44 4
43 45 6
43 46 4
43 47 6
43 48 4
43 49 1
43 50 2
43 51 5
43 52 3
43 53 3
43 54 1
43 55 7
43 56 6
43 57 2
43 58 5
43 59 1
43 60 4
43 61 2
43 62 7
43 63 4
43 64 2
43 65 5
43 66 3
43 67 3
43 68 6
43 69 7
43 70 3
43 71 4
43 72 2
43 73 4
43 74 5
43 75 3
43 76 5
43 77 1
43 78 6
43 79 4
43 80 5
43 81 3
43 82 1
43 83 3
43 84 2
43 85 4
43 86 5
43 87 4
43 88 1
43 89 6
43 90 3
43 91 3
43 92 4
43 93 2
43 94 5
43 95 1
43 96 3
43 97 4
43 98 8
43 99 2
44 45 3
44 46 3
44 47 3
44 48 5
44 49 5
44 50 4
44 51 3
44 52 5
44 53 2
44 54 4
44 55 3
44 56 2
44 57 3
44 58 1
44 59 5
44 60 6
44 61 3
44 62 4
44 63 3
44 64 5
44 65 2
44 66 2
44 67 2
44 68 2
44 69 4
44 70 2
44 71 1
44 72 3
44 73 2
44 74 3
44 75 5
44 76 4
44 77 5
44 78 3
44 79 2
44 80 2
44 81 5
44 82 4
44 83 1
44 84 3
44 85 1
44 86 4
44 87 5
44 88 4
44 89 2
44 90 6
44 91 3
44 92 5
44 93 3
44 94 2
44 95 3
44 96 2
44 97 2
44 98 5
44 99 2
45 46 6
45 47 1
45 48 5
45 49 7
45 50 6
45 51 3
45 52 6
45 53 3
45 54 6
45 55 6
45 56 5
45 57 4
45 58 4
45 59 7
45 60 6
45 61 5
45 62 1
45 63 6
45 64 7
45 65 1
45 66 5
45 67 5
45 68 5
45 69 1
45 70 3
45 71 3
45 72 5
45 73 2
45 74 2
45 75 5
45 76 4
45 77 7
45 78 1
45 79 2
45 80 5
45 81 5
45 82 6
45 83 3
45 84 6
45 85 3
45 86 3
45 87 5
45 88 6
45 89 5
45 90 6
45 91 6
45 92 5
45 93 4
45 94 5
45 95 5
45 96 3
45 97 2
45 98 2
45 99 5
46 47 6
46 48 6
46 49 4
46 50 4
46 51 5
46 52 5
46 53 4
46 54 3
46 55 4
46 56 4
46 57 3
46 58 2
46 59 4
46 60 6
46 61 2
46 62 7
46 63 1
46 64 4
46 65 5
46 66 1
46 67 1
46 68 2
46 69 7
46 70 4
46 71 3
46 72 2
46 73 4
46 74 5
46 75 5
46 76 6
46 77 4
46 78 6
46 79 4
46 80 1
46 81 6
46 82 3
46 83 3
46 84 2
46 85 4
46 86 6
46 87 6
46 88 3
46 89 3
46 90 6
46 91 1
46 92 6
46 93 3
46 94 2
46 95 3
46 96 3
46 97 4
46 98 8
46 99 2
47 48 5
47 49 7
47 50 6
47 51 3
47 52 6
47 53 3
47 54 6
47 55 6
47 56 5
47 57 4
47 58 4
47 59 7
47 60 6
47 61 5
47 62 1
47 63 6
47 64 7
47 65 1
47 66 5
47 67 5
47 68 5
47 69 1
47 70 3
47 71 3
47 72 5
47 73 2
47 74 2
47 75 5
47 76 4
47 77 7
47 78 1
47 79 2
47 80 5
47 81 5
47 82 6
47 83 3
47 84 6
47 85 3
47 86 3
47 87 5
47 88 6
47 89 5
47 90 6
47 91 6
47 92 5
47 93 4
47 94 5
47 95 5
47 96 3
47 97 2
47 98 2
47 99 5
48 49 5
48 50 2
48 51 2
48 52 1
48 53 4
48 54 5
48 55 8
48 56 7
48 57 3
48 58 6
48 59 5
48 60 1
48 61 4
48 62 6
48 63 7
48 64 6
48 65 4
48 66 5
48 67 5
48 68 7
48 69 6
48 70 4
48 71 5
48 72 4
48 73 3
48 74 3
48 75 1
48 76 1
48 77 5
48 78 4
48 79 3
48 80 7
48 81 1
48 82 5
48 83 5
48 84 5
48 85 5
48 86 2
48 87 1
48 88 5
48 89 7
48 90 1
48 91 6
48 92 1
48 93 4
48 94 7
48 95 3
48 96 4
48 97 3
48 98 6
48 99 4
49 50 3
49 51 6
49 52 4
49 53 4
49 54 1
49 55 7
49 56 7
49 57 3
49 58 5
49 59 1
49 60 5
49 61 2
49 62 8
49 63 4
49 64 1
49 65 6
49 66 3
49 67 3
49 68 6
49 69 8
49 70 4
49 71 5
49 72 2
49 73 5
49 74 6
49 75 4
49 76 6
49 77 1
49 78 7
49 79 5
49 80 5
49 81 4
49 82 1
49 83 4
49 84 2
49 85 5
49 86 6
49 87 5
49 88 1
49 89 7
49 90 4
49 91 3
49 92 5
49 93 3
49 94 5
49 95 2
49 96 4
49 97 5
49 98 9
49 99 3
50 51 4
50 52 1
50 53 3
50 54 3
50 55 7
50 56 6
50 57 2
50 58 5
50 59 3
50 60 2
50 61 2
50 62 7
50 63 5
50 64 4
50 65 5
50 66 3
50 67 3
50 68 6
50 69 7
50 70 3
50 71 4
50 72 2
50 73 4
50 74 5
50 75 2
50 76 3
50 77 3
50 78 6
50 79 4
50 80 5
50 81 2
50 82 3
50 83 4
50 84 3
50 85 5
50 86 4
50 87 2
50 88 3
50 89 6
50 90 2
50 91 4
50 92 2
50 93 2
50 94 6
50 95 1
50 96 3
50 97 4
50 98 8
50 99 2
51 52 3
51 53 2
51 54 5
51 55 6
51 56 5
51 57 3
51 58 4
51 59 6
51 60 3
51 61 4
51 62 4
51 63 6
51 64 6
51 65 2
51 66 4
51 67 4
51 68 5
51 69 4
51 70 2
51 71 3
51 72 4
51 73 1
51 74 1
51 75 2
51 76 1
51 77 6
51 78 2
51 79 1
51 80 5
51 81 2
51 82 5
51 83 3
51 84 5
51 85 3
51 86 1
51 87 2
51 88 5
51 89 5
51 90 3
51 91 6
51 92 2
51 93 3
51 94 5
51 95 4
51 96 2
51 97 1
51 98 4
51 99 4
52 53 3
52 54 4
52 55 7
52 56 6
52 57 2
52 58 6
52 59 4
52 60 1
52 61 3
52 62 7
52 63 6
52 64 5
52 65 5
52 66 4
52 67 4
52 68 6
52 69 7
52 70 3
52 71 4
52 72 3
52 73 4
52 74 4
52 75 1
52 76 2
52 77 4
52 78 5
52 79 4
52 80 6
52 81 1
52 82 4
52 83 4
52 84 4
52 85 5
52 86 3
52 87 1
52 88 4
52 89 6
52 90 1
52 91 5
52 92 2
52 93 3
52 94 7
52 95 2
52 96 3
52 97 4
52 98 7
52 99 3
53 54 4
53 55 5
53 56 4
53 57 1
53 58 3
53 59 4
53 60 4
53 61 3
53 62 4
53 63 5
53 64 5
53 65 2
53 66 3
53 67 3
53 68 4
53 69 4
53 70 1
53 71 2
53 72 3
53 73 1
53 74 2
53 75 3
53 76 3
53 77 4
53 78 3
53 79 1
53 80 4
53 81 4
53 82 4
53 83 2
53 84 4
53 85 2
53 86 3
53 87 4
53 88 4
53 89 4
53 90 4
53 91 5
53 92 4
53 93 1
53 94 4
53 95 2
53 96 1
53 97 1
53 98 5
53 99 2
54 55 6
54 56 6
54 57 3
54 58 4
54 59 1
54 60 5
54 61 1
54 62 7
54 63 3
54 64 1
54 65 5
54 66 2
54 67 2
54 68 5
54 69 7
54 70 4
54 71 4
54 72 2
54 73 4
54 74 6
54 75 4
54 76 6
54 77 1
54 78 6
54 79 4
54 80 4
54 81 4
54 82 1
54 83 3
54 84 1
54 85 4
54 86 6
54 87 5
54 88 1
54 89 6
54 90 4
54 91 2
54 92 5
54 93 3
54 94 4
54 95 2
54 96 4
54 97 5
54 98 8
54 99 2
55 56 1
55 57 5
55 58 2
55 59 7
55 60 8
55 61 5
55 62 7
55 63 3
55 64 7
55 65 5
55 66 4
55 67 4
55 68 2
55 69 7
55 70 5
55 71 3
55 72 5
55 73 5
55 74 6
55 75 7
55 76 7
55 77 7
55 78 6
55 79 5
55 80 3
55 81 8
55 82 6
55 83 4
55 84 5
55 85 4
55 86 7
55 87 8
55 88 6
55 89 1
55 90 8
55 91 4
55 92 8
55 93 5
55 94 2
55 95 6
55 96 5
55 97 5
55 98 8
55 99 5
56 57 4
56 58 2
56 59 7
56 60 7
56 61 5
56 62 6
56 63 3
56 64 7
56 65 4
56 66 4
56 67 4
56 68 2
56 69 6
56 70 4
56 71 2
56 72 5
56 73 4
56 74 5
56 75 6
56 76 6
56 77 7
56 78 5
56 79 4
56 80 3
56 81 7
56 82 6
56 83 3
56 84 5
56 85 3
56 86 6
56 87 7
56 88 6
56 89 1
56 90 7
56 91 4
56 92 7
56 93 4
56 94 2
56 95 5
56 96 4
56 97 4
56 98 7
56 99 4
57 58 4
57 59 3
57 60 3
57 61 2
57 62 5
57 63 4
57 64 4
57 65 3
57 66 2
57 67 2
57 68 4
57 69 5
57 70 1
57 71 2
57 72 2
57 73 2
57 74 3
57 75 2
57 76 4
57 77 3
57 78 4
57 79 2
57 80 4
57 81 3
57 82 3
57 83 2
57 84 3
57 85 3
57 86 4
57 87 3
57 88 3
57 89 4
57 90 3
57 91 4
57 92 3
57 93 1
57 94 5
57 95 1
57 96 1
57 97 2
57 98 6
57 99 2
58 59 5
58 60 7
58 61 3
58 62 5
58 63 2
58 64 5
58 65 3
58 66 2
58 67 2
58 68 1
58 69 5
58 70 3
58 71 2
58 72 3
58 73 3
58 74 4
58 75 6
58 76 5
58 77 5
58 78 4
58 79 3
58 80 1
58 81 6
58 82 4
58 83 2
58 84 3
58 85 2
58 86 5
58 87 6
58 88 4
58 89 2
58 90 7
58 91 2
58 92 6
58 93 4
58 94 1
58 95 4
58 96 3
58 97 3
58 98 6
58 99 3
59 60 5
59 61 2
59 62 8
59 63 4
59 64 1
59 65 6
59 66 3
59 67 3
59 68 6
59 69 8
59 70 4
59 71 5
59 72 2
59 73 5
59 74 6
59 75 4
59 76 6
59 77 1
59 78 7
59 79 5
59 80 5
59 81 4
59 82 1
59 83 4
59 84 2
59 85 5
59 86 6
59 87 5
59 88 1
59 89 7
59 90 4
59 91 3
59 92 5
59 93 3
59 94 5
59 95 2
59 96 4
59 97 5
59 98 9
59 99 3
60 61 4
60 62 7
60 63 7
60 64 6
60 65 5
60 66 5
60 67 5
60 68 7
60 69 7
60 70 4
60 71 5
60 72 4
60 73 4
60 74 4
60 75 1
60 76 2
60 77 5
60 78 5
60 79 4
60 80 7
60 81 1
60 82 5
60 83 5
60 84 5
60 85 6
60 86 3
60 87 1
60 88 5
60 89 7
60 90 1
60 91 6
60 92 1
60 93 4
60 94 8
60 95 3
60 96 4
60 97 4
60 98 7
60 99 4
61 62 6
61 63 3
61 64 2
61 65 4
61 66 1
61 67 1
61 68 4
61 69 6
61 70 3
61 71 3
61 72 1
61 73 3
61 74 5
61 75 3
61 76 5
61 77 2
61 78 5
61 79 3
61 80 3
61 81 4
61 82 1
61 83 2
61 84 1
61 85 3
61 86 5
61 87 4
61 88 1
61 89 5
61 90 4
61 91 2
61 92 4
61 93 2
61 94 4
61 95 1
61 96 3
61 97 4
61 98 7
61 99 1
62 63 7
62 64 8
62 65 2
62 66 6
62 67 6
62 68 6
62 69 1
62 70 4
62 71 4
62 72 6
62 73 3
62 74 3
62 75 6
62 76 5
62 77 8
62 78 2
62 79 3
62 80 6
62 81 6
62 82 7
62 83 4
62 84 7
62 85 4
62 86 4
62 87 6
62 88 7
62 89 6
62 90 7
62 91 7
62 92 6
62 93 5
62 94 6
62 95 6
62 96 4
62 97 3
62 98 2
62 99 6
63 64 4
63 65 5
63 66 2
63 67 2
63 68 2
63 69 7
63 70 5
63 71 4
63 72 3
63 73 5
63 74 6
63 75 6
63 76 7
63 77 4
63 78 6
63 79 5
63 80 1
63 81 7
63 82 4
63 83 4
63 84 3
63 85 4
63 86 7
63 87 7
63 88 4
63 89 3
63 90 7
63 91 1
63 92 7
63 93 4
63 94 1
63 95 4
63 96 4
63 97 5
63 98 8
63 99 3
64 65 6
64 66 3
64 67 3
64 68 6
64 69 8
64 70 5
64 71 5
64 72 3
64 73 5
64 74 7
64 75 5
64 76 7
64 77 1
64 78 7
64 79 5
64 80 5
64 81 5
64 82 2
64 83 4
64 84 2
64 85 5
64 86 7
64 87 6
64 88 1
64 89 7
64 90 5
64 91 3
64 92 6
64 93 4
64 94 5
64 95 3
64 96 5
64 97 6
64 98 9
64 99 3
65 66 4
65 67 4
65 68 4
65 69 2
65 70 2
65 71 2
65 72 4
65 73 1
65 74 1
65 75 4
65 76 3
65 77 6
65 78 1
65 79 1
65 80 4
65 81 4
65 82 5
65 83 2
65 84 5
65 85 2
65 86 2
65 87 4
65 88 5
65 89 4
65 90 5
65 91 5
65 92 4
65 93 3
65 94 4
65 95 4
65 96 2
65 97 1
65 98 3
65 99 4
66 67 1
66 68 3
66 69 6
66 70 3
66 71 2
66 72 1
66 73 3
66 74 5
66 75 4
66 76 5
66 77 3
66 78 5
66 79 3
66 80 2
66 81 5
66 82 2
66 83 2
66 84 2
66 85 3
66 86 5
66 87 5
66 88 2
66 89 4
66 90 5
66 91 2
66 92 5
66 93 2
66 94 3
66 95 2
66 96 3
66 97 4
66 98 7
66 99 1
67 68 3
67 69 6
67 70 3
67 71 2
67 72 1
67 73 3
67 74 4
67 75 4
67 76 5
67 77 3
67 78 5
67 79 3
67 80 2
67 81 5
67 82 2
67 83 2
67 84 1
67 85 3
67 86 5
67 87 5
67 88 2
67 89 4
67 90 5
67 91 2
67 92 5
67 93 2
67 94 3
67 95 2
67 96 2
67 97 3
67 98 7
67 99 1
68 69 6
68 70 4
68 71 2
68 72 4
68 73 4
68 74 5
68 75 6
68 76 6
68 77 6
68 78 5
68 79 4
68 80 1
68 81 7
68 82 5
68 83 3
68 84 4
68 85 3
68 86 6
68 87 7
68 88 5
68 89 1
68 90 7
68 91 3
68 92 7
68 93 4
68 94 1
68 95 5
68 96 4
68 97 4
68 98 7
68 99 4
69 70 4
69 71 4
69 72 6
69 73 3
69 74 3
69 75 6
69 76 5
69 77 8
69 78 2
69 79 3
69 80 6
69 81 6
69 82 7
69 83 4
69 84 7
69 85 4
69 86 4
69 87 6
69 88 7
69 89 6
69 90 7
69 91 7
69 92 6
69 93 5
69 94 6
69 95 6
69 96 4
69 97 3
69 98 2
69 99 6
70 71 2
70 72 3
70 73 1
70 74 2
70 75 3
70 76 3
70 77 4
70 78 3
70 79 1
70 80 4
70 81 4
70 82 4
70 83 2
70 84 4
70 85 2
70 86 3
70 87 4
70 88 4
70 89 4
70 90 4
70 91 5
70 92 4
70 93 1
70 94 4
70 95 2
70 96 1
70 97 1
70 98 5
70 99 2
71 72 3
71 73 2
71 74 3
71 75 4
71 76 4
71 77 5
71 78 3
71 79 2
71 80 3
71 81 5
71 82 4
71 83 1
71 84 3
71 85 1
71 86 4
71 87 5
71 88 4
71 89 2
71 90 5
71 91 4
71 92 5
71 93 2
71 94 3
71 95 3
71 96 2
71 97 2
71 98 5
71 99 2
72 73 3
72 74 5
72 75 3
72 76 5
72 77 2
72 78 5
72 79 3
72 80 3
72 81 4
72 82 1
72 83 2
72 84 1
72 85 3
72 86 5
72 87 4
72 88 2
72 89 5
72 90 4
72 91 2
72 92 4
72 93 2
72 94 4
72 95 1
72 96 3
72 97 4
72 98 7
72 99 1
73 74 2
73 75 3
73 76 2
73 77 5
73 78 2
73 79 1
73 80 4
73 81 3
73 82 4
73 83 2
73 84 4
73 85 2
73 86 2
73 87 3
73 88 4
73 89 4
73 90 4
73 91 5
73 92 3
73 93 2
73 94 4
73 95 3
73 96 1
73 97 1
73 98 4
73 99 3
74 75 3
74 76 2
74 77 6
74 78 1
74 79 2
74 80 5
74 81 3
74 82 6
74 83 3
74 84 5
74 85 3
74 86 1
74 87 3
74 88 6
74 89 5
74 90 4
74 91 6
74 92 3
74 93 3
74 94 5
74 95 4
74 96 2
74 97 1
74 98 3
74 99 4
75 76 2
75 77 4
75 78 4
75 79 3
75 80 6
75 81 1
75 82 4
75 83 4
75 84 4
75 85 5
75 86 2
75 87 1
75 88 4
75 89 6
75 90 1
75 91 5
75 92 2
75 93 3
75 94 7
75 95 2
75 96 3
75 97 3
75 98 6
75 99 3
76 77 6
76 78 3
76 79 2
76 80 6
76 81 2
76 82 6
76 83 4
76 84 6
76 85 4
76 86 1
76 87 2
76 88 6
76 89 6
76 90 2
76 91 7
76 92 2
76 93 4
76 94 6
76 95 4
76 96 3
76 97 2
76 98 5
76 99 5
77 78 7
77 79 5
77 80 5
77 81 4
77 82 1
77 83 4
77 84 2
77 85 5
77 86 6
77 87 5
77 88 1
77 89 7
77 90 4
77 91 3
77 92 5
77 93 3
77 94 5
77 95 2
77 96 4
77 97 5
77 98 9
77 99 3
78 79 2
78 80 5
78 81 4
78 82 6
78 83 3
78 84 6
78 85 3
78 86 2
78 87 4
78 88 6
78 89 5
78 90 5
78 91 6
78 92 4
78 93 4
78 94 5
78 95 5
78 96 3
78 97 2
78 98 3
78 99 5
79 80 4
79 81 3
79 82 4
79 83 2
79 84 4
79 85 2
79 86 2
79 87 3
79 88 4
79 89 4
79 90 4
79 91 5
79 92 3
79 93 2
79 94 4
79 95 3
79 96 1
79 97 1
79 98 4
79 99 3
80 81 7
80 82 4
80 83 3
80 84 3
80 85 3
80 86 6
80 87 7
80 88 4
80 89 2
80 90 7
80 91 2
80 92 7
80 93 4
80 94 1
80 95 4
80 96 4
80 97 4
80 98 7
80 99 3
81 82 4
81 83 5
81 84 5
81 85 5
81 86 2
81 87 1
81 88 4
81 89 7
81 90 1
81 91 6
81 92 1
81 93 4
81 94 7
81 95 3
81 96 4
81 97 3
81 98 6
81 99 4
82 83 3
82 84 1
82 85 4
82 86 6
82 87 5
82 88 1
82 89 6
82 90 4
82 91 3
82 92 5
82 93 3
82 94 5
82 95 2
82 96 4
82 97 5
82 98 8
82 99 2
83 84 3
83 85 1
83 86 4
83 87 5
83 88 3
83 89 3
83 90 5
83 91 4
83 92 5
83 93 2
83 94 3
83 95 3
83 96 2
83 97 2
83 98 5
83 99 2
84 85 4
84 86 6
84 87 5
84 88 1
84 89 5
84 90 5
84 91 2
84 92 5
84 93 3
84 94 4
84 95 2
84 96 3
84 97 4
84 98 8
84 99 2
85 86 4
85 87 5
85 88 4
85 89 3
85 90 6
85 91 4
85 92 5
85 93 3
85 94 3
85 95 4
85 96 2
85 97 2
85 98 5
85 99 3
86 87 2
86 88 6
86 89 6
86 90 3
86 91 7
86 92 3
86 93 4
86 94 6
86 95 4
86 96 3
86 97 2
86 98 4
86 99 5
87 88 5
87 89 7
87 90 1
87 91 6
87 92 1
87 93 4
87 94 7
87 95 3
87 96 4
87 97 3
87 98 6
87 99 4
88 89 6
88 90 4
88 91 3
88 92 5
88 93 3
88 94 5
88 95 2
88 96 4
88 97 5
88 98 8
88 99 2
89 90 7
89 91 4
89 92 7
89 93 4
89 94 2
89 95 5
89 96 4
89 97 4
89 98 7
89 99 4
90 91 6
90 92 1
90 93 4
90 94 8
90 95 3
90 96 4
90 97 4
90 98 7
90 99 4
91 92 6
91 93 4
91 94 2
91 95 3
91 96 4
91 97 5
91 98 8
91 99 3
92 93 4
92 94 7
92 95 3
92 96 4
92 97 3
92 98 6
92 99 4
93 94 5
93 95 1
93 96 1
93 97 2
93 98 6
93 99 1
94 95 5
94 96 4
94 97 4
94 98 7
94 99 4
95 96 2
95 97 3
95 98 7
95 99 1
96 97 1
96 98 5
96 99 2
97 98 4
97 99 3
98 99 7
