100 
0 1 5
0 2 3
0 3 3
0 4 5
0 5 2
0 6 3
0 7 2
0 8 4
0 9 1
0 10 2
0 11 3
0 12 3
0 13 3
0 14 4
0 15 2
0 16 2
0 17 2
0 18 3
0 19 4
0 20 3
0 21 2
0 22 2
0 23 3
0 24 3
0 25 4
0 26 2
0 27 3
0 28 2
0 29 4
0 30 1
0 31 3
0 32 5
0 33 3
0 34 3
0 35 2
0 36 2
0 37 1
0 38 3
0 39 2
0 40 3
0 41 3
0 42 2
0 43 3
0 44 2
0 45 2
0 46 3
0 47 3
0 48 2
0 49 2
0 50 3
0 51 4
0 52 4
0 53 4
0 54 2
0 55 3
0 56 4
0 57 2
0 58 1
0 59 2
0 60 2
0 61 4
0 62 2
0 63 3
0 64 3
0 65 4
0 66 3
0 67 2
0 68 2
0 69 2
0 70 4
0 71 3
0 72 1
0 73 3
0 74 4
0 75 3
0 76 3
0 77 5
0 78 2
0 79 3
0 80 4
0 81 1
0 82 1
0 83 2
0 84 3
0 85 4
0 86 4
0 87 2
0 88 4
0 89 4
0 90 2
0 91 4
0 92 1
0 93 3
0 94 4
0 95 3
0 96 4
0 97 1
0 98 4
0 99 1
1 2 3
1 3 4
1 4 3
1 5 4
1 6 3
1 7 4
1 8 2
1 9 4
1 10 5
1 11 2
1 12 2
1 13 3
1 14 1
1 15 4
1 16 3
1 17 5
1 18 2
1 19 4
1 20 5
1 21 3
1 22 4
1 23 2
1 24 3
1 25 4
1 26 4
1 27 3
1 28 4
1 29 1
1 30 5
1 31 3
1 32 3
1 33 3
1 34 3
1 35 3
1 36 3
1 37 4
1 38 3
1 39 4
1 40 3
1 41 3
1 42 3
1 43 4
1 44 3
1 45 5
1 46 2
1 47 2
1 48 5
1 49 3
1 50 2
1 51 3
1 52 4
1 53 3
1 54 4
1 55 3
1 56 4
1 57 3
1 58 4
1 59 3
1 60 4
1 61 2
1 62 3
1 63 2
1 64 3
1 65 3
1 66 2
1 67 4
1 68 4
1 69 4
1 70 4
1 71 5
1 72 4
1 73 3
1 74 3
1 75 4
1 76 3
1 77 2
1 78 5
1 79 3
1 80 3
1 81 4
1 82 4
1 83 3
1 84 3
1 85 1
1 86 2
1 87 5
1 88 2
1 89 2
1 90 3
1 91 3
1 92 4
1 93 3
1 94 1
1 95 3
1 96 2
1 97 4
1 98 1
1 99 4
2 3 4
2 4 4
2 5 4
2 6 3
2 7 1
2 8 2
2 9 3
2 10 4
2 11 2
2 12 1
2 13 3
2 14 3
2 15 4
2 16 2
2 17 4
2 18 1
2 19 4
2 20 4
2 21 2
2 22 3
2 23 2
2 24 3
2 25 4
2 26 3
2 27 3
2 28 4
2 29 3
2 30 4
2 31 3
2 32 4
2 33 3
2 34 3
2 35 3
2 36 1
2 37 2
2 38 3
2 39 3
2 40 3
2 41 2
2 42 1
2 43 4
2 44 3
2 45 4
2 46 2
2 47 2
2 48 4
2 49 2
2 50 1
2 51 3
2 52 4
2 53 3
2 54 3
2 55 2
2 56 4
2 57 3
2 58 2
2 59 1
2 60 4
2 61 3
2 62 1
2 63 2
2 64 3
2 65 3
2 66 2
2 67 3
2 68 3
2 69 1
2 70 4
2 71 4
2 72 3
2 73 3
2 74 3
2 75 4
2 76 3
2 77 3
2 78 4
2 79 3
2 80 3
2 81 2
2 82 3
2 83 3
2 84 3
2 85 2
2 86 2
2 87 4
2 88 3
2 89 3
2 90 2
2 91 3
2 92 2
2 93 3
2 94 2
2 95 3
2 96 3
2 97 2
2 98 2
2 99 3
3 4 3
3 5 2
3 6 2
3 7 4
3 8 3
3 9 2
3 10 2
3 11 2
3 12 3
3 13 2
3 14 4
3 15 2
3 16 2
3 17 1
3 18 3
3 19 2
3 20 2
3 21 2
3 22 1
3 23 2
3 24 1
3 25 1
3 26 1
3 27 1
3 28 1
3 29 4
3 30 2
3 31 2
3 32 3
3 33 2
3 34 2
3 35 1
3 36 4
3 37 3
3 38 1
3 39 1
3 40 1
3 41 2
3 42 4
3 43 1
3 44 1
3 45 1
3 46 2
3 47 3
3 48 1
3 49 2
3 50 3
3 51 3
3 52 2
3 53 3
3 54 1
3 55 2
3 56 1
3 57 1
3 58 4
3 59 4
3 60 1
3 61 3
3 62 3
3 63 2
3 64 2
3 65 3
3 66 2
3 67 1
3 68 1
3 69 4
3 70 1
3 71 1
3 72 2
3 73 2
3 74 2
3 75 1
3 76 2
3 77 4
3 78 1
3 79 2
3 80 3
3 81 4
3 82 2
3 83 1
3 84 2
3 85 3
3 86 3
3 87 1
3 88 3
3 89 3
3 90 2
3 91 3
3 92 3
3 93 1
3 94 3
3 95 1
3 96 2
3 97 4
3 98 3
3 99 2
4 5 4
4 6 2
4 7 5
4 8 2
4 9 4
4 10 4
4 11 2
4 12 3
4 13 2
4 14 2
4 15 4
4 16 3
4 17 4
4 18 3
4 19 1
4 20 4
4 21 3
4 22 4
4 23 3
4 24 3
4 25 2
4 26 3
4 27 2
4 28 4
4 29 2
4 30 4
4 31 2
4 32 1
4 33 2
4 34 2
4 35 3
4 36 4
4 37 5
4 38 2
4 39 4
4 40 2
4 41 3
4 42 4
4 43 3
4 44 3
4 45 4
4 46 2
4 47 3
4 48 4
4 49 3
4 50 3
4 51 1
4 52 1
4 53 1
4 54 4
4 55 3
4 56 2
4 57 3
4 58 5
4 59 4
4 60 3
4 61 2
4 62 4
4 63 2
4 64 2
4 65 1
4 66 2
4 67 3
4 68 3
4 69 5
4 70 2
4 71 4
4 72 4
4 73 2
4 74 1
4 75 3
4 76 2
4 77 2
4 78 4
4 79 2
4 80 1
4 81 5
4 82 4
4 83 3
4 84 2
4 85 2
4 86 2
4 87 4
4 88 2
4 89 1
4 90 3
4 91 1
4 92 4
4 93 2
4 94 2
4 95 2
4 96 2
4 97 5
4 98 2
4 99 4
5 6 2
5 7 4
5 8 4
5 9 1
5 10 1
5 11 3
5 12 3
5 13 2
5 14 4
5 15 1
5 16 2
5 17 1
5 18 3
5 19 3
5 20 1
5 21 2
5 22 1
5 23 2
5 24 2
5 25 3
5 26 1
5 27 2
5 28 1
5 29 4
5 30 1
5 31 3
5 32 4
5 33 2
5 34 3
5 35 1
5 36 4
5 37 2
5 38 2
5 39 1
5 40 2
5 41 2
5 42 4
5 43 2
5 44 1
5 45 1
5 46 3
5 47 3
5 48 1
5 49 2
5 50 3
5 51 4
5 52 3
5 53 4
5 54 1
5 55 2
5 56 3
5 57 2
5 58 3
5 59 4
5 60 1
5 61 3
5 62 3
5 63 3
5 64 2
5 65 4
5 66 3
5 67 1
5 68 1
5 69 4
5 70 3
5 71 2
5 72 1
5 73 2
5 74 3
5 75 2
5 76 3
5 77 4
5 78 1
5 79 2
5 80 4
5 81 3
5 82 1
5 83 2
5 84 3
5 85 3
5 86 3
5 87 1
5 88 4
5 89 4
5 90 2
5 91 4
5 92 2
5 93 2
5 94 4
5 95 2
5 96 3
5 97 3
5 98 4
5 99 1
6 7 3
6 8 2
6 9 2
6 10 2
6 11 1
6 12 2
6 13 1
6 14 2
6 15 2
6 16 1
6 17 2
6 18 2
6 19 2
6 20 3
6 21 1
6 22 2
6 23 1
6 24 1
6 25 2
6 26 1
6 27 1
6 28 2
6 29 3
6 30 2
6 31 1
6 32 2
6 33 1
6 34 1
6 35 1
6 36 3
6 37 3
6 38 1
6 39 2
6 40 1
6 41 1
6 42 3
6 43 2
6 44 1
6 45 3
6 46 1
6 47 2
6 48 2
6 49 1
6 50 2
6 51 2
6 52 2
6 53 2
6 54 2
6 55 1
6 56 2
6 57 1
6 58 3
6 59 3
6 60 2
6 61 1
6 62 2
6 63 1
6 64 1
6 65 2
6 66 1
6 67 1
6 68 2
6 69 3
6 70 2
6 71 3
6 72 2
6 73 1
6 74 1
6 75 2
6 76 1
6 77 2
6 78 3
6 79 1
6 80 2
6 81 3
6 82 2
6 83 1
6 84 1
6 85 2
6 86 1
6 87 2
6 88 2
6 89 2
6 90 1
6 91 2
6 92 2
6 93 1
6 94 2
6 95 1
6 96 1
6 97 3
6 98 2
6 99 2
7 8 3
7 9 3
7 10 4
7 11 3
7 12 2
7 13 3
7 14 4
7 15 4
7 16 2
7 17 4
7 18 2
7 19 5
7 20 4
7 21 2
7 22 3
7 23 2
7 24 3
7 25 5
7 26 3
7 27 4
7 28 4
7 29 4
7 30 3
7 31 3
7 32 5
7 33 3
7 34 3
7 35 3
7 36 1
7 37 2
7 38 4
7 39 3
7 40 3
7 41 2
7 42 1
7 43 4
7 44 3
7 45 4
7 46 3
7 47 3
7 48 4
7 49 2
7 50 2
7 51 4
7 52 4
7 53 4
7 54 3
7 55 3
7 56 4
7 57 3
7 58 1
7 59 1
7 60 4
7 61 4
7 62 1
7 63 3
7 64 3
7 65 4
7 66 3
7 67 3
7 68 3
7 69 1
7 70 5
7 71 4
7 72 3
7 73 3
7 74 4
7 75 4
7 76 3
7 77 4
7 78 4
7 79 3
7 80 4
7 81 1
7 82 3
7 83 3
7 84 3
7 85 3
7 86 3
7 87 4
7 88 4
7 89 4
7 90 2
7 91 4
7 92 2
7 93 4
7 94 3
7 95 4
7 96 3
7 97 1
7 98 3
7 99 3
8 9 3
8 10 4
8 11 2
8 12 1
8 13 2
8 14 1
8 15 4
8 16 2
8 17 4
8 18 2
8 19 3
8 20 4
8 21 2
8 22 3
8 23 2
8 24 2
8 25 3
8 26 3
8 27 3
8 28 4
8 29 1
8 30 4
8 31 2
8 32 2
8 33 2
8 34 2
8 35 3
8 36 3
8 37 3
8 38 3
8 39 3
8 40 2
8 41 2
8 42 2
8 43 3
8 44 3
8 45 4
8 46 1
8 47 1
8 48 4
8 49 3
8 50 1
8 51 2
8 52 2
8 53 1
8 54 4
8 55 2
8 56 3
8 57 3
8 58 3
8 59 2
8 60 3
8 61 1
8 62 2
8 63 1
8 64 2
8 65 2
8 66 1
8 67 3
8 68 3
8 69 3
8 70 3
8 71 4
8 72 3
8 73 2
8 74 1
8 75 3
8 76 2
8 77 1
8 78 4
8 79 2
8 80 2
8 81 3
8 82 3
8 83 2
8 84 2
8 85 1
8 86 1
8 87 4
8 88 1
8 89 1
8 90 2
8 91 1
8 92 3
8 93 2
8 94 1
8 95 2
8 96 1
8 97 3
8 98 1
8 99 3
9 10 1
9 11 2
9 12 3
9 13 2
9 14 4
9 15 1
9 16 1
9 17 1
9 18 3
9 19 3
9 20 2
9 21 2
9 22 1
9 23 2
9 24 2
9 25 3
9 26 1
9 27 2
9 28 1
9 29 4
9 30 1
9 31 2
9 32 4
9 33 2
9 34 2
9 35 1
9 36 3
9 37 2
9 38 2
9 39 1
9 40 2
9 41 2
9 42 3
9 43 2
9 44 1
9 45 1
9 46 2
9 47 3
9 48 1
9 49 1
9 50 3
9 51 3
9 52 3
9 53 3
9 54 1
9 55 2
9 56 3
9 57 1
9 58 2
9 59 3
9 60 1
9 61 3
9 62 2
9 63 2
9 64 2
9 65 3
9 66 3
9 67 1
9 68 1
9 69 3
9 70 3
9 71 2
9 72 1
9 73 2
9 74 3
9 75 2
9 76 2
9 77 4
9 78 1
9 79 2
9 80 3
9 81 2
9 82 1
9 83 1
9 84 2
9 85 3
9 86 3
9 87 1
9 88 3
9 89 3
9 90 2
9 91 3
9 92 2
9 93 2
9 94 3
9 95 2
9 96 3
9 97 2
9 98 3
9 99 1
10 11 3
10 12 3
10 13 2
10 14 4
10 15 1
10 16 2
10 17 1
10 18 3
10 19 3
10 20 1
10 21 2
10 22 1
10 23 3
10 24 2
10 25 3
10 26 1
10 27 2
10 28 1
10 29 4
10 30 1
10 31 3
10 32 4
10 33 3
10 34 3
10 35 2
10 36 4
10 37 2
10 38 2
10 39 1
10 40 2
10 41 3
10 42 4
10 43 2
10 44 2
10 45 1
10 46 3
10 47 3
10 48 1
10 49 2
10 50 3
10 51 4
10 52 3
10 53 4
10 54 1
10 55 2
10 56 3
10 57 2
10 58 3
10 59 4
10 60 1
10 61 3
10 62 3
10 63 3
10 64 3
10 65 4
10 66 3
10 67 2
10 68 1
10 69 4
10 70 3
10 71 2
10 72 1
10 73 2
10 74 3
10 75 2
10 76 3
10 77 4
10 78 1
10 79 3
10 80 4
10 81 3
10 82 2
10 83 2
10 84 3
10 85 4
10 86 3
10 87 1
10 88 4
10 89 4
10 90 2
10 91 4
10 92 2
10 93 2
10 94 4
10 95 2
10 96 3
10 97 3
10 98 4
10 99 1
11 12 2
11 13 1
11 14 2
11 15 3
11 16 2
11 17 3
11 18 2
11 19 2
11 20 3
11 21 1
11 22 2
11 23 1
11 24 1
11 25 2
11 26 2
11 27 1
11 28 3
11 29 2
11 30 3
11 31 1
11 32 2
11 33 1
11 34 1
11 35 2
11 36 3
11 37 3
11 38 1
11 39 2
11 40 1
11 41 1
11 42 2
11 43 2
11 44 2
11 45 3
11 46 1
11 47 1
11 48 3
11 49 2
11 50 1
11 51 2
11 52 2
11 53 2
11 54 3
11 55 1
11 56 2
11 57 2
11 58 3
11 59 2
11 60 2
11 61 1
11 62 2
11 63 1
11 64 1
11 65 2
11 66 1
11 67 2
11 68 2
11 69 3
11 70 2
11 71 3
11 72 2
11 73 1
11 74 1
11 75 2
11 76 1
11 77 2
11 78 3
11 79 1
11 80 2
11 81 3
11 82 2
11 83 1
11 84 1
11 85 1
11 86 1
11 87 3
11 88 1
11 89 2
11 90 1
11 91 2
11 92 3
11 93 1
11 94 2
11 95 1
11 96 1
11 97 3
11 98 2
11 99 2
12 13 2
12 14 2
12 15 3
12 16 2
12 17 4
12 18 1
12 19 4
12 20 4
12 21 2
12 22 3
12 23 1
12 24 2
12 25 4
12 26 3
12 27 3
12 28 3
12 29 2
12 30 3
12 31 2
12 32 3
12 33 2
12 34 2
12 35 2
12 36 2
12 37 2
12 38 3
12 39 3
12 40 2
12 41 1
12 42 1
12 43 3
12 44 2
12 45 4
12 46 1
12 47 1
12 48 4
12 49 2
12 50 1
12 51 3
12 52 3
12 53 2
12 54 3
12 55 2
12 56 3
12 57 2
12 58 2
12 59 1
12 60 3
12 61 2
12 62 1
12 63 2
12 64 2
12 65 3
12 66 2
12 67 3
12 68 3
12 69 2
12 70 4
12 71 4
12 72 3
12 73 2
12 74 2
12 75 3
12 76 2
12 77 2
12 78 4
12 79 2
12 80 3
12 81 2
12 82 2
12 83 2
12 84 2
12 85 1
12 86 2
12 87 3
12 88 2
12 89 2
12 90 1
12 91 2
12 92 2
12 93 3
12 94 1
12 95 3
12 96 2
12 97 2
12 98 1
12 99 2
13 14 3
13 15 2
13 16 1
13 17 2
13 18 2
13 19 2
13 20 3
13 21 1
13 22 2
13 23 1
13 24 1
13 25 2
13 26 1
13 27 1
13 28 2
13 29 3
13 30 2
13 31 1
13 32 2
13 33 1
13 34 1
13 35 1
13 36 3
13 37 3
13 38 1
13 39 2
13 40 1
13 41 1
13 42 3
13 43 2
13 44 1
13 45 2
13 46 1
13 47 2
13 48 2
13 49 1
13 50 2
13 51 2
13 52 2
13 53 2
13 54 2
13 55 1
13 56 2
13 57 1
13 58 3
13 59 3
13 60 2
13 61 2
13 62 2
13 63 1
13 64 1
13 65 2
13 66 1
13 67 1
13 68 1
13 69 3
13 70 2
13 71 2
13 72 2
13 73 1
13 74 1
13 75 1
13 76 1
13 77 3
13 78 2
13 79 1
13 80 2
13 81 3
13 82 2
13 83 1
13 84 1
13 85 2
13 86 2
13 87 2
13 88 2
13 89 2
13 90 1
13 91 2
13 92 2
13 93 1
13 94 2
13 95 1
13 96 1
13 97 3
13 98 2
13 99 2
14 15 4
14 16 3
14 17 4
14 18 2
14 19 3
14 20 5
14 21 3
14 22 4
14 23 2
14 24 3
14 25 4
14 26 3
14 27 3
14 28 4
14 29 1
14 30 4
14 31 2
14 32 2
14 33 2
14 34 2
14 35 3
14 36 3
14 37 4
14 38 3
14 39 4
14 40 3
14 41 2
14 42 3
14 43 4
14 44 3
14 45 5
14 46 2
14 47 1
14 48 4
14 49 3
14 50 2
14 51 2
14 52 3
14 53 2
14 54 4
14 55 2
14 56 4
14 57 3
14 58 4
14 59 3
14 60 4
14 61 2
14 62 3
14 63 2
14 64 2
14 65 2
14 66 2
14 67 3
14 68 4
14 69 4
14 70 4
14 71 4
14 72 4
14 73 2
14 74 2
14 75 3
14 76 2
14 77 1
14 78 5
14 79 2
14 80 2
14 81 4
14 82 3
14 83 3
14 84 2
14 85 1
14 86 1
14 87 4
14 88 1
14 89 1
14 90 2
14 91 2
14 92 4
14 93 3
14 94 1
14 95 3
14 96 2
14 97 4
14 98 1
14 99 3
15 16 2
15 17 1
15 18 3
15 19 3
15 20 1
15 21 2
15 22 1
15 23 2
15 24 2
15 25 3
15 26 1
15 27 2
15 28 1
15 29 4
15 30 1
15 31 3
15 32 4
15 33 2
15 34 3
15 35 1
15 36 4
15 37 2
15 38 2
15 39 1
15 40 2
15 41 2
15 42 4
15 43 2
15 44 1
15 45 1
15 46 3
15 47 3
15 48 1
15 49 2
15 50 3
15 51 4
15 52 3
15 53 4
15 54 1
15 55 2
15 56 3
15 57 2
15 58 3
15 59 4
15 60 1
15 61 3
15 62 3
15 63 3
15 64 2
15 65 4
15 66 3
15 67 1
15 68 1
15 69 4
15 70 3
15 71 2
15 72 1
15 73 2
15 74 3
15 75 2
15 76 3
15 77 4
15 78 1
15 79 2
15 80 4
15 81 3
15 82 1
15 83 2
15 84 3
15 85 3
15 86 3
15 87 1
15 88 4
15 89 4
15 90 2
15 91 4
15 92 2
15 93 2
15 94 4
15 95 2
15 96 3
15 97 3
15 98 4
15 99 1
16 17 2
16 18 2
16 19 3
16 20 2
16 21 1
16 22 1
16 23 1
16 24 1
16 25 3
16 26 1
16 27 2
16 28 2
16 29 3
16 30 2
16 31 2
16 32 3
16 33 1
16 34 2
16 35 1
16 36 2
16 37 2
16 38 2
16 39 1
16 40 1
16 41 1
16 42 2
16 43 2
16 44 1
16 45 2
16 46 1
16 47 2
16 48 2
16 49 1
16 50 2
16 51 3
16 52 2
16 53 3
16 54 2
16 55 1
16 56 2
16 57 1
16 58 2
16 59 2
16 60 2
16 61 2
16 62 1
16 63 2
16 64 1
16 65 3
16 66 2
16 67 1
16 68 1
16 69 2
16 70 3
16 71 2
16 72 1
16 73 1
16 74 2
16 75 2
16 76 2
16 77 3
16 78 2
16 79 1
16 80 3
16 81 2
16 82 1
16 83 1
16 84 2
16 85 2
16 86 2
16 87 2
16 88 2
16 89 3
16 90 1
16 91 3
16 92 1
16 93 2
16 94 2
16 95 2
16 96 2
16 97 2
16 98 2
16 99 1
17 18 3
17 19 3
17 20 1
17 21 2
17 22 1
17 23 3
17 24 2
17 25 2
17 26 1
17 27 2
17 28 1
17 29 4
17 30 1
17 31 3
17 32 4
17 33 2
17 34 3
17 35 2
17 36 4
17 37 3
17 38 2
17 39 1
17 40 2
17 41 3
17 42 4
17 43 2
17 44 2
17 45 1
17 46 3
17 47 3
17 48 1
17 49 2
17 50 3
17 51 4
17 52 3
17 53 4
17 54 1
17 55 2
17 56 2
17 57 2
17 58 3
17 59 4
17 60 1
17 61 3
17 62 3
17 63 3
17 64 2
17 65 4
17 66 3
17 67 1
17 68 1
17 69 4
17 70 2
17 71 1
17 72 2
17 73 2
17 74 3
17 75 2
17 76 3
17 77 4
17 78 1
17 79 2
17 80 4
17 81 3
17 82 2
17 83 2
17 84 3
17 85 4
17 86 3
17 87 1
17 88 4
17 89 4
17 90 3
17 91 4
17 92 3
17 93 2
17 94 4
17 95 2
17 96 3
17 97 3
17 98 4
17 99 2
18 19 3
18 20 4
18 21 1
18 22 3
18 23 1
18 24 2
18 25 3
18 26 2
18 27 3
18 28 3
18 29 2
18 30 3
18 31 2
18 32 3
18 33 2
18 34 2
18 35 2
18 36 1
18 37 2
18 38 2
18 39 2
18 40 2
18 41 1
18 42 1
18 43 3
18 44 2
18 45 4
18 46 1
18 47 1
18 48 3
18 49 2
18 50 1
18 51 3
18 52 3
18 53 3
18 54 3
18 55 1
18 56 3
18 57 2
18 58 2
18 59 1
18 60 3
18 61 2
18 62 1
18 63 2
18 64 2
18 65 3
18 66 2
18 67 2
18 68 3
18 69 2
18 70 3
18 71 4
18 72 2
18 73 2
18 74 2
18 75 3
18 76 2
18 77 2
18 78 3
18 79 2
18 80 3
18 81 2
18 82 2
18 83 2
18 84 2
18 85 1
18 86 2
18 87 3
18 88 2
18 89 2
18 90 1
18 91 3
18 92 2
18 93 2
18 94 1
18 95 2
18 96 2
18 97 2
18 98 1
18 99 2
19 20 3
19 21 3
19 22 3
19 23 3
19 24 2
19 25 1
19 26 3
19 27 1
19 28 3
19 29 3
19 30 3
19 31 2
19 32 2
19 33 2
19 34 2
19 35 2
19 36 4
19 37 4
19 38 2
19 39 3
19 40 2
19 41 3
19 42 4
19 43 2
19 44 2
19 45 3
19 46 3
19 47 3
19 48 3
19 49 3
19 50 3
19 51 2
19 52 1
19 53 2
19 54 3
19 55 2
19 56 1
19 57 2
19 58 5
19 59 4
19 60 2
19 61 3
19 62 4
19 63 2
19 64 2
19 65 2
19 66 3
19 67 2
19 68 2
19 69 5
19 70 1
19 71 3
19 72 3
19 73 2
19 74 2
19 75 2
19 76 2
19 77 3
19 78 3
19 79 2
19 80 2
19 81 5
19 82 3
19 83 2
19 84 2
19 85 3
19 86 3
19 87 3
19 88 3
19 89 2
19 90 3
19 91 2
19 92 4
19 93 1
19 94 3
19 95 1
19 96 2
19 97 5
19 98 3
19 99 3
20 21 3
20 22 1
20 23 3
20 24 2
20 25 3
20 26 2
20 27 2
20 28 1
20 29 5
20 30 2
20 31 3
20 32 5
20 33 3
20 34 3
20 35 2
20 36 4
20 37 3
20 38 2
20 39 2
20 40 3
20 41 3
20 42 4
20 43 2
20 44 2
20 45 1
20 46 3
20 47 4
20 48 1
20 49 2
20 50 4
20 51 4
20 52 3
20 53 4
20 54 1
20 55 3
20 56 3
20 57 2
20 58 4
20 59 4
20 60 1
20 61 4
20 62 3
20 63 3
20 64 3
20 65 4
20 66 4
20 67 2
20 68 2
20 69 4
20 70 3
20 71 1
20 72 2
20 73 3
20 74 4
20 75 2
20 76 3
20 77 5
20 78 1
20 79 3
20 80 4
20 81 4
20 82 2
20 83 2
20 84 3
20 85 4
20 86 4
20 87 1
20 88 4
20 89 4
20 90 3
20 91 4
20 92 3
20 93 2
20 94 4
20 95 2
20 96 3
20 97 4
20 98 4
20 99 2
21 22 2
21 23 1
21 24 1
21 25 3
21 26 1
21 27 2
21 28 2
21 29 3
21 30 2
21 31 1
21 32 3
21 33 1
21 34 2
21 35 1
21 36 2
21 37 2
21 38 2
21 39 1
21 40 1
21 41 1
21 42 2
21 43 2
21 44 1
21 45 3
21 46 1
21 47 2
21 48 2
21 49 1
21 50 1
21 51 3
21 52 2
21 53 3
21 54 2
21 55 1
21 56 2
21 57 1
21 58 2
21 59 2
21 60 2
21 61 2
21 62 1
21 63 1
21 64 1
21 65 3
21 66 2
21 67 1
21 68 2
21 69 2
21 70 3
21 71 3
21 72 1
21 73 1
21 74 2
21 75 2
21 76 2
21 77 3
21 78 2
21 79 1
21 80 3
21 81 2
21 82 1
21 83 1
21 84 2
21 85 2
21 86 2
21 87 2
21 88 2
21 89 3
21 90 1
21 91 3
21 92 2
21 93 2
21 94 2
21 95 2
21 96 2
21 97 2
21 98 2
21 99 1
22 23 2
22 24 1
22 25 2
22 26 1
22 27 2
22 28 1
22 29 4
22 30 1
22 31 2
22 32 4
22 33 2
22 34 2
22 35 1
22 36 3
22 37 2
22 38 2
22 39 1
22 40 2
22 41 2
22 42 3
22 43 1
22 44 1
22 45 1
22 46 2
22 47 3
22 48 1
22 49 1
22 50 3
22 51 3
22 52 3
22 53 3
22 54 1
22 55 2
22 56 2
22 57 1
22 58 3
22 59 3
22 60 1
22 61 3
22 62 2
22 63 2
22 64 2
22 65 3
22 66 3
22 67 1
22 68 1
22 69 3
22 70 2
22 71 1
22 72 1
22 73 2
22 74 3
22 75 1
22 76 2
22 77 4
22 78 1
22 79 2
22 80 3
22 81 3
22 82 1
22 83 1
22 84 2
22 85 3
22 86 3
22 87 1
22 88 3
22 89 3
22 90 2
22 91 3
22 92 2
22 93 2
22 94 3
22 95 2
22 96 3
22 97 3
22 98 3
22 99 1
23 24 1
23 25 3
23 26 2
23 27 2
23 28 2
23 29 2
23 30 3
23 31 1
23 32 3
23 33 1
23 34 1
23 35 1
23 36 2
23 37 2
23 38 2
23 39 2
23 40 1
23 41 1
23 42 2
23 43 2
23 44 1
23 45 3
23 46 1
23 47 1
23 48 3
23 49 1
23 50 1
23 51 2
23 52 2
23 53 2
23 54 2
23 55 1
23 56 2
23 57 1
23 58 2
23 59 2
23 60 2
23 61 2
23 62 1
23 63 1
23 64 1
23 65 2
23 66 1
23 67 2
23 68 2
23 69 2
23 70 3
23 71 3
23 72 2
23 73 1
23 74 2
23 75 2
23 76 1
23 77 2
23 78 3
23 79 1
23 80 2
23 81 2
23 82 2
23 83 1
23 84 1
23 85 1
23 86 1
23 87 3
23 88 2
23 89 2
23 90 1
23 91 2
23 92 2
23 93 2
23 94 2
23 95 2
23 96 1
23 97 2
23 98 2
23 99 2
24 25 2
24 26 1
24 27 1
24 28 2
24 29 3
24 30 2
24 31 1
24 32 3
24 33 1
24 34 1
24 35 1
24 36 3
24 37 3
24 38 1
24 39 1
24 40 1
24 41 1
24 42 3
24 43 1
24 44 1
24 45 2
24 46 1
24 47 2
24 48 2
24 49 1
24 50 2
24 51 2
24 52 2
24 53 2
24 54 2
24 55 1
24 56 1
24 57 1
24 58 3
24 59 3
24 60 1
24 61 2
24 62 2
24 63 1
24 64 1
24 65 2
24 66 2
24 67 1
24 68 1
24 69 3
24 70 2
24 71 2
24 72 2
24 73 1
24 74 2
24 75 1
24 76 1
24 77 3
24 78 2
24 79 1
24 80 2
24 81 3
24 82 2
24 83 1
24 84 1
24 85 2
24 86 2
24 87 2
24 88 2
24 89 2
24 90 2
24 91 2
24 92 2
24 93 1
24 94 2
24 95 1
24 96 2
24 97 3
24 98 2
24 99 2
25 26 2
25 27 1
25 28 2
25 29 4
25 30 3
25 31 2
25 32 3
25 33 2
25 34 2
25 35 2
25 36 4
25 37 4
25 38 1
25 39 2
25 40 2
25 41 3
25 42 4
25 43 1
25 44 2
25 45 2
25 46 3
25 47 3
25 48 2
25 49 3
25 50 3
25 51 3
25 52 1
25 53 3
25 54 2
25 55 2
25 56 1
25 57 2
25 58 5
25 59 4
25 60 2
25 61 3
25 62 4
25 63 2
25 64 2
25 65 3
25 66 3
25 67 2
25 68 2
25 69 5
25 70 1
25 71 2
25 72 3
25 73 2
25 74 2
25 75 1
25 76 2
25 77 4
25 78 2
25 79 2
25 80 3
25 81 5
25 82 3
25 83 2
25 84 2
25 85 3
25 86 3
25 87 2
25 88 3
25 89 3
25 90 3
25 91 3
25 92 4
25 93 1
25 94 4
25 95 1
25 96 2
25 97 5
25 98 3
25 99 3
26 27 2
26 28 1
26 29 3
26 30 1
26 31 2
26 32 3
26 33 2
26 34 2
26 35 1
26 36 3
26 37 2
26 38 1
26 39 1
26 40 1
26 41 2
26 42 3
26 43 2
26 44 1
26 45 2
26 46 2
26 47 2
26 48 1
26 49 1
26 50 2
26 51 3
26 52 2
26 53 3
26 54 1
26 55 1
26 56 2
26 57 1
26 58 3
26 59 3
26 60 1
26 61 2
26 62 2
26 63 2
26 64 2
26 65 3
26 66 2
26 67 1
26 68 1
26 69 3
26 70 2
26 71 2
26 72 1
26 73 1
26 74 2
26 75 2
26 76 2
26 77 3
26 78 2
26 79 2
26 80 3
26 81 3
26 82 1
26 83 1
26 84 2
26 85 3
26 86 2
26 87 1
26 88 3
26 89 3
26 90 2
26 91 3
26 92 2
26 93 2
26 94 3
26 95 2
26 96 2
26 97 3
26 98 3
26 99 1
27 28 2
27 29 3
27 30 2
27 31 1
27 32 3
27 33 1
27 34 1
27 35 2
27 36 4
27 37 3
27 38 1
27 39 2
27 40 1
27 41 2
27 42 3
27 43 1
27 44 1
27 45 2
27 46 2
27 47 2
27 48 2
27 49 2
27 50 2
27 51 2
27 52 1
27 53 2
27 54 2
27 55 2
27 56 1
27 57 1
27 58 4
27 59 3
27 60 1
27 61 2
27 62 3
27 63 2
27 64 1
27 65 2
27 66 2
27 67 1
27 68 1
27 69 4
27 70 1
27 71 2
27 72 2
27 73 1
27 74 2
27 75 1
27 76 1
27 77 3
27 78 2
27 79 1
27 80 2
27 81 4
27 82 2
27 83 1
27 84 1
27 85 2
27 86 2
27 87 2
27 88 2
27 89 2
27 90 2
27 91 2
27 92 3
27 93 1
27 94 3
27 95 1
27 96 2
27 97 4
27 98 3
27 99 2
28 29 4
28 30 1
28 31 2
28 32 4
28 33 2
28 34 3
28 35 1
28 36 4
28 37 2
28 38 2
28 39 1
28 40 2
28 41 2
28 42 4
28 43 2
28 44 1
28 45 1
28 46 3
28 47 3
28 48 1
28 49 2
28 50 3
28 51 4
28 52 3
28 53 4
28 54 1
28 55 2
28 56 2
28 57 1
28 58 3
28 59 4
28 60 1
28 61 3
28 62 3
28 63 3
28 64 2
28 65 4
28 66 3
28 67 1
28 68 1
28 69 4
28 70 2
28 71 1
28 72 1
28 73 2
28 74 3
28 75 2
28 76 3
28 77 4
28 78 1
28 79 2
28 80 4
28 81 3
28 82 1
28 83 2
28 84 3
28 85 3
28 86 3
28 87 1
28 88 3
28 89 4
28 90 2
28 91 4
28 92 2
28 93 2
28 94 4
28 95 2
28 96 3
28 97 3
28 98 4
28 99 1
29 30 4
29 31 2
29 32 2
29 33 3
29 34 2
29 35 3
29 36 3
29 37 4
29 38 3
29 39 4
29 40 3
29 41 2
29 42 3
29 43 4
29 44 3
29 45 5
29 46 2
29 47 1
29 48 4
29 49 3
29 50 2
29 51 2
29 52 3
29 53 2
29 54 4
29 55 2
29 56 4
29 57 3
29 58 4
29 59 3
29 60 4
29 61 2
29 62 3
29 63 2
29 64 3
29 65 2
29 66 2
29 67 3
29 68 4
29 69 4
29 70 4
29 71 5
29 72 4
29 73 3
29 74 2
29 75 4
29 76 2
29 77 1
29 78 5
29 79 3
29 80 2
29 81 4
29 82 3
29 83 3
29 84 2
29 85 1
29 86 2
29 87 4
29 88 1
29 89 1
29 90 2
29 91 2
29 92 4
29 93 3
29 94 1
29 95 3
29 96 2
29 97 4
29 98 1
29 99 3
30 31 3
30 32 4
30 33 3
30 34 3
30 35 2
30 36 3
30 37 2
30 38 2
30 39 1
30 40 2
30 41 3
30 42 3
30 43 2
30 44 2
30 45 2
30 46 3
30 47 3
30 48 1
30 49 2
30 50 3
30 51 4
30 52 3
30 53 4
30 54 1
30 55 2
30 56 3
30 57 2
30 58 2
30 59 3
30 60 1
30 61 3
30 62 3
30 63 3
30 64 3
30 65 4
30 66 3
30 67 2
30 68 1
30 69 3
30 70 3
30 71 2
30 72 1
30 73 2
30 74 3
30 75 2
30 76 3
30 77 4
30 78 1
30 79 3
30 80 4
30 81 2
30 82 1
30 83 2
30 84 3
30 85 4
30 86 3
30 87 1
30 88 4
30 89 4
30 90 2
30 91 4
30 92 2
30 93 2
30 94 4
30 95 2
30 96 3
30 97 2
30 98 4
30 99 1
31 32 2
31 33 1
31 34 1
31 35 2
31 36 3
31 37 3
31 38 1
31 39 2
31 40 1
31 41 1
31 42 3
31 43 2
31 44 2
31 45 3
31 46 1
31 47 1
31 48 3
31 49 2
31 50 2
31 51 2
31 52 1
31 53 2
31 54 2
31 55 1
31 56 2
31 57 1
31 58 3
31 59 3
31 60 2
31 61 1
31 62 2
31 63 1
31 64 1
31 65 2
31 66 1
31 67 2
31 68 2
31 69 3
31 70 2
31 71 3
31 72 2
31 73 1
31 74 1
31 75 2
31 76 1
31 77 2
31 78 3
31 79 1
31 80 2
31 81 3
31 82 2
31 83 1
31 84 1
31 85 2
31 86 1
31 87 3
31 88 1
31 89 2
31 90 1
31 91 2
31 92 3
31 93 1
31 94 2
31 95 1
31 96 1
31 97 3
31 98 2
31 99 2
32 33 2
32 34 2
32 35 3
32 36 4
32 37 5
32 38 3
32 39 4
32 40 2
32 41 3
32 42 4
32 43 4
32 44 3
32 45 4
32 46 2
32 47 2
32 48 4
32 49 3
32 50 3
32 51 1
32 52 2
32 53 1
32 54 4
32 55 3
32 56 3
32 57 3
32 58 5
32 59 4
32 60 4
32 61 1
32 62 4
32 63 2
32 64 2
32 65 1
32 66 2
32 67 3
32 68 3
32 69 5
32 70 3
32 71 4
32 72 4
32 73 2
32 74 1
32 75 3
32 76 2
32 77 1
32 78 4
32 79 2
32 80 1
32 81 5
32 82 4
32 83 3
32 84 2
32 85 2
32 86 2
32 87 4
32 88 1
32 89 1
32 90 3
32 91 1
32 92 4
32 93 3
32 94 2
32 95 3
32 96 2
32 97 5
32 98 2
32 99 4
33 34 1
33 35 1
33 36 3
33 37 3
33 38 1
33 39 2
33 40 1
33 41 1
33 42 3
33 43 2
33 44 1
33 45 3
33 46 1
33 47 2
33 48 2
33 49 2
33 50 2
33 51 2
33 52 2
33 53 2
33 54 2
33 55 1
33 56 2
33 57 1
33 58 3
33 59 3
33 60 2
33 61 1
33 62 2
33 63 1
33 64 1
33 65 2
33 66 1
33 67 1
33 68 2
33 69 3
33 70 2
33 71 2
33 72 2
33 73 1
33 74 1
33 75 1
33 76 1
33 77 2
33 78 3
33 79 1
33 80 2
33 81 3
33 82 2
33 83 1
33 84 1
33 85 2
33 86 1
33 87 2
33 88 2
33 89 2
33 90 1
33 91 2
33 92 2
33 93 1
33 94 2
33 95 1
33 96 1
33 97 3
33 98 2
33 99 2
34 35 2
34 36 3
34 37 3
34 38 1
34 39 2
34 40 1
34 41 2
34 42 3
34 43 2
34 44 2
34 45 3
34 46 1
34 47 2
34 48 3
34 49 2
34 50 2
34 51 1
34 52 1
34 53 1
34 54 3
34 55 1
34 56 2
34 57 2
34 58 3
34 59 3
34 60 2
34 61 1
34 62 2
34 63 1
34 64 1
34 65 1
34 66 1
34 67 2
34 68 2
34 69 3
34 70 2
34 71 3
34 72 3
34 73 1
34 74 1
34 75 2
34 76 1
34 77 2
34 78 3
34 79 1
34 80 1
34 81 3
34 82 3
34 83 1
34 84 1
34 85 2
34 86 1
34 87 3
34 88 1
34 89 1
34 90 2
34 91 1
34 92 3
34 93 1
34 94 2
34 95 1
34 96 1
34 97 3
34 98 2
34 99 2
35 36 3
35 37 2
35 38 1
35 39 1
35 40 1
35 41 1
35 42 3
35 43 2
35 44 1
35 45 2
35 46 2
35 47 2
35 48 2
35 49 1
35 50 2
35 51 3
35 52 2
35 53 3
35 54 1
35 55 1
35 56 2
35 57 1
35 58 3
35 59 3
35 60 1
35 61 2
35 62 2
35 63 2
35 64 1
35 65 3
35 66 2
35 67 1
35 68 1
35 69 3
35 70 2
35 71 2
35 72 1
35 73 1
35 74 2
35 75 2
35 76 2
35 77 3
35 78 2
35 79 1
35 80 3
35 81 3
35 82 1
35 83 1
35 84 2
35 85 2
35 86 2
35 87 2
35 88 3
35 89 3
35 90 1
35 91 3
35 92 2
35 93 2
35 94 3
35 95 1
35 96 2
35 97 3
35 98 3
35 99 1
36 37 2
36 38 3
36 39 3
36 40 3
36 41 2
36 42 1
36 43 4
36 44 3
36 45 4
36 46 2
36 47 2
36 48 4
36 49 2
36 50 2
36 51 4
36 52 4
36 53 4
36 54 3
36 55 2
36 56 4
36 57 3
36 58 1
36 59 1
36 60 4
36 61 3
36 62 1
36 63 3
36 64 3
36 65 4
36 66 3
36 67 3
36 68 3
36 69 1
36 70 4
36 71 4
36 72 3
36 73 3
36 74 3
36 75 4
36 76 3
36 77 3
36 78 4
36 79 3
36 80 4
36 81 1
36 82 3
36 83 3
36 84 3
36 85 2
36 86 3
36 87 4
36 88 3
36 89 3
36 90 2
36 91 4
36 92 2
36 93 3
36 94 2
36 95 3
36 96 3
36 97 1
36 98 2
36 99 3
37 38 3
37 39 2
37 40 3
37 41 2
37 42 2
37 43 3
37 44 2
37 45 3
37 46 3
37 47 3
37 48 3
37 49 2
37 50 2
37 51 4
37 52 4
37 53 4
37 54 2
37 55 3
37 56 4
37 57 2
37 58 1
37 59 2
37 60 3
37 61 4
37 62 1
37 63 3
37 64 3
37 65 4
37 66 3
37 67 2
37 68 2
37 69 2
37 70 4
37 71 3
37 72 1
37 73 3
37 74 4
37 75 3
37 76 3
37 77 4
37 78 3
37 79 3
37 80 4
37 81 1
37 82 1
37 83 2
37 84 3
37 85 3
37 86 3
37 87 2
37 88 4
37 89 4
37 90 2
37 91 4
37 92 1
37 93 3
37 94 3
37 95 3
37 96 3
37 97 1
37 98 3
37 99 1
38 39 2
38 40 1
38 41 2
38 42 3
38 43 1
38 44 1
38 45 2
38 46 2
38 47 2
38 48 2
38 49 2
38 50 2
38 51 2
38 52 1
38 53 2
38 54 2
38 55 1
38 56 1
38 57 1
38 58 4
38 59 3
38 60 1
38 61 2
38 62 3
38 63 2
38 64 1
38 65 2
38 66 2
38 67 1
38 68 1
38 69 4
38 70 1
38 71 2
38 72 2
38 73 1
38 74 2
38 75 1
38 76 1
38 77 3
38 78 2
38 79 1
38 80 2
38 81 4
38 82 2
38 83 1
38 84 1
38 85 2
38 86 2
38 87 2
38 88 2
38 89 2
38 90 2
38 91 2
38 92 3
38 93 1
38 94 3
38 95 1
38 96 2
38 97 4
38 98 3
38 99 2
39 40 2
39 41 2
39 42 3
39 43 2
39 44 1
39 45 2
39 46 2
39 47 3
39 48 1
39 49 1
39 50 2
39 51 3
39 52 3
39 53 3
39 54 1
39 55 2
39 56 2
39 57 1
39 58 3
39 59 3
39 60 1
39 61 3
39 62 2
39 63 2
39 64 2
39 65 3
39 66 3
39 67 1
39 68 1
39 69 3
39 70 2
39 71 2
39 72 1
39 73 2
39 74 3
39 75 2
39 76 2
39 77 4
39 78 1
39 79 2
39 80 3
39 81 3
39 82 1
39 83 1
39 84 2
39 85 3
39 86 3
39 87 1
39 88 3
39 89 3
39 90 2
39 91 3
39 92 2
39 93 2
39 94 3
39 95 2
39 96 3
39 97 3
39 98 3
39 99 1
40 41 1
40 42 3
40 43 2
40 44 1
40 45 2
40 46 1
40 47 2
40 48 2
40 49 2
40 50 2
40 51 2
40 52 1
40 53 2
40 54 2
40 55 1
40 56 1
40 57 1
40 58 3
40 59 3
40 60 2
40 61 2
40 62 2
40 63 1
40 64 1
40 65 2
40 66 1
40 67 1
40 68 2
40 69 3
40 70 2
40 71 2
40 72 2
40 73 1
40 74 1
40 75 1
40 76 1
40 77 3
40 78 2
40 79 1
40 80 2
40 81 3
40 82 2
40 83 1
40 84 1
40 85 2
40 86 2
40 87 2
40 88 2
40 89 2
40 90 1
40 91 2
40 92 2
40 93 1
40 94 2
40 95 1
40 96 1
40 97 3
40 98 2
40 99 2
41 42 2
41 43 2
41 44 1
41 45 3
41 46 1
41 47 1
41 48 3
41 49 1
41 50 1
41 51 3
41 52 2
41 53 3
41 54 2
41 55 1
41 56 2
41 57 1
41 58 2
41 59 2
41 60 2
41 61 2
41 62 1
41 63 1
41 64 1
41 65 3
41 66 1
41 67 2
41 68 2
41 69 2
41 70 3
41 71 3
41 72 2
41 73 1
41 74 2
41 75 2
41 76 1
41 77 3
41 78 3
41 79 1
41 80 3
41 81 2
41 82 2
41 83 1
41 84 1
41 85 2
41 86 2
41 87 3
41 88 2
41 89 2
41 90 1
41 91 3
41 92 2
41 93 2
41 94 2
41 95 2
41 96 2
41 97 2
41 98 2
41 99 2
42 43 4
42 44 3
42 45 4
42 46 2
42 47 2
42 48 4
42 49 2
42 50 1
42 51 3
42 52 4
42 53 3
42 54 3
42 55 2
42 56 4
42 57 3
42 58 1
42 59 1
42 60 4
42 61 3
42 62 1
42 63 2
42 64 3
42 65 3
42 66 2
42 67 3
42 68 3
42 69 1
42 70 4
42 71 4
42 72 3
42 73 3
42 74 3
42 75 4
42 76 3
42 77 3
42 78 4
42 79 3
42 80 3
42 81 2
42 82 3
42 83 3
42 84 3
42 85 2
42 86 2
42 87 4
42 88 3
42 89 3
42 90 2
42 91 3
42 92 2
42 93 3
42 94 2
42 95 3
42 96 3
42 97 2
42 98 2
42 99 3
43 44 2
43 45 1
43 46 2
43 47 3
43 48 2
43 49 2
43 50 3
43 51 3
43 52 2
43 53 3
43 54 2
43 55 2
43 56 1
43 57 2
43 58 4
43 59 4
43 60 1
43 61 3
43 62 3
43 63 2
43 64 2
43 65 3
43 66 3
43 67 1
43 68 1
43 69 4
43 70 1
43 71 1
43 72 2
43 73 2
43 74 3
43 75 1
43 76 2
43 77 4
43 78 2
43 79 2
43 80 3
43 81 4
43 82 2
43 83 2
43 84 2
43 85 3
43 86 3
43 87 2
43 88 3
43 89 3
43 90 3
43 91 3
43 92 3
43 93 1
43 94 3
43 95 1
43 96 2
43 97 4
43 98 3
43 99 2
44 45 2
44 46 2
44 47 2
44 48 2
44 49 1
44 50 2
44 51 3
44 52 2
44 53 3
44 54 1
44 55 1
44 56 2
44 57 1
44 58 3
44 59 3
44 60 1
44 61 2
44 62 2
44 63 2
44 64 1
44 65 3
44 66 2
44 67 1
44 68 1
44 69 3
44 70 2
44 71 2
44 72 1
44 73 1
44 74 2
44 75 2
44 76 2
44 77 3
44 78 2
44 79 1
44 80 3
44 81 3
44 82 1
44 83 1
44 84 2
44 85 2
44 86 2
44 87 2
44 88 3
44 89 3
44 90 1
44 91 3
44 92 2
44 93 1
44 94 3
44 95 1
44 96 2
44 97 3
44 98 3
44 99 1
45 46 3
45 47 4
45 48 1
45 49 2
45 50 4
45 51 4
45 52 3
45 53 4
45 54 1
45 55 3
45 56 2
45 57 2
45 58 3
45 59 4
45 60 1
45 61 4
45 62 3
45 63 3
45 64 3
45 65 4
45 66 3
45 67 2
45 68 1
45 69 4
45 70 2
45 71 1
45 72 2
45 73 3
45 74 3
45 75 2
45 76 3
45 77 5
45 78 1
45 79 3
45 80 4
45 81 3
45 82 2
45 83 2
45 84 3
45 85 4
45 86 4
45 87 1
45 88 4
45 89 4
45 90 3
45 91 4
45 92 3
45 93 2
45 94 4
45 95 2
45 96 3
45 97 3
45 98 4
45 99 2
46 47 1
46 48 3
46 49 2
46 50 1
46 51 2
46 52 2
46 53 2
46 54 3
46 55 1
46 56 2
46 57 2
46 58 3
46 59 2
46 60 2
46 61 1
46 62 2
46 63 1
46 64 1
46 65 2
46 66 1
46 67 2
46 68 2
46 69 3
46 70 3
46 71 3
46 72 2
46 73 1
46 74 1
46 75 2
46 76 1
46 77 2
46 78 3
46 79 1
46 80 2
46 81 3
46 82 2
46 83 1
46 84 1
46 85 1
46 86 1
46 87 3
46 88 1
46 89 2
46 90 1
46 91 2
46 92 2
46 93 2
46 94 1
46 95 2
46 96 1
46 97 3
46 98 1
46 99 2
47 48 3
47 49 2
47 50 1
47 51 2
47 52 2
47 53 2
47 54 3
47 55 1
47 56 3
47 57 2
47 58 3
47 59 2
47 60 3
47 61 1
47 62 2
47 63 1
47 64 2
47 65 2
47 66 1
47 67 2
47 68 3
47 69 3
47 70 3
47 71 4
47 72 3
47 73 2
47 74 2
47 75 3
47 76 1
47 77 2
47 78 4
47 79 2
47 80 2
47 81 3
47 82 2
47 83 2
47 84 1
47 85 1
47 86 1
47 87 3
47 88 1
47 89 2
47 90 1
47 91 2
47 92 3
47 93 2
47 94 1
47 95 2
47 96 1
47 97 3
47 98 1
47 99 2
48 49 2
48 50 3
48 51 4
48 52 3
48 53 4
48 54 1
48 55 2
48 56 2
48 57 2
48 58 3
48 59 4
48 60 1
48 61 3
48 62 3
48 63 3
48 64 2
48 65 4
48 66 3
48 67 1
48 68 1
48 69 4
48 70 2
48 71 1
48 72 2
48 73 2
48 74 3
48 75 2
48 76 3
48 77 4
48 78 1
48 79 2
48 80 4
48 81 3
48 82 2
48 83 2
48 84 3
48 85 4
48 86 3
48 87 1
48 88 4
48 89 4
48 90 3
48 91 4
48 92 3
48 93 2
48 94 4
48 95 2
48 96 3
48 97 3
48 98 4
48 99 2
49 50 2
49 51 3
49 52 3
49 53 3
49 54 1
49 55 1
49 56 2
49 57 1
49 58 2
49 59 2
49 60 2
49 61 2
49 62 1
49 63 2
49 64 2
49 65 3
49 66 2
49 67 1
49 68 1
49 69 2
49 70 3
49 71 2
49 72 1
49 73 1
49 74 2
49 75 2
49 76 2
49 77 3
49 78 2
49 79 1
49 80 3
49 81 2
49 82 1
49 83 1
49 84 2
49 85 2
49 86 2
49 87 2
49 88 3
49 89 3
49 90 1
49 91 3
49 92 1
49 93 2
49 94 3
49 95 2
49 96 2
49 97 2
49 98 3
49 99 1
50 51 2
50 52 3
50 53 2
50 54 3
50 55 1
50 56 3
50 57 2
50 58 2
50 59 1
50 60 3
50 61 2
50 62 1
50 63 1
50 64 2
50 65 2
50 66 1
50 67 2
50 68 3
50 69 2
50 70 3
50 71 4
50 72 2
50 73 2
50 74 2
50 75 3
50 76 2
50 77 2
50 78 3
50 79 2
50 80 2
50 81 2
50 82 2
50 83 2
50 84 2
50 85 1
50 86 1
50 87 3
50 88 2
50 89 2
50 90 1
50 91 2
50 92 2
50 93 2
50 94 1
50 95 2
50 96 2
50 97 2
50 98 1
50 99 2
51 52 2
51 53 1
51 54 4
51 55 2
51 56 3
51 57 3
51 58 4
51 59 3
51 60 3
51 61 1
51 62 3
51 63 2
51 64 2
51 65 1
51 66 2
51 67 3
51 68 3
51 69 4
51 70 3
51 71 4
51 72 4
51 73 2
51 74 1
51 75 3
51 76 2
51 77 1
51 78 4
51 79 2
51 80 1
51 81 4
51 82 4
51 83 2
51 84 2
51 85 2
51 86 1
51 87 4
51 88 1
51 89 1
51 90 3
51 91 1
51 92 4
51 93 2
51 94 2
51 95 2
51 96 1
51 97 4
51 98 2
51 99 3
52 53 2
52 54 3
52 55 2
52 56 1
52 57 2
52 58 4
52 59 4
52 60 2
52 61 2
52 62 3
52 63 2
52 64 2
52 65 2
52 66 2
52 67 2
52 68 2
52 69 4
52 70 1
52 71 3
52 72 3
52 73 2
52 74 1
52 75 2
52 76 1
52 77 3
52 78 3
52 79 2
52 80 2
52 81 4
52 82 3
52 83 2
52 84 1
52 85 3
52 86 2
52 87 3
52 88 2
52 89 2
52 90 2
52 91 2
52 92 3
52 93 1
52 94 3
52 95 1
52 96 2
52 97 4
52 98 3
52 99 3
53 54 4
53 55 2
53 56 3
53 57 3
53 58 4
53 59 3
53 60 3
53 61 1
53 62 3
53 63 2
53 64 2
53 65 1
53 66 2
53 67 3
53 68 3
53 69 4
53 70 3
53 71 4
53 72 4
53 73 2
53 74 1
53 75 3
53 76 2
53 77 1
53 78 4
53 79 2
53 80 1
53 81 4
53 82 4
53 83 2
53 84 2
53 85 2
53 86 1
53 87 4
53 88 1
53 89 1
53 90 3
53 91 1
53 92 4
53 93 2
53 94 2
53 95 2
53 96 1
53 97 4
53 98 2
53 99 3
54 55 2
54 56 2
54 57 1
54 58 3
54 59 3
54 60 1
54 61 3
54 62 2
54 63 3
54 64 2
54 65 4
54 66 3
54 67 1
54 68 1
54 69 3
54 70 2
54 71 2
54 72 1
54 73 2
54 74 3
54 75 2
54 76 3
54 77 4
54 78 1
54 79 2
54 80 4
54 81 3
54 82 1
54 83 2
54 84 3
54 85 3
54 86 3
54 87 1
54 88 3
54 89 4
54 90 2
54 91 4
54 92 2
54 93 2
54 94 4
54 95 2
54 96 3
54 97 3
54 98 4
54 99 1
55 56 2
55 57 1
55 58 3
55 59 2
55 60 2
55 61 2
55 62 2
55 63 1
55 64 1
55 65 2
55 66 1
55 67 1
55 68 2
55 69 3
55 70 2
55 71 3
55 72 2
55 73 1
55 74 2
55 75 2
55 76 1
55 77 2
55 78 3
55 79 1
55 80 2
55 81 3
55 82 2
55 83 1
55 84 1
55 85 2
55 86 1
55 87 2
55 88 2
55 89 2
55 90 1
55 91 2
55 92 2
55 93 1
55 94 2
55 95 1
55 96 1
55 97 3
55 98 2
55 99 2
56 57 2
56 58 4
56 59 4
56 60 2
56 61 3
56 62 3
56 63 2
56 64 2
56 65 3
56 66 2
56 67 2
56 68 2
56 69 4
56 70 1
56 71 2
56 72 3
56 73 2
56 74 2
56 75 1
56 76 2
56 77 4
56 78 2
56 79 2
56 80 3
56 81 4
56 82 3
56 83 2
56 84 2
56 85 3
56 86 3
56 87 2
56 88 3
56 89 3
56 90 2
56 91 3
56 92 3
56 93 1
56 94 3
56 95 1
56 96 2
56 97 4
56 98 3
56 99 3
57 58 3
57 59 3
57 60 1
57 61 2
57 62 2
57 63 2
57 64 1
57 65 3
57 66 2
57 67 1
57 68 1
57 69 3
57 70 2
57 71 2
57 72 1
57 73 1
57 74 2
57 75 1
57 76 2
57 77 3
57 78 2
57 79 1
57 80 3
57 81 3
57 82 1
57 83 1
57 84 2
57 85 2
57 86 2
57 87 2
57 88 2
57 89 3
57 90 1
57 91 3
57 92 2
57 93 1
57 94 3
57 95 1
57 96 2
57 97 3
57 98 3
57 99 1
58 59 1
58 60 3
58 61 4
58 62 1
58 63 3
58 64 3
58 65 4
58 66 3
58 67 3
58 68 3
58 69 1
58 70 5
58 71 4
58 72 2
58 73 3
58 74 4
58 75 4
58 76 3
58 77 4
58 78 3
58 79 3
58 80 4
58 81 1
58 82 2
58 83 3
58 84 3
58 85 3
58 86 3
58 87 3
58 88 4
58 89 4
58 90 2
58 91 4
58 92 1
58 93 4
58 94 3
58 95 4
58 96 3
58 97 1
58 98 3
58 99 2
59 60 4
59 61 3
59 62 1
59 63 2
59 64 3
59 65 3
59 66 2
59 67 3
59 68 3
59 69 1
59 70 4
59 71 4
59 72 3
59 73 3
59 74 3
59 75 4
59 76 3
59 77 3
59 78 4
59 79 3
59 80 3
59 81 2
59 82 3
59 83 3
59 84 3
59 85 2
59 86 2
59 87 4
59 88 3
59 89 3
59 90 2
59 91 3
59 92 2
59 93 3
59 94 2
59 95 3
59 96 3
59 97 2
59 98 2
59 99 3
60 61 3
60 62 3
60 63 2
60 64 2
60 65 3
60 66 3
60 67 1
60 68 1
60 69 4
60 70 2
60 71 1
60 72 2
60 73 2
60 74 3
60 75 1
60 76 2
60 77 4
60 78 1
60 79 2
60 80 3
60 81 3
60 82 2
60 83 1
60 84 2
60 85 3
60 86 3
60 87 1
60 88 3
60 89 3
60 90 2
60 91 3
60 92 3
60 93 1
60 94 3
60 95 1
60 96 2
60 97 3
60 98 3
60 99 2
61 62 3
61 63 1
61 64 1
61 65 1
61 66 1
61 67 2
61 68 3
61 69 4
61 70 3
61 71 3
61 72 3
61 73 2
61 74 1
61 75 2
61 76 1
61 77 1
61 78 4
61 79 1
61 80 1
61 81 4
61 82 3
61 83 2
61 84 1
61 85 1
61 86 1
61 87 3
61 88 1
61 89 1
61 90 2
61 91 1
61 92 3
61 93 2
61 94 1
61 95 2
61 96 1
61 97 4
61 98 1
61 99 3
62 63 2
62 64 2
62 65 3
62 66 2
62 67 2
62 68 2
62 69 1
62 70 4
62 71 3
62 72 2
62 73 2
62 74 3
62 75 3
62 76 2
62 77 3
62 78 3
62 79 2
62 80 3
62 81 1
62 82 2
62 83 2
62 84 2
62 85 2
62 86 2
62 87 3
62 88 3
62 89 3
62 90 1
62 91 3
62 92 1
62 93 3
62 94 2
62 95 3
62 96 2
62 97 1
62 98 2
62 99 2
63 64 1
63 65 2
63 66 1
63 67 2
63 68 2
63 69 3
63 70 2
63 71 3
63 72 2
63 73 1
63 74 1
63 75 2
63 76 1
63 77 2
63 78 3
63 79 1
63 80 2
63 81 3
63 82 2
63 83 1
63 84 1
63 85 1
63 86 1
63 87 3
63 88 1
63 89 2
63 90 1
63 91 2
63 92 3
63 93 1
63 94 2
63 95 1
63 96 1
63 97 3
63 98 1
63 99 2
64 65 2
64 66 1
64 67 1
64 68 2
64 69 3
64 70 2
64 71 3
64 72 2
64 73 1
64 74 1
64 75 2
64 76 1
64 77 2
64 78 3
64 79 1
64 80 2
64 81 3
64 82 2
64 83 1
64 84 1
64 85 2
64 86 1
64 87 2
64 88 2
64 89 2
64 90 1
64 91 2
64 92 2
64 93 1
64 94 2
64 95 1
64 96 1
64 97 3
64 98 2
64 99 2
65 66 2
65 67 3
65 68 3
65 69 4
65 70 3
65 71 4
65 72 4
65 73 2
65 74 1
65 75 3
65 76 2
65 77 1
65 78 4
65 79 2
65 80 1
65 81 4
65 82 4
65 83 2
65 84 2
65 85 2
65 86 1
65 87 4
65 88 1
65 89 1
65 90 3
65 91 1
65 92 4
65 93 2
65 94 2
65 95 2
65 96 1
65 97 4
65 98 2
65 99 3
66 67 2
66 68 2
66 69 3
66 70 3
66 71 3
66 72 3
66 73 1
66 74 1
66 75 2
66 76 1
66 77 2
66 78 3
66 79 1
66 80 2
66 81 3
66 82 2
66 83 2
66 84 1
66 85 1
66 86 1
66 87 3
66 88 1
66 89 1
66 90 1
66 91 2
66 92 3
66 93 2
66 94 1
66 95 2
66 96 1
66 97 3
66 98 1
66 99 2
67 68 1
67 69 3
67 70 2
67 71 2
67 72 1
67 73 1
67 74 2
67 75 1
67 76 2
67 77 3
67 78 2
67 79 1
67 80 3
67 81 3
67 82 1
67 83 1
67 84 2
67 85 3
67 86 2
67 87 1
67 88 3
67 89 3
67 90 2
67 91 3
67 92 2
67 93 1
67 94 3
67 95 1
67 96 2
67 97 3
67 98 3
67 99 1
68 69 3
68 70 2
68 71 1
68 72 1
68 73 2
68 74 2
68 75 1
68 76 2
68 77 4
68 78 1
68 79 2
68 80 3
68 81 3
68 82 2
68 83 1
68 84 2
68 85 3
68 86 3
68 87 1
68 88 3
68 89 3
68 90 2
68 91 3
68 92 2
68 93 1
68 94 3
68 95 1
68 96 2
68 97 3
68 98 3
68 99 1
69 70 5
69 71 4
69 72 3
69 73 3
69 74 4
69 75 4
69 76 3
69 77 4
69 78 4
69 79 3
69 80 4
69 81 1
69 82 3
69 83 3
69 84 3
69 85 3
69 86 3
69 87 4
69 88 4
69 89 4
69 90 2
69 91 4
69 92 2
69 93 4
69 94 3
69 95 4
69 96 3
69 97 1
69 98 3
69 99 3
70 71 2
70 72 3
70 73 2
70 74 2
70 75 1
70 76 2
70 77 4
70 78 2
70 79 2
70 80 3
70 81 5
70 82 3
70 83 2
70 84 2
70 85 3
70 86 3
70 87 2
70 88 3
70 89 3
70 90 3
70 91 3
70 92 4
70 93 1
70 94 4
70 95 1
70 96 2
70 97 5
70 98 3
70 99 3
71 72 2
71 73 3
71 74 3
71 75 1
71 76 3
71 77 4
71 78 1
71 79 3
71 80 4
71 81 4
71 82 2
71 83 2
71 84 3
71 85 4
71 86 3
71 87 1
71 88 4
71 89 4
71 90 3
71 91 4
71 92 3
71 93 2
71 94 4
71 95 2
71 96 3
71 97 4
71 98 4
71 99 2
72 73 2
72 74 3
72 75 2
72 76 3
72 77 4
72 78 2
72 79 2
72 80 4
72 81 2
72 82 1
72 83 2
72 84 3
72 85 3
72 86 3
72 87 1
72 88 3
72 89 4
72 90 2
72 91 4
72 92 1
72 93 2
72 94 3
72 95 2
72 96 3
72 97 2
72 98 3
72 99 1
73 74 1
73 75 2
73 76 1
73 77 2
73 78 3
73 79 1
73 80 2
73 81 3
73 82 2
73 83 1
73 84 1
73 85 2
73 86 1
73 87 2
73 88 2
73 89 2
73 90 1
73 91 2
73 92 2
73 93 1
73 94 2
73 95 1
73 96 1
73 97 3
73 98 2
73 99 2
74 75 2
74 76 1
74 77 2
74 78 3
74 79 1
74 80 1
74 81 4
74 82 3
74 83 2
74 84 1
74 85 2
74 86 1
74 87 3
74 88 1
74 89 1
74 90 2
74 91 1
74 92 3
74 93 2
74 94 2
74 95 2
74 96 1
74 97 4
74 98 2
74 99 3
75 76 2
75 77 3
75 78 2
75 79 2
75 80 3
75 81 4
75 82 2
75 83 1
75 84 2
75 85 3
75 86 2
75 87 2
75 88 3
75 89 3
75 90 2
75 91 3
75 92 3
75 93 1
75 94 3
75 95 1
75 96 2
75 97 4
75 98 3
75 99 2
76 77 2
76 78 3
76 79 1
76 80 2
76 81 3
76 82 2
76 83 1
76 84 1
76 85 2
76 86 1
76 87 3
76 88 1
76 89 2
76 90 1
76 91 2
76 92 3
76 93 1
76 94 2
76 95 1
76 96 1
76 97 3
76 98 2
76 99 2
77 78 5
77 79 2
77 80 1
77 81 4
77 82 4
77 83 3
77 84 2
77 85 2
77 86 1
77 87 4
77 88 1
77 89 1
77 90 3
77 91 1
77 92 4
77 93 3
77 94 1
77 95 3
77 96 2
77 97 4
77 98 1
77 99 4
78 79 3
78 80 4
78 81 3
78 82 2
78 83 2
78 84 3
78 85 4
78 86 4
78 87 1
78 88 4
78 89 4
78 90 3
78 91 4
78 92 3
78 93 2
78 94 4
78 95 2
78 96 3
78 97 3
78 98 4
78 99 2
79 80 2
79 81 3
79 82 2
79 83 1
79 84 1
79 85 2
79 86 1
79 87 2
79 88 2
79 89 2
79 90 1
79 91 2
79 92 2
79 93 1
79 94 2
79 95 1
79 96 1
79 97 3
79 98 2
79 99 2
80 81 4
80 82 4
80 83 2
80 84 2
80 85 2
80 86 1
80 87 4
80 88 1
80 89 1
80 90 3
80 91 1
80 92 4
80 93 2
80 94 2
80 95 2
80 96 1
80 97 4
80 98 2
80 99 3
81 82 2
81 83 3
81 84 3
81 85 3
81 86 3
81 87 3
81 88 4
81 89 4
81 90 2
81 91 4
81 92 1
81 93 4
81 94 3
81 95 4
81 96 3
81 97 1
81 98 3
81 99 2
82 83 2
82 84 2
82 85 3
82 86 3
82 87 2
82 88 3
82 89 3
82 90 1
82 91 4
82 92 1
82 93 2
82 94 3
82 95 2
82 96 3
82 97 2
82 98 3
82 99 1
83 84 1
83 85 2
83 86 2
83 87 2
83 88 2
83 89 2
83 90 1
83 91 2
83 92 2
83 93 1
83 94 2
83 95 1
83 96 2
83 97 3
83 98 2
83 99 1
84 85 2
84 86 1
84 87 3
84 88 1
84 89 1
84 90 1
84 91 2
84 92 3
84 93 1
84 94 2
84 95 1
84 96 1
84 97 3
84 98 2
84 99 2
85 86 1
85 87 4
85 88 1
85 89 1
85 90 2
85 91 2
85 92 3
85 93 2
85 94 1
85 95 2
85 96 1
85 97 3
85 98 1
85 99 3
86 87 3
86 88 1
86 89 1
86 90 2
86 91 1
86 92 3
86 93 2
86 94 1
86 95 2
86 96 1
86 97 3
86 98 1
86 99 3
87 88 4
87 89 4
87 90 2
87 91 4
87 92 2
87 93 2
87 94 4
87 95 2
87 96 3
87 97 3
87 98 4
87 99 1
88 89 1
88 90 2
88 91 1
88 92 3
88 93 2
88 94 1
88 95 2
88 96 1
88 97 4
88 98 1
88 99 3
89 90 2
89 91 1
89 92 4
89 93 2
89 94 1
89 95 2
89 96 1
89 97 4
89 98 1
89 99 3
90 91 3
90 92 2
90 93 2
90 94 2
90 95 2
90 96 2
90 97 2
90 98 2
90 99 1
91 92 4
91 93 2
91 94 2
91 95 2
91 96 1
91 97 4
91 98 2
91 99 3
92 93 3
92 94 3
92 95 3
92 96 3
92 97 1
92 98 3
92 99 1
93 94 3
93 95 1
93 96 1
93 97 4
93 98 2
93 99 2
94 95 3
94 96 2
94 97 3
94 98 1
94 99 3
95 96 1
95 97 4
95 98 2
95 99 2
96 97 3
96 98 1
96 99 3
97 98 3
97 99 2
98 99 3
