100 
0 1 3
0 2 2
0 3 1
0 4 4
0 5 1
0 6 1
0 7 2
0 8 3
0 9 3
0 10 3
0 11 4
0 12 2
0 13 2
0 14 1
0 15 2
0 16 3
0 17 3
0 18 2
0 19 3
0 20 3
0 21 3
0 22 2
0 23 3
0 24 2
0 25 1
0 26 2
0 27 1
0 28 1
0 29 1
0 30 2
0 31 3
0 32 3
0 33 1
0 34 3
0 35 2
0 36 2
0 37 3
0 38 2
0 39 3
0 40 1
0 41 1
0 42 3
0 43 3
0 44 2
0 45 2
0 46 1
0 47 3
0 48 2
0 49 2
0 50 3
0 51 2
0 52 3
0 53 1
0 54 1
0 55 3
0 56 3
0 57 3
0 58 2
0 59 1
0 60 2
0 61 3
0 62 2
0 63 3
0 64 2
0 65 2
0 66 1
0 67 2
0 68 2
0 69 3
0 70 3
0 71 1
0 72 4
0 73 2
0 74 2
0 75 2
0 76 3
0 77 3
0 78 1
0 79 2
0 80 2
0 81 3
0 82 3
0 83 3
0 84 3
0 85 2
0 86 3
0 87 3
0 88 1
0 89 2
0 90 3
0 91 3
0 92 2
0 93 3
0 94 4
0 95 4
0 96 1
0 97 3
0 98 4
0 99 3
1 2 3
1 3 4
1 4 3
1 5 2
1 6 2
1 7 2
1 8 2
1 9 1
1 10 1
1 11 4
1 12 1
1 13 2
1 14 4
1 15 3
1 16 1
1 17 1
1 18 3
1 19 3
1 20 4
1 21 4
1 22 2
1 23 4
1 24 1
1 25 3
1 26 2
1 27 3
1 28 3
1 29 3
1 30 4
1 31 3
1 32 4
1 33 4
1 34 3
1 35 1
1 36 1
1 37 3
1 38 4
1 39 3
1 40 2
1 41 3
1 42 3
1 43 3
1 44 2
1 45 4
1 46 3
1 47 4
1 48 2
1 49 2
1 50 1
1 51 1
1 52 3
1 53 3
1 54 3
1 55 3
1 56 1
1 57 4
1 58 1
1 59 2
1 60 4
1 61 3
1 62 3
1 63 1
1 64 2
1 65 1
1 66 2
1 67 3
1 68 1
1 69 3
1 70 4
1 71 3
1 72 3
1 73 2
1 74 1
1 75 2
1 76 4
1 77 2
1 78 3
1 79 1
1 80 2
1 81 3
1 82 3
1 83 1
1 84 4
1 85 2
1 86 2
1 87 1
1 88 4
1 89 1
1 90 1
1 91 2
1 92 2
1 93 3
1 94 4
1 95 4
1 96 4
1 97 1
1 98 4
1 99 3
2 3 3
2 4 2
2 5 3
2 6 2
2 7 2
2 8 2
2 9 3
2 10 3
2 11 2
2 12 2
2 13 1
2 14 3
2 15 1
2 16 3
2 17 3
2 18 2
2 19 2
2 20 3
2 21 2
2 22 1
2 23 3
2 24 2
2 25 2
2 26 2
2 27 3
2 28 3
2 29 3
2 30 3
2 31 1
2 32 1
2 33 3
2 34 1
2 35 2
2 36 2
2 37 1
2 38 3
2 39 1
2 40 3
2 41 3
2 42 1
2 43 1
2 44 3
2 45 4
2 46 3
2 47 3
2 48 1
2 49 1
2 50 2
2 51 2
2 52 1
2 53 2
2 54 3
2 55 2
2 56 3
2 57 3
2 58 2
2 59 1
2 60 3
2 61 1
2 62 1
2 63 2
2 64 1
2 65 2
2 66 2
2 67 2
2 68 2
2 69 1
2 70 1
2 71 3
2 72 2
2 73 1
2 74 3
2 75 1
2 76 3
2 77 2
2 78 2
2 79 2
2 80 1
2 81 1
2 82 1
2 83 3
2 84 2
2 85 1
2 86 2
2 87 2
2 88 3
2 89 2
2 90 3
2 91 1
2 92 3
2 93 1
2 94 2
2 95 2
2 96 3
2 97 3
2 98 2
2 99 1
3 4 4
3 5 2
3 6 2
3 7 2
3 8 4
3 9 4
3 10 4
3 11 4
3 12 3
3 13 3
3 14 1
3 15 2
3 16 3
3 17 4
3 18 2
3 19 2
3 20 3
3 21 3
3 22 3
3 23 2
3 24 3
3 25 1
3 26 3
3 27 2
3 28 1
3 29 2
3 30 1
3 31 4
3 32 3
3 33 1
3 34 3
3 35 3
3 36 3
3 37 3
3 38 2
3 39 3
3 40 2
3 41 1
3 42 3
3 43 3
3 44 3
3 45 2
3 46 2
3 47 2
3 48 3
3 49 2
3 50 3
3 51 3
3 52 3
3 53 1
3 54 1
3 55 4
3 56 4
3 57 3
3 58 3
3 59 2
3 60 1
3 61 3
3 62 2
3 63 4
3 64 3
3 65 3
3 66 2
3 67 1
3 68 3
3 69 3
3 70 4
3 71 2
3 72 4
3 73 2
3 74 3
3 75 3
3 76 3
3 77 4
3 78 1
3 79 3
3 80 3
3 81 3
3 82 3
3 83 3
3 84 3
3 85 3
3 86 4
3 87 4
3 88 1
3 89 3
3 90 3
3 91 3
3 92 3
3 93 3
3 94 4
3 95 4
3 96 1
3 97 4
3 98 4
3 99 4
4 5 4
4 6 3
4 7 3
4 8 1
4 9 3
4 10 3
4 11 1
4 12 3
4 13 3
4 14 4
4 15 2
4 16 4
4 17 4
4 18 3
4 19 3
4 20 3
4 21 2
4 22 2
4 23 3
4 24 3
4 25 4
4 26 3
4 27 5
4 28 5
4 29 4
4 30 4
4 31 1
4 32 2
4 33 4
4 34 2
4 35 4
4 36 3
4 37 1
4 38 4
4 39 1
4 40 4
4 41 5
4 42 2
4 43 2
4 44 4
4 45 5
4 46 5
4 47 4
4 48 2
4 49 2
4 50 3
4 51 2
4 52 1
4 53 4
4 54 5
4 55 1
4 56 4
4 57 3
4 58 3
4 59 3
4 60 4
4 61 2
4 62 2
4 63 3
4 64 2
4 65 3
4 66 4
4 67 3
4 68 3
4 69 1
4 70 1
4 71 5
4 72 1
4 73 2
4 74 4
4 75 2
4 76 3
4 77 1
4 78 4
4 79 3
4 80 2
4 81 2
4 82 2
4 83 4
4 84 3
4 85 3
4 86 2
4 87 3
4 88 5
4 89 3
4 90 4
4 91 2
4 92 4
4 93 2
4 94 1
4 95 1
4 96 5
4 97 4
4 98 1
4 99 1
5 6 2
5 7 1
5 8 3
5 9 3
5 10 3
5 11 5
5 12 2
5 13 2
5 14 2
5 15 3
5 16 2
5 17 2
5 18 3
5 19 3
5 20 4
5 21 4
5 22 3
5 23 4
5 24 2
5 25 1
5 26 2
5 27 1
5 28 1
5 29 1
5 30 3
5 31 4
5 32 4
5 33 2
5 34 4
5 35 2
5 36 2
5 37 4
5 38 3
5 39 4
5 40 1
5 41 1
5 42 4
5 43 4
5 44 1
5 45 2
5 46 1
5 47 4
5 48 3
5 49 3
5 50 2
5 51 2
5 52 4
5 53 1
5 54 1
5 55 4
5 56 2
5 57 4
5 58 2
5 59 2
5 60 3
5 61 4
5 62 3
5 63 3
5 64 3
5 65 2
5 66 1
5 67 2
5 68 2
5 69 4
5 70 4
5 71 1
5 72 4
5 73 3
5 74 1
5 75 3
5 76 4
5 77 3
5 78 2
5 79 2
5 80 3
5 81 4
5 82 3
5 83 2
5 84 4
5 85 2
5 86 3
5 87 3
5 88 2
5 89 2
5 90 2
5 91 3
5 92 1
5 93 4
5 94 5
5 95 4
5 96 2
5 97 2
5 98 5
5 99 4
6 7 1
6 8 2
6 9 2
6 10 2
6 11 4
6 12 1
6 13 1
6 14 2
6 15 2
6 16 2
6 17 2
6 18 3
6 19 3
6 20 4
6 21 4
6 22 2
6 23 4
6 24 1
6 25 1
6 26 1
6 27 2
6 28 2
6 29 2
6 30 3
6 31 3
6 32 3
6 33 2
6 34 3
6 35 1
6 36 1
6 37 3
6 38 3
6 39 3
6 40 1
6 41 2
6 42 3
6 43 3
6 44 2
6 45 3
6 46 2
6 47 4
6 48 1
6 49 2
6 50 2
6 51 1
6 52 3
6 53 1
6 54 2
6 55 3
6 56 2
6 57 4
6 58 1
6 59 1
6 60 3
6 61 3
6 62 2
6 63 2
6 64 2
6 65 1
6 66 1
6 67 2
6 68 1
6 69 3
6 70 3
6 71 2
6 72 3
6 73 2
6 74 1
6 75 2
6 76 4
6 77 2
6 78 2
6 79 1
6 80 2
6 81 3
6 82 2
6 83 2
6 84 4
6 85 1
6 86 2
6 87 2
6 88 2
6 89 1
6 90 2
6 91 2
6 92 2
6 93 3
6 94 4
6 95 3
6 96 2
6 97 2
6 98 4
6 99 3
7 8 2
7 9 2
7 10 2
7 11 4
7 12 1
7 13 1
7 14 2
7 15 2
7 16 1
7 17 2
7 18 3
7 19 3
7 20 4
7 21 4
7 22 2
7 23 4
7 24 1
7 25 1
7 26 1
7 27 2
7 28 2
7 29 1
7 30 3
7 31 3
7 32 3
7 33 2
7 34 3
7 35 1
7 36 1
7 37 3
7 38 3
7 39 3
7 40 1
7 41 2
7 42 3
7 43 3
7 44 1
7 45 2
7 46 2
7 47 4
7 48 2
7 49 2
7 50 1
7 51 1
7 52 3
7 53 2
7 54 2
7 55 3
7 56 2
7 57 4
7 58 1
7 59 1
7 60 3
7 61 3
7 62 2
7 63 2
7 64 2
7 65 1
7 66 1
7 67 2
7 68 1
7 69 3
7 70 3
7 71 2
7 72 3
7 73 2
7 74 1
7 75 2
7 76 4
7 77 2
7 78 2
7 79 1
7 80 2
7 81 3
7 82 2
7 83 1
7 84 4
7 85 1
7 86 2
7 87 2
7 88 2
7 89 1
7 90 1
7 91 2
7 92 1
7 93 3
7 94 4
7 95 3
7 96 2
7 97 2
7 98 4
7 99 3
8 9 2
8 10 2
8 11 2
8 12 2
8 13 2
8 14 4
8 15 2
8 16 3
8 17 3
8 18 3
8 19 3
8 20 4
8 21 3
8 22 1
8 23 4
8 24 2
8 25 3
8 26 2
8 27 4
8 28 4
8 29 3
8 30 4
8 31 1
8 32 2
8 33 4
8 34 2
8 35 3
8 36 2
8 37 1
8 38 4
8 39 1
8 40 3
8 41 4
8 42 2
8 43 2
8 44 3
8 45 4
8 46 4
8 47 4
8 48 1
8 49 2
8 50 2
8 51 1
8 52 2
8 53 3
8 54 4
8 55 1
8 56 3
8 57 4
8 58 2
8 59 2
8 60 4
8 61 2
8 62 2
8 63 2
8 64 1
8 65 2
8 66 3
8 67 3
8 68 2
8 69 1
8 70 2
8 71 4
8 72 1
8 73 2
8 74 3
8 75 1
8 76 4
8 77 1
8 78 3
8 79 2
8 80 2
8 81 2
8 82 2
8 83 3
8 84 3
8 85 2
8 86 1
8 87 2
8 88 4
8 89 2
8 90 3
8 91 1
8 92 3
8 93 2
8 94 2
8 95 2
8 96 4
8 97 3
8 98 2
8 99 1
9 10 1
9 11 3
9 12 1
9 13 2
9 14 4
9 15 3
9 16 2
9 17 2
9 18 4
9 19 4
9 20 5
9 21 4
9 22 2
9 23 5
9 24 2
9 25 3
9 26 2
9 27 4
9 28 4
9 29 3
9 30 4
9 31 3
9 32 4
9 33 4
9 34 3
9 35 2
9 36 2
9 37 3
9 38 4
9 39 3
9 40 3
9 41 4
9 42 3
9 43 4
9 44 3
9 45 4
9 46 4
9 47 5
9 48 2
9 49 3
9 50 1
9 51 2
9 52 3
9 53 3
9 54 4
9 55 2
9 56 1
9 57 5
9 58 1
9 59 2
9 60 4
9 61 3
9 62 3
9 63 1
9 64 3
9 65 1
9 66 3
9 67 3
9 68 1
9 69 3
9 70 4
9 71 4
9 72 3
9 73 3
9 74 2
9 75 2
9 76 5
9 77 2
9 78 3
9 79 1
9 80 2
9 81 3
9 82 3
9 83 2
9 84 4
9 85 2
9 86 1
9 87 1
9 88 4
9 89 2
9 90 2
9 91 2
9 92 2
9 93 3
9 94 3
9 95 4
9 96 4
9 97 1
9 98 3
9 99 3
10 11 4
10 12 1
10 13 2
10 14 4
10 15 3
10 16 1
10 17 1
10 18 3
10 19 3
10 20 4
10 21 4
10 22 2
10 23 4
10 24 1
10 25 3
10 26 2
10 27 4
10 28 3
10 29 3
10 30 4
10 31 3
10 32 4
10 33 4
10 34 3
10 35 1
10 36 1
10 37 3
10 38 4
10 39 3
10 40 2
10 41 4
10 42 3
10 43 3
10 44 2
10 45 4
10 46 3
10 47 4
10 48 2
10 49 2
10 50 1
10 51 1
10 52 3
10 53 3
10 54 3
10 55 3
10 56 1
10 57 4
10 58 1
10 59 2
10 60 4
10 61 3
10 62 3
10 63 1
10 64 2
10 65 1
10 66 2
10 67 3
10 68 1
10 69 3
10 70 4
10 71 3
10 72 3
10 73 2
10 74 2
10 75 2
10 76 4
10 77 2
10 78 3
10 79 1
10 80 2
10 81 3
10 82 3
10 83 1
10 84 4
10 85 2
10 86 2
10 87 1
10 88 4
10 89 2
10 90 1
10 91 2
10 92 2
10 93 3
10 94 4
10 95 4
10 96 4
10 97 1
10 98 4
10 99 3
11 12 3
11 13 3
11 14 4
11 15 3
11 16 4
11 17 4
11 18 3
11 19 3
11 20 3
11 21 2
11 22 2
11 23 3
11 24 3
11 25 4
11 26 3
11 27 5
11 28 5
11 29 5
11 30 4
11 31 1
11 32 2
11 33 4
11 34 2
11 35 4
11 36 4
11 37 1
11 38 4
11 39 1
11 40 5
11 41 5
11 42 2
11 43 2
11 44 5
11 45 6
11 46 5
11 47 4
11 48 3
11 49 3
11 50 4
11 51 3
11 52 2
11 53 4
11 54 5
11 55 1
11 56 4
11 57 3
11 58 4
11 59 3
11 60 4
11 61 2
11 62 2
11 63 3
11 64 2
11 65 3
11 66 4
11 67 3
11 68 3
11 69 1
11 70 1
11 71 5
11 72 1
11 73 3
11 74 4
11 75 2
11 76 3
11 77 2
11 78 4
11 79 4
11 80 2
11 81 2
11 82 2
11 83 4
11 84 3
11 85 3
11 86 2
11 87 4
11 88 5
11 89 3
11 90 4
11 91 2
11 92 4
11 93 2
11 94 1
11 95 1
11 96 5
11 97 4
11 98 1
11 99 1
12 13 1
12 14 3
12 15 2
12 16 1
12 17 2
12 18 3
12 19 3
12 20 4
12 21 3
12 22 1
12 23 4
12 24 1
12 25 2
12 26 1
12 27 3
12 28 3
12 29 2
12 30 3
12 31 2
12 32 3
12 33 3
12 34 2
12 35 1
12 36 1
12 37 2
12 38 3
12 39 2
12 40 2
12 41 3
12 42 2
12 43 3
12 44 2
12 45 3
12 46 3
12 47 4
12 48 1
12 49 2
12 50 1
12 51 1
12 52 2
12 53 2
12 54 3
12 55 2
12 56 1
12 57 4
12 58 1
12 59 1
12 60 3
12 61 2
12 62 2
12 63 1
12 64 2
12 65 1
12 66 2
12 67 2
12 68 1
12 69 2
12 70 3
12 71 3
12 72 3
12 73 2
12 74 1
12 75 1
12 76 4
12 77 2
12 78 2
12 79 1
12 80 1
12 81 2
12 82 2
12 83 2
12 84 3
12 85 1
12 86 2
12 87 1
12 88 3
12 89 1
12 90 2
12 91 2
12 92 2
12 93 2
12 94 3
12 95 3
12 96 3
12 97 2
12 98 3
12 99 2
13 14 3
13 15 1
13 16 2
13 17 2
13 18 2
13 19 2
13 20 3
13 21 3
13 22 1
13 23 3
13 24 1
13 25 2
13 26 1
13 27 3
13 28 3
13 29 2
13 30 3
13 31 2
13 32 2
13 33 3
13 34 2
13 35 2
13 36 2
13 37 2
13 38 3
13 39 2
13 40 2
13 41 3
13 42 2
13 43 2
13 44 2
13 45 3
13 46 3
13 47 3
13 48 1
13 49 1
13 50 2
13 51 1
13 52 2
13 53 2
13 54 3
13 55 2
13 56 2
13 57 3
13 58 2
13 59 1
13 60 3
13 61 2
13 62 1
13 63 2
13 64 1
13 65 1
13 66 2
13 67 2
13 68 1
13 69 2
13 70 2
13 71 3
13 72 3
13 73 1
13 74 2
13 75 1
13 76 3
13 77 2
13 78 2
13 79 2
13 80 1
13 81 2
13 82 1
13 83 2
13 84 3
13 85 1
13 86 2
13 87 2
13 88 3
13 89 1
13 90 2
13 91 1
13 92 2
13 93 2
13 94 3
13 95 2
13 96 3
13 97 3
13 98 3
13 99 2
14 15 2
14 16 3
14 17 4
14 18 1
14 19 2
14 20 2
14 21 2
14 22 3
14 23 2
14 24 3
14 25 1
14 26 3
14 27 2
14 28 1
14 29 2
14 30 1
14 31 4
14 32 3
14 33 1
14 34 2
14 35 3
14 36 3
14 37 3
14 38 1
14 39 3
14 40 2
14 41 2
14 42 2
14 43 3
14 44 3
14 45 2
14 46 2
14 47 2
14 48 3
14 49 2
14 50 3
14 51 3
14 52 3
14 53 1
14 54 1
14 55 4
14 56 4
14 57 2
14 58 3
14 59 2
14 60 1
14 61 3
14 62 2
14 63 4
14 64 3
14 65 3
14 66 2
14 67 1
14 68 3
14 69 3
14 70 3
14 71 2
14 72 4
14 73 2
14 74 3
14 75 3
14 76 2
14 77 4
14 78 1
14 79 3
14 80 3
14 81 2
14 82 3
14 83 3
14 84 2
14 85 3
14 86 4
14 87 4
14 88 1
14 89 3
14 90 3
14 91 3
14 92 3
14 93 3
14 94 4
14 95 3
14 96 1
14 97 4
14 98 4
14 99 3
15 16 2
15 17 3
15 18 1
15 19 1
15 20 2
15 21 2
15 22 1
15 23 2
15 24 2
15 25 2
15 26 1
15 27 3
15 28 3
15 29 3
15 30 2
15 31 2
15 32 2
15 33 2
15 34 1
15 35 2
15 36 2
15 37 2
15 38 2
15 39 2
15 40 3
15 41 3
15 42 1
15 43 1
15 44 3
15 45 4
15 46 3
15 47 2
15 48 1
15 49 1
15 50 2
15 51 2
15 52 1
15 53 2
15 54 3
15 55 2
15 56 3
15 57 2
15 58 2
15 59 1
15 60 2
15 61 1
15 62 1
15 63 2
15 64 1
15 65 2
15 66 2
15 67 1
15 68 2
15 69 2
15 70 2
15 71 3
15 72 3
15 73 1
15 74 2
15 75 1
15 76 2
15 77 2
15 78 2
15 79 2
15 80 1
15 81 1
15 82 1
15 83 3
15 84 2
15 85 1
15 86 2
15 87 2
15 88 3
15 89 2
15 90 3
15 91 1
15 92 3
15 93 1
15 94 3
15 95 2
15 96 3
15 97 3
15 98 2
15 99 2
16 17 1
16 18 3
16 19 3
16 20 4
16 21 4
16 22 2
16 23 4
16 24 1
16 25 2
16 26 1
16 27 3
16 28 3
16 29 2
16 30 4
16 31 3
16 32 4
16 33 3
16 34 3
16 35 1
16 36 1
16 37 3
16 38 4
16 39 3
16 40 2
16 41 3
16 42 3
16 43 3
16 44 2
16 45 3
16 46 3
16 47 4
16 48 2
16 49 2
16 50 1
16 51 2
16 52 3
16 53 3
16 54 3
16 55 3
16 56 1
16 57 4
16 58 1
16 59 2
16 60 4
16 61 3
16 62 3
16 63 2
16 64 3
16 65 1
16 66 2
16 67 3
16 68 1
16 69 3
16 70 4
16 71 3
16 72 4
16 73 2
16 74 1
16 75 2
16 76 4
16 77 3
16 78 3
16 79 1
16 80 2
16 81 3
16 82 3
16 83 1
16 84 4
16 85 2
16 86 3
16 87 1
16 88 3
16 89 1
16 90 1
16 91 2
16 92 1
16 93 3
16 94 4
16 95 4
16 96 3
16 97 1
16 98 4
16 99 3
17 18 4
17 19 4
17 20 5
17 21 4
17 22 2
17 23 5
17 24 2
17 25 3
17 26 2
17 27 3
17 28 3
17 29 3
17 30 4
17 31 3
17 32 4
17 33 4
17 34 4
17 35 1
17 36 1
17 37 3
17 38 4
17 39 3
17 40 2
17 41 3
17 42 3
17 43 4
17 44 2
17 45 4
17 46 3
17 47 5
17 48 2
17 49 3
17 50 1
17 51 2
17 52 3
17 53 3
17 54 3
17 55 3
17 56 1
17 57 5
17 58 1
17 59 2
17 60 4
17 61 4
17 62 3
17 63 2
17 64 3
17 65 1
17 66 2
17 67 3
17 68 2
17 69 3
17 70 4
17 71 3
17 72 4
17 73 3
17 74 1
17 75 3
17 76 5
17 77 3
17 78 3
17 79 1
17 80 3
17 81 4
17 82 3
17 83 1
17 84 5
17 85 2
17 86 3
17 87 1
17 88 4
17 89 2
17 90 1
17 91 3
17 92 1
17 93 4
17 94 4
17 95 4
17 96 4
17 97 1
17 98 4
17 99 4
18 19 1
18 20 2
18 21 1
18 22 2
18 23 1
18 24 3
18 25 2
18 26 2
18 27 3
18 28 2
18 29 3
18 30 1
18 31 3
18 32 2
18 33 2
18 34 1
18 35 3
18 36 3
18 37 2
18 38 1
18 39 2
18 40 3
18 41 3
18 42 1
18 43 2
18 44 4
18 45 3
18 46 3
18 47 1
18 48 2
18 49 1
18 50 3
18 51 2
18 52 2
18 53 2
18 54 2
18 55 3
18 56 3
18 57 2
18 58 3
18 59 2
18 60 1
18 61 2
18 62 1
18 63 3
18 64 2
18 65 3
18 66 3
18 67 1
18 68 3
18 69 2
18 70 2
18 71 3
18 72 3
18 73 1
18 74 3
18 75 2
18 76 1
18 77 3
18 78 2
18 79 3
18 80 2
18 81 1
18 82 2
18 83 4
18 84 1
18 85 2
18 86 3
18 87 3
18 88 2
18 89 2
18 90 4
18 91 2
18 92 4
18 93 2
18 94 3
18 95 2
18 96 2
18 97 4
18 98 3
18 99 2
19 20 1
19 21 1
19 22 2
19 23 1
19 24 3
19 25 2
19 26 2
19 27 3
19 28 3
19 29 3
19 30 1
19 31 3
19 32 1
19 33 2
19 34 1
19 35 3
19 36 3
19 37 2
19 38 1
19 39 2
19 40 3
19 41 3
19 42 1
19 43 1
19 44 4
19 45 4
19 46 3
19 47 1
19 48 2
19 49 2
19 50 3
19 51 2
19 52 2
19 53 2
19 54 3
19 55 3
19 56 3
19 57 1
19 58 3
19 59 2
19 60 2
19 61 2
19 62 1
19 63 3
19 64 2
19 65 3
19 66 3
19 67 1
19 68 3
19 69 2
19 70 2
19 71 3
19 72 3
19 73 1
19 74 3
19 75 2
19 76 1
19 77 3
19 78 2
19 79 3
19 80 2
19 81 1
19 82 2
19 83 4
19 84 1
19 85 2
19 86 3
19 87 3
19 88 3
19 89 2
19 90 4
19 91 2
19 92 4
19 93 2
19 94 3
19 95 2
19 96 3
19 97 4
19 98 3
19 99 2
20 21 1
20 22 3
20 23 1
20 24 4
20 25 3
20 26 3
20 27 4
20 28 3
20 29 4
20 30 2
20 31 3
20 32 2
20 33 3
20 34 2
20 35 4
20 36 4
20 37 3
20 38 1
20 39 3
20 40 4
20 41 4
20 42 2
20 43 2
20 44 5
20 45 4
20 46 4
20 47 1
20 48 3
20 49 3
20 50 4
20 51 3
20 52 3
20 53 3
20 54 3
20 55 4
20 56 4
20 57 1
20 58 4
20 59 3
20 60 2
20 61 2
20 62 2
20 63 4
20 64 3
20 65 4
20 66 4
20 67 2
20 68 4
20 69 3
20 70 3
20 71 4
20 72 4
20 73 2
20 74 4
20 75 3
20 76 1
20 77 4
20 78 3
20 79 4
20 80 3
20 81 2
20 82 3
20 83 5
20 84 1
20 85 3
20 86 4
20 87 4
20 88 3
20 89 3
20 90 5
20 91 3
20 92 5
20 93 2
20 94 4
20 95 2
20 96 3
20 97 5
20 98 3
20 99 3
21 22 2
21 23 1
21 24 3
21 25 3
21 26 3
21 27 4
21 28 3
21 29 4
21 30 2
21 31 2
21 32 1
21 33 3
21 34 1
21 35 4
21 36 4
21 37 2
21 38 2
21 39 2
21 40 4
21 41 4
21 42 1
21 43 1
21 44 5
21 45 4
21 46 4
21 47 2
21 48 3
21 49 2
21 50 4
21 51 3
21 52 2
21 53 3
21 54 3
21 55 3
21 56 4
21 57 1
21 58 4
21 59 3
21 60 2
21 61 1
21 62 2
21 63 4
21 64 2
21 65 3
21 66 4
21 67 2
21 68 3
21 69 2
21 70 2
21 71 4
21 72 3
21 73 2
21 74 4
21 75 2
21 76 1
21 77 3
21 78 3
21 79 4
21 80 2
21 81 1
21 82 2
21 83 4
21 84 1
21 85 3
21 86 3
21 87 4
21 88 3
21 89 3
21 90 4
21 91 2
21 92 4
21 93 1
21 94 3
21 95 1
21 96 3
21 97 5
21 98 2
21 99 2
22 23 3
22 24 1
22 25 2
22 26 1
22 27 3
22 28 3
22 29 3
22 30 3
22 31 1
22 32 2
22 33 3
22 34 2
22 35 2
22 36 2
22 37 1
22 38 3
22 39 1
22 40 3
22 41 3
22 42 1
22 43 2
22 44 3
22 45 4
22 46 3
22 47 3
22 48 1
22 49 1
22 50 2
22 51 1
22 52 1
22 53 2
22 54 3
22 55 1
22 56 2
22 57 3
22 58 2
22 59 1
22 60 3
22 61 2
22 62 1
22 63 2
22 64 1
22 65 1
22 66 2
22 67 2
22 68 1
22 69 1
22 70 2
22 71 3
22 72 2
22 73 1
22 74 2
22 75 1
22 76 3
22 77 1
22 78 2
22 79 2
22 80 1
22 81 2
22 82 1
22 83 2
22 84 3
22 85 1
22 86 2
22 87 2
22 88 3
22 89 1
22 90 2
22 91 1
22 92 2
22 93 2
22 94 2
22 95 2
22 96 3
22 97 3
22 98 2
22 99 2
23 24 4
23 25 3
23 26 3
23 27 3
23 28 3
23 29 4
23 30 1
23 31 3
23 32 2
23 33 2
23 34 2
23 35 4
23 36 4
23 37 3
23 38 1
23 39 3
23 40 4
23 41 3
23 42 2
23 43 2
23 44 5
23 45 4
23 46 4
23 47 1
23 48 3
23 49 2
23 50 4
23 51 3
23 52 3
23 53 3
23 54 3
23 55 4
23 56 4
23 57 1
23 58 4
23 59 3
23 60 1
23 61 2
23 62 2
23 63 4
23 64 3
23 65 4
23 66 4
23 67 2
23 68 4
23 69 3
23 70 3
23 71 4
23 72 4
23 73 2
23 74 4
23 75 3
23 76 1
23 77 4
23 78 3
23 79 4
23 80 3
23 81 2
23 82 3
23 83 5
23 84 1
23 85 3
23 86 4
23 87 4
23 88 3
23 89 3
23 90 5
23 91 3
23 92 5
23 93 2
23 94 4
23 95 2
23 96 3
23 97 5
23 98 3
23 99 3
24 25 2
24 26 1
24 27 3
24 28 2
24 29 2
24 30 3
24 31 2
24 32 3
24 33 3
24 34 3
24 35 1
24 36 1
24 37 2
24 38 3
24 39 2
24 40 2
24 41 3
24 42 2
24 43 3
24 44 2
24 45 3
24 46 3
24 47 4
24 48 1
24 49 2
24 50 1
24 51 1
24 52 2
24 53 2
24 54 2
24 55 2
24 56 1
24 57 4
24 58 1
24 59 1
24 60 3
24 61 3
24 62 2
24 63 2
24 64 2
24 65 1
24 66 1
24 67 2
24 68 1
24 69 2
24 70 3
24 71 2
24 72 3
24 73 2
24 74 1
24 75 2
24 76 4
24 77 2
24 78 2
24 79 1
24 80 2
24 81 3
24 82 2
24 83 1
24 84 4
24 85 1
24 86 2
24 87 1
24 88 3
24 89 1
24 90 1
24 91 2
24 92 1
24 93 3
24 94 3
24 95 3
24 96 3
24 97 2
24 98 3
24 99 3
25 26 2
25 27 1
25 28 1
25 29 1
25 30 2
25 31 3
25 32 3
25 33 1
25 34 3
25 35 2
25 36 2
25 37 3
25 38 2
25 39 3
25 40 1
25 41 1
25 42 3
25 43 3
25 44 2
25 45 2
25 46 2
25 47 3
25 48 2
25 49 2
25 50 2
25 51 2
25 52 3
25 53 1
25 54 1
25 55 3
25 56 3
25 57 3
25 58 2
25 59 1
25 60 2
25 61 3
25 62 2
25 63 3
25 64 2
25 65 2
25 66 1
25 67 1
25 68 2
25 69 3
25 70 3
25 71 1
25 72 4
25 73 2
25 74 2
25 75 2
25 76 3
25 77 3
25 78 1
25 79 2
25 80 2
25 81 3
25 82 3
25 83 2
25 84 3
25 85 2
25 86 3
25 87 3
25 88 1
25 89 2
25 90 2
25 91 3
25 92 2
25 93 3
25 94 4
25 95 4
25 96 1
25 97 3
25 98 4
25 99 3
26 27 3
26 28 2
26 29 2
26 30 3
26 31 2
26 32 3
26 33 3
26 34 2
26 35 1
26 36 1
26 37 2
26 38 3
26 39 2
26 40 2
26 41 3
26 42 2
26 43 2
26 44 2
26 45 3
26 46 3
26 47 3
26 48 1
26 49 1
26 50 1
26 51 1
26 52 2
26 53 2
26 54 2
26 55 2
26 56 2
26 57 3
26 58 1
26 59 1
26 60 3
26 61 2
26 62 2
26 63 2
26 64 2
26 65 1
26 66 1
26 67 2
26 68 1
26 69 2
26 70 3
26 71 2
26 72 3
26 73 1
26 74 1
26 75 1
26 76 3
26 77 2
26 78 2
26 79 1
26 80 1
26 81 2
26 82 2
26 83 2
26 84 3
26 85 1
26 86 2
26 87 2
26 88 3
26 89 1
26 90 2
26 91 2
26 92 2
26 93 2
26 94 3
26 95 3
26 96 3
26 97 2
26 98 3
26 99 2
27 28 1
27 29 1
27 30 2
27 31 4
27 32 4
27 33 1
27 34 4
27 35 3
27 36 3
27 37 4
27 38 3
27 39 4
27 40 2
27 41 1
27 42 4
27 43 4
27 44 2
27 45 1
27 46 1
27 47 3
27 48 3
27 49 3
27 50 3
27 51 3
27 52 4
27 53 1
27 54 1
27 55 4
27 56 3
27 57 4
27 58 3
27 59 2
27 60 2
27 61 4
27 62 3
27 63 4
27 64 3
27 65 3
27 66 2
27 67 2
27 68 3
27 69 4
27 70 4
27 71 1
27 72 5
27 73 3
27 74 2
27 75 3
27 76 4
27 77 4
27 78 1
27 79 3
27 80 3
27 81 4
27 82 4
27 83 3
27 84 4
27 85 3
27 86 4
27 87 4
27 88 1
27 89 3
27 90 3
27 91 4
27 92 2
27 93 4
27 94 5
27 95 5
27 96 1
27 97 3
27 98 5
27 99 4
28 29 1
28 30 2
28 31 4
28 32 4
28 33 1
28 34 3
28 35 2
28 36 3
28 37 4
28 38 2
28 39 4
28 40 1
28 41 1
28 42 3
28 43 4
28 44 2
28 45 1
28 46 1
28 47 3
28 48 3
28 49 3
28 50 3
28 51 3
28 52 4
28 53 1
28 54 1
28 55 4
28 56 3
28 57 3
28 58 3
28 59 2
28 60 2
28 61 4
28 62 3
28 63 4
28 64 3
28 65 3
28 66 1
28 67 2
28 68 3
28 69 4
28 70 4
28 71 1
28 72 5
28 73 3
28 74 2
28 75 3
28 76 3
28 77 4
28 78 1
28 79 3
28 80 3
28 81 3
28 82 4
28 83 3
28 84 3
28 85 3
28 86 4
28 87 3
28 88 1
28 89 3
28 90 3
28 91 4
28 92 2
28 93 4
28 94 5
28 95 4
28 96 1
28 97 3
28 98 5
28 99 4
29 30 3
29 31 4
29 32 4
29 33 2
29 34 4
29 35 2
29 36 2
29 37 4
29 38 3
29 39 4
29 40 1
29 41 1
29 42 4
29 43 4
29 44 1
29 45 1
29 46 1
29 47 4
29 48 3
29 49 3
29 50 2
29 51 2
29 52 4
29 53 1
29 54 1
29 55 4
29 56 3
29 57 4
29 58 2
29 59 2
29 60 3
29 61 4
29 62 3
29 63 3
29 64 3
29 65 2
29 66 1
29 67 2
29 68 2
29 69 4
29 70 4
29 71 1
29 72 4
29 73 3
29 74 2
29 75 3
29 76 4
29 77 3
29 78 1
29 79 2
29 80 3
29 81 4
29 82 3
29 83 2
29 84 4
29 85 2
29 86 3
29 87 3
29 88 2
29 89 2
29 90 2
29 91 3
29 92 2
29 93 4
29 94 5
29 95 4
29 96 2
29 97 3
29 98 5
29 99 4
30 31 4
30 32 2
30 33 1
30 34 2
30 35 4
30 36 4
30 37 3
30 38 1
30 39 3
30 40 3
30 41 2
30 42 2
30 43 2
30 44 4
30 45 3
30 46 3
30 47 1
30 48 3
30 49 2
30 50 4
30 51 3
30 52 3
30 53 2
30 54 2
30 55 4
30 56 4
30 57 2
30 58 4
30 59 2
30 60 1
30 61 3
30 62 2
30 63 4
30 64 3
30 65 3
30 66 3
30 67 1
30 68 3
30 69 3
30 70 3
30 71 3
30 72 4
30 73 2
30 74 4
30 75 3
30 76 2
30 77 4
30 78 2
30 79 4
30 80 3
30 81 2
30 82 3
30 83 4
30 84 2
30 85 3
30 86 4
30 87 4
30 88 2
30 89 3
30 90 4
30 91 3
30 92 4
30 93 3
30 94 4
30 95 3
30 96 2
30 97 5
30 98 4
30 99 3
31 32 2
31 33 4
31 34 2
31 35 3
31 36 3
31 37 1
31 38 4
31 39 1
31 40 4
31 41 4
31 42 2
31 43 2
31 44 4
31 45 5
31 46 4
31 47 4
31 48 2
31 49 2
31 50 3
31 51 2
31 52 1
31 53 3
31 54 4
31 55 1
31 56 3
31 57 3
31 58 3
31 59 2
31 60 4
31 61 1
31 62 2
31 63 3
31 64 1
31 65 2
31 66 3
31 67 3
31 68 2
31 69 1
31 70 1
31 71 4
31 72 1
31 73 2
31 74 3
31 75 1
31 76 3
31 77 1
31 78 3
31 79 3
31 80 2
31 81 2
31 82 1
31 83 3
31 84 3
31 85 2
31 86 2
31 87 3
31 88 4
31 89 2
31 90 3
31 91 1
31 92 3
31 93 1
31 94 1
31 95 1
31 96 4
31 97 4
31 98 1
31 99 1
32 33 3
32 34 1
32 35 3
32 36 3
32 37 2
32 38 2
32 39 1
32 40 4
32 41 4
32 42 1
32 43 1
32 44 4
32 45 5
32 46 4
32 47 2
32 48 2
32 49 2
32 50 3
32 51 3
32 52 1
32 53 3
32 54 4
32 55 2
32 56 4
32 57 2
32 58 3
32 59 2
32 60 3
32 61 1
32 62 1
32 63 3
32 64 2
32 65 3
32 66 3
32 67 2
32 68 3
32 69 2
32 70 1
32 71 4
32 72 2
32 73 2
32 74 4
32 75 2
32 76 2
32 77 2
32 78 3
32 79 3
32 80 2
32 81 1
32 82 1
32 83 4
32 84 2
32 85 2
32 86 3
32 87 3
32 88 4
32 89 3
32 90 4
32 91 2
32 92 4
32 93 1
32 94 2
32 95 1
32 96 4
32 97 4
32 98 2
32 99 2
33 34 3
33 35 3
33 36 3
33 37 3
33 38 2
33 39 3
33 40 2
33 41 1
33 42 3
33 43 3
33 44 3
33 45 2
33 46 2
33 47 2
33 48 3
33 49 2
33 50 3
33 51 3
33 52 3
33 53 1
33 54 1
33 55 4
33 56 4
33 57 3
33 58 3
33 59 2
33 60 1
33 61 3
33 62 2
33 63 4
33 64 3
33 65 3
33 66 2
33 67 1
33 68 3
33 69 3
33 70 4
33 71 2
33 72 4
33 73 2
33 74 3
33 75 3
33 76 3
33 77 4
33 78 1
33 79 3
33 80 3
33 81 3
33 82 3
33 83 3
33 84 3
33 85 3
33 86 4
33 87 4
33 88 1
33 89 3
33 90 3
33 91 3
33 92 3
33 93 3
33 94 4
33 95 4
33 96 1
33 97 4
33 98 4
33 99 4
34 35 3
34 36 3
34 37 2
34 38 2
34 39 2
34 40 4
34 41 4
34 42 1
34 43 1
34 44 4
34 45 4
34 46 4
34 47 2
34 48 2
34 49 1
34 50 3
34 51 2
34 52 1
34 53 3
34 54 3
34 55 2
34 56 3
34 57 2
34 58 3
34 59 2
34 60 2
34 61 1
34 62 1
34 63 3
34 64 1
34 65 3
34 66 3
34 67 2
34 68 3
34 69 2
34 70 1
34 71 4
34 72 2
34 73 1
34 74 3
34 75 2
34 76 2
34 77 3
34 78 3
34 79 3
34 80 1
34 81 1
34 82 1
34 83 4
34 84 1
34 85 2
34 86 3
34 87 3
34 88 3
34 89 2
34 90 4
34 91 2
34 92 4
34 93 1
34 94 2
34 95 1
34 96 3
34 97 4
34 98 2
34 99 2
35 36 1
35 37 3
35 38 4
35 39 3
35 40 1
35 41 3
35 42 3
35 43 3
35 44 2
35 45 3
35 46 2
35 47 4
35 48 2
35 49 2
35 50 1
35 51 2
35 52 3
35 53 2
35 54 3
35 55 3
35 56 1
35 57 4
35 58 1
35 59 2
35 60 4
35 61 3
35 62 2
35 63 2
35 64 2
35 65 1
35 66 2
35 67 3
35 68 1
35 69 3
35 70 3
35 71 2
35 72 4
35 73 2
35 74 1
35 75 2
35 76 4
35 77 3
35 78 3
35 79 1
35 80 2
35 81 3
35 82 3
35 83 1
35 84 4
35 85 1
35 86 3
35 87 1
35 88 3
35 89 1
35 90 1
35 91 2
35 92 1
35 93 3
35 94 4
35 95 4
35 96 3
35 97 1
35 98 4
35 99 3
36 37 3
36 38 4
36 39 3
36 40 2
36 41 3
36 42 3
36 43 3
36 44 2
36 45 3
36 46 3
36 47 4
36 48 1
36 49 2
36 50 1
36 51 1
36 52 3
36 53 2
36 54 3
36 55 3
36 56 1
36 57 4
36 58 1
36 59 2
36 60 4
36 61 3
36 62 2
36 63 1
36 64 2
36 65 1
36 66 2
36 67 3
36 68 1
36 69 3
36 70 3
36 71 3
36 72 3
36 73 2
36 74 1
36 75 2
36 76 4
36 77 2
36 78 3
36 79 1
36 80 2
36 81 3
36 82 2
36 83 1
36 84 4
36 85 1
36 86 2
36 87 1
36 88 3
36 89 1
36 90 1
36 91 2
36 92 1
36 93 3
36 94 4
36 95 3
36 96 3
36 97 1
36 98 4
36 99 3
37 38 3
37 39 1
37 40 4
37 41 4
37 42 1
37 43 2
37 44 4
37 45 5
37 46 4
37 47 3
37 48 2
37 49 2
37 50 3
37 51 2
37 52 1
37 53 3
37 54 4
37 55 1
37 56 3
37 57 3
37 58 3
37 59 2
37 60 3
37 61 1
37 62 1
37 63 3
37 64 1
37 65 2
37 66 3
37 67 2
37 68 2
37 69 1
37 70 1
37 71 4
37 72 1
37 73 2
37 74 3
37 75 1
37 76 3
37 77 1
37 78 3
37 79 3
37 80 1
37 81 2
37 82 1
37 83 3
37 84 3
37 85 2
37 86 2
37 87 3
37 88 4
37 89 2
37 90 3
37 91 1
37 92 3
37 93 1
37 94 1
37 95 1
37 96 4
37 97 4
37 98 1
37 99 1
38 39 3
38 40 3
38 41 3
38 42 2
38 43 2
38 44 4
38 45 3
38 46 3
38 47 1
38 48 3
38 49 2
38 50 4
38 51 3
38 52 3
38 53 2
38 54 2
38 55 4
38 56 4
38 57 1
38 58 4
38 59 2
38 60 1
38 61 3
38 62 2
38 63 4
38 64 3
38 65 3
38 66 3
38 67 1
38 68 3
38 69 3
38 70 3
38 71 3
38 72 4
38 73 2
38 74 4
38 75 3
38 76 1
38 77 4
38 78 2
38 79 4
38 80 3
38 81 2
38 82 3
38 83 4
38 84 1
38 85 3
38 86 4
38 87 4
38 88 2
38 89 3
38 90 4
38 91 3
38 92 4
38 93 3
38 94 4
38 95 3
38 96 2
38 97 5
38 98 4
38 99 3
39 40 4
39 41 4
39 42 1
39 43 1
39 44 4
39 45 5
39 46 4
39 47 3
39 48 2
39 49 2
39 50 3
39 51 2
39 52 1
39 53 3
39 54 4
39 55 1
39 56 3
39 57 3
39 58 3
39 59 2
39 60 3
39 61 1
39 62 1
39 63 3
39 64 1
39 65 2
39 66 3
39 67 2
39 68 2
39 69 1
39 70 1
39 71 4
39 72 1
39 73 2
39 74 3
39 75 1
39 76 3
39 77 1
39 78 3
39 79 3
39 80 2
39 81 1
39 82 1
39 83 3
39 84 3
39 85 2
39 86 2
39 87 3
39 88 4
39 89 2
39 90 3
39 91 1
39 92 3
39 93 1
39 94 1
39 95 1
39 96 4
39 97 4
39 98 1
39 99 1
40 41 2
40 42 4
40 43 4
40 44 1
40 45 2
40 46 1
40 47 4
40 48 2
40 49 3
40 50 2
40 51 2
40 52 4
40 53 1
40 54 2
40 55 4
40 56 2
40 57 4
40 58 2
40 59 2
40 60 3
40 61 4
40 62 3
40 63 3
40 64 3
40 65 2
40 66 1
40 67 2
40 68 2
40 69 4
40 70 4
40 71 1
40 72 4
40 73 3
40 74 1
40 75 3
40 76 4
40 77 3
40 78 2
40 79 2
40 80 3
40 81 4
40 82 3
40 83 2
40 84 4
40 85 2
40 86 3
40 87 2
40 88 2
40 89 2
40 90 2
40 91 3
40 92 1
40 93 4
40 94 5
40 95 4
40 96 2
40 97 2
40 98 5
40 99 4
41 42 4
41 43 4
41 44 2
41 45 1
41 46 1
41 47 3
41 48 3
41 49 3
41 50 3
41 51 3
41 52 4
41 53 1
41 54 1
41 55 4
41 56 3
41 57 4
41 58 3
41 59 2
41 60 2
41 61 4
41 62 3
41 63 4
41 64 3
41 65 3
41 66 2
41 67 2
41 68 3
41 69 4
41 70 4
41 71 1
41 72 5
41 73 3
41 74 2
41 75 3
41 76 4
41 77 4
41 78 1
41 79 3
41 80 3
41 81 4
41 82 4
41 83 3
41 84 4
41 85 3
41 86 4
41 87 4
41 88 1
41 89 3
41 90 3
41 91 4
41 92 2
41 93 4
41 94 5
41 95 5
41 96 1
41 97 3
41 98 5
41 99 4
42 43 1
42 44 4
42 45 4
42 46 4
42 47 2
42 48 2
42 49 1
42 50 3
42 51 2
42 52 1
42 53 3
42 54 3
42 55 2
42 56 3
42 57 2
42 58 3
42 59 2
42 60 2
42 61 1
42 62 1
42 63 3
42 64 1
42 65 2
42 66 3
42 67 2
42 68 2
42 69 1
42 70 1
42 71 4
42 72 2
42 73 1
42 74 3
42 75 1
42 76 2
42 77 2
42 78 3
42 79 3
42 80 1
42 81 1
42 82 1
42 83 3
42 84 2
42 85 2
42 86 2
42 87 3
42 88 3
42 89 2
42 90 3
42 91 1
42 92 3
42 93 1
42 94 2
42 95 1
42 96 3
42 97 4
42 98 2
42 99 1
43 44 4
43 45 5
43 46 4
43 47 2
43 48 2
43 49 1
43 50 3
43 51 2
43 52 1
43 53 3
43 54 4
43 55 2
43 56 3
43 57 2
43 58 3
43 59 2
43 60 3
43 61 1
43 62 1
43 63 3
43 64 1
43 65 3
43 66 3
43 67 2
43 68 3
43 69 1
43 70 1
43 71 4
43 72 2
43 73 1
43 74 3
43 75 2
43 76 2
43 77 2
43 78 3
43 79 3
43 80 2
43 81 1
43 82 1
43 83 4
43 84 2
43 85 2
43 86 3
43 87 3
43 88 4
43 89 2
43 90 4
43 91 2
43 92 4
43 93 1
43 94 2
43 95 1
43 96 4
43 97 4
43 98 2
43 99 1
44 45 2
44 46 2
44 47 5
44 48 3
44 49 3
44 50 2
44 51 2
44 52 4
44 53 2
44 54 2
44 55 4
44 56 2
44 57 5
44 58 2
44 59 2
44 60 4
44 61 4
44 62 3
44 63 3
44 64 3
44 65 2
44 66 1
44 67 3
44 68 2
44 69 4
44 70 4
44 71 1
44 72 4
44 73 3
44 74 1
44 75 3
44 76 5
44 77 3
44 78 2
44 79 2
44 80 3
44 81 4
44 82 3
44 83 2
44 84 5
44 85 2
44 86 3
44 87 2
44 88 2
44 89 2
44 90 1
44 91 3
44 92 1
44 93 4
44 94 5
44 95 4
44 96 3
44 97 2
44 98 5
44 99 4
45 46 1
45 47 4
45 48 4
45 49 4
45 50 3
45 51 3
45 52 5
45 53 2
45 54 1
45 55 5
45 56 4
45 57 4
45 58 3
45 59 3
45 60 3
45 61 5
45 62 4
45 63 4
45 64 4
45 65 3
45 66 2
45 67 3
45 68 3
45 69 5
45 70 5
45 71 1
45 72 5
45 73 4
45 74 3
45 75 4
45 76 4
45 77 4
45 78 2
45 79 3
45 80 4
45 81 4
45 82 4
45 83 3
45 84 4
45 85 3
45 86 4
45 87 4
45 88 1
45 89 3
45 90 3
45 91 4
45 92 3
45 93 5
45 94 6
45 95 5
45 96 1
45 97 4
45 98 6
45 99 5
46 47 4
46 48 3
46 49 3
46 50 3
46 51 3
46 52 4
46 53 1
46 54 1
46 55 4
46 56 3
46 57 4
46 58 3
46 59 2
46 60 3
46 61 4
46 62 3
46 63 4
46 64 3
46 65 3
46 66 2
46 67 2
46 68 3
46 69 4
46 70 4
46 71 1
46 72 5
46 73 3
46 74 2
46 75 3
46 76 4
46 77 4
46 78 2
46 79 3
46 80 3
46 81 4
46 82 4
46 83 3
46 84 4
46 85 3
46 86 4
46 87 3
46 88 1
46 89 3
46 90 3
46 91 4
46 92 2
46 93 4
46 94 5
46 95 5
46 96 1
46 97 3
46 98 5
46 99 4
47 48 3
47 49 2
47 50 4
47 51 3
47 52 3
47 53 3
47 54 3
47 55 4
47 56 4
47 57 1
47 58 4
47 59 3
47 60 1
47 61 3
47 62 2
47 63 4
47 64 3
47 65 4
47 66 4
47 67 2
47 68 4
47 69 3
47 70 3
47 71 4
47 72 4
47 73 2
47 74 4
47 75 3
47 76 1
47 77 4
47 78 3
47 79 4
47 80 3
47 81 2
47 82 3
47 83 5
47 84 1
47 85 3
47 86 4
47 87 4
47 88 3
47 89 3
47 90 5
47 91 3
47 92 5
47 93 3
47 94 4
47 95 3
47 96 3
47 97 5
47 98 4
47 99 3
48 49 1
48 50 1
48 51 1
48 52 2
48 53 2
48 54 3
48 55 2
48 56 2
48 57 3
48 58 1
48 59 1
48 60 3
48 61 2
48 62 2
48 63 1
48 64 1
48 65 1
48 66 2
48 67 2
48 68 1
48 69 2
48 70 2
48 71 3
48 72 2
48 73 1
48 74 2
48 75 1
48 76 3
48 77 1
48 78 2
48 79 1
48 80 1
48 81 2
48 82 1
48 83 2
48 84 3
48 85 1
48 86 1
48 87 1
48 88 3
48 89 1
48 90 2
48 91 1
48 92 2
48 93 2
48 94 3
48 95 2
48 96 3
48 97 2
48 98 3
48 99 2
49 50 2
49 51 1
49 52 1
49 53 2
49 54 3
49 55 2
49 56 3
49 57 3
49 58 2
49 59 1
49 60 2
49 61 1
49 62 1
49 63 2
49 64 1
49 65 2
49 66 2
49 67 1
49 68 2
49 69 2
49 70 2
49 71 3
49 72 3
49 73 1
49 74 2
49 75 1
49 76 2
49 77 2
49 78 2
49 79 2
49 80 1
49 81 1
49 82 1
49 83 3
49 84 2
49 85 1
49 86 2
49 87 2
49 88 3
49 89 2
49 90 3
49 91 1
49 92 3
49 93 1
49 94 3
49 95 2
49 96 3
49 97 3
49 98 2
49 99 2
50 51 1
50 52 3
50 53 3
50 54 3
50 55 3
50 56 1
50 57 4
50 58 1
50 59 2
50 60 4
50 61 3
50 62 2
50 63 1
50 64 2
50 65 1
50 66 2
50 67 3
50 68 1
50 69 3
50 70 3
50 71 3
50 72 3
50 73 2
50 74 1
50 75 2
50 76 4
50 77 2
50 78 3
50 79 1
50 80 2
50 81 3
50 82 2
50 83 1
50 84 4
50 85 1
50 86 2
50 87 1
50 88 3
50 89 1
50 90 1
50 91 2
50 92 1
50 93 3
50 94 4
50 95 3
50 96 3
50 97 1
50 98 4
50 99 3
51 52 2
51 53 2
51 54 3
51 55 2
51 56 2
51 57 3
51 58 1
51 59 1
51 60 3
51 61 2
51 62 2
51 63 1
51 64 1
51 65 1
51 66 2
51 67 2
51 68 1
51 69 2
51 70 3
51 71 3
51 72 2
51 73 1
51 74 2
51 75 1
51 76 3
51 77 1
51 78 2
51 79 1
51 80 1
51 81 2
51 82 2
51 83 2
51 84 3
51 85 1
51 86 1
51 87 1
51 88 3
51 89 1
51 90 2
51 91 1
51 92 2
51 93 2
51 94 3
51 95 3
51 96 3
51 97 2
51 98 3
51 99 2
52 53 3
52 54 4
52 55 1
52 56 3
52 57 3
52 58 3
52 59 2
52 60 3
52 61 1
52 62 1
52 63 3
52 64 1
52 65 2
52 66 3
52 67 2
52 68 2
52 69 1
52 70 1
52 71 4
52 72 2
52 73 1
52 74 3
52 75 1
52 76 3
52 77 2
52 78 3
52 79 3
52 80 1
52 81 1
52 82 1
52 83 3
52 84 2
52 85 2
52 86 2
52 87 3
52 88 4
52 89 2
52 90 3
52 91 1
52 92 3
52 93 1
52 94 2
52 95 1
52 96 4
52 97 4
52 98 1
52 99 1
53 54 1
53 55 3
53 56 3
53 57 3
53 58 2
53 59 1
53 60 2
53 61 3
53 62 2
53 63 3
53 64 2
53 65 2
53 66 1
53 67 1
53 68 2
53 69 3
53 70 3
53 71 1
53 72 4
53 73 2
53 74 2
53 75 2
53 76 3
53 77 3
53 78 1
53 79 2
53 80 2
53 81 3
53 82 3
53 83 3
53 84 3
53 85 2
53 86 3
53 87 3
53 88 1
53 89 2
53 90 3
53 91 3
53 92 2
53 93 3
53 94 4
53 95 4
53 96 1
53 97 3
53 98 4
53 99 3
54 55 4
54 56 3
54 57 3
54 58 3
54 59 2
54 60 2
54 61 4
54 62 3
54 63 4
54 64 3
54 65 3
54 66 1
54 67 2
54 68 3
54 69 4
54 70 4
54 71 1
54 72 5
54 73 3
54 74 2
54 75 3
54 76 3
54 77 4
54 78 1
54 79 3
54 80 3
54 81 3
54 82 4
54 83 3
54 84 3
54 85 3
54 86 4
54 87 3
54 88 1
54 89 3
54 90 3
54 91 4
54 92 2
54 93 4
54 94 5
54 95 4
54 96 1
54 97 3
54 98 5
54 99 4
55 56 3
55 57 4
55 58 3
55 59 2
55 60 4
55 61 2
55 62 2
55 63 2
55 64 2
55 65 2
55 66 3
55 67 3
55 68 2
55 69 1
55 70 2
55 71 4
55 72 1
55 73 2
55 74 3
55 75 1
55 76 4
55 77 1
55 78 3
55 79 3
55 80 2
55 81 2
55 82 2
55 83 3
55 84 3
55 85 2
55 86 1
55 87 3
55 88 4
55 89 2
55 90 3
55 91 1
55 92 3
55 93 2
55 94 1
55 95 2
55 96 4
55 97 3
55 98 1
55 99 1
56 57 4
56 58 1
56 59 2
56 60 4
56 61 3
56 62 3
56 63 1
56 64 3
56 65 1
56 66 2
56 67 3
56 68 1
56 69 3
56 70 4
56 71 3
56 72 4
56 73 2
56 74 1
56 75 2
56 76 4
56 77 3
56 78 3
56 79 1
56 80 2
56 81 3
56 82 3
56 83 1
56 84 4
56 85 2
56 86 2
56 87 1
56 88 4
56 89 1
56 90 1
56 91 2
56 92 1
56 93 3
56 94 4
56 95 4
56 96 4
56 97 1
56 98 4
56 99 3
57 58 4
57 59 3
57 60 2
57 61 2
57 62 2
57 63 4
57 64 3
57 65 4
57 66 4
57 67 2
57 68 4
57 69 3
57 70 3
57 71 4
57 72 4
57 73 2
57 74 4
57 75 3
57 76 1
57 77 4
57 78 3
57 79 4
57 80 3
57 81 2
57 82 3
57 83 5
57 84 1
57 85 3
57 86 4
57 87 4
57 88 3
57 89 3
57 90 5
57 91 3
57 92 5
57 93 2
57 94 4
57 95 2
57 96 3
57 97 5
57 98 3
57 99 3
58 59 2
58 60 4
58 61 3
58 62 2
58 63 1
58 64 2
58 65 1
58 66 2
58 67 3
58 68 1
58 69 3
58 70 3
58 71 3
58 72 3
58 73 2
58 74 1
58 75 2
58 76 4
58 77 2
58 78 3
58 79 1
58 80 2
58 81 3
58 82 2
58 83 1
58 84 4
58 85 1
58 86 2
58 87 1
58 88 3
58 89 1
58 90 1
58 91 2
58 92 2
58 93 3
58 94 4
58 95 3
58 96 3
58 97 1
58 98 4
58 99 3
59 60 2
59 61 2
59 62 1
59 63 2
59 64 1
59 65 1
59 66 1
59 67 1
59 68 1
59 69 2
59 70 2
59 71 2
59 72 3
59 73 1
59 74 2
59 75 1
59 76 3
59 77 2
59 78 1
59 79 2
59 80 1
59 81 2
59 82 2
59 83 2
59 84 3
59 85 1
59 86 2
59 87 2
59 88 2
59 89 1
59 90 2
59 91 2
59 92 2
59 93 2
59 94 3
59 95 3
59 96 2
59 97 3
59 98 3
59 99 2
60 61 3
60 62 2
60 63 4
60 64 3
60 65 3
60 66 3
60 67 1
60 68 3
60 69 3
60 70 3
60 71 3
60 72 4
60 73 2
60 74 4
60 75 3
60 76 2
60 77 4
60 78 2
60 79 4
60 80 3
60 81 2
60 82 3
60 83 4
60 84 2
60 85 3
60 86 4
60 87 4
60 88 2
60 89 3
60 90 4
60 91 3
60 92 4
60 93 3
60 94 4
60 95 3
60 96 2
60 97 5
60 98 4
60 99 3
61 62 1
61 63 3
61 64 1
61 65 3
61 66 3
61 67 2
61 68 2
61 69 1
61 70 1
61 71 4
61 72 2
61 73 2
61 74 3
61 75 1
61 76 2
61 77 2
61 78 3
61 79 3
61 80 2
61 81 1
61 82 1
61 83 3
61 84 2
61 85 2
61 86 2
61 87 3
61 88 4
61 89 2
61 90 3
61 91 1
61 92 4
61 93 1
61 94 2
61 95 1
61 96 4
61 97 4
61 98 2
61 99 1
62 63 3
62 64 1
62 65 2
62 66 2
62 67 1
62 68 2
62 69 1
62 70 2
62 71 3
62 72 2
62 73 1
62 74 3
62 75 1
62 76 2
62 77 2
62 78 2
62 79 2
62 80 1
62 81 1
62 82 1
62 83 3
62 84 2
62 85 1
62 86 2
62 87 3
62 88 3
62 89 2
62 90 3
62 91 1
62 92 3
62 93 1
62 94 2
62 95 2
62 96 3
62 97 3
62 98 2
62 99 2
63 64 2
63 65 1
63 66 3
63 67 3
63 68 1
63 69 3
63 70 3
63 71 4
63 72 3
63 73 2
63 74 2
63 75 2
63 76 4
63 77 2
63 78 3
63 79 1
63 80 2
63 81 3
63 82 2
63 83 2
63 84 4
63 85 2
63 86 1
63 87 1
63 88 4
63 89 2
63 90 2
63 91 2
63 92 2
63 93 3
63 94 3
63 95 3
63 96 4
63 97 2
63 98 3
63 99 3
64 65 2
64 66 2
64 67 2
64 68 2
64 69 1
64 70 2
64 71 3
64 72 2
64 73 1
64 74 3
64 75 1
64 76 3
64 77 2
64 78 2
64 79 2
64 80 1
64 81 1
64 82 1
64 83 3
64 84 2
64 85 1
64 86 2
64 87 2
64 88 3
64 89 2
64 90 3
64 91 1
64 92 3
64 93 1
64 94 2
64 95 2
64 96 3
64 97 3
64 98 2
64 99 1
65 66 2
65 67 2
65 68 1
65 69 2
65 70 3
65 71 3
65 72 3
65 73 2
65 74 1
65 75 2
65 76 4
65 77 2
65 78 2
65 79 1
65 80 2
65 81 3
65 82 2
65 83 1
65 84 4
65 85 1
65 86 2
65 87 1
65 88 3
65 89 1
65 90 1
65 91 2
65 92 2
65 93 3
65 94 3
65 95 3
65 96 3
65 97 2
65 98 3
65 99 3
66 67 2
66 68 2
66 69 3
66 70 3
66 71 1
66 72 4
66 73 2
66 74 1
66 75 2
66 76 4
66 77 3
66 78 1
66 79 2
66 80 2
66 81 3
66 82 3
66 83 2
66 84 4
66 85 2
66 86 3
66 87 2
66 88 2
66 89 2
66 90 2
66 91 3
66 92 1
66 93 3
66 94 4
66 95 4
66 96 2
66 97 2
66 98 4
66 99 3
67 68 2
67 69 2
67 70 3
67 71 2
67 72 3
67 73 1
67 74 3
67 75 2
67 76 2
67 77 3
67 78 1
67 79 3
67 80 2
67 81 2
67 82 2
67 83 3
67 84 2
67 85 2
67 86 3
67 87 3
67 88 2
67 89 2
67 90 3
67 91 2
67 92 3
67 93 2
67 94 3
67 95 3
67 96 2
67 97 4
67 98 3
67 99 3
68 69 2
68 70 3
68 71 3
68 72 3
68 73 2
68 74 1
68 75 1
68 76 4
68 77 2
68 78 2
68 79 1
68 80 2
68 81 3
68 82 2
68 83 1
68 84 4
68 85 1
68 86 2
68 87 1
68 88 3
68 89 1
68 90 1
68 91 2
68 92 2
68 93 2
68 94 3
68 95 3
68 96 3
68 97 2
68 98 3
68 99 2
69 70 1
69 71 4
69 72 1
69 73 2
69 74 3
69 75 1
69 76 3
69 77 1
69 78 3
69 79 3
69 80 1
69 81 1
69 82 1
69 83 3
69 84 3
69 85 2
69 86 2
69 87 3
69 88 4
69 89 2
69 90 3
69 91 1
69 92 3
69 93 1
69 94 1
69 95 1
69 96 4
69 97 4
69 98 1
69 99 1
70 71 4
70 72 1
70 73 2
70 74 4
70 75 2
70 76 3
70 77 2
70 78 3
70 79 3
70 80 2
70 81 1
70 82 1
70 83 4
70 84 2
70 85 2
70 86 3
70 87 3
70 88 4
70 89 3
70 90 4
70 91 2
70 92 4
70 93 1
70 94 1
70 95 1
70 96 4
70 97 4
70 98 1
70 99 1
71 72 5
71 73 3
71 74 2
71 75 3
71 76 4
71 77 4
71 78 2
71 79 3
71 80 3
71 81 4
71 82 4
71 83 3
71 84 4
71 85 3
71 86 4
71 87 3
71 88 1
71 89 3
71 90 2
71 91 4
71 92 2
71 93 4
71 94 5
71 95 5
71 96 2
71 97 3
71 98 5
71 99 4
72 73 3
72 74 4
72 75 2
72 76 4
72 77 1
72 78 4
72 79 3
72 80 2
72 81 2
72 82 2
72 83 4
72 84 3
72 85 3
72 86 2
72 87 3
72 88 5
72 89 3
72 90 4
72 91 2
72 92 4
72 93 2
72 94 1
72 95 2
72 96 5
72 97 4
72 98 1
72 99 1
73 74 2
73 75 1
73 76 2
73 77 2
73 78 2
73 79 2
73 80 1
73 81 1
73 82 1
73 83 3
73 84 2
73 85 1
73 86 2
73 87 2
73 88 3
73 89 1
73 90 3
73 91 1
73 92 3
73 93 1
73 94 3
73 95 2
73 96 3
73 97 3
73 98 2
73 99 2
74 75 2
74 76 4
74 77 3
74 78 2
74 79 1
74 80 2
74 81 3
74 82 3
74 83 1
74 84 4
74 85 2
74 86 3
74 87 2
74 88 3
74 89 1
74 90 1
74 91 2
74 92 1
74 93 3
74 94 4
74 95 4
74 96 3
74 97 2
74 98 4
74 99 3
75 76 3
75 77 1
75 78 2
75 79 2
75 80 1
75 81 2
75 82 1
75 83 2
75 84 3
75 85 1
75 86 2
75 87 2
75 88 3
75 89 1
75 90 2
75 91 1
75 92 3
75 93 1
75 94 2
75 95 2
75 96 3
75 97 3
75 98 2
75 99 1
76 77 4
76 78 3
76 79 4
76 80 3
76 81 2
76 82 3
76 83 5
76 84 1
76 85 3
76 86 4
76 87 4
76 88 3
76 89 3
76 90 5
76 91 3
76 92 5
76 93 2
76 94 4
76 95 2
76 96 3
76 97 5
76 98 3
76 99 3
77 78 3
77 79 2
77 80 2
77 81 2
77 82 2
77 83 3
77 84 4
77 85 2
77 86 1
77 87 2
77 88 4
77 89 2
77 90 3
77 91 1
77 92 3
77 93 2
77 94 2
77 95 2
77 96 4
77 97 3
77 98 2
77 99 1
78 79 3
78 80 2
78 81 3
78 82 3
78 83 3
78 84 3
78 85 2
78 86 3
78 87 3
78 88 1
78 89 2
78 90 3
78 91 3
78 92 2
78 93 3
78 94 4
78 95 4
78 96 1
78 97 3
78 98 4
78 99 3
79 80 2
79 81 3
79 82 2
79 83 1
79 84 4
79 85 1
79 86 2
79 87 1
79 88 3
79 89 1
79 90 1
79 91 2
79 92 1
79 93 3
79 94 4
79 95 3
79 96 3
79 97 1
79 98 4
79 99 3
80 81 1
80 82 1
80 83 3
80 84 2
80 85 1
80 86 2
80 87 2
80 88 3
80 89 1
80 90 3
80 91 1
80 92 3
80 93 2
80 94 2
80 95 2
80 96 3
80 97 3
80 98 2
80 99 2
81 82 1
81 83 4
81 84 2
81 85 2
81 86 3
81 87 3
81 88 3
81 89 2
81 90 4
81 91 2
81 92 4
81 93 1
81 94 2
81 95 1
81 96 3
81 97 4
81 98 2
81 99 1
82 83 3
82 84 2
82 85 2
82 86 2
82 87 2
82 88 4
82 89 2
82 90 3
82 91 1
82 92 3
82 93 1
82 94 2
82 95 1
82 96 4
82 97 3
82 98 2
82 99 1
83 84 5
83 85 2
83 86 3
83 87 1
83 88 3
83 89 2
83 90 1
83 91 3
83 92 1
83 93 3
83 94 4
83 95 4
83 96 3
83 97 1
83 98 4
83 99 3
84 85 3
84 86 4
84 87 4
84 88 3
84 89 3
84 90 5
84 91 3
84 92 5
84 93 2
84 94 3
84 95 2
84 96 3
84 97 5
84 98 3
84 99 3
85 86 2
85 87 2
85 88 3
85 89 1
85 90 2
85 91 1
85 92 2
85 93 2
85 94 3
85 95 3
85 96 3
85 97 2
85 98 3
85 99 2
86 87 2
86 88 4
86 89 2
86 90 3
86 91 1
86 92 3
86 93 2
86 94 2
86 95 3
86 96 4
86 97 2
86 98 2
86 99 2
87 88 4
87 89 1
87 90 1
87 91 2
87 92 2
87 93 3
87 94 4
87 95 3
87 96 4
87 97 1
87 98 4
87 99 3
88 89 3
88 90 3
88 91 4
88 92 3
88 93 4
88 94 5
88 95 4
88 96 1
88 97 4
88 98 5
88 99 4
89 90 2
89 91 1
89 92 2
89 93 2
89 94 3
89 95 3
89 96 3
89 97 2
89 98 3
89 99 2
90 91 3
90 92 1
90 93 3
90 94 4
90 95 4
90 96 3
90 97 1
90 98 4
90 99 3
91 92 3
91 93 1
91 94 2
91 95 2
91 96 4
91 97 3
91 98 2
91 99 1
92 93 4
92 94 4
92 95 4
92 96 3
92 97 1
92 98 4
92 99 4
93 94 2
93 95 1
93 96 4
93 97 4
93 98 2
93 99 1
94 95 2
94 96 5
94 97 4
94 98 1
94 99 1
95 96 4
95 97 4
95 98 1
95 99 1
96 97 4
96 98 5
96 99 4
97 98 4
97 99 4
98 99 1
