100 
0 1 4
0 2 2
0 3 2
0 4 4
0 5 1
0 6 5
0 7 1
0 8 2
0 9 2
0 10 1
0 11 3
0 12 3
0 13 2
0 14 2
0 15 2
0 16 4
0 17 2
0 18 3
0 19 2
0 20 4
0 21 2
0 22 3
0 23 3
0 24 4
0 25 3
0 26 3
0 27 4
0 28 3
0 29 3
0 30 4
0 31 3
0 32 2
0 33 2
0 34 2
0 35 1
0 36 5
0 37 3
0 38 3
0 39 2
0 40 1
0 41 1
0 42 1
0 43 4
0 44 3
0 45 2
0 46 3
0 47 2
0 48 3
0 49 1
0 50 4
0 51 4
0 52 1
0 53 1
0 54 3
0 55 2
0 56 4
0 57 1
0 58 1
0 59 1
0 60 1
0 61 2
0 62 4
0 63 3
0 64 2
0 65 2
0 66 4
0 67 1
0 68 2
0 69 4
0 70 1
0 71 1
0 72 1
0 73 4
0 74 2
0 75 2
0 76 3
0 77 4
0 78 3
0 79 3
0 80 2
0 81 3
0 82 1
0 83 4
0 84 3
0 85 3
0 86 3
0 87 3
0 88 2
0 89 3
0 90 2
0 91 1
0 92 2
0 93 4
0 94 1
0 95 1
0 96 2
0 97 4
0 98 2
0 99 1
1 2 3
1 3 4
1 4 1
1 5 4
1 6 2
1 7 4
1 8 4
1 9 4
1 10 3
1 11 1
1 12 2
1 13 4
1 14 4
1 15 4
1 16 1
1 17 5
1 18 3
1 19 4
1 20 1
1 21 3
1 22 2
1 23 4
1 24 1
1 25 4
1 26 1
1 27 1
1 28 3
1 29 2
1 30 2
1 31 3
1 32 3
1 33 3
1 34 2
1 35 3
1 36 2
1 37 2
1 38 2
1 39 2
1 40 3
1 41 3
1 42 4
1 43 1
1 44 3
1 45 2
1 46 2
1 47 2
1 48 1
1 49 3
1 50 1
1 51 2
1 52 4
1 53 3
1 54 4
1 55 2
1 56 2
1 57 4
1 58 4
1 59 4
1 60 4
1 61 4
1 62 1
1 63 2
1 64 3
1 65 2
1 66 1
1 67 4
1 68 3
1 69 1
1 70 3
1 71 4
1 72 4
1 73 1
1 74 4
1 75 3
1 76 3
1 77 1
1 78 4
1 79 1
1 80 3
1 81 2
1 82 5
1 83 1
1 84 2
1 85 2
1 86 2
1 87 2
1 88 4
1 89 2
1 90 3
1 91 4
1 92 3
1 93 1
1 94 4
1 95 5
1 96 3
1 97 1
1 98 2
1 99 4
2 3 1
2 4 3
2 5 2
2 6 4
2 7 2
2 8 3
2 9 1
2 10 1
2 11 3
2 12 2
2 13 1
2 14 3
2 15 3
2 16 3
2 17 3
2 18 2
2 19 1
2 20 4
2 21 1
2 22 2
2 23 4
2 24 3
2 25 1
2 26 2
2 27 3
2 28 4
2 29 2
2 30 3
2 31 4
2 32 1
2 33 1
2 34 2
2 35 2
2 36 4
2 37 2
2 38 2
2 39 2
2 40 3
2 41 3
2 42 1
2 43 3
2 44 4
2 45 2
2 46 1
2 47 2
2 48 3
2 49 2
2 50 3
2 51 4
2 52 3
2 53 1
2 54 2
2 55 1
2 56 4
2 57 3
2 58 3
2 59 2
2 60 3
2 61 3
2 62 3
2 63 4
2 64 2
2 65 2
2 66 3
2 67 2
2 68 3
2 69 3
2 70 1
2 71 3
2 72 2
2 73 4
2 74 1
2 75 1
2 76 2
2 77 3
2 78 1
2 79 2
2 80 1
2 81 3
2 82 3
2 83 4
2 84 4
2 85 2
2 86 2
2 87 3
2 88 3
2 89 2
2 90 2
2 91 1
2 92 3
2 93 4
2 94 3
2 95 3
2 96 1
2 97 4
2 98 2
2 99 3
3 4 4
3 5 2
3 6 5
3 7 2
3 8 3
3 9 1
3 10 1
3 11 3
3 12 2
3 13 1
3 14 3
3 15 3
3 16 4
3 17 3
3 18 2
3 19 1
3 20 4
3 21 1
3 22 3
3 23 4
3 24 4
3 25 2
3 26 3
3 27 4
3 28 4
3 29 3
3 30 4
3 31 4
3 32 1
3 33 1
3 34 2
3 35 2
3 36 5
3 37 3
3 38 3
3 39 3
3 40 3
3 41 3
3 42 1
3 43 4
3 44 4
3 45 2
3 46 2
3 47 3
3 48 4
3 49 2
3 50 4
3 51 4
3 52 3
3 53 1
3 54 2
3 55 2
3 56 4
3 57 3
3 58 3
3 59 2
3 60 3
3 61 3
3 62 4
3 63 4
3 64 2
3 65 3
3 66 4
3 67 2
3 68 3
3 69 4
3 70 1
3 71 3
3 72 2
3 73 4
3 74 1
3 75 2
3 76 2
3 77 4
3 78 2
3 79 3
3 80 1
3 81 4
3 82 3
3 83 4
3 84 4
3 85 3
3 86 2
3 87 3
3 88 3
3 89 2
3 90 2
3 91 1
3 92 3
3 93 4
3 94 3
3 95 3
3 96 1
3 97 4
3 98 3
3 99 3
4 5 4
4 6 3
4 7 4
4 8 4
4 9 4
4 10 3
4 11 2
4 12 3
4 13 4
4 14 3
4 15 3
4 16 1
4 17 4
4 18 3
4 19 4
4 20 2
4 21 3
4 22 2
4 23 3
4 24 1
4 25 4
4 26 1
4 27 1
4 28 3
4 29 2
4 30 3
4 31 2
4 32 3
4 33 3
4 34 2
4 35 3
4 36 2
4 37 2
4 38 2
4 39 2
4 40 3
4 41 3
4 42 4
4 43 1
4 44 2
4 45 2
4 46 3
4 47 2
4 48 1
4 49 3
4 50 1
4 51 2
4 52 4
4 53 3
4 54 4
4 55 2
4 56 1
4 57 4
4 58 3
4 59 4
4 60 4
4 61 3
4 62 1
4 63 2
4 64 3
4 65 2
4 66 1
4 67 4
4 68 2
4 69 1
4 70 3
4 71 4
4 72 4
4 73 2
4 74 4
4 75 3
4 76 3
4 77 1
4 78 4
4 79 2
4 80 3
4 81 1
4 82 4
4 83 1
4 84 2
4 85 2
4 86 2
4 87 2
4 88 3
4 89 3
4 90 3
4 91 4
4 92 2
4 93 1
4 94 4
4 95 4
4 96 3
4 97 2
4 98 2
4 99 4
5 6 5
5 7 1
5 8 1
5 9 2
5 10 1
5 11 3
5 12 3
5 13 3
5 14 2
5 15 1
5 16 3
5 17 1
5 18 3
5 19 2
5 20 4
5 21 2
5 22 2
5 23 2
5 24 3
5 25 3
5 26 3
5 27 3
5 28 3
5 29 3
5 30 4
5 31 3
5 32 2
5 33 2
5 34 2
5 35 1
5 36 5
5 37 3
5 38 2
5 39 2
5 40 1
5 41 1
5 42 1
5 43 4
5 44 3
5 45 2
5 46 2
5 47 2
5 48 3
5 49 1
5 50 4
5 51 4
5 52 1
5 53 1
5 54 3
5 55 2
5 56 3
5 57 1
5 58 1
5 59 1
5 60 1
5 61 2
5 62 4
5 63 3
5 64 1
5 65 2
5 66 3
5 67 1
5 68 2
5 69 3
5 70 1
5 71 1
5 72 1
5 73 4
5 74 2
5 75 2
5 76 3
5 77 4
5 78 3
5 79 3
5 80 2
5 81 3
5 82 1
5 83 3
5 84 3
5 85 2
5 86 2
5 87 2
5 88 1
5 89 3
5 90 1
5 91 2
5 92 2
5 93 3
5 94 1
5 95 1
5 96 2
5 97 4
5 98 2
5 99 1
6 7 5
6 8 6
6 9 4
6 10 4
6 11 2
6 12 3
6 13 4
6 14 5
6 15 5
6 16 2
6 17 6
6 18 3
6 19 4
6 20 1
6 21 4
6 22 3
6 23 5
6 24 2
6 25 4
6 26 3
6 27 3
6 28 5
6 29 2
6 30 1
6 31 4
6 32 4
6 33 4
6 34 4
6 35 4
6 36 1
6 37 2
6 38 3
6 39 4
6 40 5
6 41 5
6 42 5
6 43 2
6 44 4
6 45 3
6 46 3
6 47 3
6 48 2
6 49 4
6 50 3
6 51 1
6 52 5
6 53 4
6 54 4
6 55 3
6 56 3
6 57 6
6 58 5
6 59 5
6 60 6
6 61 5
6 62 2
6 63 4
6 64 4
6 65 4
6 66 3
6 67 5
6 68 4
6 69 3
6 70 4
6 71 5
6 72 5
6 73 1
6 74 4
6 75 3
6 76 3
6 77 2
6 78 4
6 79 3
6 80 4
6 81 3
6 82 6
6 83 3
6 84 4
6 85 3
6 86 3
6 87 4
6 88 5
6 89 3
6 90 4
6 91 5
6 92 4
6 93 3
6 94 6
6 95 6
6 96 4
6 97 1
6 98 4
6 99 6
7 8 2
7 9 2
7 10 1
7 11 3
7 12 3
7 13 2
7 14 2
7 15 2
7 16 3
7 17 2
7 18 3
7 19 2
7 20 4
7 21 2
7 22 2
7 23 3
7 24 3
7 25 3
7 26 3
7 27 3
7 28 3
7 29 3
7 30 4
7 31 3
7 32 1
7 33 2
7 34 2
7 35 1
7 36 5
7 37 3
7 38 2
7 39 2
7 40 1
7 41 1
7 42 1
7 43 4
7 44 3
7 45 2
7 46 2
7 47 2
7 48 3
7 49 1
7 50 4
7 51 4
7 52 1
7 53 1
7 54 3
7 55 2
7 56 3
7 57 1
7 58 1
7 59 1
7 60 2
7 61 2
7 62 4
7 63 3
7 64 1
7 65 2
7 66 3
7 67 1
7 68 2
7 69 3
7 70 1
7 71 1
7 72 1
7 73 4
7 74 2
7 75 2
7 76 3
7 77 4
7 78 3
7 79 3
7 80 2
7 81 3
7 82 2
7 83 3
7 84 3
7 85 2
7 86 2
7 87 2
7 88 2
7 89 3
7 90 1
7 91 1
7 92 2
7 93 3
7 94 2
7 95 1
7 96 2
7 97 4
7 98 2
7 99 2
8 9 3
8 10 2
8 11 4
8 12 4
8 13 4
8 14 1
8 15 1
8 16 4
8 17 1
8 18 4
8 19 3
8 20 5
8 21 3
8 22 3
8 23 2
8 24 4
8 25 4
8 26 3
8 27 4
8 28 3
8 29 4
8 30 5
8 31 3
8 32 3
8 33 3
8 34 2
8 35 2
8 36 5
8 37 4
8 38 3
8 39 2
8 40 1
8 41 2
8 42 2
8 43 4
8 44 2
8 45 3
8 46 3
8 47 3
8 48 4
8 49 2
8 50 4
8 51 5
8 52 1
8 53 2
8 54 4
8 55 3
8 56 4
8 57 1
8 58 1
8 59 2
8 60 1
8 61 2
8 62 4
8 63 3
8 64 2
8 65 3
8 66 4
8 67 1
8 68 2
8 69 4
8 70 2
8 71 1
8 72 1
8 73 5
8 74 3
8 75 3
8 76 4
8 77 4
8 78 4
8 79 4
8 80 3
8 81 3
8 82 1
8 83 4
8 84 3
8 85 3
8 86 3
8 87 3
8 88 1
8 89 4
8 90 2
8 91 3
8 92 2
8 93 4
8 94 1
8 95 1
8 96 3
8 97 5
8 98 3
8 99 1
9 10 2
9 11 3
9 12 2
9 13 1
9 14 4
9 15 3
9 16 4
9 17 3
9 18 1
9 19 1
9 20 4
9 21 1
9 22 3
9 23 4
9 24 3
9 25 1
9 26 3
9 27 4
9 28 4
9 29 2
9 30 3
9 31 4
9 32 1
9 33 1
9 34 3
9 35 2
9 36 4
9 37 2
9 38 3
9 39 3
9 40 3
9 41 3
9 42 2
9 43 3
9 44 4
9 45 2
9 46 2
9 47 3
9 48 3
9 49 2
9 50 4
9 51 4
9 52 3
9 53 2
9 54 1
9 55 2
9 56 4
9 57 3
9 58 3
9 59 3
9 60 3
9 61 3
9 62 4
9 63 4
9 64 2
9 65 3
9 66 4
9 67 3
9 68 3
9 69 4
9 70 1
9 71 3
9 72 3
9 73 4
9 74 1
9 75 1
9 76 1
9 77 4
9 78 1
9 79 3
9 80 1
9 81 4
9 82 3
9 83 4
9 84 4
9 85 2
9 86 2
9 87 3
9 88 3
9 89 2
9 90 2
9 91 1
9 92 3
9 93 4
9 94 3
9 95 3
9 96 1
9 97 4
9 98 3
9 99 3
10 11 3
10 12 2
10 13 2
10 14 2
10 15 2
10 16 3
10 17 2
10 18 2
10 19 1
10 20 4
10 21 2
10 22 2
10 23 3
10 24 3
10 25 2
10 26 2
10 27 3
10 28 3
10 29 2
10 30 3
10 31 3
10 32 1
10 33 1
10 34 2
10 35 1
10 36 4
10 37 2
10 38 2
10 39 2
10 40 2
10 41 2
10 42 1
10 43 3
10 44 3
10 45 2
10 46 2
10 47 2
10 48 3
10 49 1
10 50 3
10 51 4
10 52 2
10 53 1
10 54 2
10 55 1
10 56 3
10 57 2
10 58 2
10 59 1
10 60 2
10 61 2
10 62 3
10 63 3
10 64 1
10 65 2
10 66 3
10 67 1
10 68 2
10 69 3
10 70 1
10 71 2
10 72 1
10 73 4
10 74 2
10 75 2
10 76 2
10 77 3
10 78 2
10 79 2
10 80 1
10 81 3
10 82 2
10 83 3
10 84 3
10 85 2
10 86 2
10 87 2
10 88 2
10 89 2
10 90 1
10 91 1
10 92 2
10 93 3
10 94 2
10 95 2
10 96 1
10 97 4
10 98 2
10 99 2
11 12 1
11 13 3
11 14 3
11 15 4
11 16 1
11 17 4
11 18 2
11 19 3
11 20 1
11 21 2
11 22 1
11 23 3
11 24 1
11 25 3
11 26 1
11 27 2
11 28 4
11 29 1
11 30 2
11 31 3
11 32 3
11 33 2
11 34 2
11 35 3
11 36 2
11 37 1
11 38 2
11 39 2
11 40 3
11 41 3
11 42 3
11 43 1
11 44 3
11 45 1
11 46 2
11 47 2
11 48 1
11 49 3
11 50 2
11 51 1
11 52 3
11 53 3
11 54 3
11 55 2
11 56 2
11 57 4
11 58 3
11 59 4
11 60 4
11 61 3
11 62 1
11 63 3
11 64 2
11 65 2
11 66 1
11 67 3
11 68 3
11 69 2
11 70 2
11 71 3
11 72 3
11 73 1
11 74 3
11 75 2
11 76 2
11 77 1
11 78 3
11 79 1
11 80 2
11 81 2
11 82 4
11 83 2
11 84 3
11 85 1
11 86 1
11 87 2
11 88 4
11 89 1
11 90 2
11 91 3
11 92 2
11 93 2
11 94 4
11 95 4
11 96 2
11 97 1
11 98 2
11 99 4
12 13 2
12 14 4
12 15 3
12 16 2
12 17 4
12 18 1
12 19 2
12 20 2
12 21 1
12 22 2
12 23 4
12 24 2
12 25 2
12 26 2
12 27 3
12 28 4
12 29 1
12 30 2
12 31 4
12 32 2
12 33 1
12 34 2
12 35 2
12 36 3
12 37 1
12 38 2
12 39 2
12 40 3
12 41 3
12 42 2
12 43 2
12 44 4
12 45 1
12 46 1
12 47 2
12 48 2
12 49 2
12 50 3
12 51 2
12 52 3
12 53 2
12 54 2
12 55 1
12 56 3
12 57 4
12 58 3
12 59 3
12 60 4
12 61 3
12 62 2
12 63 4
12 64 2
12 65 2
12 66 2
12 67 3
12 68 3
12 69 3
12 70 2
12 71 3
12 72 3
12 73 2
12 74 2
12 75 1
12 76 1
12 77 2
12 78 2
12 79 1
12 80 1
12 81 3
12 82 4
12 83 3
12 84 4
12 85 1
12 86 1
12 87 3
12 88 3
12 89 1
12 90 2
12 91 2
12 92 3
12 93 3
12 94 4
12 95 4
12 96 1
12 97 2
12 98 2
12 99 4
13 14 4
13 15 4
13 16 4
13 17 4
13 18 1
13 19 1
13 20 4
13 21 1
13 22 3
13 23 4
13 24 3
13 25 1
13 26 3
13 27 4
13 28 5
13 29 2
13 30 3
13 31 5
13 32 1
13 33 1
13 34 3
13 35 2
13 36 4
13 37 2
13 38 3
13 39 3
13 40 3
13 41 3
13 42 2
13 43 3
13 44 4
13 45 2
13 46 2
13 47 3
13 48 3
13 49 3
13 50 4
13 51 4
13 52 3
13 53 2
13 54 1
13 55 2
13 56 5
13 57 3
13 58 3
13 59 3
13 60 3
13 61 4
13 62 4
13 63 5
13 64 3
13 65 3
13 66 4
13 67 3
13 68 4
13 69 4
13 70 2
13 71 3
13 72 3
13 73 4
13 74 1
13 75 1
13 76 1
13 77 4
13 78 1
13 79 3
13 80 1
13 81 4
13 82 3
13 83 4
13 84 5
13 85 2
13 86 2
13 87 4
13 88 4
13 89 2
13 90 3
13 91 1
13 92 3
13 93 5
13 94 3
13 95 3
13 96 1
13 97 4
13 98 3
13 99 3
14 15 1
14 16 3
14 17 2
14 18 4
14 19 3
14 20 4
14 21 4
14 22 2
14 23 1
14 24 4
14 25 4
14 26 3
14 27 3
14 28 2
14 29 4
14 30 5
14 31 2
14 32 3
14 33 3
14 34 2
14 35 2
14 36 5
14 37 4
14 38 2
14 39 2
14 40 1
14 41 1
14 42 3
14 43 4
14 44 1
14 45 3
14 46 3
14 47 2
14 48 3
14 49 2
14 50 3
14 51 4
14 52 1
14 53 2
14 54 4
14 55 3
14 56 3
14 57 2
14 58 1
14 59 2
14 60 2
14 61 1
14 62 4
14 63 2
14 64 2
14 65 2
14 66 3
14 67 1
14 68 1
14 69 3
14 70 3
14 71 1
14 72 1
14 73 4
14 74 3
14 75 3
14 76 4
14 77 4
14 78 4
14 79 3
14 80 3
14 81 2
14 82 2
14 83 3
14 84 2
14 85 3
14 86 3
14 87 2
14 88 1
14 89 4
14 90 2
14 91 3
14 92 1
14 93 3
14 94 2
14 95 2
14 96 3
14 97 4
14 98 2
14 99 2
15 16 3
15 17 1
15 18 4
15 19 3
15 20 5
15 21 3
15 22 3
15 23 1
15 24 4
15 25 4
15 26 3
15 27 3
15 28 2
15 29 3
15 30 4
15 31 2
15 32 3
15 33 3
15 34 2
15 35 2
15 36 5
15 37 3
15 38 2
15 39 2
15 40 1
15 41 1
15 42 2
15 43 4
15 44 2
15 45 3
15 46 3
15 47 2
15 48 3
15 49 1
15 50 3
15 51 5
15 52 1
15 53 2
15 54 4
15 55 2
15 56 3
15 57 1
15 58 1
15 59 2
15 60 1
15 61 1
15 62 4
15 63 2
15 64 2
15 65 2
15 66 3
15 67 1
15 68 1
15 69 3
15 70 2
15 71 1
15 72 1
15 73 4
15 74 3
15 75 3
15 76 4
15 77 4
15 78 4
15 79 3
15 80 3
15 81 2
15 82 1
15 83 3
15 84 2
15 85 3
15 86 3
15 87 2
15 88 1
15 89 3
15 90 2
15 91 3
15 92 2
15 93 3
15 94 1
15 95 1
15 96 3
15 97 4
15 98 2
15 99 1
16 17 4
16 18 3
16 19 4
16 20 2
16 21 3
16 22 1
16 23 3
16 24 1
16 25 4
16 26 1
16 27 1
16 28 3
16 29 2
16 30 2
16 31 2
16 32 3
16 33 3
16 34 2
16 35 3
16 36 2
16 37 2
16 38 1
16 39 2
16 40 3
16 41 3
16 42 4
16 43 1
16 44 2
16 45 2
16 46 2
16 47 2
16 48 1
16 49 3
16 50 1
16 51 2
16 52 3
16 53 3
16 54 4
16 55 2
16 56 1
16 57 4
16 58 3
16 59 4
16 60 4
16 61 3
16 62 1
16 63 2
16 64 2
16 65 2
16 66 1
16 67 3
16 68 2
16 69 1
16 70 3
16 71 3
16 72 3
16 73 2
16 74 4
16 75 3
16 76 3
16 77 1
16 78 4
16 79 1
16 80 3
16 81 1
16 82 4
16 83 1
16 84 2
16 85 2
16 86 2
16 87 2
16 88 3
16 89 2
16 90 2
16 91 4
16 92 2
16 93 1
16 94 4
16 95 4
16 96 3
16 97 1
16 98 2
16 99 4
17 18 4
17 19 3
17 20 5
17 21 3
17 22 3
17 23 2
17 24 4
17 25 4
17 26 4
17 27 4
17 28 3
17 29 4
17 30 5
17 31 3
17 32 3
17 33 3
17 34 3
17 35 2
17 36 6
17 37 4
17 38 3
17 39 3
17 40 2
17 41 2
17 42 2
17 43 5
17 44 3
17 45 3
17 46 3
17 47 3
17 48 4
17 49 2
17 50 4
17 51 5
17 52 1
17 53 2
17 54 4
17 55 3
17 56 4
17 57 1
17 58 1
17 59 2
17 60 1
17 61 2
17 62 5
17 63 3
17 64 2
17 65 3
17 66 4
17 67 1
17 68 2
17 69 4
17 70 2
17 71 1
17 72 1
17 73 5
17 74 3
17 75 3
17 76 4
17 77 5
17 78 4
17 79 4
17 80 3
17 81 3
17 82 1
17 83 4
17 84 3
17 85 3
17 86 3
17 87 3
17 88 1
17 89 4
17 90 2
17 91 3
17 92 3
17 93 4
17 94 1
17 95 1
17 96 3
17 97 5
17 98 3
17 99 1
18 19 2
18 20 3
18 21 1
18 22 2
18 23 4
18 24 2
18 25 1
18 26 2
18 27 3
18 28 4
18 29 1
18 30 2
18 31 4
18 32 2
18 33 1
18 34 2
18 35 3
18 36 3
18 37 1
18 38 2
18 39 3
18 40 3
18 41 3
18 42 2
18 43 2
18 44 4
18 45 1
18 46 1
18 47 2
18 48 2
18 49 3
18 50 3
18 51 3
18 52 4
18 53 2
18 54 2
18 55 2
18 56 4
18 57 4
18 58 4
18 59 3
18 60 4
18 61 4
18 62 3
18 63 4
18 64 3
18 65 2
18 66 3
18 67 3
18 68 3
18 69 3
18 70 2
18 71 4
18 72 3
18 73 3
18 74 2
18 75 1
18 76 1
18 77 3
18 78 1
18 79 2
18 80 2
18 81 3
18 82 4
18 83 3
18 84 4
18 85 2
18 86 1
18 87 3
18 88 4
18 89 1
18 90 2
18 91 2
18 92 3
18 93 4
18 94 4
18 95 4
18 96 1
18 97 3
18 98 2
18 99 4
19 20 4
19 21 1
19 22 3
19 23 4
19 24 3
19 25 1
19 26 3
19 27 4
19 28 4
19 29 3
19 30 3
19 31 4
19 32 1
19 33 1
19 34 2
19 35 2
19 36 4
19 37 2
19 38 3
19 39 3
19 40 3
19 41 3
19 42 1
19 43 4
19 44 4
19 45 2
19 46 2
19 47 3
19 48 3
19 49 2
19 50 4
19 51 4
19 52 3
19 53 1
19 54 1
19 55 2
19 56 4
19 57 3
19 58 3
19 59 2
19 60 3
19 61 3
19 62 4
19 63 4
19 64 2
19 65 3
19 66 4
19 67 2
19 68 3
19 69 4
19 70 1
19 71 3
19 72 2
19 73 4
19 74 1
19 75 1
19 76 2
19 77 4
19 78 1
19 79 3
19 80 1
19 81 4
19 82 3
19 83 4
19 84 4
19 85 2
19 86 2
19 87 3
19 88 3
19 89 2
19 90 2
19 91 1
19 92 3
19 93 4
19 94 3
19 95 3
19 96 1
19 97 4
19 98 3
19 99 3
20 21 3
20 22 2
20 23 4
20 24 1
20 25 4
20 26 2
20 27 2
20 28 4
20 29 2
20 30 1
20 31 4
20 32 4
20 33 3
20 34 3
20 35 4
20 36 1
20 37 2
20 38 3
20 39 3
20 40 4
20 41 4
20 42 4
20 43 1
20 44 4
20 45 2
20 46 3
20 47 3
20 48 2
20 49 4
20 50 2
20 51 1
20 52 4
20 53 4
20 54 4
20 55 3
20 56 3
20 57 5
20 58 4
20 59 5
20 60 5
20 61 4
20 62 1
20 63 3
20 64 3
20 65 3
20 66 2
20 67 4
20 68 4
20 69 2
20 70 3
20 71 4
20 72 4
20 73 1
20 74 4
20 75 3
20 76 3
20 77 2
20 78 4
20 79 2
20 80 3
20 81 3
20 82 5
20 83 2
20 84 3
20 85 2
20 86 2
20 87 3
20 88 5
20 89 2
20 90 3
20 91 4
20 92 3
20 93 2
20 94 5
20 95 5
20 96 3
20 97 1
20 98 3
20 99 5
21 22 2
21 23 4
21 24 3
21 25 1
21 26 2
21 27 3
21 28 4
21 29 2
21 30 3
21 31 4
21 32 1
21 33 1
21 34 2
21 35 2
21 36 4
21 37 2
21 38 2
21 39 2
21 40 3
21 41 3
21 42 2
21 43 3
21 44 4
21 45 1
21 46 1
21 47 2
21 48 3
21 49 2
21 50 3
21 51 3
21 52 3
21 53 2
21 54 1
21 55 1
21 56 4
21 57 3
21 58 3
21 59 3
21 60 3
21 61 3
21 62 3
21 63 4
21 64 2
21 65 2
21 66 3
21 67 3
21 68 3
21 69 3
21 70 1
21 71 3
21 72 3
21 73 3
21 74 1
21 75 1
21 76 1
21 77 3
21 78 1
21 79 2
21 80 1
21 81 3
21 82 3
21 83 4
21 84 4
21 85 2
21 86 1
21 87 3
21 88 3
21 89 1
21 90 2
21 91 2
21 92 3
21 93 4
21 94 3
21 95 3
21 96 1
21 97 3
21 98 2
21 99 3
22 23 2
22 24 2
22 25 3
22 26 1
22 27 2
22 28 3
22 29 2
22 30 3
22 31 2
22 32 2
22 33 2
22 34 1
22 35 2
22 36 3
22 37 2
22 38 1
22 39 1
22 40 2
22 41 2
22 42 3
22 43 2
22 44 2
22 45 1
22 46 1
22 47 1
22 48 1
22 49 2
22 50 2
22 51 2
22 52 2
22 53 2
22 54 3
22 55 1
22 56 2
22 57 3
22 58 2
22 59 3
22 60 3
22 61 2
22 62 2
22 63 2
22 64 1
22 65 1
22 66 1
22 67 2
22 68 2
22 69 2
22 70 2
22 71 2
22 72 2
22 73 2
22 74 3
22 75 2
22 76 2
22 77 2
22 78 3
22 79 1
22 80 2
22 81 1
22 82 3
22 83 2
22 84 2
22 85 1
22 86 1
22 87 1
22 88 3
22 89 2
22 90 1
22 91 3
22 92 1
22 93 2
22 94 3
22 95 3
22 96 2
22 97 2
22 98 1
22 99 3
23 24 4
23 25 5
23 26 3
23 27 3
23 28 1
23 29 4
23 30 5
23 31 1
23 32 3
23 33 4
23 34 2
23 35 2
23 36 5
23 37 4
23 38 2
23 39 2
23 40 2
23 41 2
23 42 3
23 43 4
23 44 1
23 45 3
23 46 3
23 47 2
23 48 3
23 49 2
23 50 3
23 51 4
23 52 2
23 53 3
23 54 5
23 55 3
23 56 2
23 57 2
23 58 2
23 59 3
23 60 2
23 61 1
23 62 4
23 63 2
23 64 2
23 65 2
23 66 3
23 67 2
23 68 1
23 69 3
23 70 3
23 71 2
23 72 2
23 73 4
23 74 4
23 75 4
23 76 4
23 77 3
23 78 5
23 79 3
23 80 4
23 81 2
23 82 2
23 83 3
23 84 2
23 85 3
23 86 3
23 87 2
23 88 1
23 89 4
23 90 2
23 91 4
23 92 1
23 93 3
23 94 2
23 95 2
23 96 4
23 97 4
23 98 2
23 99 2
24 25 3
24 26 1
24 27 2
24 28 4
24 29 1
24 30 2
24 31 3
24 32 3
24 33 3
24 34 2
24 35 3
24 36 2
24 37 1
24 38 2
24 39 2
24 40 3
24 41 3
24 42 4
24 43 1
24 44 3
24 45 2
24 46 2
24 47 2
24 48 1
24 49 3
24 50 1
24 51 1
24 52 4
24 53 3
24 54 3
24 55 2
24 56 2
24 57 4
24 58 4
24 59 4
24 60 4
24 61 4
24 62 1
24 63 3
24 64 3
24 65 2
24 66 1
24 67 4
24 68 3
24 69 2
24 70 3
24 71 4
24 72 3
24 73 1
24 74 3
24 75 2
24 76 2
24 77 1
24 78 3
24 79 1
24 80 3
24 81 2
24 82 4
24 83 2
24 84 3
24 85 1
24 86 2
24 87 2
24 88 4
24 89 2
24 90 2
24 91 4
24 92 3
24 93 2
24 94 4
24 95 4
24 96 3
24 97 1
24 98 2
24 99 4
25 26 3
25 27 4
25 28 5
25 29 2
25 30 3
25 31 5
25 32 2
25 33 1
25 34 3
25 35 3
25 36 4
25 37 2
25 38 3
25 39 3
25 40 4
25 41 4
25 42 2
25 43 3
25 44 5
25 45 2
25 46 2
25 47 3
25 48 3
25 49 3
25 50 4
25 51 4
25 52 4
25 53 2
25 54 1
25 55 2
25 56 5
25 57 4
25 58 4
25 59 3
25 60 4
25 61 4
25 62 4
25 63 5
25 64 3
25 65 3
25 66 4
25 67 3
25 68 4
25 69 4
25 70 2
25 71 4
25 72 3
25 73 4
25 74 1
25 75 1
25 76 1
25 77 4
25 78 1
25 79 3
25 80 2
25 81 4
25 82 4
25 83 4
25 84 5
25 85 2
25 86 2
25 87 4
25 88 4
25 89 2
25 90 3
25 91 2
25 92 4
25 93 5
25 94 4
25 95 4
25 96 1
25 97 4
25 98 3
25 99 4
26 27 1
26 28 3
26 29 1
26 30 2
26 31 2
26 32 2
26 33 2
26 34 1
26 35 2
26 36 2
26 37 2
26 38 1
26 39 1
26 40 2
26 41 2
26 42 3
26 43 1
26 44 2
26 45 1
26 46 2
26 47 1
26 48 1
26 49 2
26 50 1
26 51 2
26 52 3
26 53 2
26 54 3
26 55 1
26 56 2
26 57 3
26 58 3
26 59 3
26 60 3
26 61 3
26 62 1
26 63 2
26 64 2
26 65 1
26 66 1
26 67 3
26 68 2
26 69 1
26 70 2
26 71 3
26 72 3
26 73 2
26 74 3
26 75 2
26 76 3
26 77 1
26 78 3
26 79 1
26 80 2
26 81 1
26 82 4
26 83 2
26 84 2
26 85 1
26 86 1
26 87 1
26 88 3
26 89 2
26 90 2
26 91 3
26 92 2
26 93 2
26 94 3
26 95 4
26 96 2
26 97 2
26 98 1
26 99 3
27 28 2
27 29 2
27 30 3
27 31 2
27 32 3
27 33 3
27 34 2
27 35 3
27 36 3
27 37 3
27 38 2
27 39 2
27 40 3
27 41 3
27 42 4
27 43 2
27 44 2
27 45 2
27 46 3
27 47 2
27 48 1
27 49 3
27 50 1
27 51 3
27 52 3
27 53 3
27 54 4
27 55 2
27 56 1
27 57 4
27 58 3
27 59 4
27 60 4
27 61 3
27 62 2
27 63 1
27 64 2
27 65 2
27 66 1
27 67 3
27 68 2
27 69 1
27 70 3
27 71 3
27 72 3
27 73 2
27 74 4
27 75 3
27 76 4
27 77 1
27 78 4
27 79 2
27 80 3
27 81 1
27 82 4
27 83 1
27 84 1
27 85 2
27 86 2
27 87 1
27 88 3
27 89 3
27 90 3
27 91 4
27 92 2
27 93 1
27 94 4
27 95 4
27 96 3
27 97 2
27 98 2
27 99 4
28 29 4
28 30 5
28 31 1
28 32 4
28 33 4
28 34 2
28 35 3
28 36 5
28 37 4
28 38 2
28 39 2
28 40 2
28 41 2
28 42 4
28 43 4
28 44 1
28 45 3
28 46 4
28 47 2
28 48 3
28 49 3
28 50 3
28 51 5
28 52 3
28 53 3
28 54 5
28 55 3
28 56 2
28 57 3
28 58 2
28 59 4
28 60 3
28 61 2
28 62 4
28 63 1
28 64 2
28 65 2
28 66 3
28 67 3
28 68 1
28 69 2
28 70 3
28 71 3
28 72 3
28 73 4
28 74 4
28 75 4
28 76 5
28 77 3
28 78 5
28 79 3
28 80 4
28 81 2
28 82 3
28 83 2
28 84 1
28 85 3
28 86 3
28 87 2
28 88 2
28 89 4
28 90 3
28 91 4
28 92 2
28 93 2
28 94 3
28 95 3
28 96 4
28 97 4
28 98 2
28 99 3
29 30 1
29 31 3
29 32 2
29 33 2
29 34 2
29 35 2
29 36 2
29 37 1
29 38 2
29 39 2
29 40 3
29 41 3
29 42 3
29 43 1
29 44 3
29 45 1
29 46 1
29 47 2
29 48 1
29 49 2
29 50 2
29 51 2
29 52 3
29 53 2
29 54 3
29 55 1
29 56 3
29 57 4
29 58 3
29 59 3
29 60 4
29 61 3
29 62 2
29 63 3
29 64 2
29 65 2
29 66 2
29 67 3
29 68 3
29 69 2
29 70 2
29 71 3
29 72 3
29 73 2
29 74 3
29 75 2
29 76 2
29 77 2
29 78 2
29 79 1
29 80 2
29 81 2
29 82 4
29 83 2
29 84 3
29 85 1
29 86 1
29 87 2
29 88 3
29 89 1
29 90 2
29 91 3
29 92 3
29 93 3
29 94 4
29 95 4
29 96 2
29 97 2
29 98 2
29 99 4
30 31 4
30 32 3
30 33 3
30 34 3
30 35 3
30 36 1
30 37 1
30 38 3
30 39 3
30 40 4
30 41 4
30 42 4
30 43 2
30 44 4
30 45 2
30 46 2
30 47 3
30 48 2
30 49 3
30 50 3
30 51 1
30 52 4
30 53 3
30 54 3
30 55 2
30 56 3
30 57 5
30 58 4
30 59 4
30 60 5
30 61 4
30 62 2
30 63 4
30 64 3
30 65 3
30 66 3
30 67 4
30 68 4
30 69 3
30 70 3
30 71 4
30 72 4
30 73 1
30 74 3
30 75 2
30 76 2
30 77 2
30 78 3
30 79 2
30 80 3
30 81 3
30 82 5
30 83 3
30 84 4
30 85 2
30 86 2
30 87 3
30 88 4
30 89 2
30 90 3
30 91 4
30 92 4
30 93 3
30 94 5
30 95 5
30 96 3
30 97 1
30 98 3
30 99 5
31 32 4
31 33 4
31 34 2
31 35 3
31 36 4
31 37 4
31 38 2
31 39 2
31 40 2
31 41 2
31 42 4
31 43 3
31 44 1
31 45 3
31 46 3
31 47 2
31 48 3
31 49 3
31 50 2
31 51 4
31 52 3
31 53 3
31 54 5
31 55 3
31 56 1
31 57 3
31 58 2
31 59 4
31 60 3
31 61 2
31 62 3
31 63 1
31 64 2
31 65 2
31 66 2
31 67 3
31 68 1
31 69 2
31 70 3
31 71 3
31 72 3
31 73 4
31 74 4
31 75 4
31 76 4
31 77 2
31 78 5
31 79 3
31 80 4
31 81 1
31 82 3
31 83 2
31 84 1
31 85 3
31 86 3
31 87 2
31 88 2
31 89 4
31 90 3
31 91 4
31 92 2
31 93 2
31 94 3
31 95 3
31 96 4
31 97 3
31 98 2
31 99 3
32 33 1
32 34 2
32 35 1
32 36 4
32 37 2
32 38 2
32 39 2
32 40 2
32 41 2
32 42 1
32 43 3
32 44 3
32 45 2
32 46 2
32 47 2
32 48 3
32 49 2
32 50 3
32 51 4
32 52 2
32 53 1
32 54 2
32 55 1
32 56 4
32 57 2
32 58 2
32 59 2
32 60 3
32 61 3
32 62 3
32 63 4
32 64 2
32 65 2
32 66 3
32 67 2
32 68 3
32 69 3
32 70 1
32 71 2
32 72 2
32 73 4
32 74 1
32 75 1
32 76 2
32 77 3
32 78 2
32 79 2
32 80 1
32 81 3
32 82 3
32 83 4
32 84 4
32 85 2
32 86 2
32 87 3
32 88 3
32 89 2
32 90 2
32 91 1
32 92 2
32 93 4
32 94 3
32 95 2
32 96 1
32 97 4
32 98 2
32 99 3
33 34 2
33 35 2
33 36 4
33 37 2
33 38 2
33 39 2
33 40 3
33 41 3
33 42 1
33 43 3
33 44 4
33 45 1
33 46 1
33 47 2
33 48 3
33 49 2
33 50 3
33 51 3
33 52 3
33 53 1
33 54 1
33 55 1
33 56 4
33 57 3
33 58 3
33 59 2
33 60 3
33 61 3
33 62 3
33 63 4
33 64 2
33 65 2
33 66 3
33 67 2
33 68 3
33 69 3
33 70 1
33 71 3
33 72 2
33 73 3
33 74 1
33 75 1
33 76 1
33 77 3
33 78 1
33 79 2
33 80 1
33 81 3
33 82 3
33 83 4
33 84 4
33 85 2
33 86 2
33 87 3
33 88 3
33 89 2
33 90 2
33 91 1
33 92 3
33 93 4
33 94 3
33 95 3
33 96 1
33 97 3
33 98 2
33 99 3
34 35 1
34 36 3
34 37 2
34 38 1
34 39 1
34 40 1
34 41 1
34 42 2
34 43 2
34 44 2
34 45 1
34 46 2
34 47 1
34 48 2
34 49 1
34 50 2
34 51 3
34 52 2
34 53 1
34 54 3
34 55 1
34 56 2
34 57 2
34 58 2
34 59 3
34 60 2
34 61 2
34 62 2
34 63 2
34 64 1
34 65 1
34 66 2
34 67 2
34 68 1
34 69 2
34 70 2
34 71 2
34 72 2
34 73 3
34 74 2
34 75 2
34 76 3
34 77 2
34 78 3
34 79 2
34 80 2
34 81 2
34 82 3
34 83 2
34 84 2
34 85 1
34 86 1
34 87 1
34 88 2
34 89 2
34 90 1
34 91 2
34 92 1
34 93 2
34 94 2
34 95 3
34 96 2
34 97 3
34 98 1
34 99 2
35 36 4
35 37 2
35 38 2
35 39 1
35 40 1
35 41 1
35 42 1
35 43 3
35 44 2
35 45 2
35 46 2
35 47 2
35 48 3
35 49 1
35 50 3
35 51 4
35 52 1
35 53 1
35 54 3
35 55 1
35 56 3
35 57 2
35 58 1
35 59 2
35 60 2
35 61 2
35 62 3
35 63 3
35 64 1
35 65 1
35 66 3
35 67 1
35 68 2
35 69 3
35 70 1
35 71 1
35 72 1
35 73 4
35 74 2
35 75 2
35 76 3
35 77 3
35 78 3
35 79 2
35 80 2
35 81 2
35 82 2
35 83 3
35 84 3
35 85 2
35 86 2
35 87 2
35 88 2
35 89 2
35 90 1
35 91 2
35 92 1
35 93 3
35 94 2
35 95 2
35 96 2
35 97 4
35 98 2
35 99 2
36 37 2
36 38 3
36 39 3
36 40 4
36 41 4
36 42 5
36 43 1
36 44 4
36 45 3
36 46 3
36 47 3
36 48 2
36 49 4
36 50 2
36 51 1
36 52 5
36 53 4
36 54 4
36 55 3
36 56 3
36 57 5
36 58 5
36 59 5
36 60 5
36 61 5
36 62 1
36 63 4
36 64 4
36 65 3
36 66 2
36 67 5
36 68 4
36 69 3
36 70 4
36 71 5
36 72 5
36 73 1
36 74 4
36 75 3
36 76 3
36 77 2
36 78 4
36 79 2
36 80 4
36 81 3
36 82 6
36 83 3
36 84 4
36 85 3
36 86 3
36 87 3
36 88 5
36 89 3
36 90 4
36 91 5
36 92 4
36 93 3
36 94 5
36 95 6
36 96 4
36 97 1
36 98 3
36 99 5
37 38 2
37 39 2
37 40 3
37 41 3
37 42 3
37 43 2
37 44 4
37 45 1
37 46 1
37 47 2
37 48 2
37 49 2
37 50 2
37 51 2
37 52 3
37 53 2
37 54 2
37 55 1
37 56 3
37 57 4
37 58 3
37 59 3
37 60 4
37 61 3
37 62 2
37 63 4
37 64 2
37 65 2
37 66 2
37 67 3
37 68 3
37 69 3
37 70 2
37 71 3
37 72 3
37 73 2
37 74 2
37 75 1
37 76 1
37 77 2
37 78 2
37 79 1
37 80 2
37 81 3
37 82 4
37 83 3
37 84 4
37 85 1
37 86 1
37 87 3
37 88 3
37 89 1
37 90 2
37 91 3
37 92 3
37 93 3
37 94 4
37 95 4
37 96 2
37 97 2
37 98 2
37 99 4
38 39 1
38 40 2
38 41 2
38 42 3
38 43 2
38 44 2
38 45 1
38 46 2
38 47 1
38 48 1
38 49 2
38 50 2
38 51 3
38 52 2
38 53 2
38 54 3
38 55 1
38 56 2
38 57 3
38 58 2
38 59 3
38 60 3
38 61 2
38 62 2
38 63 2
38 64 1
38 65 1
38 66 1
38 67 2
38 68 1
38 69 1
38 70 2
38 71 2
38 72 2
38 73 2
38 74 3
38 75 2
38 76 3
38 77 2
38 78 3
38 79 1
38 80 2
38 81 1
38 82 3
38 83 2
38 84 2
38 85 1
38 86 1
38 87 1
38 88 2
38 89 2
38 90 1
38 91 3
38 92 1
38 93 2
38 94 3
38 95 3
38 96 2
38 97 2
38 98 1
38 99 3
39 40 1
39 41 1
39 42 2
39 43 2
39 44 2
39 45 2
39 46 2
39 47 1
39 48 2
39 49 1
39 50 2
39 51 3
39 52 2
39 53 2
39 54 3
39 55 1
39 56 2
39 57 2
39 58 2
39 59 3
39 60 2
39 61 2
39 62 2
39 63 2
39 64 1
39 65 1
39 66 2
39 67 2
39 68 1
39 69 2
39 70 2
39 71 2
39 72 2
39 73 3
39 74 3
39 75 2
39 76 3
39 77 2
39 78 3
39 79 2
39 80 2
39 81 1
39 82 3
39 83 2
39 84 2
39 85 1
39 86 2
39 87 1
39 88 2
39 89 2
39 90 1
39 91 3
39 92 1
39 93 2
39 94 2
39 95 3
39 96 2
39 97 3
39 98 1
39 99 2
40 41 1
40 42 2
40 43 3
40 44 2
40 45 2
40 46 2
40 47 2
40 48 3
40 49 1
40 50 3
40 51 4
40 52 1
40 53 2
40 54 4
40 55 2
40 56 3
40 57 1
40 58 1
40 59 2
40 60 1
40 61 1
40 62 3
40 63 2
40 64 1
40 65 2
40 66 3
40 67 1
40 68 1
40 69 3
40 70 2
40 71 1
40 72 1
40 73 4
40 74 3
40 75 3
40 76 3
40 77 3
40 78 4
40 79 3
40 80 3
40 81 2
40 82 2
40 83 3
40 84 2
40 85 2
40 86 2
40 87 2
40 88 1
40 89 3
40 90 1
40 91 2
40 92 1
40 93 3
40 94 1
40 95 2
40 96 3
40 97 4
40 98 2
40 99 1
41 42 2
41 43 3
41 44 2
41 45 2
41 46 2
41 47 2
41 48 3
41 49 1
41 50 3
41 51 4
41 52 1
41 53 2
41 54 4
41 55 2
41 56 3
41 57 1
41 58 1
41 59 2
41 60 1
41 61 1
41 62 3
41 63 2
41 64 1
41 65 2
41 66 3
41 67 1
41 68 1
41 69 3
41 70 2
41 71 1
41 72 1
41 73 4
41 74 3
41 75 3
41 76 3
41 77 3
41 78 4
41 79 3
41 80 3
41 81 2
41 82 2
41 83 3
41 84 2
41 85 2
41 86 2
41 87 2
41 88 1
41 89 3
41 90 1
41 91 2
41 92 1
41 93 3
41 94 2
41 95 2
41 96 3
41 97 4
41 98 2
41 99 2
42 43 4
42 44 3
42 45 2
42 46 2
42 47 3
42 48 4
42 49 2
42 50 4
42 51 4
42 52 2
42 53 1
42 54 2
42 55 2
42 56 4
42 57 2
42 58 2
42 59 1
42 60 2
42 61 3
42 62 4
42 63 4
42 64 2
42 65 2
42 66 4
42 67 2
42 68 3
42 69 4
42 70 1
42 71 2
42 72 2
42 73 4
42 74 1
42 75 2
42 76 2
42 77 4
42 78 2
42 79 3
42 80 1
42 81 3
42 82 2
42 83 4
42 84 4
42 85 3
42 86 3
42 87 3
42 88 2
42 89 3
42 90 2
42 91 1
42 92 2
42 93 4
42 94 2
42 95 2
42 96 1
42 97 4
42 98 3
42 99 2
43 44 3
43 45 2
43 46 2
43 47 2
43 48 1
43 49 3
43 50 1
43 51 1
43 52 4
43 53 3
43 54 4
43 55 2
43 56 2
43 57 4
43 58 4
43 59 4
43 60 4
43 61 4
43 62 1
43 63 3
43 64 3
43 65 2
43 66 1
43 67 4
43 68 3
43 69 2
43 70 3
43 71 4
43 72 4
43 73 1
43 74 4
43 75 3
43 76 3
43 77 1
43 78 3
43 79 1
43 80 3
43 81 2
43 82 5
43 83 2
43 84 3
43 85 2
43 86 2
43 87 2
43 88 4
43 89 2
43 90 3
43 91 4
43 92 3
43 93 2
43 94 4
43 95 5
43 96 3
43 97 1
43 98 2
43 99 4
44 45 3
44 46 3
44 47 2
44 48 3
44 49 2
44 50 2
44 51 4
44 52 2
44 53 3
44 54 5
44 55 3
44 56 2
44 57 3
44 58 2
44 59 3
44 60 3
44 61 1
44 62 3
44 63 1
44 64 2
44 65 2
44 66 2
44 67 2
44 68 1
44 69 2
44 70 3
44 71 2
44 72 2
44 73 4
44 74 4
44 75 4
44 76 4
44 77 3
44 78 5
44 79 3
44 80 4
44 81 1
44 82 3
44 83 2
44 84 1
44 85 3
44 86 3
44 87 1
44 88 2
44 89 4
44 90 2
44 91 4
44 92 1
44 93 2
44 94 3
44 95 3
44 96 4
44 97 3
44 98 2
44 99 3
45 46 1
45 47 1
45 48 2
45 49 2
45 50 2
45 51 2
45 52 3
45 53 2
45 54 2
45 55 1
45 56 3
45 57 3
45 58 3
45 59 3
45 60 3
45 61 3
45 62 2
45 63 3
45 64 2
45 65 1
45 66 2
45 67 3
45 68 2
45 69 2
45 70 1
45 71 3
45 72 2
45 73 2
45 74 2
45 75 1
45 76 2
45 77 2
45 78 2
45 79 1
45 80 1
45 81 2
45 82 3
45 83 3
45 84 3
45 85 1
45 86 1
45 87 2
45 88 3
45 89 1
45 90 1
45 91 2
45 92 2
45 93 3
45 94 3
45 95 3
45 96 1
45 97 2
45 98 1
45 99 3
46 47 2
46 48 2
46 49 2
46 50 3
46 51 3
46 52 3
46 53 2
46 54 2
46 55 1
46 56 3
46 57 3
46 58 3
46 59 3
46 60 3
46 61 3
46 62 2
46 63 3
46 64 2
46 65 2
46 66 2
46 67 3
46 68 3
46 69 3
46 70 2
46 71 3
46 72 2
46 73 3
46 74 2
46 75 1
46 76 1
46 77 2
46 78 2
46 79 1
46 80 1
46 81 2
46 82 3
46 83 3
46 84 3
46 85 1
46 86 1
46 87 2
46 88 3
46 89 1
46 90 1
46 91 2
46 92 2
46 93 3
46 94 3
46 95 3
46 96 1
46 97 3
46 98 2
46 99 3
47 48 1
47 49 1
47 50 2
47 51 3
47 52 2
47 53 2
47 54 3
47 55 1
47 56 2
47 57 3
47 58 2
47 59 3
47 60 3
47 61 2
47 62 2
47 63 2
47 64 1
47 65 1
47 66 2
47 67 2
47 68 1
47 69 2
47 70 2
47 71 2
47 72 2
47 73 2
47 74 3
47 75 2
47 76 3
47 77 2
47 78 3
47 79 1
47 80 2
47 81 1
47 82 3
47 83 2
47 84 2
47 85 1
47 86 1
47 87 1
47 88 2
47 89 2
47 90 1
47 91 3
47 92 1
47 93 2
47 94 3
47 95 3
47 96 2
47 97 2
47 98 1
47 99 3
48 49 2
48 50 1
48 51 2
48 52 3
48 53 3
48 54 4
48 55 2
48 56 2
48 57 4
48 58 3
48 59 4
48 60 4
48 61 3
48 62 1
48 63 2
48 64 2
48 65 2
48 66 1
48 67 3
48 68 2
48 69 1
48 70 3
48 71 3
48 72 3
48 73 1
48 74 3
48 75 2
48 76 3
48 77 1
48 78 3
48 79 1
48 80 3
48 81 2
48 82 4
48 83 1
48 84 2
48 85 1
48 86 2
48 87 2
48 88 3
48 89 2
48 90 2
48 91 4
48 92 2
48 93 2
48 94 4
48 95 4
48 96 3
48 97 1
48 98 2
48 99 4
49 50 3
49 51 4
49 52 1
49 53 1
49 54 3
49 55 1
49 56 3
49 57 2
49 58 1
49 59 2
49 60 2
49 61 2
49 62 3
49 63 3
49 64 1
49 65 1
49 66 3
49 67 1
49 68 2
49 69 3
49 70 1
49 71 1
49 72 1
49 73 3
49 74 2
49 75 2
49 76 3
49 77 3
49 78 3
49 79 2
49 80 2
49 81 2
49 82 2
49 83 3
49 84 3
49 85 2
49 86 2
49 87 2
49 88 1
49 89 2
49 90 1
49 91 2
49 92 1
49 93 3
49 94 2
49 95 2
49 96 2
49 97 3
49 98 1
49 99 2
50 51 2
50 52 4
50 53 3
50 54 4
50 55 2
50 56 1
50 57 4
50 58 3
50 59 4
50 60 4
50 61 3
50 62 1
50 63 2
50 64 3
50 65 2
50 66 1
50 67 4
50 68 2
50 69 1
50 70 3
50 71 4
50 72 4
50 73 2
50 74 4
50 75 3
50 76 3
50 77 1
50 78 4
50 79 2
50 80 3
50 81 1
50 82 4
50 83 1
50 84 2
50 85 2
50 86 2
50 87 2
50 88 3
50 89 3
50 90 3
50 91 4
50 92 2
50 93 1
50 94 4
50 95 4
50 96 3
50 97 2
50 98 2
50 99 4
51 52 4
51 53 4
51 54 4
51 55 3
51 56 3
51 57 5
51 58 4
51 59 5
51 60 5
51 61 4
51 62 2
51 63 4
51 64 3
51 65 3
51 66 2
51 67 4
51 68 4
51 69 3
51 70 3
51 71 4
51 72 4
51 73 1
51 74 4
51 75 3
51 76 3
51 77 2
51 78 4
51 79 2
51 80 3
51 81 3
51 82 5
51 83 3
51 84 4
51 85 2
51 86 2
51 87 3
51 88 5
51 89 2
51 90 3
51 91 4
51 92 3
51 93 3
51 94 5
51 95 5
51 96 3
51 97 1
51 98 3
51 99 5
52 53 2
52 54 4
52 55 2
52 56 3
52 57 1
52 58 1
52 59 1
52 60 1
52 61 1
52 62 4
52 63 3
52 64 1
52 65 2
52 66 3
52 67 1
52 68 2
52 69 3
52 70 2
52 71 1
52 72 1
52 73 4
52 74 3
52 75 3
52 76 4
52 77 4
52 78 4
52 79 3
52 80 3
52 81 3
52 82 1
52 83 3
52 84 3
52 85 3
52 86 3
52 87 2
52 88 1
52 89 3
52 90 2
52 91 2
52 92 2
52 93 3
52 94 1
52 95 1
52 96 3
52 97 4
52 98 2
52 99 1
53 54 2
53 55 1
53 56 3
53 57 2
53 58 2
53 59 2
53 60 2
53 61 2
53 62 3
53 63 3
53 64 1
53 65 2
53 66 3
53 67 2
53 68 2
53 69 3
53 70 1
53 71 2
53 72 1
53 73 4
53 74 1
53 75 1
53 76 2
53 77 3
53 78 2
53 79 2
53 80 1
53 81 3
53 82 2
53 83 3
53 84 3
53 85 2
53 86 2
53 87 2
53 88 2
53 89 2
53 90 1
53 91 1
53 92 2
53 93 3
53 94 2
53 95 2
53 96 1
53 97 4
53 98 2
53 99 2
54 55 2
54 56 5
54 57 4
54 58 4
54 59 3
54 60 4
54 61 4
54 62 4
54 63 5
54 64 3
54 65 3
54 66 4
54 67 3
54 68 4
54 69 4
54 70 2
54 71 4
54 72 3
54 73 4
54 74 1
54 75 2
54 76 1
54 77 4
54 78 1
54 79 3
54 80 2
54 81 4
54 82 4
54 83 5
54 84 5
54 85 3
54 86 2
54 87 4
54 88 4
54 89 2
54 90 3
54 91 2
54 92 4
54 93 5
54 94 4
54 95 4
54 96 2
54 97 4
54 98 3
54 99 4
55 56 3
55 57 3
55 58 2
55 59 2
55 60 3
55 61 2
55 62 2
55 63 3
55 64 1
55 65 1
55 66 2
55 67 2
55 68 2
55 69 2
55 70 1
55 71 2
55 72 2
55 73 3
55 74 2
55 75 1
55 76 2
55 77 2
55 78 2
55 79 1
55 80 1
55 81 2
55 82 3
55 83 3
55 84 3
55 85 1
55 86 1
55 87 2
55 88 2
55 89 1
55 90 1
55 91 2
55 92 2
55 93 3
55 94 3
55 95 3
55 96 1
55 97 3
55 98 1
55 99 3
56 57 4
56 58 3
56 59 4
56 60 4
56 61 3
56 62 2
56 63 1
56 64 2
56 65 2
56 66 1
56 67 3
56 68 2
56 69 1
56 70 3
56 71 3
56 72 3
56 73 3
56 74 4
56 75 4
56 76 4
56 77 1
56 78 5
56 79 2
56 80 4
56 81 1
56 82 4
56 83 1
56 84 1
56 85 3
56 86 3
56 87 1
56 88 3
56 89 3
56 90 3
56 91 4
56 92 2
56 93 1
56 94 4
56 95 4
56 96 4
56 97 2
56 98 2
56 99 4
57 58 1
57 59 1
57 60 1
57 61 2
57 62 4
57 63 3
57 64 2
57 65 3
57 66 4
57 67 1
57 68 2
57 69 4
57 70 2
57 71 1
57 72 1
57 73 5
57 74 3
57 75 3
57 76 4
57 77 4
57 78 4
57 79 4
57 80 3
57 81 3
57 82 1
57 83 4
57 84 3
57 85 3
57 86 3
57 87 3
57 88 1
57 89 4
57 90 2
57 91 2
57 92 2
57 93 4
57 94 1
57 95 1
57 96 3
57 97 5
57 98 3
57 99 1
58 59 2
58 60 1
58 61 1
58 62 4
58 63 2
58 64 1
58 65 2
58 66 3
58 67 1
58 68 1
58 69 3
58 70 2
58 71 1
58 72 1
58 73 4
58 74 3
58 75 3
58 76 4
58 77 4
58 78 4
58 79 3
58 80 3
58 81 2
58 82 1
58 83 3
58 84 2
58 85 3
58 86 3
58 87 2
58 88 1
58 89 3
58 90 2
58 91 2
58 92 2
58 93 3
58 94 1
58 95 1
58 96 3
58 97 4
58 98 2
58 99 1
59 60 1
59 61 2
59 62 4
59 63 4
59 64 2
59 65 3
59 66 4
59 67 1
59 68 3
59 69 4
59 70 2
59 71 2
59 72 1
59 73 5
59 74 2
59 75 3
59 76 3
59 77 4
59 78 3
59 79 3
59 80 2
59 81 4
59 82 1
59 83 4
59 84 4
59 85 3
59 86 3
59 87 3
59 88 2
59 89 3
59 90 2
59 91 2
59 92 3
59 93 4
59 94 1
59 95 1
59 96 2
59 97 5
59 98 3
59 99 1
60 61 2
60 62 4
60 63 3
60 64 2
60 65 3
60 66 4
60 67 1
60 68 2
60 69 4
60 70 2
60 71 1
60 72 1
60 73 5
60 74 3
60 75 3
60 76 4
60 77 4
60 78 4
60 79 4
60 80 3
60 81 3
60 82 1
60 83 4
60 84 3
60 85 3
60 86 3
60 87 3
60 88 1
60 89 4
60 90 2
60 91 2
60 92 2
60 93 4
60 94 1
60 95 1
60 96 3
60 97 5
60 98 3
60 99 1
61 62 4
61 63 2
61 64 1
61 65 2
61 66 3
61 67 1
61 68 1
61 69 3
61 70 2
61 71 1
61 72 1
61 73 4
61 74 3
61 75 3
61 76 4
61 77 4
61 78 4
61 79 3
61 80 3
61 81 2
61 82 2
61 83 3
61 84 2
61 85 3
61 86 3
61 87 2
61 88 1
61 89 3
61 90 2
61 91 3
61 92 1
61 93 3
61 94 2
61 95 2
61 96 3
61 97 4
61 98 2
61 99 2
62 63 3
62 64 3
62 65 2
62 66 1
62 67 4
62 68 3
62 69 2
62 70 3
62 71 4
62 72 4
62 73 1
62 74 4
62 75 3
62 76 3
62 77 1
62 78 4
62 79 1
62 80 3
62 81 2
62 82 5
62 83 2
62 84 3
62 85 2
62 86 2
62 87 2
62 88 4
62 89 2
62 90 3
62 91 4
62 92 3
62 93 2
62 94 4
62 95 5
62 96 3
62 97 1
62 98 2
62 99 4
63 64 2
63 65 2
63 66 2
63 67 3
63 68 1
63 69 1
63 70 3
63 71 3
63 72 3
63 73 3
63 74 4
63 75 4
63 76 4
63 77 2
63 78 5
63 79 3
63 80 4
63 81 1
63 82 3
63 83 1
63 84 1
63 85 3
63 86 3
63 87 1
63 88 2
63 89 4
63 90 3
63 91 4
63 92 2
63 93 1
63 94 3
63 95 3
63 96 4
63 97 3
63 98 2
63 99 3
64 65 1
64 66 2
64 67 1
64 68 1
64 69 2
64 70 1
64 71 1
64 72 1
64 73 3
64 74 2
64 75 2
64 76 3
64 77 3
64 78 3
64 79 2
64 80 2
64 81 2
64 82 2
64 83 2
64 84 2
64 85 2
64 86 2
64 87 1
64 88 2
64 89 2
64 90 1
64 91 2
64 92 1
64 93 2
64 94 2
64 95 2
64 96 2
64 97 3
64 98 1
64 99 2
65 66 2
65 67 2
65 68 1
65 69 2
65 70 2
65 71 2
65 72 2
65 73 3
65 74 3
65 75 2
65 76 3
65 77 2
65 78 3
65 79 1
65 80 2
65 81 1
65 82 3
65 83 2
65 84 2
65 85 1
65 86 1
65 87 1
65 88 2
65 89 2
65 90 1
65 91 3
65 92 1
65 93 2
65 94 3
65 95 3
65 96 2
65 97 3
65 98 1
65 99 3
66 67 3
66 68 2
66 69 1
66 70 3
66 71 3
66 72 3
66 73 2
66 74 4
66 75 3
66 76 3
66 77 1
66 78 4
66 79 1
66 80 3
66 81 1
66 82 4
66 83 1
66 84 2
66 85 2
66 86 2
66 87 1
66 88 3
66 89 2
66 90 2
66 91 4
66 92 2
66 93 1
66 94 4
66 95 4
66 96 3
66 97 2
66 98 2
66 99 4
67 68 2
67 69 3
67 70 2
67 71 1
67 72 1
67 73 4
67 74 3
67 75 3
67 76 3
67 77 4
67 78 3
67 79 3
67 80 2
67 81 3
67 82 1
67 83 3
67 84 3
67 85 3
67 86 3
67 87 2
67 88 1
67 89 3
67 90 2
67 91 2
67 92 2
67 93 3
67 94 1
67 95 1
67 96 2
67 97 4
67 98 2
67 99 1
68 69 2
68 70 2
68 71 2
68 72 2
68 73 3
68 74 3
68 75 3
68 76 4
68 77 3
68 78 4
68 79 2
68 80 3
68 81 1
68 82 2
68 83 2
68 84 1
68 85 2
68 86 2
68 87 1
68 88 1
68 89 3
68 90 2
68 91 3
68 92 1
68 93 2
68 94 2
68 95 2
68 96 3
68 97 3
68 98 1
68 99 2
69 70 3
69 71 3
69 72 3
69 73 2
69 74 4
69 75 3
69 76 4
69 77 1
69 78 4
69 79 2
69 80 3
69 81 1
69 82 4
69 83 1
69 84 1
69 85 2
69 86 2
69 87 1
69 88 3
69 89 3
69 90 2
69 91 4
69 92 2
69 93 1
69 94 4
69 95 4
69 96 3
69 97 2
69 98 2
69 99 4
70 71 2
70 72 2
70 73 3
70 74 1
70 75 1
70 76 2
70 77 3
70 78 2
70 79 2
70 80 1
70 81 3
70 82 2
70 83 3
70 84 3
70 85 2
70 86 2
70 87 2
70 88 2
70 89 2
70 90 1
70 91 1
70 92 2
70 93 3
70 94 2
70 95 2
70 96 1
70 97 3
70 98 2
70 99 2
71 72 1
71 73 4
71 74 3
71 75 3
71 76 4
71 77 4
71 78 4
71 79 3
71 80 3
71 81 3
71 82 1
71 83 3
71 84 3
71 85 3
71 86 3
71 87 2
71 88 1
71 89 3
71 90 2
71 91 2
71 92 2
71 93 3
71 94 1
71 95 1
71 96 3
71 97 4
71 98 2
71 99 1
72 73 4
72 74 2
72 75 2
72 76 3
72 77 4
72 78 3
72 79 3
72 80 2
72 81 3
72 82 1
72 83 3
72 84 3
72 85 2
72 86 2
72 87 2
72 88 1
72 89 3
72 90 1
72 91 2
72 92 2
72 93 3
72 94 1
72 95 1
72 96 2
72 97 4
72 98 2
72 99 1
73 74 4
73 75 3
73 76 3
73 77 2
73 78 4
73 79 2
73 80 3
73 81 3
73 82 5
73 83 2
73 84 3
73 85 2
73 86 2
73 87 3
73 88 4
73 89 2
73 90 3
73 91 4
73 92 3
73 93 2
73 94 5
73 95 5
73 96 3
73 97 1
73 98 3
73 99 5
74 75 1
74 76 1
74 77 4
74 78 1
74 79 3
74 80 1
74 81 4
74 82 3
74 83 4
74 84 4
74 85 2
74 86 2
74 87 3
74 88 3
74 89 2
74 90 2
74 91 1
74 92 3
74 93 4
74 94 3
74 95 3
74 96 1
74 97 4
74 98 3
74 99 3
75 76 1
75 77 3
75 78 1
75 79 2
75 80 1
75 81 3
75 82 3
75 83 3
75 84 4
75 85 1
75 86 1
75 87 3
75 88 3
75 89 1
75 90 2
75 91 2
75 92 3
75 93 4
75 94 3
75 95 3
75 96 1
75 97 3
75 98 2
75 99 3
76 77 3
76 78 1
76 79 2
76 80 2
76 81 3
76 82 4
76 83 4
76 84 4
76 85 2
76 86 2
76 87 3
76 88 4
76 89 1
76 90 2
76 91 2
76 92 3
76 93 4
76 94 4
76 95 4
76 96 1
76 97 3
76 98 3
76 99 4
77 78 4
77 79 1
77 80 3
77 81 2
77 82 5
77 83 1
77 84 2
77 85 2
77 86 2
77 87 2
77 88 4
77 89 2
77 90 3
77 91 4
77 92 3
77 93 1
77 94 4
77 95 5
77 96 3
77 97 1
77 98 2
77 99 4
78 79 3
78 80 1
78 81 4
78 82 4
78 83 4
78 84 5
78 85 2
78 86 2
78 87 4
78 88 4
78 89 2
78 90 3
78 91 2
78 92 4
78 93 5
78 94 4
78 95 4
78 96 1
78 97 4
78 98 3
78 99 4
79 80 2
79 81 2
79 82 4
79 83 2
79 84 3
79 85 1
79 86 1
79 87 2
79 88 3
79 89 1
79 90 2
79 91 3
79 92 2
79 93 2
79 94 4
79 95 4
79 96 2
79 97 2
79 98 1
79 99 4
80 81 3
80 82 3
80 83 4
80 84 4
80 85 2
80 86 2
80 87 3
80 88 3
80 89 2
80 90 2
80 91 1
80 92 3
80 93 4
80 94 3
80 95 3
80 96 1
80 97 3
80 98 2
80 99 3
81 82 3
81 83 1
81 84 1
81 85 2
81 86 2
81 87 1
81 88 2
81 89 3
81 90 2
81 91 4
81 92 1
81 93 1
81 94 3
81 95 3
81 96 3
81 97 2
81 98 1
81 99 3
82 83 4
82 84 3
82 85 3
82 86 3
82 87 3
82 88 1
82 89 4
82 90 2
82 91 2
82 92 3
82 93 4
82 94 1
82 95 1
82 96 3
82 97 5
82 98 3
82 99 1
83 84 1
83 85 2
83 86 3
83 87 1
83 88 3
83 89 3
83 90 3
83 91 4
83 92 2
83 93 1
83 94 4
83 95 4
83 96 4
83 97 2
83 98 2
83 99 4
84 85 3
84 86 3
84 87 1
84 88 2
84 89 4
84 90 3
84 91 4
84 92 2
84 93 1
84 94 3
84 95 3
84 96 4
84 97 3
84 98 2
84 99 3
85 86 1
85 87 2
85 88 3
85 89 1
85 90 1
85 91 3
85 92 2
85 93 3
85 94 3
85 95 3
85 96 2
85 97 2
85 98 1
85 99 3
86 87 2
86 88 3
86 89 1
86 90 1
86 91 3
86 92 2
86 93 3
86 94 3
86 95 3
86 96 2
86 97 2
86 98 1
86 99 3
87 88 2
87 89 3
87 90 2
87 91 3
87 92 1
87 93 1
87 94 3
87 95 3
87 96 3
87 97 3
87 98 1
87 99 3
88 89 3
88 90 2
88 91 3
88 92 2
88 93 3
88 94 1
88 95 1
88 96 3
88 97 4
88 98 2
88 99 1
89 90 2
89 91 3
89 92 3
89 93 3
89 94 4
89 95 4
89 96 2
89 97 2
89 98 2
89 99 4
90 91 2
90 92 1
90 93 3
90 94 2
90 95 2
90 96 2
90 97 3
90 98 1
90 99 2
91 92 3
91 93 4
91 94 2
91 95 2
91 96 1
91 97 4
91 98 3
91 99 2
92 93 2
92 94 2
92 95 3
92 96 3
92 97 3
92 98 1
92 99 2
93 94 4
93 95 4
93 96 4
93 97 2
93 98 2
93 99 4
94 95 1
94 96 3
94 97 5
94 98 3
94 99 1
95 96 3
95 97 5
95 98 3
95 99 1
96 97 3
96 98 2
96 99 3
97 98 3
97 99 5
98 99 3
