100 
0 1 3
0 2 1
0 3 2
0 4 2
0 5 1
0 6 2
0 7 1
0 8 1
0 9 1
0 10 1
0 11 1
0 12 2
0 13 1
0 14 2
0 15 1
0 16 2
0 17 2
0 18 1
0 19 2
0 20 2
0 21 2
0 22 2
0 23 1
0 24 2
0 25 2
0 26 2
0 27 1
0 28 2
0 29 1
0 30 2
0 31 2
0 32 1
0 33 1
0 34 2
0 35 1
0 36 1
0 37 2
0 38 2
0 39 1
0 40 1
0 41 1
0 42 1
0 43 2
0 44 1
0 45 2
0 46 1
0 47 2
0 48 2
0 49 2
0 50 2
0 51 2
0 52 1
0 53 2
0 54 1
0 55 1
0 56 2
0 57 2
0 58 2
0 59 2
0 60 2
0 61 2
0 62 1
0 63 1
0 64 2
0 65 2
0 66 2
0 67 1
0 68 2
0 69 2
0 70 2
0 71 2
0 72 1
0 73 2
0 74 1
0 75 2
0 76 1
0 77 2
0 78 2
0 79 2
0 80 1
0 81 2
0 82 2
0 83 1
0 84 1
0 85 2
0 86 2
0 87 2
0 88 1
0 89 1
0 90 2
0 91 2
0 92 2
0 93 2
0 94 2
0 95 2
0 96 2
0 97 2
0 98 1
0 99 2
1 2 2
1 3 1
1 4 2
1 5 3
1 6 3
1 7 2
1 8 3
1 9 3
1 10 3
1 11 3
1 12 1
1 13 3
1 14 3
1 15 3
1 16 3
1 17 1
1 18 3
1 19 3
1 20 4
1 21 3
1 22 3
1 23 3
1 24 2
1 25 1
1 26 3
1 27 3
1 28 2
1 29 3
1 30 2
1 31 3
1 32 4
1 33 2
1 34 4
1 35 3
1 36 3
1 37 4
1 38 3
1 39 3
1 40 2
1 41 4
1 42 3
1 43 3
1 44 2
1 45 2
1 46 3
1 47 1
1 48 3
1 49 1
1 50 2
1 51 2
1 52 4
1 53 4
1 54 2
1 55 3
1 56 3
1 57 4
1 58 3
1 59 2
1 60 3
1 61 3
1 62 3
1 63 3
1 64 2
1 65 2
1 66 2
1 67 4
1 68 3
1 69 3
1 70 3
1 71 2
1 72 2
1 73 2
1 74 2
1 75 4
1 76 2
1 77 2
1 78 1
1 79 4
1 80 2
1 81 1
1 82 3
1 83 4
1 84 4
1 85 1
1 86 3
1 87 3
1 88 3
1 89 2
1 90 4
1 91 3
1 92 1
1 93 3
1 94 2
1 95 1
1 96 4
1 97 2
1 98 3
1 99 3
2 3 2
2 4 1
2 5 2
2 6 2
2 7 1
2 8 1
2 9 1
2 10 1
2 11 1
2 12 2
2 13 1
2 14 2
2 15 1
2 16 2
2 17 1
2 18 2
2 19 2
2 20 3
2 21 2
2 22 2
2 23 2
2 24 1
2 25 1
2 26 2
2 27 1
2 28 1
2 29 2
2 30 1
2 31 2
2 32 2
2 33 1
2 34 2
2 35 2
2 36 1
2 37 2
2 38 2
2 39 1
2 40 1
2 41 2
2 42 1
2 43 2
2 44 1
2 45 1
2 46 1
2 47 2
2 48 3
2 49 2
2 50 2
2 51 1
2 52 2
2 53 3
2 54 1
2 55 1
2 56 2
2 57 2
2 58 2
2 59 2
2 60 2
2 61 2
2 62 1
2 63 1
2 64 2
2 65 1
2 66 2
2 67 2
2 68 2
2 69 2
2 70 2
2 71 2
2 72 1
2 73 2
2 74 1
2 75 2
2 76 1
2 77 2
2 78 2
2 79 2
2 80 1
2 81 1
2 82 2
2 83 2
2 84 2
2 85 2
2 86 2
2 87 2
2 88 1
2 89 1
2 90 2
2 91 2
2 92 1
2 93 2
2 94 1
2 95 1
2 96 2
2 97 1
2 98 2
2 99 3
3 4 2
3 5 3
3 6 3
3 7 1
3 8 2
3 9 2
3 10 2
3 11 2
3 12 1
3 13 2
3 14 2
3 15 2
3 16 2
3 17 1
3 18 2
3 19 3
3 20 4
3 21 3
3 22 2
3 23 3
3 24 2
3 25 1
3 26 3
3 27 2
3 28 1
3 29 2
3 30 1
3 31 3
3 32 3
3 33 2
3 34 3
3 35 3
3 36 2
3 37 3
3 38 3
3 39 2
3 40 2
3 41 3
3 42 2
3 43 3
3 44 2
3 45 1
3 46 2
3 47 1
3 48 3
3 49 1
3 50 1
3 51 1
3 52 3
3 53 4
3 54 1
3 55 2
3 56 3
3 57 3
3 58 3
3 59 2
3 60 3
3 61 3
3 62 2
3 63 2
3 64 2
3 65 1
3 66 1
3 67 3
3 68 2
3 69 3
3 70 2
3 71 2
3 72 1
3 73 2
3 74 2
3 75 3
3 76 2
3 77 1
3 78 1
3 79 3
3 80 1
3 81 1
3 82 3
3 83 3
3 84 3
3 85 1
3 86 3
3 87 3
3 88 2
3 89 1
3 90 3
3 91 2
3 92 1
3 93 3
3 94 1
3 95 1
3 96 3
3 97 2
3 98 2
3 99 3
4 5 2
4 6 1
4 7 2
4 8 2
4 9 1
4 10 2
4 11 2
4 12 2
4 13 2
4 14 1
4 15 2
4 16 1
4 17 2
4 18 1
4 19 2
4 20 3
4 21 1
4 22 3
4 23 2
4 24 2
4 25 1
4 26 1
4 27 1
4 28 1
4 29 1
4 30 2
4 31 2
4 32 2
4 33 1
4 34 2
4 35 2
4 36 2
4 37 2
4 38 1
4 39 2
4 40 1
4 41 2
4 42 2
4 43 1
4 44 2
4 45 2
4 46 1
4 47 1
4 48 2
4 49 1
4 50 1
4 51 1
4 52 3
4 53 3
4 54 1
4 55 1
4 56 2
4 57 2
4 58 2
4 59 1
4 60 1
4 61 2
4 62 2
4 63 1
4 64 1
4 65 2
4 66 1
4 67 2
4 68 3
4 69 2
4 70 3
4 71 1
4 72 1
4 73 1
4 74 1
4 75 3
4 76 1
4 77 1
4 78 1
4 79 3
4 80 2
4 81 1
4 82 2
4 83 2
4 84 3
4 85 2
4 86 1
4 87 3
4 88 2
4 89 1
4 90 3
4 91 1
4 92 1
4 93 1
4 94 1
4 95 1
4 96 2
4 97 2
4 98 1
4 99 2
5 6 2
5 7 2
5 8 1
5 9 1
5 10 2
5 11 1
5 12 3
5 13 2
5 14 1
5 15 1
5 16 1
5 17 3
5 18 1
5 19 1
5 20 2
5 21 2
5 22 3
5 23 1
5 24 2
5 25 2
5 26 1
5 27 1
5 28 2
5 29 1
5 30 3
5 31 1
5 32 2
5 33 1
5 34 1
5 35 1
5 36 1
5 37 1
5 38 1
5 39 2
5 40 1
5 41 1
5 42 1
5 43 1
5 44 2
5 45 3
5 46 1
5 47 3
5 48 2
5 49 3
5 50 2
5 51 2
5 52 2
5 53 2
5 54 2
5 55 1
5 56 1
5 57 1
5 58 1
5 59 2
5 60 1
5 61 1
5 62 1
5 63 1
5 64 1
5 65 3
5 66 2
5 67 2
5 68 3
5 69 1
5 70 3
5 71 2
5 72 2
5 73 2
5 74 1
5 75 3
5 76 1
5 77 2
5 78 2
5 79 2
5 80 2
5 81 2
5 82 1
5 83 1
5 84 2
5 85 3
5 86 1
5 87 3
5 88 1
5 89 2
5 90 2
5 91 1
5 92 2
5 93 1
5 94 2
5 95 2
5 96 1
5 97 3
5 98 1
5 99 2
6 7 3
6 8 2
6 9 2
6 10 3
6 11 2
6 12 3
6 13 3
6 14 1
6 15 2
6 16 1
6 17 3
6 18 2
6 19 2
6 20 3
6 21 1
6 22 4
6 23 2
6 24 3
6 25 2
6 26 1
6 27 2
6 28 2
6 29 2
6 30 3
6 31 1
6 32 3
6 33 2
6 34 2
6 35 2
6 36 2
6 37 2
6 38 1
6 39 3
6 40 2
6 41 3
6 42 2
6 43 1
6 44 3
6 45 3
6 46 2
6 47 2
6 48 1
6 49 2
6 50 2
6 51 2
6 52 3
6 53 3
6 54 2
6 55 2
6 56 1
6 57 3
6 58 1
6 59 1
6 60 1
6 61 1
6 62 2
6 63 2
6 64 1
6 65 3
6 66 2
6 67 3
6 68 4
6 69 2
6 70 4
6 71 1
6 72 2
6 73 1
6 74 2
6 75 4
6 76 1
6 77 2
6 78 2
6 79 3
6 80 3
6 81 2
6 82 1
6 83 3
6 84 3
6 85 3
6 86 1
6 87 4
6 88 2
6 89 2
6 90 3
6 91 1
6 92 2
6 93 1
6 94 2
6 95 2
6 96 2
6 97 3
6 98 1
6 99 1
7 8 2
7 9 2
7 10 1
7 11 2
7 12 2
7 13 1
7 14 3
7 15 1
7 16 3
7 17 1
7 18 2
7 19 3
7 20 3
7 21 3
7 22 1
7 23 2
7 24 1
7 25 1
7 26 3
7 27 2
7 28 2
7 29 2
7 30 1
7 31 3
7 32 2
7 33 2
7 34 3
7 35 2
7 36 2
7 37 3
7 38 3
7 39 1
7 40 2
7 41 2
7 42 2
7 43 2
7 44 1
7 45 1
7 46 2
7 47 2
7 48 3
7 49 2
7 50 2
7 51 2
7 52 2
7 53 3
7 54 1
7 55 2
7 56 3
7 57 3
7 58 3
7 59 2
7 60 3
7 61 3
7 62 2
7 63 2
7 64 2
7 65 1
7 66 2
7 67 2
7 68 1
7 69 3
7 70 1
7 71 2
7 72 1
7 73 2
7 74 2
7 75 2
7 76 2
7 77 2
7 78 2
7 79 3
7 80 1
7 81 2
7 82 3
7 83 2
7 84 2
7 85 1
7 86 3
7 87 2
7 88 2
7 89 1
7 90 3
7 91 2
7 92 2
7 93 3
7 94 1
7 95 1
7 96 3
7 97 1
7 98 2
7 99 3
8 9 1
8 10 2
8 11 1
8 12 3
8 13 2
8 14 2
8 15 1
8 16 1
8 17 2
8 18 1
8 19 1
8 20 2
8 21 2
8 22 3
8 23 1
8 24 2
8 25 2
8 26 2
8 27 1
8 28 2
8 29 1
8 30 2
8 31 1
8 32 1
8 33 1
8 34 1
8 35 1
8 36 1
8 37 1
8 38 2
8 39 2
8 40 1
8 41 1
8 42 1
8 43 1
8 44 2
8 45 2
8 46 1
8 47 3
8 48 2
8 49 3
8 50 2
8 51 2
8 52 2
8 53 2
8 54 1
8 55 1
8 56 1
8 57 1
8 58 2
8 59 2
8 60 1
8 61 1
8 62 1
8 63 1
8 64 1
8 65 2
8 66 2
8 67 1
8 68 3
8 69 1
8 70 3
8 71 2
8 72 2
8 73 2
8 74 1
8 75 2
8 76 1
8 77 2
8 78 2
8 79 2
8 80 2
8 81 2
8 82 2
8 83 1
8 84 1
8 85 2
8 86 1
8 87 2
8 88 1
8 89 1
8 90 2
8 91 1
8 92 2
8 93 1
8 94 2
8 95 2
8 96 1
8 97 2
8 98 1
8 99 2
9 10 2
9 11 1
9 12 3
9 13 2
9 14 1
9 15 1
9 16 1
9 17 2
9 18 1
9 19 1
9 20 2
9 21 2
9 22 2
9 23 1
9 24 2
9 25 2
9 26 2
9 27 1
9 28 2
9 29 1
9 30 2
9 31 1
9 32 1
9 33 1
9 34 1
9 35 1
9 36 1
9 37 1
9 38 1
9 39 2
9 40 1
9 41 1
9 42 1
9 43 1
9 44 1
9 45 2
9 46 1
9 47 2
9 48 2
9 49 2
9 50 2
9 51 2
9 52 2
9 53 2
9 54 1
9 55 1
9 56 1
9 57 1
9 58 2
9 59 2
9 60 1
9 61 1
9 62 1
9 63 1
9 64 1
9 65 2
9 66 2
9 67 1
9 68 2
9 69 1
9 70 2
9 71 1
9 72 2
9 73 2
9 74 1
9 75 2
9 76 1
9 77 2
9 78 2
9 79 2
9 80 2
9 81 2
9 82 1
9 83 1
9 84 2
9 85 2
9 86 1
9 87 3
9 88 1
9 89 1
9 90 2
9 91 1
9 92 2
9 93 1
9 94 2
9 95 2
9 96 1
9 97 2
9 98 1
9 99 2
10 11 1
10 12 3
10 13 1
10 14 3
10 15 1
10 16 2
10 17 2
10 18 2
10 19 3
10 20 2
10 21 3
10 22 1
10 23 2
10 24 1
10 25 2
10 26 3
10 27 2
10 28 2
10 29 2
10 30 2
10 31 2
10 32 1
10 33 2
10 34 2
10 35 1
10 36 1
10 37 2
10 38 3
10 39 1
10 40 2
10 41 2
10 42 1
10 43 2
10 44 1
10 45 2
10 46 2
10 47 3
10 48 3
10 49 3
10 50 3
10 51 2
10 52 1
10 53 2
10 54 2
10 55 2
10 56 3
10 57 2
10 58 3
10 59 3
10 60 3
10 61 2
10 62 1
10 63 2
10 64 2
10 65 2
10 66 3
10 67 1
10 68 1
10 69 2
10 70 1
10 71 3
10 72 2
10 73 3
10 74 2
10 75 1
10 76 2
10 77 3
10 78 3
10 79 2
10 80 2
10 81 2
10 82 3
10 83 2
10 84 1
10 85 2
10 86 2
10 87 1
10 88 1
10 89 2
10 90 2
10 91 2
10 92 2
10 93 3
10 94 2
10 95 2
10 96 2
10 97 1
10 98 2
10 99 3
11 12 3
11 13 1
11 14 2
11 15 1
11 16 2
11 17 2
11 18 1
11 19 2
11 20 2
11 21 3
11 22 2
11 23 1
11 24 2
11 25 2
11 26 2
11 27 1
11 28 2
11 29 1
11 30 2
11 31 2
11 32 1
11 33 1
11 34 2
11 35 1
11 36 1
11 37 2
11 38 2
11 39 2
11 40 1
11 41 1
11 42 1
11 43 2
11 44 1
11 45 2
11 46 1
11 47 3
11 48 3
11 49 3
11 50 2
11 51 2
11 52 1
11 53 2
11 54 1
11 55 1
11 56 2
11 57 1
11 58 2
11 59 2
11 60 2
11 61 2
11 62 1
11 63 1
11 64 2
11 65 2
11 66 2
11 67 1
11 68 2
11 69 2
11 70 2
11 71 2
11 72 2
11 73 2
11 74 1
11 75 2
11 76 1
11 77 2
11 78 2
11 79 1
11 80 2
11 81 2
11 82 2
11 83 1
11 84 1
11 85 2
11 86 2
11 87 2
11 88 1
11 89 1
11 90 2
11 91 2
11 92 2
11 93 2
11 94 2
11 95 2
11 96 2
11 97 2
11 98 2
11 99 3
12 13 2
12 14 2
12 15 2
12 16 2
12 17 1
12 18 3
12 19 3
12 20 4
12 21 3
12 22 2
12 23 3
12 24 2
12 25 1
12 26 3
12 27 2
12 28 1
12 29 3
12 30 1
12 31 3
12 32 3
12 33 2
12 34 3
12 35 3
12 36 3
12 37 4
12 38 3
12 39 2
12 40 2
12 41 3
12 42 3
12 43 3
12 44 2
12 45 1
12 46 3
12 47 1
12 48 3
12 49 1
12 50 1
12 51 1
12 52 3
12 53 4
12 54 2
12 55 2
12 56 3
12 57 4
12 58 3
12 59 2
12 60 3
12 61 3
12 62 3
12 63 3
12 64 2
12 65 1
12 66 1
12 67 3
12 68 3
12 69 3
12 70 2
12 71 2
12 72 1
12 73 2
12 74 2
12 75 3
12 76 2
12 77 1
12 78 1
12 79 4
12 80 1
12 81 1
12 82 3
12 83 3
12 84 3
12 85 1
12 86 3
12 87 3
12 88 3
12 89 2
12 90 4
12 91 2
12 92 1
12 93 3
12 94 1
12 95 1
12 96 3
12 97 2
12 98 3
12 99 3
13 14 3
13 15 1
13 16 2
13 17 2
13 18 2
13 19 3
13 20 2
13 21 3
13 22 1
13 23 2
13 24 1
13 25 2
13 26 3
13 27 2
13 28 2
13 29 2
13 30 1
13 31 2
13 32 1
13 33 2
13 34 2
13 35 2
13 36 1
13 37 2
13 38 3
13 39 1
13 40 2
13 41 2
13 42 1
13 43 2
13 44 1
13 45 1
13 46 2
13 47 2
13 48 3
13 49 2
13 50 2
13 51 2
13 52 1
13 53 2
13 54 1
13 55 2
13 56 3
13 57 2
13 58 3
13 59 3
13 60 3
13 61 2
13 62 1
13 63 2
13 64 2
13 65 1
13 66 2
13 67 1
13 68 1
13 69 2
13 70 1
13 71 2
13 72 1
13 73 3
13 74 2
13 75 1
13 76 2
13 77 2
13 78 2
13 79 2
13 80 1
13 81 2
13 82 3
13 83 2
13 84 1
13 85 2
13 86 2
13 87 1
13 88 1
13 89 1
13 90 2
13 91 2
13 92 2
13 93 3
13 94 2
13 95 2
13 96 3
13 97 1
13 98 2
13 99 3
14 15 2
14 16 1
14 17 3
14 18 1
14 19 1
14 20 3
14 21 1
14 22 3
14 23 2
14 24 3
14 25 2
14 26 1
14 27 1
14 28 2
14 29 1
14 30 3
14 31 1
14 32 2
14 33 1
14 34 2
14 35 2
14 36 2
14 37 2
14 38 1
14 39 3
14 40 1
14 41 2
14 42 2
14 43 1
14 44 2
14 45 3
14 46 2
14 47 2
14 48 1
14 49 2
14 50 2
14 51 2
14 52 3
14 53 3
14 54 2
14 55 1
14 56 1
14 57 2
14 58 1
14 59 1
14 60 1
14 61 1
14 62 2
14 63 1
14 64 1
14 65 3
14 66 2
14 67 2
14 68 3
14 69 1
14 70 3
14 71 1
14 72 2
14 73 1
14 74 2
14 75 3
14 76 1
14 77 1
14 78 2
14 79 3
14 80 2
14 81 2
14 82 1
14 83 2
14 84 3
14 85 3
14 86 1
14 87 4
14 88 2
14 89 2
14 90 3
14 91 1
14 92 2
14 93 1
14 94 2
14 95 2
14 96 2
14 97 3
14 98 1
14 99 1
15 16 2
15 17 2
15 18 1
15 19 2
15 20 2
15 21 2
15 22 2
15 23 1
15 24 1
15 25 2
15 26 2
15 27 1
15 28 2
15 29 1
15 30 2
15 31 2
15 32 1
15 33 1
15 34 2
15 35 1
15 36 1
15 37 2
15 38 2
15 39 1
15 40 1
15 41 1
15 42 1
15 43 1
15 44 1
15 45 2
15 46 1
15 47 2
15 48 2
15 49 2
15 50 2
15 51 2
15 52 1
15 53 2
15 54 1
15 55 1
15 56 2
15 57 2
15 58 2
15 59 2
15 60 2
15 61 2
15 62 1
15 63 1
15 64 2
15 65 2
15 66 2
15 67 1
15 68 2
15 69 2
15 70 2
15 71 2
15 72 1
15 73 2
15 74 1
15 75 2
15 76 1
15 77 2
15 78 2
15 79 2
15 80 1
15 81 2
15 82 2
15 83 2
15 84 1
15 85 2
15 86 2
15 87 2
15 88 1
15 89 1
15 90 2
15 91 2
15 92 2
15 93 2
15 94 1
15 95 2
15 96 2
15 97 2
15 98 1
15 99 2
16 17 3
16 18 1
16 19 1
16 20 2
16 21 1
16 22 3
16 23 1
16 24 3
16 25 2
16 26 1
16 27 1
16 28 2
16 29 1
16 30 3
16 31 1
16 32 2
16 33 1
16 34 1
16 35 2
16 36 2
16 37 2
16 38 1
16 39 3
16 40 1
16 41 2
16 42 1
16 43 1
16 44 2
16 45 3
16 46 1
16 47 2
16 48 1
16 49 2
16 50 2
16 51 2
16 52 3
16 53 2
16 54 2
16 55 1
16 56 1
16 57 2
16 58 1
16 59 1
16 60 1
16 61 1
16 62 2
16 63 1
16 64 1
16 65 3
16 66 2
16 67 2
16 68 3
16 69 1
16 70 3
16 71 1
16 72 2
16 73 1
16 74 1
16 75 3
16 76 1
16 77 1
16 78 2
16 79 3
16 80 2
16 81 2
16 82 1
16 83 2
16 84 2
16 85 3
16 86 1
16 87 3
16 88 2
16 89 2
16 90 3
16 91 1
16 92 2
16 93 1
16 94 2
16 95 2
16 96 1
16 97 3
16 98 1
16 99 1
17 18 2
17 19 3
17 20 4
17 21 3
17 22 2
17 23 3
17 24 1
17 25 1
17 26 3
17 27 2
17 28 2
17 29 2
17 30 1
17 31 3
17 32 3
17 33 2
17 34 3
17 35 3
17 36 2
17 37 3
17 38 3
17 39 2
17 40 2
17 41 3
17 42 2
17 43 3
17 44 1
17 45 1
17 46 2
17 47 1
17 48 3
17 49 1
17 50 2
17 51 1
17 52 3
17 53 4
17 54 1
17 55 2
17 56 3
17 57 3
17 58 3
17 59 2
17 60 3
17 61 3
17 62 2
17 63 2
17 64 2
17 65 1
17 66 1
17 67 3
17 68 2
17 69 3
17 70 2
17 71 2
17 72 1
17 73 2
17 74 2
17 75 3
17 76 2
17 77 2
17 78 1
17 79 3
17 80 1
17 81 1
17 82 3
17 83 3
17 84 3
17 85 1
17 86 3
17 87 2
17 88 2
17 89 1
17 90 3
17 91 2
17 92 1
17 93 3
17 94 1
17 95 1
17 96 3
17 97 1
17 98 2
17 99 3
18 19 1
18 20 2
18 21 2
18 22 3
18 23 1
18 24 2
18 25 2
18 26 1
18 27 1
18 28 2
18 29 1
18 30 2
18 31 1
18 32 2
18 33 1
18 34 1
18 35 1
18 36 1
18 37 1
18 38 1
18 39 2
18 40 1
18 41 1
18 42 1
18 43 1
18 44 2
18 45 2
18 46 1
18 47 2
18 48 2
18 49 2
18 50 2
18 51 2
18 52 2
18 53 2
18 54 1
18 55 1
18 56 1
18 57 1
18 58 1
18 59 2
18 60 1
18 61 1
18 62 1
18 63 1
18 64 1
18 65 2
18 66 2
18 67 2
18 68 3
18 69 1
18 70 3
18 71 2
18 72 2
18 73 2
18 74 1
18 75 3
18 76 1
18 77 2
18 78 2
18 79 2
18 80 2
18 81 2
18 82 1
18 83 1
18 84 2
18 85 2
18 86 1
18 87 3
18 88 1
18 89 1
18 90 2
18 91 1
18 92 2
18 93 1
18 94 2
18 95 2
18 96 1
18 97 3
18 98 1
18 99 2
19 20 2
19 21 2
19 22 3
19 23 1
19 24 3
19 25 3
19 26 1
19 27 1
19 28 2
19 29 1
19 30 3
19 31 1
19 32 2
19 33 2
19 34 1
19 35 2
19 36 2
19 37 1
19 38 1
19 39 3
19 40 2
19 41 2
19 42 2
19 43 1
19 44 2
19 45 3
19 46 1
19 47 3
19 48 2
19 49 3
19 50 2
19 51 2
19 52 3
19 53 2
19 54 2
19 55 1
19 56 1
19 57 2
19 58 1
19 59 2
19 60 1
19 61 1
19 62 2
19 63 1
19 64 1
19 65 3
19 66 3
19 67 2
19 68 3
19 69 1
19 70 3
19 71 2
19 72 3
19 73 2
19 74 2
19 75 3
19 76 2
19 77 2
19 78 3
19 79 2
19 80 3
19 81 2
19 82 1
19 83 2
19 84 2
19 85 3
19 86 1
19 87 3
19 88 2
19 89 2
19 90 2
19 91 1
19 92 3
19 93 1
19 94 2
19 95 3
19 96 1
19 97 3
19 98 1
19 99 1
20 21 3
20 22 3
20 23 1
20 24 3
20 25 3
20 26 2
20 27 2
20 28 3
20 29 2
20 30 3
20 31 2
20 32 1
20 33 2
20 34 1
20 35 1
20 36 2
20 37 1
20 38 2
20 39 3
20 40 2
20 41 1
20 42 2
20 43 2
20 44 3
20 45 3
20 46 2
20 47 4
20 48 3
20 49 4
20 50 3
20 51 3
20 52 2
20 53 1
20 54 3
20 55 2
20 56 2
20 57 1
20 58 2
20 59 3
20 60 2
20 61 2
20 62 2
20 63 2
20 64 2
20 65 3
20 66 3
20 67 2
20 68 3
20 69 2
20 70 3
20 71 3
20 72 3
20 73 3
20 74 2
20 75 2
20 76 2
20 77 3
20 78 3
20 79 1
20 80 3
20 81 3
20 82 2
20 83 1
20 84 2
20 85 4
20 86 2
20 87 3
20 88 2
20 89 3
20 90 1
20 91 2
20 92 3
20 93 2
20 94 3
20 95 3
20 96 1
20 97 3
20 98 2
20 99 3
21 22 4
21 23 2
21 24 3
21 25 2
21 26 1
21 27 2
21 28 2
21 29 2
21 30 3
21 31 1
21 32 3
21 33 2
21 34 2
21 35 2
21 36 2
21 37 2
21 38 1
21 39 3
21 40 2
21 41 3
21 42 2
21 43 1
21 44 3
21 45 3
21 46 2
21 47 2
21 48 1
21 49 2
21 50 2
21 51 2
21 52 3
21 53 3
21 54 2
21 55 2
21 56 1
21 57 3
21 58 1
21 59 1
21 60 1
21 61 1
21 62 2
21 63 2
21 64 1
21 65 3
21 66 2
21 67 3
21 68 4
21 69 2
21 70 4
21 71 1
21 72 2
21 73 1
21 74 2
21 75 4
21 76 2
21 77 2
21 78 2
21 79 3
21 80 3
21 81 2
21 82 1
21 83 3
21 84 3
21 85 3
21 86 1
21 87 4
21 88 2
21 89 2
21 90 3
21 91 1
21 92 2
21 93 1
21 94 2
21 95 2
21 96 2
21 97 3
21 98 1
21 99 1
22 23 3
22 24 1
22 25 2
22 26 4
22 27 2
22 28 3
22 29 3
22 30 2
22 31 3
22 32 2
22 33 2
22 34 3
22 35 2
22 36 2
22 37 3
22 38 3
22 39 1
22 40 2
22 41 2
22 42 2
22 43 3
22 44 1
22 45 1
22 46 3
22 47 3
22 48 4
22 49 3
22 50 3
22 51 3
22 52 1
22 53 3
22 54 2
22 55 3
22 56 3
22 57 3
22 58 4
22 59 3
22 60 3
22 61 3
22 62 2
22 63 3
22 64 3
22 65 1
22 66 3
22 67 2
22 68 1
22 69 3
22 70 1
22 71 3
22 72 2
22 73 3
22 74 2
22 75 1
22 76 3
22 77 3
22 78 3
22 79 2
22 80 2
22 81 3
22 82 3
22 83 3
22 84 2
22 85 2
22 86 3
22 87 1
22 88 2
22 89 2
22 90 3
22 91 3
22 92 2
22 93 3
22 94 2
22 95 2
22 96 3
22 97 1
22 98 3
22 99 4
23 24 2
23 25 2
23 26 2
23 27 1
23 28 2
23 29 1
23 30 3
23 31 1
23 32 1
23 33 1
23 34 1
23 35 1
23 36 1
23 37 1
23 38 1
23 39 2
23 40 1
23 41 1
23 42 1
23 43 1
23 44 2
23 45 3
23 46 1
23 47 3
23 48 2
23 49 3
23 50 2
23 51 2
23 52 2
23 53 1
23 54 2
23 55 1
23 56 1
23 57 1
23 58 2
23 59 2
23 60 1
23 61 1
23 62 1
23 63 1
23 64 1
23 65 3
23 66 2
23 67 1
23 68 3
23 69 1
23 70 3
23 71 2
23 72 2
23 73 2
23 74 1
23 75 2
23 76 1
23 77 2
23 78 2
23 79 2
23 80 2
23 81 2
23 82 1
23 83 1
23 84 2
23 85 3
23 86 1
23 87 3
23 88 1
23 89 2
23 90 2
23 91 1
23 92 2
23 93 1
23 94 2
23 95 2
23 96 1
23 97 3
23 98 1
23 99 2
24 25 1
24 26 3
24 27 2
24 28 2
24 29 2
24 30 1
24 31 3
24 32 2
24 33 2
24 34 3
24 35 2
24 36 2
24 37 3
24 38 3
24 39 1
24 40 2
24 41 2
24 42 2
24 43 2
24 44 1
24 45 1
24 46 2
24 47 2
24 48 3
24 49 2
24 50 2
24 51 2
24 52 2
24 53 3
24 54 1
24 55 2
24 56 3
24 57 3
24 58 3
24 59 3
24 60 3
24 61 3
24 62 2
24 63 2
24 64 2
24 65 1
24 66 2
24 67 2
24 68 1
24 69 3
24 70 1
24 71 2
24 72 1
24 73 3
24 74 2
24 75 2
24 76 2
24 77 2
24 78 2
24 79 3
24 80 1
24 81 2
24 82 3
24 83 3
24 84 2
24 85 1
24 86 3
24 87 2
24 88 2
24 89 1
24 90 3
24 91 2
24 92 2
24 93 3
24 94 2
24 95 1
24 96 3
24 97 1
24 98 2
24 99 3
25 26 2
25 27 2
25 28 1
25 29 2
25 30 1
25 31 2
25 32 3
25 33 1
25 34 3
25 35 2
25 36 2
25 37 3
25 38 2
25 39 2
25 40 1
25 41 3
25 42 2
25 43 2
25 44 1
25 45 1
25 46 2
25 47 1
25 48 3
25 49 1
25 50 1
25 51 1
25 52 3
25 53 3
25 54 1
25 55 2
25 56 3
25 57 3
25 58 3
25 59 2
25 60 2
25 61 2
25 62 2
25 63 2
25 64 2
25 65 1
25 66 1
25 67 3
25 68 2
25 69 3
25 70 2
25 71 1
25 72 1
25 73 2
25 74 1
25 75 3
25 76 2
25 77 1
25 78 1
25 79 3
25 80 1
25 81 1
25 82 3
25 83 3
25 84 3
25 85 1
25 86 2
25 87 3
25 88 2
25 89 1
25 90 3
25 91 2
25 92 1
25 93 2
25 94 1
25 95 1
25 96 3
25 97 2
25 98 2
25 99 3
26 27 2
26 28 2
26 29 1
26 30 3
26 31 1
26 32 3
26 33 2
26 34 1
26 35 2
26 36 2
26 37 2
26 38 1
26 39 3
26 40 2
26 41 2
26 42 2
26 43 1
26 44 3
26 45 3
26 46 2
26 47 2
26 48 1
26 49 2
26 50 2
26 51 2
26 52 3
26 53 2
26 54 2
26 55 1
26 56 1
26 57 2
26 58 1
26 59 1
26 60 1
26 61 1
26 62 2
26 63 1
26 64 1
26 65 3
26 66 2
26 67 3
26 68 4
26 69 1
26 70 4
26 71 2
26 72 2
26 73 1
26 74 2
26 75 4
26 76 1
26 77 2
26 78 2
26 79 3
26 80 3
26 81 2
26 82 1
26 83 2
26 84 3
26 85 3
26 86 1
26 87 4
26 88 2
26 89 2
26 90 3
26 91 1
26 92 2
26 93 1
26 94 2
26 95 2
26 96 1
26 97 3
26 98 1
26 99 1
27 28 2
27 29 1
27 30 2
27 31 1
27 32 2
27 33 1
27 34 1
27 35 1
27 36 1
27 37 2
27 38 1
27 39 2
27 40 1
27 41 1
27 42 1
27 43 1
27 44 1
27 45 2
27 46 1
27 47 2
27 48 2
27 49 2
27 50 2
27 51 1
27 52 2
27 53 2
27 54 1
27 55 1
27 56 1
27 57 2
27 58 2
27 59 2
27 60 1
27 61 1
27 62 1
27 63 1
27 64 1
27 65 2
27 66 2
27 67 2
27 68 2
27 69 1
27 70 2
27 71 1
27 72 2
27 73 1
27 74 1
27 75 3
27 76 1
27 77 2
27 78 2
27 79 2
27 80 2
27 81 2
27 82 1
27 83 2
27 84 2
27 85 2
27 86 1
27 87 3
27 88 1
27 89 1
27 90 2
27 91 1
27 92 2
27 93 1
27 94 1
27 95 2
27 96 1
27 97 2
27 98 1
27 99 2
28 29 2
28 30 2
28 31 2
28 32 3
28 33 1
28 34 2
28 35 2
28 36 2
28 37 3
28 38 2
28 39 2
28 40 1
28 41 3
28 42 2
28 43 2
28 44 2
28 45 2
28 46 2
28 47 1
28 48 2
28 49 1
28 50 1
28 51 1
28 52 3
28 53 3
28 54 1
28 55 1
28 56 2
28 57 3
28 58 2
28 59 1
28 60 2
28 61 2
28 62 2
28 63 2
28 64 1
28 65 2
28 66 1
28 67 3
28 68 3
28 69 2
28 70 3
28 71 1
28 72 1
28 73 1
28 74 1
28 75 3
28 76 1
28 77 1
28 78 1
28 79 3
28 80 1
28 81 1
28 82 2
28 83 3
28 84 3
28 85 1
28 86 2
28 87 3
28 88 2
28 89 1
28 90 3
28 91 1
28 92 1
28 93 2
28 94 1
28 95 1
28 96 2
28 97 2
28 98 2
28 99 2
29 30 2
29 31 1
29 32 2
29 33 1
29 34 1
29 35 1
29 36 1
29 37 1
29 38 1
29 39 2
29 40 1
29 41 1
29 42 1
29 43 1
29 44 2
29 45 2
29 46 1
29 47 2
29 48 2
29 49 2
29 50 2
29 51 2
29 52 2
29 53 2
29 54 1
29 55 1
29 56 1
29 57 1
29 58 1
29 59 2
29 60 1
29 61 1
29 62 1
29 63 1
29 64 1
29 65 2
29 66 2
29 67 2
29 68 3
29 69 1
29 70 3
29 71 1
29 72 2
29 73 1
29 74 1
29 75 3
29 76 1
29 77 2
29 78 2
29 79 2
29 80 2
29 81 2
29 82 1
29 83 2
29 84 2
29 85 2
29 86 1
29 87 3
29 88 1
29 89 1
29 90 2
29 91 1
29 92 2
29 93 1
29 94 2
29 95 2
29 96 1
29 97 3
29 98 1
29 99 2
30 31 3
30 32 2
30 33 2
30 34 3
30 35 3
30 36 2
30 37 3
30 38 3
30 39 1
30 40 2
30 41 3
30 42 2
30 43 3
30 44 1
30 45 1
30 46 2
30 47 2
30 48 3
30 49 2
30 50 2
30 51 2
30 52 2
30 53 3
30 54 1
30 55 2
30 56 3
30 57 3
30 58 3
30 59 2
30 60 3
30 61 3
30 62 2
30 63 2
30 64 2
30 65 1
30 66 2
30 67 2
30 68 2
30 69 3
30 70 1
30 71 2
30 72 1
30 73 2
30 74 2
30 75 2
30 76 2
30 77 2
30 78 2
30 79 3
30 80 1
30 81 2
30 82 3
30 83 3
30 84 2
30 85 1
30 86 3
30 87 2
30 88 2
30 89 1
30 90 3
30 91 2
30 92 1
30 93 3
30 94 1
30 95 1
30 96 3
30 97 1
30 98 2
30 99 3
31 32 2
31 33 1
31 34 1
31 35 2
31 36 1
31 37 1
31 38 1
31 39 3
31 40 1
31 41 2
31 42 1
31 43 1
31 44 2
31 45 3
31 46 1
31 47 3
31 48 1
31 49 3
31 50 2
31 51 2
31 52 3
31 53 2
31 54 2
31 55 1
31 56 1
31 57 2
31 58 1
31 59 2
31 60 1
31 61 1
31 62 2
31 63 1
31 64 1
31 65 3
31 66 2
31 67 2
31 68 3
31 69 1
31 70 3
31 71 2
31 72 2
31 73 1
31 74 2
31 75 3
31 76 1
31 77 2
31 78 2
31 79 2
31 80 2
31 81 2
31 82 1
31 83 2
31 84 2
31 85 3
31 86 1
31 87 3
31 88 2
31 89 2
31 90 2
31 91 1
31 92 2
31 93 1
31 94 2
31 95 2
31 96 1
31 97 3
31 98 1
31 99 1
32 33 2
32 34 2
32 35 1
32 36 1
32 37 1
32 38 2
32 39 2
32 40 2
32 41 1
32 42 1
32 43 2
32 44 2
32 45 2
32 46 1
32 47 3
32 48 3
32 49 3
32 50 3
32 51 3
32 52 1
32 53 1
32 54 2
32 55 2
32 56 2
32 57 1
32 58 3
32 59 3
32 60 2
32 61 2
32 62 1
32 63 2
32 64 2
32 65 2
32 66 3
32 67 1
32 68 2
32 69 2
32 70 2
32 71 2
32 72 2
32 73 3
32 74 2
32 75 1
32 76 2
32 77 3
32 78 3
32 79 1
32 80 2
32 81 3
32 82 2
32 83 1
32 84 1
32 85 3
32 86 2
32 87 2
32 88 1
32 89 2
32 90 1
32 91 2
32 92 3
32 93 2
32 94 2
32 95 3
32 96 2
32 97 2
32 98 2
32 99 3
33 34 2
33 35 2
33 36 1
33 37 2
33 38 1
33 39 2
33 40 1
33 41 2
33 42 1
33 43 1
33 44 1
33 45 2
33 46 1
33 47 2
33 48 2
33 49 2
33 50 1
33 51 1
33 52 2
33 53 2
33 54 1
33 55 1
33 56 2
33 57 2
33 58 2
33 59 1
33 60 1
33 61 1
33 62 1
33 63 1
33 64 1
33 65 2
33 66 1
33 67 2
33 68 2
33 69 2
33 70 2
33 71 1
33 72 1
33 73 1
33 74 1
33 75 3
33 76 1
33 77 1
33 78 1
33 79 2
33 80 1
33 81 1
33 82 2
33 83 2
33 84 2
33 85 2
33 86 1
33 87 3
33 88 1
33 89 1
33 90 2
33 91 1
33 92 1
33 93 1
33 94 1
33 95 1
33 96 2
33 97 2
33 98 1
33 99 2
34 35 1
34 36 2
34 37 1
34 38 1
34 39 3
34 40 2
34 41 2
34 42 1
34 43 1
34 44 2
34 45 3
34 46 1
34 47 3
34 48 2
34 49 3
34 50 3
34 51 2
34 52 3
34 53 1
34 54 2
34 55 1
34 56 1
34 57 1
34 58 1
34 59 2
34 60 1
34 61 1
34 62 2
34 63 1
34 64 2
34 65 3
34 66 3
34 67 2
34 68 3
34 69 1
34 70 3
34 71 2
34 72 3
34 73 2
34 74 2
34 75 3
34 76 2
34 77 2
34 78 3
34 79 2
34 80 3
34 81 3
34 82 1
34 83 1
34 84 2
34 85 3
34 86 1
34 87 3
34 88 2
34 89 2
34 90 2
34 91 2
34 92 3
34 93 1
34 94 2
34 95 3
34 96 1
34 97 3
34 98 1
34 99 2
35 36 1
35 37 1
35 38 2
35 39 2
35 40 2
35 41 1
35 42 1
35 43 1
35 44 2
35 45 3
35 46 1
35 47 3
35 48 2
35 49 3
35 50 2
35 51 2
35 52 2
35 53 1
35 54 2
35 55 1
35 56 2
35 57 1
35 58 2
35 59 2
35 60 2
35 61 2
35 62 1
35 63 1
35 64 2
35 65 3
35 66 2
35 67 1
35 68 2
35 69 2
35 70 2
35 71 2
35 72 2
35 73 2
35 74 1
35 75 2
35 76 2
35 77 2
35 78 2
35 79 1
35 80 2
35 81 2
35 82 2
35 83 1
35 84 1
35 85 3
35 86 2
35 87 2
35 88 1
35 89 2
35 90 1
35 91 2
35 92 2
35 93 2
35 94 2
35 95 2
35 96 1
35 97 2
35 98 1
35 99 2
36 37 1
36 38 2
36 39 2
36 40 1
36 41 1
36 42 1
36 43 1
36 44 1
36 45 2
36 46 1
36 47 3
36 48 2
36 49 3
36 50 2
36 51 2
36 52 2
36 53 2
36 54 1
36 55 1
36 56 2
36 57 1
36 58 2
36 59 2
36 60 2
36 61 2
36 62 1
36 63 1
36 64 1
36 65 2
36 66 2
36 67 1
36 68 2
36 69 2
36 70 2
36 71 2
36 72 2
36 73 2
36 74 1
36 75 2
36 76 1
36 77 2
36 78 2
36 79 1
36 80 2
36 81 2
36 82 2
36 83 1
36 84 1
36 85 2
36 86 1
36 87 2
36 88 1
36 89 1
36 90 2
36 91 2
36 92 2
36 93 2
36 94 2
36 95 2
36 96 2
36 97 2
36 98 1
36 99 2
37 38 2
37 39 3
37 40 2
37 41 1
37 42 1
37 43 2
37 44 2
37 45 3
37 46 1
37 47 3
37 48 2
37 49 3
37 50 3
37 51 3
37 52 2
37 53 1
37 54 2
37 55 2
37 56 1
37 57 1
37 58 2
37 59 3
37 60 2
37 61 1
37 62 1
37 63 2
37 64 2
37 65 3
37 66 3
37 67 2
37 68 3
37 69 1
37 70 3
37 71 2
37 72 3
37 73 2
37 74 2
37 75 2
37 76 2
37 77 3
37 78 3
37 79 1
37 80 3
37 81 3
37 82 2
37 83 1
37 84 2
37 85 3
37 86 2
37 87 3
37 88 2
37 89 2
37 90 1
37 91 2
37 92 3
37 93 2
37 94 3
37 95 3
37 96 1
37 97 3
37 98 2
37 99 2
38 39 3
38 40 1
38 41 2
38 42 2
38 43 1
38 44 2
38 45 3
38 46 1
38 47 2
38 48 1
38 49 2
38 50 2
38 51 2
38 52 3
38 53 2
38 54 2
38 55 1
38 56 1
38 57 2
38 58 1
38 59 1
38 60 1
38 61 1
38 62 2
38 63 1
38 64 1
38 65 3
38 66 2
38 67 2
38 68 3
38 69 1
38 70 3
38 71 1
38 72 2
38 73 1
38 74 2
38 75 3
38 76 1
38 77 2
38 78 2
38 79 3
38 80 2
38 81 2
38 82 1
38 83 2
38 84 3
38 85 3
38 86 1
38 87 4
38 88 2
38 89 2
38 90 3
38 91 1
38 92 2
38 93 1
38 94 2
38 95 2
38 96 1
38 97 3
38 98 1
38 99 1
39 40 2
39 41 2
39 42 2
39 43 2
39 44 1
39 45 1
39 46 2
39 47 2
39 48 3
39 49 2
39 50 3
39 51 2
39 52 1
39 53 3
39 54 2
39 55 2
39 56 3
39 57 3
39 58 3
39 59 3
39 60 3
39 61 3
39 62 2
39 63 2
39 64 3
39 65 1
39 66 2
39 67 2
39 68 1
39 69 3
39 70 1
39 71 3
39 72 1
39 73 3
39 74 2
39 75 1
39 76 2
39 77 2
39 78 2
39 79 2
39 80 1
39 81 2
39 82 3
39 83 2
39 84 2
39 85 2
39 86 3
39 87 1
39 88 2
39 89 2
39 90 3
39 91 3
39 92 2
39 93 3
39 94 2
39 95 2
39 96 3
39 97 1
39 98 2
39 99 3
40 41 2
40 42 1
40 43 1
40 44 1
40 45 2
40 46 1
40 47 2
40 48 2
40 49 2
40 50 1
40 51 1
40 52 2
40 53 2
40 54 1
40 55 1
40 56 2
40 57 2
40 58 2
40 59 1
40 60 1
40 61 1
40 62 1
40 63 1
40 64 1
40 65 2
40 66 1
40 67 2
40 68 2
40 69 2
40 70 2
40 71 1
40 72 1
40 73 1
40 74 1
40 75 3
40 76 1
40 77 1
40 78 1
40 79 2
40 80 1
40 81 1
40 82 2
40 83 2
40 84 2
40 85 2
40 86 1
40 87 3
40 88 1
40 89 1
40 90 2
40 91 1
40 92 1
40 93 1
40 94 1
40 95 1
40 96 2
40 97 2
40 98 1
40 99 2
41 42 1
41 43 2
41 44 2
41 45 3
41 46 1
41 47 3
41 48 3
41 49 3
41 50 3
41 51 2
41 52 1
41 53 1
41 54 2
41 55 2
41 56 2
41 57 1
41 58 2
41 59 3
41 60 2
41 61 2
41 62 1
41 63 2
41 64 2
41 65 3
41 66 3
41 67 1
41 68 2
41 69 2
41 70 3
41 71 2
41 72 2
41 73 2
41 74 2
41 75 2
41 76 2
41 77 3
41 78 3
41 79 1
41 80 2
41 81 3
41 82 2
41 83 1
41 84 1
41 85 3
41 86 2
41 87 2
41 88 1
41 89 2
41 90 1
41 91 2
41 92 3
41 93 2
41 94 2
41 95 3
41 96 2
41 97 3
41 98 2
41 99 3
42 43 1
42 44 1
42 45 2
42 46 1
42 47 3
42 48 2
42 49 3
42 50 2
42 51 2
42 52 2
42 53 2
42 54 1
42 55 1
42 56 2
42 57 1
42 58 2
42 59 2
42 60 2
42 61 1
42 62 1
42 63 1
42 64 1
42 65 2
42 66 2
42 67 1
42 68 2
42 69 1
42 70 2
42 71 2
42 72 2
42 73 2
42 74 1
42 75 2
42 76 1
42 77 2
42 78 2
42 79 2
42 80 2
42 81 2
42 82 2
42 83 1
42 84 1
42 85 2
42 86 1
42 87 2
42 88 1
42 89 1
42 90 2
42 91 1
42 92 2
42 93 2
42 94 2
42 95 2
42 96 2
42 97 2
42 98 1
42 99 2
43 44 2
43 45 3
43 46 1
43 47 2
43 48 1
43 49 2
43 50 2
43 51 2
43 52 2
43 53 2
43 54 2
43 55 1
43 56 1
43 57 2
43 58 1
43 59 1
43 60 1
43 61 1
43 62 1
43 63 1
43 64 1
43 65 3
43 66 2
43 67 2
43 68 3
43 69 1
43 70 3
43 71 1
43 72 2
43 73 1
43 74 1
43 75 3
43 76 1
43 77 2
43 78 2
43 79 2
43 80 2
43 81 2
43 82 1
43 83 2
43 84 2
43 85 3
43 86 1
43 87 3
43 88 1
43 89 2
43 90 2
43 91 1
43 92 2
43 93 1
43 94 2
43 95 2
43 96 1
43 97 3
43 98 1
43 99 1
44 45 1
44 46 2
44 47 2
44 48 3
44 49 2
44 50 2
44 51 2
44 52 2
44 53 3
44 54 1
44 55 2
44 56 2
44 57 2
44 58 3
44 59 2
44 60 2
44 61 2
44 62 1
44 63 2
44 64 2
44 65 1
44 66 2
44 67 2
44 68 1
44 69 2
44 70 1
44 71 2
44 72 1
44 73 2
44 74 1
44 75 2
44 76 2
44 77 2
44 78 2
44 79 2
44 80 1
44 81 2
44 82 2
44 83 2
44 84 2
44 85 2
44 86 2
44 87 2
44 88 1
44 89 1
44 90 2
44 91 2
44 92 2
44 93 2
44 94 1
44 95 1
44 96 2
44 97 1
44 98 2
44 99 3
45 46 2
45 47 2
45 48 3
45 49 2
45 50 2
45 51 2
45 52 2
45 53 3
45 54 1
45 55 2
45 56 3
45 57 3
45 58 3
45 59 3
45 60 3
45 61 3
45 62 2
45 63 2
45 64 2
45 65 1
45 66 2
45 67 2
45 68 2
45 69 3
45 70 1
45 71 2
45 72 1
45 73 3
45 74 2
45 75 2
45 76 2
45 77 2
45 78 2
45 79 3
45 80 1
45 81 2
45 82 3
45 83 3
45 84 2
45 85 1
45 86 3
45 87 2
45 88 2
45 89 1
45 90 3
45 91 2
45 92 2
45 93 3
45 94 2
45 95 1
45 96 3
45 97 1
45 98 2
45 99 3
46 47 2
46 48 2
46 49 2
46 50 2
46 51 2
46 52 2
46 53 2
46 54 1
46 55 1
46 56 1
46 57 1
46 58 2
46 59 2
46 60 1
46 61 1
46 62 1
46 63 1
46 64 1
46 65 2
46 66 2
46 67 1
46 68 3
46 69 1
46 70 3
46 71 2
46 72 2
46 73 2
46 74 1
46 75 2
46 76 1
46 77 2
46 78 2
46 79 2
46 80 2
46 81 2
46 82 1
46 83 1
46 84 2
46 85 2
46 86 1
46 87 3
46 88 1
46 89 1
46 90 2
46 91 1
46 92 2
46 93 1
46 94 2
46 95 2
46 96 1
46 97 2
46 98 1
46 99 2
47 48 3
47 49 1
47 50 1
47 51 1
47 52 3
47 53 4
47 54 2
47 55 2
47 56 3
47 57 3
47 58 3
47 59 2
47 60 2
47 61 3
47 62 3
47 63 2
47 64 2
47 65 2
47 66 1
47 67 3
47 68 3
47 69 3
47 70 3
47 71 1
47 72 2
47 73 2
47 74 2
47 75 3
47 76 2
47 77 1
47 78 1
47 79 4
47 80 1
47 81 1
47 82 3
47 83 3
47 84 3
47 85 1
47 86 2
47 87 3
47 88 3
47 89 2
47 90 4
47 91 2
47 92 1
47 93 2
47 94 1
47 95 1
47 96 3
47 97 2
47 98 2
47 99 3
48 49 3
48 50 2
48 51 2
48 52 3
48 53 3
48 54 2
48 55 2
48 56 1
48 57 3
48 58 1
48 59 1
48 60 1
48 61 1
48 62 2
48 63 2
48 64 1
48 65 3
48 66 2
48 67 3
48 68 4
48 69 2
48 70 4
48 71 2
48 72 3
48 73 1
48 74 2
48 75 4
48 76 2
48 77 2
48 78 3
48 79 3
48 80 3
48 81 2
48 82 1
48 83 3
48 84 3
48 85 3
48 86 1
48 87 4
48 88 2
48 89 2
48 90 3
48 91 1
48 92 3
48 93 1
48 94 2
48 95 3
48 96 2
48 97 4
48 98 1
48 99 1
49 50 1
49 51 1
49 52 3
49 53 4
49 54 2
49 55 2
49 56 3
49 57 3
49 58 3
49 59 2
49 60 2
49 61 3
49 62 3
49 63 2
49 64 2
49 65 2
49 66 1
49 67 3
49 68 3
49 69 3
49 70 3
49 71 1
49 72 1
49 73 2
49 74 2
49 75 3
49 76 2
49 77 1
49 78 1
49 79 4
49 80 1
49 81 1
49 82 3
49 83 3
49 84 3
49 85 1
49 86 2
49 87 3
49 88 3
49 89 2
49 90 4
49 91 2
49 92 1
49 93 2
49 94 1
49 95 1
49 96 3
49 97 2
49 98 2
49 99 3
50 51 1
50 52 3
50 53 3
50 54 1
50 55 2
50 56 2
50 57 3
50 58 2
50 59 1
50 60 2
50 61 2
50 62 2
50 63 2
50 64 1
50 65 2
50 66 1
50 67 3
50 68 3
50 69 2
50 70 3
50 71 1
50 72 2
50 73 1
50 74 1
50 75 3
50 76 1
50 77 1
50 78 1
50 79 3
50 80 2
50 81 1
50 82 2
50 83 3
50 84 3
50 85 1
50 86 2
50 87 3
50 88 2
50 89 1
50 90 3
50 91 1
50 92 1
50 93 2
50 94 1
50 95 1
50 96 3
50 97 3
50 98 2
50 99 2
51 52 3
51 53 3
51 54 1
51 55 1
51 56 2
51 57 3
51 58 2
51 59 1
51 60 2
51 61 2
51 62 2
51 63 2
51 64 1
51 65 2
51 66 1
51 67 3
51 68 3
51 69 2
51 70 3
51 71 1
51 72 1
51 73 1
51 74 1
51 75 3
51 76 1
51 77 1
51 78 1
51 79 3
51 80 1
51 81 1
51 82 2
51 83 3
51 84 3
51 85 1
51 86 2
51 87 3
51 88 2
51 89 1
51 90 3
51 91 1
51 92 1
51 93 2
51 94 1
51 95 1
51 96 2
51 97 2
51 98 2
51 99 2
52 53 2
52 54 2
52 55 2
52 56 3
52 57 2
52 58 3
52 59 3
52 60 3
52 61 3
52 62 1
52 63 2
52 64 3
52 65 2
52 66 3
52 67 1
52 68 1
52 69 3
52 70 2
52 71 3
52 72 2
52 73 3
52 74 2
52 75 1
52 76 2
52 77 3
52 78 3
52 79 1
52 80 2
52 81 3
52 82 3
52 83 2
52 84 1
52 85 3
52 86 3
52 87 1
52 88 1
52 89 2
52 90 2
52 91 3
52 92 3
52 93 3
52 94 2
52 95 3
52 96 3
52 97 2
52 98 2
52 99 3
53 54 3
53 55 2
53 56 2
53 57 1
53 58 2
53 59 3
53 60 2
53 61 2
53 62 2
53 63 2
53 64 2
53 65 3
53 66 3
53 67 2
53 68 3
53 69 2
53 70 3
53 71 3
53 72 3
53 73 3
53 74 2
53 75 2
53 76 2
53 77 3
53 78 3
53 79 1
53 80 3
53 81 3
53 82 2
53 83 1
53 84 2
53 85 4
53 86 2
53 87 3
53 88 2
53 89 3
53 90 1
53 91 2
53 92 3
53 93 2
53 94 3
53 95 3
53 96 1
53 97 3
53 98 2
53 99 3
54 55 1
54 56 2
54 57 2
54 58 2
54 59 2
54 60 2
54 61 2
54 62 1
54 63 1
54 64 1
54 65 1
54 66 1
54 67 2
54 68 2
54 69 2
54 70 2
54 71 1
54 72 1
54 73 2
54 74 1
54 75 2
54 76 1
54 77 1
54 78 1
54 79 2
54 80 1
54 81 1
54 82 2
54 83 2
54 84 2
54 85 1
54 86 2
54 87 2
54 88 1
54 89 1
54 90 2
54 91 1
54 92 1
54 93 2
54 94 1
54 95 1
54 96 2
54 97 2
54 98 1
54 99 2
55 56 1
55 57 2
55 58 1
55 59 1
55 60 1
55 61 1
55 62 1
55 63 1
55 64 1
55 65 2
55 66 2
55 67 2
55 68 3
55 69 1
55 70 3
55 71 1
55 72 2
55 73 1
55 74 1
55 75 3
55 76 1
55 77 1
55 78 2
55 79 2
55 80 2
55 81 2
55 82 1
55 83 2
55 84 2
55 85 2
55 86 1
55 87 3
55 88 1
55 89 1
55 90 2
55 91 1
55 92 2
55 93 1
55 94 1
55 95 2
55 96 1
55 97 2
55 98 1
55 99 2
56 57 2
56 58 1
56 59 2
56 60 1
56 61 1
56 62 2
56 63 1
56 64 1
56 65 3
56 66 2
56 67 2
56 68 3
56 69 1
56 70 3
56 71 2
56 72 2
56 73 2
56 74 2
56 75 3
56 76 1
56 77 2
56 78 3
56 79 2
56 80 3
56 81 2
56 82 1
56 83 2
56 84 2
56 85 3
56 86 1
56 87 3
56 88 2
56 89 2
56 90 2
56 91 1
56 92 2
56 93 1
56 94 2
56 95 2
56 96 1
56 97 3
56 98 1
56 99 1
57 58 2
57 59 3
57 60 2
57 61 2
57 62 1
57 63 2
57 64 2
57 65 3
57 66 3
57 67 1
57 68 3
57 69 1
57 70 3
57 71 2
57 72 3
57 73 2
57 74 2
57 75 2
57 76 2
57 77 3
57 78 3
57 79 1
57 80 3
57 81 3
57 82 2
57 83 1
57 84 1
57 85 3
57 86 2
57 87 2
57 88 1
57 89 2
57 90 1
57 91 2
57 92 3
57 93 2
57 94 3
57 95 3
57 96 1
57 97 3
57 98 2
57 99 2
58 59 1
58 60 1
58 61 1
58 62 2
58 63 1
58 64 1
58 65 3
58 66 2
58 67 3
58 68 4
58 69 1
58 70 4
58 71 2
58 72 2
58 73 1
58 74 2
58 75 4
58 76 1
58 77 2
58 78 3
58 79 3
58 80 3
58 81 2
58 82 1
58 83 2
58 84 3
58 85 3
58 86 1
58 87 4
58 88 2
58 89 2
58 90 3
58 91 1
58 92 2
58 93 1
58 94 2
58 95 2
58 96 1
58 97 3
58 98 1
58 99 1
59 60 1
59 61 2
59 62 2
59 63 1
59 64 1
59 65 2
59 66 1
59 67 3
59 68 3
59 69 2
59 70 3
59 71 1
59 72 2
59 73 1
59 74 2
59 75 4
59 76 1
59 77 1
59 78 2
59 79 3
59 80 2
59 81 1
59 82 1
59 83 3
59 84 3
59 85 2
59 86 1
59 87 4
59 88 2
59 89 2
59 90 3
59 91 1
59 92 2
59 93 1
59 94 1
59 95 2
59 96 2
59 97 3
59 98 1
59 99 1
60 61 1
60 62 2
60 63 1
60 64 1
60 65 3
60 66 2
60 67 2
60 68 3
60 69 1
60 70 3
60 71 1
60 72 2
60 73 1
60 74 2
60 75 3
60 76 1
60 77 2
60 78 2
60 79 3
60 80 2
60 81 2
60 82 1
60 83 2
60 84 2
60 85 3
60 86 1
60 87 3
60 88 2
60 89 2
60 90 3
60 91 1
60 92 2
60 93 1
60 94 2
60 95 2
60 96 1
60 97 3
60 98 1
60 99 1
61 62 2
61 63 1
61 64 1
61 65 3
61 66 2
61 67 2
61 68 3
61 69 1
61 70 3
61 71 2
61 72 2
61 73 1
61 74 2
61 75 3
61 76 1
61 77 2
61 78 2
61 79 2
61 80 2
61 81 2
61 82 1
61 83 2
61 84 2
61 85 3
61 86 1
61 87 3
61 88 2
61 89 2
61 90 2
61 91 1
61 92 2
61 93 1
61 94 2
61 95 2
61 96 1
61 97 3
61 98 1
61 99 1
62 63 1
62 64 2
62 65 2
62 66 2
62 67 1
62 68 2
62 69 2
62 70 2
62 71 2
62 72 2
62 73 2
62 74 1
62 75 2
62 76 1
62 77 2
62 78 2
62 79 1
62 80 2
62 81 2
62 82 2
62 83 1
62 84 1
62 85 2
62 86 2
62 87 2
62 88 1
62 89 1
62 90 1
62 91 2
62 92 2
62 93 2
62 94 2
62 95 2
62 96 2
62 97 2
62 98 1
62 99 2
63 64 1
63 65 2
63 66 2
63 67 2
63 68 3
63 69 1
63 70 3
63 71 1
63 72 2
63 73 1
63 74 1
63 75 3
63 76 1
63 77 2
63 78 2
63 79 2
63 80 2
63 81 2
63 82 1
63 83 2
63 84 2
63 85 2
63 86 1
63 87 3
63 88 1
63 89 1
63 90 2
63 91 1
63 92 2
63 93 1
63 94 2
63 95 2
63 96 1
63 97 2
63 98 1
63 99 2
64 65 2
64 66 2
64 67 2
64 68 3
64 69 1
64 70 3
64 71 1
64 72 2
64 73 1
64 74 1
64 75 3
64 76 1
64 77 1
64 78 2
64 79 2
64 80 2
64 81 1
64 82 1
64 83 2
64 84 2
64 85 2
64 86 1
64 87 3
64 88 2
64 89 1
64 90 3
64 91 1
64 92 2
64 93 1
64 94 1
64 95 2
64 96 2
64 97 3
64 98 1
64 99 1
65 66 2
65 67 2
65 68 2
65 69 3
65 70 1
65 71 2
65 72 1
65 73 2
65 74 2
65 75 2
65 76 2
65 77 2
65 78 2
65 79 3
65 80 1
65 81 2
65 82 3
65 83 3
65 84 2
65 85 1
65 86 3
65 87 2
65 88 2
65 89 1
65 90 3
65 91 2
65 92 1
65 93 3
65 94 1
65 95 1
65 96 3
65 97 1
65 98 2
65 99 3
66 67 3
66 68 3
66 69 2
66 70 3
66 71 1
66 72 1
66 73 1
66 74 1
66 75 3
66 76 1
66 77 1
66 78 1
66 79 3
66 80 1
66 81 1
66 82 2
66 83 3
66 84 3
66 85 1
66 86 2
66 87 3
66 88 2
66 89 1
66 90 3
66 91 2
66 92 1
66 93 2
66 94 1
66 95 1
66 96 3
66 97 2
66 98 2
66 99 2
67 68 2
67 69 2
67 70 2
67 71 2
67 72 2
67 73 3
67 74 2
67 75 1
67 76 2
67 77 3
67 78 3
67 79 1
67 80 2
67 81 3
67 82 2
67 83 1
67 84 1
67 85 3
67 86 2
67 87 2
67 88 1
67 89 2
67 90 1
67 91 2
67 92 3
67 93 2
67 94 2
67 95 3
67 96 2
67 97 2
67 98 2
67 99 3
68 69 3
68 70 1
68 71 3
68 72 2
68 73 3
68 74 2
68 75 1
68 76 3
68 77 3
68 78 3
68 79 2
68 80 2
68 81 3
68 82 3
68 83 3
68 84 2
68 85 2
68 86 3
68 87 1
68 88 2
68 89 2
68 90 3
68 91 3
68 92 3
68 93 3
68 94 2
68 95 2
68 96 3
68 97 1
68 98 3
68 99 4
69 70 3
69 71 2
69 72 2
69 73 2
69 74 2
69 75 3
69 76 1
69 77 2
69 78 3
69 79 2
69 80 3
69 81 2
69 82 1
69 83 2
69 84 2
69 85 3
69 86 1
69 87 3
69 88 2
69 89 2
69 90 2
69 91 1
69 92 2
69 93 1
69 94 2
69 95 2
69 96 1
69 97 3
69 98 1
69 99 1
70 71 3
70 72 2
70 73 3
70 74 2
70 75 1
70 76 3
70 77 3
70 78 3
70 79 2
70 80 2
70 81 3
70 82 3
70 83 3
70 84 2
70 85 2
70 86 3
70 87 1
70 88 2
70 89 2
70 90 3
70 91 3
70 92 2
70 93 3
70 94 2
70 95 2
70 96 3
70 97 1
70 98 3
70 99 4
71 72 2
71 73 1
71 74 1
71 75 3
71 76 1
71 77 1
71 78 1
71 79 3
71 80 2
71 81 1
71 82 2
71 83 2
71 84 3
71 85 2
71 86 1
71 87 3
71 88 2
71 89 1
71 90 3
71 91 1
71 92 1
71 93 2
71 94 1
71 95 1
71 96 2
71 97 3
71 98 1
71 99 2
72 73 2
72 74 1
72 75 2
72 76 1
72 77 1
72 78 1
72 79 3
72 80 1
72 81 1
72 82 2
72 83 2
72 84 2
72 85 1
72 86 2
72 87 2
72 88 2
72 89 1
72 90 3
72 91 2
72 92 1
72 93 2
72 94 1
72 95 1
72 96 3
72 97 1
72 98 2
72 99 3
73 74 1
73 75 4
73 76 1
73 77 1
73 78 2
73 79 3
73 80 2
73 81 1
73 82 1
73 83 3
73 84 3
73 85 2
73 86 1
73 87 4
73 88 2
73 89 2
73 90 3
73 91 1
73 92 2
73 93 1
73 94 1
73 95 2
73 96 2
73 97 3
73 98 1
73 99 1
74 75 3
74 76 1
74 77 1
74 78 1
74 79 2
74 80 1
74 81 1
74 82 2
74 83 2
74 84 2
74 85 2
74 86 1
74 87 3
74 88 1
74 89 1
74 90 2
74 91 1
74 92 1
74 93 2
74 94 1
74 95 1
74 96 2
74 97 2
74 98 1
74 99 2
75 76 3
75 77 3
75 78 3
75 79 1
75 80 2
75 81 3
75 82 3
75 83 2
75 84 1
75 85 3
75 86 3
75 87 1
75 88 2
75 89 2
75 90 2
75 91 3
75 92 3
75 93 3
75 94 3
75 95 3
75 96 3
75 97 2
75 98 3
75 99 4
76 77 1
76 78 2
76 79 2
76 80 2
76 81 1
76 82 1
76 83 2
76 84 2
76 85 2
76 86 1
76 87 3
76 88 1
76 89 1
76 90 2
76 91 1
76 92 1
76 93 1
76 94 1
76 95 1
76 96 2
76 97 2
76 98 1
76 99 2
77 78 1
77 79 3
77 80 1
77 81 1
77 82 2
77 83 3
77 84 3
77 85 2
77 86 2
77 87 3
77 88 2
77 89 1
77 90 3
77 91 1
77 92 1
77 93 2
77 94 1
77 95 1
77 96 2
77 97 2
77 98 2
77 99 2
78 79 3
78 80 1
78 81 1
78 82 3
78 83 3
78 84 3
78 85 1
78 86 2
78 87 3
78 88 2
78 89 1
78 90 3
78 91 2
78 92 1
78 93 2
78 94 1
78 95 1
78 96 3
78 97 2
78 98 2
78 99 3
79 80 3
79 81 3
79 82 3
79 83 1
79 84 1
79 85 3
79 86 2
79 87 2
79 88 1
79 89 2
79 90 1
79 91 3
79 92 3
79 93 3
79 94 3
79 95 3
79 96 2
79 97 3
79 98 2
79 99 3
80 81 1
80 82 3
80 83 2
80 84 2
80 85 1
80 86 2
80 87 2
80 88 2
80 89 1
80 90 3
80 91 2
80 92 1
80 93 2
80 94 1
80 95 1
80 96 3
80 97 1
80 98 2
80 99 3
81 82 2
81 83 3
81 84 3
81 85 1
81 86 2
81 87 3
81 88 2
81 89 1
81 90 3
81 91 2
81 92 1
81 93 2
81 94 1
81 95 1
81 96 3
81 97 2
81 98 2
81 99 2
82 83 2
82 84 3
82 85 3
82 86 1
82 87 4
82 88 2
82 89 2
82 90 3
82 91 1
82 92 2
82 93 1
82 94 2
82 95 2
82 96 1
82 97 3
82 98 1
82 99 1
83 84 1
83 85 3
83 86 2
83 87 2
83 88 1
83 89 2
83 90 1
83 91 2
83 92 3
83 93 2
83 94 3
83 95 3
83 96 1
83 97 3
83 98 2
83 99 3
84 85 3
84 86 2
84 87 1
84 88 1
84 89 2
84 90 1
84 91 2
84 92 3
84 93 2
84 94 2
84 95 3
84 96 2
84 97 2
84 98 2
84 99 3
85 86 3
85 87 3
85 88 2
85 89 2
85 90 3
85 91 2
85 92 1
85 93 3
85 94 1
85 95 1
85 96 3
85 97 2
85 98 2
85 99 3
86 87 3
86 88 2
86 89 2
86 90 3
86 91 1
86 92 2
86 93 1
86 94 2
86 95 2
86 96 1
86 97 3
86 98 1
86 99 1
87 88 2
87 89 2
87 90 2
87 91 3
87 92 3
87 93 3
87 94 3
87 95 3
87 96 3
87 97 1
87 98 3
87 99 4
88 89 1
88 90 2
88 91 2
88 92 2
88 93 2
88 94 2
88 95 2
88 96 2
88 97 2
88 98 1
88 99 2
89 90 2
89 91 2
89 92 1
89 93 2
89 94 1
89 95 1
89 96 2
89 97 2
89 98 1
89 99 2
90 91 3
90 92 3
90 93 3
90 94 3
90 95 3
90 96 2
90 97 3
90 98 2
90 99 3
91 92 2
91 93 1
91 94 1
91 95 2
91 96 2
91 97 3
91 98 1
91 99 1
92 93 2
92 94 1
92 95 1
92 96 3
92 97 2
92 98 2
92 99 3
93 94 2
93 95 2
93 96 1
93 97 3
93 98 1
93 99 1
94 95 1
94 96 2
94 97 2
94 98 2
94 99 2
95 96 3
95 97 2
95 98 2
95 99 3
96 97 3
96 98 1
96 99 2
97 98 3
97 99 4
98 99 1
