100 
0 1 1
0 2 2
0 3 4
0 4 2
0 5 1
0 6 3
0 7 5
0 8 5
0 9 5
0 10 4
0 11 1
0 12 2
0 13 3
0 14 2
0 15 5
0 16 4
0 17 4
0 18 3
0 19 7
0 20 4
0 21 6
0 22 2
0 23 4
0 24 2
0 25 3
0 26 4
0 27 3
0 28 3
0 29 7
0 30 4
0 31 4
0 32 4
0 33 3
0 34 4
0 35 5
0 36 5
0 37 7
0 38 3
0 39 3
0 40 1
0 41 3
0 42 4
0 43 6
0 44 2
0 45 6
0 46 3
0 47 7
0 48 5
0 49 4
0 50 6
0 51 4
0 52 6
0 53 3
0 54 2
0 55 4
0 56 3
0 57 6
0 58 4
0 59 7
0 60 6
0 61 2
0 62 1
0 63 4
0 64 3
0 65 3
0 66 4
0 67 5
0 68 3
0 69 5
0 70 4
0 71 3
0 72 4
0 73 3
0 74 2
0 75 3
0 76 3
0 77 5
0 78 4
0 79 2
0 80 3
0 81 5
0 82 1
0 83 2
0 84 2
0 85 1
0 86 2
0 87 6
0 88 4
0 89 3
0 90 5
0 91 5
0 92 2
0 93 3
0 94 3
0 95 4
0 96 6
0 97 6
0 98 6
0 99 4
1 2 2
1 3 4
1 4 2
1 5 1
1 6 3
1 7 5
1 8 5
1 9 5
1 10 4
1 11 1
1 12 2
1 13 3
1 14 2
1 15 5
1 16 4
1 17 4
1 18 3
1 19 7
1 20 4
1 21 6
1 22 2
1 23 4
1 24 2
1 25 3
1 26 4
1 27 3
1 28 3
1 29 7
1 30 4
1 31 4
1 32 4
1 33 3
1 34 4
1 35 5
1 36 5
1 37 7
1 38 3
1 39 3
1 40 1
1 41 3
1 42 4
1 43 6
1 44 2
1 45 6
1 46 3
1 47 7
1 48 5
1 49 4
1 50 6
1 51 4
1 52 6
1 53 3
1 54 2
1 55 4
1 56 3
1 57 6
1 58 4
1 59 7
1 60 6
1 61 2
1 62 1
1 63 4
1 64 3
1 65 3
1 66 4
1 67 5
1 68 3
1 69 5
1 70 4
1 71 3
1 72 4
1 73 3
1 74 2
1 75 3
1 76 3
1 77 5
1 78 4
1 79 2
1 80 3
1 81 5
1 82 1
1 83 2
1 84 2
1 85 1
1 86 2
1 87 6
1 88 4
1 89 3
1 90 5
1 91 5
1 92 2
1 93 3
1 94 3
1 95 4
1 96 6
1 97 6
1 98 6
1 99 4
2 3 2
2 4 1
2 5 3
2 6 2
2 7 3
2 8 4
2 9 4
2 10 3
2 11 2
2 12 3
2 13 2
2 14 1
2 15 3
2 16 2
2 17 2
2 18 2
2 19 5
2 20 3
2 21 4
2 22 2
2 23 4
2 24 1
2 25 3
2 26 3
2 27 3
2 28 2
2 29 6
2 30 3
2 31 3
2 32 3
2 33 2
2 34 2
2 35 3
2 36 3
2 37 5
2 38 1
2 39 2
2 40 1
2 41 3
2 42 2
2 43 4
2 44 3
2 45 5
2 46 3
2 47 5
2 48 3
2 49 3
2 50 5
2 51 3
2 52 4
2 53 2
2 54 1
2 55 2
2 56 1
2 57 4
2 58 2
2 59 6
2 60 4
2 61 3
2 62 2
2 63 3
2 64 2
2 65 1
2 66 3
2 67 4
2 68 2
2 69 4
2 70 2
2 71 1
2 72 3
2 73 2
2 74 2
2 75 2
2 76 2
2 77 3
2 78 3
2 79 3
2 80 3
2 81 4
2 82 3
2 83 3
2 84 1
2 85 1
2 86 1
2 87 4
2 88 3
2 89 1
2 90 4
2 91 3
2 92 2
2 93 2
2 94 2
2 95 2
2 96 4
2 97 5
2 98 5
2 99 3
3 4 3
3 5 5
3 6 4
3 7 2
3 8 2
3 9 3
3 10 4
3 11 4
3 12 5
3 13 4
3 14 3
3 15 1
3 16 1
3 17 1
3 18 1
3 19 3
3 20 5
3 21 2
3 22 4
3 23 5
3 24 3
3 25 5
3 26 4
3 27 4
3 28 4
3 29 4
3 30 5
3 31 4
3 32 4
3 33 3
3 34 3
3 35 1
3 36 1
3 37 3
3 38 2
3 39 4
3 40 3
3 41 5
3 42 1
3 43 3
3 44 5
3 45 3
3 46 5
3 47 3
3 48 3
3 49 3
3 50 4
3 51 2
3 52 2
3 53 2
3 54 3
3 55 1
3 56 3
3 57 2
3 58 3
3 59 4
3 60 2
3 61 5
3 62 4
3 63 2
3 64 3
3 65 1
3 66 4
3 67 3
3 68 3
3 69 2
3 70 1
3 71 2
3 72 4
3 73 3
3 74 4
3 75 4
3 76 4
3 77 1
3 78 3
3 79 5
3 80 5
3 81 4
3 82 5
3 83 5
3 84 2
3 85 3
3 86 3
3 87 2
3 88 4
3 89 2
3 90 2
3 91 1
3 92 3
3 93 4
3 94 4
3 95 1
3 96 2
3 97 3
3 98 3
3 99 3
4 5 2
4 6 3
4 7 4
4 8 5
4 9 5
4 10 4
4 11 1
4 12 2
4 13 3
4 14 2
4 15 4
4 16 3
4 17 3
4 18 2
4 19 6
4 20 4
4 21 5
4 22 2
4 23 4
4 24 2
4 25 3
4 26 2
4 27 2
4 28 3
4 29 7
4 30 4
4 31 4
4 32 2
4 33 1
4 34 2
4 35 4
4 36 4
4 37 6
4 38 2
4 39 3
4 40 1
4 41 3
4 42 3
4 43 5
4 44 2
4 45 5
4 46 3
4 47 6
4 48 3
4 49 4
4 50 4
4 51 3
4 52 5
4 53 2
4 54 2
4 55 3
4 56 2
4 57 5
4 58 3
4 59 7
4 60 5
4 61 2
4 62 2
4 63 3
4 64 3
4 65 2
4 66 2
4 67 5
4 68 1
4 69 4
4 70 3
4 71 2
4 72 4
4 73 1
4 74 2
4 75 3
4 76 1
4 77 4
4 78 2
4 79 2
4 80 3
4 81 3
4 82 2
4 83 2
4 84 1
4 85 1
4 86 1
4 87 5
4 88 4
4 89 2
4 90 5
4 91 4
4 92 1
4 93 1
4 94 3
4 95 3
4 96 5
4 97 5
4 98 6
4 99 2
5 6 4
5 7 6
5 8 6
5 9 6
5 10 5
5 11 1
5 12 1
5 13 4
5 14 3
5 15 6
5 16 5
5 17 5
5 18 4
5 19 8
5 20 5
5 21 7
5 22 3
5 23 5
5 24 3
5 25 4
5 26 4
5 27 3
5 28 4
5 29 8
5 30 5
5 31 5
5 32 4
5 33 3
5 34 4
5 35 6
5 36 6
5 37 8
5 38 4
5 39 4
5 40 2
5 41 4
5 42 5
5 43 7
5 44 1
5 45 7
5 46 4
5 47 8
5 48 5
5 49 5
5 50 6
5 51 5
5 52 7
5 53 4
5 54 3
5 55 5
5 56 4
5 57 7
5 58 5
5 59 8
5 60 7
5 61 2
5 62 1
5 63 5
5 64 4
5 65 4
5 66 4
5 67 6
5 68 3
5 69 6
5 70 5
5 71 4
5 72 5
5 73 3
5 74 3
5 75 4
5 76 3
5 77 6
5 78 4
5 79 1
5 80 4
5 81 5
5 82 1
5 83 2
5 84 3
5 85 2
5 86 3
5 87 7
5 88 5
5 89 4
5 90 6
5 91 6
5 92 2
5 93 3
5 94 4
5 95 5
5 96 7
5 97 7
5 98 7
5 99 4
6 7 5
6 8 3
6 9 3
6 10 2
6 11 4
6 12 5
6 13 1
6 14 1
6 15 4
6 16 3
6 17 4
6 18 3
6 19 5
6 20 1
6 21 6
6 22 1
6 23 2
6 24 2
6 25 1
6 26 5
6 27 5
6 28 1
6 29 5
6 30 1
6 31 1
6 32 5
6 33 4
6 34 4
6 35 5
6 36 5
6 37 5
6 38 3
6 39 1
6 40 2
6 41 2
6 42 4
6 43 6
6 44 5
6 45 7
6 46 1
6 47 5
6 48 5
6 49 2
6 50 7
6 51 5
6 52 4
6 53 4
6 54 2
6 55 4
6 56 2
6 57 6
6 58 2
6 59 5
6 60 6
6 61 5
6 62 3
6 63 5
6 64 2
6 65 3
6 66 5
6 67 3
6 68 4
6 69 6
6 70 4
6 71 3
6 72 1
6 73 4
6 74 1
6 75 1
6 76 4
6 77 4
6 78 5
6 79 5
6 80 1
6 81 6
6 82 4
6 83 5
6 84 3
6 85 3
6 86 3
6 87 5
6 88 2
6 89 2
6 90 3
6 91 5
6 92 3
6 93 4
6 94 2
6 95 3
6 96 6
6 97 7
6 98 4
6 99 5
7 8 3
7 9 4
7 10 5
7 11 5
7 12 6
7 13 5
7 14 4
7 15 1
7 16 2
7 17 1
7 18 2
7 19 2
7 20 6
7 21 1
7 22 5
7 23 6
7 24 4
7 25 6
7 26 4
7 27 5
7 28 5
7 29 3
7 30 6
7 31 5
7 32 4
7 33 4
7 34 4
7 35 1
7 36 1
7 37 2
7 38 3
7 39 5
7 40 4
7 41 6
7 42 2
7 43 1
7 44 6
7 45 3
7 46 6
7 47 2
7 48 4
7 49 4
7 50 4
7 51 2
7 52 2
7 53 3
7 54 4
7 55 2
7 56 4
7 57 1
7 58 4
7 59 3
7 60 1
7 61 6
7 62 5
7 63 3
7 64 4
7 65 2
7 66 4
7 67 4
7 68 4
7 69 2
7 70 2
7 71 3
7 72 5
7 73 4
7 74 5
7 75 5
7 76 5
7 77 2
7 78 3
7 79 6
7 80 6
7 81 4
7 82 6
7 83 6
7 84 3
7 85 4
7 86 4
7 87 1
7 88 5
7 89 3
7 90 3
7 91 2
7 92 4
7 93 5
7 94 5
7 95 2
7 96 1
7 97 3
7 98 3
7 99 4
8 9 2
8 10 2
8 11 6
8 12 7
8 13 2
8 14 3
8 15 2
8 16 2
8 17 2
8 18 3
8 19 2
8 20 3
8 21 3
8 22 4
8 23 3
8 24 4
8 25 3
8 26 6
8 27 6
8 28 4
8 29 2
8 30 3
8 31 2
8 32 6
8 33 5
8 34 5
8 35 2
8 36 3
8 37 2
8 38 4
8 39 4
8 40 4
8 41 4
8 42 3
8 43 3
8 44 7
8 45 5
8 46 3
8 47 2
8 48 5
8 49 1
8 50 6
8 51 4
8 52 1
8 53 4
8 54 4
8 55 3
8 56 3
8 57 3
8 58 2
8 59 2
8 60 3
8 61 7
8 62 5
8 63 4
8 64 2
8 65 3
8 66 6
8 67 1
8 68 5
8 69 4
8 70 2
8 71 4
8 72 2
8 73 5
8 74 4
8 75 3
8 76 6
8 77 1
8 78 5
8 79 7
8 80 3
8 81 6
8 82 6
8 83 7
8 84 4
8 85 5
8 86 5
8 87 2
8 88 2
8 89 3
8 90 1
8 91 3
8 92 5
8 93 6
8 94 2
8 95 3
8 96 4
8 97 5
8 98 1
8 99 5
9 10 1
9 11 6
9 12 7
9 13 2
9 14 3
9 15 3
9 16 3
9 17 3
9 18 4
9 19 3
9 20 3
9 21 4
9 22 3
9 23 2
9 24 3
9 25 3
9 26 6
9 27 6
9 28 3
9 29 3
9 30 2
9 31 2
9 32 6
9 33 6
9 34 6
9 35 3
9 36 4
9 37 3
9 38 4
9 39 4
9 40 4
9 41 4
9 42 4
9 43 4
9 44 7
9 45 6
9 46 2
9 47 3
9 48 6
9 49 1
9 50 7
9 51 5
9 52 3
9 53 5
9 54 3
9 55 4
9 56 3
9 57 4
9 58 2
9 59 3
9 60 4
9 61 7
9 62 5
9 63 5
9 64 2
9 65 4
9 66 6
9 67 1
9 68 5
9 69 5
9 70 3
9 71 5
9 72 2
9 73 5
9 74 4
9 75 2
9 76 6
9 77 2
9 78 6
9 79 7
9 80 3
9 81 7
9 82 6
9 83 7
9 84 4
9 85 4
9 86 5
9 87 4
9 88 1
9 89 3
9 90 1
9 91 4
9 92 5
9 93 6
9 94 2
9 95 4
9 96 5
9 97 6
9 98 2
9 99 6
10 11 5
10 12 6
10 13 1
10 14 2
10 15 4
10 16 4
10 17 4
10 18 4
10 19 4
10 20 2
10 21 5
10 22 2
10 23 1
10 24 3
10 25 2
10 26 5
10 27 5
10 28 2
10 29 4
10 30 1
10 31 1
10 32 5
10 33 5
10 34 5
10 35 4
10 36 5
10 37 4
10 38 3
10 39 3
10 40 3
10 41 3
10 42 5
10 43 5
10 44 6
10 45 7
10 46 1
10 47 4
10 48 6
10 49 1
10 50 7
10 51 5
10 52 3
10 53 4
10 54 3
10 55 5
10 56 2
10 57 5
10 58 2
10 59 4
10 60 5
10 61 6
10 62 4
10 63 5
10 64 2
10 65 4
10 66 5
10 67 2
10 68 4
10 69 6
10 70 4
10 71 4
10 72 1
10 73 4
10 74 3
10 75 2
10 76 5
10 77 3
10 78 5
10 79 6
10 80 2
10 81 6
10 82 5
10 83 6
10 84 3
10 85 4
10 86 4
10 87 4
10 88 1
10 89 3
10 90 2
10 91 5
10 92 4
10 93 5
10 94 2
10 95 4
10 96 6
10 97 7
10 98 3
10 99 5
11 12 1
11 13 4
11 14 3
11 15 5
11 16 4
11 17 4
11 18 3
11 19 7
11 20 5
11 21 6
11 22 3
11 23 5
11 24 3
11 25 4
11 26 3
11 27 2
11 28 4
11 29 8
11 30 5
11 31 5
11 32 3
11 33 2
11 34 3
11 35 5
11 36 5
11 37 7
11 38 3
11 39 4
11 40 2
11 41 4
11 42 4
11 43 6
11 44 1
11 45 6
11 46 4
11 47 7
11 48 4
11 49 5
11 50 5
11 51 4
11 52 6
11 53 3
11 54 3
11 55 4
11 56 3
11 57 6
11 58 4
11 59 8
11 60 6
11 61 1
11 62 1
11 63 4
11 64 4
11 65 3
11 66 3
11 67 6
11 68 2
11 69 5
11 70 4
11 71 3
11 72 5
11 73 2
11 74 3
11 75 4
11 76 2
11 77 5
11 78 3
11 79 1
11 80 4
11 81 4
11 82 1
11 83 1
11 84 2
11 85 2
11 86 2
11 87 6
11 88 5
11 89 3
11 90 6
11 91 5
11 92 1
11 93 2
11 94 4
11 95 4
11 96 6
11 97 6
11 98 7
11 99 3
12 13 5
12 14 4
12 15 6
12 16 5
12 17 5
12 18 4
12 19 8
12 20 6
12 21 7
12 22 4
12 23 6
12 24 4
12 25 5
12 26 3
12 27 2
12 28 5
12 29 9
12 30 6
12 31 6
12 32 3
12 33 3
12 34 4
12 35 6
12 36 6
12 37 8
12 38 4
12 39 5
12 40 3
12 41 5
12 42 5
12 43 7
12 44 1
12 45 6
12 46 5
12 47 8
12 48 4
12 49 6
12 50 5
12 51 5
12 52 7
12 53 4
12 54 4
12 55 5
12 56 4
12 57 7
12 58 5
12 59 9
12 60 7
12 61 1
12 62 2
12 63 5
12 64 5
12 65 4
12 66 3
12 67 7
12 68 3
12 69 6
12 70 5
12 71 4
12 72 6
12 73 3
12 74 4
12 75 5
12 76 2
12 77 6
12 78 4
12 79 1
12 80 5
12 81 4
12 82 1
12 83 1
12 84 3
12 85 3
12 86 3
12 87 7
12 88 6
12 89 4
12 90 7
12 91 6
12 92 2
12 93 2
12 94 5
12 95 5
12 96 7
12 97 6
12 98 8
12 99 4
13 14 1
13 15 4
13 16 3
13 17 4
13 18 3
13 19 4
13 20 2
13 21 5
13 22 2
13 23 2
13 24 2
13 25 2
13 26 4
13 27 4
13 28 2
13 29 4
13 30 2
13 31 1
13 32 4
13 33 4
13 34 4
13 35 4
13 36 5
13 37 4
13 38 2
13 39 2
13 40 2
13 41 3
13 42 4
13 43 5
13 44 5
13 45 6
13 46 1
13 47 4
13 48 5
13 49 1
13 50 6
13 51 4
13 52 3
13 53 3
13 54 2
13 55 4
13 56 1
13 57 5
13 58 1
13 59 4
13 60 5
13 61 5
13 62 3
13 63 4
13 64 1
13 65 3
13 66 4
13 67 2
13 68 3
13 69 5
13 70 4
13 71 3
13 72 1
13 73 3
13 74 2
13 75 1
13 76 4
13 77 3
13 78 4
13 79 5
13 80 2
13 81 5
13 82 4
13 83 5
13 84 2
13 85 3
13 86 3
13 87 4
13 88 1
13 89 2
13 90 2
13 91 5
13 92 3
13 93 4
13 94 1
13 95 3
13 96 6
13 97 6
13 98 3
13 99 4
14 15 3
14 16 2
14 17 3
14 18 2
14 19 5
14 20 2
14 21 5
14 22 1
14 23 3
14 24 1
14 25 2
14 26 4
14 27 4
14 28 1
14 29 5
14 30 2
14 31 2
14 32 4
14 33 3
14 34 3
14 35 4
14 36 4
14 37 5
14 38 2
14 39 2
14 40 1
14 41 2
14 42 3
14 43 5
14 44 4
14 45 6
14 46 2
14 47 5
14 48 4
14 49 2
14 50 6
14 51 4
14 52 4
14 53 3
14 54 1
14 55 3
14 56 1
14 57 5
14 58 2
14 59 5
14 60 5
14 61 4
14 62 2
14 63 4
14 64 1
14 65 2
14 66 4
14 67 3
14 68 3
14 69 5
14 70 3
14 71 2
14 72 2
14 73 3
14 74 1
14 75 1
14 76 3
14 77 3
14 78 4
14 79 4
14 80 2
14 81 5
14 82 3
14 83 4
14 84 2
14 85 2
14 86 2
14 87 5
14 88 2
14 89 1
14 90 3
14 91 4
14 92 2
14 93 3
14 94 1
14 95 2
14 96 5
14 97 6
14 98 4
14 99 4
15 16 1
15 17 1
15 18 2
15 19 3
15 20 5
15 21 2
15 22 4
15 23 5
15 24 3
15 25 5
15 26 4
15 27 4
15 28 4
15 29 4
15 30 5
15 31 4
15 32 4
15 33 4
15 34 3
15 35 1
15 36 1
15 37 3
15 38 2
15 39 4
15 40 4
15 41 5
15 42 1
15 43 2
15 44 6
15 45 3
15 46 5
15 47 3
15 48 3
15 49 3
15 50 4
15 51 2
15 52 2
15 53 2
15 54 3
15 55 1
15 56 3
15 57 2
15 58 3
15 59 4
15 60 2
15 61 6
15 62 5
15 63 2
15 64 3
15 65 2
15 66 4
15 67 3
15 68 3
15 69 2
15 70 1
15 71 3
15 72 4
15 73 3
15 74 4
15 75 4
15 76 4
15 77 1
15 78 3
15 79 6
15 80 5
15 81 4
15 82 6
15 83 5
15 84 3
15 85 4
15 86 3
15 87 2
15 88 4
15 89 2
15 90 2
15 91 1
15 92 4
15 93 4
15 94 4
15 95 1
15 96 2
15 97 3
15 98 3
15 99 3
16 17 1
16 18 1
16 19 3
16 20 4
16 21 3
16 22 3
16 23 4
16 24 2
16 25 4
16 26 4
16 27 4
16 28 3
16 29 4
16 30 4
16 31 3
16 32 4
16 33 3
16 34 3
16 35 2
16 36 2
16 37 3
16 38 2
16 39 3
16 40 3
16 41 4
16 42 1
16 43 3
16 44 5
16 45 4
16 46 4
16 47 3
16 48 4
16 49 3
16 50 5
16 51 2
16 52 2
16 53 2
16 54 2
16 55 1
16 56 2
16 57 3
16 58 2
16 59 4
16 60 3
16 61 5
16 62 4
16 63 3
16 64 2
16 65 1
16 66 4
16 67 3
16 68 3
16 69 3
16 70 1
16 71 2
16 72 4
16 73 3
16 74 3
16 75 3
16 76 4
16 77 1
16 78 3
16 79 5
16 80 4
16 81 4
16 82 5
16 83 5
16 84 2
16 85 3
16 86 3
16 87 3
16 88 3
16 89 1
16 90 2
16 91 2
16 92 3
16 93 4
16 94 3
16 95 1
16 96 3
16 97 4
16 98 3
16 99 3
17 18 1
17 19 3
17 20 5
17 21 2
17 22 4
17 23 5
17 24 3
17 25 5
17 26 4
17 27 4
17 28 4
17 29 4
17 30 5
17 31 4
17 32 4
17 33 3
17 34 3
17 35 1
17 36 1
17 37 3
17 38 2
17 39 4
17 40 3
17 41 5
17 42 1
17 43 2
17 44 5
17 45 3
17 46 5
17 47 3
17 48 3
17 49 3
17 50 4
17 51 2
17 52 2
17 53 2
17 54 3
17 55 1
17 56 3
17 57 2
17 58 3
17 59 4
17 60 2
17 61 5
17 62 4
17 63 2
17 64 3
17 65 1
17 66 4
17 67 3
17 68 3
17 69 2
17 70 1
17 71 2
17 72 4
17 73 3
17 74 4
17 75 4
17 76 4
17 77 1
17 78 3
17 79 5
17 80 5
17 81 4
17 82 5
17 83 5
17 84 2
17 85 3
17 86 3
17 87 2
17 88 4
17 89 2
17 90 2
17 91 1
17 92 3
17 93 4
17 94 4
17 95 1
17 96 2
17 97 3
17 98 3
17 99 3
18 19 4
18 20 4
18 21 3
18 22 3
18 23 4
18 24 2
18 25 4
18 26 3
18 27 3
18 28 3
18 29 5
18 30 4
18 31 3
18 32 3
18 33 2
18 34 2
18 35 2
18 36 2
18 37 4
18 38 1
18 39 3
18 40 3
18 41 4
18 42 1
18 43 3
18 44 4
18 45 4
18 46 4
18 47 4
18 48 3
18 49 3
18 50 4
18 51 2
18 52 3
18 53 1
18 54 2
18 55 1
18 56 2
18 57 3
18 58 2
18 59 5
18 60 3
18 61 4
18 62 3
18 63 2
18 64 2
18 65 1
18 66 3
18 67 4
18 68 2
18 69 3
18 70 1
18 71 1
18 72 4
18 73 2
18 74 3
18 75 3
18 76 3
18 77 2
18 78 2
18 79 4
18 80 4
18 81 3
18 82 4
18 83 4
18 84 1
18 85 2
18 86 2
18 87 3
18 88 3
18 89 1
18 90 3
18 91 2
18 92 2
18 93 3
18 94 3
18 95 1
18 96 3
18 97 4
18 98 4
18 99 2
19 20 5
19 21 2
19 22 6
19 23 5
19 24 5
19 25 5
19 26 6
19 27 7
19 28 6
19 29 1
19 30 5
19 31 4
19 32 6
19 33 6
19 34 6
19 35 2
19 36 3
19 37 1
19 38 5
19 39 6
19 40 6
19 41 6
19 42 4
19 43 1
19 44 8
19 45 5
19 46 5
19 47 1
19 48 5
19 49 3
19 50 6
19 51 4
19 52 1
19 53 5
19 54 5
19 55 4
19 56 5
19 57 2
19 58 4
19 59 1
19 60 2
19 61 8
19 62 7
19 63 4
19 64 4
19 65 4
19 66 6
19 67 3
19 68 6
19 69 4
19 70 3
19 71 5
19 72 4
19 73 6
19 74 6
19 75 5
19 76 7
19 77 2
19 78 5
19 79 8
19 80 5
19 81 6
19 82 8
19 83 8
19 84 5
19 85 6
19 86 6
19 87 1
19 88 4
19 89 4
19 90 2
19 91 3
19 92 6
19 93 7
19 94 4
19 95 4
19 96 3
19 97 5
19 98 1
19 99 5
20 21 6
20 22 2
20 23 1
20 24 2
20 25 1
20 26 5
20 27 6
20 28 1
20 29 5
20 30 1
20 31 2
20 32 5
20 33 5
20 34 5
20 35 5
20 36 6
20 37 5
20 38 3
20 39 2
20 40 3
20 41 2
20 42 5
20 43 6
20 44 6
20 45 7
20 46 1
20 47 5
20 48 6
20 49 2
20 50 7
20 51 5
20 52 4
20 53 4
20 54 2
20 55 5
20 56 3
20 57 6
20 58 3
20 59 5
20 60 6
20 61 6
20 62 4
20 63 5
20 64 3
20 65 4
20 66 5
20 67 3
20 68 5
20 69 6
20 70 5
20 71 4
20 72 1
20 73 4
20 74 2
20 75 2
20 76 5
20 77 4
20 78 5
20 79 6
20 80 1
20 81 6
20 82 5
20 83 6
20 84 4
20 85 3
20 86 4
20 87 5
20 88 2
20 89 3
20 90 3
20 91 6
20 92 4
20 93 5
20 94 2
20 95 4
20 96 7
20 97 7
20 98 4
20 99 5
21 22 6
21 23 6
21 24 5
21 25 6
21 26 4
21 27 5
21 28 6
21 29 3
21 30 6
21 31 5
21 32 4
21 33 4
21 34 4
21 35 1
21 36 1
21 37 2
21 38 4
21 39 6
21 40 5
21 41 7
21 42 2
21 43 2
21 44 7
21 45 3
21 46 6
21 47 2
21 48 3
21 49 4
21 50 4
21 51 2
21 52 2
21 53 3
21 54 5
21 55 2
21 56 5
21 57 1
21 58 5
21 59 3
21 60 1
21 61 7
21 62 6
21 63 2
21 64 5
21 65 3
21 66 4
21 67 4
21 68 4
21 69 2
21 70 2
21 71 4
21 72 5
21 73 4
21 74 6
21 75 6
21 76 5
21 77 2
21 78 3
21 79 7
21 80 6
21 81 4
21 82 7
21 83 6
21 84 4
21 85 5
21 86 5
21 87 1
21 88 5
21 89 4
21 90 3
21 91 1
21 92 5
21 93 5
21 94 5
21 95 3
21 96 1
21 97 3
21 98 3
21 99 3
22 23 2
22 24 1
22 25 1
22 26 4
22 27 4
22 28 1
22 29 6
22 30 2
22 31 2
22 32 4
22 33 3
22 34 4
22 35 5
22 36 5
22 37 6
22 38 2
22 39 1
22 40 1
22 41 1
22 42 4
22 43 6
22 44 4
22 45 6
22 46 1
22 47 6
22 48 5
22 49 3
22 50 6
22 51 4
22 52 5
22 53 3
22 54 1
22 55 4
22 56 1
22 57 6
22 58 2
22 59 6
22 60 6
22 61 4
22 62 2
22 63 4
22 64 2
22 65 3
22 66 4
22 67 4
22 68 3
22 69 5
22 70 4
22 71 3
22 72 2
22 73 3
22 74 1
22 75 1
22 76 3
22 77 4
22 78 4
22 79 4
22 80 1
22 81 5
22 82 3
22 83 4
22 84 2
22 85 2
22 86 3
22 87 6
22 88 2
22 89 2
22 90 4
22 91 5
22 92 2
22 93 3
22 94 2
22 95 3
22 96 6
22 97 6
22 98 5
22 99 4
23 24 3
23 25 1
23 26 6
23 27 6
23 28 2
23 29 5
23 30 1
23 31 1
23 32 6
23 33 5
23 34 6
23 35 5
23 36 6
23 37 5
23 38 4
23 39 2
23 40 3
23 41 3
23 42 5
23 43 6
23 44 6
23 45 8
23 46 1
23 47 5
23 48 7
23 49 2
23 50 8
23 51 6
23 52 4
23 53 5
23 54 3
23 55 5
23 56 3
23 57 6
23 58 2
23 59 5
23 60 6
23 61 6
23 62 4
23 63 6
23 64 2
23 65 4
23 66 6
23 67 3
23 68 5
23 69 7
23 70 5
23 71 5
23 72 1
23 73 5
23 74 2
23 75 2
23 76 5
23 77 4
23 78 6
23 79 6
23 80 2
23 81 7
23 82 5
23 83 6
23 84 4
23 85 4
23 86 5
23 87 5
23 88 2
23 89 3
23 90 3
23 91 6
23 92 4
23 93 5
23 94 2
23 95 4
23 96 7
23 97 8
23 98 4
23 99 6
24 25 2
24 26 4
24 27 4
24 28 1
24 29 6
24 30 2
24 31 2
24 32 4
24 33 3
24 34 3
24 35 4
24 36 4
24 37 5
24 38 2
24 39 1
24 40 1
24 41 2
24 42 3
24 43 5
24 44 4
24 45 6
24 46 2
24 47 5
24 48 4
24 49 3
24 50 6
24 51 4
24 52 4
24 53 3
24 54 1
24 55 3
24 56 1
24 57 5
24 58 2
24 59 6
24 60 5
24 61 4
24 62 2
24 63 4
24 64 2
24 65 2
24 66 4
24 67 4
24 68 3
24 69 5
24 70 3
24 71 2
24 72 2
24 73 3
24 74 1
24 75 1
24 76 3
24 77 3
24 78 4
24 79 4
24 80 2
24 81 5
24 82 3
24 83 4
24 84 2
24 85 1
24 86 2
24 87 5
24 88 2
24 89 1
24 90 4
24 91 4
24 92 2
24 93 3
24 94 2
24 95 2
24 96 5
24 97 6
24 98 5
24 99 4
25 26 5
25 27 5
25 28 1
25 29 5
25 30 1
25 31 1
25 32 5
25 33 4
25 34 5
25 35 5
25 36 6
25 37 5
25 38 3
25 39 1
25 40 2
25 41 2
25 42 5
25 43 6
25 44 5
25 45 7
25 46 1
25 47 5
25 48 6
25 49 2
25 50 7
25 51 5
25 52 4
25 53 4
25 54 2
25 55 5
25 56 2
25 57 6
25 58 2
25 59 5
25 60 6
25 61 5
25 62 3
25 63 5
25 64 2
25 65 4
25 66 5
25 67 3
25 68 4
25 69 6
25 70 5
25 71 4
25 72 1
25 73 4
25 74 1
25 75 1
25 76 4
25 77 4
25 78 5
25 79 5
25 80 1
25 81 6
25 82 4
25 83 5
25 84 3
25 85 3
25 86 4
25 87 5
25 88 2
25 89 3
25 90 3
25 91 6
25 92 3
25 93 4
25 94 2
25 95 4
25 96 7
25 97 7
25 98 4
25 99 5
26 27 1
26 28 4
26 29 7
26 30 5
26 31 5
26 32 1
26 33 1
26 34 1
26 35 4
26 36 3
26 37 6
26 38 2
26 39 5
26 40 3
26 41 5
26 42 3
26 43 5
26 44 3
26 45 3
26 46 5
26 47 6
26 48 1
26 49 5
26 50 2
26 51 2
26 52 5
26 53 2
26 54 3
26 55 3
26 56 3
26 57 5
26 58 4
26 59 7
26 60 4
26 61 3
26 62 4
26 63 2
26 64 4
26 65 3
26 66 1
26 67 6
26 68 1
26 69 3
26 70 4
26 71 2
26 72 5
26 73 1
26 74 4
26 75 4
26 76 2
26 77 5
26 78 1
26 79 3
26 80 5
26 81 1
26 82 4
26 83 2
26 84 2
26 85 3
26 86 2
26 87 5
26 88 5
26 89 3
26 90 6
26 91 3
26 92 2
26 93 2
26 94 4
26 95 3
26 96 4
26 97 3
26 98 6
26 99 1
27 28 5
27 29 8
27 30 6
27 31 5
27 32 1
27 33 1
27 34 2
27 35 5
27 36 4
27 37 7
27 38 3
27 39 5
27 40 3
27 41 5
27 42 4
27 43 6
27 44 2
27 45 4
27 46 5
27 47 7
27 48 2
27 49 5
27 50 3
27 51 3
27 52 6
27 53 2
27 54 4
27 55 3
27 56 3
27 57 6
27 58 4
27 59 8
27 60 5
27 61 2
27 62 3
27 63 3
27 64 4
27 65 3
27 66 1
27 67 6
27 68 1
27 69 4
27 70 4
27 71 2
27 72 5
27 73 2
27 74 4
27 75 4
27 76 1
27 77 5
27 78 2
27 79 2
27 80 5
27 81 2
27 82 3
27 83 1
27 84 2
27 85 3
27 86 2
27 87 6
27 88 5
27 89 3
27 90 6
27 91 4
27 92 2
27 93 1
27 94 4
27 95 4
27 96 5
27 97 4
27 98 7
27 99 2
28 29 6
28 30 1
28 31 2
28 32 4
28 33 4
28 34 4
28 35 5
28 36 5
28 37 6
28 38 2
28 39 1
28 40 2
28 41 1
28 42 4
28 43 6
28 44 5
28 45 6
28 46 1
28 47 6
28 48 5
28 49 3
28 50 6
28 51 4
28 52 5
28 53 3
28 54 1
28 55 4
28 56 2
28 57 6
28 58 2
28 59 6
28 60 6
28 61 5
28 62 3
28 63 4
28 64 2
28 65 3
28 66 4
28 67 4
28 68 4
28 69 5
28 70 4
28 71 3
28 72 2
28 73 3
28 74 1
28 75 1
28 76 4
28 77 4
28 78 4
28 79 5
28 80 1
28 81 5
28 82 4
28 83 5
28 84 3
28 85 2
28 86 3
28 87 6
28 88 2
28 89 2
28 90 4
28 91 5
28 92 3
28 93 4
28 94 2
28 95 3
28 96 6
28 97 6
28 98 5
28 99 4
29 30 5
29 31 4
29 32 7
29 33 7
29 34 7
29 35 3
29 36 4
29 37 1
29 38 6
29 39 6
29 40 6
29 41 6
29 42 5
29 43 2
29 44 9
29 45 6
29 46 5
29 47 1
29 48 6
29 49 3
29 50 7
29 51 5
29 52 2
29 53 6
29 54 6
29 55 5
29 56 5
29 57 2
29 58 4
29 59 1
29 60 3
29 61 9
29 62 7
29 63 5
29 64 4
29 65 5
29 66 7
29 67 3
29 68 7
29 69 5
29 70 4
29 71 6
29 72 4
29 73 7
29 74 6
29 75 5
29 76 8
29 77 3
29 78 6
29 79 9
29 80 5
29 81 7
29 82 8
29 83 9
29 84 6
29 85 7
29 86 7
29 87 2
29 88 4
29 89 5
29 90 2
29 91 4
29 92 7
29 93 8
29 94 4
29 95 5
29 96 4
29 97 6
29 98 1
29 99 6
30 31 1
30 32 5
30 33 5
30 34 5
30 35 5
30 36 6
30 37 5
30 38 3
30 39 2
30 40 3
30 41 2
30 42 5
30 43 6
30 44 6
30 45 7
30 46 1
30 47 5
30 48 6
30 49 2
30 50 7
30 51 5
30 52 4
30 53 4
30 54 2
30 55 5
30 56 3
30 57 6
30 58 2
30 59 5
30 60 6
30 61 6
30 62 4
30 63 5
30 64 2
30 65 4
30 66 5
30 67 3
30 68 5
30 69 6
30 70 5
30 71 4
30 72 1
30 73 4
30 74 2
30 75 2
30 76 5
30 77 4
30 78 5
30 79 6
30 80 1
30 81 6
30 82 5
30 83 6
30 84 4
30 85 3
30 86 4
30 87 5
30 88 2
30 89 3
30 90 3
30 91 6
30 92 4
30 93 5
30 94 2
30 95 4
30 96 7
30 97 7
30 98 4
30 99 5
31 32 5
31 33 5
31 34 5
31 35 4
31 36 5
31 37 4
31 38 3
31 39 2
31 40 3
31 41 2
31 42 4
31 43 5
31 44 6
31 45 7
31 46 1
31 47 4
31 48 6
31 49 1
31 50 7
31 51 5
31 52 3
31 53 4
31 54 2
31 55 4
31 56 2
31 57 5
31 58 1
31 59 4
31 60 5
31 61 6
31 62 4
31 63 5
31 64 1
31 65 3
31 66 5
31 67 2
31 68 4
31 69 6
31 70 4
31 71 4
31 72 1
31 73 4
31 74 2
31 75 1
31 76 5
31 77 3
31 78 5
31 79 6
31 80 1
31 81 6
31 82 5
31 83 6
31 84 3
31 85 3
31 86 4
31 87 4
31 88 1
31 89 2
31 90 2
31 91 5
31 92 4
31 93 5
31 94 1
31 95 3
31 96 6
31 97 7
31 98 3
31 99 5
32 33 1
32 34 1
32 35 4
32 36 3
32 37 6
32 38 2
32 39 5
32 40 3
32 41 5
32 42 3
32 43 5
32 44 3
32 45 3
32 46 5
32 47 6
32 48 1
32 49 5
32 50 2
32 51 2
32 52 5
32 53 2
32 54 3
32 55 3
32 56 3
32 57 5
32 58 4
32 59 7
32 60 4
32 61 3
32 62 4
32 63 2
32 64 4
32 65 3
32 66 1
32 67 6
32 68 1
32 69 3
32 70 4
32 71 2
32 72 5
32 73 1
32 74 4
32 75 4
32 76 2
32 77 5
32 78 1
32 79 3
32 80 5
32 81 1
32 82 4
32 83 2
32 84 2
32 85 3
32 86 2
32 87 5
32 88 5
32 89 3
32 90 6
32 91 3
32 92 2
32 93 2
32 94 4
32 95 3
32 96 4
32 97 3
32 98 6
32 99 1
33 34 1
33 35 4
33 36 4
33 37 6
33 38 2
33 39 4
33 40 2
33 41 4
33 42 3
33 43 5
33 44 3
33 45 4
33 46 4
33 47 6
33 48 2
33 49 5
33 50 3
33 51 3
33 52 5
33 53 2
33 54 3
33 55 3
33 56 3
33 57 5
33 58 4
33 59 7
33 60 5
33 61 3
33 62 3
33 63 2
33 64 4
33 65 2
33 66 1
33 67 6
33 68 1
33 69 3
33 70 3
33 71 1
33 72 5
33 73 1
33 74 3
33 75 4
33 76 1
33 77 4
33 78 2
33 79 3
33 80 4
33 81 2
33 82 3
33 83 2
33 84 2
33 85 2
33 86 1
33 87 5
33 88 5
33 89 3
33 90 5
33 91 3
33 92 1
33 93 1
33 94 4
33 95 3
33 96 4
33 97 4
33 98 6
33 99 1
34 35 4
34 36 3
34 37 6
34 38 2
34 39 4
34 40 3
34 41 5
34 42 3
34 43 5
34 44 4
34 45 4
34 46 5
34 47 6
34 48 1
34 49 5
34 50 3
34 51 2
34 52 5
34 53 1
34 54 3
34 55 2
34 56 3
34 57 5
34 58 4
34 59 7
34 60 4
34 61 4
34 62 4
34 63 2
34 64 4
34 65 2
34 66 1
34 67 6
34 68 1
34 69 3
34 70 3
34 71 1
34 72 5
34 73 1
34 74 4
34 75 4
34 76 2
34 77 4
34 78 1
34 79 4
34 80 5
34 81 2
34 82 4
34 83 3
34 84 2
34 85 3
34 86 2
34 87 5
34 88 5
34 89 3
34 90 5
34 91 3
34 92 2
34 93 2
34 94 4
34 95 3
34 96 4
34 97 4
34 98 6
34 99 1
35 36 1
35 37 2
35 38 3
35 39 5
35 40 4
35 41 6
35 42 2
35 43 2
35 44 6
35 45 3
35 46 5
35 47 2
35 48 4
35 49 3
35 50 4
35 51 2
35 52 1
35 53 3
35 54 4
35 55 2
35 56 4
35 57 1
35 58 4
35 59 3
35 60 1
35 61 6
35 62 5
35 63 3
35 64 4
35 65 2
35 66 4
35 67 3
35 68 4
35 69 2
35 70 1
35 71 3
35 72 4
35 73 4
35 74 5
35 75 5
35 76 5
35 77 1
35 78 3
35 79 6
35 80 5
35 81 4
35 82 6
35 83 6
35 84 3
35 85 4
35 86 4
35 87 1
35 88 4
35 89 3
35 90 2
35 91 2
35 92 4
35 93 5
35 94 4
35 95 2
35 96 2
35 97 3
35 98 2
35 99 4
36 37 3
36 38 3
36 39 5
36 40 4
36 41 6
36 42 1
36 43 2
36 44 6
36 45 2
36 46 6
36 47 3
36 48 3
36 49 4
36 50 3
36 51 1
36 52 2
36 53 2
36 54 4
36 55 1
36 56 4
36 57 2
36 58 4
36 59 4
36 60 1
36 61 6
36 62 5
36 63 2
36 64 4
36 65 2
36 66 3
36 67 4
36 68 3
36 69 1
36 70 1
36 71 3
36 72 5
36 73 3
36 74 5
36 75 5
36 76 4
36 77 2
36 78 2
36 79 6
36 80 6
36 81 3
36 82 6
36 83 5
36 84 3
36 85 4
36 86 4
36 87 2
36 88 5
36 89 3
36 90 3
36 91 1
36 92 4
36 93 4
36 94 5
36 95 2
36 96 1
36 97 2
36 98 3
36 99 3
37 38 5
37 39 6
37 40 6
37 41 6
37 42 4
37 43 1
37 44 8
37 45 5
37 46 5
37 47 1
37 48 5
37 49 3
37 50 6
37 51 4
37 52 1
37 53 5
37 54 5
37 55 4
37 56 5
37 57 2
37 58 4
37 59 1
37 60 2
37 61 8
37 62 7
37 63 4
37 64 4
37 65 4
37 66 6
37 67 3
37 68 6
37 69 4
37 70 3
37 71 5
37 72 4
37 73 6
37 74 6
37 75 5
37 76 7
37 77 2
37 78 5
37 79 8
37 80 5
37 81 6
37 82 8
37 83 8
37 84 5
37 85 6
37 86 6
37 87 1
37 88 4
37 89 4
37 90 2
37 91 3
37 92 6
37 93 7
37 94 4
37 95 4
37 96 3
37 97 5
37 98 1
37 99 5
38 39 3
38 40 2
38 41 3
38 42 2
38 43 4
38 44 4
38 45 4
38 46 3
38 47 5
38 48 3
38 49 3
38 50 4
38 51 2
38 52 4
38 53 1
38 54 1
38 55 2
38 56 1
38 57 4
38 58 2
38 59 6
38 60 4
38 61 4
38 62 3
38 63 2
38 64 2
38 65 1
38 66 2
38 67 4
38 68 2
38 69 3
38 70 2
38 71 1
38 72 3
38 73 1
38 74 2
38 75 2
38 76 3
38 77 3
38 78 2
38 79 4
38 80 3
38 81 3
38 82 4
38 83 3
38 84 1
38 85 2
38 86 1
38 87 4
38 88 3
38 89 1
38 90 4
38 91 3
38 92 2
38 93 2
38 94 2
38 95 1
38 96 4
38 97 4
38 98 5
38 99 2
39 40 2
39 41 1
39 42 4
39 43 6
39 44 5
39 45 7
39 46 2
39 47 6
39 48 5
39 49 3
39 50 7
39 51 5
39 52 5
39 53 4
39 54 2
39 55 4
39 56 2
39 57 6
39 58 3
39 59 6
39 60 6
39 61 5
39 62 3
39 63 5
39 64 3
39 65 3
39 66 5
39 67 4
39 68 4
39 69 6
39 70 4
39 71 3
39 72 2
39 73 4
39 74 1
39 75 2
39 76 4
39 77 4
39 78 5
39 79 5
39 80 1
39 81 6
39 82 4
39 83 5
39 84 3
39 85 2
39 86 3
39 87 6
39 88 3
39 89 2
39 90 4
39 91 5
39 92 3
39 93 4
39 94 3
39 95 3
39 96 6
39 97 7
39 98 5
39 99 5
40 41 2
40 42 3
40 43 5
40 44 3
40 45 6
40 46 2
40 47 6
40 48 4
40 49 3
40 50 5
40 51 4
40 52 5
40 53 3
40 54 1
40 55 3
40 56 2
40 57 5
40 58 3
40 59 6
40 60 5
40 61 3
40 62 1
40 63 4
40 64 2
40 65 2
40 66 3
40 67 4
40 68 2
40 69 5
40 70 3
40 71 2
40 72 3
40 73 2
40 74 1
40 75 2
40 76 2
40 77 4
40 78 3
40 79 3
40 80 2
40 81 4
40 82 2
40 83 3
40 84 2
40 85 1
40 86 2
40 87 5
40 88 3
40 89 2
40 90 4
40 91 4
40 92 1
40 93 2
40 94 2
40 95 3
40 96 5
40 97 6
40 98 5
40 99 3
41 42 5
41 43 7
41 44 5
41 45 7
41 46 2
41 47 6
41 48 6
41 49 3
41 50 7
41 51 5
41 52 5
41 53 4
41 54 2
41 55 5
41 56 2
41 57 7
41 58 3
41 59 6
41 60 7
41 61 5
41 62 3
41 63 5
41 64 3
41 65 4
41 66 5
41 67 4
41 68 4
41 69 6
41 70 5
41 71 4
41 72 2
41 73 4
41 74 1
41 75 2
41 76 4
41 77 5
41 78 5
41 79 5
41 80 1
41 81 6
41 82 4
41 83 5
41 84 3
41 85 3
41 86 4
41 87 6
41 88 3
41 89 3
41 90 4
41 91 6
41 92 3
41 93 4
41 94 3
41 95 4
41 96 7
41 97 7
41 98 5
41 99 5
42 43 3
42 44 5
42 45 3
42 46 5
42 47 4
42 48 3
42 49 4
42 50 4
42 51 1
42 52 3
42 53 2
42 54 3
42 55 1
42 56 3
42 57 3
42 58 3
42 59 5
42 60 2
42 61 5
42 62 4
42 63 2
42 64 3
42 65 1
42 66 3
42 67 4
42 68 3
42 69 2
42 70 1
42 71 2
42 72 5
42 73 3
42 74 4
42 75 4
42 76 4
42 77 2
42 78 2
42 79 5
42 80 5
42 81 3
42 82 5
42 83 5
42 84 2
42 85 3
42 86 3
42 87 3
42 88 4
42 89 2
42 90 3
42 91 1
42 92 3
42 93 4
42 94 4
42 95 1
42 96 2
42 97 3
42 98 4
42 99 3
43 44 7
43 45 4
43 46 6
43 47 1
43 48 5
43 49 4
43 50 5
43 51 3
43 52 2
43 53 4
43 54 5
43 55 3
43 56 5
43 57 1
43 58 5
43 59 2
43 60 1
43 61 7
43 62 6
43 63 4
43 64 5
43 65 3
43 66 5
43 67 4
43 68 5
43 69 3
43 70 3
43 71 4
43 72 5
43 73 5
43 74 6
43 75 6
43 76 6
43 77 3
43 78 4
43 79 7
43 80 6
43 81 5
43 82 7
43 83 7
43 84 4
43 85 5
43 86 5
43 87 1
43 88 5
43 89 4
43 90 3
43 91 3
43 92 5
43 93 6
43 94 5
43 95 3
43 96 2
43 97 4
43 98 2
43 99 5
44 45 6
44 46 5
44 47 8
44 48 4
44 49 6
44 50 5
44 51 5
44 52 7
44 53 4
44 54 4
44 55 5
44 56 4
44 57 7
44 58 5
44 59 9
44 60 7
44 61 1
44 62 2
44 63 5
44 64 5
44 65 4
44 66 3
44 67 7
44 68 3
44 69 6
44 70 5
44 71 4
44 72 6
44 73 3
44 74 4
44 75 5
44 76 2
44 77 6
44 78 4
44 79 1
44 80 5
44 81 4
44 82 1
44 83 1
44 84 3
44 85 3
44 86 3
44 87 7
44 88 6
44 89 4
44 90 7
44 91 6
44 92 2
44 93 2
44 94 5
44 95 5
44 96 7
44 97 6
44 98 8
44 99 4
45 46 7
45 47 5
45 48 3
45 49 6
45 50 1
45 51 2
45 52 4
45 53 3
45 54 5
45 55 3
45 56 5
45 57 4
45 58 6
45 59 6
45 60 3
45 61 6
45 62 6
45 63 2
45 64 6
45 65 4
45 66 3
45 67 6
45 68 4
45 69 1
45 70 3
45 71 4
45 72 7
45 73 4
45 74 6
45 75 6
45 76 5
45 77 4
45 78 3
45 79 6
45 80 7
45 81 2
45 82 7
45 83 5
45 84 4
45 85 5
45 86 5
45 87 4
45 88 7
45 89 5
45 90 5
45 91 2
45 92 5
45 93 5
45 94 6
45 95 4
45 96 2
45 97 1
45 98 5
45 99 3
46 47 5
46 48 6
46 49 2
46 50 7
46 51 5
46 52 4
46 53 4
46 54 2
46 55 5
46 56 2
46 57 6
46 58 2
46 59 5
46 60 6
46 61 5
46 62 3
46 63 5
46 64 2
46 65 4
46 66 5
46 67 3
46 68 4
46 69 6
46 70 5
46 71 4
46 72 1
46 73 4
46 74 2
46 75 1
46 76 4
46 77 4
46 78 5
46 79 5
46 80 1
46 81 6
46 82 4
46 83 5
46 84 3
46 85 3
46 86 4
46 87 5
46 88 2
46 89 3
46 90 3
46 91 6
46 92 3
46 93 4
46 94 2
46 95 4
46 96 7
46 97 7
46 98 4
46 99 5
47 48 5
47 49 3
47 50 6
47 51 4
47 52 1
47 53 5
47 54 5
47 55 4
47 56 5
47 57 1
47 58 4
47 59 1
47 60 2
47 61 8
47 62 7
47 63 4
47 64 4
47 65 4
47 66 6
47 67 3
47 68 6
47 69 4
47 70 3
47 71 5
47 72 4
47 73 6
47 74 6
47 75 5
47 76 7
47 77 2
47 78 5
47 79 8
47 80 5
47 81 6
47 82 8
47 83 8
47 84 5
47 85 6
47 86 6
47 87 1
47 88 4
47 89 4
47 90 2
47 91 3
47 92 6
47 93 7
47 94 4
47 95 4
47 96 3
47 97 5
47 98 1
47 99 5
48 49 6
48 50 2
48 51 2
48 52 5
48 53 2
48 54 4
48 55 3
48 56 4
48 57 4
48 58 5
48 59 6
48 60 4
48 61 4
48 62 5
48 63 1
48 64 5
48 65 3
48 66 1
48 67 6
48 68 2
48 69 2
48 70 3
48 71 2
48 72 6
48 73 2
48 74 5
48 75 5
48 76 3
48 77 4
48 78 1
48 79 4
48 80 6
48 81 1
48 82 5
48 83 3
48 84 3
48 85 4
48 86 3
48 87 4
48 88 6
48 89 4
48 90 5
48 91 2
48 92 3
48 93 3
48 94 5
48 95 4
48 96 3
48 97 3
48 98 6
48 99 1
49 50 7
49 51 5
49 52 2
49 53 4
49 54 3
49 55 4
49 56 2
49 57 4
49 58 1
49 59 3
49 60 4
49 61 6
49 62 4
49 63 5
49 64 1
49 65 3
49 66 5
49 67 1
49 68 4
49 69 5
49 70 3
49 71 4
49 72 1
49 73 4
49 74 3
49 75 2
49 76 5
49 77 2
49 78 5
49 79 6
49 80 2
49 81 6
49 82 5
49 83 6
49 84 3
49 85 4
49 86 4
49 87 3
49 88 1
49 89 2
49 90 1
49 91 4
49 92 4
49 93 5
49 94 1
49 95 3
49 96 5
49 97 6
49 98 2
49 99 5
50 51 3
50 52 5
50 53 3
50 54 5
50 55 4
50 56 5
50 57 5
50 58 6
50 59 7
50 60 4
50 61 5
50 62 6
50 63 3
50 64 6
50 65 4
50 66 2
50 67 7
50 68 3
50 69 2
50 70 4
50 71 4
50 72 7
50 73 3
50 74 6
50 75 6
50 76 4
50 77 5
50 78 2
50 79 5
50 80 7
50 81 1
50 82 6
50 83 4
50 84 4
50 85 5
50 86 4
50 87 5
50 88 7
50 89 5
50 90 6
50 91 3
50 92 4
50 93 4
50 94 6
50 95 5
50 96 3
50 97 1
50 98 6
50 99 2
51 52 3
51 53 1
51 54 3
51 55 1
51 56 3
51 57 3
51 58 4
51 59 5
51 60 2
51 61 5
51 62 4
51 63 1
51 64 4
51 65 2
51 66 2
51 67 5
51 68 2
51 69 1
51 70 2
51 71 2
51 72 5
51 73 2
51 74 4
51 75 4
51 76 3
51 77 3
51 78 1
51 79 5
51 80 5
51 81 2
51 82 5
51 83 4
51 84 2
51 85 3
51 86 3
51 87 3
51 88 5
51 89 3
51 90 4
51 91 1
51 92 3
51 93 3
51 94 4
51 95 2
51 96 2
51 97 2
51 98 4
51 99 2
52 53 4
52 54 4
52 55 3
52 56 4
52 57 2
52 58 3
52 59 2
52 60 2
52 61 7
52 62 6
52 63 4
52 64 3
52 65 3
52 66 5
52 67 2
52 68 5
52 69 3
52 70 2
52 71 4
52 72 3
52 73 5
52 74 5
52 75 4
52 76 6
52 77 1
52 78 4
52 79 7
52 80 4
52 81 5
52 82 7
52 83 7
52 84 4
52 85 5
52 86 5
52 87 1
52 88 3
52 89 3
52 90 2
52 91 3
52 92 5
52 93 6
52 94 3
52 95 3
52 96 3
52 97 4
52 98 1
52 99 5
53 54 2
53 55 1
53 56 2
53 57 4
53 58 3
53 59 6
53 60 3
53 61 4
53 62 3
53 63 1
53 64 3
53 65 1
53 66 2
53 67 5
53 68 1
53 69 2
53 70 2
53 71 1
53 72 4
53 73 1
53 74 3
53 75 3
53 76 2
53 77 3
53 78 1
53 79 4
53 80 4
53 81 2
53 82 4
53 83 3
53 84 1
53 85 2
53 86 2
53 87 4
53 88 4
53 89 2
53 90 4
53 91 2
53 92 2
53 93 2
53 94 3
53 95 2
53 96 3
53 97 3
53 98 5
53 99 1
54 55 3
54 56 1
54 57 5
54 58 2
54 59 6
54 60 5
54 61 4
54 62 2
54 63 3
54 64 2
54 65 2
54 66 3
54 67 4
54 68 3
54 69 4
54 70 3
54 71 2
54 72 2
54 73 2
54 74 1
54 75 1
54 76 3
54 77 3
54 78 3
54 79 4
54 80 2
54 81 4
54 82 3
54 83 4
54 84 2
54 85 1
54 86 2
54 87 5
54 88 2
54 89 1
54 90 4
54 91 4
54 92 2
54 93 3
54 94 2
54 95 2
54 96 5
54 97 5
54 98 5
54 99 3
55 56 3
55 57 3
55 58 3
55 59 5
55 60 2
55 61 5
55 62 4
55 63 2
55 64 3
55 65 1
55 66 3
55 67 4
55 68 2
55 69 2
55 70 1
55 71 2
55 72 5
55 73 2
55 74 4
55 75 4
55 76 3
55 77 2
55 78 2
55 79 5
55 80 5
55 81 3
55 82 5
55 83 4
55 84 2
55 85 3
55 86 3
55 87 3
55 88 4
55 89 2
55 90 3
55 91 1
55 92 3
55 93 3
55 94 4
55 95 1
55 96 2
55 97 3
55 98 4
55 99 2
56 57 5
56 58 1
56 59 5
56 60 5
56 61 4
56 62 3
56 63 3
56 64 1
56 65 2
56 66 3
56 67 3
56 68 2
56 69 4
56 70 3
56 71 2
56 72 2
56 73 2
56 74 2
56 75 1
56 76 3
56 77 3
56 78 3
56 79 4
56 80 2
56 81 4
56 82 4
56 83 4
56 84 1
56 85 2
56 86 2
56 87 5
56 88 2
56 89 1
56 90 3
56 91 4
56 92 2
56 93 3
56 94 1
56 95 2
56 96 5
56 97 5
56 98 4
56 99 3
57 58 5
57 59 2
57 60 1
57 61 7
57 62 6
57 63 3
57 64 5
57 65 3
57 66 5
57 67 4
57 68 5
57 69 3
57 70 2
57 71 4
57 72 5
57 73 5
57 74 6
57 75 6
57 76 6
57 77 2
57 78 4
57 79 7
57 80 6
57 81 5
57 82 7
57 83 7
57 84 4
57 85 5
57 86 5
57 87 1
57 88 5
57 89 4
57 90 3
57 91 2
57 92 5
57 93 6
57 94 5
57 95 3
57 96 2
57 97 4
57 98 2
57 99 4
58 59 4
58 60 5
58 61 5
58 62 4
58 63 4
58 64 1
58 65 2
58 66 4
58 67 2
58 68 3
58 69 5
58 70 3
58 71 3
58 72 2
58 73 3
58 74 3
58 75 1
58 76 4
58 77 3
58 78 4
58 79 5
58 80 2
58 81 5
58 82 5
58 83 5
58 84 2
58 85 3
58 86 3
58 87 4
58 88 1
58 89 1
58 90 2
58 91 4
58 92 3
58 93 4
58 94 1
58 95 2
58 96 5
58 97 6
58 98 3
58 99 4
59 60 3
59 61 9
59 62 7
59 63 5
59 64 4
59 65 5
59 66 7
59 67 3
59 68 7
59 69 5
59 70 4
59 71 6
59 72 4
59 73 7
59 74 6
59 75 5
59 76 8
59 77 3
59 78 6
59 79 9
59 80 5
59 81 7
59 82 8
59 83 9
59 84 6
59 85 7
59 86 7
59 87 2
59 88 4
59 89 5
59 90 2
59 91 4
59 92 7
59 93 8
59 94 4
59 95 5
59 96 4
59 97 6
59 98 1
59 99 6
60 61 7
60 62 6
60 63 3
60 64 5
60 65 3
60 66 4
60 67 4
60 68 4
60 69 2
60 70 2
60 71 4
60 72 5
60 73 4
60 74 6
60 75 6
60 76 5
60 77 2
60 78 3
60 79 7
60 80 6
60 81 4
60 82 7
60 83 6
60 84 4
60 85 5
60 86 5
60 87 1
60 88 5
60 89 4
60 90 3
60 91 2
60 92 5
60 93 5
60 94 5
60 95 3
60 96 1
60 97 3
60 98 3
60 99 4
61 62 2
61 63 5
61 64 5
61 65 4
61 66 3
61 67 7
61 68 3
61 69 6
61 70 5
61 71 4
61 72 6
61 73 3
61 74 4
61 75 5
61 76 2
61 77 6
61 78 4
61 79 1
61 80 5
61 81 4
61 82 1
61 83 1
61 84 3
61 85 3
61 86 3
61 87 7
61 88 6
61 89 4
61 90 7
61 91 6
61 92 2
61 93 2
61 94 5
61 95 5
61 96 7
61 97 6
61 98 8
61 99 4
62 63 4
62 64 3
62 65 3
62 66 4
62 67 5
62 68 3
62 69 5
62 70 4
62 71 3
62 72 4
62 73 3
62 74 2
62 75 3
62 76 3
62 77 5
62 78 4
62 79 2
62 80 3
62 81 5
62 82 1
62 83 2
62 84 2
62 85 1
62 86 2
62 87 6
62 88 4
62 89 3
62 90 5
62 91 5
62 92 2
62 93 3
62 94 3
62 95 4
62 96 6
62 97 6
62 98 6
62 99 4
63 64 4
63 65 2
63 66 2
63 67 5
63 68 2
63 69 1
63 70 2
63 71 2
63 72 5
63 73 2
63 74 4
63 75 4
63 76 3
63 77 3
63 78 1
63 79 5
63 80 5
63 81 2
63 82 5
63 83 4
63 84 2
63 85 3
63 86 3
63 87 3
63 88 5
63 89 3
63 90 4
63 91 1
63 92 3
63 93 3
63 94 4
63 95 3
63 96 2
63 97 2
63 98 5
63 99 1
64 65 2
64 66 4
64 67 2
64 68 3
64 69 5
64 70 3
64 71 3
64 72 2
64 73 3
64 74 2
64 75 1
64 76 4
64 77 3
64 78 4
64 79 5
64 80 2
64 81 5
64 82 4
64 83 5
64 84 2
64 85 3
64 86 3
64 87 4
64 88 1
64 89 1
64 90 2
64 91 4
64 92 3
64 93 4
64 94 1
64 95 2
64 96 5
64 97 6
64 98 3
64 99 4
65 66 3
65 67 4
65 68 2
65 69 3
65 70 1
65 71 1
65 72 4
65 73 2
65 74 3
65 75 3
65 76 3
65 77 2
65 78 2
65 79 4
65 80 4
65 81 3
65 82 4
65 83 4
65 84 1
65 85 2
65 86 2
65 87 3
65 88 3
65 89 1
65 90 3
65 91 2
65 92 2
65 93 3
65 94 3
65 95 1
65 96 3
65 97 4
65 98 4
65 99 2
66 67 6
66 68 1
66 69 3
66 70 4
66 71 2
66 72 5
66 73 1
66 74 4
66 75 4
66 76 2
66 77 5
66 78 1
66 79 3
66 80 5
66 81 1
66 82 4
66 83 2
66 84 2
66 85 3
66 86 2
66 87 5
66 88 5
66 89 3
66 90 6
66 91 3
66 92 2
66 93 2
66 94 4
66 95 3
66 96 4
66 97 3
66 98 6
66 99 1
67 68 5
67 69 5
67 70 3
67 71 5
67 72 2
67 73 5
67 74 4
67 75 3
67 76 6
67 77 2
67 78 6
67 79 7
67 80 3
67 81 7
67 82 6
67 83 7
67 84 4
67 85 5
67 86 5
67 87 3
67 88 2
67 89 3
67 90 1
67 91 4
67 92 5
67 93 6
67 94 2
67 95 4
67 96 5
67 97 6
67 98 2
67 99 6
68 69 3
68 70 3
68 71 1
68 72 4
68 73 1
68 74 3
68 75 3
68 76 1
68 77 4
68 78 1
68 79 3
68 80 4
68 81 2
68 82 3
68 83 2
68 84 1
68 85 2
68 86 1
68 87 5
68 88 4
68 89 2
68 90 5
68 91 3
68 92 1
68 93 1
68 94 3
68 95 3
68 96 4
68 97 4
68 98 6
68 99 1
69 70 2
69 71 3
69 72 6
69 73 3
69 74 5
69 75 5
69 76 4
69 77 3
69 78 2
69 79 6
69 80 6
69 81 3
69 82 6
69 83 5
69 84 3
69 85 4
69 86 4
69 87 3
69 88 6
69 89 4
69 90 4
69 91 1
69 92 4
69 93 4
69 94 5
69 95 3
69 96 1
69 97 1
69 98 4
69 99 2
70 71 2
70 72 4
70 73 3
70 74 4
70 75 4
70 76 4
70 77 1
70 78 3
70 79 5
70 80 5
70 81 4
70 82 5
70 83 5
70 84 2
70 85 3
70 86 3
70 87 2
70 88 4
70 89 2
70 90 2
70 91 1
70 92 3
70 93 4
70 94 4
70 95 1
70 96 2
70 97 3
70 98 3
70 99 3
71 72 4
71 73 1
71 74 3
71 75 3
71 76 2
71 77 3
71 78 2
71 79 4
71 80 4
71 81 3
71 82 4
71 83 3
71 84 1
71 85 2
71 86 1
71 87 4
71 88 4
71 89 2
71 90 4
71 91 3
71 92 2
71 93 2
71 94 3
71 95 2
71 96 4
71 97 4
71 98 5
71 99 2
72 73 4
72 74 2
72 75 1
72 76 5
72 77 3
72 78 5
72 79 6
72 80 1
72 81 6
72 82 5
72 83 6
72 84 3
72 85 3
72 86 4
72 87 4
72 88 1
72 89 3
72 90 2
72 91 5
72 92 4
72 93 5
72 94 1
72 95 4
72 96 6
72 97 7
72 98 3
72 99 5
73 74 3
73 75 3
73 76 2
73 77 4
73 78 1
73 79 3
73 80 4
73 81 2
73 82 3
73 83 3
73 84 1
73 85 2
73 86 1
73 87 5
73 88 4
73 89 2
73 90 5
73 91 3
73 92 1
73 93 2
73 94 3
73 95 2
73 96 4
73 97 4
73 98 6
73 99 1
74 75 2
74 76 3
74 77 4
74 78 4
74 79 4
74 80 1
74 81 5
74 82 3
74 83 4
74 84 3
74 85 2
74 86 3
74 87 6
74 88 3
74 89 2
74 90 4
74 91 5
74 92 2
74 93 3
74 94 2
74 95 3
74 96 6
74 97 6
74 98 5
74 99 4
75 76 4
75 77 4
75 78 4
75 79 5
75 80 1
75 81 5
75 82 4
75 83 5
75 84 2
75 85 2
75 86 3
75 87 5
75 88 1
75 89 2
75 90 3
75 91 5
75 92 3
75 93 4
75 94 1
75 95 3
75 96 6
75 97 6
75 98 4
75 99 4
76 77 5
76 78 2
76 79 2
76 80 4
76 81 3
76 82 3
76 83 1
76 84 2
76 85 2
76 86 2
76 87 6
76 88 5
76 89 3
76 90 6
76 91 4
76 92 1
76 93 1
76 94 4
76 95 4
76 96 5
76 97 5
76 98 7
76 99 2
77 78 4
77 79 6
77 80 4
77 81 5
77 82 6
77 83 6
77 84 3
77 85 4
77 86 4
77 87 2
77 88 3
77 89 2
77 90 1
77 91 2
77 92 4
77 93 5
77 94 3
77 95 2
77 96 3
77 97 4
77 98 2
77 99 4
78 79 4
78 80 5
78 81 1
78 82 4
78 83 3
78 84 2
78 85 3
78 86 2
78 87 4
78 88 5
78 89 3
78 90 5
78 91 2
78 92 2
78 93 2
78 94 4
78 95 3
78 96 3
78 97 3
78 98 5
78 99 1
79 80 5
79 81 4
79 82 1
79 83 1
79 84 3
79 85 3
79 86 3
79 87 7
79 88 6
79 89 4
79 90 7
79 91 6
79 92 2
79 93 2
79 94 5
79 95 5
79 96 7
79 97 6
79 98 8
79 99 4
80 81 6
80 82 4
80 83 5
80 84 3
80 85 3
80 86 4
80 87 5
80 88 2
80 89 3
80 90 3
80 91 6
80 92 3
80 93 4
80 94 2
80 95 4
80 96 7
80 97 7
80 98 4
80 99 5
81 82 5
81 83 3
81 84 3
81 85 4
81 86 3
81 87 5
81 88 6
81 89 4
81 90 6
81 91 3
81 92 3
81 93 3
81 94 5
81 95 4
81 96 4
81 97 2
81 98 6
81 99 1
82 83 2
82 84 3
82 85 2
82 86 3
82 87 7
82 88 5
82 89 4
82 90 6
82 91 6
82 92 2
82 93 3
82 94 4
82 95 5
82 96 7
82 97 7
82 98 7
82 99 4
83 84 3
83 85 3
83 86 2
83 87 7
83 88 6
83 89 4
83 90 7
83 91 5
83 92 2
83 93 1
83 94 5
83 95 4
83 96 6
83 97 5
83 98 8
83 99 3
84 85 1
84 86 1
84 87 4
84 88 3
84 89 1
84 90 4
84 91 3
84 92 1
84 93 2
84 94 2
84 95 2
84 96 4
84 97 4
84 98 5
84 99 2
85 86 1
85 87 5
85 88 3
85 89 2
85 90 5
85 91 4
85 92 1
85 93 2
85 94 3
85 95 3
85 96 5
85 97 5
85 98 6
85 99 3
86 87 5
86 88 4
86 89 2
86 90 5
86 91 4
86 92 1
86 93 1
86 94 3
86 95 2
86 96 5
86 97 5
86 98 6
86 99 2
87 88 4
87 89 4
87 90 3
87 91 2
87 92 5
87 93 6
87 94 4
87 95 3
87 96 2
87 97 4
87 98 2
87 99 4
88 89 2
88 90 2
88 91 5
88 92 4
88 93 5
88 94 1
88 95 3
88 96 6
88 97 7
88 98 3
88 99 5
89 90 3
89 91 3
89 92 2
89 93 3
89 94 2
89 95 1
89 96 4
89 97 5
89 98 4
89 99 3
90 91 3
90 92 5
90 93 6
90 94 2
90 95 3
90 96 4
90 97 5
90 98 1
90 99 5
91 92 4
91 93 4
91 94 5
91 95 2
91 96 1
91 97 2
91 98 4
91 99 2
92 93 1
92 94 3
92 95 3
92 96 5
92 97 5
92 98 6
92 99 2
93 94 4
93 95 3
93 96 5
93 97 5
93 98 7
93 99 2
94 95 3
94 96 6
94 97 6
94 98 3
94 99 4
95 96 3
95 97 4
95 98 4
95 99 3
96 97 2
96 98 4
96 99 3
97 98 5
97 99 3
98 99 6
