100 
0 1 3
0 2 3
0 3 3
0 4 2
0 5 2
0 6 3
0 7 3
0 8 2
0 9 3
0 10 3
0 11 2
0 12 3
0 13 1
0 14 2
0 15 4
0 16 3
0 17 3
0 18 3
0 19 3
0 20 3
0 21 2
0 22 1
0 23 4
0 24 3
0 25 2
0 26 2
0 27 3
0 28 3
0 29 2
0 30 1
0 31 2
0 32 1
0 33 2
0 34 2
0 35 4
0 36 2
0 37 3
0 38 3
0 39 2
0 40 1
0 41 3
0 42 3
0 43 3
0 44 3
0 45 2
0 46 1
0 47 3
0 48 1
0 49 3
0 50 2
0 51 1
0 52 3
0 53 1
0 54 3
0 55 2
0 56 3
0 57 3
0 58 2
0 59 2
0 60 3
0 61 2
0 62 2
0 63 4
0 64 3
0 65 1
0 66 3
0 67 3
0 68 3
0 69 2
0 70 3
0 71 1
0 72 4
0 73 3
0 74 1
0 75 1
0 76 1
0 77 4
0 78 2
0 79 1
0 80 3
0 81 2
0 82 2
0 83 1
0 84 2
0 85 2
0 86 4
0 87 3
0 88 2
0 89 1
0 90 1
0 91 3
0 92 3
0 93 2
0 94 1
0 95 2
0 96 1
0 97 1
0 98 1
0 99 2
1 2 1
1 3 3
1 4 2
1 5 3
1 6 2
1 7 3
1 8 3
1 9 1
1 10 2
1 11 3
1 12 3
1 13 4
1 14 2
1 15 2
1 16 1
1 17 2
1 18 2
1 19 2
1 20 3
1 21 3
1 22 3
1 23 1
1 24 3
1 25 3
1 26 4
1 27 2
1 28 2
1 29 4
1 30 2
1 31 2
1 32 3
1 33 2
1 34 2
1 35 1
1 36 2
1 37 1
1 38 1
1 39 3
1 40 4
1 41 2
1 42 4
1 43 2
1 44 1
1 45 4
1 46 3
1 47 1
1 48 3
1 49 3
1 50 1
1 51 4
1 52 3
1 53 4
1 54 4
1 55 3
1 56 1
1 57 2
1 58 3
1 59 2
1 60 1
1 61 3
1 62 3
1 63 2
1 64 1
1 65 4
1 66 2
1 67 1
1 68 2
1 69 2
1 70 2
1 71 3
1 72 2
1 73 1
1 74 3
1 75 3
1 76 3
1 77 1
1 78 2
1 79 2
1 80 1
1 81 2
1 82 2
1 83 3
1 84 3
1 85 2
1 86 2
1 87 1
1 88 3
1 89 3
1 90 4
1 91 1
1 92 1
1 93 2
1 94 4
1 95 3
1 96 2
1 97 3
1 98 3
1 99 3
2 3 2
2 4 2
2 5 2
2 6 1
2 7 2
2 8 2
2 9 1
2 10 2
2 11 2
2 12 2
2 13 4
2 14 1
2 15 1
2 16 1
2 17 2
2 18 1
2 19 1
2 20 3
2 21 2
2 22 3
2 23 1
2 24 2
2 25 2
2 26 3
2 27 3
2 28 2
2 29 3
2 30 3
2 31 2
2 32 3
2 33 1
2 34 2
2 35 1
2 36 2
2 37 1
2 38 1
2 39 2
2 40 3
2 41 2
2 42 3
2 43 1
2 44 1
2 45 3
2 46 3
2 47 1
2 48 3
2 49 3
2 50 2
2 51 4
2 52 3
2 53 4
2 54 3
2 55 3
2 56 1
2 57 2
2 58 3
2 59 2
2 60 1
2 61 2
2 62 2
2 63 1
2 64 1
2 65 4
2 66 1
2 67 1
2 68 2
2 69 2
2 70 2
2 71 3
2 72 1
2 73 2
2 74 2
2 75 3
2 76 3
2 77 1
2 78 2
2 79 2
2 80 1
2 81 3
2 82 3
2 83 3
2 84 2
2 85 2
2 86 1
2 87 2
2 88 2
2 89 3
2 90 4
2 91 1
2 92 1
2 93 2
2 94 3
2 95 2
2 96 2
2 97 3
2 98 3
2 99 2
3 4 1
3 5 1
3 6 2
3 7 1
3 8 1
3 9 2
3 10 4
3 11 2
3 12 1
3 13 3
3 14 1
3 15 2
3 16 2
3 17 1
3 18 1
3 19 1
3 20 1
3 21 1
3 22 2
3 23 2
3 24 1
3 25 1
3 26 2
3 27 4
3 28 3
3 29 2
3 30 3
3 31 1
3 32 2
3 33 2
3 34 1
3 35 2
3 36 3
3 37 2
3 38 3
3 39 1
3 40 2
3 41 3
3 42 1
3 43 1
3 44 2
3 45 2
3 46 2
3 47 3
3 48 2
3 49 1
3 50 2
3 51 3
3 52 1
3 53 3
3 54 1
3 55 1
3 56 2
3 57 4
3 58 1
3 59 1
3 60 2
3 61 1
3 62 1
3 63 2
3 64 3
3 65 3
3 66 1
3 67 3
3 68 1
3 69 2
3 70 1
3 71 3
3 72 2
3 73 3
3 74 2
3 75 3
3 76 2
3 77 2
3 78 1
3 79 2
3 80 2
3 81 3
3 82 3
3 83 2
3 84 1
3 85 3
3 86 2
3 87 3
3 88 1
3 89 3
3 90 3
3 91 2
3 92 2
3 93 2
3 94 2
3 95 1
3 96 2
3 97 2
3 98 2
3 99 1
4 5 1
4 6 2
4 7 1
4 8 1
4 9 2
4 10 3
4 11 1
4 12 1
4 13 3
4 14 1
4 15 2
4 16 2
4 17 1
4 18 1
4 19 1
4 20 1
4 21 1
4 22 2
4 23 2
4 24 1
4 25 1
4 26 2
4 27 3
4 28 3
4 29 2
4 30 2
4 31 1
4 32 2
4 33 1
4 34 1
4 35 2
4 36 2
4 37 2
4 38 3
4 39 1
4 40 2
4 41 3
4 42 2
4 43 1
4 44 1
4 45 2
4 46 2
4 47 2
4 48 2
4 49 1
4 50 2
4 51 3
4 52 1
4 53 3
4 54 2
4 55 1
4 56 2
4 57 4
4 58 1
4 59 1
4 60 2
4 61 1
4 62 1
4 63 2
4 64 2
4 65 3
4 66 1
4 67 2
4 68 1
4 69 1
4 70 1
4 71 3
4 72 2
4 73 3
4 74 1
4 75 2
4 76 2
4 77 2
4 78 1
4 79 2
4 80 2
4 81 3
4 82 3
4 83 1
4 84 1
4 85 2
4 86 2
4 87 3
4 88 1
4 89 3
4 90 2
4 91 2
4 92 2
4 93 2
4 94 2
4 95 1
4 96 1
4 97 2
4 98 2
4 99 1
5 6 2
5 7 2
5 8 1
5 9 2
5 10 3
5 11 1
5 12 2
5 13 2
5 14 1
5 15 3
5 16 2
5 17 2
5 18 2
5 19 2
5 20 2
5 21 1
5 22 1
5 23 3
5 24 1
5 25 1
5 26 1
5 27 3
5 28 3
5 29 1
5 30 2
5 31 1
5 32 1
5 33 1
5 34 1
5 35 2
5 36 2
5 37 2
5 38 3
5 39 1
5 40 2
5 41 3
5 42 2
5 43 1
5 44 2
5 45 2
5 46 1
5 47 2
5 48 1
5 49 1
5 50 2
5 51 3
5 52 2
5 53 2
5 54 2
5 55 1
5 56 2
5 57 4
5 58 1
5 59 1
5 60 2
5 61 1
5 62 1
5 63 2
5 64 2
5 65 2
5 66 2
5 67 2
5 68 2
5 69 1
5 70 1
5 71 2
5 72 2
5 73 3
5 74 1
5 75 2
5 76 1
5 77 3
5 78 1
5 79 1
5 80 2
5 81 3
5 82 3
5 83 1
5 84 1
5 85 2
5 86 2
5 87 3
5 88 1
5 89 2
5 90 2
5 91 2
5 92 2
5 93 2
5 94 2
5 95 1
5 96 1
5 97 2
5 98 1
5 99 1
6 7 1
6 8 2
6 9 1
6 10 3
6 11 2
6 12 2
6 13 4
6 14 2
6 15 1
6 16 1
6 17 1
6 18 1
6 19 1
6 20 2
6 21 3
6 22 3
6 23 1
6 24 2
6 25 2
6 26 3
6 27 4
6 28 3
6 29 3
6 30 3
6 31 2
6 32 3
6 33 1
6 34 2
6 35 1
6 36 3
6 37 2
6 38 2
6 39 2
6 40 3
6 41 3
6 42 3
6 43 1
6 44 1
6 45 4
6 46 3
6 47 2
6 48 3
6 49 2
6 50 2
6 51 4
6 52 2
6 53 4
6 54 2
6 55 3
6 56 1
6 57 3
6 58 3
6 59 2
6 60 1
6 61 2
6 62 2
6 63 1
6 64 2
6 65 4
6 66 1
6 67 2
6 68 1
6 69 2
6 70 1
6 71 4
6 72 1
6 73 3
6 74 2
6 75 3
6 76 3
6 77 1
6 78 2
6 79 2
6 80 1
6 81 3
6 82 3
6 83 3
6 84 2
6 85 3
6 86 1
6 87 2
6 88 2
6 89 4
6 90 4
6 91 2
6 92 1
6 93 3
6 94 4
6 95 2
6 96 2
6 97 3
6 98 3
6 99 3
7 8 1
7 9 2
7 10 4
7 11 2
7 12 1
7 13 3
7 14 2
7 15 2
7 16 2
7 17 1
7 18 1
7 19 1
7 20 1
7 21 2
7 22 3
7 23 2
7 24 1
7 25 1
7 26 2
7 27 4
7 28 4
7 29 2
7 30 3
7 31 1
7 32 2
7 33 2
7 34 1
7 35 2
7 36 3
7 37 2
7 38 3
7 39 1
7 40 3
7 41 4
7 42 2
7 43 1
7 44 2
7 45 3
7 46 2
7 47 3
7 48 2
7 49 1
7 50 3
7 51 4
7 52 1
7 53 3
7 54 1
7 55 2
7 56 2
7 57 4
7 58 2
7 59 2
7 60 2
7 61 1
7 62 1
7 63 2
7 64 3
7 65 4
7 66 1
7 67 3
7 68 1
7 69 2
7 70 1
7 71 3
7 72 2
7 73 4
7 74 2
7 75 3
7 76 2
7 77 2
7 78 2
7 79 2
7 80 2
7 81 4
7 82 4
7 83 2
7 84 1
7 85 3
7 86 1
7 87 3
7 88 1
7 89 4
7 90 3
7 91 2
7 92 2
7 93 3
7 94 3
7 95 2
7 96 2
7 97 3
7 98 2
7 99 2
8 9 2
8 10 4
8 11 1
8 12 1
8 13 2
8 14 1
8 15 3
8 16 2
8 17 2
8 18 2
8 19 2
8 20 1
8 21 1
8 22 2
8 23 3
8 24 1
8 25 1
8 26 1
8 27 3
8 28 3
8 29 1
8 30 2
8 31 1
8 32 1
8 33 2
8 34 1
8 35 2
8 36 2
8 37 2
8 38 3
8 39 1
8 40 2
8 41 3
8 42 1
8 43 1
8 44 2
8 45 2
8 46 1
8 47 3
8 48 1
8 49 1
8 50 2
8 51 3
8 52 1
8 53 2
8 54 2
8 55 1
8 56 2
8 57 4
8 58 1
8 59 1
8 60 3
8 61 1
8 62 1
8 63 2
8 64 3
8 65 3
8 66 2
8 67 3
8 68 1
8 69 1
8 70 1
8 71 2
8 72 2
8 73 3
8 74 1
8 75 2
8 76 1
8 77 3
8 78 1
8 79 2
8 80 2
8 81 3
8 82 3
8 83 1
8 84 1
8 85 2
8 86 2
8 87 3
8 88 1
8 89 3
8 90 2
8 91 2
8 92 2
8 93 2
8 94 2
8 95 1
8 96 1
8 97 2
8 98 1
8 99 1
9 10 3
9 11 2
9 12 2
9 13 4
9 14 2
9 15 1
9 16 1
9 17 1
9 18 1
9 19 1
9 20 3
9 21 3
9 22 3
9 23 1
9 24 2
9 25 2
9 26 3
9 27 3
9 28 3
9 29 3
9 30 3
9 31 2
9 32 3
9 33 1
9 34 2
9 35 1
9 36 3
9 37 1
9 38 2
9 39 2
9 40 3
9 41 3
9 42 3
9 43 1
9 44 1
9 45 4
9 46 3
9 47 1
9 48 3
9 49 3
9 50 2
9 51 4
9 52 3
9 53 4
9 54 3
9 55 3
9 56 1
9 57 3
9 58 3
9 59 2
9 60 1
9 61 2
9 62 3
9 63 1
9 64 2
9 65 4
9 66 1
9 67 2
9 68 2
9 69 2
9 70 2
9 71 4
9 72 1
9 73 2
9 74 2
9 75 3
9 76 3
9 77 1
9 78 2
9 79 2
9 80 1
9 81 3
9 82 3
9 83 3
9 84 2
9 85 3
9 86 1
9 87 2
9 88 2
9 89 4
9 90 4
9 91 1
9 92 1
9 93 3
9 94 4
9 95 2
9 96 2
9 97 3
9 98 3
9 99 3
10 11 3
10 12 4
10 13 4
10 14 3
10 15 3
10 16 2
10 17 3
10 18 3
10 19 3
10 20 4
10 21 4
10 22 3
10 23 3
10 24 4
10 25 3
10 26 4
10 27 1
10 28 1
10 29 4
10 30 2
10 31 3
10 32 4
10 33 2
10 34 3
10 35 3
10 36 2
10 37 2
10 38 1
10 39 3
10 40 4
10 41 1
10 42 5
10 43 3
10 44 2
10 45 4
10 46 4
10 47 2
10 48 3
10 49 4
10 50 2
10 51 3
10 52 4
10 53 4
10 54 5
10 55 4
10 56 2
10 57 1
10 58 4
10 59 3
10 60 2
10 61 3
10 62 4
10 63 3
10 64 1
10 65 3
10 66 3
10 67 1
10 68 3
10 69 3
10 70 3
10 71 3
10 72 3
10 73 1
10 74 3
10 75 2
10 76 3
10 77 3
10 78 3
10 79 3
10 80 2
10 81 1
10 82 1
10 83 4
10 84 4
10 85 2
10 86 3
10 87 1
10 88 4
10 89 2
10 90 4
10 91 2
10 92 3
10 93 2
10 94 4
10 95 3
10 96 3
10 97 4
10 98 3
10 99 4
11 12 2
11 13 2
11 14 1
11 15 3
11 16 2
11 17 2
11 18 2
11 19 2
11 20 2
11 21 1
11 22 1
11 23 3
11 24 2
11 25 1
11 26 1
11 27 3
11 28 3
11 29 1
11 30 1
11 31 1
11 32 1
11 33 1
11 34 1
11 35 3
11 36 2
11 37 2
11 38 3
11 39 1
11 40 1
11 41 2
11 42 2
11 43 2
11 44 2
11 45 2
11 46 1
11 47 2
11 48 1
11 49 2
11 50 2
11 51 2
11 52 2
11 53 2
11 54 2
11 55 1
11 56 2
11 57 3
11 58 1
11 59 1
11 60 2
11 61 1
11 62 1
11 63 3
11 64 2
11 65 2
11 66 2
11 67 2
11 68 2
11 69 1
11 70 2
11 71 2
11 72 3
11 73 3
11 74 1
11 75 2
11 76 1
11 77 3
11 78 1
11 79 1
11 80 2
11 81 2
11 82 2
11 83 1
11 84 1
11 85 2
11 86 3
11 87 3
11 88 1
11 89 2
11 90 2
11 91 2
11 92 2
11 93 1
11 94 2
11 95 1
11 96 1
11 97 1
11 98 1
11 99 1
12 13 3
12 14 2
12 15 3
12 16 2
12 17 1
12 18 1
12 19 2
12 20 1
12 21 2
12 22 3
12 23 3
12 24 1
12 25 1
12 26 2
12 27 4
12 28 4
12 29 2
12 30 3
12 31 2
12 32 2
12 33 2
12 34 1
12 35 3
12 36 3
12 37 3
12 38 3
12 39 1
12 40 2
12 41 4
12 42 1
12 43 2
12 44 2
12 45 2
12 46 2
12 47 3
12 48 2
12 49 1
12 50 3
12 51 4
12 52 1
12 53 3
12 54 1
12 55 1
12 56 2
12 57 4
12 58 1
12 59 2
12 60 3
12 61 1
12 62 1
12 63 2
12 64 3
12 65 4
12 66 2
12 67 3
12 68 1
12 69 2
12 70 1
12 71 3
12 72 2
12 73 4
12 74 2
12 75 3
12 76 2
12 77 3
12 78 2
12 79 3
12 80 2
12 81 4
12 82 4
12 83 2
12 84 1
12 85 3
12 86 2
12 87 3
12 88 1
12 89 4
12 90 3
12 91 3
12 92 2
12 93 3
12 94 3
12 95 2
12 96 2
12 97 3
12 98 2
12 99 2
13 14 3
13 15 4
13 16 3
13 17 3
13 18 3
13 19 3
13 20 3
13 21 2
13 22 1
13 23 4
13 24 3
13 25 2
13 26 2
13 27 3
13 28 3
13 29 2
13 30 2
13 31 2
13 32 1
13 33 3
13 34 3
13 35 4
13 36 2
13 37 4
13 38 4
13 39 2
13 40 1
13 41 3
13 42 3
13 43 3
13 44 3
13 45 1
13 46 1
13 47 4
13 48 1
13 49 3
13 50 3
13 51 1
13 52 3
13 53 1
13 54 3
13 55 2
13 56 4
13 57 4
13 58 2
13 59 2
13 60 4
13 61 2
13 62 2
13 63 4
13 64 3
13 65 1
13 66 3
13 67 3
13 68 3
13 69 2
13 70 3
13 71 1
13 72 4
13 73 3
13 74 2
13 75 2
13 76 1
13 77 4
13 78 2
13 79 2
13 80 4
13 81 3
13 82 3
13 83 2
13 84 3
13 85 2
13 86 4
13 87 4
13 88 3
13 89 2
13 90 1
13 91 4
13 92 4
13 93 2
13 94 1
13 95 2
13 96 2
13 97 1
13 98 1
13 99 2
14 15 2
14 16 1
14 17 2
14 18 1
14 19 1
14 20 2
14 21 1
14 22 2
14 23 2
14 24 1
14 25 1
14 26 2
14 27 3
14 28 2
14 29 2
14 30 2
14 31 1
14 32 2
14 33 1
14 34 1
14 35 2
14 36 2
14 37 1
14 38 2
14 39 1
14 40 2
14 41 2
14 42 2
14 43 1
14 44 1
14 45 2
14 46 2
14 47 2
14 48 2
14 49 2
14 50 1
14 51 3
14 52 2
14 53 3
14 54 2
14 55 2
14 56 1
14 57 3
14 58 2
14 59 1
14 60 2
14 61 1
14 62 1
14 63 2
14 64 2
14 65 3
14 66 1
14 67 2
14 68 1
14 69 1
14 70 1
14 71 2
14 72 2
14 73 2
14 74 1
14 75 2
14 76 2
14 77 2
14 78 1
14 79 1
14 80 1
14 81 2
14 82 2
14 83 2
14 84 2
14 85 2
14 86 2
14 87 2
14 88 1
14 89 2
14 90 3
14 91 1
14 92 2
14 93 1
14 94 2
14 95 1
14 96 1
14 97 2
14 98 2
14 99 1
15 16 2
15 17 2
15 18 2
15 19 1
15 20 3
15 21 3
15 22 4
15 23 1
15 24 2
15 25 3
15 26 4
15 27 4
15 28 3
15 29 4
15 30 4
15 31 2
15 32 3
15 33 2
15 34 2
15 35 1
15 36 3
15 37 2
15 38 2
15 39 3
15 40 4
15 41 3
15 42 3
15 43 2
15 44 2
15 45 4
15 46 4
15 47 2
15 48 4
15 49 3
15 50 3
15 51 5
15 52 3
15 53 5
15 54 3
15 55 3
15 56 2
15 57 3
15 58 3
15 59 3
15 60 1
15 61 3
15 62 3
15 63 1
15 64 2
15 65 5
15 66 1
15 67 2
15 68 2
15 69 3
15 70 2
15 71 4
15 72 1
15 73 3
15 74 3
15 75 4
15 76 3
15 77 1
15 78 3
15 79 3
15 80 1
15 81 4
15 82 4
15 83 3
15 84 3
15 85 3
15 86 1
15 87 3
15 88 3
15 89 4
15 90 4
15 91 2
15 92 1
15 93 3
15 94 4
15 95 3
15 96 3
15 97 4
15 98 4
15 99 3
16 17 2
16 18 1
16 19 1
16 20 2
16 21 2
16 22 2
16 23 1
16 24 2
16 25 2
16 26 3
16 27 3
16 28 2
16 29 3
16 30 2
16 31 1
16 32 2
16 33 1
16 34 1
16 35 1
16 36 2
16 37 1
16 38 2
16 39 2
16 40 3
16 41 2
16 42 3
16 43 1
16 44 1
16 45 3
16 46 2
16 47 1
16 48 2
16 49 2
16 50 1
16 51 4
16 52 3
16 53 4
16 54 3
16 55 2
16 56 1
16 57 3
16 58 2
16 59 2
16 60 1
16 61 2
16 62 2
16 63 1
16 64 1
16 65 3
16 66 1
16 67 1
16 68 2
16 69 2
16 70 1
16 71 3
16 72 1
16 73 2
16 74 2
16 75 3
16 76 2
16 77 1
16 78 1
16 79 2
16 80 1
16 81 2
16 82 2
16 83 2
16 84 2
16 85 2
16 86 1
16 87 2
16 88 2
16 89 3
16 90 3
16 91 1
16 92 1
16 93 2
16 94 3
16 95 2
16 96 2
16 97 3
16 98 3
16 99 2
17 18 1
17 19 1
17 20 2
17 21 2
17 22 3
17 23 2
17 24 1
17 25 2
17 26 3
17 27 4
17 28 3
17 29 2
17 30 3
17 31 1
17 32 2
17 33 2
17 34 1
17 35 2
17 36 3
17 37 2
17 38 3
17 39 1
17 40 3
17 41 3
17 42 2
17 43 1
17 44 1
17 45 3
17 46 2
17 47 2
17 48 3
17 49 2
17 50 2
17 51 4
17 52 2
17 53 4
17 54 2
17 55 2
17 56 2
17 57 4
17 58 2
17 59 2
17 60 2
17 61 2
17 62 2
17 63 1
17 64 2
17 65 4
17 66 1
17 67 2
17 68 1
17 69 2
17 70 1
17 71 4
17 72 1
17 73 3
17 74 2
17 75 3
17 76 2
17 77 2
17 78 2
17 79 2
17 80 1
17 81 3
17 82 3
17 83 2
17 84 2
17 85 3
17 86 1
17 87 3
17 88 1
17 89 4
17 90 3
17 91 2
17 92 1
17 93 3
17 94 3
17 95 2
17 96 2
17 97 3
17 98 3
17 99 2
18 19 1
18 20 2
18 21 2
18 22 2
18 23 2
18 24 1
18 25 1
18 26 2
18 27 4
18 28 3
18 29 2
18 30 3
18 31 1
18 32 2
18 33 1
18 34 1
18 35 2
18 36 3
18 37 2
18 38 2
18 39 1
18 40 3
18 41 3
18 42 2
18 43 1
18 44 1
18 45 3
18 46 2
18 47 2
18 48 2
18 49 2
18 50 2
18 51 4
18 52 2
18 53 3
18 54 2
18 55 2
18 56 1
18 57 3
18 58 2
18 59 1
18 60 2
18 61 1
18 62 2
18 63 1
18 64 2
18 65 3
18 66 1
18 67 2
18 68 1
18 69 2
18 70 1
18 71 3
18 72 1
18 73 3
18 74 2
18 75 3
18 76 2
18 77 2
18 78 1
18 79 2
18 80 1
18 81 3
18 82 3
18 83 2
18 84 1
18 85 3
18 86 1
18 87 2
18 88 1
18 89 3
18 90 3
18 91 2
18 92 1
18 93 2
18 94 3
18 95 2
18 96 2
18 97 3
18 98 2
18 99 2
19 20 2
19 21 2
19 22 3
19 23 1
19 24 1
19 25 2
19 26 3
19 27 4
19 28 3
19 29 3
19 30 3
19 31 1
19 32 2
19 33 1
19 34 1
19 35 1
19 36 3
19 37 1
19 38 2
19 39 2
19 40 3
19 41 3
19 42 2
19 43 1
19 44 1
19 45 3
19 46 3
19 47 2
19 48 3
19 49 2
19 50 2
19 51 4
19 52 2
19 53 4
19 54 2
19 55 2
19 56 1
19 57 3
19 58 2
19 59 2
19 60 1
19 61 2
19 62 2
19 63 1
19 64 2
19 65 4
19 66 1
19 67 2
19 68 1
19 69 2
19 70 1
19 71 3
19 72 1
19 73 3
19 74 2
19 75 3
19 76 2
19 77 1
19 78 2
19 79 2
19 80 1
19 81 3
19 82 3
19 83 2
19 84 2
19 85 3
19 86 1
19 87 2
19 88 2
19 89 3
19 90 3
19 91 1
19 92 1
19 93 2
19 94 3
19 95 2
19 96 2
19 97 3
19 98 3
19 99 2
20 21 2
20 22 3
20 23 3
20 24 1
20 25 1
20 26 2
20 27 4
20 28 4
20 29 2
20 30 3
20 31 2
20 32 2
20 33 2
20 34 2
20 35 3
20 36 3
20 37 3
20 38 4
20 39 1
20 40 2
20 41 4
20 42 1
20 43 2
20 44 2
20 45 2
20 46 2
20 47 3
20 48 2
20 49 1
20 50 3
20 51 4
20 52 1
20 53 3
20 54 1
20 55 1
20 56 3
20 57 5
20 58 1
20 59 2
20 60 3
20 61 1
20 62 1
20 63 2
20 64 3
20 65 4
20 66 2
20 67 3
20 68 1
20 69 2
20 70 1
20 71 3
20 72 2
20 73 4
20 74 2
20 75 3
20 76 2
20 77 3
20 78 2
20 79 3
20 80 2
20 81 4
20 82 4
20 83 2
20 84 1
20 85 3
20 86 2
20 87 4
20 88 1
20 89 4
20 90 3
20 91 3
20 92 3
20 93 3
20 94 3
20 95 2
20 96 2
20 97 3
20 98 2
20 99 2
21 22 1
21 23 3
21 24 1
21 25 1
21 26 1
21 27 3
21 28 3
21 29 1
21 30 2
21 31 1
21 32 1
21 33 2
21 34 1
21 35 3
21 36 2
21 37 2
21 38 3
21 39 1
21 40 1
21 41 3
21 42 1
21 43 2
21 44 2
21 45 1
21 46 1
21 47 3
21 48 1
21 49 1
21 50 2
21 51 3
21 52 1
21 53 2
21 54 2
21 55 1
21 56 2
21 57 4
21 58 1
21 59 1
21 60 3
21 61 1
21 62 1
21 63 3
21 64 3
21 65 2
21 66 2
21 67 3
21 68 2
21 69 1
21 70 2
21 71 2
21 72 3
21 73 3
21 74 1
21 75 2
21 76 1
21 77 3
21 78 1
21 79 2
21 80 2
21 81 3
21 82 3
21 83 1
21 84 1
21 85 2
21 86 3
21 87 3
21 88 1
21 89 2
21 90 2
21 91 2
21 92 3
21 93 2
21 94 2
21 95 1
21 96 1
21 97 2
21 98 1
21 99 1
22 23 3
22 24 2
22 25 2
22 26 1
22 27 3
22 28 3
22 29 2
22 30 1
22 31 2
22 32 1
22 33 2
22 34 2
22 35 3
22 36 1
22 37 3
22 38 3
22 39 2
22 40 1
22 41 2
22 42 2
22 43 2
22 44 2
22 45 1
22 46 1
22 47 3
22 48 1
22 49 2
22 50 2
22 51 2
22 52 2
22 53 2
22 54 3
22 55 2
22 56 3
22 57 3
22 58 2
22 59 1
22 60 3
22 61 2
22 62 2
22 63 3
22 64 2
22 65 1
22 66 3
22 67 2
22 68 2
22 69 1
22 70 2
22 71 1
22 72 3
22 73 3
22 74 1
22 75 1
22 76 1
22 77 3
22 78 1
22 79 1
22 80 3
22 81 2
22 82 2
22 83 1
22 84 2
22 85 2
22 86 3
22 87 3
22 88 2
22 89 1
22 90 1
22 91 3
22 92 3
22 93 1
22 94 1
22 95 1
22 96 1
22 97 1
22 98 1
22 99 1
23 24 2
23 25 3
23 26 4
23 27 3
23 28 3
23 29 4
23 30 3
23 31 2
23 32 3
23 33 2
23 34 2
23 35 1
23 36 3
23 37 1
23 38 2
23 39 3
23 40 4
23 41 3
23 42 3
23 43 2
23 44 1
23 45 4
23 46 3
23 47 1
23 48 3
23 49 3
23 50 2
23 51 5
23 52 3
23 53 4
23 54 3
23 55 3
23 56 1
23 57 3
23 58 3
23 59 2
23 60 1
23 61 3
23 62 3
23 63 1
23 64 2
23 65 4
23 66 1
23 67 2
23 68 2
23 69 3
23 70 2
23 71 4
23 72 1
23 73 2
23 74 3
23 75 4
23 76 3
23 77 1
23 78 2
23 79 3
23 80 1
23 81 3
23 82 3
23 83 3
23 84 3
23 85 3
23 86 1
23 87 2
23 88 3
23 89 4
23 90 4
23 91 1
23 92 1
23 93 3
23 94 4
23 95 3
23 96 3
23 97 4
23 98 3
23 99 3
24 25 1
24 26 2
24 27 4
24 28 3
24 29 2
24 30 3
24 31 1
24 32 2
24 33 2
24 34 1
24 35 2
24 36 3
24 37 2
24 38 3
24 39 1
24 40 2
24 41 3
24 42 1
24 43 1
24 44 2
24 45 2
24 46 2
24 47 3
24 48 2
24 49 1
24 50 2
24 51 3
24 52 1
24 53 3
24 54 1
24 55 1
24 56 2
24 57 4
24 58 1
24 59 1
24 60 2
24 61 1
24 62 1
24 63 2
24 64 3
24 65 3
24 66 1
24 67 3
24 68 1
24 69 2
24 70 1
24 71 3
24 72 2
24 73 3
24 74 2
24 75 3
24 76 2
24 77 2
24 78 1
24 79 2
24 80 2
24 81 3
24 82 3
24 83 2
24 84 1
24 85 3
24 86 2
24 87 3
24 88 1
24 89 3
24 90 3
24 91 2
24 92 2
24 93 2
24 94 2
24 95 1
24 96 2
24 97 2
24 98 2
24 99 1
25 26 1
25 27 3
25 28 3
25 29 1
25 30 2
25 31 1
25 32 1
25 33 1
25 34 1
25 35 2
25 36 2
25 37 2
25 38 3
25 39 1
25 40 2
25 41 3
25 42 2
25 43 1
25 44 2
25 45 2
25 46 1
25 47 2
25 48 1
25 49 1
25 50 2
25 51 3
25 52 1
25 53 3
25 54 2
25 55 1
25 56 2
25 57 4
25 58 1
25 59 1
25 60 2
25 61 1
25 62 1
25 63 2
25 64 2
25 65 3
25 66 2
25 67 2
25 68 1
25 69 1
25 70 1
25 71 2
25 72 2
25 73 3
25 74 1
25 75 2
25 76 1
25 77 3
25 78 1
25 79 2
25 80 2
25 81 3
25 82 3
25 83 1
25 84 1
25 85 2
25 86 2
25 87 3
25 88 1
25 89 3
25 90 2
25 91 2
25 92 2
25 93 2
25 94 2
25 95 1
25 96 1
25 97 2
25 98 2
25 99 1
26 27 4
26 28 4
26 29 1
26 30 2
26 31 2
26 32 1
26 33 2
26 34 2
26 35 3
26 36 2
26 37 3
26 38 4
26 39 2
26 40 1
26 41 3
26 42 2
26 43 2
26 44 3
26 45 1
26 46 1
26 47 3
26 48 1
26 49 2
26 50 3
26 51 2
26 52 2
26 53 2
26 54 2
26 55 1
26 56 3
26 57 4
26 58 1
26 59 2
26 60 3
26 61 2
26 62 1
26 63 3
26 64 3
26 65 2
26 66 3
26 67 3
26 68 2
26 69 2
26 70 2
26 71 2
26 72 3
26 73 4
26 74 2
26 75 2
26 76 1
26 77 4
26 78 2
26 79 2
26 80 3
26 81 3
26 82 3
26 83 1
26 84 2
26 85 3
26 86 3
26 87 4
26 88 2
26 89 2
26 90 1
26 91 3
26 92 3
26 93 2
26 94 1
26 95 1
26 96 2
26 97 1
26 98 1
26 99 1
27 28 1
27 29 4
27 30 2
27 31 3
27 32 3
27 33 3
27 34 3
27 35 3
27 36 2
27 37 3
27 38 2
27 39 3
27 40 4
27 41 1
27 42 4
27 43 4
27 44 3
27 45 4
27 46 3
27 47 2
27 48 3
27 49 4
27 50 2
27 51 3
27 52 4
27 53 3
27 54 5
27 55 4
27 56 3
27 57 1
27 58 4
27 59 3
27 60 3
27 61 3
27 62 4
27 63 4
27 64 2
27 65 3
27 66 4
27 67 2
27 68 4
27 69 3
27 70 4
27 71 2
27 72 4
27 73 1
27 74 3
27 75 2
27 76 3
27 77 3
27 78 3
27 79 2
27 80 3
27 81 1
27 82 1
27 83 3
27 84 4
27 85 1
27 86 4
27 87 2
27 88 4
27 89 2
27 90 4
27 91 3
27 92 3
27 93 2
27 94 4
27 95 3
27 96 2
27 97 3
27 98 3
27 99 3
28 29 4
28 30 2
28 31 3
28 32 3
28 33 2
28 34 3
28 35 3
28 36 2
28 37 2
28 38 1
28 39 3
28 40 4
28 41 1
28 42 4
28 43 3
28 44 2
28 45 4
28 46 3
28 47 2
28 48 3
28 49 4
28 50 1
28 51 3
28 52 4
28 53 3
28 54 4
28 55 4
28 56 2
28 57 1
28 58 4
28 59 3
28 60 2
28 61 3
28 62 3
28 63 3
28 64 2
28 65 3
28 66 3
28 67 1
28 68 3
28 69 2
28 70 3
28 71 2
28 72 3
28 73 1
28 74 3
28 75 2
28 76 3
28 77 3
28 78 3
28 79 2
28 80 3
28 81 1
28 82 1
28 83 3
28 84 4
28 85 1
28 86 3
28 87 1
28 88 3
28 89 2
28 90 4
28 91 2
28 92 3
28 93 2
28 94 4
28 95 3
28 96 2
28 97 3
28 98 3
28 99 3
29 30 2
29 31 2
29 32 1
29 33 2
29 34 2
29 35 3
29 36 3
29 37 3
29 38 4
29 39 2
29 40 1
29 41 3
29 42 1
29 43 2
29 44 3
29 45 1
29 46 1
29 47 3
29 48 2
29 49 1
29 50 3
29 51 2
29 52 2
29 53 2
29 54 2
29 55 1
29 56 3
29 57 4
29 58 1
29 59 2
29 60 3
29 61 1
29 62 1
29 63 3
29 64 3
29 65 2
29 66 3
29 67 3
29 68 2
29 69 2
29 70 2
29 71 2
29 72 3
29 73 4
29 74 2
29 75 2
29 76 1
29 77 4
29 78 2
29 79 2
29 80 3
29 81 3
29 82 3
29 83 1
29 84 1
29 85 3
29 86 3
29 87 4
29 88 1
29 89 3
29 90 1
29 91 3
29 92 3
29 93 2
29 94 1
29 95 1
29 96 2
29 97 1
29 98 1
29 99 1
30 31 2
30 32 2
30 33 2
30 34 2
30 35 3
30 36 1
30 37 2
30 38 2
30 39 2
30 40 2
30 41 2
30 42 3
30 43 3
30 44 2
30 45 2
30 46 2
30 47 2
30 48 1
30 49 3
30 50 1
30 51 2
30 52 3
30 53 2
30 54 3
30 55 2
30 56 2
30 57 2
30 58 2
30 59 2
30 60 3
30 61 2
30 62 2
30 63 3
30 64 2
30 65 2
30 66 3
30 67 2
30 68 3
30 69 1
30 70 3
30 71 1
30 72 3
30 73 2
30 74 1
30 75 1
30 76 1
30 77 3
30 78 2
30 79 1
30 80 3
30 81 1
30 82 1
30 83 2
30 84 2
30 85 1
30 86 3
30 87 2
30 88 2
30 89 1
30 90 2
30 91 2
30 92 3
30 93 1
30 94 2
30 95 2
30 96 1
30 97 2
30 98 1
30 99 2
31 32 1
31 33 1
31 34 1
31 35 2
31 36 2
31 37 2
31 38 3
31 39 1
31 40 2
31 41 3
31 42 2
31 43 1
31 44 1
31 45 2
31 46 2
31 47 2
31 48 2
31 49 1
31 50 2
31 51 3
31 52 2
31 53 3
31 54 2
31 55 1
31 56 2
31 57 4
31 58 1
31 59 1
31 60 2
31 61 1
31 62 1
31 63 2
31 64 2
31 65 3
31 66 1
31 67 2
31 68 1
31 69 1
31 70 1
31 71 3
31 72 2
31 73 3
31 74 1
31 75 2
31 76 1
31 77 2
31 78 1
31 79 1
31 80 2
31 81 3
31 82 3
31 83 1
31 84 1
31 85 2
31 86 2
31 87 3
31 88 1
31 89 3
31 90 2
31 91 2
31 92 2
31 93 2
31 94 2
31 95 1
31 96 1
31 97 2
31 98 2
31 99 1
32 33 2
32 34 2
32 35 3
32 36 2
32 37 3
32 38 3
32 39 1
32 40 1
32 41 3
32 42 2
32 43 2
32 44 2
32 45 1
32 46 1
32 47 3
32 48 1
32 49 2
32 50 2
32 51 2
32 52 2
32 53 2
32 54 2
32 55 1
32 56 3
32 57 4
32 58 1
32 59 1
32 60 3
32 61 1
32 62 1
32 63 3
32 64 3
32 65 2
32 66 2
32 67 3
32 68 2
32 69 1
32 70 2
32 71 2
32 72 3
32 73 3
32 74 1
32 75 2
32 76 1
32 77 3
32 78 1
32 79 2
32 80 3
32 81 3
32 82 3
32 83 1
32 84 2
32 85 2
32 86 3
32 87 3
32 88 2
32 89 2
32 90 1
32 91 3
32 92 3
32 93 2
32 94 1
32 95 1
32 96 1
32 97 1
32 98 1
32 99 1
33 34 1
33 35 2
33 36 2
33 37 1
33 38 2
33 39 1
33 40 2
33 41 2
33 42 3
33 43 1
33 44 1
33 45 3
33 46 2
33 47 1
33 48 2
33 49 2
33 50 1
33 51 3
33 52 2
33 53 3
33 54 3
33 55 2
33 56 1
33 57 3
33 58 2
33 59 1
33 60 1
33 61 1
33 62 2
33 63 2
33 64 1
33 65 3
33 66 1
33 67 1
33 68 1
33 69 1
33 70 1
33 71 3
33 72 2
33 73 2
33 74 1
33 75 2
33 76 2
33 77 2
33 78 1
33 79 1
33 80 1
33 81 2
33 82 2
33 83 2
33 84 2
33 85 2
33 86 2
33 87 2
33 88 2
33 89 3
33 90 3
33 91 1
33 92 1
33 93 2
33 94 3
33 95 1
33 96 1
33 97 2
33 98 2
33 99 2
34 35 2
34 36 2
34 37 2
34 38 3
34 39 1
34 40 2
34 41 3
34 42 2
34 43 1
34 44 1
34 45 2
34 46 2
34 47 2
34 48 2
34 49 1
34 50 2
34 51 3
34 52 2
34 53 3
34 54 2
34 55 1
34 56 2
34 57 4
34 58 1
34 59 1
34 60 2
34 61 1
34 62 1
34 63 2
34 64 2
34 65 3
34 66 1
34 67 2
34 68 1
34 69 1
34 70 1
34 71 3
34 72 2
34 73 3
34 74 1
34 75 2
34 76 2
34 77 2
34 78 1
34 79 2
34 80 1
34 81 3
34 82 3
34 83 1
34 84 1
34 85 2
34 86 2
34 87 3
34 88 1
34 89 3
34 90 2
34 91 2
34 92 2
34 93 2
34 94 2
34 95 1
34 96 1
34 97 2
34 98 2
34 99 1
35 36 3
35 37 1
35 38 2
35 39 2
35 40 4
35 41 3
35 42 3
35 43 1
35 44 1
35 45 4
35 46 3
35 47 1
35 48 3
35 49 3
35 50 2
35 51 4
35 52 3
35 53 4
35 54 3
35 55 3
35 56 1
35 57 3
35 58 3
35 59 2
35 60 1
35 61 2
35 62 3
35 63 1
35 64 2
35 65 4
35 66 1
35 67 2
35 68 2
35 69 3
35 70 2
35 71 4
35 72 1
35 73 2
35 74 3
35 75 4
35 76 3
35 77 1
35 78 2
35 79 3
35 80 1
35 81 3
35 82 3
35 83 3
35 84 3
35 85 3
35 86 1
35 87 2
35 88 3
35 89 4
35 90 4
35 91 1
35 92 1
35 93 3
35 94 4
35 95 2
35 96 3
35 97 3
35 98 3
35 99 3
36 37 2
36 38 2
36 39 2
36 40 2
36 41 1
36 42 3
36 43 3
36 44 2
36 45 2
36 46 2
36 47 2
36 48 1
36 49 3
36 50 1
36 51 2
36 52 3
36 53 2
36 54 4
36 55 3
36 56 2
36 57 2
36 58 3
36 59 2
36 60 3
36 61 2
36 62 3
36 63 3
36 64 2
36 65 2
36 66 3
36 67 1
36 68 3
36 69 1
36 70 3
36 71 1
36 72 3
36 73 2
36 74 1
36 75 1
36 76 2
36 77 3
36 78 2
36 79 1
36 80 3
36 81 1
36 82 1
36 83 2
36 84 3
36 85 1
36 86 3
36 87 2
36 88 3
36 89 1
36 90 2
36 91 2
36 92 3
36 93 1
36 94 2
36 95 2
36 96 1
36 97 2
36 98 2
36 99 2
37 38 1
37 39 2
37 40 3
37 41 2
37 42 3
37 43 1
37 44 1
37 45 3
37 46 3
37 47 1
37 48 3
37 49 3
37 50 1
37 51 4
37 52 3
37 53 4
37 54 3
37 55 3
37 56 1
37 57 2
37 58 3
37 59 2
37 60 1
37 61 2
37 62 2
37 63 2
37 64 1
37 65 4
37 66 1
37 67 1
37 68 2
37 69 2
37 70 2
37 71 3
37 72 1
37 73 2
37 74 2
37 75 3
37 76 3
37 77 1
37 78 2
37 79 2
37 80 1
37 81 2
37 82 2
37 83 3
37 84 3
37 85 2
37 86 2
37 87 1
37 88 2
37 89 3
37 90 4
37 91 1
37 92 1
37 93 2
37 94 3
37 95 2
37 96 2
37 97 3
37 98 3
37 99 2
38 39 3
38 40 4
38 41 1
38 42 4
38 43 2
38 44 2
38 45 4
38 46 3
38 47 1
38 48 3
38 49 4
38 50 1
38 51 4
38 52 4
38 53 4
38 54 4
38 55 4
38 56 1
38 57 1
38 58 4
38 59 3
38 60 1
38 61 3
38 62 3
38 63 2
38 64 1
38 65 4
38 66 2
38 67 1
38 68 3
38 69 2
38 70 3
38 71 3
38 72 2
38 73 1
38 74 3
38 75 3
38 76 3
38 77 2
38 78 3
38 79 2
38 80 2
38 81 2
38 82 2
38 83 3
38 84 3
38 85 2
38 86 2
38 87 1
38 88 3
38 89 3
38 90 4
38 91 1
38 92 2
38 93 2
38 94 4
38 95 3
38 96 2
38 97 3
38 98 3
38 99 3
39 40 2
39 41 3
39 42 2
39 43 1
39 44 2
39 45 2
39 46 1
39 47 2
39 48 2
39 49 1
39 50 2
39 51 3
39 52 1
39 53 3
39 54 2
39 55 1
39 56 2
39 57 4
39 58 1
39 59 1
39 60 2
39 61 1
39 62 1
39 63 2
39 64 2
39 65 3
39 66 2
39 67 2
39 68 1
39 69 1
39 70 1
39 71 3
39 72 2
39 73 3
39 74 1
39 75 2
39 76 1
39 77 3
39 78 1
39 79 2
39 80 2
39 81 3
39 82 3
39 83 1
39 84 1
39 85 2
39 86 2
39 87 3
39 88 1
39 89 3
39 90 2
39 91 2
39 92 2
39 93 2
39 94 2
39 95 1
39 96 1
39 97 2
39 98 2
39 99 1
40 41 3
40 42 2
40 43 3
40 44 3
40 45 1
40 46 1
40 47 3
40 48 1
40 49 2
40 50 3
40 51 2
40 52 2
40 53 2
40 54 2
40 55 1
40 56 3
40 57 4
40 58 1
40 59 2
40 60 3
40 61 2
40 62 2
40 63 4
40 64 3
40 65 2
40 66 3
40 67 3
40 68 3
40 69 2
40 70 3
40 71 2
40 72 4
40 73 4
40 74 2
40 75 2
40 76 1
40 77 4
40 78 2
40 79 2
40 80 3
40 81 3
40 82 3
40 83 1
40 84 2
40 85 3
40 86 4
40 87 4
40 88 2
40 89 2
40 90 1
40 91 3
40 92 3
40 93 2
40 94 1
40 95 2
40 96 2
40 97 1
40 98 1
40 99 1
41 42 4
41 43 3
41 44 2
41 45 3
41 46 3
41 47 2
41 48 2
41 49 4
41 50 1
41 51 3
41 52 4
41 53 3
41 54 4
41 55 3
41 56 2
41 57 1
41 58 3
41 59 2
41 60 2
41 61 3
41 62 3
41 63 3
41 64 1
41 65 3
41 66 3
41 67 1
41 68 3
41 69 2
41 70 3
41 71 2
41 72 3
41 73 1
41 74 2
41 75 2
41 76 2
41 77 3
41 78 2
41 79 2
41 80 2
41 81 1
41 82 1
41 83 3
41 84 3
41 85 1
41 86 3
41 87 1
41 88 3
41 89 2
41 90 3
41 91 2
41 92 3
41 93 1
41 94 3
41 95 3
41 96 2
41 97 3
41 98 3
41 99 3
42 43 2
42 44 3
42 45 2
42 46 2
42 47 4
42 48 2
42 49 1
42 50 3
42 51 3
42 52 1
42 53 3
42 54 1
42 55 1
42 56 3
42 57 5
42 58 1
42 59 2
42 60 3
42 61 2
42 62 1
42 63 3
42 64 4
42 65 3
42 66 2
42 67 4
42 68 2
42 69 2
42 70 2
42 71 3
42 72 3
42 73 4
42 74 2
42 75 3
42 76 2
42 77 3
42 78 2
42 79 3
42 80 3
42 81 4
42 82 4
42 83 2
42 84 1
42 85 3
42 86 3
42 87 4
42 88 1
42 89 3
42 90 2
42 91 3
42 92 3
42 93 3
42 94 2
42 95 2
42 96 2
42 97 2
42 98 2
42 99 2
43 44 1
43 45 3
43 46 2
43 47 2
43 48 2
43 49 2
43 50 2
43 51 3
43 52 2
43 53 3
43 54 2
43 55 2
43 56 1
43 57 3
43 58 2
43 59 1
43 60 2
43 61 1
43 62 2
43 63 1
43 64 2
43 65 3
43 66 1
43 67 2
43 68 1
43 69 2
43 70 1
43 71 3
43 72 1
43 73 3
43 74 2
43 75 3
43 76 2
43 77 2
43 78 1
43 79 2
43 80 1
43 81 3
43 82 3
43 83 2
43 84 2
43 85 3
43 86 1
43 87 2
43 88 2
43 89 3
43 90 3
43 91 1
43 92 1
43 93 2
43 94 3
43 95 1
43 96 2
43 97 2
43 98 2
43 99 2
44 45 3
44 46 2
44 47 1
44 48 2
44 49 2
44 50 1
44 51 4
44 52 2
44 53 3
44 54 3
44 55 2
44 56 1
44 57 3
44 58 2
44 59 1
44 60 1
44 61 2
44 62 2
44 63 2
44 64 1
44 65 3
44 66 1
44 67 1
44 68 1
44 69 2
44 70 1
44 71 3
44 72 1
44 73 2
44 74 2
44 75 3
44 76 2
44 77 1
44 78 1
44 79 2
44 80 1
44 81 2
44 82 2
44 83 2
44 84 2
44 85 2
44 86 1
44 87 2
44 88 2
44 89 3
44 90 3
44 91 1
44 92 1
44 93 2
44 94 3
44 95 2
44 96 2
44 97 3
44 98 2
44 99 2
45 46 1
45 47 4
45 48 1
45 49 2
45 50 3
45 51 2
45 52 2
45 53 2
45 54 2
45 55 1
45 56 3
45 57 4
45 58 1
45 59 2
45 60 4
45 61 2
45 62 2
45 63 4
45 64 3
45 65 2
45 66 3
45 67 3
45 68 3
45 69 2
45 70 3
45 71 2
45 72 4
45 73 4
45 74 2
45 75 2
45 76 1
45 77 4
45 78 2
45 79 2
45 80 3
45 81 3
45 82 3
45 83 1
45 84 2
45 85 3
45 86 4
45 87 4
45 88 2
45 89 2
45 90 1
45 91 3
45 92 4
45 93 2
45 94 1
45 95 2
45 96 2
45 97 1
45 98 1
45 99 1
46 47 3
46 48 1
46 49 2
46 50 2
46 51 2
46 52 2
46 53 2
46 54 2
46 55 1
46 56 3
46 57 4
46 58 1
46 59 1
46 60 3
46 61 1
46 62 1
46 63 3
46 64 3
46 65 2
46 66 3
46 67 3
46 68 2
46 69 1
46 70 2
46 71 2
46 72 3
46 73 3
46 74 1
46 75 2
46 76 1
46 77 3
46 78 1
46 79 2
46 80 3
46 81 3
46 82 3
46 83 1
46 84 2
46 85 2
46 86 3
46 87 3
46 88 2
46 89 2
46 90 1
46 91 3
46 92 3
46 93 2
46 94 1
46 95 1
46 96 1
46 97 1
46 98 1
46 99 1
47 48 3
47 49 3
47 50 1
47 51 4
47 52 3
47 53 4
47 54 4
47 55 3
47 56 1
47 57 2
47 58 3
47 59 2
47 60 1
47 61 2
47 62 3
47 63 2
47 64 1
47 65 4
47 66 2
47 67 1
47 68 2
47 69 2
47 70 2
47 71 3
47 72 2
47 73 1
47 74 2
47 75 3
47 76 3
47 77 1
47 78 2
47 79 2
47 80 1
47 81 2
47 82 2
47 83 3
47 84 3
47 85 2
47 86 2
47 87 1
47 88 3
47 89 3
47 90 4
47 91 1
47 92 1
47 93 2
47 94 4
47 95 2
47 96 2
47 97 3
47 98 3
47 99 3
48 49 2
48 50 2
48 51 2
48 52 2
48 53 2
48 54 3
48 55 2
48 56 3
48 57 3
48 58 2
48 59 1
48 60 3
48 61 2
48 62 2
48 63 3
48 64 2
48 65 2
48 66 3
48 67 2
48 68 2
48 69 1
48 70 2
48 71 1
48 72 3
48 73 3
48 74 1
48 75 1
48 76 1
48 77 3
48 78 1
48 79 1
48 80 3
48 81 2
48 82 2
48 83 1
48 84 2
48 85 2
48 86 3
48 87 3
48 88 2
48 89 2
48 90 1
48 91 3
48 92 3
48 93 1
48 94 1
48 95 1
48 96 1
48 97 1
48 98 1
48 99 1
49 50 3
49 51 3
49 52 1
49 53 3
49 54 1
49 55 1
49 56 3
49 57 5
49 58 1
49 59 2
49 60 3
49 61 1
49 62 1
49 63 2
49 64 3
49 65 3
49 66 2
49 67 3
49 68 1
49 69 2
49 70 1
49 71 3
49 72 2
49 73 4
49 74 2
49 75 3
49 76 2
49 77 3
49 78 2
49 79 2
49 80 2
49 81 4
49 82 4
49 83 2
49 84 1
49 85 3
49 86 2
49 87 4
49 88 1
49 89 3
49 90 2
49 91 3
49 92 3
49 93 3
49 94 2
49 95 2
49 96 2
49 97 2
49 98 2
49 99 1
50 51 3
50 52 3
50 53 3
50 54 3
50 55 3
50 56 1
50 57 2
50 58 3
50 59 2
50 60 2
50 61 2
50 62 2
50 63 2
50 64 1
50 65 3
50 66 2
50 67 1
50 68 2
50 69 1
50 70 2
50 71 2
50 72 2
50 73 1
50 74 2
50 75 2
50 76 2
50 77 2
50 78 2
50 79 1
50 80 2
50 81 1
50 82 1
50 83 2
50 84 3
50 85 1
50 86 2
50 87 1
50 88 2
50 89 2
50 90 3
50 91 1
50 92 2
50 93 1
50 94 3
50 95 2
50 96 1
50 97 2
50 98 2
50 99 2
51 52 4
51 53 1
51 54 4
51 55 3
51 56 4
51 57 3
51 58 3
51 59 3
51 60 4
51 61 3
51 62 3
51 63 4
51 64 3
51 65 1
51 66 4
51 67 3
51 68 4
51 69 3
51 70 4
51 71 1
51 72 4
51 73 3
51 74 2
51 75 2
51 76 2
51 77 5
51 78 3
51 79 2
51 80 4
51 81 2
51 82 3
51 83 2
51 84 3
51 85 2
51 86 4
51 87 4
51 88 3
51 89 1
51 90 1
51 91 4
51 92 4
51 93 2
51 94 2
51 95 2
51 96 2
51 97 1
51 98 2
51 99 2
52 53 3
52 54 1
52 55 1
52 56 3
52 57 5
52 58 1
52 59 2
52 60 3
52 61 1
52 62 1
52 63 2
52 64 3
52 65 3
52 66 2
52 67 3
52 68 1
52 69 2
52 70 2
52 71 3
52 72 2
52 73 4
52 74 2
52 75 3
52 76 2
52 77 3
52 78 2
52 79 3
52 80 2
52 81 4
52 82 4
52 83 2
52 84 1
52 85 3
52 86 2
52 87 4
52 88 1
52 89 3
52 90 3
52 91 3
52 92 3
52 93 3
52 94 3
52 95 2
52 96 2
52 97 3
52 98 2
52 99 2
53 54 4
53 55 3
53 56 4
53 57 4
53 58 3
53 59 2
53 60 4
53 61 3
53 62 3
53 63 4
53 64 3
53 65 1
53 66 4
53 67 3
53 68 3
53 69 2
53 70 3
53 71 1
53 72 4
53 73 3
53 74 2
53 75 2
53 76 2
53 77 4
53 78 3
53 79 2
53 80 4
53 81 3
53 82 3
53 83 2
53 84 3
53 85 2
53 86 4
53 87 4
53 88 3
53 89 2
53 90 1
53 91 4
53 92 4
53 93 2
53 94 1
53 95 2
53 96 2
53 97 1
53 98 1
53 99 2
54 55 1
54 56 3
54 57 5
54 58 1
54 59 2
54 60 3
54 61 2
54 62 1
54 63 3
54 64 4
54 65 4
54 66 2
54 67 4
54 68 2
54 69 3
54 70 2
54 71 4
54 72 3
54 73 4
54 74 3
54 75 4
54 76 3
54 77 3
54 78 2
54 79 3
54 80 3
54 81 4
54 82 4
54 83 2
54 84 1
54 85 4
54 86 2
54 87 4
54 88 1
54 89 4
54 90 3
54 91 3
54 92 3
54 93 3
54 94 3
54 95 2
54 96 3
54 97 3
54 98 3
54 99 2
55 56 3
55 57 4
55 58 1
55 59 1
55 60 3
55 61 1
55 62 1
55 63 3
55 64 3
55 65 3
55 66 2
55 67 3
55 68 2
55 69 2
55 70 2
55 71 3
55 72 3
55 73 4
55 74 2
55 75 3
55 76 2
55 77 3
55 78 2
55 79 2
55 80 2
55 81 3
55 82 3
55 83 1
55 84 1
55 85 3
55 86 3
55 87 4
55 88 1
55 89 3
55 90 2
55 91 3
55 92 3
55 93 2
55 94 2
55 95 1
55 96 2
55 97 2
55 98 2
55 99 1
56 57 2
56 58 3
56 59 2
56 60 1
56 61 2
56 62 2
56 63 2
56 64 1
56 65 4
56 66 1
56 67 1
56 68 2
56 69 2
56 70 2
56 71 3
56 72 1
56 73 2
56 74 2
56 75 3
56 76 3
56 77 1
56 78 2
56 79 2
56 80 1
56 81 2
56 82 2
56 83 3
56 84 2
56 85 2
56 86 2
56 87 1
56 88 2
56 89 3
56 90 4
56 91 1
56 92 1
56 93 2
56 94 3
56 95 2
56 96 2
56 97 3
56 98 3
56 99 2
57 58 4
57 59 3
57 60 2
57 61 4
57 62 4
57 63 3
57 64 2
57 65 3
57 66 3
57 67 2
57 68 4
57 69 3
57 70 4
57 71 3
57 72 3
57 73 1
57 74 3
57 75 2
57 76 3
57 77 3
57 78 3
57 79 3
57 80 3
57 81 1
57 82 1
57 83 4
57 84 4
57 85 2
57 86 3
57 87 1
57 88 4
57 89 2
57 90 4
57 91 2
57 92 3
57 93 2
57 94 4
57 95 4
57 96 3
57 97 4
57 98 3
57 99 4
58 59 1
58 60 3
58 61 1
58 62 1
58 63 3
58 64 3
58 65 3
58 66 2
58 67 3
58 68 2
58 69 2
58 70 2
58 71 3
58 72 3
58 73 4
58 74 2
58 75 3
58 76 2
58 77 3
58 78 1
58 79 2
58 80 2
58 81 3
58 82 3
58 83 1
58 84 1
58 85 3
58 86 3
58 87 4
58 88 1
58 89 3
58 90 2
58 91 3
58 92 3
58 93 2
58 94 2
58 95 1
58 96 2
58 97 2
58 98 2
58 99 1
59 60 2
59 61 1
59 62 1
59 63 2
59 64 2
59 65 2
59 66 2
59 67 2
59 68 2
59 69 1
59 70 1
59 71 2
59 72 2
59 73 3
59 74 1
59 75 2
59 76 1
59 77 2
59 78 1
59 79 1
59 80 2
59 81 2
59 82 2
59 83 1
59 84 1
59 85 2
59 86 2
59 87 3
59 88 1
59 89 2
59 90 2
59 91 2
59 92 2
59 93 1
59 94 2
59 95 1
59 96 1
59 97 2
59 98 1
59 99 1
60 61 2
60 62 3
60 63 1
60 64 1
60 65 4
60 66 1
60 67 2
60 68 2
60 69 2
60 70 2
60 71 3
60 72 1
60 73 2
60 74 2
60 75 3
60 76 3
60 77 1
60 78 2
60 79 2
60 80 1
60 81 3
60 82 3
60 83 3
60 84 3
60 85 3
60 86 2
60 87 2
60 88 3
60 89 3
60 90 4
60 91 1
60 92 1
60 93 2
60 94 4
60 95 2
60 96 2
60 97 3
60 98 3
60 99 3
61 62 1
61 63 2
61 64 2
61 65 3
61 66 2
61 67 2
61 68 1
61 69 1
61 70 1
61 71 3
61 72 2
61 73 3
61 74 1
61 75 2
61 76 1
61 77 3
61 78 1
61 79 2
61 80 2
61 81 3
61 82 3
61 83 1
61 84 1
61 85 2
61 86 2
61 87 3
61 88 1
61 89 3
61 90 2
61 91 2
61 92 2
61 93 2
61 94 2
61 95 1
61 96 1
61 97 2
61 98 2
61 99 1
62 63 2
62 64 3
62 65 3
62 66 2
62 67 3
62 68 1
62 69 2
62 70 1
62 71 3
62 72 2
62 73 3
62 74 2
62 75 3
62 76 2
62 77 3
62 78 1
62 79 2
62 80 2
62 81 3
62 82 3
62 83 1
62 84 1
62 85 3
62 86 2
62 87 3
62 88 1
62 89 3
62 90 2
62 91 2
62 92 3
62 93 2
62 94 2
62 95 1
62 96 2
62 97 2
62 98 2
62 99 1
63 64 2
63 65 4
63 66 1
63 67 2
63 68 1
63 69 3
63 70 1
63 71 4
63 72 1
63 73 3
63 74 3
63 75 4
63 76 3
63 77 1
63 78 2
63 79 3
63 80 1
63 81 3
63 82 3
63 83 3
63 84 2
63 85 3
63 86 1
63 87 3
63 88 2
63 89 4
63 90 4
63 91 2
63 92 1
63 93 3
63 94 4
63 95 2
63 96 3
63 97 3
63 98 3
63 99 3
64 65 3
64 66 2
64 67 1
64 68 2
64 69 2
64 70 2
64 71 2
64 72 2
64 73 1
64 74 2
64 75 2
64 76 2
64 77 2
64 78 2
64 79 2
64 80 1
64 81 2
64 82 2
64 83 3
64 84 3
64 85 2
64 86 2
64 87 1
64 88 3
64 89 2
64 90 3
64 91 1
64 92 2
64 93 1
64 94 3
64 95 2
64 96 2
64 97 3
64 98 3
64 99 3
65 66 4
65 67 3
65 68 3
65 69 2
65 70 3
65 71 1
65 72 4
65 73 3
65 74 2
65 75 1
65 76 2
65 77 4
65 78 2
65 79 2
65 80 4
65 81 2
65 82 2
65 83 2
65 84 3
65 85 2
65 86 4
65 87 4
65 88 3
65 89 1
65 90 2
65 91 4
65 92 4
65 93 2
65 94 2
65 95 2
65 96 2
65 97 1
65 98 2
65 99 2
66 67 2
66 68 1
66 69 2
66 70 1
66 71 3
66 72 1
66 73 3
66 74 2
66 75 3
66 76 2
66 77 2
66 78 2
66 79 2
66 80 1
66 81 3
66 82 3
66 83 2
66 84 2
66 85 3
66 86 1
66 87 2
66 88 2
66 89 3
66 90 3
66 91 2
66 92 1
66 93 2
66 94 3
66 95 2
66 96 2
66 97 3
66 98 3
66 99 2
67 68 2
67 69 2
67 70 2
67 71 2
67 72 2
67 73 1
67 74 2
67 75 2
67 76 2
67 77 2
67 78 2
67 79 2
67 80 2
67 81 2
67 82 2
67 83 3
67 84 3
67 85 1
67 86 2
67 87 1
67 88 3
67 89 2
67 90 3
67 91 1
67 92 2
67 93 1
67 94 3
67 95 2
67 96 2
67 97 3
67 98 3
67 99 3
68 69 2
68 70 1
68 71 3
68 72 1
68 73 3
68 74 2
68 75 3
68 76 2
68 77 2
68 78 1
68 79 2
68 80 1
68 81 3
68 82 3
68 83 2
68 84 1
68 85 3
68 86 1
68 87 3
68 88 1
68 89 3
68 90 3
68 91 2
68 92 2
68 93 2
68 94 3
68 95 2
68 96 2
68 97 3
68 98 2
68 99 2
69 70 2
69 71 2
69 72 3
69 73 2
69 74 1
69 75 2
69 76 1
69 77 3
69 78 1
69 79 1
69 80 2
69 81 2
69 82 2
69 83 1
69 84 2
69 85 2
69 86 3
69 87 2
69 88 2
69 89 2
69 90 2
69 91 2
69 92 2
69 93 1
69 94 2
69 95 1
69 96 1
69 97 2
69 98 1
69 99 1
70 71 3
70 72 1
70 73 3
70 74 2
70 75 3
70 76 2
70 77 2
70 78 1
70 79 2
70 80 1
70 81 3
70 82 3
70 83 2
70 84 1
70 85 3
70 86 1
70 87 3
70 88 1
70 89 3
70 90 3
70 91 2
70 92 2
70 93 2
70 94 3
70 95 2
70 96 2
70 97 3
70 98 2
70 99 2
71 72 4
71 73 2
71 74 2
71 75 1
71 76 2
71 77 4
71 78 2
71 79 2
71 80 3
71 81 2
71 82 2
71 83 2
71 84 3
71 85 1
71 86 4
71 87 3
71 88 3
71 89 1
71 90 2
71 91 3
71 92 4
71 93 1
71 94 2
71 95 2
71 96 2
71 97 1
71 98 2
71 99 2
72 73 3
72 74 3
72 75 4
72 76 3
72 77 1
72 78 2
72 79 3
72 80 1
72 81 3
72 82 3
72 83 3
72 84 2
72 85 3
72 86 1
72 87 2
72 88 2
72 89 4
72 90 4
72 91 2
72 92 1
72 93 3
72 94 4
72 95 2
72 96 3
72 97 3
72 98 3
72 99 3
73 74 3
73 75 2
73 76 3
73 77 2
73 78 3
73 79 2
73 80 2
73 81 1
73 82 1
73 83 3
73 84 4
73 85 1
73 86 3
73 87 1
73 88 3
73 89 2
73 90 4
73 91 2
73 92 2
73 93 2
73 94 4
73 95 3
73 96 2
73 97 3
73 98 3
73 99 3
74 75 2
74 76 1
74 77 3
74 78 1
74 79 1
74 80 2
74 81 2
74 82 2
74 83 1
74 84 2
74 85 2
74 86 3
74 87 3
74 88 2
74 89 2
74 90 2
74 91 2
74 92 2
74 93 1
74 94 2
74 95 1
74 96 1
74 97 1
74 98 1
74 99 1
75 76 1
75 77 4
75 78 2
75 79 1
75 80 3
75 81 1
75 82 1
75 83 2
75 84 3
75 85 1
75 86 4
75 87 3
75 88 3
75 89 1
75 90 2
75 91 3
75 92 3
75 93 1
75 94 2
75 95 2
75 96 1
75 97 2
75 98 2
75 99 2
76 77 3
76 78 1
76 79 1
76 80 3
76 81 2
76 82 2
76 83 1
76 84 2
76 85 2
76 86 3
76 87 3
76 88 2
76 89 2
76 90 1
76 91 3
76 92 3
76 93 1
76 94 1
76 95 1
76 96 1
76 97 1
76 98 1
76 99 1
77 78 2
77 79 3
77 80 1
77 81 3
77 82 3
77 83 3
77 84 3
77 85 3
77 86 2
77 87 2
77 88 3
77 89 4
77 90 4
77 91 1
77 92 1
77 93 3
77 94 4
77 95 3
77 96 3
77 97 4
77 98 3
77 99 3
78 79 1
78 80 2
78 81 2
78 82 2
78 83 1
78 84 1
78 85 2
78 86 2
78 87 3
78 88 1
78 89 2
78 90 2
78 91 2
78 92 2
78 93 1
78 94 2
78 95 1
78 96 1
78 97 2
78 98 2
78 99 1
79 80 2
79 81 2
79 82 2
79 83 1
79 84 2
79 85 1
79 86 3
79 87 2
79 88 2
79 89 2
79 90 2
79 91 2
79 92 2
79 93 1
79 94 2
79 95 1
79 96 1
79 97 2
79 98 1
79 99 1
80 81 3
80 82 3
80 83 2
80 84 2
80 85 3
80 86 1
80 87 2
80 88 2
80 89 3
80 90 3
80 91 1
80 92 1
80 93 2
80 94 3
80 95 2
80 96 2
80 97 3
80 98 3
80 99 2
81 82 1
81 83 3
81 84 3
81 85 1
81 86 3
81 87 2
81 88 3
81 89 1
81 90 3
81 91 2
81 92 3
81 93 1
81 94 3
81 95 3
81 96 2
81 97 3
81 98 2
81 99 3
82 83 3
82 84 3
82 85 1
82 86 3
82 87 2
82 88 3
82 89 2
82 90 3
82 91 2
82 92 3
82 93 1
82 94 3
82 95 3
82 96 2
82 97 3
82 98 2
82 99 3
83 84 1
83 85 2
83 86 3
83 87 3
83 88 1
83 89 2
83 90 1
83 91 3
83 92 3
83 93 2
83 94 1
83 95 1
83 96 1
83 97 1
83 98 1
83 99 1
84 85 3
84 86 2
84 87 3
84 88 1
84 89 3
84 90 2
84 91 3
84 92 2
84 93 2
84 94 2
84 95 1
84 96 2
84 97 2
84 98 2
84 99 1
85 86 3
85 87 2
85 88 3
85 89 1
85 90 3
85 91 2
85 92 3
85 93 1
85 94 3
85 95 2
85 96 1
85 97 2
85 98 2
85 99 2
86 87 3
86 88 2
86 89 4
86 90 4
86 91 2
86 92 1
86 93 3
86 94 4
86 95 2
86 96 3
86 97 3
86 98 3
86 99 3
87 88 3
87 89 3
87 90 4
87 91 1
87 92 2
87 93 2
87 94 4
87 95 3
87 96 2
87 97 3
87 98 3
87 99 3
88 89 3
88 90 2
88 91 2
88 92 2
88 93 2
88 94 2
88 95 1
88 96 2
88 97 2
88 98 2
88 99 1
89 90 2
89 91 3
89 92 4
89 93 1
89 94 2
89 95 2
89 96 2
89 97 2
89 98 2
89 99 2
90 91 4
90 92 4
90 93 2
90 94 1
90 95 2
90 96 2
90 97 1
90 98 1
90 99 2
91 92 1
91 93 2
91 94 3
91 95 2
91 96 2
91 97 3
91 98 3
91 99 2
92 93 3
92 94 4
92 95 2
92 96 2
92 97 3
92 98 3
92 99 3
93 94 2
93 95 2
93 96 1
93 97 2
93 98 2
93 99 2
94 95 2
94 96 2
94 97 1
94 98 1
94 99 1
95 96 1
95 97 1
95 98 1
95 99 1
96 97 1
96 98 1
96 99 1
97 98 1
97 99 1
98 99 1
