100 
0 1 5
0 2 1
0 3 8
0 4 3
0 5 6
0 6 2
0 7 7
0 8 8
0 9 5
0 10 7
0 11 8
0 12 7
0 13 6
0 14 6
0 15 4
0 16 8
0 17 1
0 18 6
0 19 7
0 20 5
0 21 7
0 22 4
0 23 5
0 24 8
0 25 6
0 26 7
0 27 1
0 28 6
0 29 5
0 30 1
0 31 7
0 32 4
0 33 3
0 34 1
0 35 7
0 36 6
0 37 6
0 38 4
0 39 6
0 40 6
0 41 6
0 42 7
0 43 5
0 44 4
0 45 5
0 46 2
0 47 8
0 48 6
0 49 4
0 50 8
0 51 6
0 52 2
0 53 6
0 54 8
0 55 6
0 56 1
0 57 5
0 58 8
0 59 6
0 60 6
0 61 8
0 62 1
0 63 4
0 64 7
0 65 7
0 66 7
0 67 3
0 68 3
0 69 4
0 70 8
0 71 6
0 72 4
0 73 7
0 74 5
0 75 6
0 76 6
0 77 3
0 78 3
0 79 4
0 80 7
0 81 6
0 82 6
0 83 4
0 84 7
0 85 3
0 86 4
0 87 4
0 88 5
0 89 6
0 90 5
0 91 3
0 92 1
0 93 4
0 94 5
0 95 1
0 96 4
0 97 8
0 98 4
0 99 4
1 2 4
1 3 6
1 4 2
1 5 2
1 6 3
1 7 3
1 8 7
1 9 1
1 10 4
1 11 5
1 12 4
1 13 6
1 14 6
1 15 2
1 16 6
1 17 5
1 18 1
1 19 4
1 20 1
1 21 6
1 22 8
1 23 2
1 24 5
1 25 2
1 26 6
1 27 5
1 28 2
1 29 1
1 30 5
1 31 7
1 32 1
1 33 3
1 34 5
1 35 5
1 36 2
1 37 3
1 38 8
1 39 6
1 40 2
1 41 6
1 42 4
1 43 7
1 44 8
1 45 1
1 46 6
1 47 5
1 48 7
1 49 1
1 50 5
1 51 6
1 52 3
1 53 3
1 54 7
1 55 2
1 56 5
1 57 2
1 58 5
1 59 2
1 60 1
1 61 7
1 62 4
1 63 1
1 64 4
1 65 2
1 66 3
1 67 3
1 68 2
1 69 1
1 70 5
1 71 3
1 72 2
1 73 5
1 74 2
1 75 6
1 76 3
1 77 3
1 78 7
1 79 8
1 80 4
1 81 3
1 82 2
1 83 2
1 84 4
1 85 7
1 86 3
1 87 2
1 88 1
1 89 6
1 90 7
1 91 2
1 92 5
1 93 2
1 94 7
1 95 5
1 96 3
1 97 5
1 98 8
1 99 2
2 3 8
2 4 2
2 5 5
2 6 2
2 7 6
2 8 9
2 9 4
2 10 6
2 11 7
2 12 6
2 13 7
2 14 7
2 15 3
2 16 8
2 17 1
2 18 5
2 19 6
2 20 4
2 21 8
2 22 5
2 23 4
2 24 7
2 25 5
2 26 8
2 27 2
2 28 5
2 29 4
2 30 1
2 31 8
2 32 3
2 33 3
2 34 1
2 35 7
2 36 5
2 37 5
2 38 5
2 39 7
2 40 5
2 41 7
2 42 6
2 43 6
2 44 5
2 45 4
2 46 3
2 47 7
2 48 7
2 49 3
2 50 7
2 51 7
2 52 1
2 53 5
2 54 9
2 55 5
2 56 2
2 57 4
2 58 7
2 59 5
2 60 5
2 61 9
2 62 2
2 63 3
2 64 6
2 65 6
2 66 6
2 67 2
2 68 2
2 69 3
2 70 7
2 71 5
2 72 3
2 73 7
2 74 4
2 75 7
2 76 5
2 77 3
2 78 4
2 79 5
2 80 6
2 81 5
2 82 5
2 83 3
2 84 6
2 85 4
2 86 3
2 87 3
2 88 4
2 89 7
2 90 6
2 91 2
2 92 2
2 93 3
2 94 6
2 95 2
2 96 3
2 97 7
2 98 5
2 99 3
3 4 7
3 5 6
3 6 7
3 7 5
3 8 1
3 9 6
3 10 2
3 11 1
3 12 5
3 13 3
3 14 2
3 15 6
3 16 1
3 17 8
3 18 7
3 19 5
3 20 5
3 21 1
3 22 4
3 23 4
3 24 1
3 25 4
3 26 1
3 27 8
3 28 5
3 29 6
3 30 8
3 31 1
3 32 5
3 33 8
3 34 8
3 35 1
3 36 4
3 37 3
3 38 5
3 39 2
3 40 4
3 41 3
3 42 2
3 43 3
3 44 4
3 45 6
3 46 6
3 47 1
3 48 4
3 49 6
3 50 1
3 51 2
3 52 7
3 53 3
3 54 1
3 55 7
3 56 8
3 57 8
3 58 1
3 59 4
3 60 5
3 61 1
3 62 8
3 63 6
3 64 5
3 65 5
3 66 5
3 67 7
3 68 6
3 69 6
3 70 1
3 71 3
3 72 6
3 73 2
3 74 4
3 75 3
3 76 3
3 77 8
3 78 5
3 79 4
3 80 2
3 81 4
3 82 4
3 83 6
3 84 2
3 85 6
3 86 8
3 87 5
3 88 6
3 89 2
3 90 4
3 91 6
3 92 8
3 93 6
3 94 3
3 95 7
3 96 8
3 97 1
3 98 4
3 99 5
4 5 4
4 6 1
4 7 5
4 8 8
4 9 2
4 10 5
4 11 6
4 12 5
4 13 7
4 14 7
4 15 2
4 16 7
4 17 3
4 18 3
4 19 5
4 20 3
4 21 7
4 22 6
4 23 3
4 24 6
4 25 4
4 26 7
4 27 3
4 28 3
4 29 3
4 30 3
4 31 8
4 32 2
4 33 1
4 34 3
4 35 6
4 36 4
4 37 4
4 38 6
4 39 7
4 40 4
4 41 7
4 42 5
4 43 7
4 44 6
4 45 3
4 46 4
4 47 6
4 48 8
4 49 1
4 50 6
4 51 7
4 52 1
4 53 4
4 54 8
4 55 3
4 56 3
4 57 2
4 58 6
4 59 4
4 60 3
4 61 8
4 62 2
4 63 1
4 64 5
4 65 4
4 66 4
4 67 1
4 68 1
4 69 2
4 70 6
4 71 4
4 72 2
4 73 6
4 74 3
4 75 7
4 76 4
4 77 1
4 78 5
4 79 6
4 80 5
4 81 4
4 82 4
4 83 2
4 84 5
4 85 5
4 86 2
4 87 2
4 88 2
4 89 7
4 90 7
4 91 1
4 92 3
4 93 2
4 94 7
4 95 3
4 96 1
4 97 6
4 98 6
4 99 2
5 6 4
5 7 2
5 8 7
5 9 2
5 10 4
5 11 5
5 12 3
5 13 6
5 14 6
5 15 4
5 16 6
5 17 6
5 18 1
5 19 4
5 20 2
5 21 6
5 22 8
5 23 2
5 24 5
5 25 2
5 26 6
5 27 6
5 28 1
5 29 1
5 30 6
5 31 7
5 32 3
5 33 4
5 34 6
5 35 5
5 36 2
5 37 3
5 38 9
5 39 6
5 40 2
5 41 6
5 42 4
5 43 7
5 44 8
5 45 1
5 46 7
5 47 5
5 48 7
5 49 3
5 50 5
5 51 6
5 52 4
5 53 3
5 54 7
5 55 1
5 56 6
5 57 2
5 58 5
5 59 2
5 60 1
5 61 7
5 62 5
5 63 3
5 64 4
5 65 1
5 66 2
5 67 4
5 68 3
5 69 2
5 70 5
5 71 3
5 72 3
5 73 5
5 74 2
5 75 6
5 76 3
5 77 5
5 78 8
5 79 8
5 80 4
5 81 3
5 82 2
5 83 3
5 84 4
5 85 8
5 86 3
5 87 3
5 88 2
5 89 6
5 90 7
5 91 3
5 92 6
5 93 4
5 94 7
5 95 6
5 96 3
5 97 5
5 98 8
5 99 3
6 7 5
6 8 8
6 9 3
6 10 5
6 11 6
6 12 6
6 13 7
6 14 7
6 15 3
6 16 7
6 17 2
6 18 4
6 19 6
6 20 3
6 21 7
6 22 5
6 23 3
6 24 6
6 25 4
6 26 7
6 27 2
6 28 4
6 29 3
6 30 2
6 31 8
6 32 2
6 33 1
6 34 2
6 35 6
6 36 4
6 37 4
6 38 5
6 39 7
6 40 4
6 41 7
6 42 5
6 43 6
6 44 5
6 45 3
6 46 3
6 47 6
6 48 7
6 49 2
6 50 6
6 51 7
6 52 1
6 53 4
6 54 8
6 55 4
6 56 2
6 57 3
6 58 6
6 59 4
6 60 4
6 61 8
6 62 1
6 63 2
6 64 6
6 65 5
6 66 5
6 67 1
6 68 1
6 69 2
6 70 6
6 71 4
6 72 2
6 73 6
6 74 4
6 75 7
6 76 4
6 77 1
6 78 4
6 79 5
6 80 5
6 81 5
6 82 4
6 83 2
6 84 5
6 85 4
6 86 2
6 87 3
6 88 3
6 89 7
6 90 6
6 91 2
6 92 2
6 93 3
6 94 6
6 95 2
6 96 2
6 97 6
6 98 5
6 99 2
7 8 6
7 9 3
7 10 3
7 11 4
7 12 1
7 13 5
7 14 5
7 15 4
7 16 5
7 17 7
7 18 3
7 19 2
7 20 2
7 21 5
7 22 7
7 23 2
7 24 4
7 25 1
7 26 5
7 27 7
7 28 2
7 29 3
7 30 7
7 31 6
7 32 3
7 33 6
7 34 7
7 35 4
7 36 1
7 37 2
7 38 8
7 39 5
7 40 1
7 41 5
7 42 3
7 43 6
7 44 7
7 45 3
7 46 8
7 47 4
7 48 6
7 49 4
7 50 4
7 51 5
7 52 5
7 53 3
7 54 6
7 55 3
7 56 7
7 57 4
7 58 4
7 59 1
7 60 2
7 61 6
7 62 6
7 63 4
7 64 2
7 65 1
7 66 1
7 67 5
7 68 4
7 69 3
7 70 4
7 71 2
7 72 3
7 73 4
7 74 2
7 75 5
7 76 2
7 77 6
7 78 8
7 79 7
7 80 3
7 81 1
7 82 2
7 83 3
7 84 3
7 85 9
7 86 5
7 87 3
7 88 3
7 89 5
7 90 6
7 91 4
7 92 7
7 93 4
7 94 6
7 95 7
7 96 5
7 97 4
7 98 7
7 99 3
8 9 7
8 10 3
8 11 2
8 12 6
8 13 3
8 14 3
8 15 7
8 16 1
8 17 8
8 18 8
8 19 6
8 20 6
8 21 1
8 22 4
8 23 5
8 24 2
8 25 5
8 26 1
8 27 8
8 28 6
8 29 7
8 30 8
8 31 1
8 32 6
8 33 9
8 34 8
8 35 2
8 36 5
8 37 4
8 38 5
8 39 2
8 40 5
8 41 3
8 42 3
8 43 3
8 44 5
8 45 7
8 46 6
8 47 2
8 48 4
8 49 7
8 50 2
8 51 3
8 52 8
8 53 4
8 54 1
8 55 8
8 56 8
8 57 9
8 58 2
8 59 5
8 60 6
8 61 1
8 62 8
8 63 7
8 64 6
8 65 6
8 66 6
8 67 8
8 68 7
8 69 7
8 70 2
8 71 4
8 72 7
8 73 3
8 74 5
8 75 3
8 76 4
8 77 9
8 78 5
8 79 5
8 80 3
8 81 5
8 82 5
8 83 7
8 84 3
8 85 6
8 86 9
8 87 6
8 88 7
8 89 3
8 90 4
8 91 7
8 92 8
8 93 7
8 94 4
8 95 7
8 96 9
8 97 2
8 98 5
8 99 6
9 10 4
9 11 5
9 12 4
9 13 6
9 14 6
9 15 2
9 16 6
9 17 5
9 18 1
9 19 4
9 20 1
9 21 6
9 22 8
9 23 2
9 24 5
9 25 2
9 26 6
9 27 5
9 28 2
9 29 1
9 30 5
9 31 7
9 32 1
9 33 3
9 34 5
9 35 5
9 36 2
9 37 3
9 38 8
9 39 6
9 40 2
9 41 6
9 42 4
9 43 7
9 44 8
9 45 1
9 46 6
9 47 5
9 48 7
9 49 1
9 50 5
9 51 6
9 52 3
9 53 3
9 54 7
9 55 2
9 56 5
9 57 2
9 58 5
9 59 2
9 60 1
9 61 7
9 62 4
9 63 1
9 64 4
9 65 2
9 66 3
9 67 3
9 68 2
9 69 1
9 70 5
9 71 3
9 72 1
9 73 5
9 74 2
9 75 6
9 76 3
9 77 3
9 78 7
9 79 8
9 80 4
9 81 3
9 82 2
9 83 1
9 84 4
9 85 7
9 86 3
9 87 2
9 88 1
9 89 6
9 90 7
9 91 2
9 92 5
9 93 2
9 94 7
9 95 5
9 96 3
9 97 5
9 98 8
9 99 2
10 11 1
10 12 3
10 13 3
10 14 3
10 15 4
10 16 2
10 17 7
10 18 5
10 19 3
10 20 3
10 21 2
10 22 5
10 23 2
10 24 1
10 25 3
10 26 2
10 27 7
10 28 3
10 29 4
10 30 7
10 31 3
10 32 3
10 33 6
10 34 7
10 35 2
10 36 3
10 37 1
10 38 6
10 39 3
10 40 3
10 41 3
10 42 1
10 43 4
10 44 5
10 45 4
10 46 7
10 47 1
10 48 4
10 49 4
10 50 1
10 51 3
10 52 5
10 53 1
10 54 3
10 55 5
10 56 7
10 57 6
10 58 1
10 59 3
10 60 3
10 61 3
10 62 6
10 63 4
10 64 3
10 65 4
10 66 3
10 67 5
10 68 4
10 69 4
10 70 1
10 71 2
10 72 4
10 73 2
10 74 2
10 75 3
10 76 2
10 77 6
10 78 6
10 79 5
10 80 1
10 81 2
10 82 3
10 83 4
10 84 2
10 85 7
10 86 6
10 87 3
10 88 4
10 89 3
10 90 4
10 91 4
10 92 7
10 93 4
10 94 4
10 95 7
10 96 6
10 97 1
10 98 5
10 99 3
11 12 4
11 13 3
11 14 2
11 15 5
11 16 1
11 17 8
11 18 6
11 19 4
11 20 4
11 21 1
11 22 4
11 23 3
11 24 1
11 25 3
11 26 2
11 27 8
11 28 4
11 29 5
11 30 8
11 31 2
11 32 4
11 33 7
11 34 8
11 35 1
11 36 3
11 37 2
11 38 5
11 39 2
11 40 3
11 41 3
11 42 1
11 43 3
11 44 4
11 45 5
11 46 6
11 47 1
11 48 4
11 49 5
11 50 1
11 51 2
11 52 6
11 53 2
11 54 2
11 55 6
11 56 8
11 57 7
11 58 1
11 59 3
11 60 4
11 61 2
11 62 7
11 63 5
11 64 4
11 65 4
11 66 4
11 67 6
11 68 5
11 69 5
11 70 1
11 71 2
11 72 5
11 73 2
11 74 3
11 75 3
11 76 2
11 77 7
11 78 5
11 79 4
11 80 1
11 81 3
11 82 3
11 83 5
11 84 1
11 85 6
11 86 7
11 87 4
11 88 5
11 89 2
11 90 4
11 91 5
11 92 8
11 93 5
11 94 3
11 95 7
11 96 7
11 97 1
11 98 4
11 99 4
12 13 5
12 14 5
12 15 4
12 16 5
12 17 7
12 18 4
12 19 1
12 20 3
12 21 5
12 22 7
12 23 3
12 24 4
12 25 2
12 26 5
12 27 8
12 28 2
12 29 4
12 30 7
12 31 6
12 32 4
12 33 6
12 34 7
12 35 4
12 36 2
12 37 2
12 38 8
12 39 5
12 40 2
12 41 5
12 42 3
12 43 6
12 44 7
12 45 4
12 46 9
12 47 4
12 48 6
12 49 4
12 50 4
12 51 5
12 52 5
12 53 3
12 54 6
12 55 4
12 56 8
12 57 5
12 58 4
12 59 2
12 60 3
12 61 6
12 62 7
12 63 4
12 64 1
12 65 2
12 66 1
12 67 6
12 68 5
12 69 4
12 70 4
12 71 2
12 72 4
12 73 4
12 74 2
12 75 5
12 76 2
12 77 6
12 78 8
12 79 7
12 80 3
12 81 1
12 82 2
12 83 4
12 84 3
12 85 9
12 86 6
12 87 3
12 88 3
12 89 5
12 90 6
12 91 4
12 92 8
12 93 4
12 94 6
12 95 8
12 96 6
12 97 4
12 98 7
12 99 4
13 14 1
13 15 6
13 16 3
13 17 6
13 18 7
13 19 5
13 20 5
13 21 2
13 22 2
13 23 4
13 24 3
13 25 5
13 26 2
13 27 6
13 28 5
13 29 6
13 30 6
13 31 2
13 32 5
13 33 8
13 34 6
13 35 2
13 36 4
13 37 4
13 38 3
13 39 1
13 40 5
13 41 1
13 42 3
13 43 1
13 44 2
13 45 6
13 46 4
13 47 3
13 48 2
13 49 6
13 50 3
13 51 1
13 52 7
13 53 3
13 54 3
13 55 7
13 56 6
13 57 8
13 58 2
13 59 5
13 60 5
13 61 3
13 62 6
13 63 6
13 64 5
13 65 5
13 66 5
13 67 7
13 68 6
13 69 6
13 70 3
13 71 3
13 72 6
13 73 1
13 74 4
13 75 1
13 76 4
13 77 8
13 78 3
13 79 2
13 80 3
13 81 4
13 82 5
13 83 6
13 84 2
13 85 4
13 86 8
13 87 5
13 88 6
13 89 1
13 90 2
13 91 6
13 92 6
13 93 6
13 94 1
13 95 5
13 96 8
13 97 3
13 98 2
13 99 5
14 15 6
14 16 2
14 17 6
14 18 7
14 19 5
14 20 5
14 21 2
14 22 2
14 23 4
14 24 2
14 25 5
14 26 2
14 27 6
14 28 5
14 29 6
14 30 6
14 31 2
14 32 5
14 33 8
14 34 6
14 35 1
14 36 4
14 37 4
14 38 3
14 39 1
14 40 5
14 41 1
14 42 3
14 43 1
14 44 2
14 45 6
14 46 4
14 47 2
14 48 2
14 49 6
14 50 2
14 51 1
14 52 7
14 53 3
14 54 3
14 55 7
14 56 6
14 57 8
14 58 2
14 59 5
14 60 5
14 61 3
14 62 6
14 63 6
14 64 5
14 65 5
14 66 5
14 67 7
14 68 6
14 69 6
14 70 3
14 71 3
14 72 6
14 73 1
14 74 4
14 75 1
14 76 4
14 77 8
14 78 3
14 79 2
14 80 3
14 81 4
14 82 5
14 83 6
14 84 2
14 85 4
14 86 8
14 87 5
14 88 6
14 89 1
14 90 2
14 91 6
14 92 6
14 93 6
14 94 1
14 95 5
14 96 8
14 97 2
14 98 2
14 99 5
15 16 6
15 17 4
15 18 3
15 19 4
15 20 2
15 21 6
15 22 8
15 23 2
15 24 5
15 25 3
15 26 6
15 27 5
15 28 3
15 29 3
15 30 4
15 31 7
15 32 1
15 33 3
15 34 4
15 35 5
15 36 3
15 37 3
15 38 8
15 39 6
15 40 3
15 41 6
15 42 4
15 43 7
15 44 8
15 45 3
15 46 6
15 47 5
15 48 7
15 49 2
15 50 5
15 51 6
15 52 2
15 53 3
15 54 7
15 55 4
15 56 5
15 57 4
15 58 5
15 59 3
15 60 3
15 61 7
15 62 4
15 63 1
15 64 4
15 65 4
15 66 4
15 67 3
15 68 2
15 69 2
15 70 5
15 71 3
15 72 1
15 73 5
15 74 2
15 75 6
15 76 3
15 77 3
15 78 7
15 79 8
15 80 4
15 81 3
15 82 3
15 83 1
15 84 4
15 85 7
15 86 4
15 87 1
15 88 2
15 89 6
15 90 7
15 91 1
15 92 5
15 93 1
15 94 7
15 95 5
15 96 3
15 97 5
15 98 8
15 99 1
16 17 8
16 18 7
16 19 5
16 20 5
16 21 1
16 22 4
16 23 4
16 24 1
16 25 4
16 26 1
16 27 8
16 28 5
16 29 6
16 30 8
16 31 2
16 32 5
16 33 8
16 34 8
16 35 1
16 36 4
16 37 3
16 38 5
16 39 2
16 40 4
16 41 3
16 42 2
16 43 3
16 44 4
16 45 6
16 46 6
16 47 1
16 48 4
16 49 6
16 50 1
16 51 2
16 52 7
16 53 3
16 54 1
16 55 7
16 56 8
16 57 8
16 58 1
16 59 4
16 60 5
16 61 2
16 62 8
16 63 6
16 64 5
16 65 5
16 66 5
16 67 7
16 68 6
16 69 6
16 70 1
16 71 3
16 72 6
16 73 2
16 74 4
16 75 3
16 76 3
16 77 8
16 78 5
16 79 4
16 80 2
16 81 4
16 82 4
16 83 6
16 84 2
16 85 6
16 86 8
16 87 5
16 88 6
16 89 2
16 90 4
16 91 6
16 92 8
16 93 6
16 94 3
16 95 7
16 96 8
16 97 1
16 98 4
16 99 5
17 18 6
17 19 7
17 20 5
17 21 7
17 22 4
17 23 5
17 24 8
17 25 6
17 26 7
17 27 1
17 28 6
17 29 5
17 30 1
17 31 7
17 32 4
17 33 3
17 34 1
17 35 7
17 36 6
17 37 6
17 38 4
17 39 6
17 40 6
17 41 6
17 42 7
17 43 5
17 44 4
17 45 5
17 46 2
17 47 8
17 48 6
17 49 4
17 50 8
17 51 6
17 52 2
17 53 6
17 54 8
17 55 6
17 56 1
17 57 5
17 58 8
17 59 6
17 60 6
17 61 8
17 62 1
17 63 4
17 64 7
17 65 7
17 66 7
17 67 3
17 68 3
17 69 4
17 70 8
17 71 6
17 72 4
17 73 7
17 74 5
17 75 6
17 76 6
17 77 3
17 78 3
17 79 4
17 80 7
17 81 6
17 82 6
17 83 4
17 84 7
17 85 3
17 86 4
17 87 4
17 88 5
17 89 6
17 90 5
17 91 3
17 92 1
17 93 4
17 94 5
17 95 1
17 96 4
17 97 8
17 98 4
17 99 4
18 19 5
18 20 2
18 21 7
18 22 9
18 23 3
18 24 6
18 25 3
18 26 7
18 27 6
18 28 2
18 29 1
18 30 6
18 31 8
18 32 2
18 33 3
18 34 6
18 35 6
18 36 3
18 37 4
18 38 9
18 39 7
18 40 3
18 41 7
18 42 5
18 43 8
18 44 9
18 45 1
18 46 7
18 47 6
18 48 8
18 49 2
18 50 6
18 51 7
18 52 4
18 53 4
18 54 8
18 55 1
18 56 6
18 57 1
18 58 6
18 59 3
18 60 2
18 61 8
18 62 5
18 63 2
18 64 5
18 65 2
18 66 3
18 67 3
18 68 3
18 69 2
18 70 6
18 71 4
18 72 2
18 73 6
18 74 3
18 75 7
18 76 4
18 77 4
18 78 8
18 79 9
18 80 5
18 81 4
18 82 3
18 83 2
18 84 5
18 85 8
18 86 2
18 87 3
18 88 1
18 89 7
18 90 8
18 91 3
18 92 6
18 93 3
18 94 8
18 95 6
18 96 2
18 97 6
18 98 9
18 99 2
19 20 3
19 21 5
19 22 7
19 23 3
19 24 4
19 25 2
19 26 5
19 27 8
19 28 3
19 29 4
19 30 7
19 31 6
19 32 4
19 33 6
19 34 7
19 35 4
19 36 2
19 37 2
19 38 8
19 39 5
19 40 2
19 41 5
19 42 3
19 43 6
19 44 7
19 45 4
19 46 9
19 47 4
19 48 6
19 49 4
19 50 4
19 51 5
19 52 5
19 53 3
19 54 6
19 55 5
19 56 8
19 57 6
19 58 4
19 59 2
19 60 3
19 61 6
19 62 7
19 63 4
19 64 1
19 65 3
19 66 2
19 67 6
19 68 5
19 69 4
19 70 4
19 71 2
19 72 4
19 73 4
19 74 2
19 75 5
19 76 2
19 77 6
19 78 8
19 79 7
19 80 3
19 81 1
19 82 3
19 83 4
19 84 3
19 85 9
19 86 7
19 87 3
19 88 4
19 89 5
19 90 6
19 91 4
19 92 8
19 93 4
19 94 6
19 95 8
19 96 6
19 97 4
19 98 7
19 99 4
20 21 5
20 22 7
20 23 1
20 24 4
20 25 1
20 26 5
20 27 5
20 28 1
20 29 2
20 30 5
20 31 6
20 32 1
20 33 4
20 34 5
20 35 4
20 36 2
20 37 2
20 38 8
20 39 5
20 40 2
20 41 5
20 42 3
20 43 6
20 44 7
20 45 2
20 46 6
20 47 4
20 48 6
20 49 2
20 50 4
20 51 5
20 52 3
20 53 2
20 54 6
20 55 3
20 56 5
20 57 3
20 58 4
20 59 1
20 60 1
20 61 6
20 62 4
20 63 2
20 64 3
20 65 2
20 66 2
20 67 3
20 68 2
20 69 1
20 70 4
20 71 2
20 72 1
20 73 4
20 74 1
20 75 5
20 76 2
20 77 4
20 78 7
20 79 7
20 80 3
20 81 2
20 82 1
20 83 1
20 84 3
20 85 7
20 86 4
20 87 1
20 88 1
20 89 5
20 90 6
20 91 2
20 92 5
20 93 2
20 94 6
20 95 5
20 96 4
20 97 4
20 98 7
20 99 1
21 22 3
21 23 4
21 24 1
21 25 4
21 26 1
21 27 7
21 28 5
21 29 6
21 30 7
21 31 1
21 32 5
21 33 8
21 34 7
21 35 1
21 36 4
21 37 3
21 38 4
21 39 1
21 40 4
21 41 2
21 42 2
21 43 2
21 44 4
21 45 6
21 46 5
21 47 1
21 48 3
21 49 6
21 50 1
21 51 2
21 52 7
21 53 3
21 54 1
21 55 7
21 56 7
21 57 8
21 58 1
21 59 4
21 60 5
21 61 1
21 62 7
21 63 6
21 64 5
21 65 5
21 66 5
21 67 7
21 68 6
21 69 6
21 70 1
21 71 3
21 72 6
21 73 2
21 74 4
21 75 2
21 76 3
21 77 8
21 78 4
21 79 4
21 80 2
21 81 4
21 82 4
21 83 6
21 84 2
21 85 5
21 86 8
21 87 5
21 88 6
21 89 2
21 90 3
21 91 6
21 92 7
21 93 6
21 94 3
21 95 6
21 96 8
21 97 1
21 98 4
21 99 5
22 23 6
22 24 4
22 25 7
22 26 3
22 27 4
22 28 7
22 29 8
22 30 4
22 31 3
22 32 7
22 33 6
22 34 4
22 35 3
22 36 6
22 37 6
22 38 1
22 39 2
22 40 7
22 41 2
22 42 5
22 43 1
22 44 1
22 45 8
22 46 2
22 47 4
22 48 2
22 49 7
22 50 4
22 51 2
22 52 6
22 53 5
22 54 4
22 55 9
22 56 4
22 57 8
22 58 4
22 59 7
22 60 7
22 61 4
22 62 4
22 63 7
22 64 7
22 65 7
22 66 7
22 67 6
22 68 6
22 69 7
22 70 4
22 71 5
22 72 7
22 73 3
22 74 6
22 75 2
22 76 6
22 77 6
22 78 1
22 79 1
22 80 5
22 81 6
22 82 7
22 83 7
22 84 4
22 85 2
22 86 7
22 87 7
22 88 8
22 89 2
22 90 1
22 91 7
22 92 4
22 93 8
22 94 1
22 95 3
22 96 7
22 97 4
22 98 1
22 99 7
23 24 3
23 25 1
23 26 4
23 27 5
23 28 1
23 29 2
23 30 5
23 31 5
23 32 1
23 33 4
23 34 5
23 35 3
23 36 1
23 37 1
23 38 7
23 39 4
23 40 1
23 41 4
23 42 2
23 43 5
23 44 6
23 45 2
23 46 6
23 47 3
23 48 5
23 49 2
23 50 3
23 51 4
23 52 3
23 53 1
23 54 5
23 55 3
23 56 5
23 57 4
23 58 3
23 59 1
23 60 1
23 61 5
23 62 4
23 63 2
23 64 3
23 65 2
23 66 2
23 67 3
23 68 2
23 69 2
23 70 3
23 71 1
23 72 2
23 73 3
23 74 1
23 75 4
23 76 1
23 77 4
23 78 7
23 79 6
23 80 2
23 81 2
23 82 1
23 83 2
23 84 2
23 85 7
23 86 4
23 87 1
23 88 2
23 89 4
23 90 5
23 91 2
23 92 5
23 93 2
23 94 5
23 95 5
23 96 4
23 97 3
23 98 6
23 99 1
24 25 4
24 26 2
24 27 8
24 28 4
24 29 5
24 30 8
24 31 2
24 32 4
24 33 7
24 34 8
24 35 1
24 36 3
24 37 2
24 38 5
24 39 2
24 40 4
24 41 3
24 42 1
24 43 3
24 44 4
24 45 5
24 46 6
24 47 1
24 48 4
24 49 5
24 50 1
24 51 2
24 52 6
24 53 2
24 54 2
24 55 6
24 56 8
24 57 7
24 58 1
24 59 4
24 60 4
24 61 2
24 62 7
24 63 5
24 64 4
24 65 4
24 66 4
24 67 6
24 68 5
24 69 5
24 70 1
24 71 2
24 72 5
24 73 2
24 74 3
24 75 3
24 76 3
24 77 7
24 78 5
24 79 4
24 80 2
24 81 3
24 82 4
24 83 5
24 84 1
24 85 6
24 86 7
24 87 4
24 88 5
24 89 2
24 90 4
24 91 5
24 92 8
24 93 5
24 94 3
24 95 7
24 96 7
24 97 1
24 98 4
24 99 4
25 26 5
25 27 6
25 28 1
25 29 2
25 30 6
25 31 5
25 32 2
25 33 5
25 34 6
25 35 4
25 36 1
25 37 2
25 38 8
25 39 5
25 40 1
25 41 5
25 42 3
25 43 6
25 44 7
25 45 2
25 46 7
25 47 3
25 48 6
25 49 3
25 50 4
25 51 5
25 52 4
25 53 2
25 54 5
25 55 3
25 56 6
25 57 4
25 58 4
25 59 1
25 60 1
25 61 5
25 62 5
25 63 3
25 64 2
25 65 1
25 66 1
25 67 4
25 68 3
25 69 2
25 70 4
25 71 2
25 72 2
25 73 4
25 74 1
25 75 5
25 76 1
25 77 5
25 78 8
25 79 7
25 80 2
25 81 1
25 82 1
25 83 2
25 84 3
25 85 8
25 86 5
25 87 2
25 88 2
25 89 5
25 90 6
25 91 3
25 92 6
25 93 3
25 94 6
25 95 6
25 96 5
25 97 3
25 98 7
25 99 2
26 27 7
26 28 5
26 29 6
26 30 7
26 31 1
26 32 5
26 33 8
26 34 7
26 35 1
26 36 4
26 37 3
26 38 4
26 39 1
26 40 5
26 41 2
26 42 2
26 43 2
26 44 4
26 45 6
26 46 5
26 47 2
26 48 3
26 49 6
26 50 1
26 51 2
26 52 7
26 53 3
26 54 1
26 55 7
26 56 7
26 57 8
26 58 2
26 59 5
26 60 5
26 61 1
26 62 7
26 63 6
26 64 5
26 65 5
26 66 5
26 67 7
26 68 6
26 69 6
26 70 2
26 71 3
26 72 6
26 73 2
26 74 4
26 75 2
26 76 4
26 77 8
26 78 4
26 79 4
26 80 3
26 81 4
26 82 5
26 83 6
26 84 2
26 85 5
26 86 8
26 87 5
26 88 6
26 89 2
26 90 3
26 91 6
26 92 7
26 93 6
26 94 3
26 95 6
26 96 8
26 97 2
26 98 4
26 99 5
27 28 6
27 29 5
27 30 1
27 31 7
27 32 4
27 33 3
27 34 1
27 35 7
27 36 6
27 37 6
27 38 4
27 39 6
27 40 6
27 41 6
27 42 7
27 43 5
27 44 4
27 45 5
27 46 2
27 47 8
27 48 6
27 49 4
27 50 8
27 51 6
27 52 3
27 53 6
27 54 8
27 55 6
27 56 1
27 57 5
27 58 8
27 59 6
27 60 6
27 61 8
27 62 1
27 63 4
27 64 8
27 65 7
27 66 7
27 67 3
27 68 3
27 69 4
27 70 8
27 71 6
27 72 4
27 73 7
27 74 6
27 75 6
27 76 6
27 77 3
27 78 3
27 79 4
27 80 7
27 81 7
27 82 6
27 83 4
27 84 7
27 85 3
27 86 4
27 87 5
27 88 5
27 89 6
27 90 5
27 91 4
27 92 1
27 93 5
27 94 5
27 95 1
27 96 4
27 97 8
27 98 4
27 99 4
28 29 2
28 30 6
28 31 6
28 32 2
28 33 4
28 34 6
28 35 4
28 36 1
28 37 2
28 38 8
28 39 5
28 40 1
28 41 5
28 42 3
28 43 6
28 44 7
28 45 2
28 46 7
28 47 4
28 48 6
28 49 2
28 50 4
28 51 5
28 52 4
28 53 2
28 54 6
28 55 2
28 56 6
28 57 3
28 58 4
28 59 1
28 60 1
28 61 6
28 62 5
28 63 2
28 64 3
28 65 1
28 66 1
28 67 4
28 68 3
28 69 2
28 70 4
28 71 2
28 72 2
28 73 4
28 74 1
28 75 5
28 76 2
28 77 4
28 78 8
28 79 7
28 80 3
28 81 2
28 82 1
28 83 2
28 84 3
28 85 8
28 86 4
28 87 2
28 88 1
28 89 5
28 90 6
28 91 3
28 92 6
28 93 3
28 94 6
28 95 6
28 96 4
28 97 4
28 98 7
28 99 2
29 30 5
29 31 7
29 32 2
29 33 4
29 34 5
29 35 5
29 36 2
29 37 3
29 38 8
29 39 6
29 40 2
29 41 6
29 42 4
29 43 7
29 44 8
29 45 1
29 46 6
29 47 5
29 48 7
29 49 2
29 50 5
29 51 6
29 52 3
29 53 3
29 54 7
29 55 1
29 56 5
29 57 2
29 58 5
29 59 2
29 60 1
29 61 7
29 62 4
29 63 2
29 64 4
29 65 2
29 66 3
29 67 3
29 68 2
29 69 1
29 70 5
29 71 3
29 72 2
29 73 5
29 74 3
29 75 6
29 76 3
29 77 4
29 78 7
29 79 8
29 80 4
29 81 3
29 82 2
29 83 2
29 84 4
29 85 7
29 86 3
29 87 3
29 88 1
29 89 6
29 90 7
29 91 2
29 92 5
29 93 3
29 94 7
29 95 5
29 96 3
29 97 5
29 98 8
29 99 2
30 31 7
30 32 4
30 33 3
30 34 1
30 35 7
30 36 6
30 37 6
30 38 4
30 39 6
30 40 6
30 41 6
30 42 7
30 43 5
30 44 4
30 45 5
30 46 2
30 47 8
30 48 6
30 49 4
30 50 8
30 51 6
30 52 2
30 53 6
30 54 8
30 55 6
30 56 1
30 57 5
30 58 8
30 59 6
30 60 6
30 61 8
30 62 1
30 63 4
30 64 7
30 65 7
30 66 7
30 67 3
30 68 3
30 69 4
30 70 8
30 71 6
30 72 4
30 73 7
30 74 5
30 75 6
30 76 6
30 77 3
30 78 3
30 79 4
30 80 7
30 81 6
30 82 6
30 83 4
30 84 7
30 85 3
30 86 4
30 87 4
30 88 5
30 89 6
30 90 5
30 91 3
30 92 1
30 93 4
30 94 5
30 95 1
30 96 4
30 97 8
30 98 4
30 99 4
31 32 6
31 33 9
31 34 7
31 35 2
31 36 5
31 37 4
31 38 4
31 39 1
31 40 5
31 41 2
31 42 3
31 43 2
31 44 4
31 45 7
31 46 5
31 47 2
31 48 3
31 49 7
31 50 2
31 51 2
31 52 8
31 53 4
31 54 1
31 55 8
31 56 7
31 57 9
31 58 2
31 59 5
31 60 6
31 61 1
31 62 7
31 63 7
31 64 6
31 65 6
31 66 6
31 67 8
31 68 7
31 69 7
31 70 2
31 71 4
31 72 7
31 73 2
31 74 5
31 75 2
31 76 4
31 77 9
31 78 4
31 79 4
31 80 3
31 81 5
31 82 5
31 83 7
31 84 3
31 85 5
31 86 9
31 87 6
31 88 7
31 89 2
31 90 3
31 91 7
31 92 7
31 93 7
31 94 3
31 95 6
31 96 9
31 97 2
31 98 4
31 99 6
32 33 3
32 34 4
32 35 4
32 36 2
32 37 2
32 38 7
32 39 5
32 40 2
32 41 5
32 42 3
32 43 6
32 44 7
32 45 2
32 46 5
32 47 4
32 48 6
32 49 1
32 50 4
32 51 5
32 52 2
32 53 2
32 54 6
32 55 3
32 56 4
32 57 3
32 58 4
32 59 2
32 60 2
32 61 6
32 62 3
32 63 1
32 64 4
32 65 3
32 66 3
32 67 2
32 68 1
32 69 1
32 70 4
32 71 2
32 72 1
32 73 4
32 74 2
32 75 5
32 76 2
32 77 3
32 78 6
32 79 7
32 80 3
32 81 3
32 82 2
32 83 1
32 84 3
32 85 6
32 86 3
32 87 1
32 88 1
32 89 5
32 90 6
32 91 1
32 92 4
32 93 1
32 94 6
32 95 4
32 96 3
32 97 4
32 98 7
32 99 1
33 34 3
33 35 7
33 36 5
33 37 5
33 38 6
33 39 8
33 40 5
33 41 8
33 42 6
33 43 7
33 44 6
33 45 4
33 46 4
33 47 7
33 48 8
33 49 2
33 50 7
33 51 8
33 52 2
33 53 5
33 54 9
33 55 3
33 56 3
33 57 2
33 58 7
33 59 5
33 60 4
33 61 9
33 62 2
33 63 2
33 64 6
33 65 5
33 66 5
33 67 1
33 68 2
33 69 3
33 70 7
33 71 5
33 72 3
33 73 7
33 74 4
33 75 8
33 76 5
33 77 1
33 78 5
33 79 6
33 80 6
33 81 5
33 82 5
33 83 3
33 84 6
33 85 5
33 86 1
33 87 3
33 88 3
33 89 8
33 90 7
33 91 2
33 92 3
33 93 3
33 94 7
33 95 3
33 96 1
33 97 7
33 98 6
33 99 3
34 35 7
34 36 6
34 37 6
34 38 4
34 39 6
34 40 6
34 41 6
34 42 7
34 43 5
34 44 4
34 45 5
34 46 2
34 47 8
34 48 6
34 49 4
34 50 8
34 51 6
34 52 2
34 53 6
34 54 8
34 55 6
34 56 1
34 57 5
34 58 8
34 59 6
34 60 6
34 61 8
34 62 1
34 63 4
34 64 7
34 65 7
34 66 7
34 67 3
34 68 3
34 69 4
34 70 8
34 71 6
34 72 4
34 73 7
34 74 5
34 75 6
34 76 6
34 77 3
34 78 3
34 79 4
34 80 7
34 81 6
34 82 6
34 83 4
34 84 7
34 85 3
34 86 4
34 87 4
34 88 5
34 89 6
34 90 5
34 91 3
34 92 1
34 93 4
34 94 5
34 95 1
34 96 4
34 97 8
34 98 4
34 99 4
35 36 3
35 37 3
35 38 4
35 39 1
35 40 4
35 41 2
35 42 2
35 43 2
35 44 3
35 45 5
35 46 5
35 47 1
35 48 3
35 49 5
35 50 1
35 51 1
35 52 6
35 53 2
35 54 2
35 55 6
35 56 7
35 57 7
35 58 1
35 59 4
35 60 4
35 61 2
35 62 7
35 63 5
35 64 4
35 65 4
35 66 4
35 67 6
35 68 5
35 69 5
35 70 2
35 71 2
35 72 5
35 73 1
35 74 3
35 75 2
35 76 3
35 77 7
35 78 4
35 79 3
35 80 2
35 81 3
35 82 4
35 83 5
35 84 1
35 85 5
35 86 7
35 87 4
35 88 5
35 89 1
35 90 3
35 91 5
35 92 7
35 93 5
35 94 2
35 95 6
35 96 7
35 97 1
35 98 3
35 99 4
36 37 2
36 38 7
36 39 4
36 40 1
36 41 4
36 42 2
36 43 5
36 44 6
36 45 2
36 46 7
36 47 3
36 48 5
36 49 3
36 50 3
36 51 4
36 52 4
36 53 2
36 54 5
36 55 3
36 56 6
36 57 4
36 58 3
36 59 1
36 60 1
36 61 5
36 62 5
36 63 3
36 64 2
36 65 1
36 66 1
36 67 4
36 68 3
36 69 3
36 70 3
36 71 1
36 72 3
36 73 3
36 74 1
36 75 4
36 76 1
36 77 5
36 78 7
36 79 6
36 80 2
36 81 1
36 82 1
36 83 3
36 84 2
36 85 8
36 86 5
36 87 2
36 88 2
36 89 4
36 90 5
36 91 3
36 92 6
36 93 3
36 94 5
36 95 6
36 96 5
36 97 3
36 98 6
36 99 2
37 38 7
37 39 4
37 40 2
37 41 4
37 42 1
37 43 5
37 44 6
37 45 3
37 46 7
37 47 2
37 48 5
37 49 3
37 50 2
37 51 4
37 52 4
37 53 1
37 54 4
37 55 4
37 56 6
37 57 5
37 58 2
37 59 2
37 60 2
37 61 4
37 62 5
37 63 3
37 64 2
37 65 3
37 66 2
37 67 4
37 68 3
37 69 3
37 70 2
37 71 1
37 72 3
37 73 3
37 74 1
37 75 4
37 76 1
37 77 5
37 78 7
37 79 6
37 80 1
37 81 1
37 82 2
37 83 3
37 84 2
37 85 8
37 86 5
37 87 2
37 88 3
37 89 4
37 90 5
37 91 3
37 92 6
37 93 3
37 94 5
37 95 6
37 96 5
37 97 2
37 98 6
37 99 2
38 39 3
38 40 8
38 41 3
38 42 6
38 43 2
38 44 1
38 45 8
38 46 2
38 47 5
38 48 3
38 49 7
38 50 5
38 51 3
38 52 6
38 53 6
38 54 5
38 55 9
38 56 4
38 57 8
38 58 5
38 59 8
38 60 8
38 61 5
38 62 4
38 63 7
38 64 8
38 65 8
38 66 8
38 67 6
38 68 6
38 69 7
38 70 5
38 71 6
38 72 7
38 73 4
38 74 7
38 75 3
38 76 7
38 77 6
38 78 1
38 79 1
38 80 6
38 81 7
38 82 8
38 83 7
38 84 5
38 85 2
38 86 7
38 87 8
38 88 8
38 89 3
38 90 2
38 91 7
38 92 4
38 93 8
38 94 2
38 95 3
38 96 7
38 97 5
38 98 1
38 99 7
39 40 5
39 41 1
39 42 3
39 43 1
39 44 3
39 45 6
39 46 4
39 47 2
39 48 2
39 49 6
39 50 2
39 51 1
39 52 7
39 53 3
39 54 2
39 55 7
39 56 6
39 57 8
39 58 2
39 59 5
39 60 5
39 61 2
39 62 6
39 63 6
39 64 5
39 65 5
39 66 5
39 67 7
39 68 6
39 69 6
39 70 2
39 71 3
39 72 6
39 73 1
39 74 4
39 75 1
39 76 4
39 77 8
39 78 3
39 79 3
39 80 3
39 81 4
39 82 5
39 83 6
39 84 2
39 85 4
39 86 8
39 87 5
39 88 6
39 89 1
39 90 2
39 91 6
39 92 6
39 93 6
39 94 2
39 95 5
39 96 8
39 97 2
39 98 3
39 99 5
40 41 5
40 42 3
40 43 6
40 44 7
40 45 2
40 46 7
40 47 3
40 48 6
40 49 3
40 50 4
40 51 5
40 52 4
40 53 2
40 54 5
40 55 3
40 56 6
40 57 4
40 58 4
40 59 1
40 60 1
40 61 5
40 62 5
40 63 3
40 64 2
40 65 1
40 66 1
40 67 4
40 68 3
40 69 3
40 70 4
40 71 2
40 72 3
40 73 4
40 74 1
40 75 5
40 76 1
40 77 5
40 78 8
40 79 7
40 80 2
40 81 1
40 82 1
40 83 3
40 84 3
40 85 8
40 86 5
40 87 2
40 88 2
40 89 5
40 90 6
40 91 3
40 92 6
40 93 3
40 94 6
40 95 6
40 96 5
40 97 3
40 98 7
40 99 2
41 42 3
41 43 1
41 44 2
41 45 6
41 46 4
41 47 3
41 48 2
41 49 6
41 50 3
41 51 1
41 52 7
41 53 3
41 54 3
41 55 7
41 56 6
41 57 8
41 58 2
41 59 5
41 60 5
41 61 3
41 62 6
41 63 6
41 64 5
41 65 5
41 66 5
41 67 7
41 68 6
41 69 6
41 70 3
41 71 3
41 72 6
41 73 1
41 74 4
41 75 1
41 76 4
41 77 8
41 78 3
41 79 2
41 80 3
41 81 4
41 82 5
41 83 6
41 84 2
41 85 4
41 86 8
41 87 5
41 88 6
41 89 1
41 90 1
41 91 6
41 92 6
41 93 6
41 94 1
41 95 5
41 96 8
41 97 3
41 98 2
41 99 5
42 43 4
42 44 5
42 45 4
42 46 7
42 47 1
42 48 4
42 49 4
42 50 1
42 51 3
42 52 5
42 53 1
42 54 3
42 55 5
42 56 7
42 57 6
42 58 1
42 59 3
42 60 3
42 61 3
42 62 6
42 63 4
42 64 3
42 65 3
42 66 3
42 67 5
42 68 4
42 69 4
42 70 1
42 71 1
42 72 4
42 73 2
42 74 2
42 75 3
42 76 2
42 77 6
42 78 6
42 79 5
42 80 1
42 81 2
42 82 3
42 83 4
42 84 1
42 85 7
42 86 6
42 87 3
42 88 4
42 89 3
42 90 4
42 91 4
42 92 7
42 93 4
42 94 4
42 95 7
42 96 6
42 97 1
42 98 5
42 99 3
43 44 2
43 45 7
43 46 3
43 47 3
43 48 1
43 49 7
43 50 3
43 51 1
43 52 7
43 53 4
43 54 3
43 55 8
43 56 5
43 57 9
43 58 3
43 59 6
43 60 6
43 61 3
43 62 5
43 63 7
43 64 6
43 65 6
43 66 6
43 67 7
43 68 7
43 69 7
43 70 3
43 71 4
43 72 7
43 73 2
43 74 5
43 75 1
43 76 5
43 77 7
43 78 2
43 79 2
43 80 4
43 81 5
43 82 6
43 83 7
43 84 3
43 85 3
43 86 8
43 87 6
43 88 7
43 89 1
43 90 1
43 91 7
43 92 5
43 93 7
43 94 1
43 95 4
43 96 8
43 97 3
43 98 2
43 99 6
44 45 8
44 46 2
44 47 4
44 48 3
44 49 7
44 50 4
44 51 2
44 52 6
44 53 5
44 54 5
44 55 9
44 56 4
44 57 8
44 58 4
44 59 7
44 60 7
44 61 5
44 62 4
44 63 7
44 64 7
44 65 7
44 66 7
44 67 6
44 68 6
44 69 7
44 70 5
44 71 5
44 72 7
44 73 3
44 74 6
44 75 2
44 76 6
44 77 6
44 78 1
44 79 1
44 80 5
44 81 6
44 82 7
44 83 7
44 84 4
44 85 2
44 86 7
44 87 7
44 88 8
44 89 2
44 90 2
44 91 7
44 92 4
44 93 8
44 94 1
44 95 3
44 96 7
44 97 4
44 98 1
44 99 7
45 46 6
45 47 5
45 48 7
45 49 2
45 50 5
45 51 6
45 52 3
45 53 3
45 54 7
45 55 1
45 56 5
45 57 2
45 58 5
45 59 2
45 60 1
45 61 7
45 62 4
45 63 2
45 64 4
45 65 2
45 66 3
45 67 3
45 68 2
45 69 1
45 70 5
45 71 3
45 72 2
45 73 5
45 74 3
45 75 6
45 76 3
45 77 4
45 78 7
45 79 8
45 80 4
45 81 3
45 82 2
45 83 2
45 84 4
45 85 7
45 86 3
45 87 3
45 88 1
45 89 6
45 90 7
45 91 2
45 92 5
45 93 3
45 94 7
45 95 5
45 96 3
45 97 5
45 98 8
45 99 2
46 47 6
46 48 4
46 49 5
46 50 6
46 51 4
46 52 4
46 53 7
46 54 6
46 55 7
46 56 2
46 57 6
46 58 6
46 59 7
46 60 7
46 61 6
46 62 2
46 63 5
46 64 9
46 65 8
46 66 8
46 67 4
46 68 4
46 69 5
46 70 6
46 71 7
46 72 5
46 73 5
46 74 7
46 75 4
46 76 7
46 77 4
46 78 1
46 79 2
46 80 7
46 81 8
46 82 7
46 83 5
46 84 6
46 85 1
46 86 5
46 87 6
46 88 6
46 89 4
46 90 3
46 91 5
46 92 2
46 93 6
46 94 3
46 95 1
46 96 5
46 97 6
46 98 2
46 99 5
47 48 4
47 49 5
47 50 1
47 51 2
47 52 6
47 53 2
47 54 2
47 55 6
47 56 8
47 57 7
47 58 1
47 59 3
47 60 4
47 61 2
47 62 7
47 63 5
47 64 4
47 65 4
47 66 4
47 67 6
47 68 5
47 69 5
47 70 1
47 71 2
47 72 5
47 73 2
47 74 3
47 75 3
47 76 2
47 77 7
47 78 5
47 79 4
47 80 1
47 81 3
47 82 3
47 83 5
47 84 1
47 85 6
47 86 7
47 87 4
47 88 5
47 89 2
47 90 4
47 91 5
47 92 8
47 93 5
47 94 3
47 95 7
47 96 7
47 97 1
47 98 4
47 99 4
48 49 7
48 50 4
48 51 2
48 52 8
48 53 4
48 54 4
48 55 8
48 56 6
48 57 9
48 58 3
48 59 6
48 60 6
48 61 4
48 62 6
48 63 7
48 64 6
48 65 6
48 66 6
48 67 8
48 68 7
48 69 7
48 70 4
48 71 4
48 72 7
48 73 2
48 74 5
48 75 1
48 76 5
48 77 8
48 78 3
48 79 2
48 80 4
48 81 5
48 82 6
48 83 7
48 84 3
48 85 4
48 86 9
48 87 6
48 88 7
48 89 2
48 90 1
48 91 7
48 92 6
48 93 7
48 94 2
48 95 5
48 96 9
48 97 4
48 98 2
48 99 6
49 50 5
49 51 6
49 52 2
49 53 3
49 54 7
49 55 3
49 56 4
49 57 3
49 58 5
49 59 3
49 60 2
49 61 7
49 62 3
49 63 1
49 64 4
49 65 3
49 66 3
49 67 2
49 68 1
49 69 1
49 70 5
49 71 3
49 72 1
49 73 5
49 74 2
49 75 6
49 76 3
49 77 2
49 78 6
49 79 7
49 80 4
49 81 3
49 82 3
49 83 1
49 84 4
49 85 6
49 86 3
49 87 1
49 88 1
49 89 6
49 90 7
49 91 1
49 92 4
49 93 2
49 94 7
49 95 4
49 96 2
49 97 5
49 98 7
49 99 1
50 51 2
50 52 6
50 53 2
50 54 2
50 55 6
50 56 8
50 57 7
50 58 1
50 59 4
50 60 4
50 61 2
50 62 7
50 63 5
50 64 4
50 65 4
50 66 4
50 67 6
50 68 5
50 69 5
50 70 1
50 71 2
50 72 5
50 73 2
50 74 3
50 75 3
50 76 3
50 77 7
50 78 5
50 79 4
50 80 2
50 81 3
50 82 4
50 83 5
50 84 1
50 85 6
50 86 7
50 87 4
50 88 5
50 89 2
50 90 4
50 91 5
50 92 8
50 93 5
50 94 3
50 95 7
50 96 7
50 97 1
50 98 4
50 99 4
51 52 7
51 53 3
51 54 3
51 55 7
51 56 6
51 57 8
51 58 2
51 59 5
51 60 5
51 61 3
51 62 6
51 63 6
51 64 5
51 65 5
51 66 5
51 67 7
51 68 6
51 69 6
51 70 3
51 71 3
51 72 6
51 73 1
51 74 4
51 75 1
51 76 4
51 77 8
51 78 3
51 79 2
51 80 3
51 81 4
51 82 5
51 83 6
51 84 2
51 85 4
51 86 8
51 87 5
51 88 6
51 89 1
51 90 2
51 91 6
51 92 6
51 93 6
51 94 1
51 95 5
51 96 8
51 97 2
51 98 2
51 99 5
52 53 4
52 54 8
52 55 4
52 56 3
52 57 3
52 58 6
52 59 4
52 60 4
52 61 8
52 62 2
52 63 2
52 64 5
52 65 5
52 66 5
52 67 1
52 68 1
52 69 2
52 70 6
52 71 4
52 72 2
52 73 6
52 74 3
52 75 7
52 76 4
52 77 2
52 78 5
52 79 6
52 80 5
52 81 4
52 82 4
52 83 2
52 84 5
52 85 5
52 86 2
52 87 2
52 88 3
52 89 7
52 90 7
52 91 1
52 92 3
52 93 2
52 94 7
52 95 3
52 96 2
52 97 6
52 98 6
52 99 2
53 54 4
53 55 4
53 56 6
53 57 5
53 58 2
53 59 2
53 60 2
53 61 4
53 62 5
53 63 3
53 64 3
53 65 3
53 66 3
53 67 4
53 68 3
53 69 3
53 70 2
53 71 1
53 72 3
53 73 2
53 74 1
53 75 3
53 76 1
53 77 5
53 78 6
53 79 5
53 80 1
53 81 2
53 82 2
53 83 3
53 84 1
53 85 7
53 86 5
53 87 2
53 88 3
53 89 3
53 90 4
53 91 3
53 92 6
53 93 3
53 94 4
53 95 6
53 96 5
53 97 2
53 98 5
53 99 2
54 55 8
54 56 8
54 57 9
54 58 2
54 59 5
54 60 6
54 61 1
54 62 8
54 63 7
54 64 6
54 65 6
54 66 6
54 67 8
54 68 7
54 69 7
54 70 2
54 71 4
54 72 7
54 73 3
54 74 5
54 75 3
54 76 4
54 77 9
54 78 5
54 79 5
54 80 3
54 81 5
54 82 5
54 83 7
54 84 3
54 85 6
54 86 9
54 87 6
54 88 7
54 89 3
54 90 4
54 91 7
54 92 8
54 93 7
54 94 4
54 95 7
54 96 9
54 97 2
54 98 5
54 99 6
55 56 6
55 57 1
55 58 6
55 59 3
55 60 2
55 61 8
55 62 5
55 63 3
55 64 5
55 65 2
55 66 3
55 67 3
55 68 3
55 69 2
55 70 6
55 71 4
55 72 3
55 73 6
55 74 3
55 75 7
55 76 4
55 77 4
55 78 8
55 79 9
55 80 5
55 81 4
55 82 3
55 83 3
55 84 5
55 85 8
55 86 2
55 87 4
55 88 2
55 89 7
55 90 8
55 91 3
55 92 6
55 93 4
55 94 8
55 95 6
55 96 2
55 97 6
55 98 9
55 99 3
56 57 5
56 58 8
56 59 6
56 60 6
56 61 8
56 62 1
56 63 4
56 64 8
56 65 7
56 66 7
56 67 3
56 68 3
56 69 4
56 70 8
56 71 6
56 72 4
56 73 7
56 74 6
56 75 6
56 76 6
56 77 3
56 78 3
56 79 4
56 80 7
56 81 7
56 82 6
56 83 4
56 84 7
56 85 3
56 86 4
56 87 5
56 88 5
56 89 6
56 90 5
56 91 4
56 92 1
56 93 5
56 94 5
56 95 1
56 96 4
56 97 8
56 98 4
56 99 4
57 58 7
57 59 4
57 60 3
57 61 9
57 62 4
57 63 3
57 64 6
57 65 3
57 66 4
57 67 2
57 68 3
57 69 3
57 70 7
57 71 5
57 72 3
57 73 7
57 74 4
57 75 8
57 76 5
57 77 3
57 78 7
57 79 8
57 80 6
57 81 5
57 82 4
57 83 3
57 84 6
57 85 7
57 86 1
57 87 4
57 88 2
57 89 8
57 90 9
57 91 3
57 92 5
57 93 4
57 94 9
57 95 5
57 96 1
57 97 7
57 98 8
57 99 3
58 59 4
58 60 4
58 61 2
58 62 7
58 63 5
58 64 4
58 65 4
58 66 4
58 67 6
58 68 5
58 69 5
58 70 1
58 71 2
58 72 5
58 73 1
58 74 3
58 75 2
58 76 3
58 77 7
58 78 5
58 79 4
58 80 2
58 81 3
58 82 4
58 83 5
58 84 1
58 85 6
58 86 7
58 87 4
58 88 5
58 89 2
58 90 3
58 91 5
58 92 8
58 93 5
58 94 3
58 95 7
58 96 7
58 97 1
58 98 4
58 99 4
59 60 1
59 61 5
59 62 5
59 63 3
59 64 2
59 65 1
59 66 1
59 67 4
59 68 3
59 69 2
59 70 4
59 71 2
59 72 2
59 73 4
59 74 1
59 75 5
59 76 1
59 77 5
59 78 8
59 79 7
59 80 2
59 81 1
59 82 1
59 83 2
59 84 3
59 85 8
59 86 5
59 87 2
59 88 2
59 89 5
59 90 6
59 91 3
59 92 6
59 93 3
59 94 6
59 95 6
59 96 5
59 97 3
59 98 7
59 99 2
60 61 6
60 62 5
60 63 2
60 64 3
60 65 1
60 66 2
60 67 4
60 68 3
60 69 2
60 70 4
60 71 2
60 72 2
60 73 4
60 74 2
60 75 5
60 76 2
60 77 4
60 78 8
60 79 7
60 80 3
60 81 2
60 82 1
60 83 2
60 84 3
60 85 8
60 86 4
60 87 2
60 88 1
60 89 5
60 90 6
60 91 3
60 92 6
60 93 3
60 94 6
60 95 6
60 96 4
60 97 4
60 98 7
60 99 2
61 62 8
61 63 7
61 64 6
61 65 6
61 66 6
61 67 8
61 68 7
61 69 7
61 70 2
61 71 4
61 72 7
61 73 3
61 74 5
61 75 3
61 76 4
61 77 9
61 78 5
61 79 5
61 80 3
61 81 5
61 82 5
61 83 7
61 84 3
61 85 6
61 86 9
61 87 6
61 88 7
61 89 3
61 90 4
61 91 7
61 92 8
61 93 7
61 94 4
61 95 7
61 96 9
61 97 2
61 98 5
61 99 6
62 63 3
62 64 7
62 65 6
62 66 6
62 67 2
62 68 2
62 69 3
62 70 7
62 71 5
62 72 3
62 73 7
62 74 5
62 75 6
62 76 5
62 77 2
62 78 3
62 79 4
62 80 6
62 81 6
62 82 5
62 83 3
62 84 6
62 85 3
62 86 3
62 87 4
62 88 4
62 89 6
62 90 5
62 91 3
62 92 1
62 93 4
62 94 5
62 95 1
62 96 3
62 97 7
62 98 4
62 99 3
63 64 4
63 65 3
63 66 3
63 67 2
63 68 1
63 69 1
63 70 5
63 71 3
63 72 1
63 73 5
63 74 2
63 75 6
63 76 3
63 77 2
63 78 6
63 79 7
63 80 4
63 81 3
63 82 3
63 83 1
63 84 4
63 85 6
63 86 3
63 87 1
63 88 1
63 89 6
63 90 7
63 91 1
63 92 4
63 93 1
63 94 7
63 95 4
63 96 2
63 97 5
63 98 7
63 99 1
64 65 3
64 66 2
64 67 6
64 68 5
64 69 4
64 70 4
64 71 2
64 72 4
64 73 4
64 74 2
64 75 5
64 76 2
64 77 6
64 78 8
64 79 7
64 80 3
64 81 1
64 82 3
64 83 4
64 84 3
64 85 9
64 86 7
64 87 3
64 88 4
64 89 5
64 90 6
64 91 4
64 92 8
64 93 4
64 94 6
64 95 8
64 96 6
64 97 4
64 98 7
64 99 4
65 66 1
65 67 5
65 68 4
65 69 3
65 70 4
65 71 2
65 72 3
65 73 4
65 74 2
65 75 5
65 76 2
65 77 5
65 78 8
65 79 7
65 80 3
65 81 2
65 82 1
65 83 3
65 84 3
65 85 9
65 86 4
65 87 3
65 88 2
65 89 5
65 90 6
65 91 4
65 92 7
65 93 4
65 94 6
65 95 7
65 96 4
65 97 4
65 98 7
65 99 3
66 67 5
66 68 4
66 69 3
66 70 4
66 71 2
66 72 3
66 73 4
66 74 2
66 75 5
66 76 2
66 77 5
66 78 8
66 79 7
66 80 3
66 81 1
66 82 1
66 83 3
66 84 3
66 85 9
66 86 5
66 87 3
66 88 2
66 89 5
66 90 6
66 91 4
66 92 7
66 93 4
66 94 6
66 95 7
66 96 5
66 97 4
66 98 7
66 99 3
67 68 1
67 69 2
67 70 6
67 71 4
67 72 2
67 73 6
67 74 4
67 75 7
67 76 4
67 77 1
67 78 5
67 79 6
67 80 5
67 81 5
67 82 4
67 83 2
67 84 5
67 85 5
67 86 1
67 87 3
67 88 3
67 89 7
67 90 7
67 91 2
67 92 3
67 93 3
67 94 7
67 95 3
67 96 1
67 97 6
67 98 6
67 99 2
68 69 1
68 70 5
68 71 3
68 72 1
68 73 5
68 74 3
68 75 6
68 76 3
68 77 2
68 78 5
68 79 6
68 80 4
68 81 4
68 82 3
68 83 1
68 84 4
68 85 5
68 86 2
68 87 2
68 88 2
68 89 6
68 90 7
68 91 1
68 92 3
68 93 2
68 94 7
68 95 3
68 96 2
68 97 5
68 98 6
68 99 1
69 70 5
69 71 3
69 72 1
69 73 5
69 74 2
69 75 6
69 76 3
69 77 3
69 78 6
69 79 7
69 80 4
69 81 3
69 82 2
69 83 1
69 84 4
69 85 6
69 86 3
69 87 2
69 88 1
69 89 6
69 90 7
69 91 1
69 92 4
69 93 2
69 94 7
69 95 4
69 96 3
69 97 5
69 98 7
69 99 1
70 71 2
70 72 5
70 73 2
70 74 3
70 75 3
70 76 3
70 77 7
70 78 5
70 79 5
70 80 2
70 81 3
70 82 4
70 83 5
70 84 2
70 85 6
70 86 7
70 87 4
70 88 5
70 89 3
70 90 4
70 91 5
70 92 8
70 93 5
70 94 4
70 95 7
70 96 7
70 97 1
70 98 5
70 99 4
71 72 3
71 73 2
71 74 1
71 75 3
71 76 1
71 77 5
71 78 6
71 79 5
71 80 1
71 81 1
71 82 2
71 83 3
71 84 1
71 85 7
71 86 5
71 87 2
71 88 3
71 89 3
71 90 4
71 91 3
71 92 6
71 93 3
71 94 4
71 95 6
71 96 5
71 97 2
71 98 5
71 99 2
72 73 5
72 74 2
72 75 6
72 76 3
72 77 3
72 78 6
72 79 7
72 80 4
72 81 3
72 82 2
72 83 1
72 84 4
72 85 6
72 86 3
72 87 1
72 88 1
72 89 6
72 90 7
72 91 1
72 92 4
72 93 1
72 94 7
72 95 4
72 96 3
72 97 5
72 98 7
72 99 1
73 74 3
73 75 1
73 76 3
73 77 7
73 78 4
73 79 3
73 80 2
73 81 3
73 82 4
73 83 5
73 84 1
73 85 5
73 86 7
73 87 4
73 88 5
73 89 1
73 90 2
73 91 5
73 92 7
73 93 5
73 94 2
73 95 6
73 96 7
73 97 2
73 98 3
73 99 4
74 75 4
74 76 1
74 77 4
74 78 7
74 79 6
74 80 2
74 81 1
74 82 1
74 83 2
74 84 2
74 85 8
74 86 5
74 87 1
74 88 2
74 89 4
74 90 5
74 91 2
74 92 6
74 93 2
74 94 5
74 95 6
74 96 4
74 97 3
74 98 6
74 99 2
75 76 4
75 77 8
75 78 3
75 79 2
75 80 3
75 81 4
75 82 5
75 83 6
75 84 2
75 85 4
75 86 8
75 87 5
75 88 6
75 89 1
75 90 1
75 91 6
75 92 6
75 93 6
75 94 1
75 95 5
75 96 8
75 97 3
75 98 2
75 99 5
76 77 5
76 78 7
76 79 6
76 80 1
76 81 1
76 82 1
76 83 3
76 84 2
76 85 8
76 86 5
76 87 2
76 88 3
76 89 4
76 90 5
76 91 3
76 92 6
76 93 3
76 94 5
76 95 6
76 96 5
76 97 2
76 98 6
76 99 2
77 78 5
77 79 6
77 80 6
77 81 5
77 82 5
77 83 3
77 84 6
77 85 5
77 86 2
77 87 3
77 88 3
77 89 8
77 90 7
77 91 2
77 92 3
77 93 3
77 94 7
77 95 3
77 96 2
77 97 7
77 98 6
77 99 3
78 79 1
78 80 6
78 81 7
78 82 8
78 83 6
78 84 5
78 85 1
78 86 6
78 87 7
78 88 7
78 89 3
78 90 2
78 91 6
78 92 3
78 93 7
78 94 2
78 95 2
78 96 6
78 97 5
78 98 1
78 99 6
79 80 5
79 81 6
79 82 7
79 83 7
79 84 4
79 85 2
79 86 7
79 87 7
79 88 8
79 89 2
79 90 1
79 91 7
79 92 4
79 93 8
79 94 1
79 95 3
79 96 7
79 97 4
79 98 1
79 99 7
80 81 2
80 82 2
80 83 4
80 84 1
80 85 7
80 86 6
80 87 3
80 88 4
80 89 3
80 90 4
80 91 4
80 92 7
80 93 4
80 94 4
80 95 7
80 96 6
80 97 1
80 98 5
80 99 3
81 82 2
81 83 3
81 84 2
81 85 8
81 86 6
81 87 2
81 88 3
81 89 4
81 90 5
81 91 3
81 92 7
81 93 3
81 94 5
81 95 7
81 96 5
81 97 3
81 98 6
81 99 3
82 83 2
82 84 3
82 85 8
82 86 5
82 87 2
82 88 2
82 89 5
82 90 6
82 91 3
82 92 6
82 93 3
82 94 6
82 95 6
82 96 5
82 97 3
82 98 7
82 99 2
83 84 4
83 85 6
83 86 3
83 87 1
83 88 1
83 89 6
83 90 7
83 91 1
83 92 4
83 93 1
83 94 7
83 95 4
83 96 3
83 97 5
83 98 7
83 99 1
84 85 6
84 86 6
84 87 3
84 88 4
84 89 2
84 90 3
84 91 4
84 92 7
84 93 4
84 94 3
84 95 7
84 96 6
84 97 1
84 98 4
84 99 3
85 86 6
85 87 7
85 88 7
85 89 4
85 90 3
85 91 6
85 92 3
85 93 7
85 94 3
85 95 2
85 96 6
85 97 6
85 98 2
85 99 6
86 87 4
86 88 3
86 89 8
86 90 8
86 91 3
86 92 4
86 93 4
86 94 8
86 95 4
86 96 1
86 97 7
86 98 7
86 99 3
87 88 2
87 89 5
87 90 6
87 91 1
87 92 5
87 93 1
87 94 6
87 95 5
87 96 3
87 97 4
87 98 7
87 99 1
88 89 6
88 90 7
88 91 2
88 92 5
88 93 2
88 94 7
88 95 5
88 96 3
88 97 5
88 98 8
88 99 1
89 90 2
89 91 6
89 92 6
89 93 6
89 94 1
89 95 5
89 96 8
89 97 2
89 98 2
89 99 5
90 91 7
90 92 5
90 93 7
90 94 2
90 95 4
90 96 8
90 97 4
90 98 1
90 99 6
91 92 4
91 93 1
91 94 7
91 95 4
91 96 2
91 97 5
91 98 7
91 99 1
92 93 5
92 94 5
92 95 1
92 96 4
92 97 8
92 98 4
92 99 4
93 94 7
93 95 5
93 96 3
93 97 5
93 98 8
93 99 1
94 95 4
94 96 8
94 97 3
94 98 1
94 99 6
95 96 4
95 97 7
95 98 3
95 99 4
96 97 7
96 98 7
96 99 3
97 98 4
97 99 4
98 99 7
