100 
0 1 3
0 2 3
0 3 2
0 4 3
0 5 3
0 6 3
0 7 3
0 8 2
0 9 3
0 10 2
0 11 3
0 12 1
0 13 1
0 14 1
0 15 3
0 16 3
0 17 2
0 18 2
0 19 2
0 20 2
0 21 3
0 22 1
0 23 2
0 24 3
0 25 3
0 26 1
0 27 4
0 28 1
0 29 3
0 30 2
0 31 4
0 32 1
0 33 2
0 34 2
0 35 2
0 36 1
0 37 2
0 38 3
0 39 3
0 40 2
0 41 4
0 42 4
0 43 2
0 44 2
0 45 2
0 46 3
0 47 2
0 48 4
0 49 2
0 50 2
0 51 3
0 52 4
0 53 3
0 54 2
0 55 3
0 56 2
0 57 3
0 58 3
0 59 2
0 60 3
0 61 2
0 62 2
0 63 4
0 64 3
0 65 1
0 66 3
0 67 3
0 68 3
0 69 4
0 70 3
0 71 1
0 72 3
0 73 1
0 74 3
0 75 2
0 76 4
0 77 2
0 78 3
0 79 1
0 80 2
0 81 2
0 82 2
0 83 1
0 84 1
0 85 1
0 86 3
0 87 3
0 88 1
0 89 3
0 90 3
0 91 3
0 92 3
0 93 2
0 94 3
0 95 1
0 96 2
0 97 3
0 98 3
0 99 3
1 2 1
1 3 2
1 4 2
1 5 3
1 6 2
1 7 2
1 8 1
1 9 1
1 10 2
1 11 4
1 12 3
1 13 3
1 14 3
1 15 1
1 16 3
1 17 2
1 18 2
1 19 1
1 20 2
1 21 2
1 22 3
1 23 1
1 24 1
1 25 3
1 26 3
1 27 2
1 28 2
1 29 2
1 30 1
1 31 2
1 32 2
1 33 2
1 34 2
1 35 1
1 36 3
1 37 1
1 38 2
1 39 2
1 40 3
1 41 3
1 42 3
1 43 2
1 44 1
1 45 2
1 46 1
1 47 1
1 48 2
1 49 2
1 50 2
1 51 2
1 52 3
1 53 2
1 54 2
1 55 2
1 56 2
1 57 4
1 58 3
1 59 1
1 60 1
1 61 1
1 62 3
1 63 2
1 64 1
1 65 2
1 66 4
1 67 3
1 68 3
1 69 2
1 70 2
1 71 2
1 72 3
1 73 3
1 74 1
1 75 2
1 76 2
1 77 3
1 78 2
1 79 3
1 80 3
1 81 2
1 82 3
1 83 2
1 84 3
1 85 2
1 86 2
1 87 2
1 88 2
1 89 2
1 90 3
1 91 1
1 92 4
1 93 3
1 94 3
1 95 2
1 96 3
1 97 2
1 98 1
1 99 3
2 3 2
2 4 2
2 5 3
2 6 1
2 7 2
2 8 1
2 9 1
2 10 2
2 11 4
2 12 3
2 13 3
2 14 3
2 15 1
2 16 2
2 17 1
2 18 2
2 19 1
2 20 2
2 21 2
2 22 2
2 23 1
2 24 1
2 25 2
2 26 3
2 27 2
2 28 2
2 29 1
2 30 1
2 31 2
2 32 2
2 33 2
2 34 2
2 35 1
2 36 3
2 37 1
2 38 2
2 39 2
2 40 3
2 41 3
2 42 3
2 43 2
2 44 1
2 45 2
2 46 1
2 47 1
2 48 2
2 49 1
2 50 2
2 51 2
2 52 2
2 53 2
2 54 2
2 55 2
2 56 2
2 57 3
2 58 3
2 59 1
2 60 1
2 61 1
2 62 2
2 63 2
2 64 1
2 65 2
2 66 4
2 67 3
2 68 3
2 69 2
2 70 2
2 71 2
2 72 3
2 73 3
2 74 1
2 75 1
2 76 2
2 77 3
2 78 2
2 79 2
2 80 3
2 81 1
2 82 3
2 83 2
2 84 3
2 85 2
2 86 2
2 87 2
2 88 2
2 89 2
2 90 2
2 91 1
2 92 3
2 93 3
2 94 3
2 95 2
2 96 3
2 97 2
2 98 1
2 99 3
3 4 2
3 5 2
3 6 2
3 7 2
3 8 1
3 9 2
3 10 1
3 11 3
3 12 2
3 13 2
3 14 1
3 15 2
3 16 2
3 17 1
3 18 1
3 19 1
3 20 1
3 21 2
3 22 1
3 23 1
3 24 2
3 25 2
3 26 2
3 27 3
3 28 1
3 29 2
3 30 1
3 31 3
3 32 1
3 33 1
3 34 2
3 35 1
3 36 2
3 37 1
3 38 2
3 39 2
3 40 2
3 41 3
3 42 3
3 43 1
3 44 1
3 45 1
3 46 2
3 47 1
3 48 3
3 49 1
3 50 1
3 51 1
3 52 3
3 53 2
3 54 1
3 55 2
3 56 1
3 57 3
3 58 3
3 59 1
3 60 2
3 61 1
3 62 2
3 63 3
3 64 1
3 65 1
3 66 3
3 67 2
3 68 2
3 69 3
3 70 2
3 71 1
3 72 2
3 73 2
3 74 2
3 75 1
3 76 2
3 77 2
3 78 2
3 79 1
3 80 2
3 81 1
3 82 3
3 83 1
3 84 2
3 85 1
3 86 2
3 87 2
3 88 1
3 89 2
3 90 2
3 91 2
3 92 3
3 93 2
3 94 3
3 95 1
3 96 2
3 97 2
3 98 1
3 99 2
4 5 1
4 6 1
4 7 1
4 8 2
4 9 2
4 10 1
4 11 2
4 12 3
4 13 3
4 14 3
4 15 3
4 16 1
4 17 1
4 18 2
4 19 2
4 20 2
4 21 1
4 22 2
4 23 1
4 24 1
4 25 1
4 26 2
4 27 1
4 28 2
4 29 1
4 30 2
4 31 2
4 32 3
4 33 1
4 34 1
4 35 2
4 36 2
4 37 1
4 38 1
4 39 1
4 40 2
4 41 2
4 42 2
4 43 1
4 44 2
4 45 1
4 46 1
4 47 2
4 48 1
4 49 2
4 50 2
4 51 1
4 52 1
4 53 1
4 54 2
4 55 1
4 56 2
4 57 2
4 58 1
4 59 2
4 60 2
4 61 2
4 62 1
4 63 1
4 64 1
4 65 2
4 66 2
4 67 1
4 68 1
4 69 1
4 70 1
4 71 2
4 72 1
4 73 3
4 74 3
4 75 2
4 76 1
4 77 1
4 78 1
4 79 3
4 80 2
4 81 2
4 82 2
4 83 2
4 84 2
4 85 2
4 86 1
4 87 1
4 88 2
4 89 1
4 90 1
4 91 2
4 92 2
4 93 2
4 94 1
4 95 2
4 96 2
4 97 1
4 98 2
4 99 1
5 6 2
5 7 1
5 8 2
5 9 2
5 10 1
5 11 1
5 12 3
5 13 3
5 14 2
5 15 3
5 16 1
5 17 2
5 18 2
5 19 2
5 20 2
5 21 2
5 22 2
5 23 2
5 24 2
5 25 1
5 26 2
5 27 2
5 28 2
5 29 2
5 30 2
5 31 2
5 32 3
5 33 2
5 34 1
5 35 2
5 36 2
5 37 2
5 38 2
5 39 2
5 40 1
5 41 3
5 42 3
5 43 1
5 44 2
5 45 2
5 46 2
5 47 2
5 48 2
5 49 2
5 50 2
5 51 2
5 52 2
5 53 1
5 54 2
5 55 2
5 56 2
5 57 1
5 58 1
5 59 2
5 60 3
5 61 3
5 62 1
5 63 2
5 64 2
5 65 2
5 66 1
5 67 1
5 68 1
5 69 2
5 70 1
5 71 2
5 72 1
5 73 3
5 74 3
5 75 3
5 76 2
5 77 1
5 78 1
5 79 3
5 80 1
5 81 3
5 82 1
5 83 3
5 84 2
5 85 2
5 86 2
5 87 1
5 88 2
5 89 2
5 90 1
5 91 3
5 92 1
5 93 1
5 94 1
5 95 2
5 96 1
5 97 2
5 98 3
5 99 1
6 7 1
6 8 1
6 9 1
6 10 1
6 11 3
6 12 3
6 13 3
6 14 3
6 15 2
6 16 2
6 17 1
6 18 2
6 19 1
6 20 2
6 21 1
6 22 3
6 23 1
6 24 1
6 25 1
6 26 3
6 27 1
6 28 2
6 29 1
6 30 1
6 31 1
6 32 3
6 33 2
6 34 2
6 35 1
6 36 2
6 37 1
6 38 1
6 39 1
6 40 3
6 41 2
6 42 2
6 43 2
6 44 2
6 45 1
6 46 1
6 47 2
6 48 1
6 49 2
6 50 2
6 51 1
6 52 1
6 53 2
6 54 2
6 55 1
6 56 2
6 57 3
6 58 2
6 59 2
6 60 1
6 61 2
6 62 2
6 63 1
6 64 1
6 65 2
6 66 3
6 67 2
6 68 2
6 69 1
6 70 1
6 71 2
6 72 2
6 73 3
6 74 2
6 75 2
6 76 1
6 77 2
6 78 1
6 79 3
6 80 3
6 81 2
6 82 3
6 83 2
6 84 3
6 85 2
6 86 1
6 87 1
6 88 2
6 89 1
6 90 2
6 91 1
6 92 3
6 93 3
6 94 2
6 95 2
6 96 2
6 97 1
6 98 2
6 99 2
7 8 2
7 9 2
7 10 1
7 11 2
7 12 3
7 13 3
7 14 3
7 15 3
7 16 1
7 17 1
7 18 2
7 19 2
7 20 2
7 21 1
7 22 2
7 23 2
7 24 2
7 25 1
7 26 2
7 27 2
7 28 2
7 29 1
7 30 2
7 31 2
7 32 3
7 33 1
7 34 1
7 35 2
7 36 2
7 37 1
7 38 1
7 39 1
7 40 2
7 41 2
7 42 2
7 43 1
7 44 2
7 45 1
7 46 2
7 47 2
7 48 1
7 49 2
7 50 2
7 51 1
7 52 1
7 53 1
7 54 2
7 55 1
7 56 2
7 57 2
7 58 1
7 59 2
7 60 2
7 61 2
7 62 1
7 63 1
7 64 2
7 65 2
7 66 2
7 67 1
7 68 1
7 69 1
7 70 1
7 71 2
7 72 1
7 73 3
7 74 3
7 75 2
7 76 1
7 77 1
7 78 1
7 79 3
7 80 2
7 81 2
7 82 2
7 83 2
7 84 2
7 85 2
7 86 1
7 87 1
7 88 2
7 89 2
7 90 1
7 91 2
7 92 2
7 93 2
7 94 1
7 95 2
7 96 2
7 97 1
7 98 3
7 99 1
8 9 1
8 10 1
8 11 3
8 12 3
8 13 2
8 14 2
8 15 1
8 16 2
8 17 1
8 18 1
8 19 1
8 20 2
8 21 1
8 22 2
8 23 1
8 24 1
8 25 2
8 26 2
8 27 2
8 28 2
8 29 1
8 30 1
8 31 2
8 32 2
8 33 1
8 34 2
8 35 1
8 36 2
8 37 1
8 38 2
8 39 2
8 40 2
8 41 3
8 42 2
8 43 2
8 44 1
8 45 1
8 46 1
8 47 1
8 48 2
8 49 1
8 50 2
8 51 1
8 52 2
8 53 2
8 54 2
8 55 1
8 56 1
8 57 3
8 58 3
8 59 1
8 60 1
8 61 1
8 62 2
8 63 2
8 64 1
8 65 2
8 66 3
8 67 2
8 68 2
8 69 2
8 70 2
8 71 1
8 72 2
8 73 2
8 74 1
8 75 1
8 76 2
8 77 2
8 78 2
8 79 2
8 80 3
8 81 1
8 82 3
8 83 2
8 84 2
8 85 2
8 86 2
8 87 2
8 88 2
8 89 1
8 90 2
8 91 1
8 92 3
8 93 3
8 94 2
8 95 2
8 96 2
8 97 1
8 98 1
8 99 2
9 10 2
9 11 3
9 12 3
9 13 3
9 14 3
9 15 2
9 16 2
9 17 1
9 18 2
9 19 1
9 20 2
9 21 1
9 22 3
9 23 1
9 24 1
9 25 2
9 26 3
9 27 2
9 28 2
9 29 1
9 30 1
9 31 1
9 32 3
9 33 2
9 34 2
9 35 2
9 36 3
9 37 1
9 38 1
9 39 2
9 40 3
9 41 2
9 42 2
9 43 2
9 44 1
9 45 1
9 46 1
9 47 2
9 48 1
9 49 2
9 50 2
9 51 1
9 52 2
9 53 2
9 54 2
9 55 1
9 56 2
9 57 3
9 58 3
9 59 2
9 60 1
9 61 2
9 62 2
9 63 1
9 64 1
9 65 3
9 66 3
9 67 2
9 68 2
9 69 2
9 70 1
9 71 2
9 72 2
9 73 3
9 74 2
9 75 2
9 76 1
9 77 2
9 78 2
9 79 3
9 80 3
9 81 2
9 82 3
9 83 2
9 84 3
9 85 2
9 86 1
9 87 2
9 88 2
9 89 1
9 90 2
9 91 1
9 92 3
9 93 3
9 94 2
9 95 2
9 96 3
9 97 1
9 98 2
9 99 2
10 11 2
10 12 2
10 13 2
10 14 2
10 15 2
10 16 2
10 17 1
10 18 1
10 19 1
10 20 1
10 21 1
10 22 2
10 23 1
10 24 1
10 25 2
10 26 2
10 27 2
10 28 1
10 29 1
10 30 1
10 31 2
10 32 2
10 33 1
10 34 1
10 35 1
10 36 1
10 37 1
10 38 1
10 39 2
10 40 2
10 41 3
10 42 2
10 43 1
10 44 1
10 45 1
10 46 2
10 47 1
10 48 2
10 49 1
10 50 1
10 51 1
10 52 2
10 53 1
10 54 1
10 55 1
10 56 1
10 57 2
10 58 2
10 59 1
10 60 2
10 61 2
10 62 1
10 63 2
10 64 1
10 65 1
10 66 2
10 67 1
10 68 1
10 69 2
10 70 1
10 71 1
10 72 1
10 73 2
10 74 2
10 75 2
10 76 2
10 77 1
10 78 1
10 79 2
10 80 2
10 81 2
10 82 2
10 83 2
10 84 2
10 85 1
10 86 1
10 87 1
10 88 1
10 89 2
10 90 1
10 91 2
10 92 2
10 93 2
10 94 2
10 95 1
10 96 1
10 97 1
10 98 2
10 99 2
11 12 3
11 13 3
11 14 3
11 15 4
11 16 2
11 17 3
11 18 3
11 19 3
11 20 3
11 21 3
11 22 3
11 23 3
11 24 3
11 25 2
11 26 2
11 27 3
11 28 3
11 29 3
11 30 3
11 31 3
11 32 4
11 33 3
11 34 2
11 35 3
11 36 2
11 37 3
11 38 3
11 39 3
11 40 2
11 41 4
11 42 4
11 43 2
11 44 3
11 45 3
11 46 3
11 47 3
11 48 3
11 49 3
11 50 3
11 51 3
11 52 3
11 53 2
11 54 2
11 55 3
11 56 3
11 57 1
11 58 1
11 59 3
11 60 4
11 61 4
11 62 2
11 63 3
11 64 3
11 65 3
11 66 1
11 67 1
11 68 1
11 69 3
11 70 2
11 71 3
11 72 2
11 73 3
11 74 4
11 75 4
11 76 3
11 77 2
11 78 2
11 79 3
11 80 2
11 81 4
11 82 1
11 83 3
11 84 2
11 85 3
11 86 3
11 87 2
11 88 3
11 89 3
11 90 2
11 91 4
11 92 1
11 93 2
11 94 2
11 95 3
11 96 2
11 97 3
11 98 4
11 99 2
12 13 1
12 14 1
12 15 4
12 16 4
12 17 2
12 18 2
12 19 2
12 20 2
12 21 3
12 22 1
12 23 3
12 24 3
12 25 4
12 26 1
12 27 4
12 28 1
12 29 3
12 30 3
12 31 4
12 32 1
12 33 2
12 34 2
12 35 2
12 36 2
12 37 3
12 38 3
12 39 4
12 40 2
12 41 5
12 42 4
12 43 2
12 44 3
12 45 3
12 46 3
12 47 2
12 48 4
12 49 2
12 50 2
12 51 3
12 52 4
12 53 3
12 54 2
12 55 3
12 56 2
12 57 3
12 58 3
12 59 2
12 60 4
12 61 2
12 62 3
12 63 4
12 64 3
12 65 1
12 66 3
12 67 3
12 68 3
12 69 4
12 70 3
12 71 2
12 72 3
12 73 1
12 74 3
12 75 2
12 76 4
12 77 2
12 78 3
12 79 1
12 80 2
12 81 2
12 82 2
12 83 2
12 84 1
12 85 1
12 86 3
12 87 3
12 88 2
12 89 4
12 90 3
12 91 3
12 92 3
12 93 2
12 94 3
12 95 2
12 96 2
12 97 3
12 98 3
12 99 3
13 14 1
13 15 3
13 16 4
13 17 2
13 18 2
13 19 2
13 20 2
13 21 3
13 22 1
13 23 2
13 24 3
13 25 3
13 26 1
13 27 4
13 28 1
13 29 3
13 30 2
13 31 4
13 32 1
13 33 2
13 34 2
13 35 2
13 36 2
13 37 2
13 38 3
13 39 3
13 40 2
13 41 4
13 42 4
13 43 2
13 44 2
13 45 2
13 46 3
13 47 2
13 48 4
13 49 2
13 50 2
13 51 3
13 52 4
13 53 3
13 54 2
13 55 3
13 56 2
13 57 3
13 58 3
13 59 2
13 60 3
13 61 2
13 62 3
13 63 4
13 64 3
13 65 1
13 66 3
13 67 3
13 68 3
13 69 4
13 70 3
13 71 1
13 72 3
13 73 1
13 74 3
13 75 2
13 76 4
13 77 2
13 78 3
13 79 1
13 80 2
13 81 2
13 82 2
13 83 1
13 84 1
13 85 1
13 86 3
13 87 3
13 88 1
13 89 3
13 90 3
13 91 3
13 92 3
13 93 2
13 94 3
13 95 1
13 96 2
13 97 3
13 98 3
13 99 3
14 15 3
14 16 3
14 17 2
14 18 1
14 19 2
14 20 1
14 21 3
14 22 1
14 23 2
14 24 3
14 25 3
14 26 1
14 27 4
14 28 1
14 29 3
14 30 2
14 31 3
14 32 1
14 33 2
14 34 2
14 35 2
14 36 1
14 37 2
14 38 3
14 39 3
14 40 1
14 41 4
14 42 4
14 43 2
14 44 2
14 45 2
14 46 3
14 47 2
14 48 3
14 49 2
14 50 1
14 51 2
14 52 3
14 53 2
14 54 1
14 55 2
14 56 1
14 57 3
14 58 3
14 59 2
14 60 3
14 61 2
14 62 2
14 63 3
14 64 2
14 65 1
14 66 3
14 67 2
14 68 2
14 69 3
14 70 2
14 71 1
14 72 3
14 73 1
14 74 3
14 75 2
14 76 3
14 77 2
14 78 3
14 79 1
14 80 2
14 81 2
14 82 2
14 83 1
14 84 1
14 85 1
14 86 3
14 87 2
14 88 1
14 89 3
14 90 2
14 91 3
14 92 3
14 93 2
14 94 3
14 95 1
14 96 1
14 97 3
14 98 2
14 99 3
15 16 3
15 17 2
15 18 2
15 19 2
15 20 2
15 21 2
15 22 3
15 23 2
15 24 2
15 25 3
15 26 3
15 27 3
15 28 3
15 29 2
15 30 1
15 31 2
15 32 3
15 33 2
15 34 3
15 35 2
15 36 3
15 37 2
15 38 3
15 39 3
15 40 3
15 41 3
15 42 3
15 43 3
15 44 1
15 45 2
15 46 2
15 47 2
15 48 3
15 49 2
15 50 3
15 51 2
15 52 3
15 53 3
15 54 3
15 55 2
15 56 2
15 57 4
15 58 4
15 59 2
15 60 1
15 61 2
15 62 3
15 63 3
15 64 2
15 65 3
15 66 4
15 67 3
15 68 3
15 69 3
15 70 3
15 71 2
15 72 3
15 73 3
15 74 1
15 75 2
15 76 3
15 77 3
15 78 3
15 79 3
15 80 4
15 81 2
15 82 4
15 83 2
15 84 3
15 85 3
15 86 2
15 87 3
15 88 3
15 89 2
15 90 3
15 91 1
15 92 4
15 93 3
15 94 3
15 95 2
15 96 3
15 97 2
15 98 1
15 99 3
16 17 2
16 18 2
16 19 2
16 20 2
16 21 1
16 22 3
16 23 2
16 24 2
16 25 1
16 26 3
16 27 1
16 28 3
16 29 1
16 30 2
16 31 2
16 32 3
16 33 2
16 34 2
16 35 2
16 36 2
16 37 2
16 38 1
16 39 1
16 40 2
16 41 2
16 42 2
16 43 2
16 44 2
16 45 2
16 46 2
16 47 2
16 48 1
16 49 2
16 50 2
16 51 1
16 52 1
16 53 1
16 54 2
16 55 1
16 56 2
16 57 2
16 58 1
16 59 2
16 60 2
16 61 3
16 62 1
16 63 1
16 64 2
16 65 3
16 66 2
16 67 1
16 68 1
16 69 1
16 70 1
16 71 3
16 72 1
16 73 3
16 74 3
16 75 3
16 76 1
16 77 2
16 78 1
16 79 3
16 80 2
16 81 3
16 82 2
16 83 3
16 84 3
16 85 3
16 86 1
16 87 1
16 88 3
16 89 2
16 90 1
16 91 2
16 92 2
16 93 2
16 94 1
16 95 3
16 96 2
16 97 1
16 98 3
16 99 1
17 18 1
17 19 1
17 20 1
17 21 1
17 22 2
17 23 1
17 24 1
17 25 2
17 26 2
17 27 2
17 28 1
17 29 1
17 30 1
17 31 2
17 32 2
17 33 1
17 34 1
17 35 1
17 36 2
17 37 1
17 38 2
17 39 2
17 40 2
17 41 3
17 42 2
17 43 1
17 44 1
17 45 1
17 46 1
17 47 1
17 48 2
17 49 1
17 50 1
17 51 1
17 52 2
17 53 1
17 54 1
17 55 1
17 56 1
17 57 2
17 58 2
17 59 1
17 60 2
17 61 1
17 62 1
17 63 2
17 64 1
17 65 2
17 66 3
17 67 2
17 68 2
17 69 2
17 70 1
17 71 1
17 72 2
17 73 2
17 74 2
17 75 1
17 76 2
17 77 2
17 78 2
17 79 2
17 80 2
17 81 1
17 82 2
17 83 1
17 84 2
17 85 1
17 86 1
17 87 1
17 88 1
17 89 2
17 90 2
17 91 1
17 92 2
17 93 2
17 94 2
17 95 1
17 96 2
17 97 1
17 98 2
17 99 2
18 19 1
18 20 1
18 21 2
18 22 1
18 23 1
18 24 2
18 25 2
18 26 1
18 27 3
18 28 1
18 29 2
18 30 1
18 31 3
18 32 1
18 33 1
18 34 1
18 35 1
18 36 1
18 37 1
18 38 2
18 39 2
18 40 1
18 41 3
18 42 3
18 43 1
18 44 1
18 45 1
18 46 2
18 47 1
18 48 3
18 49 1
18 50 1
18 51 1
18 52 3
18 53 1
18 54 1
18 55 2
18 56 1
18 57 2
18 58 2
18 59 1
18 60 2
18 61 1
18 62 1
18 63 3
18 64 2
18 65 1
18 66 2
18 67 2
18 68 2
18 69 3
18 70 2
18 71 1
18 72 2
18 73 2
18 74 2
18 75 1
18 76 2
18 77 1
18 78 2
18 79 1
18 80 2
18 81 1
18 82 2
18 83 1
18 84 1
18 85 1
18 86 2
18 87 2
18 88 1
18 89 2
18 90 2
18 91 2
18 92 2
18 93 2
18 94 2
18 95 1
18 96 1
18 97 2
18 98 2
18 99 2
19 20 1
19 21 1
19 22 2
19 23 1
19 24 1
19 25 2
19 26 2
19 27 2
19 28 1
19 29 1
19 30 1
19 31 2
19 32 2
19 33 1
19 34 1
19 35 1
19 36 2
19 37 1
19 38 2
19 39 2
19 40 2
19 41 3
19 42 3
19 43 1
19 44 1
19 45 1
19 46 1
19 47 1
19 48 2
19 49 1
19 50 1
19 51 1
19 52 2
19 53 1
19 54 1
19 55 1
19 56 1
19 57 3
19 58 2
19 59 1
19 60 2
19 61 1
19 62 2
19 63 2
19 64 1
19 65 2
19 66 3
19 67 2
19 68 2
19 69 2
19 70 1
19 71 1
19 72 2
19 73 2
19 74 2
19 75 1
19 76 2
19 77 2
19 78 2
19 79 2
19 80 2
19 81 1
19 82 2
19 83 1
19 84 2
19 85 1
19 86 2
19 87 1
19 88 1
19 89 2
19 90 2
19 91 1
19 92 3
19 93 2
19 94 2
19 95 1
19 96 2
19 97 1
19 98 1
19 99 2
20 21 2
20 22 1
20 23 1
20 24 2
20 25 2
20 26 1
20 27 3
20 28 1
20 29 2
20 30 1
20 31 3
20 32 1
20 33 1
20 34 1
20 35 1
20 36 1
20 37 1
20 38 2
20 39 2
20 40 1
20 41 3
20 42 3
20 43 1
20 44 1
20 45 1
20 46 2
20 47 1
20 48 3
20 49 1
20 50 1
20 51 1
20 52 3
20 53 1
20 54 1
20 55 2
20 56 1
20 57 2
20 58 2
20 59 1
20 60 2
20 61 1
20 62 1
20 63 3
20 64 2
20 65 1
20 66 2
20 67 2
20 68 2
20 69 2
20 70 2
20 71 1
20 72 2
20 73 2
20 74 2
20 75 1
20 76 2
20 77 1
20 78 2
20 79 1
20 80 2
20 81 1
20 82 2
20 83 1
20 84 1
20 85 1
20 86 2
20 87 1
20 88 1
20 89 2
20 90 2
20 91 2
20 92 2
20 93 1
20 94 2
20 95 1
20 96 1
20 97 2
20 98 2
20 99 2
21 22 2
21 23 1
21 24 1
21 25 1
21 26 3
21 27 1
21 28 2
21 29 1
21 30 1
21 31 1
21 32 3
21 33 1
21 34 2
21 35 1
21 36 2
21 37 1
21 38 1
21 39 1
21 40 2
21 41 2
21 42 2
21 43 1
21 44 2
21 45 1
21 46 1
21 47 2
21 48 1
21 49 2
21 50 2
21 51 1
21 52 1
21 53 1
21 54 2
21 55 1
21 56 2
21 57 2
21 58 2
21 59 2
21 60 1
21 61 2
21 62 2
21 63 1
21 64 1
21 65 2
21 66 3
21 67 2
21 68 2
21 69 1
21 70 1
21 71 2
21 72 1
21 73 3
21 74 2
21 75 2
21 76 1
21 77 2
21 78 1
21 79 3
21 80 2
21 81 2
21 82 3
21 83 2
21 84 2
21 85 2
21 86 1
21 87 1
21 88 2
21 89 1
21 90 1
21 91 2
21 92 2
21 93 2
21 94 2
21 95 2
21 96 2
21 97 1
21 98 2
21 99 2
22 23 2
22 24 2
22 25 3
22 26 1
22 27 3
22 28 1
22 29 2
22 30 2
22 31 3
22 32 1
22 33 1
22 34 1
22 35 2
22 36 1
22 37 2
22 38 3
22 39 3
22 40 1
22 41 4
22 42 4
22 43 1
22 44 2
22 45 2
22 46 3
22 47 2
22 48 3
22 49 1
22 50 1
22 51 2
22 52 3
22 53 2
22 54 1
22 55 2
22 56 1
22 57 2
22 58 2
22 59 2
22 60 3
22 61 2
22 62 2
22 63 3
22 64 2
22 65 1
22 66 2
22 67 2
22 68 2
22 69 3
22 70 2
22 71 1
22 72 2
22 73 1
22 74 3
22 75 2
22 76 3
22 77 1
22 78 2
22 79 1
22 80 1
22 81 2
22 82 2
22 83 1
22 84 1
22 85 1
22 86 3
22 87 2
22 88 1
22 89 3
22 90 2
22 91 3
22 92 2
22 93 1
22 94 2
22 95 1
22 96 1
22 97 2
22 98 2
22 99 2
23 24 1
23 25 2
23 26 2
23 27 2
23 28 2
23 29 1
23 30 1
23 31 2
23 32 2
23 33 1
23 34 2
23 35 1
23 36 2
23 37 1
23 38 2
23 39 2
23 40 2
23 41 3
23 42 2
23 43 1
23 44 1
23 45 1
23 46 1
23 47 1
23 48 2
23 49 1
23 50 1
23 51 1
23 52 2
23 53 2
23 54 2
23 55 1
23 56 1
23 57 3
23 58 2
23 59 1
23 60 1
23 61 1
23 62 2
23 63 2
23 64 1
23 65 2
23 66 3
23 67 2
23 68 2
23 69 2
23 70 1
23 71 1
23 72 2
23 73 2
23 74 2
23 75 1
23 76 2
23 77 2
23 78 2
23 79 2
23 80 2
23 81 1
23 82 3
23 83 2
23 84 2
23 85 2
23 86 1
23 87 1
23 88 2
23 89 1
23 90 2
23 91 1
23 92 3
23 93 2
23 94 2
23 95 1
23 96 2
23 97 1
23 98 1
23 99 2
24 25 2
24 26 3
24 27 2
24 28 2
24 29 1
24 30 1
24 31 1
24 32 3
24 33 1
24 34 2
24 35 1
24 36 2
24 37 1
24 38 1
24 39 2
24 40 3
24 41 2
24 42 2
24 43 2
24 44 1
24 45 1
24 46 1
24 47 2
24 48 1
24 49 2
24 50 2
24 51 1
24 52 2
24 53 2
24 54 2
24 55 1
24 56 2
24 57 3
24 58 2
24 59 2
24 60 1
24 61 2
24 62 2
24 63 2
24 64 1
24 65 2
24 66 3
24 67 2
24 68 2
24 69 2
24 70 1
24 71 2
24 72 2
24 73 3
24 74 2
24 75 2
24 76 1
24 77 2
24 78 2
24 79 3
24 80 3
24 81 2
24 82 3
24 83 2
24 84 3
24 85 2
24 86 1
24 87 2
24 88 2
24 89 1
24 90 2
24 91 1
24 92 3
24 93 3
24 94 2
24 95 2
24 96 2
24 97 1
24 98 2
24 99 2
25 26 3
25 27 1
25 28 3
25 29 1
25 30 2
25 31 1
25 32 3
25 33 2
25 34 2
25 35 2
25 36 2
25 37 2
25 38 1
25 39 1
25 40 2
25 41 2
25 42 2
25 43 2
25 44 2
25 45 1
25 46 2
25 47 2
25 48 1
25 49 2
25 50 2
25 51 1
25 52 1
25 53 1
25 54 2
25 55 1
25 56 2
25 57 2
25 58 2
25 59 2
25 60 2
25 61 3
25 62 1
25 63 1
25 64 2
25 65 3
25 66 2
25 67 1
25 68 1
25 69 1
25 70 1
25 71 3
25 72 1
25 73 3
25 74 3
25 75 3
25 76 1
25 77 2
25 78 1
25 79 3
25 80 2
25 81 3
25 82 2
25 83 3
25 84 3
25 85 3
25 86 1
25 87 1
25 88 2
25 89 1
25 90 1
25 91 2
25 92 2
25 93 2
25 94 1
25 95 2
25 96 2
25 97 1
25 98 3
25 99 1
26 27 3
26 28 1
26 29 3
26 30 2
26 31 3
26 32 2
26 33 2
26 34 1
26 35 2
26 36 1
26 37 2
26 38 3
26 39 3
26 40 1
26 41 4
26 42 4
26 43 2
26 44 2
26 45 2
26 46 3
26 47 2
26 48 3
26 49 2
26 50 1
26 51 2
26 52 3
26 53 2
26 54 1
26 55 2
26 56 2
26 57 2
26 58 2
26 59 2
26 60 3
26 61 2
26 62 2
26 63 3
26 64 3
26 65 1
26 66 2
26 67 2
26 68 2
26 69 3
26 70 2
26 71 2
26 72 2
26 73 1
26 74 3
26 75 2
26 76 3
26 77 1
26 78 2
26 79 1
26 80 1
26 81 2
26 82 1
26 83 2
26 84 1
26 85 1
26 86 3
26 87 2
26 88 1
26 89 3
26 90 2
26 91 3
26 92 2
26 93 1
26 94 2
26 95 1
26 96 1
26 97 2
26 98 3
26 99 2
27 28 3
27 29 2
27 30 2
27 31 1
27 32 4
27 33 2
27 34 2
27 35 2
27 36 3
27 37 2
27 38 1
27 39 1
27 40 3
27 41 1
27 42 1
27 43 2
27 44 3
27 45 2
27 46 1
27 47 3
27 48 1
27 49 3
27 50 3
27 51 2
27 52 1
27 53 2
27 54 3
27 55 2
27 56 3
27 57 3
27 58 2
27 59 3
27 60 2
27 61 3
27 62 2
27 63 1
27 64 2
27 65 3
27 66 3
27 67 2
27 68 2
27 69 1
27 70 2
27 71 3
27 72 2
27 73 4
27 74 3
27 75 3
27 76 1
27 77 2
27 78 1
27 79 4
27 80 3
27 81 3
27 82 3
27 83 3
27 84 3
27 85 3
27 86 1
27 87 2
27 88 3
27 89 1
27 90 2
27 91 2
27 92 3
27 93 3
27 94 2
27 95 3
27 96 3
27 97 1
27 98 3
27 99 2
28 29 2
28 30 2
28 31 3
28 32 1
28 33 1
28 34 1
28 35 1
28 36 1
28 37 2
28 38 2
28 39 3
28 40 1
28 41 4
28 42 3
28 43 1
28 44 2
28 45 2
28 46 2
28 47 1
28 48 3
28 49 1
28 50 1
28 51 2
28 52 3
28 53 2
28 54 1
28 55 2
28 56 1
28 57 2
28 58 2
28 59 1
28 60 3
28 61 2
28 62 2
28 63 3
28 64 2
28 65 1
28 66 2
28 67 2
28 68 2
28 69 3
28 70 2
28 71 1
28 72 2
28 73 1
28 74 2
28 75 1
28 76 3
28 77 1
28 78 2
28 79 1
28 80 1
28 81 1
28 82 2
28 83 1
28 84 1
28 85 1
28 86 2
28 87 2
28 88 1
28 89 3
28 90 2
28 91 2
28 92 2
28 93 1
28 94 2
28 95 1
28 96 1
28 97 2
28 98 2
28 99 2
29 30 1
29 31 1
29 32 2
29 33 1
29 34 2
29 35 1
29 36 2
29 37 1
29 38 1
29 39 1
29 40 2
29 41 2
29 42 2
29 43 1
29 44 1
29 45 1
29 46 1
29 47 2
29 48 1
29 49 1
29 50 2
29 51 1
29 52 2
29 53 1
29 54 2
29 55 1
29 56 2
29 57 2
29 58 2
29 59 2
29 60 1
29 61 2
29 62 2
29 63 1
29 64 1
29 65 2
29 66 3
29 67 2
29 68 2
29 69 1
29 70 1
29 71 2
29 72 2
29 73 3
29 74 2
29 75 2
29 76 1
29 77 2
29 78 1
29 79 3
29 80 2
29 81 2
29 82 3
29 83 2
29 84 2
29 85 2
29 86 1
29 87 1
29 88 2
29 89 1
29 90 1
29 91 1
29 92 2
29 93 2
29 94 2
29 95 2
29 96 2
29 97 1
29 98 2
29 99 2
30 31 2
30 32 2
30 33 1
30 34 2
30 35 1
30 36 2
30 37 1
30 38 2
30 39 2
30 40 2
30 41 3
30 42 3
30 43 2
30 44 1
30 45 1
30 46 1
30 47 1
30 48 2
30 49 1
30 50 2
30 51 1
30 52 2
30 53 2
30 54 2
30 55 1
30 56 1
30 57 3
30 58 3
30 59 1
30 60 1
30 61 1
30 62 2
30 63 2
30 64 1
30 65 2
30 66 3
30 67 2
30 68 2
30 69 2
30 70 2
30 71 1
30 72 2
30 73 2
30 74 1
30 75 1
30 76 2
30 77 2
30 78 2
30 79 2
30 80 3
30 81 1
30 82 3
30 83 2
30 84 2
30 85 2
30 86 2
30 87 2
30 88 2
30 89 2
30 90 2
30 91 1
30 92 3
30 93 2
30 94 3
30 95 1
30 96 2
30 97 2
30 98 1
30 99 3
31 32 3
31 33 2
31 34 2
31 35 2
31 36 3
31 37 2
31 38 1
31 39 1
31 40 3
31 41 1
31 42 1
31 43 2
31 44 2
31 45 2
31 46 1
31 47 3
31 48 1
31 49 2
31 50 3
31 51 2
31 52 1
31 53 2
31 54 3
31 55 1
31 56 2
31 57 3
31 58 2
31 59 3
31 60 1
31 61 3
31 62 2
31 63 1
31 64 2
31 65 3
31 66 3
31 67 2
31 68 2
31 69 1
31 70 2
31 71 3
31 72 2
31 73 4
31 74 3
31 75 3
31 76 1
31 77 2
31 78 1
31 79 3
31 80 3
31 81 3
31 82 3
31 83 3
31 84 3
31 85 3
31 86 1
31 87 2
31 88 3
31 89 1
31 90 2
31 91 2
31 92 3
31 93 3
31 94 2
31 95 3
31 96 3
31 97 1
31 98 3
31 99 2
32 33 2
32 34 2
32 35 2
32 36 2
32 37 2
32 38 3
32 39 3
32 40 2
32 41 4
32 42 4
32 43 2
32 44 2
32 45 2
32 46 3
32 47 1
32 48 3
32 49 1
32 50 2
32 51 2
32 52 3
32 53 2
32 54 2
32 55 2
32 56 1
32 57 3
32 58 3
32 59 1
32 60 3
32 61 1
32 62 2
32 63 3
32 64 2
32 65 1
32 66 3
32 67 3
32 68 3
32 69 3
32 70 2
32 71 1
32 72 3
32 73 1
32 74 2
32 75 1
32 76 3
32 77 2
32 78 3
32 79 1
32 80 2
32 81 1
32 82 3
32 83 1
32 84 2
32 85 1
32 86 3
32 87 2
32 88 1
32 89 3
32 90 3
32 91 2
32 92 3
32 93 2
32 94 3
32 95 1
32 96 2
32 97 3
32 98 2
32 99 3
33 34 1
33 35 1
33 36 1
33 37 1
33 38 2
33 39 2
33 40 2
33 41 3
33 42 3
33 43 1
33 44 1
33 45 1
33 46 2
33 47 1
33 48 2
33 49 1
33 50 1
33 51 1
33 52 2
33 53 1
33 54 1
33 55 1
33 56 1
33 57 2
33 58 2
33 59 1
33 60 2
33 61 2
33 62 1
33 63 2
33 64 1
33 65 1
33 66 2
33 67 2
33 68 2
33 69 2
33 70 1
33 71 1
33 72 2
33 73 2
33 74 2
33 75 1
33 76 2
33 77 1
33 78 2
33 79 2
33 80 2
33 81 1
33 82 2
33 83 1
33 84 2
33 85 1
33 86 2
33 87 1
33 88 1
33 89 2
33 90 2
33 91 2
33 92 2
33 93 2
33 94 2
33 95 1
33 96 1
33 97 1
33 98 2
33 99 2
34 35 1
34 36 1
34 37 1
34 38 2
34 39 2
34 40 1
34 41 3
34 42 3
34 43 1
34 44 2
34 45 1
34 46 2
34 47 2
34 48 2
34 49 1
34 50 1
34 51 1
34 52 2
34 53 1
34 54 1
34 55 1
34 56 1
34 57 2
34 58 1
34 59 2
34 60 2
34 61 2
34 62 1
34 63 2
34 64 2
34 65 1
34 66 2
34 67 1
34 68 1
34 69 2
34 70 1
34 71 1
34 72 1
34 73 2
34 74 3
34 75 2
34 76 2
34 77 1
34 78 1
34 79 2
34 80 1
34 81 2
34 82 1
34 83 2
34 84 1
34 85 1
34 86 2
34 87 1
34 88 1
34 89 2
34 90 1
34 91 2
34 92 2
34 93 1
34 94 2
34 95 1
34 96 1
34 97 1
34 98 2
34 99 1
35 36 2
35 37 1
35 38 2
35 39 2
35 40 2
35 41 3
35 42 3
35 43 1
35 44 1
35 45 1
35 46 2
35 47 1
35 48 2
35 49 1
35 50 1
35 51 1
35 52 2
35 53 1
35 54 1
35 55 1
35 56 1
35 57 3
35 58 2
35 59 1
35 60 2
35 61 1
35 62 2
35 63 2
35 64 1
35 65 1
35 66 3
35 67 2
35 68 2
35 69 2
35 70 1
35 71 1
35 72 2
35 73 2
35 74 2
35 75 1
35 76 2
35 77 2
35 78 2
35 79 2
35 80 2
35 81 1
35 82 2
35 83 1
35 84 2
35 85 1
35 86 2
35 87 1
35 88 1
35 89 2
35 90 2
35 91 1
35 92 3
35 93 2
35 94 2
35 95 1
35 96 2
35 97 1
35 98 1
35 99 2
36 37 2
36 38 2
36 39 3
36 40 1
36 41 4
36 42 3
36 43 1
36 44 2
36 45 2
36 46 3
36 47 2
36 48 3
36 49 2
36 50 1
36 51 2
36 52 3
36 53 2
36 54 1
36 55 2
36 56 1
36 57 2
36 58 2
36 59 2
36 60 3
36 61 2
36 62 1
36 63 3
36 64 2
36 65 1
36 66 2
36 67 2
36 68 2
36 69 3
36 70 2
36 71 1
36 72 2
36 73 1
36 74 3
36 75 2
36 76 3
36 77 1
36 78 2
36 79 1
36 80 1
36 81 2
36 82 1
36 83 1
36 84 1
36 85 1
36 86 2
36 87 2
36 88 1
36 89 3
36 90 2
36 91 3
36 92 2
36 93 1
36 94 2
36 95 1
36 96 1
36 97 2
36 98 3
36 99 2
37 38 1
37 39 2
37 40 2
37 41 3
37 42 2
37 43 1
37 44 1
37 45 1
37 46 1
37 47 1
37 48 2
37 49 1
37 50 1
37 51 1
37 52 2
37 53 1
37 54 1
37 55 1
37 56 1
37 57 3
37 58 2
37 59 1
37 60 2
37 61 1
37 62 2
37 63 2
37 64 1
37 65 2
37 66 3
37 67 2
37 68 2
37 69 2
37 70 1
37 71 1
37 72 2
37 73 2
37 74 2
37 75 1
37 76 2
37 77 2
37 78 1
37 79 2
37 80 2
37 81 1
37 82 2
37 83 2
37 84 2
37 85 2
37 86 1
37 87 1
37 88 1
37 89 1
37 90 2
37 91 1
37 92 3
37 93 2
37 94 2
37 95 1
37 96 2
37 97 1
37 98 2
37 99 2
38 39 1
38 40 2
38 41 2
38 42 2
38 43 2
38 44 2
38 45 1
38 46 1
38 47 2
38 48 1
38 49 2
38 50 2
38 51 1
38 52 1
38 53 1
38 54 2
38 55 1
38 56 2
38 57 2
38 58 2
38 59 2
38 60 2
38 61 2
38 62 1
38 63 1
38 64 1
38 65 2
38 66 3
38 67 2
38 68 2
38 69 1
38 70 1
38 71 2
38 72 1
38 73 3
38 74 3
38 75 2
38 76 1
38 77 2
38 78 1
38 79 3
38 80 2
38 81 2
38 82 2
38 83 3
38 84 3
38 85 2
38 86 1
38 87 1
38 88 2
38 89 1
38 90 1
38 91 2
38 92 2
38 93 2
38 94 1
38 95 2
38 96 2
38 97 1
38 98 3
38 99 1
39 40 2
39 41 1
39 42 1
39 43 2
39 44 2
39 45 1
39 46 1
39 47 2
39 48 1
39 49 2
39 50 2
39 51 1
39 52 1
39 53 1
39 54 2
39 55 1
39 56 2
39 57 2
39 58 2
39 59 2
39 60 2
39 61 3
39 62 2
39 63 1
39 64 2
39 65 3
39 66 3
39 67 2
39 68 2
39 69 1
39 70 1
39 71 3
39 72 1
39 73 3
39 74 3
39 75 3
39 76 1
39 77 2
39 78 1
39 79 3
39 80 3
39 81 3
39 82 3
39 83 3
39 84 3
39 85 3
39 86 1
39 87 1
39 88 2
39 89 1
39 90 1
39 91 2
39 92 2
39 93 3
39 94 1
39 95 2
39 96 2
39 97 1
39 98 3
39 99 1
40 41 3
40 42 3
40 43 1
40 44 2
40 45 2
40 46 3
40 47 2
40 48 3
40 49 2
40 50 1
40 51 2
40 52 3
40 53 1
40 54 1
40 55 2
40 56 2
40 57 2
40 58 2
40 59 2
40 60 3
40 61 2
40 62 1
40 63 3
40 64 2
40 65 1
40 66 2
40 67 1
40 68 2
40 69 3
40 70 2
40 71 2
40 72 2
40 73 2
40 74 3
40 75 2
40 76 3
40 77 1
40 78 2
40 79 2
40 80 1
40 81 2
40 82 1
40 83 2
40 84 1
40 85 1
40 86 2
40 87 2
40 88 1
40 89 3
40 90 2
40 91 3
40 92 2
40 93 1
40 94 2
40 95 1
40 96 1
40 97 2
40 98 3
40 99 2
41 42 1
41 43 3
41 44 3
41 45 2
41 46 2
41 47 3
41 48 1
41 49 3
41 50 3
41 51 2
41 52 1
41 53 2
41 54 3
41 55 2
41 56 3
41 57 3
41 58 3
41 59 3
41 60 2
41 61 4
41 62 3
41 63 1
41 64 3
41 65 4
41 66 4
41 67 3
41 68 3
41 69 1
41 70 2
41 71 4
41 72 2
41 73 4
41 74 4
41 75 4
41 76 1
41 77 3
41 78 2
41 79 4
41 80 4
41 81 4
41 82 4
41 83 4
41 84 4
41 85 4
41 86 2
41 87 2
41 88 3
41 89 2
41 90 2
41 91 3
41 92 3
41 93 4
41 94 2
41 95 3
41 96 3
41 97 2
41 98 4
41 99 2
42 43 3
42 44 3
42 45 2
42 46 2
42 47 3
42 48 1
42 49 3
42 50 3
42 51 2
42 52 1
42 53 2
42 54 3
42 55 2
42 56 3
42 57 3
42 58 3
42 59 3
42 60 2
42 61 3
42 62 3
42 63 1
42 64 2
42 65 3
42 66 4
42 67 3
42 68 3
42 69 1
42 70 2
42 71 3
42 72 2
42 73 4
42 74 3
42 75 3
42 76 1
42 77 3
42 78 2
42 79 4
42 80 4
42 81 3
42 82 4
42 83 3
42 84 4
42 85 3
42 86 1
42 87 2
42 88 3
42 89 1
42 90 2
42 91 2
42 92 3
42 93 4
42 94 2
42 95 3
42 96 3
42 97 2
42 98 3
42 99 2
43 44 2
43 45 1
43 46 2
43 47 1
43 48 2
43 49 1
43 50 1
43 51 1
43 52 2
43 53 1
43 54 1
43 55 1
43 56 1
43 57 2
43 58 2
43 59 2
43 60 2
43 61 2
43 62 1
43 63 2
43 64 1
43 65 1
43 66 2
43 67 1
43 68 1
43 69 2
43 70 1
43 71 1
43 72 1
43 73 2
43 74 3
43 75 2
43 76 2
43 77 1
43 78 1
43 79 2
43 80 1
43 81 2
43 82 2
43 83 2
43 84 1
43 85 1
43 86 2
43 87 1
43 88 1
43 89 2
43 90 1
43 91 2
43 92 2
43 93 1
43 94 2
43 95 1
43 96 1
43 97 1
43 98 2
43 99 1
44 45 1
44 46 2
44 47 1
44 48 2
44 49 1
44 50 2
44 51 1
44 52 3
44 53 2
44 54 2
44 55 1
44 56 1
44 57 3
44 58 3
44 59 1
44 60 2
44 61 1
44 62 2
44 63 2
44 64 1
44 65 2
44 66 3
44 67 2
44 68 2
44 69 2
44 70 2
44 71 1
44 72 2
44 73 2
44 74 1
44 75 1
44 76 2
44 77 2
44 78 2
44 79 2
44 80 3
44 81 1
44 82 3
44 83 1
44 84 2
44 85 2
44 86 2
44 87 2
44 88 2
44 89 2
44 90 2
44 91 1
44 92 3
44 93 2
44 94 3
44 95 1
44 96 2
44 97 2
44 98 1
44 99 3
45 46 1
45 47 1
45 48 2
45 49 1
45 50 1
45 51 1
45 52 2
45 53 1
45 54 1
45 55 1
45 56 1
45 57 2
45 58 2
45 59 1
45 60 2
45 61 2
45 62 1
45 63 2
45 64 1
45 65 2
45 66 2
45 67 2
45 68 2
45 69 2
45 70 1
45 71 2
45 72 1
45 73 2
45 74 2
45 75 2
45 76 2
45 77 1
45 78 1
45 79 2
45 80 2
45 81 2
45 82 2
45 83 2
45 84 2
45 85 2
45 86 1
45 87 1
45 88 1
45 89 1
45 90 1
45 91 2
45 92 2
45 93 2
45 94 2
45 95 1
45 96 2
45 97 1
45 98 2
45 99 2
46 47 2
46 48 1
46 49 2
46 50 2
46 51 1
46 52 2
46 53 2
46 54 2
46 55 1
46 56 2
46 57 3
46 58 2
46 59 2
46 60 1
46 61 2
46 62 2
46 63 1
46 64 1
46 65 3
46 66 3
46 67 2
46 68 2
46 69 1
46 70 1
46 71 2
46 72 2
46 73 3
46 74 2
46 75 2
46 76 1
46 77 2
46 78 2
46 79 3
46 80 3
46 81 2
46 82 3
46 83 2
46 84 3
46 85 2
46 86 1
46 87 2
46 88 2
46 89 1
46 90 2
46 91 1
46 92 3
46 93 3
46 94 2
46 95 2
46 96 3
46 97 1
46 98 2
46 99 2
47 48 3
47 49 1
47 50 1
47 51 1
47 52 3
47 53 2
47 54 1
47 55 2
47 56 1
47 57 3
47 58 3
47 59 1
47 60 2
47 61 1
47 62 2
47 63 3
47 64 1
47 65 2
47 66 3
47 67 2
47 68 2
47 69 3
47 70 2
47 71 1
47 72 2
47 73 2
47 74 2
47 75 1
47 76 2
47 77 2
47 78 2
47 79 2
47 80 2
47 81 1
47 82 3
47 83 1
47 84 2
47 85 1
47 86 2
47 87 2
47 88 1
47 89 2
47 90 2
47 91 1
47 92 3
47 93 2
47 94 3
47 95 1
47 96 2
47 97 2
47 98 1
47 99 2
48 49 2
48 50 2
48 51 2
48 52 1
48 53 2
48 54 3
48 55 1
48 56 2
48 57 3
48 58 2
48 59 3
48 60 2
48 61 3
48 62 2
48 63 1
48 64 2
48 65 3
48 66 3
48 67 2
48 68 2
48 69 1
48 70 1
48 71 3
48 72 2
48 73 4
48 74 3
48 75 3
48 76 1
48 77 2
48 78 1
48 79 3
48 80 3
48 81 3
48 82 3
48 83 3
48 84 3
48 85 3
48 86 1
48 87 2
48 88 3
48 89 1
48 90 2
48 91 2
48 92 3
48 93 3
48 94 2
48 95 3
48 96 3
48 97 1
48 98 3
48 99 2
49 50 1
49 51 1
49 52 2
49 53 2
49 54 1
49 55 1
49 56 1
49 57 3
49 58 2
49 59 1
49 60 2
49 61 1
49 62 2
49 63 2
49 64 1
49 65 1
49 66 3
49 67 2
49 68 2
49 69 2
49 70 1
49 71 1
49 72 2
49 73 2
49 74 2
49 75 1
49 76 2
49 77 2
49 78 2
49 79 2
49 80 2
49 81 1
49 82 2
49 83 1
49 84 2
49 85 1
49 86 2
49 87 2
49 88 1
49 89 2
49 90 2
49 91 2
49 92 3
49 93 2
49 94 2
49 95 1
49 96 2
49 97 2
49 98 1
49 99 2
50 51 1
50 52 2
50 53 1
50 54 1
50 55 2
50 56 1
50 57 2
50 58 2
50 59 1
50 60 2
50 61 2
50 62 1
50 63 2
50 64 2
50 65 1
50 66 2
50 67 2
50 68 2
50 69 2
50 70 1
50 71 1
50 72 2
50 73 2
50 74 2
50 75 1
50 76 2
50 77 1
50 78 2
50 79 1
50 80 1
50 81 1
50 82 2
50 83 1
50 84 1
50 85 1
50 86 2
50 87 1
50 88 1
50 89 2
50 90 2
50 91 2
50 92 2
50 93 1
50 94 2
50 95 1
50 96 1
50 97 2
50 98 2
50 99 2
51 52 2
51 53 1
51 54 2
51 55 1
51 56 1
51 57 2
51 58 2
51 59 1
51 60 2
51 61 2
51 62 1
51 63 2
51 64 1
51 65 2
51 66 3
51 67 2
51 68 2
51 69 2
51 70 1
51 71 2
51 72 1
51 73 3
51 74 2
51 75 2
51 76 1
51 77 2
51 78 1
51 79 2
51 80 2
51 81 2
51 82 2
51 83 2
51 84 2
51 85 2
51 86 1
51 87 1
51 88 2
51 89 1
51 90 1
51 91 2
51 92 2
51 93 2
51 94 2
51 95 2
51 96 2
51 97 1
51 98 2
51 99 2
52 53 2
52 54 3
52 55 2
52 56 3
52 57 2
52 58 2
52 59 3
52 60 2
52 61 3
52 62 2
52 63 1
52 64 2
52 65 3
52 66 3
52 67 2
52 68 2
52 69 1
52 70 1
52 71 3
52 72 2
52 73 4
52 74 3
52 75 3
52 76 1
52 77 2
52 78 1
52 79 3
52 80 3
52 81 3
52 82 3
52 83 3
52 84 3
52 85 3
52 86 1
52 87 2
52 88 3
52 89 1
52 90 2
52 91 2
52 92 2
52 93 3
52 94 1
52 95 3
52 96 3
52 97 1
52 98 3
52 99 1
53 54 1
53 55 1
53 56 2
53 57 2
53 58 1
53 59 2
53 60 2
53 61 2
53 62 1
53 63 2
53 64 2
53 65 2
53 66 2
53 67 1
53 68 1
53 69 2
53 70 1
53 71 2
53 72 1
53 73 3
53 74 3
53 75 2
53 76 2
53 77 1
53 78 1
53 79 2
53 80 2
53 81 2
53 82 2
53 83 2
53 84 2
53 85 2
53 86 1
53 87 1
53 88 2
53 89 2
53 90 1
53 91 2
53 92 2
53 93 2
53 94 1
53 95 2
53 96 1
53 97 1
53 98 2
53 99 1
54 55 2
54 56 1
54 57 2
54 58 2
54 59 2
54 60 3
54 61 2
54 62 1
54 63 3
54 64 2
54 65 1
54 66 2
54 67 1
54 68 2
54 69 2
54 70 2
54 71 1
54 72 2
54 73 2
54 74 3
54 75 2
54 76 3
54 77 1
54 78 2
54 79 1
54 80 1
54 81 2
54 82 2
54 83 1
54 84 1
54 85 1
54 86 2
54 87 1
54 88 1
54 89 2
54 90 2
54 91 2
54 92 2
54 93 1
54 94 2
54 95 1
54 96 1
54 97 2
54 98 2
54 99 2
55 56 1
55 57 2
55 58 2
55 59 2
55 60 1
55 61 2
55 62 1
55 63 1
55 64 1
55 65 2
55 66 3
55 67 2
55 68 2
55 69 1
55 70 1
55 71 2
55 72 1
55 73 3
55 74 2
55 75 2
55 76 1
55 77 2
55 78 1
55 79 2
55 80 2
55 81 2
55 82 2
55 83 2
55 84 2
55 85 2
55 86 1
55 87 1
55 88 2
55 89 1
55 90 1
55 91 2
55 92 2
55 93 2
55 94 2
55 95 2
55 96 2
55 97 1
55 98 2
55 99 2
56 57 3
56 58 2
56 59 1
56 60 2
56 61 1
56 62 2
56 63 2
56 64 1
56 65 1
56 66 3
56 67 2
56 68 2
56 69 2
56 70 2
56 71 1
56 72 2
56 73 2
56 74 2
56 75 1
56 76 2
56 77 2
56 78 2
56 79 1
56 80 2
56 81 1
56 82 2
56 83 1
56 84 2
56 85 1
56 86 2
56 87 2
56 88 1
56 89 2
56 90 2
56 91 2
56 92 3
56 93 2
56 94 3
56 95 1
56 96 1
56 97 2
56 98 2
56 99 2
57 58 1
57 59 3
57 60 3
57 61 3
57 62 1
57 63 3
57 64 3
57 65 2
57 66 1
57 67 1
57 68 1
57 69 2
57 70 2
57 71 3
57 72 1
57 73 3
57 74 4
57 75 3
57 76 3
57 77 1
57 78 2
57 79 3
57 80 1
57 81 3
57 82 1
57 83 3
57 84 2
57 85 2
57 86 3
57 87 2
57 88 3
57 89 3
57 90 1
57 91 3
57 92 1
57 93 2
57 94 2
57 95 3
57 96 2
57 97 2
57 98 4
57 99 1
58 59 3
58 60 3
58 61 3
58 62 1
58 63 2
58 64 2
58 65 2
58 66 1
58 67 1
58 68 1
58 69 2
58 70 2
58 71 2
58 72 1
58 73 3
58 74 4
58 75 3
58 76 2
58 77 1
58 78 1
58 79 3
58 80 2
58 81 3
58 82 1
58 83 3
58 84 2
58 85 2
58 86 2
58 87 1
58 88 2
58 89 2
58 90 1
58 91 3
58 92 1
58 93 2
58 94 1
58 95 2
58 96 2
58 97 2
58 98 3
58 99 1
59 60 2
59 61 1
59 62 2
59 63 3
59 64 1
59 65 2
59 66 3
59 67 2
59 68 2
59 69 3
59 70 2
59 71 1
59 72 2
59 73 2
59 74 1
59 75 1
59 76 2
59 77 2
59 78 2
59 79 2
59 80 2
59 81 1
59 82 3
59 83 1
59 84 2
59 85 2
59 86 2
59 87 2
59 88 1
59 89 2
59 90 2
59 91 1
59 92 3
59 93 2
59 94 3
59 95 1
59 96 2
59 97 2
59 98 1
59 99 3
60 61 2
60 62 2
60 63 2
60 64 1
60 65 3
60 66 4
60 67 3
60 68 3
60 69 2
60 70 2
60 71 2
60 72 2
60 73 3
60 74 2
60 75 2
60 76 2
60 77 3
60 78 2
60 79 3
60 80 3
60 81 2
60 82 3
60 83 3
60 84 3
60 85 3
60 86 1
60 87 2
60 88 3
60 89 1
60 90 2
60 91 1
60 92 3
60 93 3
60 94 3
60 95 2
60 96 3
60 97 2
60 98 2
60 99 3
61 62 2
61 63 3
61 64 2
61 65 2
61 66 3
61 67 3
61 68 3
61 69 3
61 70 2
61 71 1
61 72 3
61 73 2
61 74 1
61 75 1
61 76 3
61 77 2
61 78 2
61 79 2
61 80 3
61 81 1
61 82 3
61 83 1
61 84 2
61 85 2
61 86 2
61 87 2
61 88 1
61 89 2
61 90 3
61 91 1
61 92 3
61 93 2
61 94 3
61 95 1
61 96 2
61 97 2
61 98 1
61 99 3
62 63 2
62 64 2
62 65 2
62 66 2
62 67 1
62 68 1
62 69 2
62 70 1
62 71 2
62 72 1
62 73 2
62 74 3
62 75 2
62 76 2
62 77 1
62 78 1
62 79 2
62 80 1
62 81 2
62 82 1
62 83 2
62 84 2
62 85 2
62 86 2
62 87 1
62 88 2
62 89 2
62 90 1
62 91 2
62 92 1
62 93 1
62 94 1
62 95 2
62 96 1
62 97 1
62 98 3
62 99 1
63 64 2
63 65 3
63 66 3
63 67 2
63 68 2
63 69 1
63 70 1
63 71 3
63 72 2
63 73 4
63 74 3
63 75 3
63 76 1
63 77 2
63 78 1
63 79 3
63 80 3
63 81 3
63 82 3
63 83 3
63 84 3
63 85 3
63 86 1
63 87 2
63 88 3
63 89 1
63 90 2
63 91 2
63 92 3
63 93 3
63 94 2
63 95 3
63 96 3
63 97 1
63 98 3
63 99 2
64 65 2
64 66 3
64 67 2
64 68 2
64 69 2
64 70 1
64 71 2
64 72 2
64 73 3
64 74 2
64 75 2
64 76 2
64 77 2
64 78 2
64 79 2
64 80 2
64 81 2
64 82 3
64 83 2
64 84 2
64 85 2
64 86 1
64 87 1
64 88 2
64 89 1
64 90 2
64 91 1
64 92 3
64 93 2
64 94 2
64 95 2
64 96 2
64 97 1
64 98 2
64 99 2
65 66 2
65 67 2
65 68 2
65 69 3
65 70 2
65 71 1
65 72 2
65 73 1
65 74 3
65 75 2
65 76 3
65 77 1
65 78 2
65 79 1
65 80 1
65 81 2
65 82 2
65 83 1
65 84 1
65 85 1
65 86 2
65 87 2
65 88 1
65 89 3
65 90 2
65 91 2
65 92 2
65 93 1
65 94 2
65 95 1
65 96 1
65 97 2
65 98 2
65 99 2
66 67 1
66 68 1
66 69 3
66 70 2
66 71 3
66 72 2
66 73 3
66 74 4
66 75 3
66 76 3
66 77 1
66 78 2
66 79 3
66 80 2
66 81 3
66 82 1
66 83 3
66 84 2
66 85 2
66 86 3
66 87 2
66 88 3
66 89 3
66 90 2
66 91 4
66 92 1
66 93 2
66 94 2
66 95 3
66 96 2
66 97 3
66 98 4
66 99 2
67 68 1
67 69 2
67 70 1
67 71 2
67 72 1
67 73 3
67 74 3
67 75 3
67 76 2
67 77 1
67 78 1
67 79 2
67 80 1
67 81 3
67 82 1
67 83 2
67 84 2
67 85 2
67 86 2
67 87 1
67 88 2
67 89 2
67 90 1
67 91 3
67 92 1
67 93 1
67 94 1
67 95 2
67 96 1
67 97 2
67 98 3
67 99 1
68 69 2
68 70 1
68 71 2
68 72 1
68 73 3
68 74 3
68 75 3
68 76 2
68 77 1
68 78 1
68 79 3
68 80 2
68 81 3
68 82 1
68 83 3
68 84 2
68 85 2
68 86 2
68 87 1
68 88 2
68 89 2
68 90 1
68 91 3
68 92 1
68 93 2
68 94 1
68 95 2
68 96 1
68 97 2
68 98 3
68 99 1
69 70 1
69 71 3
69 72 1
69 73 4
69 74 3
69 75 3
69 76 1
69 77 2
69 78 1
69 79 3
69 80 3
69 81 3
69 82 3
69 83 3
69 84 3
69 85 3
69 86 1
69 87 1
69 88 3
69 89 1
69 90 1
69 91 2
69 92 2
69 93 3
69 94 1
69 95 3
69 96 2
69 97 1
69 98 3
69 99 1
70 71 2
70 72 1
70 73 3
70 74 3
70 75 2
70 76 1
70 77 1
70 78 1
70 79 2
70 80 2
70 81 2
70 82 2
70 83 2
70 84 2
70 85 2
70 86 1
70 87 1
70 88 2
70 89 1
70 90 1
70 91 2
70 92 2
70 93 2
70 94 1
70 95 2
70 96 2
70 97 1
70 98 2
70 99 1
71 72 2
71 73 1
71 74 2
71 75 1
71 76 3
71 77 2
71 78 2
71 79 1
71 80 2
71 81 1
71 82 2
71 83 1
71 84 1
71 85 1
71 86 2
71 87 2
71 88 1
71 89 2
71 90 2
71 91 2
71 92 3
71 93 2
71 94 3
71 95 1
71 96 1
71 97 2
71 98 2
71 99 2
72 73 3
72 74 3
72 75 3
72 76 2
72 77 1
72 78 1
72 79 3
72 80 2
72 81 3
72 82 2
72 83 3
72 84 2
72 85 2
72 86 2
72 87 1
72 88 2
72 89 2
72 90 1
72 91 3
72 92 1
72 93 2
72 94 1
72 95 2
72 96 2
72 97 1
72 98 3
72 99 1
73 74 3
73 75 2
73 76 4
73 77 2
73 78 3
73 79 1
73 80 2
73 81 2
73 82 2
73 83 1
73 84 1
73 85 1
73 86 3
73 87 3
73 88 1
73 89 3
73 90 3
73 91 3
73 92 3
73 93 2
73 94 3
73 95 1
73 96 2
73 97 3
73 98 3
73 99 3
74 75 2
74 76 3
74 77 3
74 78 3
74 79 3
74 80 3
74 81 2
74 82 4
74 83 2
74 84 3
74 85 3
74 86 3
74 87 3
74 88 2
74 89 2
74 90 3
74 91 1
74 92 4
74 93 3
74 94 3
74 95 2
74 96 3
74 97 2
74 98 1
74 99 3
75 76 3
75 77 2
75 78 2
75 79 1
75 80 2
75 81 1
75 82 3
75 83 1
75 84 2
75 85 1
75 86 2
75 87 2
75 88 1
75 89 2
75 90 3
75 91 2
75 92 3
75 93 2
75 94 3
75 95 1
75 96 2
75 97 2
75 98 1
75 99 3
76 77 2
76 78 1
76 79 3
76 80 3
76 81 3
76 82 3
76 83 3
76 84 3
76 85 3
76 86 1
76 87 2
76 88 3
76 89 1
76 90 2
76 91 2
76 92 3
76 93 3
76 94 2
76 95 3
76 96 3
76 97 1
76 98 3
76 99 2
77 78 1
77 79 2
77 80 1
77 81 2
77 82 1
77 83 2
77 84 1
77 85 1
77 86 2
77 87 1
77 88 2
77 89 2
77 90 1
77 91 3
77 92 1
77 93 1
77 94 1
77 95 2
77 96 1
77 97 2
77 98 3
77 99 1
78 79 3
78 80 2
78 81 2
78 82 2
78 83 3
78 84 2
78 85 2
78 86 1
78 87 1
78 88 2
78 89 1
78 90 1
78 91 2
78 92 2
78 93 2
78 94 1
78 95 2
78 96 2
78 97 1
78 98 3
78 99 1
79 80 2
79 81 2
79 82 2
79 83 1
79 84 1
79 85 1
79 86 3
79 87 2
79 88 1
79 89 3
79 90 3
79 91 3
79 92 3
79 93 2
79 94 3
79 95 1
79 96 2
79 97 3
79 98 2
79 99 3
80 81 2
80 82 1
80 83 2
80 84 1
80 85 1
80 86 3
80 87 2
80 88 2
80 89 3
80 90 2
80 91 3
80 92 1
80 93 1
80 94 2
80 95 2
80 96 1
80 97 2
80 98 3
80 99 2
81 82 3
81 83 1
81 84 2
81 85 1
81 86 2
81 87 2
81 88 1
81 89 2
81 90 3
81 91 2
81 92 3
81 93 2
81 94 3
81 95 1
81 96 2
81 97 2
81 98 1
81 99 3
82 83 2
82 84 1
82 85 2
82 86 3
82 87 2
82 88 2
82 89 3
82 90 2
82 91 3
82 92 1
82 93 1
82 94 2
82 95 2
82 96 1
82 97 2
82 98 3
82 99 2
83 84 2
83 85 1
83 86 2
83 87 2
83 88 1
83 89 3
83 90 3
83 91 2
83 92 3
83 93 2
83 94 3
83 95 1
83 96 2
83 97 2
83 98 2
83 99 3
84 85 1
84 86 3
84 87 2
84 88 1
84 89 3
84 90 2
84 91 3
84 92 2
84 93 1
84 94 2
84 95 1
84 96 1
84 97 2
84 98 3
84 99 2
85 86 2
85 87 2
85 88 1
85 89 3
85 90 2
85 91 2
85 92 2
85 93 1
85 94 2
85 95 1
85 96 1
85 97 2
85 98 2
85 99 2
86 87 1
86 88 2
86 89 1
86 90 2
86 91 2
86 92 3
86 93 3
86 94 2
86 95 2
86 96 2
86 97 1
86 98 2
86 99 2
87 88 2
87 89 2
87 90 1
87 91 2
87 92 2
87 93 2
87 94 1
87 95 2
87 96 1
87 97 1
87 98 2
87 99 1
88 89 2
88 90 2
88 91 2
88 92 3
88 93 1
88 94 3
88 95 1
88 96 1
88 97 2
88 98 2
88 99 2
89 90 2
89 91 1
89 92 3
89 93 3
89 94 2
89 95 2
89 96 3
89 97 1
89 98 2
89 99 2
90 91 2
90 92 1
90 93 2
90 94 1
90 95 2
90 96 1
90 97 1
90 98 3
90 99 1
91 92 3
91 93 3
91 94 3
91 95 2
91 96 3
91 97 2
91 98 1
91 99 3
92 93 2
92 94 1
92 95 3
92 96 2
92 97 2
92 98 4
92 99 1
93 94 2
93 95 2
93 96 1
93 97 2
93 98 3
93 99 2
94 95 3
94 96 2
94 97 1
94 98 3
94 99 1
95 96 1
95 97 2
95 98 2
95 99 2
96 97 2
96 98 3
96 99 2
97 98 2
97 99 1
98 99 3
