100 
0 1 4
0 2 3
0 3 3
0 4 4
0 5 3
0 6 3
0 7 2
0 8 4
0 9 2
0 10 1
0 11 3
0 12 3
0 13 3
0 14 3
0 15 2
0 16 2
0 17 5
0 18 4
0 19 2
0 20 2
0 21 2
0 22 3
0 23 2
0 24 4
0 25 4
0 26 3
0 27 2
0 28 2
0 29 4
0 30 2
0 31 2
0 32 2
0 33 2
0 34 3
0 35 3
0 36 3
0 37 1
0 38 2
0 39 2
0 40 4
0 41 2
0 42 4
0 43 3
0 44 3
0 45 4
0 46 4
0 47 1
0 48 2
0 49 3
0 50 2
0 51 4
0 52 2
0 53 4
0 54 4
0 55 3
0 56 4
0 57 2
0 58 1
0 59 4
0 60 4
0 61 4
0 62 3
0 63 4
0 64 3
0 65 4
0 66 4
0 67 4
0 68 4
0 69 3
0 70 3
0 71 2
0 72 3
0 73 3
0 74 3
0 75 4
0 76 4
0 77 4
0 78 1
0 79 2
0 80 3
0 81 2
0 82 4
0 83 3
0 84 1
0 85 4
0 86 5
0 87 1
0 88 4
0 89 3
0 90 3
0 91 2
0 92 3
0 93 1
0 94 2
0 95 1
0 96 3
0 97 1
0 98 3
0 99 4
1 2 3
1 3 2
1 4 2
1 5 4
1 6 1
1 7 3
1 8 3
1 9 2
1 10 3
1 11 2
1 12 4
1 13 2
1 14 3
1 15 4
1 16 2
1 17 1
1 18 1
1 19 2
1 20 3
1 21 3
1 22 2
1 23 3
1 24 2
1 25 1
1 26 2
1 27 3
1 28 3
1 29 3
1 30 3
1 31 3
1 32 2
1 33 3
1 34 3
1 35 4
1 36 3
1 37 3
1 38 2
1 39 3
1 40 1
1 41 2
1 42 3
1 43 1
1 44 3
1 45 1
1 46 1
1 47 4
1 48 4
1 49 3
1 50 4
1 51 1
1 52 2
1 53 2
1 54 3
1 55 2
1 56 1
1 57 3
1 58 4
1 59 1
1 60 1
1 61 2
1 62 2
1 63 1
1 64 1
1 65 3
1 66 4
1 67 3
1 68 1
1 69 2
1 70 2
1 71 3
1 72 1
1 73 3
1 74 2
1 75 1
1 76 1
1 77 1
1 78 3
1 79 4
1 80 1
1 81 3
1 82 1
1 83 2
1 84 3
1 85 1
1 86 1
1 87 3
1 88 1
1 89 2
1 90 3
1 91 3
1 92 3
1 93 3
1 94 4
1 95 3
1 96 3
1 97 4
1 98 4
1 99 2
2 3 3
2 4 2
2 5 1
2 6 3
2 7 1
2 8 2
2 9 3
2 10 2
2 11 1
2 12 1
2 13 1
2 14 1
2 15 1
2 16 3
2 17 3
2 18 3
2 19 2
2 20 3
2 21 1
2 22 1
2 23 2
2 24 2
2 25 2
2 26 2
2 27 1
2 28 1
2 29 2
2 30 1
2 31 1
2 32 2
2 33 2
2 34 4
2 35 1
2 36 1
2 37 3
2 38 2
2 39 1
2 40 3
2 41 2
2 42 2
2 43 3
2 44 1
2 45 3
2 46 3
2 47 2
2 48 1
2 49 1
2 50 1
2 51 3
2 52 2
2 53 2
2 54 2
2 55 2
2 56 3
2 57 3
2 58 2
2 59 3
2 60 2
2 61 2
2 62 2
2 63 3
2 64 2
2 65 2
2 66 2
2 67 2
2 68 3
2 69 1
2 70 3
2 71 2
2 72 2
2 73 1
2 74 1
2 75 3
2 76 3
2 77 3
2 78 2
2 79 1
2 80 3
2 81 1
2 82 2
2 83 3
2 84 2
2 85 3
2 86 4
2 87 2
2 88 2
2 89 3
2 90 1
2 91 2
2 92 3
2 93 2
2 94 1
2 95 2
2 96 1
2 97 2
2 98 1
2 99 2
3 4 3
3 5 4
3 6 1
3 7 3
3 8 3
3 9 1
3 10 2
3 11 3
3 12 4
3 13 3
3 14 4
3 15 4
3 16 2
3 17 3
3 18 2
3 19 2
3 20 2
3 21 3
3 22 3
3 23 2
3 24 3
3 25 2
3 26 3
3 27 3
3 28 3
3 29 4
3 30 3
3 31 3
3 32 2
3 33 2
3 34 1
3 35 4
3 36 3
3 37 3
3 38 2
3 39 3
3 40 1
3 41 1
3 42 3
3 43 1
3 44 4
3 45 2
3 46 2
3 47 3
3 48 3
3 49 4
3 50 3
3 51 2
3 52 2
3 53 3
3 54 4
3 55 2
3 56 3
3 57 2
3 58 3
3 59 2
3 60 2
3 61 3
3 62 2
3 63 2
3 64 2
3 65 4
3 66 4
3 67 4
3 68 2
3 69 2
3 70 1
3 71 2
3 72 1
3 73 3
3 74 3
3 75 3
3 76 2
3 77 2
3 78 3
3 79 4
3 80 1
3 81 2
3 82 2
3 83 1
3 84 2
3 85 1
3 86 3
3 87 3
3 88 2
3 89 1
3 90 4
3 91 2
3 92 1
3 93 3
3 94 3
3 95 3
3 96 3
3 97 4
3 98 4
3 99 3
4 5 2
4 6 2
4 7 2
4 8 1
4 9 3
4 10 3
4 11 1
4 12 2
4 13 1
4 14 2
4 15 2
4 16 3
4 17 2
4 18 2
4 19 2
4 20 3
4 21 2
4 22 1
4 23 2
4 24 1
4 25 1
4 26 1
4 27 2
4 28 2
4 29 1
4 30 2
4 31 2
4 32 2
4 33 3
4 34 4
4 35 2
4 36 2
4 37 3
4 38 3
4 39 2
4 40 3
4 41 2
4 42 1
4 43 2
4 44 2
4 45 2
4 46 2
4 47 3
4 48 2
4 49 1
4 50 2
4 51 2
4 52 2
4 53 1
4 54 1
4 55 1
4 56 2
4 57 3
4 58 3
4 59 2
4 60 2
4 61 1
4 62 1
4 63 2
4 64 1
4 65 1
4 66 2
4 67 2
4 68 2
4 69 1
4 70 3
4 71 3
4 72 2
4 73 1
4 74 1
4 75 1
4 76 2
4 77 2
4 78 3
4 79 3
4 80 2
4 81 2
4 82 2
4 83 3
4 84 3
4 85 3
4 86 2
4 87 3
4 88 1
4 89 3
4 90 1
4 91 3
4 92 3
4 93 3
4 94 3
4 95 3
4 96 1
4 97 3
4 98 2
4 99 1
5 6 4
5 7 2
5 8 2
5 9 4
5 10 3
5 11 2
5 12 1
5 13 2
5 14 1
5 15 1
5 16 4
5 17 3
5 18 4
5 19 3
5 20 4
5 21 2
5 22 2
5 23 3
5 24 2
5 25 3
5 26 2
5 27 1
5 28 2
5 29 1
5 30 2
5 31 2
5 32 3
5 33 3
5 34 5
5 35 1
5 36 2
5 37 4
5 38 3
5 39 1
5 40 4
5 41 3
5 42 2
5 43 4
5 44 1
5 45 4
5 46 4
5 47 3
5 48 2
5 49 1
5 50 2
5 51 3
5 52 3
5 53 2
5 54 1
5 55 2
5 56 3
5 57 4
5 58 3
5 59 3
5 60 3
5 61 2
5 62 2
5 63 3
5 64 3
5 65 1
5 66 1
5 67 1
5 68 3
5 69 2
5 70 4
5 71 3
5 72 3
5 73 1
5 74 2
5 75 3
5 76 3
5 77 4
5 78 3
5 79 2
5 80 4
5 81 2
5 82 3
5 83 4
5 84 3
5 85 4
5 86 4
5 87 3
5 88 3
5 89 4
5 90 1
5 91 3
5 92 4
5 93 3
5 94 2
5 95 3
5 96 1
5 97 2
5 98 1
5 99 2
6 7 3
6 8 3
6 9 2
6 10 2
6 11 2
6 12 4
6 13 2
6 14 3
6 15 4
6 16 2
6 17 2
6 18 1
6 19 2
6 20 2
6 21 3
6 22 2
6 23 2
6 24 2
6 25 1
6 26 2
6 27 3
6 28 3
6 29 3
6 30 3
6 31 3
6 32 2
6 33 2
6 34 2
6 35 4
6 36 3
6 37 3
6 38 2
6 39 3
6 40 1
6 41 1
6 42 3
6 43 1
6 44 3
6 45 1
6 46 1
6 47 3
6 48 3
6 49 3
6 50 3
6 51 1
6 52 2
6 53 2
6 54 3
6 55 2
6 56 2
6 57 2
6 58 3
6 59 1
6 60 1
6 61 2
6 62 2
6 63 1
6 64 1
6 65 3
6 66 4
6 67 3
6 68 1
6 69 2
6 70 2
6 71 2
6 72 1
6 73 3
6 74 2
6 75 2
6 76 1
6 77 1
6 78 3
6 79 4
6 80 1
6 81 2
6 82 1
6 83 1
6 84 2
6 85 1
6 86 2
6 87 3
6 88 1
6 89 1
6 90 3
6 91 2
6 92 2
6 93 3
6 94 3
6 95 3
6 96 3
6 97 4
6 98 4
6 99 2
7 8 2
7 9 2
7 10 2
7 11 2
7 12 2
7 13 2
7 14 1
7 15 1
7 16 3
7 17 4
7 18 4
7 19 1
7 20 2
7 21 1
7 22 1
7 23 2
7 24 3
7 25 2
7 26 2
7 27 1
7 28 1
7 29 2
7 30 1
7 31 1
7 32 2
7 33 2
7 34 4
7 35 2
7 36 1
7 37 2
7 38 2
7 39 1
7 40 3
7 41 2
7 42 2
7 43 3
7 44 2
7 45 4
7 46 3
7 47 1
7 48 1
7 49 2
7 50 1
7 51 3
7 52 2
7 53 3
7 54 2
7 55 2
7 56 3
7 57 3
7 58 2
7 59 3
7 60 3
7 61 3
7 62 2
7 63 3
7 64 3
7 65 2
7 66 2
7 67 2
7 68 3
7 69 2
7 70 3
7 71 2
7 72 2
7 73 2
7 74 2
7 75 3
7 76 3
7 77 3
7 78 1
7 79 1
7 80 3
7 81 1
7 82 3
7 83 3
7 84 2
7 85 3
7 86 4
7 87 1
7 88 2
7 89 3
7 90 2
7 91 2
7 92 3
7 93 1
7 94 1
7 95 2
7 96 1
7 97 1
7 98 2
7 99 2
8 9 3
8 10 3
8 11 1
8 12 2
8 13 1
8 14 2
8 15 2
8 16 3
8 17 2
8 18 3
8 19 2
8 20 3
8 21 2
8 22 1
8 23 3
8 24 1
8 25 2
8 26 1
8 27 2
8 28 2
8 29 1
8 30 2
8 31 2
8 32 3
8 33 3
8 34 4
8 35 2
8 36 2
8 37 4
8 38 3
8 39 2
8 40 3
8 41 3
8 42 1
8 43 3
8 44 2
8 45 3
8 46 3
8 47 3
8 48 2
8 49 1
8 50 2
8 51 2
8 52 2
8 53 1
8 54 1
8 55 1
8 56 2
8 57 3
8 58 3
8 59 2
8 60 2
8 61 1
8 62 2
8 63 2
8 64 2
8 65 1
8 66 1
8 67 1
8 68 2
8 69 2
8 70 3
8 71 3
8 72 2
8 73 1
8 74 2
8 75 2
8 76 2
8 77 3
8 78 3
8 79 3
8 80 3
8 81 2
8 82 2
8 83 3
8 84 3
8 85 3
8 86 3
8 87 3
8 88 2
8 89 3
8 90 1
8 91 3
8 92 4
8 93 3
8 94 3
8 95 3
8 96 1
8 97 3
8 98 2
8 99 1
9 10 1
9 11 3
9 12 3
9 13 2
9 14 3
9 15 3
9 16 1
9 17 3
9 18 3
9 19 1
9 20 1
9 21 2
9 22 2
9 23 1
9 24 3
9 25 2
9 26 3
9 27 3
9 28 2
9 29 4
9 30 2
9 31 2
9 32 1
9 33 1
9 34 2
9 35 3
9 36 2
9 37 2
9 38 1
9 39 3
9 40 2
9 41 1
9 42 3
9 43 2
9 44 3
9 45 3
9 46 2
9 47 2
9 48 3
9 49 3
9 50 3
9 51 3
9 52 1
9 53 3
9 54 4
9 55 2
9 56 3
9 57 1
9 58 2
9 59 3
9 60 2
9 61 3
9 62 2
9 63 3
9 64 2
9 65 3
9 66 4
9 67 4
9 68 3
9 69 2
9 70 1
9 71 1
9 72 1
9 73 3
9 74 2
9 75 3
9 76 3
9 77 2
9 78 2
9 79 3
9 80 2
9 81 2
9 82 2
9 83 1
9 84 1
9 85 2
9 86 3
9 87 2
9 88 2
9 89 1
9 90 3
9 91 1
9 92 1
9 93 2
9 94 3
9 95 2
9 96 3
9 97 3
9 98 3
9 99 3
10 11 2
10 12 3
10 13 2
10 14 3
10 15 2
10 16 1
10 17 4
10 18 3
10 19 1
10 20 1
10 21 1
10 22 2
10 23 1
10 24 3
10 25 3
10 26 2
10 27 2
10 28 1
10 29 3
10 30 1
10 31 1
10 32 1
10 33 1
10 34 2
10 35 3
10 36 2
10 37 1
10 38 1
10 39 2
10 40 3
10 41 1
10 42 3
10 43 2
10 44 3
10 45 3
10 46 3
10 47 1
10 48 2
10 49 3
10 50 2
10 51 3
10 52 1
10 53 3
10 54 3
10 55 2
10 56 3
10 57 1
10 58 1
10 59 3
10 60 3
10 61 3
10 62 2
10 63 3
10 64 2
10 65 3
10 66 3
10 67 3
10 68 3
10 69 2
10 70 2
10 71 1
10 72 2
10 73 3
10 74 2
10 75 3
10 76 3
10 77 3
10 78 1
10 79 2
10 80 2
10 81 1
10 82 3
10 83 2
10 84 1
10 85 3
10 86 4
10 87 1
10 88 3
10 89 2
10 90 3
10 91 1
10 92 2
10 93 1
10 94 2
10 95 1
10 96 2
10 97 2
10 98 3
10 99 3
11 12 2
11 13 1
11 14 1
11 15 2
11 16 3
11 17 2
11 18 3
11 19 2
11 20 3
11 21 2
11 22 1
11 23 2
11 24 1
11 25 1
11 26 1
11 27 1
11 28 2
11 29 1
11 30 2
11 31 1
11 32 2
11 33 3
11 34 4
11 35 2
11 36 1
11 37 3
11 38 2
11 39 1
11 40 3
11 41 2
11 42 1
11 43 2
11 44 1
11 45 3
11 46 2
11 47 3
11 48 2
11 49 1
11 50 2
11 51 2
11 52 2
11 53 1
11 54 1
11 55 1
11 56 2
11 57 3
11 58 3
11 59 2
11 60 2
11 61 1
11 62 1
11 63 2
11 64 2
11 65 1
11 66 2
11 67 1
11 68 2
11 69 1
11 70 3
11 71 3
11 72 2
11 73 1
11 74 1
11 75 2
11 76 2
11 77 2
11 78 2
11 79 2
11 80 3
11 81 2
11 82 2
11 83 3
11 84 2
11 85 3
11 86 3
11 87 3
11 88 1
11 89 3
11 90 1
11 91 3
11 92 3
11 93 3
11 94 2
11 95 3
11 96 1
11 97 2
11 98 2
11 99 1
12 13 2
12 14 1
12 15 1
12 16 4
12 17 3
12 18 4
12 19 2
12 20 4
12 21 2
12 22 2
12 23 3
12 24 2
12 25 3
12 26 2
12 27 1
12 28 2
12 29 1
12 30 2
12 31 2
12 32 3
12 33 3
12 34 5
12 35 1
12 36 1
12 37 4
12 38 3
12 39 1
12 40 4
12 41 3
12 42 2
12 43 4
12 44 1
12 45 4
12 46 4
12 47 3
12 48 2
12 49 1
12 50 2
12 51 3
12 52 3
12 53 2
12 54 1
12 55 2
12 56 3
12 57 4
12 58 3
12 59 3
12 60 3
12 61 2
12 62 2
12 63 3
12 64 3
12 65 1
12 66 1
12 67 1
12 68 3
12 69 2
12 70 4
12 71 3
12 72 3
12 73 1
12 74 2
12 75 3
12 76 3
12 77 4
12 78 3
12 79 2
12 80 4
12 81 2
12 82 3
12 83 4
12 84 3
12 85 4
12 86 4
12 87 3
12 88 3
12 89 4
12 90 1
12 91 3
12 92 4
12 93 3
12 94 2
12 95 3
12 96 1
12 97 2
12 98 1
12 99 2
13 14 2
13 15 2
13 16 3
13 17 2
13 18 2
13 19 1
13 20 3
13 21 1
13 22 1
13 23 2
13 24 1
13 25 1
13 26 1
13 27 1
13 28 2
13 29 2
13 30 2
13 31 1
13 32 2
13 33 2
13 34 4
13 35 2
13 36 1
13 37 3
13 38 2
13 39 2
13 40 2
13 41 2
13 42 1
13 43 2
13 44 2
13 45 2
13 46 2
13 47 2
13 48 2
13 49 1
13 50 2
13 51 2
13 52 2
13 53 1
13 54 2
13 55 1
13 56 2
13 57 3
13 58 3
13 59 2
13 60 2
13 61 1
13 62 1
13 63 2
13 64 1
13 65 1
13 66 2
13 67 2
13 68 2
13 69 1
13 70 3
13 71 2
13 72 2
13 73 1
13 74 1
13 75 2
13 76 2
13 77 2
13 78 2
13 79 2
13 80 2
13 81 2
13 82 1
13 83 3
13 84 2
13 85 3
13 86 3
13 87 3
13 88 1
13 89 3
13 90 1
13 91 2
13 92 3
13 93 3
13 94 2
13 95 3
13 96 1
13 97 2
13 98 2
13 99 1
14 15 1
14 16 4
14 17 3
14 18 4
14 19 2
14 20 3
14 21 2
14 22 2
14 23 3
14 24 2
14 25 2
14 26 2
14 27 1
14 28 2
14 29 1
14 30 2
14 31 2
14 32 3
14 33 3
14 34 5
14 35 1
14 36 1
14 37 3
14 38 3
14 39 1
14 40 4
14 41 3
14 42 2
14 43 3
14 44 1
14 45 4
14 46 3
14 47 2
14 48 1
14 49 1
14 50 1
14 51 3
14 52 3
14 53 2
14 54 1
14 55 2
14 56 3
14 57 4
14 58 3
14 59 3
14 60 3
14 61 2
14 62 2
14 63 3
14 64 3
14 65 2
14 66 1
14 67 1
14 68 3
14 69 2
14 70 4
14 71 3
14 72 3
14 73 1
14 74 2
14 75 3
14 76 3
14 77 3
14 78 2
14 79 1
14 80 4
14 81 2
14 82 3
14 83 4
14 84 3
14 85 4
14 86 4
14 87 2
14 88 2
14 89 4
14 90 1
14 91 3
14 92 4
14 93 2
14 94 2
14 95 3
14 96 1
14 97 2
14 98 1
14 99 2
15 16 3
15 17 4
15 18 4
15 19 2
15 20 3
15 21 2
15 22 2
15 23 2
15 24 3
15 25 3
15 26 2
15 27 1
15 28 1
15 29 2
15 30 2
15 31 2
15 32 2
15 33 3
15 34 4
15 35 1
15 36 1
15 37 3
15 38 3
15 39 1
15 40 4
15 41 3
15 42 2
15 43 4
15 44 1
15 45 4
15 46 4
15 47 2
15 48 1
15 49 1
15 50 1
15 51 4
15 52 3
15 53 3
15 54 2
15 55 2
15 56 4
15 57 3
15 58 2
15 59 4
15 60 3
15 61 3
15 62 2
15 63 3
15 64 3
15 65 2
15 66 2
15 67 2
15 68 4
15 69 2
15 70 4
15 71 3
15 72 3
15 73 2
15 74 2
15 75 3
15 76 4
15 77 4
15 78 2
15 79 1
15 80 4
15 81 2
15 82 3
15 83 4
15 84 2
15 85 4
15 86 4
15 87 2
15 88 3
15 89 4
15 90 1
15 91 3
15 92 4
15 93 2
15 94 1
15 95 3
15 96 1
15 97 1
15 98 1
15 99 3
16 17 3
16 18 3
16 19 2
16 20 1
16 21 2
16 22 2
16 23 1
16 24 3
16 25 2
16 26 3
16 27 3
16 28 2
16 29 4
16 30 2
16 31 2
16 32 1
16 33 1
16 34 2
16 35 4
16 36 3
16 37 2
16 38 1
16 39 3
16 40 2
16 41 1
16 42 3
16 43 2
16 44 4
16 45 3
16 46 2
16 47 2
16 48 3
16 49 3
16 50 3
16 51 3
16 52 1
16 53 3
16 54 4
16 55 2
16 56 3
16 57 1
16 58 2
16 59 3
16 60 2
16 61 3
16 62 2
16 63 3
16 64 2
16 65 3
16 66 4
16 67 4
16 68 3
16 69 2
16 70 1
16 71 1
16 72 1
16 73 3
16 74 2
16 75 3
16 76 3
16 77 2
16 78 2
16 79 3
16 80 2
16 81 2
16 82 2
16 83 1
16 84 1
16 85 2
16 86 3
16 87 2
16 88 2
16 89 1
16 90 3
16 91 1
16 92 1
16 93 2
16 94 3
16 95 1
16 96 3
16 97 3
16 98 4
16 99 3
17 18 1
17 19 3
17 20 4
17 21 3
17 22 3
17 23 3
17 24 1
17 25 2
17 26 2
17 27 3
17 28 3
17 29 3
17 30 3
17 31 3
17 32 3
17 33 4
17 34 4
17 35 3
17 36 3
17 37 4
17 38 3
17 39 3
17 40 2
17 41 3
17 42 2
17 43 2
17 44 3
17 45 1
17 46 1
17 47 4
17 48 4
17 49 3
17 50 4
17 51 1
17 52 3
17 53 1
17 54 3
17 55 2
17 56 1
17 57 4
17 58 4
17 59 1
17 60 2
17 61 1
17 62 2
17 63 1
17 64 2
17 65 2
17 66 3
17 67 3
17 68 1
17 69 2
17 70 3
17 71 4
17 72 2
17 73 2
17 74 2
17 75 1
17 76 1
17 77 1
17 78 4
17 79 4
17 80 2
17 81 3
17 82 1
17 83 3
17 84 4
17 85 2
17 86 1
17 87 4
17 88 2
17 89 3
17 90 3
17 91 4
17 92 4
17 93 4
17 94 4
17 95 4
17 96 3
17 97 4
17 98 3
17 99 2
18 19 3
18 20 3
18 21 3
18 22 3
18 23 3
18 24 2
18 25 2
18 26 2
18 27 3
18 28 3
18 29 3
18 30 3
18 31 3
18 32 3
18 33 3
18 34 3
18 35 4
18 36 3
18 37 4
18 38 3
18 39 3
18 40 2
18 41 2
18 42 3
18 43 2
18 44 4
18 45 1
18 46 1
18 47 4
18 48 4
18 49 3
18 50 4
18 51 1
18 52 2
18 53 2
18 54 3
18 55 2
18 56 1
18 57 3
18 58 4
18 59 1
18 60 1
18 61 2
18 62 2
18 63 1
18 64 1
18 65 3
18 66 4
18 67 4
18 68 1
18 69 2
18 70 3
18 71 3
18 72 2
18 73 3
18 74 2
18 75 1
18 76 1
18 77 1
18 78 4
18 79 4
18 80 2
18 81 3
18 82 1
18 83 2
18 84 3
18 85 2
18 86 1
18 87 4
18 88 2
18 89 2
18 90 3
18 91 3
18 92 3
18 93 4
18 94 4
18 95 4
18 96 3
18 97 4
18 98 4
18 99 2
19 20 2
19 21 1
19 22 1
19 23 1
19 24 2
19 25 2
19 26 2
19 27 2
19 28 1
19 29 3
19 30 1
19 31 1
19 32 1
19 33 1
19 34 3
19 35 2
19 36 1
19 37 2
19 38 1
19 39 2
19 40 2
19 41 1
19 42 2
19 43 2
19 44 2
19 45 3
19 46 2
19 47 2
19 48 2
19 49 2
19 50 2
19 51 3
19 52 1
19 53 2
19 54 3
19 55 1
19 56 3
19 57 2
19 58 2
19 59 3
19 60 2
19 61 2
19 62 1
19 63 3
19 64 2
19 65 2
19 66 3
19 67 3
19 68 3
19 69 1
19 70 2
19 71 1
19 72 1
19 73 2
19 74 1
19 75 3
19 76 3
19 77 2
19 78 1
19 79 2
19 80 2
19 81 1
19 82 2
19 83 2
19 84 1
19 85 2
19 86 3
19 87 2
19 88 2
19 89 2
19 90 2
19 91 1
19 92 2
19 93 2
19 94 2
19 95 2
19 96 2
19 97 2
19 98 2
19 99 2
20 21 2
20 22 2
20 23 1
20 24 4
20 25 3
20 26 3
20 27 3
20 28 2
20 29 4
20 30 2
20 31 2
20 32 1
20 33 1
20 34 2
20 35 4
20 36 3
20 37 1
20 38 1
20 39 3
20 40 3
20 41 1
20 42 3
20 43 2
20 44 4
20 45 3
20 46 3
20 47 2
20 48 3
20 49 3
20 50 3
20 51 3
20 52 1
20 53 3
20 54 4
20 55 2
20 56 3
20 57 1
20 58 2
20 59 3
20 60 3
20 61 3
20 62 2
20 63 3
20 64 2
20 65 3
20 66 4
20 67 4
20 68 3
20 69 2
20 70 1
20 71 1
20 72 2
20 73 3
20 74 2
20 75 3
20 76 3
20 77 3
20 78 1
20 79 3
20 80 2
20 81 2
20 82 3
20 83 2
20 84 1
20 85 3
20 86 4
20 87 2
20 88 3
20 89 2
20 90 3
20 91 1
20 92 2
20 93 2
20 94 2
20 95 1
20 96 3
20 97 2
20 98 4
20 99 3
21 22 1
21 23 1
21 24 2
21 25 2
21 26 2
21 27 1
21 28 1
21 29 3
21 30 1
21 31 1
21 32 1
21 33 1
21 34 3
21 35 2
21 36 1
21 37 2
21 38 1
21 39 1
21 40 3
21 41 2
21 42 2
21 43 3
21 44 2
21 45 3
21 46 3
21 47 1
21 48 1
21 49 2
21 50 1
21 51 3
21 52 1
21 53 2
21 54 3
21 55 1
21 56 3
21 57 2
21 58 2
21 59 3
21 60 2
21 61 2
21 62 1
21 63 3
21 64 2
21 65 2
21 66 3
21 67 3
21 68 3
21 69 1
21 70 2
21 71 1
21 72 2
21 73 2
21 74 1
21 75 3
21 76 3
21 77 3
21 78 1
21 79 2
21 80 3
21 81 1
21 82 2
21 83 3
21 84 1
21 85 3
21 86 4
21 87 2
21 88 2
21 89 3
21 90 2
21 91 1
21 92 3
21 93 2
21 94 1
21 95 2
21 96 2
21 97 2
21 98 2
21 99 2
22 23 2
22 24 2
22 25 1
22 26 1
22 27 1
22 28 1
22 29 2
22 30 1
22 31 1
22 32 2
22 33 2
22 34 3
22 35 2
22 36 1
22 37 3
22 38 2
22 39 1
22 40 3
22 41 2
22 42 1
22 43 2
22 44 2
22 45 3
22 46 2
22 47 2
22 48 2
22 49 1
22 50 2
22 51 2
22 52 1
22 53 2
22 54 2
22 55 1
22 56 2
22 57 2
22 58 2
22 59 2
22 60 2
22 61 2
22 62 1
22 63 2
22 64 2
22 65 1
22 66 2
22 67 2
22 68 2
22 69 1
22 70 3
22 71 2
22 72 2
22 73 1
22 74 1
22 75 2
22 76 2
22 77 2
22 78 2
22 79 2
22 80 3
22 81 1
22 82 2
22 83 3
22 84 2
22 85 3
22 86 3
22 87 2
22 88 1
22 89 3
22 90 1
22 91 2
22 92 3
22 93 2
22 94 2
22 95 2
22 96 1
22 97 2
22 98 2
22 99 1
23 24 3
23 25 2
23 26 2
23 27 2
23 28 1
23 29 3
23 30 1
23 31 1
23 32 1
23 33 1
23 34 2
23 35 3
23 36 2
23 37 1
23 38 1
23 39 2
23 40 3
23 41 1
23 42 3
23 43 2
23 44 3
23 45 3
23 46 3
23 47 1
23 48 2
23 49 3
23 50 2
23 51 3
23 52 1
23 53 3
23 54 3
23 55 2
23 56 3
23 57 1
23 58 2
23 59 3
23 60 2
23 61 3
23 62 2
23 63 3
23 64 2
23 65 3
23 66 3
23 67 3
23 68 3
23 69 1
23 70 2
23 71 1
23 72 2
23 73 2
23 74 2
23 75 3
23 76 3
23 77 3
23 78 1
23 79 2
23 80 2
23 81 1
23 82 2
23 83 2
23 84 1
23 85 3
23 86 4
23 87 1
23 88 2
23 89 2
23 90 3
23 91 1
23 92 2
23 93 1
23 94 2
23 95 1
23 96 2
23 97 2
23 98 3
23 99 2
24 25 1
24 26 1
24 27 2
24 28 3
24 29 2
24 30 3
24 31 2
24 32 3
24 33 3
24 34 4
24 35 3
24 36 2
24 37 4
24 38 3
24 39 2
24 40 2
24 41 3
24 42 1
24 43 2
24 44 2
24 45 2
24 46 2
24 47 3
24 48 3
24 49 2
24 50 3
24 51 1
24 52 3
24 53 1
24 54 2
24 55 2
24 56 1
24 57 4
24 58 4
24 59 1
24 60 2
24 61 1
24 62 2
24 63 1
24 64 2
24 65 1
24 66 2
24 67 2
24 68 1
24 69 2
24 70 3
24 71 3
24 72 2
24 73 2
24 74 2
24 75 1
24 76 2
24 77 2
24 78 3
24 79 3
24 80 2
24 81 3
24 82 1
24 83 3
24 84 3
24 85 3
24 86 2
24 87 4
24 88 1
24 89 3
24 90 2
24 91 3
24 92 4
24 93 4
24 94 3
24 95 4
24 96 2
24 97 3
24 98 2
24 99 1
25 26 1
25 27 2
25 28 2
25 29 2
25 30 2
25 31 2
25 32 2
25 33 3
25 34 3
25 35 3
25 36 2
25 37 3
25 38 2
25 39 2
25 40 2
25 41 2
25 42 2
25 43 1
25 44 2
25 45 2
25 46 1
25 47 3
25 48 3
25 49 2
25 50 3
25 51 1
25 52 2
25 53 1
25 54 2
25 55 1
25 56 1
25 57 3
25 58 3
25 59 1
25 60 1
25 61 1
25 62 1
25 63 1
25 64 1
25 65 2
25 66 3
25 67 2
25 68 1
25 69 1
25 70 2
25 71 3
25 72 1
25 73 2
25 74 1
25 75 1
25 76 1
25 77 1
25 78 3
25 79 3
25 80 2
25 81 2
25 82 1
25 83 2
25 84 3
25 85 2
25 86 2
25 87 3
25 88 1
25 89 2
25 90 2
25 91 3
25 92 3
25 93 3
25 94 3
25 95 3
25 96 2
25 97 3
25 98 3
25 99 1
26 27 2
26 28 2
26 29 2
26 30 2
26 31 1
26 32 2
26 33 3
26 34 4
26 35 2
26 36 1
26 37 3
26 38 2
26 39 2
26 40 2
26 41 2
26 42 1
26 43 2
26 44 2
26 45 2
26 46 2
26 47 3
26 48 2
26 49 1
26 50 2
26 51 2
26 52 2
26 53 1
26 54 2
26 55 1
26 56 2
26 57 3
26 58 3
26 59 2
26 60 1
26 61 1
26 62 1
26 63 1
26 64 1
26 65 1
26 66 2
26 67 2
26 68 2
26 69 1
26 70 3
26 71 3
26 72 2
26 73 1
26 74 1
26 75 1
26 76 2
26 77 2
26 78 2
26 79 2
26 80 2
26 81 2
26 82 1
26 83 3
26 84 2
26 85 2
26 86 2
26 87 3
26 88 1
26 89 3
26 90 2
26 91 3
26 92 3
26 93 3
26 94 2
26 95 3
26 96 1
26 97 3
26 98 2
26 99 1
27 28 1
27 29 2
27 30 1
27 31 1
27 32 2
27 33 2
27 34 4
27 35 1
27 36 1
27 37 3
27 38 2
27 39 1
27 40 3
27 41 2
27 42 2
27 43 3
27 44 1
27 45 3
27 46 3
27 47 2
27 48 1
27 49 1
27 50 1
27 51 3
27 52 2
27 53 2
27 54 2
27 55 2
27 56 3
27 57 3
27 58 2
27 59 3
27 60 2
27 61 2
27 62 2
27 63 3
27 64 2
27 65 2
27 66 2
27 67 2
27 68 3
27 69 1
27 70 3
27 71 2
27 72 2
27 73 1
27 74 1
27 75 3
27 76 3
27 77 3
27 78 2
27 79 1
27 80 3
27 81 1
27 82 2
27 83 3
27 84 2
27 85 3
27 86 4
27 87 2
27 88 2
27 89 3
27 90 1
27 91 2
27 92 3
27 93 2
27 94 1
27 95 2
27 96 1
27 97 1
27 98 1
27 99 2
28 29 3
28 30 1
28 31 1
28 32 1
28 33 2
28 34 3
28 35 2
28 36 1
28 37 2
28 38 2
28 39 1
28 40 3
28 41 2
28 42 2
28 43 3
28 44 2
28 45 3
28 46 3
28 47 1
28 48 1
28 49 2
28 50 1
28 51 3
28 52 2
28 53 3
28 54 3
28 55 2
28 56 3
28 57 2
28 58 1
28 59 3
28 60 2
28 61 3
28 62 2
28 63 3
28 64 2
28 65 2
28 66 3
28 67 3
28 68 3
28 69 1
28 70 3
28 71 2
28 72 2
28 73 2
28 74 1
28 75 3
28 76 3
28 77 3
28 78 1
28 79 1
28 80 3
28 81 1
28 82 2
28 83 3
28 84 1
28 85 3
28 86 4
28 87 1
28 88 2
28 89 3
28 90 2
28 91 2
28 92 3
28 93 1
28 94 1
28 95 2
28 96 2
28 97 1
28 98 2
28 99 2
29 30 3
29 31 2
29 32 3
29 33 4
29 34 5
29 35 1
29 36 2
29 37 4
29 38 3
29 39 2
29 40 4
29 41 3
29 42 1
29 43 3
29 44 1
29 45 3
29 46 3
29 47 3
29 48 2
29 49 1
29 50 2
29 51 3
29 52 3
29 53 2
29 54 1
29 55 2
29 56 3
29 57 4
29 58 4
29 59 3
29 60 3
29 61 2
29 62 2
29 63 3
29 64 2
29 65 1
29 66 1
29 67 1
29 68 3
29 69 2
29 70 4
29 71 4
29 72 3
29 73 1
29 74 2
29 75 2
29 76 3
29 77 3
29 78 3
29 79 2
29 80 3
29 81 3
29 82 3
29 83 4
29 84 3
29 85 4
29 86 3
29 87 3
29 88 2
29 89 4
29 90 1
29 91 4
29 92 4
29 93 3
29 94 3
29 95 4
29 96 1
29 97 3
29 98 1
29 99 2
30 31 1
30 32 1
30 33 1
30 34 3
30 35 2
30 36 1
30 37 2
30 38 1
30 39 1
30 40 3
30 41 2
30 42 2
30 43 3
30 44 2
30 45 3
30 46 3
30 47 1
30 48 1
30 49 2
30 50 1
30 51 3
30 52 1
30 53 2
30 54 3
30 55 2
30 56 3
30 57 2
30 58 2
30 59 3
30 60 2
30 61 2
30 62 1
30 63 3
30 64 2
30 65 2
30 66 3
30 67 3
30 68 3
30 69 1
30 70 2
30 71 1
30 72 2
30 73 2
30 74 1
30 75 3
30 76 3
30 77 3
30 78 1
30 79 1
30 80 3
30 81 1
30 82 2
30 83 3
30 84 1
30 85 3
30 86 4
30 87 1
30 88 2
30 89 3
30 90 2
30 91 1
30 92 3
30 93 1
30 94 1
30 95 1
30 96 2
30 97 1
30 98 2
30 99 2
31 32 1
31 33 2
31 34 3
31 35 2
31 36 1
31 37 2
31 38 1
31 39 1
31 40 3
31 41 2
31 42 2
31 43 3
31 44 2
31 45 3
31 46 3
31 47 2
31 48 1
31 49 2
31 50 1
31 51 3
31 52 1
31 53 2
31 54 2
31 55 1
31 56 3
31 57 2
31 58 2
31 59 3
31 60 2
31 61 2
31 62 1
31 63 2
31 64 2
31 65 2
31 66 2
31 67 2
31 68 3
31 69 1
31 70 2
31 71 2
31 72 2
31 73 2
31 74 1
31 75 2
31 76 3
31 77 3
31 78 1
31 79 2
31 80 3
31 81 1
31 82 2
31 83 3
31 84 1
31 85 3
31 86 3
31 87 2
31 88 2
31 89 3
31 90 2
31 91 2
31 92 3
31 93 2
31 94 1
31 95 2
31 96 1
31 97 2
31 98 2
31 99 2
32 33 1
32 34 2
32 35 3
32 36 2
32 37 1
32 38 1
32 39 2
32 40 2
32 41 1
32 42 3
32 43 2
32 44 3
32 45 3
32 46 2
32 47 2
32 48 2
32 49 3
32 50 2
32 51 3
32 52 1
32 53 3
32 54 3
32 55 2
32 56 3
32 57 1
32 58 2
32 59 3
32 60 2
32 61 3
32 62 2
32 63 3
32 64 2
32 65 3
32 66 3
32 67 3
32 68 3
32 69 1
32 70 2
32 71 1
32 72 1
32 73 2
32 74 2
32 75 3
32 76 3
32 77 2
32 78 1
32 79 2
32 80 2
32 81 1
32 82 2
32 83 2
32 84 1
32 85 2
32 86 3
32 87 1
32 88 2
32 89 2
32 90 3
32 91 1
32 92 2
32 93 1
32 94 2
32 95 1
32 96 2
32 97 2
32 98 3
32 99 2
33 34 2
33 35 3
33 36 2
33 37 1
33 38 1
33 39 2
33 40 3
33 41 1
33 42 3
33 43 2
33 44 3
33 45 3
33 46 3
33 47 2
33 48 2
33 49 3
33 50 2
33 51 3
33 52 1
33 53 3
33 54 4
33 55 2
33 56 3
33 57 1
33 58 2
33 59 3
33 60 3
33 61 3
33 62 2
33 63 3
33 64 2
33 65 3
33 66 4
33 67 4
33 68 3
33 69 2
33 70 1
33 71 1
33 72 2
33 73 3
33 74 2
33 75 3
33 76 3
33 77 3
33 78 1
33 79 2
33 80 2
33 81 1
33 82 3
33 83 2
33 84 1
33 85 3
33 86 4
33 87 1
33 88 3
33 89 2
33 90 3
33 91 1
33 92 2
33 93 1
33 94 2
33 95 1
33 96 3
33 97 2
33 98 3
33 99 3
34 35 5
34 36 4
34 37 3
34 38 2
34 39 4
34 40 2
34 41 2
34 42 4
34 43 2
34 44 5
34 45 3
34 46 3
34 47 3
34 48 4
34 49 4
34 50 4
34 51 3
34 52 2
34 53 4
34 54 5
34 55 3
34 56 4
34 57 1
34 58 3
34 59 3
34 60 3
34 61 4
34 62 3
34 63 3
34 64 3
34 65 4
34 66 5
34 67 5
34 68 3
34 69 3
34 70 1
34 71 2
34 72 2
34 73 4
34 74 3
34 75 4
34 76 3
34 77 3
34 78 3
34 79 4
34 80 2
34 81 3
34 82 3
34 83 1
34 84 2
34 85 2
34 86 4
34 87 3
34 88 3
34 89 1
34 90 4
34 91 2
34 92 1
34 93 3
34 94 4
34 95 2
34 96 4
34 97 4
34 98 5
34 99 4
35 36 1
35 37 3
35 38 3
35 39 1
35 40 4
35 41 3
35 42 2
35 43 4
35 44 1
35 45 4
35 46 4
35 47 2
35 48 1
35 49 1
35 50 1
35 51 3
35 52 3
35 53 3
35 54 1
35 55 2
35 56 3
35 57 4
35 58 3
35 59 3
35 60 3
35 61 2
35 62 2
35 63 3
35 64 3
35 65 2
35 66 1
35 67 1
35 68 3
35 69 2
35 70 4
35 71 3
35 72 3
35 73 1
35 74 2
35 75 3
35 76 4
35 77 4
35 78 3
35 79 1
35 80 4
35 81 2
35 82 3
35 83 4
35 84 3
35 85 4
35 86 4
35 87 3
35 88 3
35 89 4
35 90 1
35 91 3
35 92 4
35 93 3
35 94 2
35 95 3
35 96 1
35 97 2
35 98 1
35 99 2
36 37 3
36 38 2
36 39 1
36 40 3
36 41 2
36 42 1
36 43 3
36 44 1
36 45 3
36 46 3
36 47 2
36 48 1
36 49 1
36 50 1
36 51 3
36 52 2
36 53 2
36 54 2
36 55 1
36 56 3
36 57 3
36 58 2
36 59 3
36 60 2
36 61 2
36 62 1
36 63 2
36 64 2
36 65 2
36 66 2
36 67 2
36 68 3
36 69 1
36 70 3
36 71 2
36 72 2
36 73 1
36 74 1
36 75 2
36 76 3
36 77 3
36 78 2
36 79 1
36 80 3
36 81 1
36 82 2
36 83 3
36 84 2
36 85 3
36 86 3
36 87 2
36 88 2
36 89 3
36 90 1
36 91 2
36 92 3
36 93 2
36 94 1
36 95 2
36 96 1
36 97 2
36 98 1
36 99 2
37 38 1
37 39 3
37 40 3
37 41 2
37 42 4
37 43 3
37 44 3
37 45 4
37 46 3
37 47 1
37 48 2
37 49 4
37 50 2
37 51 4
37 52 2
37 53 4
37 54 4
37 55 3
37 56 4
37 57 2
37 58 1
37 59 4
37 60 3
37 61 4
37 62 3
37 63 4
37 64 3
37 65 4
37 66 4
37 67 4
37 68 4
37 69 2
37 70 2
37 71 1
37 72 2
37 73 3
37 74 3
37 75 4
37 76 4
37 77 3
37 78 1
37 79 2
37 80 3
37 81 2
37 82 3
37 83 3
37 84 1
37 85 3
37 86 4
37 87 1
37 88 3
37 89 3
37 90 4
37 91 1
37 92 3
37 93 1
37 94 2
37 95 1
37 96 3
37 97 2
37 98 4
37 99 3
38 39 2
38 40 2
38 41 1
38 42 3
38 43 2
38 44 3
38 45 3
38 46 2
38 47 2
38 48 2
38 49 3
38 50 2
38 51 3
38 52 1
38 53 3
38 54 3
38 55 2
38 56 3
38 57 1
38 58 2
38 59 3
38 60 2
38 61 3
38 62 2
38 63 3
38 64 2
38 65 3
38 66 3
38 67 3
38 68 3
38 69 2
38 70 1
38 71 1
38 72 1
38 73 3
38 74 2
38 75 3
38 76 3
38 77 2
38 78 1
38 79 2
38 80 2
38 81 1
38 82 2
38 83 2
38 84 1
38 85 2
38 86 3
38 87 2
38 88 2
38 89 2
38 90 3
38 91 1
38 92 2
38 93 2
38 94 2
38 95 1
38 96 2
38 97 2
38 98 3
38 99 3
39 40 3
39 41 2
39 42 2
39 43 3
39 44 1
39 45 3
39 46 3
39 47 2
39 48 1
39 49 1
39 50 1
39 51 3
39 52 2
39 53 2
39 54 2
39 55 2
39 56 3
39 57 3
39 58 2
39 59 3
39 60 2
39 61 2
39 62 2
39 63 3
39 64 2
39 65 2
39 66 2
39 67 2
39 68 3
39 69 2
39 70 3
39 71 2
39 72 3
39 73 1
39 74 1
39 75 3
39 76 3
39 77 3
39 78 2
39 79 1
39 80 3
39 81 1
39 82 2
39 83 3
39 84 2
39 85 3
39 86 4
39 87 2
39 88 2
39 89 3
39 90 1
39 91 2
39 92 3
39 93 2
39 94 1
39 95 2
39 96 1
39 97 1
39 98 1
39 99 2
40 41 2
40 42 3
40 43 1
40 44 4
40 45 1
40 46 1
40 47 4
40 48 4
40 49 3
40 50 4
40 51 2
40 52 2
40 53 2
40 54 4
40 55 2
40 56 2
40 57 2
40 58 4
40 59 2
40 60 1
40 61 2
40 62 2
40 63 2
40 64 2
40 65 3
40 66 4
40 67 4
40 68 2
40 69 2
40 70 2
40 71 3
40 72 1
40 73 3
40 74 2
40 75 2
40 76 1
40 77 1
40 78 3
40 79 4
40 80 1
40 81 3
40 82 1
40 83 1
40 84 3
40 85 1
40 86 2
40 87 3
40 88 2
40 89 1
40 90 3
40 91 3
40 92 2
40 93 3
40 94 4
40 95 3
40 96 3
40 97 4
40 98 4
40 99 2
41 42 3
41 43 1
41 44 3
41 45 2
41 46 2
41 47 2
41 48 2
41 49 3
41 50 2
41 51 2
41 52 1
41 53 3
41 54 3
41 55 2
41 56 3
41 57 1
41 58 2
41 59 2
41 60 2
41 61 3
41 62 2
41 63 2
41 64 2
41 65 3
41 66 3
41 67 3
41 68 2
41 69 1
41 70 1
41 71 1
41 72 1
41 73 2
41 74 2
41 75 3
41 76 2
41 77 2
41 78 2
41 79 3
41 80 1
41 81 1
41 82 2
41 83 1
41 84 1
41 85 2
41 86 3
41 87 2
41 88 2
41 89 1
41 90 3
41 91 1
41 92 1
41 93 2
41 94 2
41 95 2
41 96 2
41 97 3
41 98 3
41 99 2
42 43 3
42 44 1
42 45 3
42 46 3
42 47 3
42 48 2
42 49 1
42 50 2
42 51 2
42 52 2
42 53 1
42 54 1
42 55 1
42 56 2
42 57 3
42 58 3
42 59 2
42 60 2
42 61 1
42 62 1
42 63 2
42 64 2
42 65 1
42 66 1
42 67 1
42 68 2
42 69 2
42 70 3
42 71 3
42 72 2
42 73 1
42 74 1
42 75 2
42 76 2
42 77 3
42 78 3
42 79 2
42 80 3
42 81 2
42 82 2
42 83 3
42 84 3
42 85 3
42 86 3
42 87 3
42 88 2
42 89 3
42 90 1
42 91 3
42 92 4
42 93 3
42 94 2
42 95 3
42 96 1
42 97 3
42 98 2
42 99 1
43 44 3
43 45 1
43 46 1
43 47 3
43 48 3
43 49 3
43 50 3
43 51 2
43 52 2
43 53 2
43 54 3
43 55 2
43 56 2
43 57 2
43 58 3
43 59 1
43 60 1
43 61 2
43 62 2
43 63 1
43 64 1
43 65 3
43 66 4
43 67 3
43 68 2
43 69 2
43 70 2
43 71 2
43 72 1
43 73 3
43 74 2
43 75 2
43 76 1
43 77 1
43 78 3
43 79 4
43 80 1
43 81 2
43 82 1
43 83 1
43 84 2
43 85 1
43 86 2
43 87 3
43 88 1
43 89 1
43 90 3
43 91 2
43 92 2
43 93 3
43 94 3
43 95 3
43 96 3
43 97 4
43 98 4
43 99 2
44 45 4
44 46 3
44 47 2
44 48 1
44 49 1
44 50 1
44 51 3
44 52 3
44 53 2
44 54 1
44 55 2
44 56 3
44 57 4
44 58 3
44 59 3
44 60 3
44 61 2
44 62 2
44 63 3
44 64 3
44 65 1
44 66 1
44 67 1
44 68 3
44 69 2
44 70 4
44 71 3
44 72 3
44 73 1
44 74 2
44 75 3
44 76 3
44 77 3
44 78 3
44 79 1
44 80 4
44 81 2
44 82 3
44 83 4
44 84 3
44 85 4
44 86 4
44 87 3
44 88 2
44 89 4
44 90 1
44 91 3
44 92 4
44 93 3
44 94 2
44 95 3
44 96 1
44 97 2
44 98 1
44 99 2
45 46 1
45 47 4
45 48 4
45 49 3
45 50 4
45 51 1
45 52 2
45 53 2
45 54 3
45 55 2
45 56 1
45 57 3
45 58 4
45 59 1
45 60 1
45 61 2
45 62 2
45 63 1
45 64 1
45 65 3
45 66 4
45 67 4
45 68 1
45 69 2
45 70 3
45 71 3
45 72 2
45 73 3
45 74 2
45 75 1
45 76 1
45 77 1
45 78 4
45 79 4
45 80 2
45 81 3
45 82 1
45 83 2
45 84 3
45 85 1
45 86 1
45 87 4
45 88 2
45 89 2
45 90 3
45 91 3
45 92 3
45 93 4
45 94 4
45 95 4
45 96 3
45 97 4
45 98 4
45 99 2
46 47 4
46 48 4
46 49 3
46 50 4
46 51 1
46 52 2
46 53 2
46 54 3
46 55 2
46 56 1
46 57 3
46 58 4
46 59 1
46 60 1
46 61 2
46 62 2
46 63 1
46 64 1
46 65 3
46 66 4
46 67 3
46 68 1
46 69 2
46 70 2
46 71 3
46 72 1
46 73 3
46 74 2
46 75 1
46 76 1
46 77 1
46 78 3
46 79 4
46 80 1
46 81 3
46 82 1
46 83 2
46 84 3
46 85 1
46 86 1
46 87 3
46 88 1
46 89 2
46 90 3
46 91 3
46 92 3
46 93 3
46 94 4
46 95 3
46 96 3
46 97 4
46 98 4
46 99 2
47 48 1
47 49 3
47 50 1
47 51 4
47 52 2
47 53 3
47 54 3
47 55 2
47 56 4
47 57 2
47 58 1
47 59 4
47 60 3
47 61 3
47 62 2
47 63 4
47 64 3
47 65 3
47 66 3
47 67 3
47 68 4
47 69 2
47 70 3
47 71 2
47 72 3
47 73 3
47 74 2
47 75 4
47 76 4
47 77 4
47 78 1
47 79 1
47 80 3
47 81 1
47 82 3
47 83 3
47 84 1
47 85 4
47 86 5
47 87 1
47 88 3
47 89 3
47 90 3
47 91 2
47 92 3
47 93 1
47 94 1
47 95 1
47 96 2
47 97 1
47 98 3
47 99 3
48 49 2
48 50 1
48 51 4
48 52 2
48 53 3
48 54 2
48 55 2
48 56 4
48 57 3
48 58 2
48 59 4
48 60 3
48 61 3
48 62 2
48 63 3
48 64 3
48 65 2
48 66 2
48 67 2
48 68 4
48 69 2
48 70 3
48 71 2
48 72 3
48 73 2
48 74 2
48 75 3
48 76 4
48 77 4
48 78 2
48 79 1
48 80 3
48 81 1
48 82 3
48 83 3
48 84 2
48 85 4
48 86 4
48 87 2
48 88 3
48 89 3
48 90 2
48 91 2
48 92 3
48 93 2
48 94 1
48 95 2
48 96 1
48 97 1
48 98 2
48 99 3
49 50 2
49 51 3
49 52 2
49 53 2
49 54 1
49 55 2
49 56 3
49 57 3
49 58 3
49 59 3
49 60 2
49 61 2
49 62 2
49 63 2
49 64 2
49 65 1
49 66 1
49 67 1
49 68 3
49 69 2
49 70 4
49 71 3
49 72 3
49 73 1
49 74 2
49 75 2
49 76 3
49 77 3
49 78 3
49 79 2
49 80 3
49 81 2
49 82 2
49 83 4
49 84 3
49 85 3
49 86 3
49 87 3
49 88 2
49 89 4
49 90 1
49 91 3
49 92 4
49 93 3
49 94 2
49 95 3
49 96 1
49 97 2
49 98 1
49 99 2
50 51 4
50 52 2
50 53 3
50 54 2
50 55 2
50 56 4
50 57 3
50 58 2
50 59 4
50 60 3
50 61 3
50 62 2
50 63 3
50 64 3
50 65 2
50 66 2
50 67 2
50 68 4
50 69 2
50 70 3
50 71 2
50 72 3
50 73 2
50 74 2
50 75 3
50 76 4
50 77 4
50 78 2
50 79 1
50 80 3
50 81 1
50 82 3
50 83 3
50 84 2
50 85 4
50 86 4
50 87 2
50 88 3
50 89 3
50 90 2
50 91 2
50 92 3
50 93 2
50 94 1
50 95 2
50 96 1
50 97 1
50 98 2
50 99 3
51 52 2
51 53 1
51 54 3
51 55 2
51 56 1
51 57 3
51 58 4
51 59 1
51 60 1
51 61 1
51 62 2
51 63 1
51 64 1
51 65 2
51 66 3
51 67 3
51 68 1
51 69 2
51 70 3
51 71 3
51 72 2
51 73 2
51 74 2
51 75 1
51 76 1
51 77 1
51 78 4
51 79 4
51 80 2
51 81 3
51 82 1
51 83 2
51 84 3
51 85 2
51 86 1
51 87 4
51 88 1
51 89 2
51 90 3
51 91 3
51 92 3
51 93 4
51 94 4
51 95 4
51 96 3
51 97 4
51 98 3
51 99 2
52 53 2
52 54 3
52 55 1
52 56 2
52 57 1
52 58 2
52 59 2
52 60 2
52 61 2
52 62 1
52 63 2
52 64 1
52 65 2
52 66 3
52 67 3
52 68 2
52 69 1
52 70 2
52 71 1
52 72 1
52 73 2
52 74 1
52 75 2
52 76 2
52 77 2
52 78 2
52 79 2
52 80 2
52 81 1
52 82 2
52 83 2
52 84 1
52 85 2
52 86 3
52 87 2
52 88 2
52 89 2
52 90 2
52 91 1
52 92 2
52 93 2
52 94 2
52 95 2
52 96 2
52 97 2
52 98 3
52 99 2
53 54 2
53 55 1
53 56 1
53 57 3
53 58 4
53 59 1
53 60 1
53 61 1
53 62 1
53 63 1
53 64 1
53 65 1
53 66 2
53 67 2
53 68 1
53 69 2
53 70 3
53 71 3
53 72 2
53 73 2
53 74 2
53 75 1
53 76 1
53 77 2
53 78 3
53 79 3
53 80 2
53 81 2
53 82 1
53 83 3
53 84 3
53 85 2
53 86 2
53 87 3
53 88 1
53 89 3
53 90 2
53 91 3
53 92 4
53 93 3
53 94 3
53 95 3
53 96 2
53 97 3
53 98 2
53 99 1
54 55 2
54 56 3
54 57 4
54 58 4
54 59 3
54 60 3
54 61 2
54 62 2
54 63 3
54 64 2
54 65 1
54 66 1
54 67 1
54 68 3
54 69 2
54 70 4
54 71 4
54 72 3
54 73 1
54 74 2
54 75 2
54 76 3
54 77 3
54 78 3
54 79 2
54 80 3
54 81 3
54 82 3
54 83 4
54 84 3
54 85 4
54 86 3
54 87 3
54 88 2
54 89 4
54 90 1
54 91 4
54 92 4
54 93 3
54 94 3
54 95 4
54 96 1
54 97 3
54 98 1
54 99 2
55 56 2
55 57 2
55 58 3
55 59 2
55 60 1
55 61 1
55 62 1
55 63 2
55 64 1
55 65 2
55 66 2
55 67 2
55 68 2
55 69 1
55 70 2
55 71 2
55 72 1
55 73 1
55 74 1
55 75 2
55 76 2
55 77 2
55 78 2
55 79 2
55 80 2
55 81 1
55 82 1
55 83 2
55 84 2
55 85 2
55 86 3
55 87 3
55 88 1
55 89 2
55 90 2
55 91 2
55 92 3
55 93 2
55 94 2
55 95 3
55 96 1
55 97 3
55 98 2
55 99 1
56 57 3
56 58 4
56 59 1
56 60 1
56 61 1
56 62 2
56 63 1
56 64 1
56 65 2
56 66 3
56 67 3
56 68 1
56 69 2
56 70 3
56 71 3
56 72 2
56 73 2
56 74 2
56 75 1
56 76 1
56 77 1
56 78 4
56 79 4
56 80 2
56 81 3
56 82 1
56 83 3
56 84 3
56 85 2
56 86 1
56 87 4
56 88 1
56 89 3
56 90 3
56 91 3
56 92 4
56 93 4
56 94 4
56 95 4
56 96 3
56 97 4
56 98 3
56 99 1
57 58 2
57 59 3
57 60 3
57 61 3
57 62 2
57 63 3
57 64 2
57 65 3
57 66 4
57 67 4
57 68 3
57 69 2
57 70 1
57 71 1
57 72 2
57 73 3
57 74 2
57 75 3
57 76 3
57 77 3
57 78 2
57 79 3
57 80 2
57 81 2
57 82 3
57 83 1
57 84 1
57 85 2
57 86 4
57 87 2
57 88 3
57 89 1
57 90 3
57 91 1
57 92 1
57 93 2
57 94 3
57 95 1
57 96 3
57 97 3
57 98 4
57 99 3
58 59 4
58 60 3
58 61 4
58 62 3
58 63 4
58 64 3
58 65 3
58 66 4
58 67 4
58 68 4
58 69 2
58 70 3
58 71 2
58 72 3
58 73 3
58 74 2
58 75 4
58 76 4
58 77 4
58 78 1
58 79 2
58 80 3
58 81 2
58 82 3
58 83 3
58 84 1
58 85 4
58 86 5
58 87 1
58 88 3
58 89 3
58 90 3
58 91 2
58 92 3
58 93 1
58 94 1
58 95 1
58 96 3
58 97 1
58 98 3
58 99 3
59 60 1
59 61 1
59 62 2
59 63 1
59 64 1
59 65 2
59 66 3
59 67 3
59 68 1
59 69 2
59 70 3
59 71 3
59 72 2
59 73 2
59 74 2
59 75 1
59 76 1
59 77 1
59 78 4
59 79 4
59 80 2
59 81 3
59 82 1
59 83 2
59 84 3
59 85 2
59 86 1
59 87 4
59 88 1
59 89 2
59 90 3
59 91 3
59 92 3
59 93 4
59 94 4
59 95 4
59 96 3
59 97 4
59 98 3
59 99 1
60 61 1
60 62 1
60 63 1
60 64 1
60 65 2
60 66 3
60 67 3
60 68 1
60 69 1
60 70 2
60 71 3
60 72 1
60 73 2
60 74 1
60 75 1
60 76 1
60 77 1
60 78 3
60 79 3
60 80 1
60 81 2
60 82 1
60 83 2
60 84 3
60 85 1
60 86 2
60 87 3
60 88 1
60 89 2
60 90 3
60 91 3
60 92 3
60 93 3
60 94 3
60 95 3
60 96 2
60 97 3
60 98 3
60 99 1
61 62 1
61 63 1
61 64 1
61 65 1
61 66 2
61 67 2
61 68 1
61 69 2
61 70 3
61 71 3
61 72 2
61 73 1
61 74 2
61 75 1
61 76 2
61 77 2
61 78 3
61 79 3
61 80 2
61 81 2
61 82 1
61 83 3
61 84 3
61 85 2
61 86 2
61 87 3
61 88 1
61 89 3
61 90 2
61 91 3
61 92 4
61 93 3
61 94 3
61 95 3
61 96 2
61 97 3
61 98 2
61 99 1
62 63 2
62 64 1
62 65 2
62 66 2
62 67 2
62 68 2
62 69 1
62 70 2
62 71 2
62 72 1
62 73 1
62 74 1
62 75 2
62 76 2
62 77 2
62 78 2
62 79 2
62 80 2
62 81 1
62 82 1
62 83 2
62 84 2
62 85 2
62 86 3
62 87 2
62 88 1
62 89 2
62 90 2
62 91 2
62 92 3
62 93 2
62 94 2
62 95 2
62 96 1
62 97 2
62 98 2
62 99 1
63 64 1
63 65 2
63 66 3
63 67 3
63 68 1
63 69 2
63 70 3
63 71 3
63 72 2
63 73 2
63 74 2
63 75 1
63 76 1
63 77 1
63 78 3
63 79 3
63 80 2
63 81 3
63 82 1
63 83 2
63 84 3
63 85 2
63 86 1
63 87 4
63 88 1
63 89 2
63 90 3
63 91 3
63 92 3
63 93 4
63 94 3
63 95 4
63 96 2
63 97 4
63 98 3
63 99 1
64 65 2
64 66 3
64 67 3
64 68 1
64 69 1
64 70 2
64 71 2
64 72 1
64 73 2
64 74 1
64 75 1
64 76 1
64 77 1
64 78 3
64 79 3
64 80 1
64 81 2
64 82 1
64 83 2
64 84 2
64 85 2
64 86 2
64 87 3
64 88 1
64 89 2
64 90 2
64 91 2
64 92 3
64 93 3
64 94 3
64 95 3
64 96 2
64 97 3
64 98 3
64 99 1
65 66 1
65 67 1
65 68 2
65 69 2
65 70 4
65 71 3
65 72 3
65 73 1
65 74 2
65 75 2
65 76 2
65 77 3
65 78 3
65 79 2
65 80 3
65 81 2
65 82 2
65 83 4
65 84 3
65 85 3
65 86 3
65 87 3
65 88 2
65 89 4
65 90 1
65 91 3
65 92 4
65 93 3
65 94 3
65 95 3
65 96 1
65 97 3
65 98 1
65 99 1
66 67 1
66 68 3
66 69 2
66 70 4
66 71 4
66 72 3
66 73 1
66 74 2
66 75 3
66 76 3
66 77 4
66 78 3
66 79 2
66 80 4
66 81 3
66 82 3
66 83 4
66 84 3
66 85 4
66 86 4
66 87 3
66 88 3
66 89 4
66 90 1
66 91 4
66 92 4
66 93 3
66 94 3
66 95 4
66 96 1
66 97 3
66 98 1
66 99 2
67 68 3
67 69 2
67 70 4
67 71 4
67 72 3
67 73 1
67 74 2
67 75 3
67 76 3
67 77 3
67 78 3
67 79 2
67 80 4
67 81 3
67 82 3
67 83 4
67 84 3
67 85 4
67 86 4
67 87 3
67 88 2
67 89 4
67 90 1
67 91 4
67 92 4
67 93 3
67 94 3
67 95 4
67 96 1
67 97 3
67 98 1
67 99 2
68 69 2
68 70 3
68 71 3
68 72 2
68 73 2
68 74 2
68 75 1
68 76 1
68 77 1
68 78 4
68 79 4
68 80 2
68 81 3
68 82 1
68 83 2
68 84 3
68 85 2
68 86 1
68 87 4
68 88 1
68 89 2
68 90 3
68 91 3
68 92 3
68 93 4
68 94 4
68 95 4
68 96 3
68 97 4
68 98 3
68 99 2
69 70 2
69 71 2
69 72 1
69 73 1
69 74 1
69 75 2
69 76 2
69 77 2
69 78 2
69 79 2
69 80 2
69 81 1
69 82 1
69 83 2
69 84 2
69 85 2
69 86 3
69 87 2
69 88 1
69 89 2
69 90 2
69 91 2
69 92 2
69 93 2
69 94 2
69 95 2
69 96 1
69 97 2
69 98 2
69 99 1
70 71 2
70 72 1
70 73 3
70 74 3
70 75 3
70 76 3
70 77 2
70 78 2
70 79 3
70 80 2
70 81 2
70 82 2
70 83 1
70 84 2
70 85 2
70 86 3
70 87 2
70 88 2
70 89 1
70 90 4
70 91 1
70 92 1
70 93 2
70 94 3
70 95 2
70 96 3
70 97 3
70 98 4
70 99 3
71 72 2
71 73 3
71 74 2
71 75 3
71 76 3
71 77 3
71 78 1
71 79 2
71 80 2
71 81 1
71 82 3
71 83 2
71 84 1
71 85 3
71 86 4
71 87 1
71 88 3
71 89 2
71 90 3
71 91 1
71 92 2
71 93 1
71 94 2
71 95 1
71 96 3
71 97 2
71 98 3
71 99 3
72 73 2
72 74 2
72 75 2
72 76 2
72 77 1
72 78 2
72 79 3
72 80 1
72 81 2
72 82 1
72 83 1
72 84 2
72 85 1
72 86 2
72 87 2
72 88 1
72 89 1
72 90 3
72 91 2
72 92 2
72 93 2
72 94 3
72 95 2
72 96 2
72 97 3
72 98 3
72 99 2
73 74 1
73 75 2
73 76 3
73 77 3
73 78 3
73 79 2
73 80 3
73 81 2
73 82 2
73 83 3
73 84 3
73 85 3
73 86 3
73 87 3
73 88 2
73 89 3
73 90 1
73 91 3
73 92 3
73 93 3
73 94 2
73 95 3
73 96 1
73 97 2
73 98 1
73 99 1
74 75 2
74 76 2
74 77 2
74 78 2
74 79 2
74 80 2
74 81 1
74 82 1
74 83 3
74 84 2
74 85 2
74 86 3
74 87 2
74 88 1
74 89 3
74 90 2
74 91 2
74 92 3
74 93 2
74 94 2
74 95 2
74 96 1
74 97 2
74 98 2
74 99 1
75 76 1
75 77 1
75 78 3
75 79 3
75 80 2
75 81 3
75 82 1
75 83 3
75 84 3
75 85 2
75 86 1
75 87 4
75 88 1
75 89 3
75 90 2
75 91 3
75 92 4
75 93 4
75 94 3
75 95 4
75 96 2
75 97 4
75 98 3
75 99 1
76 77 1
76 78 4
76 79 4
76 80 1
76 81 3
76 82 1
76 83 2
76 84 3
76 85 1
76 86 1
76 87 4
76 88 1
76 89 2
76 90 3
76 91 3
76 92 3
76 93 4
76 94 4
76 95 4
76 96 3
76 97 4
76 98 3
76 99 2
77 78 3
77 79 4
77 80 1
77 81 3
77 82 1
77 83 2
77 84 3
77 85 1
77 86 1
77 87 3
77 88 1
77 89 2
77 90 3
77 91 3
77 92 3
77 93 3
77 94 4
77 95 3
77 96 3
77 97 4
77 98 4
77 99 2
78 79 2
78 80 3
78 81 1
78 82 3
78 83 3
78 84 1
78 85 3
78 86 4
78 87 1
78 88 3
78 89 3
78 90 3
78 91 1
78 92 3
78 93 1
78 94 1
78 95 1
78 96 2
78 97 1
78 98 3
78 99 3
79 80 4
79 81 2
79 82 3
79 83 4
79 84 2
79 85 4
79 86 4
79 87 2
79 88 3
79 89 4
79 90 2
79 91 2
79 92 4
79 93 2
79 94 1
79 95 2
79 96 2
79 97 1
79 98 2
79 99 3
80 81 2
80 82 1
80 83 1
80 84 2
80 85 1
80 86 2
80 87 3
80 88 2
80 89 1
80 90 3
80 91 2
80 92 2
80 93 3
80 94 3
80 95 3
80 96 3
80 97 4
80 98 4
80 99 2
81 82 2
81 83 2
81 84 1
81 85 3
81 86 4
81 87 2
81 88 2
81 89 2
81 90 2
81 91 1
81 92 2
81 93 1
81 94 1
81 95 2
81 96 2
81 97 2
81 98 2
81 99 2
82 83 2
82 84 3
82 85 2
82 86 2
82 87 3
82 88 1
82 89 2
82 90 2
82 91 3
82 92 3
82 93 3
82 94 3
82 95 3
82 96 2
82 97 3
82 98 3
82 99 1
83 84 2
83 85 1
83 86 3
83 87 3
83 88 2
83 89 1
83 90 4
83 91 2
83 92 1
83 93 3
83 94 3
83 95 2
83 96 3
83 97 4
83 98 4
83 99 3
84 85 3
84 86 4
84 87 1
84 88 3
84 89 2
84 90 3
84 91 1
84 92 2
84 93 1
84 94 2
84 95 1
84 96 2
84 97 2
84 98 3
84 99 3
85 86 2
85 87 3
85 88 2
85 89 1
85 90 4
85 91 3
85 92 2
85 93 3
85 94 4
85 95 3
85 96 3
85 97 4
85 98 4
85 99 2
86 87 4
86 88 2
86 89 3
86 90 3
86 91 4
86 92 4
86 93 4
86 94 4
86 95 4
86 96 3
86 97 5
86 98 4
86 99 2
87 88 3
87 89 3
87 90 3
87 91 1
87 92 3
87 93 1
87 94 1
87 95 1
87 96 2
87 97 1
87 98 3
87 99 3
88 89 2
88 90 2
88 91 3
88 92 3
88 93 3
88 94 3
88 95 3
88 96 2
88 97 3
88 98 3
88 99 1
89 90 4
89 91 2
89 92 1
89 93 3
89 94 3
89 95 2
89 96 3
89 97 4
89 98 4
89 99 3
90 91 3
90 92 4
90 93 3
90 94 2
90 95 3
90 96 1
90 97 2
90 98 1
90 99 2
91 92 2
91 93 1
91 94 2
91 95 1
91 96 3
91 97 2
91 98 3
91 99 3
92 93 3
92 94 3
92 95 2
92 96 3
92 97 4
92 98 4
92 99 3
93 94 1
93 95 1
93 96 2
93 97 1
93 98 3
93 99 3
94 95 2
94 96 2
94 97 1
94 98 2
94 99 3
95 96 3
95 97 2
95 98 3
95 99 3
96 97 2
96 98 1
96 99 2
97 98 2
97 99 3
98 99 2
