100 
0 1 5
0 2 4
0 3 7
0 4 2
0 5 6
0 6 6
0 7 6
0 8 4
0 9 4
0 10 7
0 11 4
0 12 5
0 13 6
0 14 6
0 15 5
0 16 6
0 17 7
0 18 2
0 19 4
0 20 4
0 21 5
0 22 6
0 23 6
0 24 3
0 25 8
0 26 8
0 27 9
0 28 4
0 29 6
0 30 4
0 31 2
0 32 4
0 33 7
0 34 5
0 35 7
0 36 8
0 37 4
0 38 3
0 39 5
0 40 5
0 41 5
0 42 6
0 43 3
0 44 3
0 45 6
0 46 7
0 47 7
0 48 5
0 49 2
0 50 5
0 51 5
0 52 8
0 53 1
0 54 4
0 55 2
0 56 6
0 57 5
0 58 6
0 59 6
0 60 3
0 61 6
0 62 8
0 63 6
0 64 1
0 65 5
0 66 8
0 67 7
0 68 5
0 69 2
0 70 5
0 71 3
0 72 7
0 73 6
0 74 6
0 75 7
0 76 2
0 77 5
0 78 3
0 79 5
0 80 5
0 81 4
0 82 5
0 83 3
0 84 5
0 85 3
0 86 6
0 87 5
0 88 8
0 89 2
0 90 1
0 91 5
0 92 5
0 93 6
0 94 5
0 95 2
0 96 6
0 97 8
0 98 8
0 99 6
1 2 1
1 3 7
1 4 5
1 5 4
1 6 6
1 7 4
1 8 4
1 9 1
1 10 4
1 11 5
1 12 6
1 13 7
1 14 6
1 15 2
1 16 3
1 17 4
1 18 3
1 19 1
1 20 3
1 21 3
1 22 3
1 23 2
1 24 3
1 25 5
1 26 8
1 27 9
1 28 1
1 29 2
1 30 2
1 31 3
1 32 2
1 33 4
1 34 5
1 35 5
1 36 8
1 37 1
1 38 2
1 39 2
1 40 5
1 41 4
1 42 3
1 43 2
1 44 4
1 45 3
1 46 4
1 47 7
1 48 3
1 49 4
1 50 5
1 51 1
1 52 8
1 53 5
1 54 1
1 55 4
1 56 7
1 57 5
1 58 4
1 59 2
1 60 2
1 61 4
1 62 8
1 63 7
1 64 5
1 65 4
1 66 8
1 67 5
1 68 3
1 69 4
1 70 1
1 71 2
1 72 7
1 73 3
1 74 3
1 75 7
1 76 5
1 77 2
1 78 4
1 79 2
1 80 2
1 81 1
1 82 1
1 83 3
1 84 6
1 85 2
1 86 2
1 87 4
1 88 8
1 89 3
1 90 4
1 91 1
1 92 6
1 93 2
1 94 1
1 95 4
1 96 2
1 97 8
1 98 8
1 99 7
2 3 6
2 4 4
2 5 3
2 6 5
2 7 4
2 8 3
2 9 1
2 10 4
2 11 4
2 12 5
2 13 6
2 14 5
2 15 1
2 16 3
2 17 3
2 18 2
2 19 1
2 20 2
2 21 2
2 22 3
2 23 2
2 24 2
2 25 5
2 26 7
2 27 8
2 28 1
2 29 2
2 30 1
2 31 2
2 32 1
2 33 4
2 34 4
2 35 4
2 36 7
2 37 1
2 38 1
2 39 2
2 40 4
2 41 4
2 42 3
2 43 2
2 44 3
2 45 3
2 46 4
2 47 6
2 48 3
2 49 4
2 50 4
2 51 1
2 52 7
2 53 4
2 54 2
2 55 4
2 56 6
2 57 4
2 58 3
2 59 2
2 60 2
2 61 3
2 62 7
2 63 6
2 64 4
2 65 4
2 66 7
2 67 5
2 68 2
2 69 3
2 70 1
2 71 2
2 72 6
2 73 3
2 74 2
2 75 6
2 76 4
2 77 2
2 78 3
2 79 2
2 80 2
2 81 1
2 82 2
2 83 3
2 84 5
2 85 2
2 86 2
2 87 3
2 88 7
2 89 3
2 90 3
2 91 2
2 92 5
2 93 2
2 94 1
2 95 3
2 96 2
2 97 7
2 98 7
2 99 6
3 4 6
3 5 5
3 6 1
3 7 5
3 8 3
3 9 6
3 10 7
3 11 3
3 12 3
3 13 1
3 14 2
3 15 7
3 16 6
3 17 7
3 18 5
3 19 6
3 20 4
3 21 5
3 22 5
3 23 6
3 24 4
3 25 7
3 26 2
3 27 2
3 28 6
3 29 7
3 30 5
3 31 5
3 32 5
3 33 6
3 34 3
3 35 6
3 36 2
3 37 6
3 38 5
3 39 5
3 40 2
3 41 3
3 42 6
3 43 6
3 44 4
3 45 5
3 46 6
3 47 1
3 48 4
3 49 6
3 50 2
3 51 7
3 52 1
3 53 7
3 54 7
3 55 6
3 56 2
3 57 3
3 58 5
3 59 8
3 60 6
3 61 5
3 62 1
3 63 2
3 64 6
3 65 3
3 66 1
3 67 6
3 68 5
3 69 5
3 70 7
3 71 5
3 72 1
3 73 6
3 74 7
3 75 1
3 76 6
3 77 6
3 78 4
3 79 6
3 80 6
3 81 7
3 82 8
3 83 7
3 84 2
3 85 6
3 86 7
3 87 4
3 88 1
3 89 6
3 90 6
3 91 7
3 92 2
3 93 8
3 94 7
3 95 5
3 96 8
3 97 1
3 98 2
3 99 1
4 5 5
4 6 5
4 7 5
4 8 3
4 9 4
4 10 7
4 11 3
4 12 4
4 13 5
4 14 5
4 15 5
4 16 6
4 17 7
4 18 2
4 19 4
4 20 4
4 21 5
4 22 5
4 23 6
4 24 3
4 25 7
4 26 7
4 27 8
4 28 4
4 29 6
4 30 4
4 31 2
4 32 4
4 33 6
4 34 4
4 35 6
4 36 7
4 37 4
4 38 3
4 39 5
4 40 4
4 41 4
4 42 6
4 43 3
4 44 3
4 45 5
4 46 6
4 47 6
4 48 4
4 49 1
4 50 4
4 51 5
4 52 7
4 53 2
4 54 4
4 55 1
4 56 5
4 57 4
4 58 5
4 59 6
4 60 3
4 61 5
4 62 7
4 63 5
4 64 1
4 65 4
4 66 7
4 67 6
4 68 5
4 69 1
4 70 5
4 71 3
4 72 6
4 73 6
4 74 6
4 75 6
4 76 1
4 77 5
4 78 2
4 79 5
4 80 5
4 81 4
4 82 5
4 83 2
4 84 4
4 85 3
4 86 6
4 87 4
4 88 7
4 89 2
4 90 1
4 91 5
4 92 4
4 93 6
4 94 5
4 95 2
4 96 6
4 97 7
4 98 7
4 99 5
5 6 4
5 7 1
5 8 2
5 9 3
5 10 2
5 11 3
5 12 4
5 13 5
5 14 4
5 15 3
5 16 1
5 17 2
5 18 4
5 19 3
5 20 2
5 21 2
5 22 1
5 23 2
5 24 3
5 25 2
5 26 6
5 27 7
5 28 3
5 29 3
5 30 2
5 31 4
5 32 2
5 33 1
5 34 3
5 35 1
5 36 6
5 37 4
5 38 3
5 39 2
5 40 3
5 41 2
5 42 2
5 43 4
5 44 3
5 45 1
5 46 1
5 47 5
5 48 1
5 49 5
5 50 3
5 51 3
5 52 6
5 53 6
5 54 4
5 55 5
5 56 5
5 57 3
5 58 1
5 59 4
5 60 5
5 61 1
5 62 6
5 63 5
5 64 5
5 65 2
5 66 6
5 67 2
5 68 1
5 69 4
5 70 4
5 71 3
5 72 5
5 73 1
5 74 2
5 75 5
5 76 5
5 77 2
5 78 3
5 79 2
5 80 2
5 81 4
5 82 4
5 83 5
5 84 4
5 85 4
5 86 3
5 87 2
5 88 6
5 89 5
5 90 5
5 91 5
5 92 4
5 93 4
5 94 3
5 95 4
5 96 4
5 97 6
5 98 6
5 99 5
6 7 4
6 8 2
6 9 5
6 10 6
6 11 2
6 12 2
6 13 1
6 14 1
6 15 6
6 16 5
6 17 6
6 18 4
6 19 5
6 20 3
6 21 4
6 22 4
6 23 5
6 24 3
6 25 6
6 26 2
6 27 3
6 28 5
6 29 6
6 30 4
6 31 4
6 32 4
6 33 5
6 34 2
6 35 5
6 36 2
6 37 5
6 38 4
6 39 4
6 40 1
6 41 2
6 42 5
6 43 5
6 44 3
6 45 4
6 46 5
6 47 1
6 48 3
6 49 5
6 50 1
6 51 6
6 52 2
6 53 6
6 54 6
6 55 5
6 56 1
6 57 2
6 58 4
6 59 7
6 60 5
6 61 4
6 62 2
6 63 1
6 64 5
6 65 2
6 66 2
6 67 5
6 68 4
6 69 4
6 70 6
6 71 4
6 72 1
6 73 5
6 74 6
6 75 1
6 76 5
6 77 5
6 78 3
6 79 5
6 80 5
6 81 6
6 82 7
6 83 6
6 84 1
6 85 5
6 86 6
6 87 3
6 88 2
6 89 5
6 90 5
6 91 6
6 92 1
6 93 7
6 94 6
6 95 4
6 96 7
6 97 2
6 98 2
6 99 1
7 8 2
7 9 4
7 10 2
7 11 3
7 12 4
7 13 5
7 14 4
7 15 4
7 16 2
7 17 3
7 18 4
7 19 3
7 20 2
7 21 2
7 22 1
7 23 3
7 24 3
7 25 2
7 26 6
7 27 7
7 28 4
7 29 4
7 30 3
7 31 4
7 32 3
7 33 1
7 34 3
7 35 1
7 36 6
7 37 4
7 38 3
7 39 2
7 40 3
7 41 2
7 42 2
7 43 4
7 44 3
7 45 1
7 46 1
7 47 5
7 48 1
7 49 5
7 50 3
7 51 4
7 52 6
7 53 6
7 54 5
7 55 5
7 56 5
7 57 3
7 58 1
7 59 5
7 60 5
7 61 1
7 62 6
7 63 5
7 64 5
7 65 2
7 66 6
7 67 1
7 68 2
7 69 4
7 70 4
7 71 3
7 72 5
7 73 2
7 74 3
7 75 5
7 76 5
7 77 3
7 78 3
7 79 3
7 80 3
7 81 4
7 82 5
7 83 5
7 84 4
7 85 4
7 86 4
7 87 2
7 88 6
7 89 5
7 90 5
7 91 5
7 92 4
7 93 5
7 94 4
7 95 4
7 96 5
7 97 6
7 98 6
7 99 5
8 9 3
8 10 4
8 11 1
8 12 2
8 13 3
8 14 2
8 15 4
8 16 3
8 17 4
8 18 2
8 19 3
8 20 1
8 21 2
8 22 2
8 23 3
8 24 1
8 25 4
8 26 4
8 27 5
8 28 3
8 29 4
8 30 2
8 31 2
8 32 2
8 33 3
8 34 1
8 35 3
8 36 4
8 37 3
8 38 2
8 39 2
8 40 1
8 41 1
8 42 3
8 43 3
8 44 1
8 45 2
8 46 3
8 47 3
8 48 1
8 49 3
8 50 1
8 51 4
8 52 4
8 53 4
8 54 4
8 55 3
8 56 3
8 57 1
8 58 2
8 59 5
8 60 3
8 61 2
8 62 4
8 63 3
8 64 3
8 65 1
8 66 4
8 67 3
8 68 2
8 69 2
8 70 4
8 71 2
8 72 3
8 73 3
8 74 4
8 75 3
8 76 3
8 77 3
8 78 1
8 79 3
8 80 3
8 81 4
8 82 5
8 83 4
8 84 2
8 85 3
8 86 4
8 87 1
8 88 4
8 89 3
8 90 3
8 91 4
8 92 2
8 93 5
8 94 4
8 95 2
8 96 5
8 97 4
8 98 4
8 99 3
9 10 3
9 11 4
9 12 5
9 13 6
9 14 5
9 15 1
9 16 2
9 17 3
9 18 2
9 19 1
9 20 2
9 21 2
9 22 3
9 23 2
9 24 2
9 25 4
9 26 7
9 27 8
9 28 1
9 29 2
9 30 1
9 31 2
9 32 1
9 33 3
9 34 4
9 35 4
9 36 7
9 37 1
9 38 1
9 39 2
9 40 4
9 41 4
9 42 2
9 43 2
9 44 3
9 45 3
9 46 4
9 47 6
9 48 3
9 49 4
9 50 4
9 51 1
9 52 7
9 53 4
9 54 2
9 55 4
9 56 6
9 57 4
9 58 3
9 59 2
9 60 2
9 61 3
9 62 7
9 63 6
9 64 4
9 65 4
9 66 7
9 67 4
9 68 2
9 69 3
9 70 1
9 71 1
9 72 6
9 73 2
9 74 2
9 75 6
9 76 4
9 77 1
9 78 3
9 79 1
9 80 2
9 81 1
9 82 2
9 83 3
9 84 5
9 85 2
9 86 2
9 87 3
9 88 7
9 89 3
9 90 3
9 91 2
9 92 5
9 93 2
9 94 1
9 95 3
9 96 2
9 97 7
9 98 7
9 99 6
10 11 5
10 12 5
10 13 7
10 14 6
10 15 3
10 16 1
10 17 1
10 18 5
10 19 3
10 20 3
10 21 2
10 22 2
10 23 2
10 24 4
10 25 2
10 26 8
10 27 9
10 28 4
10 29 3
10 30 3
10 31 5
10 32 3
10 33 1
10 34 4
10 35 2
10 36 8
10 37 4
10 38 4
10 39 2
10 40 5
10 41 4
10 42 1
10 43 5
10 44 5
10 45 2
10 46 2
10 47 7
10 48 3
10 49 7
10 50 5
10 51 3
10 52 8
10 53 7
10 54 5
10 55 7
10 56 6
10 57 5
10 58 2
10 59 4
10 60 5
10 61 2
10 62 8
10 63 6
10 64 7
10 65 4
10 66 8
10 67 2
10 68 2
10 69 6
10 70 4
10 71 4
10 72 7
10 73 1
10 74 2
10 75 7
10 76 7
10 77 2
10 78 5
10 79 2
10 80 2
10 81 4
10 82 4
10 83 6
10 84 6
10 85 5
10 86 3
10 87 3
10 88 8
10 89 6
10 90 6
10 91 5
10 92 6
10 93 4
10 94 3
10 95 6
10 96 4
10 97 8
10 98 8
10 99 7
11 12 1
11 13 2
11 14 2
11 15 5
11 16 4
11 17 5
11 18 2
11 19 4
11 20 2
11 21 3
11 22 3
11 23 4
11 24 2
11 25 5
11 26 4
11 27 5
11 28 4
11 29 5
11 30 3
11 31 2
11 32 3
11 33 4
11 34 1
11 35 4
11 36 4
11 37 4
11 38 3
11 39 3
11 40 1
11 41 1
11 42 4
11 43 3
11 44 1
11 45 3
11 46 4
11 47 3
11 48 2
11 49 3
11 50 1
11 51 5
11 52 4
11 53 4
11 54 4
11 55 3
11 56 2
11 57 1
11 58 3
11 59 6
11 60 3
11 61 3
11 62 4
11 63 2
11 64 3
11 65 2
11 66 4
11 67 4
11 68 3
11 69 2
11 70 5
11 71 3
11 72 3
11 73 4
11 74 5
11 75 3
11 76 3
11 77 4
11 78 1
11 79 4
11 80 4
11 81 4
11 82 5
11 83 4
11 84 1
11 85 3
11 86 5
11 87 2
11 88 4
11 89 3
11 90 3
11 91 5
11 92 1
11 93 6
11 94 5
11 95 2
11 96 6
11 97 4
11 98 4
11 99 2
12 13 2
12 14 1
12 15 5
12 16 4
12 17 5
12 18 3
12 19 5
12 20 3
12 21 3
12 22 4
12 23 5
12 24 3
12 25 6
12 26 3
12 27 4
12 28 5
12 29 5
12 30 4
12 31 3
12 32 4
12 33 5
12 34 1
12 35 5
12 36 3
12 37 5
12 38 4
12 39 4
12 40 1
12 41 2
12 42 5
12 43 4
12 44 2
12 45 4
12 46 4
12 47 3
12 48 3
12 49 4
12 50 1
12 51 5
12 52 3
12 53 5
12 54 5
12 55 4
12 56 1
12 57 1
12 58 4
12 59 6
12 60 4
12 61 3
12 62 3
12 63 1
12 64 4
12 65 2
12 66 3
12 67 5
12 68 3
12 69 3
12 70 6
12 71 4
12 72 3
12 73 4
12 74 5
12 75 2
12 76 4
12 77 4
12 78 2
12 79 4
12 80 5
12 81 5
12 82 6
12 83 5
12 84 1
12 85 4
12 86 5
12 87 2
12 88 3
12 89 4
12 90 4
12 91 6
12 92 1
12 93 6
12 94 5
12 95 3
12 96 6
12 97 4
12 98 4
12 99 2
13 14 1
13 15 7
13 16 6
13 17 7
13 18 4
13 19 6
13 20 4
13 21 5
13 22 5
13 23 6
13 24 4
13 25 7
13 26 2
13 27 3
13 28 6
13 29 7
13 30 5
13 31 4
13 32 5
13 33 6
13 34 3
13 35 6
13 36 2
13 37 6
13 38 5
13 39 5
13 40 2
13 41 3
13 42 6
13 43 5
13 44 3
13 45 5
13 46 6
13 47 1
13 48 4
13 49 5
13 50 2
13 51 7
13 52 2
13 53 6
13 54 6
13 55 5
13 56 1
13 57 2
13 58 5
13 59 8
13 60 5
13 61 5
13 62 2
13 63 1
13 64 5
13 65 3
13 66 2
13 67 6
13 68 5
13 69 4
13 70 7
13 71 5
13 72 1
13 73 6
13 74 7
13 75 1
13 76 5
13 77 6
13 78 3
13 79 6
13 80 6
13 81 6
13 82 7
13 83 6
13 84 1
13 85 5
13 86 7
13 87 4
13 88 2
13 89 5
13 90 5
13 91 7
13 92 1
13 93 8
13 94 7
13 95 4
13 96 8
13 97 2
13 98 2
13 99 1
14 15 6
14 16 5
14 17 6
14 18 4
14 19 5
14 20 3
14 21 4
14 22 4
14 23 5
14 24 3
14 25 6
14 26 2
14 27 3
14 28 5
14 29 6
14 30 4
14 31 4
14 32 4
14 33 5
14 34 2
14 35 5
14 36 2
14 37 5
14 38 4
14 39 4
14 40 2
14 41 2
14 42 5
14 43 5
14 44 3
14 45 4
14 46 5
14 47 2
14 48 3
14 49 5
14 50 1
14 51 6
14 52 2
14 53 6
14 54 6
14 55 5
14 56 1
14 57 2
14 58 4
14 59 7
14 60 5
14 61 4
14 62 2
14 63 1
14 64 5
14 65 2
14 66 2
14 67 5
14 68 4
14 69 4
14 70 6
14 71 4
14 72 2
14 73 5
14 74 6
14 75 1
14 76 5
14 77 5
14 78 3
14 79 5
14 80 5
14 81 6
14 82 7
14 83 6
14 84 1
14 85 5
14 86 6
14 87 3
14 88 2
14 89 5
14 90 5
14 91 6
14 92 1
14 93 7
14 94 6
14 95 4
14 96 7
14 97 3
14 98 3
14 99 1
15 16 2
15 17 2
15 18 3
15 19 1
15 20 3
15 21 2
15 22 3
15 23 1
15 24 3
15 25 4
15 26 8
15 27 9
15 28 2
15 29 1
15 30 2
15 31 3
15 32 2
15 33 3
15 34 4
15 35 4
15 36 8
15 37 2
15 38 2
15 39 2
15 40 5
15 41 4
15 42 2
15 43 3
15 44 4
15 45 3
15 46 4
15 47 7
15 48 3
15 49 5
15 50 5
15 51 1
15 52 8
15 53 5
15 54 2
15 55 5
15 56 6
15 57 5
15 58 3
15 59 1
15 60 3
15 61 3
15 62 8
15 63 6
15 64 5
15 65 4
15 66 8
15 67 4
15 68 3
15 69 4
15 70 1
15 71 2
15 72 7
15 73 2
15 74 1
15 75 7
15 76 5
15 77 1
15 78 4
15 79 1
15 80 1
15 81 2
15 82 2
15 83 4
15 84 6
15 85 3
15 86 1
15 87 3
15 88 8
15 89 4
15 90 4
15 91 2
15 92 6
15 93 1
15 94 1
15 95 4
15 96 1
15 97 8
15 98 8
15 99 7
16 17 1
16 18 4
16 19 2
16 20 2
16 21 1
16 22 1
16 23 1
16 24 3
16 25 3
16 26 7
16 27 8
16 28 3
16 29 2
16 30 2
16 31 4
16 32 2
16 33 2
16 34 3
16 35 2
16 36 7
16 37 3
16 38 3
16 39 1
16 40 4
16 41 3
16 42 1
16 43 4
16 44 4
16 45 1
16 46 2
16 47 6
16 48 2
16 49 6
16 50 4
16 51 2
16 52 7
16 53 6
16 54 4
16 55 6
16 56 5
16 57 4
16 58 1
16 59 3
16 60 4
16 61 1
16 62 7
16 63 5
16 64 6
16 65 3
16 66 7
16 67 3
16 68 1
16 69 5
16 70 3
16 71 3
16 72 6
16 73 1
16 74 2
16 75 6
16 76 6
16 77 1
16 78 4
16 79 1
16 80 1
16 81 3
16 82 3
16 83 5
16 84 5
16 85 4
16 86 2
16 87 2
16 88 7
16 89 5
16 90 5
16 91 4
16 92 5
16 93 3
16 94 2
16 95 5
16 96 3
16 97 7
16 98 7
16 99 6
17 18 5
17 19 3
17 20 3
17 21 2
17 22 2
17 23 2
17 24 4
17 25 3
17 26 8
17 27 9
17 28 4
17 29 2
17 30 3
17 31 5
17 32 3
17 33 2
17 34 4
17 35 3
17 36 8
17 37 4
17 38 4
17 39 2
17 40 5
17 41 4
17 42 1
17 43 5
17 44 5
17 45 2
17 46 3
17 47 7
17 48 3
17 49 7
17 50 5
17 51 3
17 52 8
17 53 7
17 54 4
17 55 7
17 56 6
17 57 5
17 58 2
17 59 3
17 60 5
17 61 2
17 62 8
17 63 6
17 64 7
17 65 4
17 66 8
17 67 3
17 68 2
17 69 6
17 70 3
17 71 4
17 72 7
17 73 1
17 74 1
17 75 7
17 76 7
17 77 2
17 78 5
17 79 2
17 80 2
17 81 4
17 82 4
17 83 6
17 84 6
17 85 5
17 86 2
17 87 3
17 88 8
17 89 6
17 90 6
17 91 4
17 92 6
17 93 3
17 94 3
17 95 6
17 96 3
17 97 8
17 98 8
17 99 7
18 19 2
18 20 2
18 21 3
18 22 4
18 23 4
18 24 1
18 25 6
18 26 6
18 27 7
18 28 2
18 29 4
18 30 2
18 31 1
18 32 2
18 33 5
18 34 3
18 35 5
18 36 6
18 37 2
18 38 1
18 39 3
18 40 3
18 41 3
18 42 4
18 43 2
18 44 1
18 45 4
18 46 5
18 47 5
18 48 3
18 49 2
18 50 3
18 51 3
18 52 6
18 53 2
18 54 3
18 55 2
18 56 4
18 57 3
18 58 4
18 59 4
18 60 2
18 61 4
18 62 6
18 63 4
18 64 2
18 65 3
18 66 6
18 67 5
18 68 3
18 69 1
18 70 3
18 71 1
18 72 5
18 73 4
18 74 4
18 75 5
18 76 2
18 77 3
18 78 1
18 79 3
18 80 3
18 81 3
18 82 4
18 83 2
18 84 3
18 85 2
18 86 4
18 87 3
18 88 6
18 89 1
18 90 1
18 91 3
18 92 3
18 93 4
18 94 3
18 95 1
18 96 4
18 97 6
18 98 6
18 99 4
19 20 2
19 21 2
19 22 2
19 23 2
19 24 2
19 25 4
19 26 7
19 27 8
19 28 1
19 29 2
19 30 1
19 31 2
19 32 1
19 33 3
19 34 4
19 35 4
19 36 7
19 37 2
19 38 1
19 39 1
19 40 4
19 41 3
19 42 2
19 43 2
19 44 3
19 45 2
19 46 3
19 47 6
19 48 2
19 49 4
19 50 4
19 51 1
19 52 7
19 53 4
19 54 2
19 55 4
19 56 6
19 57 4
19 58 3
19 59 2
19 60 2
19 61 3
19 62 7
19 63 6
19 64 4
19 65 3
19 66 7
19 67 4
19 68 2
19 69 3
19 70 1
19 71 2
19 72 6
19 73 2
19 74 2
19 75 6
19 76 4
19 77 1
19 78 3
19 79 1
19 80 1
19 81 1
19 82 2
19 83 3
19 84 5
19 85 2
19 86 2
19 87 3
19 88 7
19 89 3
19 90 3
19 91 2
19 92 5
19 93 2
19 94 1
19 95 3
19 96 2
19 97 7
19 98 7
19 99 6
20 21 1
20 22 2
20 23 2
20 24 1
20 25 4
20 26 5
20 27 6
20 28 2
20 29 3
20 30 1
20 31 2
20 32 1
20 33 3
20 34 2
20 35 3
20 36 5
20 37 2
20 38 1
20 39 1
20 40 2
20 41 2
20 42 3
20 43 2
20 44 2
20 45 2
20 46 3
20 47 4
20 48 1
20 49 4
20 50 2
20 51 3
20 52 5
20 53 4
20 54 3
20 55 4
20 56 4
20 57 2
20 58 2
20 59 4
20 60 3
20 61 2
20 62 5
20 63 4
20 64 4
20 65 2
20 66 5
20 67 3
20 68 1
20 69 3
20 70 3
20 71 1
20 72 4
20 73 2
20 74 3
20 75 4
20 76 4
20 77 2
20 78 2
20 79 2
20 80 2
20 81 3
20 82 4
20 83 3
20 84 3
20 85 2
20 86 3
20 87 1
20 88 5
20 89 3
20 90 3
20 91 3
20 92 3
20 93 4
20 94 3
20 95 3
20 96 4
20 97 5
20 98 5
20 99 4
21 22 1
21 23 2
21 24 2
21 25 3
21 26 6
21 27 7
21 28 2
21 29 2
21 30 1
21 31 3
21 32 1
21 33 2
21 34 2
21 35 3
21 36 6
21 37 3
21 38 2
21 39 1
21 40 3
21 41 2
21 42 2
21 43 3
21 44 3
21 45 1
21 46 2
21 47 5
21 48 1
21 49 5
21 50 3
21 51 2
21 52 6
21 53 5
21 54 3
21 55 5
21 56 4
21 57 3
21 58 2
21 59 3
21 60 4
21 61 1
21 62 6
21 63 4
21 64 5
21 65 2
21 66 6
21 67 3
21 68 1
21 69 4
21 70 3
21 71 2
21 72 5
21 73 1
21 74 2
21 75 5
21 76 5
21 77 1
21 78 3
21 79 1
21 80 2
21 81 3
21 82 3
21 83 4
21 84 4
21 85 3
21 86 2
21 87 1
21 88 6
21 89 4
21 90 4
21 91 4
21 92 4
21 93 3
21 94 2
21 95 4
21 96 3
21 97 6
21 98 6
21 99 5
22 23 2
22 24 3
22 25 2
22 26 6
22 27 7
22 28 3
22 29 3
22 30 2
22 31 4
22 32 2
22 33 1
22 34 3
22 35 2
22 36 6
22 37 4
22 38 3
22 39 1
22 40 3
22 41 2
22 42 1
22 43 4
22 44 3
22 45 1
22 46 1
22 47 5
22 48 1
22 49 5
22 50 3
22 51 3
22 52 6
22 53 6
22 54 4
22 55 5
22 56 5
22 57 3
22 58 1
22 59 4
22 60 4
22 61 1
22 62 6
22 63 5
22 64 5
22 65 2
22 66 6
22 67 2
22 68 1
22 69 4
22 70 3
22 71 3
22 72 5
22 73 1
22 74 2
22 75 5
22 76 5
22 77 2
22 78 3
22 79 2
22 80 2
22 81 3
22 82 4
22 83 5
22 84 4
22 85 4
22 86 3
22 87 2
22 88 6
22 89 5
22 90 5
22 91 4
22 92 4
22 93 4
22 94 3
22 95 4
22 96 4
22 97 6
22 98 6
22 99 5
23 24 3
23 25 3
23 26 7
23 27 8
23 28 3
23 29 1
23 30 2
23 31 4
23 32 2
23 33 2
23 34 4
23 35 3
23 36 7
23 37 3
23 38 3
23 39 1
23 40 4
23 41 3
23 42 1
23 43 4
23 44 4
23 45 2
23 46 3
23 47 6
23 48 2
23 49 6
23 50 4
23 51 1
23 52 7
23 53 6
23 54 3
23 55 6
23 56 6
23 57 4
23 58 2
23 59 2
23 60 4
23 61 2
23 62 7
23 63 6
23 64 6
23 65 3
23 66 7
23 67 3
23 68 2
23 69 5
23 70 2
23 71 3
23 72 6
23 73 1
23 74 1
23 75 6
23 76 6
23 77 1
23 78 4
23 79 1
23 80 1
23 81 3
23 82 3
23 83 5
23 84 5
23 85 4
23 86 1
23 87 3
23 88 7
23 89 5
23 90 5
23 91 3
23 92 5
23 93 2
23 94 2
23 95 5
23 96 2
23 97 7
23 98 7
23 99 6
24 25 5
24 26 5
24 27 6
24 28 2
24 29 4
24 30 2
24 31 2
24 32 1
24 33 4
24 34 2
24 35 4
24 36 5
24 37 2
24 38 1
24 39 2
24 40 2
24 41 2
24 42 4
24 43 2
24 44 1
24 45 3
24 46 4
24 47 4
24 48 2
24 49 3
24 50 2
24 51 3
24 52 5
24 53 3
24 54 3
24 55 3
24 56 4
24 57 2
24 58 3
24 59 4
24 60 3
24 61 3
24 62 5
24 63 4
24 64 3
24 65 2
24 66 5
24 67 4
24 68 2
24 69 2
24 70 3
24 71 1
24 72 4
24 73 3
24 74 4
24 75 4
24 76 3
24 77 3
24 78 1
24 79 3
24 80 3
24 81 3
24 82 4
24 83 3
24 84 3
24 85 2
24 86 4
24 87 2
24 88 5
24 89 2
24 90 2
24 91 3
24 92 3
24 93 4
24 94 3
24 95 2
24 96 4
24 97 5
24 98 5
24 99 4
25 26 8
25 27 9
25 28 5
25 29 4
25 30 4
25 31 6
25 32 4
25 33 1
25 34 5
25 35 2
25 36 8
25 37 5
25 38 5
25 39 3
25 40 5
25 41 4
25 42 2
25 43 6
25 44 5
25 45 3
25 46 2
25 47 7
25 48 3
25 49 7
25 50 5
25 51 4
25 52 8
25 53 8
25 54 6
25 55 7
25 56 7
25 57 5
25 58 2
25 59 5
25 60 6
25 61 3
25 62 8
25 63 7
25 64 7
25 65 4
25 66 8
25 67 2
25 68 3
25 69 6
25 70 5
25 71 5
25 72 7
25 73 3
25 74 3
25 75 7
25 76 7
25 77 3
25 78 5
25 79 4
25 80 3
25 81 5
25 82 6
25 83 7
25 84 6
25 85 6
25 86 4
25 87 4
25 88 8
25 89 7
25 90 7
25 91 6
25 92 6
25 93 5
25 94 5
25 95 6
25 96 5
25 97 8
25 98 8
25 99 7
26 27 1
26 28 7
26 29 8
26 30 6
26 31 6
26 32 6
26 33 7
26 34 4
26 35 7
26 36 1
26 37 7
26 38 6
26 39 6
26 40 3
26 41 4
26 42 7
26 43 7
26 44 5
26 45 6
26 46 7
26 47 2
26 48 5
26 49 7
26 50 3
26 51 8
26 52 1
26 53 8
26 54 8
26 55 7
26 56 3
26 57 4
26 58 6
26 59 9
26 60 7
26 61 6
26 62 1
26 63 3
26 64 7
26 65 4
26 66 1
26 67 7
26 68 6
26 69 6
26 70 8
26 71 6
26 72 1
26 73 7
26 74 8
26 75 1
26 76 7
26 77 7
26 78 5
26 79 7
26 80 7
26 81 8
26 82 9
26 83 8
26 84 3
26 85 7
26 86 8
26 87 5
26 88 1
26 89 7
26 90 7
26 91 8
26 92 3
26 93 9
26 94 8
26 95 6
26 96 9
26 97 1
26 98 1
26 99 2
27 28 8
27 29 9
27 30 7
27 31 7
27 32 7
27 33 8
27 34 5
27 35 8
27 36 1
27 37 8
27 38 7
27 39 7
27 40 4
27 41 5
27 42 8
27 43 8
27 44 6
27 45 7
27 46 8
27 47 2
27 48 6
27 49 8
27 50 4
27 51 9
27 52 1
27 53 9
27 54 9
27 55 8
27 56 4
27 57 5
27 58 7
27 59 10
27 60 8
27 61 7
27 62 1
27 63 4
27 64 8
27 65 5
27 66 1
27 67 8
27 68 7
27 69 7
27 70 9
27 71 7
27 72 2
27 73 8
27 74 9
27 75 2
27 76 8
27 77 8
27 78 6
27 79 8
27 80 8
27 81 9
27 82 10
27 83 9
27 84 4
27 85 8
27 86 9
27 87 6
27 88 1
27 89 8
27 90 8
27 91 9
27 92 4
27 93 10
27 94 9
27 95 7
27 96 10
27 97 1
27 98 1
27 99 3
28 29 3
28 30 1
28 31 2
28 32 1
28 33 4
28 34 4
28 35 4
28 36 7
28 37 1
28 38 1
28 39 2
28 40 4
28 41 4
28 42 3
28 43 1
28 44 3
28 45 3
28 46 4
28 47 6
28 48 3
28 49 3
28 50 4
28 51 2
28 52 7
28 53 4
28 54 1
28 55 3
28 56 6
28 57 4
28 58 3
28 59 3
28 60 2
28 61 3
28 62 7
28 63 6
28 64 4
28 65 4
28 66 7
28 67 5
28 68 2
28 69 3
28 70 1
28 71 1
28 72 6
28 73 3
28 74 3
28 75 6
28 76 4
28 77 2
28 78 3
28 79 2
28 80 2
28 81 1
28 82 2
28 83 2
28 84 5
28 85 1
28 86 3
28 87 3
28 88 7
28 89 2
28 90 3
28 91 2
28 92 5
28 93 3
28 94 2
28 95 3
28 96 3
28 97 7
28 98 7
28 99 6
29 30 3
29 31 4
29 32 3
29 33 3
29 34 4
29 35 4
29 36 8
29 37 3
29 38 3
29 39 2
29 40 5
29 41 4
29 42 2
29 43 4
29 44 5
29 45 3
29 46 4
29 47 7
29 48 3
29 49 6
29 50 5
29 51 1
29 52 8
29 53 6
29 54 3
29 55 6
29 56 6
29 57 5
29 58 3
29 59 1
29 60 4
29 61 3
29 62 8
29 63 6
29 64 6
29 65 4
29 66 8
29 67 4
29 68 3
29 69 5
29 70 2
29 71 3
29 72 7
29 73 2
29 74 1
29 75 7
29 76 6
29 77 1
29 78 5
29 79 1
29 80 1
29 81 3
29 82 2
29 83 5
29 84 6
29 85 4
29 86 1
29 87 3
29 88 8
29 89 5
29 90 5
29 91 3
29 92 6
29 93 1
29 94 1
29 95 5
29 96 1
29 97 8
29 98 8
29 99 7
30 31 2
30 32 1
30 33 3
30 34 3
30 35 3
30 36 6
30 37 2
30 38 1
30 39 1
30 40 3
30 41 3
30 42 3
30 43 2
30 44 3
30 45 2
30 46 3
30 47 5
30 48 2
30 49 4
30 50 3
30 51 2
30 52 6
30 53 4
30 54 2
30 55 4
30 56 5
30 57 3
30 58 2
30 59 3
30 60 3
30 61 2
30 62 6
30 63 5
30 64 4
30 65 3
30 66 6
30 67 4
30 68 1
30 69 3
30 70 2
30 71 1
30 72 5
30 73 2
30 74 3
30 75 5
30 76 4
30 77 2
30 78 3
30 79 2
30 80 2
30 81 2
30 82 3
30 83 3
30 84 4
30 85 2
30 86 3
30 87 2
30 88 6
30 89 3
30 90 3
30 91 3
30 92 4
30 93 3
30 94 2
30 95 3
30 96 3
30 97 6
30 98 6
30 99 5
31 32 2
31 33 5
31 34 3
31 35 5
31 36 6
31 37 2
31 38 1
31 39 3
31 40 3
31 41 3
31 42 4
31 43 1
31 44 1
31 45 4
31 46 5
31 47 5
31 48 3
31 49 2
31 50 3
31 51 3
31 52 6
31 53 2
31 54 2
31 55 2
31 56 4
31 57 3
31 58 4
31 59 4
31 60 1
31 61 4
31 62 6
31 63 4
31 64 2
31 65 3
31 66 6
31 67 5
31 68 3
31 69 1
31 70 3
31 71 1
31 72 5
31 73 4
31 74 4
31 75 5
31 76 2
31 77 3
31 78 1
31 79 3
31 80 3
31 81 2
31 82 3
31 83 2
31 84 3
31 85 1
31 86 4
31 87 3
31 88 6
31 89 1
31 90 1
31 91 3
31 92 3
31 93 4
31 94 3
31 95 1
31 96 4
31 97 6
31 98 6
31 99 4
32 33 3
32 34 3
32 35 3
32 36 6
32 37 2
32 38 1
32 39 1
32 40 3
32 41 3
32 42 3
32 43 2
32 44 2
32 45 2
32 46 3
32 47 5
32 48 2
32 49 4
32 50 3
32 51 2
32 52 6
32 53 4
32 54 2
32 55 4
32 56 5
32 57 3
32 58 2
32 59 3
32 60 3
32 61 2
32 62 6
32 63 5
32 64 4
32 65 3
32 66 6
32 67 4
32 68 1
32 69 3
32 70 2
32 71 1
32 72 5
32 73 2
32 74 3
32 75 5
32 76 4
32 77 2
32 78 2
32 79 2
32 80 2
32 81 2
32 82 3
32 83 3
32 84 4
32 85 2
32 86 3
32 87 2
32 88 6
32 89 3
32 90 3
32 91 3
32 92 4
32 93 3
32 94 2
32 95 3
32 96 3
32 97 6
32 98 6
32 99 5
33 34 4
33 35 1
33 36 7
33 37 4
33 38 4
33 39 2
33 40 4
33 41 3
33 42 1
33 43 5
33 44 4
33 45 2
33 46 1
33 47 6
33 48 2
33 49 6
33 50 4
33 51 3
33 52 7
33 53 7
33 54 5
33 55 6
33 56 6
33 57 4
33 58 1
33 59 4
33 60 5
33 61 2
33 62 7
33 63 6
33 64 6
33 65 3
33 66 7
33 67 1
33 68 2
33 69 5
33 70 4
33 71 4
33 72 6
33 73 2
33 74 2
33 75 6
33 76 6
33 77 2
33 78 4
33 79 3
33 80 2
33 81 4
33 82 5
33 83 6
33 84 5
33 85 5
33 86 3
33 87 3
33 88 7
33 89 6
33 90 6
33 91 5
33 92 5
33 93 4
33 94 4
33 95 5
33 96 4
33 97 7
33 98 7
33 99 6
34 35 4
34 36 4
34 37 4
34 38 3
34 39 3
34 40 1
34 41 1
34 42 4
34 43 4
34 44 2
34 45 3
34 46 3
34 47 3
34 48 2
34 49 4
34 50 1
34 51 4
34 52 4
34 53 5
34 54 5
34 55 4
34 56 2
34 57 1
34 58 3
34 59 5
34 60 4
34 61 2
34 62 4
34 63 2
34 64 4
34 65 1
34 66 4
34 67 4
34 68 2
34 69 3
34 70 5
34 71 3
34 72 3
34 73 3
34 74 4
34 75 3
34 76 4
34 77 3
34 78 2
34 79 3
34 80 4
34 81 5
34 82 5
34 83 5
34 84 2
34 85 4
34 86 4
34 87 1
34 88 4
34 89 4
34 90 4
34 91 5
34 92 2
34 93 5
34 94 4
34 95 3
34 96 5
34 97 4
34 98 4
34 99 3
35 36 7
35 37 5
35 38 4
35 39 3
35 40 4
35 41 3
35 42 2
35 43 5
35 44 4
35 45 2
35 46 1
35 47 6
35 48 2
35 49 6
35 50 4
35 51 4
35 52 7
35 53 7
35 54 5
35 55 6
35 56 6
35 57 4
35 58 2
35 59 5
35 60 6
35 61 2
35 62 7
35 63 6
35 64 6
35 65 3
35 66 7
35 67 1
35 68 2
35 69 5
35 70 5
35 71 4
35 72 6
35 73 2
35 74 3
35 75 6
35 76 6
35 77 3
35 78 4
35 79 3
35 80 3
35 81 5
35 82 5
35 83 6
35 84 5
35 85 5
35 86 4
35 87 3
35 88 7
35 89 6
35 90 6
35 91 6
35 92 5
35 93 5
35 94 4
35 95 5
35 96 5
35 97 7
35 98 7
35 99 6
36 37 7
36 38 6
36 39 6
36 40 3
36 41 4
36 42 7
36 43 7
36 44 5
36 45 6
36 46 7
36 47 2
36 48 5
36 49 7
36 50 3
36 51 8
36 52 1
36 53 8
36 54 8
36 55 7
36 56 3
36 57 4
36 58 6
36 59 9
36 60 7
36 61 6
36 62 1
36 63 3
36 64 7
36 65 4
36 66 1
36 67 7
36 68 6
36 69 6
36 70 8
36 71 6
36 72 1
36 73 7
36 74 8
36 75 1
36 76 7
36 77 7
36 78 5
36 79 7
36 80 7
36 81 8
36 82 9
36 83 8
36 84 3
36 85 7
36 86 8
36 87 5
36 88 1
36 89 7
36 90 7
36 91 8
36 92 3
36 93 9
36 94 8
36 95 6
36 96 9
36 97 1
36 98 1
36 99 2
37 38 1
37 39 3
37 40 4
37 41 4
37 42 3
37 43 1
37 44 3
37 45 4
37 46 5
37 47 6
37 48 3
37 49 3
37 50 4
37 51 2
37 52 7
37 53 4
37 54 1
37 55 3
37 56 6
37 57 4
37 58 4
37 59 3
37 60 1
37 61 4
37 62 7
37 63 6
37 64 4
37 65 4
37 66 7
37 67 5
37 68 3
37 69 3
37 70 1
37 71 1
37 72 6
37 73 3
37 74 3
37 75 6
37 76 4
37 77 2
37 78 3
37 79 2
37 80 3
37 81 1
37 82 2
37 83 2
37 84 5
37 85 1
37 86 3
37 87 3
37 88 7
37 89 2
37 90 3
37 91 1
37 92 5
37 93 3
37 94 2
37 95 3
37 96 3
37 97 7
37 98 7
37 99 6
38 39 2
38 40 3
38 41 3
38 42 3
38 43 1
38 44 2
38 45 3
38 46 4
38 47 5
38 48 2
38 49 3
38 50 3
38 51 2
38 52 6
38 53 3
38 54 2
38 55 3
38 56 5
38 57 3
38 58 3
38 59 3
38 60 2
38 61 3
38 62 6
38 63 5
38 64 3
38 65 3
38 66 6
38 67 4
38 68 2
38 69 2
38 70 2
38 71 1
38 72 5
38 73 3
38 74 3
38 75 5
38 76 3
38 77 2
38 78 2
38 79 2
38 80 2
38 81 2
38 82 3
38 83 2
38 84 4
38 85 2
38 86 3
38 87 2
38 88 6
38 89 2
38 90 2
38 91 2
38 92 4
38 93 3
38 94 2
38 95 2
38 96 3
38 97 6
38 98 6
38 99 5
39 40 3
39 41 2
39 42 2
39 43 3
39 44 3
39 45 1
39 46 2
39 47 5
39 48 1
39 49 5
39 50 3
39 51 2
39 52 6
39 53 5
39 54 3
39 55 5
39 56 5
39 57 3
39 58 2
39 59 3
39 60 3
39 61 2
39 62 6
39 63 5
39 64 5
39 65 2
39 66 6
39 67 3
39 68 1
39 69 4
39 70 2
39 71 2
39 72 5
39 73 1
39 74 2
39 75 5
39 76 5
39 77 1
39 78 3
39 79 1
39 80 1
39 81 2
39 82 3
39 83 4
39 84 4
39 85 3
39 86 2
39 87 2
39 88 6
39 89 4
39 90 4
39 91 3
39 92 4
39 93 3
39 94 2
39 95 4
39 96 3
39 97 6
39 98 6
39 99 5
40 41 1
40 42 4
40 43 4
40 44 2
40 45 3
40 46 4
40 47 2
40 48 2
40 49 4
40 50 1
40 51 5
40 52 3
40 53 5
40 54 5
40 55 4
40 56 2
40 57 1
40 58 3
40 59 6
40 60 4
40 61 3
40 62 3
40 63 2
40 64 4
40 65 1
40 66 3
40 67 4
40 68 3
40 69 3
40 70 5
40 71 3
40 72 2
40 73 4
40 74 5
40 75 2
40 76 4
40 77 4
40 78 2
40 79 4
40 80 4
40 81 5
40 82 6
40 83 5
40 84 1
40 85 4
40 86 5
40 87 2
40 88 3
40 89 4
40 90 4
40 91 5
40 92 1
40 93 6
40 94 5
40 95 3
40 96 6
40 97 3
40 98 3
40 99 2
41 42 3
41 43 4
41 44 2
41 45 2
41 46 3
41 47 3
41 48 1
41 49 4
41 50 1
41 51 4
41 52 4
41 53 5
41 54 5
41 55 4
41 56 3
41 57 1
41 58 2
41 59 5
41 60 4
41 61 2
41 62 4
41 63 3
41 64 4
41 65 1
41 66 4
41 67 3
41 68 2
41 69 3
41 70 4
41 71 3
41 72 3
41 73 3
41 74 4
41 75 3
41 76 4
41 77 3
41 78 2
41 79 3
41 80 3
41 81 4
41 82 5
41 83 5
41 84 2
41 85 4
41 86 4
41 87 1
41 88 4
41 89 4
41 90 4
41 91 5
41 92 2
41 93 5
41 94 4
41 95 3
41 96 5
41 97 4
41 98 4
41 99 3
42 43 4
42 44 4
42 45 1
42 46 2
42 47 6
42 48 2
42 49 6
42 50 4
42 51 2
42 52 7
42 53 6
42 54 4
42 55 6
42 56 6
42 57 4
42 58 1
42 59 3
42 60 4
42 61 2
42 62 7
42 63 6
42 64 6
42 65 3
42 66 7
42 67 2
42 68 2
42 69 5
42 70 3
42 71 3
42 72 6
42 73 1
42 74 1
42 75 6
42 76 6
42 77 1
42 78 4
42 79 2
42 80 1
42 81 3
42 82 4
42 83 5
42 84 5
42 85 4
42 86 2
42 87 3
42 88 7
42 89 5
42 90 5
42 91 4
42 92 5
42 93 3
42 94 3
42 95 5
42 96 3
42 97 7
42 98 7
42 99 6
43 44 2
43 45 4
43 46 5
43 47 6
43 48 3
43 49 3
43 50 4
43 51 3
43 52 7
43 53 3
43 54 2
43 55 2
43 56 5
43 57 4
43 58 4
43 59 4
43 60 1
43 61 4
43 62 7
43 63 5
43 64 3
43 65 4
43 66 7
43 67 5
43 68 3
43 69 2
43 70 2
43 71 1
43 72 6
43 73 4
43 74 4
43 75 6
43 76 3
43 77 3
43 78 2
43 79 3
43 80 3
43 81 1
43 82 3
43 83 1
43 84 4
43 85 1
43 86 4
43 87 3
43 88 7
43 89 2
43 90 2
43 91 2
43 92 4
43 93 4
43 94 3
43 95 2
43 96 4
43 97 7
43 98 7
43 99 5
44 45 3
44 46 4
44 47 4
44 48 2
44 49 3
44 50 2
44 51 4
44 52 5
44 53 3
44 54 3
44 55 3
44 56 3
44 57 2
44 58 3
44 59 5
44 60 2
44 61 3
44 62 5
44 63 3
44 64 3
44 65 2
44 66 5
44 67 4
44 68 3
44 69 2
44 70 4
44 71 2
44 72 4
44 73 4
44 74 5
44 75 4
44 76 3
44 77 4
44 78 1
44 79 4
44 80 4
44 81 3
44 82 4
44 83 3
44 84 2
44 85 2
44 86 5
44 87 2
44 88 5
44 89 2
44 90 2
44 91 4
44 92 2
44 93 5
44 94 4
44 95 2
44 96 5
44 97 5
44 98 5
44 99 3
45 46 1
45 47 5
45 48 1
45 49 5
45 50 3
45 51 3
45 52 6
45 53 6
45 54 4
45 55 5
45 56 5
45 57 3
45 58 1
45 59 4
45 60 4
45 61 1
45 62 6
45 63 5
45 64 5
45 65 2
45 66 6
45 67 2
45 68 1
45 69 4
45 70 3
45 71 3
45 72 5
45 73 1
45 74 2
45 75 5
45 76 5
45 77 2
45 78 3
45 79 2
45 80 2
45 81 3
45 82 4
45 83 5
45 84 4
45 85 4
45 86 3
45 87 2
45 88 6
45 89 5
45 90 5
45 91 4
45 92 4
45 93 4
45 94 3
45 95 4
45 96 4
45 97 6
45 98 6
45 99 5
46 47 6
46 48 2
46 49 6
46 50 4
46 51 4
46 52 7
46 53 7
46 54 5
46 55 6
46 56 5
46 57 4
46 58 1
46 59 5
46 60 5
46 61 1
46 62 7
46 63 5
46 64 6
46 65 3
46 66 7
46 67 1
46 68 2
46 69 5
46 70 4
46 71 4
46 72 6
46 73 2
46 74 3
46 75 6
46 76 6
46 77 3
46 78 4
46 79 3
46 80 3
46 81 4
46 82 5
46 83 6
46 84 5
46 85 5
46 86 4
46 87 2
46 88 7
46 89 6
46 90 6
46 91 5
46 92 5
46 93 5
46 94 4
46 95 5
46 96 5
46 97 7
46 98 7
46 99 6
47 48 4
47 49 6
47 50 2
47 51 7
47 52 1
47 53 7
47 54 7
47 55 6
47 56 2
47 57 3
47 58 5
47 59 8
47 60 6
47 61 5
47 62 1
47 63 2
47 64 6
47 65 3
47 66 1
47 67 6
47 68 5
47 69 5
47 70 7
47 71 5
47 72 1
47 73 6
47 74 7
47 75 1
47 76 6
47 77 6
47 78 4
47 79 6
47 80 6
47 81 7
47 82 8
47 83 7
47 84 2
47 85 6
47 86 7
47 87 4
47 88 1
47 89 6
47 90 6
47 91 7
47 92 2
47 93 8
47 94 7
47 95 5
47 96 8
47 97 1
47 98 2
47 99 1
48 49 4
48 50 2
48 51 3
48 52 5
48 53 5
48 54 4
48 55 4
48 56 4
48 57 2
48 58 1
48 59 4
48 60 4
48 61 1
48 62 5
48 63 4
48 64 4
48 65 1
48 66 5
48 67 2
48 68 1
48 69 3
48 70 3
48 71 2
48 72 4
48 73 2
48 74 3
48 75 4
48 76 4
48 77 2
48 78 2
48 79 2
48 80 2
48 81 3
48 82 4
48 83 4
48 84 3
48 85 3
48 86 3
48 87 1
48 88 5
48 89 4
48 90 4
48 91 4
48 92 3
48 93 4
48 94 3
48 95 3
48 96 4
48 97 5
48 98 5
48 99 4
49 50 4
49 51 5
49 52 7
49 53 2
49 54 4
49 55 1
49 56 5
49 57 4
49 58 5
49 59 6
49 60 3
49 61 5
49 62 7
49 63 5
49 64 1
49 65 4
49 66 7
49 67 6
49 68 5
49 69 1
49 70 4
49 71 3
49 72 6
49 73 6
49 74 6
49 75 6
49 76 1
49 77 5
49 78 2
49 79 5
49 80 5
49 81 4
49 82 5
49 83 2
49 84 4
49 85 2
49 86 6
49 87 4
49 88 7
49 89 1
49 90 1
49 91 4
49 92 4
49 93 6
49 94 5
49 95 1
49 96 6
49 97 7
49 98 7
49 99 5
50 51 5
50 52 3
50 53 5
50 54 5
50 55 4
50 56 2
50 57 1
50 58 3
50 59 6
50 60 4
50 61 3
50 62 3
50 63 2
50 64 4
50 65 1
50 66 3
50 67 4
50 68 3
50 69 3
50 70 5
50 71 3
50 72 2
50 73 4
50 74 5
50 75 2
50 76 4
50 77 4
50 78 2
50 79 4
50 80 4
50 81 5
50 82 6
50 83 5
50 84 1
50 85 4
50 86 5
50 87 2
50 88 3
50 89 4
50 90 4
50 91 5
50 92 1
50 93 6
50 94 5
50 95 3
50 96 6
50 97 3
50 98 3
50 99 2
51 52 8
51 53 5
51 54 2
51 55 5
51 56 6
51 57 5
51 58 3
51 59 1
51 60 3
51 61 3
51 62 8
51 63 6
51 64 5
51 65 4
51 66 8
51 67 4
51 68 3
51 69 4
51 70 1
51 71 2
51 72 7
51 73 2
51 74 2
51 75 7
51 76 5
51 77 1
51 78 4
51 79 1
51 80 1
51 81 2
51 82 2
51 83 4
51 84 6
51 85 3
51 86 1
51 87 3
51 88 8
51 89 4
51 90 4
51 91 2
51 92 6
51 93 1
51 94 1
51 95 4
51 96 1
51 97 8
51 98 8
51 99 7
52 53 8
52 54 8
52 55 7
52 56 3
52 57 4
52 58 6
52 59 9
52 60 7
52 61 6
52 62 1
52 63 3
52 64 7
52 65 4
52 66 1
52 67 7
52 68 6
52 69 6
52 70 8
52 71 6
52 72 1
52 73 7
52 74 8
52 75 1
52 76 7
52 77 7
52 78 5
52 79 7
52 80 7
52 81 8
52 82 9
52 83 8
52 84 3
52 85 7
52 86 8
52 87 5
52 88 1
52 89 7
52 90 7
52 91 8
52 92 3
52 93 9
52 94 8
52 95 6
52 96 9
52 97 1
52 98 1
52 99 2
53 54 4
53 55 2
53 56 6
53 57 5
53 58 6
53 59 6
53 60 3
53 61 6
53 62 8
53 63 6
53 64 1
53 65 5
53 66 8
53 67 7
53 68 5
53 69 2
53 70 5
53 71 3
53 72 7
53 73 6
53 74 6
53 75 7
53 76 2
53 77 5
53 78 3
53 79 5
53 80 5
53 81 4
53 82 5
53 83 3
53 84 5
53 85 3
53 86 6
53 87 5
53 88 8
53 89 2
53 90 1
53 91 5
53 92 5
53 93 6
53 94 5
53 95 2
53 96 6
53 97 8
53 98 8
53 99 6
54 55 3
54 56 6
54 57 5
54 58 4
54 59 3
54 60 1
54 61 4
54 62 8
54 63 6
54 64 4
54 65 5
54 66 8
54 67 6
54 68 3
54 69 3
54 70 1
54 71 2
54 72 7
54 73 4
54 74 3
54 75 7
54 76 4
54 77 3
54 78 3
54 79 3
54 80 3
54 81 1
54 82 1
54 83 2
54 84 5
54 85 2
54 86 3
54 87 4
54 88 8
54 89 3
54 90 3
54 91 1
54 92 5
54 93 3
54 94 2
54 95 3
54 96 3
54 97 8
54 98 8
54 99 6
55 56 5
55 57 4
55 58 5
55 59 6
55 60 2
55 61 5
55 62 7
55 63 5
55 64 2
55 65 4
55 66 7
55 67 6
55 68 5
55 69 1
55 70 4
55 71 3
55 72 6
55 73 6
55 74 6
55 75 6
55 76 1
55 77 5
55 78 2
55 79 5
55 80 5
55 81 3
55 82 4
55 83 1
55 84 4
55 85 2
55 86 6
55 87 4
55 88 7
55 89 1
55 90 1
55 91 4
55 92 4
55 93 6
55 94 5
55 95 1
55 96 6
55 97 7
55 98 7
55 99 5
56 57 2
56 58 5
56 59 7
56 60 5
56 61 4
56 62 3
56 63 1
56 64 5
56 65 3
56 66 3
56 67 6
56 68 4
56 69 4
56 70 7
56 71 5
56 72 2
56 73 5
56 74 6
56 75 2
56 76 5
56 77 5
56 78 3
56 79 5
56 80 6
56 81 6
56 82 7
56 83 6
56 84 1
56 85 5
56 86 6
56 87 3
56 88 3
56 89 5
56 90 5
56 91 7
56 92 1
56 93 7
56 94 6
56 95 4
56 96 7
56 97 3
56 98 3
56 99 1
57 58 3
57 59 6
57 60 4
57 61 3
57 62 4
57 63 2
57 64 4
57 65 1
57 66 4
57 67 4
57 68 3
57 69 3
57 70 5
57 71 3
57 72 3
57 73 4
57 74 5
57 75 3
57 76 4
57 77 4
57 78 2
57 79 4
57 80 4
57 81 5
57 82 6
57 83 5
57 84 1
57 85 4
57 86 5
57 87 2
57 88 4
57 89 4
57 90 4
57 91 5
57 92 1
57 93 6
57 94 5
57 95 3
57 96 6
57 97 4
57 98 4
57 99 2
58 59 4
58 60 5
58 61 1
58 62 6
58 63 5
58 64 5
58 65 2
58 66 6
58 67 2
58 68 1
58 69 4
58 70 4
58 71 3
58 72 5
58 73 1
58 74 2
58 75 5
58 76 5
58 77 2
58 78 3
58 79 2
58 80 2
58 81 4
58 82 4
58 83 5
58 84 4
58 85 4
58 86 3
58 87 2
58 88 6
58 89 5
58 90 5
58 91 5
58 92 4
58 93 4
58 94 3
58 95 4
58 96 4
58 97 6
58 98 6
58 99 5
59 60 4
59 61 4
59 62 9
59 63 7
59 64 6
59 65 5
59 66 9
59 67 5
59 68 4
59 69 5
59 70 2
59 71 3
59 72 8
59 73 3
59 74 2
59 75 8
59 76 6
59 77 2
59 78 5
59 79 2
59 80 2
59 81 3
59 82 2
59 83 5
59 84 7
59 85 4
59 86 2
59 87 4
59 88 9
59 89 5
59 90 5
59 91 3
59 92 7
59 93 1
59 94 1
59 95 5
59 96 1
59 97 9
59 98 9
59 99 8
60 61 5
60 62 7
60 63 5
60 64 3
60 65 4
60 66 7
60 67 6
60 68 4
60 69 2
60 70 2
60 71 2
60 72 6
60 73 4
60 74 4
60 75 6
60 76 3
60 77 3
60 78 2
60 79 3
60 80 3
60 81 1
60 82 2
60 83 1
60 84 4
60 85 1
60 86 4
60 87 4
60 88 7
60 89 2
60 90 2
60 91 2
60 92 4
60 93 4
60 94 3
60 95 2
60 96 4
60 97 7
60 98 7
60 99 5
61 62 6
61 63 4
61 64 5
61 65 2
61 66 6
61 67 2
61 68 1
61 69 4
61 70 4
61 71 3
61 72 5
61 73 2
61 74 3
61 75 5
61 76 5
61 77 2
61 78 3
61 79 2
61 80 2
61 81 4
61 82 4
61 83 5
61 84 4
61 85 4
61 86 3
61 87 1
61 88 6
61 89 5
61 90 5
61 91 5
61 92 4
61 93 4
61 94 3
61 95 4
61 96 4
61 97 6
61 98 6
61 99 5
62 63 3
62 64 7
62 65 4
62 66 1
62 67 7
62 68 6
62 69 6
62 70 8
62 71 6
62 72 1
62 73 7
62 74 8
62 75 1
62 76 7
62 77 7
62 78 5
62 79 7
62 80 7
62 81 8
62 82 9
62 83 8
62 84 3
62 85 7
62 86 8
62 87 5
62 88 1
62 89 7
62 90 7
62 91 8
62 92 3
62 93 9
62 94 8
62 95 6
62 96 9
62 97 1
62 98 1
62 99 2
63 64 5
63 65 3
63 66 3
63 67 6
63 68 4
63 69 4
63 70 7
63 71 5
63 72 2
63 73 5
63 74 6
63 75 2
63 76 5
63 77 5
63 78 3
63 79 5
63 80 6
63 81 6
63 82 7
63 83 6
63 84 1
63 85 5
63 86 6
63 87 3
63 88 3
63 89 5
63 90 5
63 91 7
63 92 1
63 93 7
63 94 6
63 95 4
63 96 7
63 97 3
63 98 3
63 99 1
64 65 4
64 66 7
64 67 6
64 68 5
64 69 1
64 70 5
64 71 3
64 72 6
64 73 6
64 74 6
64 75 6
64 76 1
64 77 5
64 78 2
64 79 5
64 80 5
64 81 4
64 82 5
64 83 3
64 84 4
64 85 3
64 86 6
64 87 4
64 88 7
64 89 2
64 90 1
64 91 5
64 92 4
64 93 6
64 94 5
64 95 1
64 96 6
64 97 7
64 98 7
64 99 5
65 66 4
65 67 3
65 68 2
65 69 3
65 70 4
65 71 3
65 72 3
65 73 3
65 74 4
65 75 3
65 76 4
65 77 3
65 78 2
65 79 3
65 80 3
65 81 4
65 82 5
65 83 5
65 84 2
65 85 4
65 86 4
65 87 1
65 88 4
65 89 4
65 90 4
65 91 5
65 92 2
65 93 5
65 94 4
65 95 3
65 96 5
65 97 4
65 98 4
65 99 3
66 67 7
66 68 6
66 69 6
66 70 8
66 71 6
66 72 1
66 73 7
66 74 8
66 75 1
66 76 7
66 77 7
66 78 5
66 79 7
66 80 7
66 81 8
66 82 9
66 83 8
66 84 3
66 85 7
66 86 8
66 87 5
66 88 1
66 89 7
66 90 7
66 91 8
66 92 3
66 93 9
66 94 8
66 95 6
66 96 9
66 97 1
66 98 1
66 99 2
67 68 3
67 69 5
67 70 5
67 71 4
67 72 6
67 73 3
67 74 3
67 75 6
67 76 6
67 77 3
67 78 4
67 79 4
67 80 3
67 81 5
67 82 6
67 83 6
67 84 5
67 85 5
67 86 4
67 87 3
67 88 7
67 89 6
67 90 6
67 91 6
67 92 5
67 93 5
67 94 5
67 95 5
67 96 5
67 97 7
67 98 7
67 99 6
68 69 4
68 70 3
68 71 2
68 72 5
68 73 1
68 74 2
68 75 5
68 76 5
68 77 2
68 78 3
68 79 2
68 80 2
68 81 3
68 82 4
68 83 4
68 84 4
68 85 3
68 86 3
68 87 1
68 88 6
68 89 4
68 90 4
68 91 4
68 92 4
68 93 4
68 94 3
68 95 4
68 96 4
68 97 6
68 98 6
68 99 5
69 70 4
69 71 2
69 72 5
69 73 5
69 74 5
69 75 5
69 76 1
69 77 4
69 78 1
69 79 4
69 80 4
69 81 3
69 82 4
69 83 2
69 84 3
69 85 2
69 86 5
69 87 3
69 88 6
69 89 1
69 90 1
69 91 4
69 92 3
69 93 5
69 94 4
69 95 1
69 96 5
69 97 6
69 98 6
69 99 4
70 71 2
70 72 7
70 73 3
70 74 2
70 75 7
70 76 5
70 77 2
70 78 4
70 79 2
70 80 2
70 81 1
70 82 1
70 83 3
70 84 6
70 85 2
70 86 2
70 87 4
70 88 8
70 89 3
70 90 4
70 91 1
70 92 6
70 93 2
70 94 1
70 95 4
70 96 2
70 97 8
70 98 8
70 99 7
71 72 5
71 73 3
71 74 3
71 75 5
71 76 3
71 77 2
71 78 2
71 79 2
71 80 3
71 81 2
71 82 3
71 83 2
71 84 4
71 85 1
71 86 3
71 87 2
71 88 6
71 89 2
71 90 2
71 91 2
71 92 4
71 93 3
71 94 2
71 95 2
71 96 3
71 97 6
71 98 6
71 99 5
72 73 6
72 74 7
72 75 1
72 76 6
72 77 6
72 78 4
72 79 6
72 80 6
72 81 7
72 82 8
72 83 7
72 84 2
72 85 6
72 86 7
72 87 4
72 88 1
72 89 6
72 90 6
72 91 7
72 92 2
72 93 8
72 94 7
72 95 5
72 96 8
72 97 1
72 98 1
72 99 1
73 74 1
73 75 6
73 76 6
73 77 1
73 78 4
73 79 1
73 80 1
73 81 3
73 82 3
73 83 5
73 84 5
73 85 4
73 86 2
73 87 2
73 88 7
73 89 5
73 90 5
73 91 4
73 92 5
73 93 3
73 94 2
73 95 5
73 96 3
73 97 7
73 98 7
73 99 6
74 75 7
74 76 6
74 77 1
74 78 5
74 79 1
74 80 1
74 81 3
74 82 3
74 83 5
74 84 6
74 85 4
74 86 1
74 87 3
74 88 8
74 89 5
74 90 5
74 91 3
74 92 6
74 93 2
74 94 2
74 95 5
74 96 2
74 97 8
74 98 8
74 99 7
75 76 6
75 77 6
75 78 4
75 79 6
75 80 6
75 81 7
75 82 8
75 83 7
75 84 2
75 85 6
75 86 7
75 87 4
75 88 1
75 89 6
75 90 6
75 91 7
75 92 2
75 93 8
75 94 7
75 95 5
75 96 8
75 97 2
75 98 2
75 99 1
76 77 5
76 78 2
76 79 5
76 80 5
76 81 4
76 82 5
76 83 2
76 84 4
76 85 3
76 86 6
76 87 4
76 88 7
76 89 2
76 90 1
76 91 5
76 92 4
76 93 6
76 94 5
76 95 2
76 96 6
76 97 7
76 98 7
76 99 5
77 78 4
77 79 1
77 80 1
77 81 2
77 82 3
77 83 4
77 84 5
77 85 3
77 86 1
77 87 2
77 88 7
77 89 4
77 90 4
77 91 3
77 92 5
77 93 2
77 94 2
77 95 4
77 96 2
77 97 7
77 98 7
77 99 6
78 79 4
78 80 4
78 81 3
78 82 4
78 83 3
78 84 2
78 85 2
78 86 5
78 87 2
78 88 5
78 89 2
78 90 2
78 91 4
78 92 2
78 93 5
78 94 4
78 95 1
78 96 5
78 97 5
78 98 5
78 99 3
79 80 1
79 81 2
79 82 2
79 83 4
79 84 5
79 85 3
79 86 1
79 87 2
79 88 7
79 89 4
79 90 4
79 91 3
79 92 5
79 93 2
79 94 1
79 95 4
79 96 2
79 97 7
79 98 7
79 99 6
80 81 2
80 82 3
80 83 4
80 84 5
80 85 3
80 86 1
80 87 3
80 88 7
80 89 4
80 90 4
80 91 3
80 92 5
80 93 2
80 94 2
80 95 4
80 96 2
80 97 7
80 98 7
80 99 6
81 82 2
81 83 2
81 84 5
81 85 2
81 86 3
81 87 4
81 88 8
81 89 3
81 90 3
81 91 1
81 92 5
81 93 3
81 94 2
81 95 3
81 96 3
81 97 8
81 98 8
81 99 6
82 83 3
82 84 6
82 85 3
82 86 2
82 87 4
82 88 9
82 89 4
82 90 4
82 91 1
82 92 6
82 93 2
82 94 1
82 95 4
82 96 2
82 97 9
82 98 9
82 99 7
83 84 5
83 85 1
83 86 5
83 87 4
83 88 8
83 89 1
83 90 2
83 91 3
83 92 5
83 93 5
83 94 4
83 95 2
83 96 5
83 97 8
83 98 8
83 99 6
84 85 4
84 86 6
84 87 3
84 88 3
84 89 4
84 90 4
84 91 6
84 92 1
84 93 7
84 94 6
84 95 3
84 96 7
84 97 3
84 98 3
84 99 1
85 86 4
85 87 3
85 88 7
85 89 1
85 90 2
85 91 2
85 92 4
85 93 4
85 94 3
85 95 2
85 96 4
85 97 7
85 98 7
85 99 5
86 87 3
86 88 8
86 89 5
86 90 5
86 91 3
86 92 6
86 93 2
86 94 1
86 95 5
86 96 1
86 97 8
86 98 8
86 99 7
87 88 5
87 89 4
87 90 4
87 91 4
87 92 3
87 93 4
87 94 3
87 95 3
87 96 4
87 97 5
87 98 5
87 99 4
88 89 7
88 90 7
88 91 8
88 92 3
88 93 9
88 94 8
88 95 6
88 96 9
88 97 1
88 98 1
88 99 2
89 90 1
89 91 3
89 92 4
89 93 5
89 94 4
89 95 1
89 96 5
89 97 7
89 98 7
89 99 5
90 91 4
90 92 4
90 93 5
90 94 4
90 95 1
90 96 5
90 97 7
90 98 7
90 99 5
91 92 6
91 93 3
91 94 2
91 95 4
91 96 3
91 97 8
91 98 8
91 99 7
92 93 7
92 94 6
92 95 3
92 96 7
92 97 3
92 98 3
92 99 1
93 94 1
93 95 5
93 96 1
93 97 9
93 98 9
93 99 8
94 95 4
94 96 1
94 97 8
94 98 8
94 99 7
95 96 5
95 97 6
95 98 6
95 99 4
96 97 9
96 98 9
96 99 8
97 98 1
97 99 2
98 99 2
