100 
0 1 1
0 2 1
0 3 1
0 4 1
0 5 2
0 6 3
0 7 1
0 8 1
0 9 2
0 10 1
0 11 3
0 12 1
0 13 1
0 14 1
0 15 1
0 16 2
0 17 2
0 18 2
0 19 3
0 20 3
0 21 3
0 22 2
0 23 2
0 24 2
0 25 2
0 26 2
0 27 2
0 28 2
0 29 2
0 30 2
0 31 1
0 32 1
0 33 3
0 34 2
0 35 2
0 36 2
0 37 2
0 38 2
0 39 2
0 40 2
0 41 1
0 42 1
0 43 3
0 44 2
0 45 3
0 46 1
0 47 2
0 48 2
0 49 1
0 50 2
0 51 2
0 52 3
0 53 1
0 54 1
0 55 2
0 56 1
0 57 2
0 58 3
0 59 2
0 60 1
0 61 3
0 62 3
0 63 2
0 64 2
0 65 1
0 66 3
0 67 1
0 68 1
0 69 3
0 70 2
0 71 2
0 72 3
0 73 3
0 74 3
0 75 1
0 76 1
0 77 3
0 78 1
0 79 1
0 80 3
0 81 2
0 82 3
0 83 3
0 84 2
0 85 3
0 86 1
0 87 1
0 88 1
0 89 3
0 90 3
0 91 1
0 92 1
0 93 2
0 94 3
0 95 2
0 96 1
0 97 2
0 98 1
0 99 3
1 2 2
1 3 2
1 4 1
1 5 2
1 6 3
1 7 1
1 8 2
1 9 2
1 10 1
1 11 4
1 12 2
1 13 2
1 14 2
1 15 1
1 16 2
1 17 2
1 18 2
1 19 3
1 20 4
1 21 4
1 22 3
1 23 2
1 24 3
1 25 2
1 26 2
1 27 2
1 28 3
1 29 3
1 30 1
1 31 2
1 32 2
1 33 3
1 34 2
1 35 3
1 36 3
1 37 3
1 38 2
1 39 3
1 40 3
1 41 2
1 42 2
1 43 3
1 44 3
1 45 3
1 46 1
1 47 3
1 48 2
1 49 1
1 50 2
1 51 2
1 52 3
1 53 2
1 54 2
1 55 3
1 56 1
1 57 3
1 58 3
1 59 3
1 60 1
1 61 3
1 62 3
1 63 2
1 64 2
1 65 2
1 66 3
1 67 1
1 68 2
1 69 4
1 70 2
1 71 2
1 72 4
1 73 4
1 74 3
1 75 1
1 76 2
1 77 4
1 78 2
1 79 2
1 80 3
1 81 2
1 82 4
1 83 3
1 84 3
1 85 3
1 86 2
1 87 2
1 88 1
1 89 3
1 90 4
1 91 2
1 92 1
1 93 2
1 94 3
1 95 2
1 96 2
1 97 2
1 98 1
1 99 3
2 3 1
2 4 2
2 5 1
2 6 3
2 7 2
2 8 1
2 9 3
2 10 1
2 11 4
2 12 2
2 13 1
2 14 1
2 15 2
2 16 3
2 17 3
2 18 3
2 19 3
2 20 3
2 21 3
2 22 3
2 23 3
2 24 2
2 25 3
2 26 2
2 27 2
2 28 3
2 29 2
2 30 3
2 31 1
2 32 1
2 33 4
2 34 2
2 35 3
2 36 3
2 37 1
2 38 3
2 39 3
2 40 3
2 41 2
2 42 1
2 43 3
2 44 3
2 45 4
2 46 2
2 47 2
2 48 3
2 49 1
2 50 3
2 51 3
2 52 4
2 53 1
2 54 2
2 55 2
2 56 2
2 57 3
2 58 4
2 59 2
2 60 2
2 61 4
2 62 4
2 63 2
2 64 3
2 65 1
2 66 3
2 67 2
2 68 1
2 69 3
2 70 2
2 71 3
2 72 3
2 73 3
2 74 3
2 75 2
2 76 1
2 77 4
2 78 1
2 79 1
2 80 3
2 81 3
2 82 3
2 83 4
2 84 3
2 85 4
2 86 1
2 87 2
2 88 2
2 89 4
2 90 3
2 91 1
2 92 2
2 93 3
2 94 3
2 95 2
2 96 2
2 97 3
2 98 2
2 99 3
3 4 2
3 5 1
3 6 3
3 7 1
3 8 1
3 9 3
3 10 1
3 11 4
3 12 2
3 13 1
3 14 1
3 15 2
3 16 3
3 17 2
3 18 2
3 19 2
3 20 3
3 21 3
3 22 2
3 23 2
3 24 2
3 25 3
3 26 1
3 27 2
3 28 3
3 29 2
3 30 3
3 31 1
3 32 1
3 33 3
3 34 1
3 35 3
3 36 2
3 37 1
3 38 3
3 39 3
3 40 2
3 41 2
3 42 1
3 43 3
3 44 2
3 45 3
3 46 2
3 47 2
3 48 3
3 49 1
3 50 2
3 51 3
3 52 3
3 53 1
3 54 2
3 55 2
3 56 2
3 57 2
3 58 3
3 59 2
3 60 2
3 61 3
3 62 3
3 63 1
3 64 3
3 65 1
3 66 2
3 67 1
3 68 1
3 69 3
3 70 2
3 71 3
3 72 3
3 73 3
3 74 2
3 75 2
3 76 1
3 77 4
3 78 1
3 79 1
3 80 3
3 81 3
3 82 3
3 83 4
3 84 2
3 85 4
3 86 1
3 87 2
3 88 1
3 89 4
3 90 3
3 91 1
3 92 1
3 93 2
3 94 3
3 95 2
3 96 1
3 97 3
3 98 1
3 99 3
4 5 2
4 6 3
4 7 1
4 8 2
4 9 2
4 10 1
4 11 3
4 12 2
4 13 2
4 14 1
4 15 1
4 16 2
4 17 2
4 18 1
4 19 3
4 20 3
4 21 3
4 22 3
4 23 2
4 24 3
4 25 2
4 26 2
4 27 2
4 28 2
4 29 3
4 30 1
4 31 2
4 32 2
4 33 3
4 34 2
4 35 2
4 36 3
4 37 2
4 38 2
4 39 2
4 40 2
4 41 2
4 42 2
4 43 3
4 44 3
4 45 3
4 46 1
4 47 2
4 48 2
4 49 1
4 50 2
4 51 2
4 52 3
4 53 1
4 54 1
4 55 3
4 56 1
4 57 3
4 58 3
4 59 2
4 60 1
4 61 3
4 62 3
4 63 2
4 64 2
4 65 2
4 66 3
4 67 1
4 68 2
4 69 3
4 70 2
4 71 2
4 72 3
4 73 3
4 74 3
4 75 1
4 76 2
4 77 3
4 78 2
4 79 2
4 80 3
4 81 2
4 82 3
4 83 3
4 84 3
4 85 3
4 86 2
4 87 2
4 88 1
4 89 3
4 90 4
4 91 2
4 92 1
4 93 2
4 94 3
4 95 2
4 96 2
4 97 2
4 98 1
4 99 3
5 6 4
5 7 2
5 8 1
5 9 3
5 10 1
5 11 5
5 12 2
5 13 1
5 14 1
5 15 3
5 16 3
5 17 3
5 18 3
5 19 3
5 20 3
5 21 3
5 22 3
5 23 3
5 24 2
5 25 4
5 26 2
5 27 3
5 28 4
5 29 2
5 30 3
5 31 1
5 32 1
5 33 4
5 34 2
5 35 4
5 36 3
5 37 1
5 38 3
5 39 4
5 40 3
5 41 2
5 42 2
5 43 4
5 44 3
5 45 4
5 46 2
5 47 2
5 48 4
5 49 1
5 50 3
5 51 4
5 52 4
5 53 2
5 54 2
5 55 3
5 56 2
5 57 3
5 58 4
5 59 3
5 60 3
5 61 4
5 62 4
5 63 2
5 64 3
5 65 1
5 66 3
5 67 2
5 68 1
5 69 4
5 70 2
5 71 3
5 72 4
5 73 4
5 74 3
5 75 2
5 76 1
5 77 5
5 78 1
5 79 1
5 80 4
5 81 3
5 82 3
5 83 4
5 84 3
5 85 4
5 86 1
5 87 3
5 88 2
5 89 4
5 90 3
5 91 1
5 92 2
5 93 3
5 94 4
5 95 3
5 96 2
5 97 3
5 98 2
5 99 4
6 7 3
6 8 3
6 9 3
6 10 3
6 11 2
6 12 2
6 13 3
6 14 3
6 15 2
6 16 2
6 17 2
6 18 2
6 19 2
6 20 2
6 21 1
6 22 1
6 23 2
6 24 2
6 25 3
6 26 2
6 27 2
6 28 1
6 29 2
6 30 3
6 31 3
6 32 3
6 33 1
6 34 2
6 35 1
6 36 1
6 37 3
6 38 2
6 39 2
6 40 1
6 41 2
6 42 2
6 43 1
6 44 1
6 45 2
6 46 3
6 47 2
6 48 2
6 49 4
6 50 2
6 51 2
6 52 2
6 53 3
6 54 2
6 55 2
6 56 2
6 57 1
6 58 2
6 59 1
6 60 3
6 61 1
6 62 1
6 63 2
6 64 2
6 65 3
6 66 2
6 67 3
6 68 3
6 69 1
6 70 2
6 71 1
6 72 1
6 73 1
6 74 1
6 75 3
6 76 4
6 77 1
6 78 3
6 79 4
6 80 1
6 81 3
6 82 1
6 83 2
6 84 1
6 85 2
6 86 3
6 87 2
6 88 3
6 89 2
6 90 2
6 91 3
6 92 3
6 93 2
6 94 1
6 95 2
6 96 2
6 97 2
6 98 3
6 99 1
7 8 1
7 9 2
7 10 1
7 11 3
7 12 1
7 13 2
7 14 1
7 15 1
7 16 2
7 17 1
7 18 1
7 19 2
7 20 3
7 21 3
7 22 2
7 23 1
7 24 2
7 25 2
7 26 1
7 27 1
7 28 2
7 29 2
7 30 2
7 31 1
7 32 1
7 33 3
7 34 1
7 35 2
7 36 2
7 37 2
7 38 2
7 39 2
7 40 2
7 41 1
7 42 1
7 43 2
7 44 2
7 45 3
7 46 1
7 47 2
7 48 2
7 49 1
7 50 1
7 51 2
7 52 3
7 53 1
7 54 1
7 55 2
7 56 1
7 57 2
7 58 3
7 59 2
7 60 1
7 61 3
7 62 3
7 63 1
7 64 2
7 65 1
7 66 2
7 67 1
7 68 1
7 69 3
7 70 1
7 71 2
7 72 3
7 73 3
7 74 2
7 75 1
7 76 2
7 77 3
7 78 1
7 79 2
7 80 2
7 81 2
7 82 3
7 83 3
7 84 2
7 85 3
7 86 1
7 87 1
7 88 1
7 89 3
7 90 3
7 91 1
7 92 1
7 93 2
7 94 2
7 95 1
7 96 1
7 97 2
7 98 1
7 99 2
8 9 3
8 10 1
8 11 4
8 12 1
8 13 1
8 14 1
8 15 2
8 16 2
8 17 2
8 18 2
8 19 2
8 20 2
8 21 2
8 22 2
8 23 2
8 24 2
8 25 3
8 26 1
8 27 2
8 28 3
8 29 2
8 30 3
8 31 1
8 32 1
8 33 3
8 34 1
8 35 3
8 36 2
8 37 1
8 38 2
8 39 3
8 40 2
8 41 1
8 42 1
8 43 3
8 44 2
8 45 3
8 46 2
8 47 1
8 48 3
8 49 1
8 50 2
8 51 3
8 52 3
8 53 1
8 54 1
8 55 2
8 56 2
8 57 2
8 58 3
8 59 2
8 60 2
8 61 3
8 62 3
8 63 1
8 64 2
8 65 1
8 66 2
8 67 1
8 68 1
8 69 3
8 70 1
8 71 2
8 72 3
8 73 3
8 74 2
8 75 2
8 76 1
8 77 4
8 78 1
8 79 1
8 80 3
8 81 3
8 82 3
8 83 3
8 84 2
8 85 3
8 86 1
8 87 2
8 88 1
8 89 3
8 90 3
8 91 1
8 92 1
8 93 2
8 94 3
8 95 2
8 96 1
8 97 3
8 98 1
8 99 3
9 10 2
9 11 3
9 12 2
9 13 3
9 14 3
9 15 1
9 16 1
9 17 2
9 18 1
9 19 4
9 20 4
9 21 4
9 22 3
9 23 2
9 24 4
9 25 1
9 26 3
9 27 2
9 28 2
9 29 4
9 30 1
9 31 3
9 32 3
9 33 3
9 34 3
9 35 2
9 36 3
9 37 3
9 38 2
9 39 2
9 40 3
9 41 3
9 42 3
9 43 3
9 44 3
9 45 3
9 46 1
9 47 3
9 48 1
9 49 2
9 50 2
9 51 1
9 52 3
9 53 2
9 54 2
9 55 3
9 56 2
9 57 3
9 58 3
9 59 3
9 60 1
9 61 3
9 62 3
9 63 3
9 64 2
9 65 3
9 66 4
9 67 2
9 68 3
9 69 3
9 70 3
9 71 2
9 72 3
9 73 3
9 74 4
9 75 2
9 76 3
9 77 3
9 78 3
9 79 3
9 80 3
9 81 1
9 82 4
9 83 3
9 84 3
9 85 3
9 86 3
9 87 2
9 88 2
9 89 2
9 90 4
9 91 3
9 92 2
9 93 2
9 94 3
9 95 2
9 96 3
9 97 2
9 98 2
9 99 3
10 11 4
10 12 2
10 13 1
10 14 1
10 15 2
10 16 2
10 17 2
10 18 2
10 19 3
10 20 3
10 21 3
10 22 3
10 23 2
10 24 2
10 25 3
10 26 2
10 27 2
10 28 3
10 29 2
10 30 2
10 31 1
10 32 1
10 33 3
10 34 2
10 35 3
10 36 3
10 37 2
10 38 2
10 39 3
10 40 2
10 41 2
10 42 1
10 43 3
10 44 3
10 45 3
10 46 1
10 47 2
10 48 3
10 49 1
10 50 2
10 51 3
10 52 3
10 53 1
10 54 1
10 55 2
10 56 1
10 57 3
10 58 3
10 59 2
10 60 2
10 61 3
10 62 3
10 63 2
10 64 2
10 65 1
10 66 3
10 67 1
10 68 1
10 69 3
10 70 2
10 71 2
10 72 3
10 73 3
10 74 3
10 75 1
10 76 1
10 77 4
10 78 1
10 79 1
10 80 3
10 81 2
10 82 3
10 83 3
10 84 3
10 85 3
10 86 1
10 87 2
10 88 1
10 89 3
10 90 3
10 91 1
10 92 1
10 93 2
10 94 3
10 95 2
10 96 2
10 97 2
10 98 1
10 99 3
11 12 3
11 13 4
11 14 4
11 15 3
11 16 2
11 17 2
11 18 2
11 19 3
11 20 4
11 21 3
11 22 2
11 23 2
11 24 4
11 25 3
11 26 3
11 27 2
11 28 1
11 29 4
11 30 3
11 31 4
11 32 4
11 33 1
11 34 3
11 35 1
11 36 3
11 37 4
11 38 2
11 39 1
11 40 2
11 41 3
11 42 3
11 43 2
11 44 2
11 45 1
11 46 3
11 47 3
11 48 2
11 49 4
11 50 2
11 51 2
11 52 1
11 53 3
11 54 3
11 55 3
11 56 3
11 57 2
11 58 1
11 59 2
11 60 3
11 61 1
11 62 1
11 63 3
11 64 2
11 65 4
11 66 3
11 67 3
11 68 4
11 69 2
11 70 3
11 71 2
11 72 2
11 73 2
11 74 3
11 75 4
11 76 4
11 77 1
11 78 4
11 79 4
11 80 1
11 81 3
11 82 3
11 83 1
11 84 3
11 85 1
11 86 4
11 87 2
11 88 4
11 89 1
11 90 4
11 91 4
11 92 3
11 93 2
11 94 2
11 95 2
11 96 3
11 97 2
11 98 3
11 99 2
12 13 2
12 14 2
12 15 1
12 16 1
12 17 1
12 18 1
12 19 2
12 20 2
12 21 2
12 22 1
12 23 1
12 24 2
12 25 2
12 26 1
12 27 1
12 28 2
12 29 2
12 30 2
12 31 1
12 32 2
12 33 2
12 34 1
12 35 2
12 36 1
12 37 2
12 38 1
12 39 2
12 40 1
12 41 1
12 42 1
12 43 2
12 44 1
12 45 2
12 46 2
12 47 1
12 48 2
12 49 2
12 50 1
12 51 2
12 52 2
12 53 1
12 54 1
12 55 1
12 56 1
12 57 1
12 58 2
12 59 1
12 60 2
12 61 2
12 62 2
12 63 1
12 64 1
12 65 2
12 66 2
12 67 2
12 68 2
12 69 2
12 70 1
12 71 1
12 72 2
12 73 2
12 74 2
12 75 2
12 76 2
12 77 3
12 78 1
12 79 2
12 80 2
12 81 3
12 82 2
12 83 2
12 84 1
12 85 2
12 86 1
12 87 1
12 88 2
12 89 2
12 90 2
12 91 2
12 92 1
12 93 1
12 94 2
12 95 1
12 96 1
12 97 2
12 98 1
12 99 2
13 14 1
13 15 2
13 16 3
13 17 3
13 18 3
13 19 2
13 20 3
13 21 3
13 22 3
13 23 3
13 24 2
13 25 3
13 26 1
13 27 2
13 28 3
13 29 2
13 30 3
13 31 1
13 32 1
13 33 4
13 34 2
13 35 3
13 36 2
13 37 1
13 38 3
13 39 3
13 40 3
13 41 2
13 42 1
13 43 3
13 44 3
13 45 4
13 46 2
13 47 2
13 48 3
13 49 1
13 50 3
13 51 3
13 52 4
13 53 1
13 54 2
13 55 2
13 56 2
13 57 3
13 58 4
13 59 2
13 60 2
13 61 4
13 62 4
13 63 2
13 64 3
13 65 1
13 66 2
13 67 2
13 68 1
13 69 3
13 70 2
13 71 3
13 72 3
13 73 3
13 74 2
13 75 2
13 76 1
13 77 4
13 78 1
13 79 1
13 80 3
13 81 3
13 82 3
13 83 4
13 84 2
13 85 4
13 86 1
13 87 2
13 88 2
13 89 4
13 90 3
13 91 1
13 92 2
13 93 3
13 94 3
13 95 2
13 96 2
13 97 3
13 98 2
13 99 3
14 15 2
14 16 2
14 17 2
14 18 2
14 19 2
14 20 3
14 21 3
14 22 2
14 23 2
14 24 2
14 25 3
14 26 1
14 27 2
14 28 3
14 29 2
14 30 2
14 31 1
14 32 1
14 33 3
14 34 1
14 35 3
14 36 2
14 37 1
14 38 2
14 39 3
14 40 2
14 41 1
14 42 1
14 43 3
14 44 2
14 45 3
14 46 2
14 47 2
14 48 3
14 49 1
14 50 2
14 51 3
14 52 3
14 53 1
14 54 1
14 55 2
14 56 2
14 57 2
14 58 3
14 59 2
14 60 2
14 61 3
14 62 3
14 63 1
14 64 2
14 65 1
14 66 2
14 67 1
14 68 1
14 69 3
14 70 2
14 71 2
14 72 3
14 73 3
14 74 2
14 75 1
14 76 1
14 77 4
14 78 1
14 79 1
14 80 3
14 81 3
14 82 3
14 83 3
14 84 2
14 85 3
14 86 1
14 87 2
14 88 1
14 89 3
14 90 3
14 91 1
14 92 1
14 93 2
14 94 3
14 95 2
14 96 1
14 97 3
14 98 1
14 99 3
15 16 1
15 17 1
15 18 1
15 19 3
15 20 3
15 21 3
15 22 2
15 23 1
15 24 3
15 25 1
15 26 2
15 27 1
15 28 2
15 29 3
15 30 1
15 31 2
15 32 2
15 33 2
15 34 2
15 35 2
15 36 2
15 37 2
15 38 1
15 39 2
15 40 2
15 41 2
15 42 2
15 43 2
15 44 2
15 45 2
15 46 1
15 47 2
15 48 1
15 49 2
15 50 1
15 51 1
15 52 2
15 53 1
15 54 1
15 55 2
15 56 1
15 57 2
15 58 2
15 59 2
15 60 1
15 61 2
15 62 2
15 63 2
15 64 1
15 65 2
15 66 3
15 67 1
15 68 2
15 69 3
15 70 2
15 71 1
15 72 3
15 73 3
15 74 3
15 75 1
15 76 2
15 77 3
15 78 2
15 79 2
15 80 2
15 81 2
15 82 3
15 83 2
15 84 2
15 85 2
15 86 2
15 87 1
15 88 1
15 89 2
15 90 3
15 91 2
15 92 1
15 93 1
15 94 2
15 95 1
15 96 2
15 97 1
15 98 1
15 99 2
16 17 1
16 18 1
16 19 3
16 20 3
16 21 3
16 22 2
16 23 1
16 24 3
16 25 1
16 26 2
16 27 1
16 28 1
16 29 3
16 30 1
16 31 2
16 32 3
16 33 2
16 34 2
16 35 1
16 36 2
16 37 3
16 38 1
16 39 1
16 40 2
16 41 2
16 42 2
16 43 2
16 44 2
16 45 2
16 46 1
16 47 2
16 48 1
16 49 2
16 50 1
16 51 1
16 52 2
16 53 2
16 54 1
16 55 2
16 56 1
16 57 2
16 58 2
16 59 2
16 60 1
16 61 2
16 62 2
16 63 2
16 64 1
16 65 3
16 66 3
16 67 2
16 68 3
16 69 2
16 70 2
16 71 1
16 72 2
16 73 2
16 74 3
16 75 2
16 76 3
16 77 2
16 78 2
16 79 3
16 80 2
16 81 2
16 82 3
16 83 2
16 84 2
16 85 2
16 86 2
16 87 1
16 88 2
16 89 2
16 90 3
16 91 2
16 92 2
16 93 1
16 94 2
16 95 1
16 96 2
16 97 1
16 98 2
16 99 2
17 18 1
17 19 2
17 20 3
17 21 2
17 22 1
17 23 1
17 24 2
17 25 2
17 26 2
17 27 1
17 28 1
17 29 2
17 30 2
17 31 2
17 32 2
17 33 2
17 34 1
17 35 1
17 36 2
17 37 2
17 38 1
17 39 1
17 40 1
17 41 1
17 42 2
17 43 2
17 44 1
17 45 2
17 46 2
17 47 2
17 48 1
17 49 2
17 50 1
17 51 1
17 52 2
17 53 2
17 54 1
17 55 2
17 56 1
17 57 1
17 58 2
17 59 1
17 60 1
17 61 2
17 62 2
17 63 1
17 64 1
17 65 2
17 66 2
17 67 2
17 68 2
17 69 2
17 70 2
17 71 1
17 72 2
17 73 2
17 74 2
17 75 2
17 76 3
17 77 2
17 78 2
17 79 3
17 80 1
17 81 2
17 82 2
17 83 2
17 84 2
17 85 2
17 86 2
17 87 1
17 88 2
17 89 2
17 90 3
17 91 2
17 92 2
17 93 1
17 94 1
17 95 1
17 96 1
17 97 1
17 98 2
17 99 1
18 19 3
18 20 3
18 21 3
18 22 2
18 23 1
18 24 3
18 25 1
18 26 2
18 27 1
18 28 1
18 29 3
18 30 1
18 31 2
18 32 2
18 33 2
18 34 2
18 35 1
18 36 2
18 37 3
18 38 1
18 39 1
18 40 2
18 41 2
18 42 2
18 43 2
18 44 2
18 45 2
18 46 1
18 47 2
18 48 1
18 49 2
18 50 1
18 51 1
18 52 2
18 53 2
18 54 1
18 55 2
18 56 1
18 57 2
18 58 2
18 59 2
18 60 1
18 61 2
18 62 2
18 63 2
18 64 1
18 65 2
18 66 3
18 67 2
18 68 2
18 69 2
18 70 2
18 71 1
18 72 2
18 73 2
18 74 3
18 75 2
18 76 3
18 77 2
18 78 2
18 79 3
18 80 2
18 81 2
18 82 3
18 83 2
18 84 2
18 85 2
18 86 2
18 87 1
18 88 2
18 89 2
18 90 3
18 91 2
18 92 2
18 93 1
18 94 2
18 95 1
18 96 2
18 97 1
18 98 2
18 99 2
19 20 1
19 21 1
19 22 1
19 23 3
19 24 1
19 25 4
19 26 1
19 27 2
19 28 2
19 29 1
19 30 4
19 31 2
19 32 3
19 33 2
19 34 1
19 35 2
19 36 1
19 37 2
19 38 2
19 39 3
19 40 2
19 41 2
19 42 2
19 43 2
19 44 2
19 45 3
19 46 3
19 47 1
19 48 3
19 49 3
19 50 2
19 51 3
19 52 3
19 53 2
19 54 2
19 55 1
19 56 3
19 57 2
19 58 3
19 59 2
19 60 3
19 61 2
19 62 3
19 63 2
19 64 3
19 65 2
19 66 1
19 67 3
19 68 2
19 69 2
19 70 1
19 71 2
19 72 2
19 73 1
19 74 1
19 75 3
19 76 3
19 77 3
19 78 2
19 79 3
19 80 2
19 81 4
19 82 1
19 83 3
19 84 1
19 85 3
19 86 2
19 87 2
19 88 3
19 89 3
19 90 1
19 91 2
19 92 3
19 93 2
19 94 2
19 95 2
19 96 2
19 97 3
19 98 3
19 99 2
20 21 1
20 22 2
20 23 3
20 24 1
20 25 4
20 26 2
20 27 3
20 28 3
20 29 1
20 30 4
20 31 2
20 32 3
20 33 3
20 34 2
20 35 3
20 36 1
20 37 2
20 38 3
20 39 3
20 40 2
20 41 2
20 42 2
20 43 2
20 44 2
20 45 3
20 46 3
20 47 1
20 48 4
20 49 3
20 50 3
20 51 4
20 52 3
20 53 2
20 54 2
20 55 1
20 56 3
20 57 2
20 58 3
20 59 2
20 60 3
20 61 3
20 62 3
20 63 2
20 64 3
20 65 3
20 66 1
20 67 3
20 68 3
20 69 2
20 70 2
20 71 3
20 72 2
20 73 2
20 74 1
20 75 3
20 76 3
20 77 3
20 78 2
20 79 3
20 80 3
20 81 4
20 82 1
20 83 3
20 84 1
20 85 3
20 86 2
20 87 2
20 88 3
20 89 3
20 90 1
20 91 3
20 92 3
20 93 3
20 94 2
20 95 2
20 96 2
20 97 3
20 98 3
20 99 2
21 22 1
21 23 2
21 24 1
21 25 3
21 26 2
21 27 2
21 28 2
21 29 1
21 30 3
21 31 2
21 32 3
21 33 2
21 34 2
21 35 2
21 36 1
21 37 2
21 38 2
21 39 2
21 40 1
21 41 2
21 42 2
21 43 1
21 44 1
21 45 2
21 46 3
21 47 1
21 48 3
21 49 3
21 50 2
21 51 3
21 52 2
21 53 2
21 54 2
21 55 1
21 56 3
21 57 2
21 58 2
21 59 1
21 60 3
21 61 2
21 62 2
21 63 2
21 64 2
21 65 3
21 66 1
21 67 3
21 68 3
21 69 1
21 70 2
21 71 2
21 72 1
21 73 1
21 74 1
21 75 3
21 76 3
21 77 2
21 78 2
21 79 3
21 80 2
21 81 4
21 82 1
21 83 3
21 84 1
21 85 2
21 86 2
21 87 2
21 88 3
21 89 3
21 90 1
21 91 3
21 92 3
21 93 2
21 94 2
21 95 2
21 96 2
21 97 3
21 98 3
21 99 2
22 23 2
22 24 2
22 25 3
22 26 2
22 27 2
22 28 1
22 29 2
22 30 3
22 31 2
22 32 3
22 33 2
22 34 1
22 35 1
22 36 1
22 37 2
22 38 1
22 39 2
22 40 1
22 41 1
22 42 2
22 43 1
22 44 1
22 45 2
22 46 3
22 47 1
22 48 2
22 49 3
22 50 1
22 51 2
22 52 2
22 53 2
22 54 2
22 55 1
22 56 2
22 57 1
22 58 2
22 59 1
22 60 2
22 61 1
22 62 2
22 63 1
22 64 2
22 65 2
22 66 1
22 67 2
22 68 3
22 69 1
22 70 1
22 71 1
22 72 1
22 73 1
22 74 1
22 75 3
22 76 3
22 77 2
22 78 2
22 79 3
22 80 1
22 81 3
22 82 1
22 83 2
22 84 1
22 85 2
22 86 2
22 87 2
22 88 3
22 89 2
22 90 2
22 91 2
22 92 2
22 93 1
22 94 1
22 95 1
22 96 1
22 97 2
22 98 2
22 99 1
23 24 3
23 25 1
23 26 2
23 27 1
23 28 1
23 29 3
23 30 1
23 31 2
23 32 2
23 33 2
23 34 2
23 35 1
23 36 2
23 37 3
23 38 1
23 39 1
23 40 2
23 41 2
23 42 2
23 43 2
23 44 2
23 45 2
23 46 2
23 47 2
23 48 1
23 49 2
23 50 1
23 51 1
23 52 2
23 53 2
23 54 1
23 55 2
23 56 1
23 57 1
23 58 2
23 59 1
23 60 1
23 61 2
23 62 2
23 63 2
23 64 1
23 65 2
23 66 2
23 67 2
23 68 2
23 69 2
23 70 2
23 71 1
23 72 2
23 73 2
23 74 2
23 75 2
23 76 3
23 77 2
23 78 2
23 79 3
23 80 2
23 81 2
23 82 3
23 83 2
23 84 2
23 85 2
23 86 2
23 87 1
23 88 2
23 89 2
23 90 3
23 91 2
23 92 2
23 93 1
23 94 2
23 95 1
23 96 2
23 97 1
23 98 2
23 99 2
24 25 4
24 26 1
24 27 2
24 28 3
24 29 1
24 30 3
24 31 1
24 32 2
24 33 3
24 34 1
24 35 3
24 36 1
24 37 1
24 38 3
24 39 3
24 40 2
24 41 1
24 42 1
24 43 2
24 44 2
24 45 3
24 46 3
24 47 1
24 48 3
24 49 2
24 50 2
24 51 3
24 52 3
24 53 2
24 54 2
24 55 1
24 56 2
24 57 2
24 58 3
24 59 2
24 60 3
24 61 3
24 62 3
24 63 1
24 64 3
24 65 2
24 66 1
24 67 3
24 68 2
24 69 2
24 70 1
24 71 2
24 72 2
24 73 2
24 74 1
24 75 3
24 76 2
24 77 3
24 78 2
24 79 2
24 80 3
24 81 4
24 82 1
24 83 3
24 84 1
24 85 3
24 86 1
24 87 2
24 88 3
24 89 3
24 90 1
24 91 2
24 92 2
24 93 2
24 94 2
24 95 2
24 96 1
24 97 3
24 98 2
24 99 2
25 26 3
25 27 2
25 28 2
25 29 4
25 30 1
25 31 3
25 32 3
25 33 3
25 34 3
25 35 2
25 36 3
25 37 3
25 38 2
25 39 2
25 40 3
25 41 3
25 42 3
25 43 3
25 44 3
25 45 3
25 46 2
25 47 3
25 48 1
25 49 3
25 50 2
25 51 1
25 52 3
25 53 2
25 54 2
25 55 3
25 56 2
25 57 2
25 58 3
25 59 2
25 60 1
25 61 3
25 62 3
25 63 3
25 64 1
25 65 3
25 66 3
25 67 2
25 68 3
25 69 3
25 70 3
25 71 2
25 72 3
25 73 3
25 74 3
25 75 2
25 76 3
25 77 3
25 78 3
25 79 3
25 80 2
25 81 1
25 82 4
25 83 3
25 84 3
25 85 3
25 86 3
25 87 2
25 88 2
25 89 2
25 90 4
25 91 3
25 92 2
25 93 2
25 94 3
25 95 2
25 96 3
25 97 1
25 98 2
25 99 3
26 27 2
26 28 2
26 29 1
26 30 3
26 31 1
26 32 2
26 33 3
26 34 1
26 35 2
26 36 1
26 37 1
26 38 2
26 39 3
26 40 2
26 41 1
26 42 1
26 43 2
26 44 2
26 45 3
26 46 2
26 47 1
26 48 3
26 49 2
26 50 2
26 51 3
26 52 3
26 53 1
26 54 2
26 55 1
26 56 2
26 57 2
26 58 3
26 59 1
26 60 2
26 61 3
26 62 3
26 63 1
26 64 2
26 65 1
26 66 1
26 67 2
26 68 1
26 69 2
26 70 1
26 71 2
26 72 2
26 73 2
26 74 1
26 75 2
26 76 2
26 77 3
26 78 1
26 79 2
26 80 2
26 81 3
26 82 2
26 83 3
26 84 1
26 85 3
26 86 1
26 87 2
26 88 2
26 89 3
26 90 2
26 91 1
26 92 2
26 93 2
26 94 2
26 95 2
26 96 1
26 97 3
26 98 2
26 99 2
27 28 1
27 29 2
27 30 2
27 31 2
27 32 2
27 33 2
27 34 1
27 35 1
27 36 2
27 37 2
27 38 1
27 39 1
27 40 1
27 41 1
27 42 2
27 43 2
27 44 2
27 45 2
27 46 2
27 47 2
27 48 1
27 49 2
27 50 1
27 51 1
27 52 2
27 53 1
27 54 1
27 55 2
27 56 1
27 57 1
27 58 2
27 59 1
27 60 1
27 61 2
27 62 2
27 63 1
27 64 1
27 65 2
27 66 2
27 67 1
27 68 2
27 69 2
27 70 1
27 71 1
27 72 2
27 73 2
27 74 2
27 75 2
27 76 3
27 77 2
27 78 2
27 79 2
27 80 2
27 81 2
27 82 2
27 83 2
27 84 2
27 85 2
27 86 2
27 87 1
27 88 2
27 89 2
27 90 3
27 91 2
27 92 1
27 93 1
27 94 2
27 95 1
27 96 1
27 97 1
27 98 1
27 99 2
28 29 3
28 30 2
28 31 3
28 32 3
28 33 1
28 34 2
28 35 1
28 36 2
28 37 3
28 38 1
28 39 1
28 40 1
28 41 2
28 42 2
28 43 1
28 44 1
28 45 1
28 46 2
28 47 2
28 48 1
28 49 3
28 50 1
28 51 1
28 52 1
28 53 2
28 54 2
28 55 2
28 56 2
28 57 1
28 58 1
28 59 1
28 60 2
28 61 1
28 62 1
28 63 2
28 64 1
28 65 3
28 66 2
28 67 2
28 68 3
28 69 1
28 70 2
28 71 1
28 72 2
28 73 2
28 74 2
28 75 3
28 76 3
28 77 1
28 78 3
28 79 3
28 80 1
28 81 2
28 82 2
28 83 1
28 84 2
28 85 1
28 86 3
28 87 1
28 88 3
28 89 1
28 90 3
28 91 3
28 92 2
28 93 1
28 94 1
28 95 1
28 96 2
28 97 1
28 98 2
28 99 1
29 30 3
29 31 1
29 32 2
29 33 3
29 34 1
29 35 3
29 36 1
29 37 1
29 38 3
29 39 3
29 40 2
29 41 1
29 42 1
29 43 2
29 44 2
29 45 3
29 46 3
29 47 1
29 48 3
29 49 2
29 50 2
29 51 3
29 52 3
29 53 2
29 54 2
29 55 1
29 56 2
29 57 2
29 58 3
29 59 2
29 60 3
29 61 3
29 62 3
29 63 1
29 64 3
29 65 2
29 66 1
29 67 2
29 68 2
29 69 2
29 70 1
29 71 2
29 72 2
29 73 2
29 74 1
29 75 3
29 76 2
29 77 3
29 78 1
29 79 2
29 80 3
29 81 4
29 82 2
29 83 3
29 84 1
29 85 3
29 86 1
29 87 2
29 88 3
29 89 3
29 90 1
29 91 2
29 92 2
29 93 2
29 94 2
29 95 2
29 96 1
29 97 3
29 98 2
29 99 2
30 31 3
30 32 3
30 33 3
30 34 3
30 35 2
30 36 3
30 37 3
30 38 2
30 39 2
30 40 3
30 41 2
30 42 3
30 43 3
30 44 3
30 45 3
30 46 1
30 47 3
30 48 1
30 49 2
30 50 2
30 51 1
30 52 3
30 53 2
30 54 2
30 55 3
30 56 1
30 57 2
30 58 3
30 59 2
30 60 1
30 61 3
30 62 3
30 63 2
30 64 1
30 65 3
30 66 3
30 67 2
30 68 3
30 69 3
30 70 3
30 71 2
30 72 3
30 73 3
30 74 3
30 75 2
30 76 3
30 77 3
30 78 3
30 79 3
30 80 2
30 81 1
30 82 4
30 83 3
30 84 3
30 85 3
30 86 3
30 87 2
30 88 2
30 89 2
30 90 4
30 91 3
30 92 2
30 93 2
30 94 3
30 95 2
30 96 2
30 97 1
30 98 2
30 99 3
31 32 1
31 33 3
31 34 1
31 35 3
31 36 2
31 37 1
31 38 2
31 39 3
31 40 2
31 41 1
31 42 1
31 43 3
31 44 2
31 45 3
31 46 2
31 47 1
31 48 3
31 49 1
31 50 2
31 51 3
31 52 3
31 53 1
31 54 1
31 55 2
31 56 2
31 57 2
31 58 3
31 59 2
31 60 2
31 61 3
31 62 3
31 63 1
31 64 2
31 65 1
31 66 2
31 67 2
31 68 1
31 69 3
31 70 1
31 71 2
31 72 3
31 73 3
31 74 2
31 75 2
31 76 1
31 77 4
31 78 1
31 79 1
31 80 3
31 81 3
31 82 2
31 83 3
31 84 2
31 85 3
31 86 1
31 87 2
31 88 2
31 89 3
31 90 2
31 91 1
31 92 1
31 93 2
31 94 3
31 95 2
31 96 1
31 97 3
31 98 1
31 99 3
32 33 4
32 34 2
32 35 3
32 36 3
32 37 1
32 38 3
32 39 3
32 40 3
32 41 2
32 42 1
32 43 3
32 44 3
32 45 4
32 46 2
32 47 2
32 48 3
32 49 1
32 50 2
32 51 3
32 52 4
32 53 1
32 54 2
32 55 2
32 56 2
32 57 3
32 58 4
32 59 2
32 60 2
32 61 4
32 62 4
32 63 2
32 64 3
32 65 1
32 66 3
32 67 1
32 68 1
32 69 3
32 70 2
32 71 3
32 72 3
32 73 3
32 74 3
32 75 1
32 76 1
32 77 4
32 78 1
32 79 1
32 80 3
32 81 3
32 82 3
32 83 4
32 84 3
32 85 4
32 86 1
32 87 2
32 88 1
32 89 4
32 90 3
32 91 1
32 92 1
32 93 3
32 94 3
32 95 2
32 96 2
32 97 3
32 98 1
32 99 3
33 34 2
33 35 1
33 36 2
33 37 3
33 38 1
33 39 2
33 40 2
33 41 2
33 42 3
33 43 1
33 44 1
33 45 1
33 46 3
33 47 2
33 48 2
33 49 4
33 50 2
33 51 2
33 52 1
33 53 3
33 54 2
33 55 2
33 56 2
33 57 1
33 58 1
33 59 2
33 60 3
33 61 1
33 62 1
33 63 3
33 64 2
33 65 3
33 66 2
33 67 3
33 68 4
33 69 1
33 70 2
33 71 2
33 72 1
33 73 1
33 74 2
33 75 3
33 76 4
33 77 1
33 78 3
33 79 4
33 80 1
33 81 3
33 82 2
33 83 1
33 84 2
33 85 1
33 86 3
33 87 2
33 88 3
33 89 1
33 90 3
33 91 3
33 92 3
33 93 2
33 94 1
33 95 2
33 96 2
33 97 2
33 98 3
33 99 1
34 35 2
34 36 1
34 37 1
34 38 2
34 39 2
34 40 1
34 41 1
34 42 1
34 43 2
34 44 1
34 45 2
34 46 2
34 47 1
34 48 2
34 49 2
34 50 1
34 51 2
34 52 2
34 53 1
34 54 1
34 55 1
34 56 2
34 57 1
34 58 2
34 59 1
34 60 2
34 61 2
34 62 2
34 63 1
34 64 2
34 65 1
34 66 1
34 67 2
34 68 2
34 69 2
34 70 1
34 71 2
34 72 2
34 73 2
34 74 1
34 75 2
34 76 2
34 77 3
34 78 1
34 79 2
34 80 2
34 81 3
34 82 2
34 83 3
34 84 1
34 85 3
34 86 1
34 87 1
34 88 2
34 89 3
34 90 2
34 91 1
34 92 2
34 93 2
34 94 2
34 95 1
34 96 1
34 97 2
34 98 2
34 99 2
35 36 2
35 37 3
35 38 1
35 39 1
35 40 1
35 41 2
35 42 2
35 43 1
35 44 1
35 45 1
35 46 2
35 47 2
35 48 1
35 49 3
35 50 1
35 51 1
35 52 1
35 53 2
35 54 2
35 55 2
35 56 2
35 57 1
35 58 1
35 59 1
35 60 2
35 61 1
35 62 1
35 63 2
35 64 1
35 65 3
35 66 2
35 67 2
35 68 3
35 69 1
35 70 2
35 71 1
35 72 1
35 73 1
35 74 2
35 75 3
35 76 3
35 77 1
35 78 3
35 79 3
35 80 1
35 81 2
35 82 2
35 83 1
35 84 2
35 85 1
35 86 3
35 87 1
35 88 3
35 89 1
35 90 3
35 91 3
35 92 2
35 93 1
35 94 1
35 95 1
35 96 2
35 97 1
35 98 2
35 99 1
36 37 2
36 38 2
36 39 2
36 40 1
36 41 1
36 42 2
36 43 1
36 44 1
36 45 2
36 46 3
36 47 1
36 48 3
36 49 3
36 50 2
36 51 3
36 52 2
36 53 2
36 54 2
36 55 1
36 56 2
36 57 1
36 58 2
36 59 1
36 60 3
36 61 2
36 62 2
36 63 1
36 64 2
36 65 2
36 66 1
36 67 3
36 68 2
36 69 1
36 70 1
36 71 2
36 72 1
36 73 1
36 74 1
36 75 3
36 76 3
36 77 2
36 78 2
36 79 3
36 80 2
36 81 4
36 82 1
36 83 2
36 84 1
36 85 2
36 86 2
36 87 2
36 88 3
36 89 2
36 90 1
36 91 2
36 92 2
36 93 2
36 94 1
36 95 2
36 96 1
36 97 3
36 98 2
36 99 1
37 38 3
37 39 3
37 40 2
37 41 1
37 42 1
37 43 3
37 44 2
37 45 3
37 46 3
37 47 1
37 48 3
37 49 2
37 50 2
37 51 3
37 52 3
37 53 1
37 54 2
37 55 2
37 56 2
37 57 2
37 58 3
37 59 2
37 60 3
37 61 3
37 62 3
37 63 1
37 64 3
37 65 1
37 66 2
37 67 2
37 68 1
37 69 3
37 70 1
37 71 2
37 72 3
37 73 3
37 74 2
37 75 2
37 76 1
37 77 4
37 78 1
37 79 1
37 80 3
37 81 4
37 82 2
37 83 4
37 84 2
37 85 4
37 86 1
37 87 2
37 88 2
37 89 3
37 90 2
37 91 1
37 92 2
37 93 2
37 94 3
37 95 2
37 96 1
37 97 3
37 98 2
37 99 3
38 39 1
38 40 1
38 41 2
38 42 2
38 43 1
38 44 1
38 45 1
38 46 2
38 47 2
38 48 1
38 49 3
38 50 1
38 51 1
38 52 1
38 53 2
38 54 1
38 55 2
38 56 1
38 57 1
38 58 1
38 59 1
38 60 2
38 61 1
38 62 1
38 63 2
38 64 1
38 65 3
38 66 2
38 67 2
38 68 3
38 69 2
38 70 2
38 71 1
38 72 2
38 73 2
38 74 2
38 75 2
38 76 3
38 77 2
38 78 2
38 79 3
38 80 1
38 81 2
38 82 2
38 83 1
38 84 2
38 85 1
38 86 2
38 87 1
38 88 2
38 89 1
38 90 3
38 91 2
38 92 2
38 93 1
38 94 1
38 95 1
38 96 2
38 97 1
38 98 2
38 99 1
39 40 1
39 41 2
39 42 2
39 43 2
39 44 2
39 45 1
39 46 2
39 47 2
39 48 1
39 49 3
39 50 1
39 51 1
39 52 1
39 53 2
39 54 2
39 55 2
39 56 2
39 57 1
39 58 1
39 59 2
39 60 2
39 61 1
39 62 1
39 63 2
39 64 1
39 65 3
39 66 2
39 67 2
39 68 3
39 69 2
39 70 2
39 71 1
39 72 2
39 73 2
39 74 2
39 75 3
39 76 3
39 77 1
39 78 3
39 79 3
39 80 1
39 81 2
39 82 2
39 83 1
39 84 2
39 85 1
39 86 3
39 87 1
39 88 3
39 89 1
39 90 3
39 91 3
39 92 2
39 93 1
39 94 1
39 95 1
39 96 2
39 97 1
39 98 2
39 99 1
40 41 1
40 42 2
40 43 1
40 44 1
40 45 2
40 46 2
40 47 1
40 48 2
40 49 3
40 50 1
40 51 2
40 52 2
40 53 2
40 54 1
40 55 1
40 56 2
40 57 1
40 58 2
40 59 1
40 60 2
40 61 1
40 62 2
40 63 1
40 64 2
40 65 2
40 66 1
40 67 2
40 68 3
40 69 1
40 70 1
40 71 1
40 72 1
40 73 1
40 74 1
40 75 2
40 76 3
40 77 2
40 78 2
40 79 3
40 80 1
40 81 3
40 82 1
40 83 2
40 84 1
40 85 2
40 86 2
40 87 1
40 88 2
40 89 2
40 90 2
40 91 2
40 92 2
40 93 1
40 94 1
40 95 1
40 96 1
40 97 2
40 98 2
40 99 1
41 42 1
41 43 2
41 44 1
41 45 2
41 46 2
41 47 1
41 48 2
41 49 2
41 50 1
41 51 2
41 52 2
41 53 1
41 54 1
41 55 1
41 56 1
41 57 1
41 58 2
41 59 1
41 60 2
41 61 2
41 62 2
41 63 1
41 64 2
41 65 1
41 66 2
41 67 2
41 68 2
41 69 2
41 70 1
41 71 1
41 72 2
41 73 2
41 74 2
41 75 2
41 76 2
41 77 3
41 78 1
41 79 2
41 80 2
41 81 3
41 82 2
41 83 3
41 84 1
41 85 3
41 86 1
41 87 1
41 88 2
41 89 2
41 90 2
41 91 1
41 92 1
41 93 1
41 94 2
41 95 1
41 96 1
41 97 2
41 98 1
41 99 2
42 43 2
42 44 2
42 45 3
42 46 2
42 47 1
42 48 3
42 49 2
42 50 2
42 51 3
42 52 3
42 53 1
42 54 1
42 55 1
42 56 2
42 57 2
42 58 3
42 59 1
42 60 2
42 61 3
42 62 3
42 63 1
42 64 2
42 65 1
42 66 2
42 67 2
42 68 1
42 69 2
42 70 1
42 71 2
42 72 2
42 73 2
42 74 2
42 75 2
42 76 2
42 77 3
42 78 1
42 79 2
42 80 2
42 81 3
42 82 2
42 83 3
42 84 2
42 85 3
42 86 1
42 87 1
42 88 2
42 89 3
42 90 2
42 91 1
42 92 1
42 93 2
42 94 2
42 95 1
42 96 1
42 97 2
42 98 1
42 99 2
43 44 1
43 45 1
43 46 3
43 47 2
43 48 2
43 49 3
43 50 1
43 51 2
43 52 1
43 53 3
43 54 2
43 55 2
43 56 2
43 57 1
43 58 1
43 59 1
43 60 2
43 61 1
43 62 1
43 63 2
43 64 2
43 65 3
43 66 2
43 67 3
43 68 3
43 69 1
43 70 2
43 71 1
43 72 1
43 73 1
43 74 1
43 75 3
43 76 4
43 77 1
43 78 3
43 79 4
43 80 1
43 81 3
43 82 1
43 83 2
43 84 1
43 85 1
43 86 3
43 87 2
43 88 3
43 89 2
43 90 2
43 91 3
43 92 3
43 93 1
43 94 1
43 95 2
43 96 2
43 97 2
43 98 3
43 99 1
44 45 2
44 46 3
44 47 1
44 48 2
44 49 3
44 50 1
44 51 2
44 52 2
44 53 2
44 54 2
44 55 1
44 56 2
44 57 1
44 58 2
44 59 1
44 60 2
44 61 1
44 62 2
44 63 2
44 64 2
44 65 2
44 66 1
44 67 2
44 68 3
44 69 1
44 70 1
44 71 1
44 72 1
44 73 1
44 74 1
44 75 3
44 76 3
44 77 2
44 78 2
44 79 3
44 80 1
44 81 3
44 82 1
44 83 2
44 84 1
44 85 2
44 86 2
44 87 2
44 88 3
44 89 2
44 90 2
44 91 2
44 92 2
44 93 1
44 94 1
44 95 1
44 96 1
44 97 2
44 98 2
44 99 1
45 46 3
45 47 3
45 48 2
45 49 4
45 50 2
45 51 2
45 52 1
45 53 3
45 54 2
45 55 3
45 56 2
45 57 1
45 58 1
45 59 2
45 60 3
45 61 1
45 62 1
45 63 3
45 64 2
45 65 3
45 66 3
45 67 3
45 68 4
45 69 2
45 70 2
45 71 1
45 72 2
45 73 2
45 74 2
45 75 3
45 76 4
45 77 1
45 78 3
45 79 4
45 80 1
45 81 3
45 82 2
45 83 1
45 84 2
45 85 1
45 86 3
45 87 2
45 88 3
45 89 1
45 90 3
45 91 3
45 92 3
45 93 2
45 94 1
45 95 2
45 96 2
45 97 2
45 98 3
45 99 1
46 47 2
46 48 2
46 49 1
46 50 2
46 51 2
46 52 3
46 53 2
46 54 1
46 55 3
46 56 1
46 57 3
46 58 3
46 59 2
46 60 1
46 61 3
46 62 3
46 63 2
46 64 2
46 65 2
46 66 3
46 67 1
46 68 2
46 69 3
46 70 2
46 71 2
46 72 3
46 73 3
46 74 3
46 75 1
46 76 2
46 77 3
46 78 2
46 79 2
46 80 3
46 81 1
46 82 3
46 83 3
46 84 3
46 85 3
46 86 2
46 87 2
46 88 1
46 89 3
46 90 4
46 91 2
46 92 1
46 93 2
46 94 3
46 95 2
46 96 2
46 97 2
46 98 1
46 99 3
47 48 3
47 49 2
47 50 2
47 51 3
47 52 3
47 53 1
47 54 1
47 55 1
47 56 2
47 57 2
47 58 3
47 59 1
47 60 2
47 61 2
47 62 3
47 63 1
47 64 2
47 65 2
47 66 1
47 67 2
47 68 2
47 69 2
47 70 1
47 71 2
47 72 2
47 73 2
47 74 1
47 75 2
47 76 2
47 77 3
47 78 1
47 79 2
47 80 2
47 81 3
47 82 2
47 83 3
47 84 1
47 85 3
47 86 1
47 87 1
47 88 2
47 89 3
47 90 2
47 91 2
47 92 2
47 93 2
47 94 2
47 95 1
47 96 1
47 97 2
47 98 2
47 99 2
48 49 3
48 50 1
48 51 1
48 52 2
48 53 2
48 54 2
48 55 3
48 56 2
48 57 2
48 58 2
48 59 2
48 60 2
48 61 2
48 62 2
48 63 2
48 64 1
48 65 3
48 66 3
48 67 2
48 68 3
48 69 2
48 70 2
48 71 1
48 72 2
48 73 2
48 74 3
48 75 2
48 76 3
48 77 2
48 78 3
48 79 3
48 80 2
48 81 2
48 82 3
48 83 2
48 84 3
48 85 2
48 86 3
48 87 2
48 88 2
48 89 1
48 90 4
48 91 3
48 92 2
48 93 1
48 94 2
48 95 2
48 96 2
48 97 1
48 98 2
48 99 2
49 50 2
49 51 3
49 52 4
49 53 1
49 54 2
49 55 3
49 56 2
49 57 3
49 58 4
49 59 3
49 60 2
49 61 4
49 62 4
49 63 2
49 64 3
49 65 1
49 66 3
49 67 1
49 68 1
49 69 4
49 70 2
49 71 3
49 72 4
49 73 4
49 74 3
49 75 1
49 76 1
49 77 4
49 78 1
49 79 1
49 80 3
49 81 2
49 82 3
49 83 4
49 84 3
49 85 4
49 86 2
49 87 2
49 88 1
49 89 4
49 90 3
49 91 1
49 92 1
49 93 3
49 94 3
49 95 2
49 96 2
49 97 3
49 98 1
49 99 3
50 51 1
50 52 2
50 53 2
50 54 1
50 55 2
50 56 1
50 57 1
50 58 2
50 59 1
50 60 1
50 61 2
50 62 2
50 63 1
50 64 1
50 65 2
50 66 2
50 67 2
50 68 2
50 69 2
50 70 1
50 71 1
50 72 2
50 73 2
50 74 2
50 75 2
50 76 3
50 77 2
50 78 2
50 79 3
50 80 1
50 81 2
50 82 2
50 83 2
50 84 2
50 85 2
50 86 2
50 87 1
50 88 2
50 89 2
50 90 3
50 91 2
50 92 2
50 93 1
50 94 1
50 95 1
50 96 1
50 97 1
50 98 2
50 99 1
51 52 2
51 53 2
51 54 2
51 55 3
51 56 2
51 57 2
51 58 2
51 59 2
51 60 1
51 61 2
51 62 2
51 63 2
51 64 1
51 65 3
51 66 3
51 67 2
51 68 3
51 69 2
51 70 2
51 71 1
51 72 2
51 73 2
51 74 3
51 75 2
51 76 3
51 77 2
51 78 3
51 79 3
51 80 2
51 81 1
51 82 3
51 83 2
51 84 3
51 85 2
51 86 3
51 87 2
51 88 2
51 89 2
51 90 4
51 91 3
51 92 2
51 93 1
51 94 2
51 95 2
51 96 2
51 97 1
51 98 2
51 99 2
52 53 3
52 54 2
52 55 3
52 56 2
52 57 1
52 58 1
52 59 2
52 60 3
52 61 1
52 62 1
52 63 3
52 64 2
52 65 3
52 66 3
52 67 3
52 68 4
52 69 2
52 70 2
52 71 1
52 72 2
52 73 2
52 74 2
52 75 3
52 76 4
52 77 1
52 78 3
52 79 4
52 80 1
52 81 3
52 82 2
52 83 1
52 84 2
52 85 1
52 86 3
52 87 2
52 88 3
52 89 1
52 90 3
52 91 3
52 92 3
52 93 2
52 94 1
52 95 2
52 96 2
52 97 2
52 98 3
52 99 1
53 54 1
53 55 2
53 56 1
53 57 2
53 58 3
53 59 2
53 60 2
53 61 3
53 62 3
53 63 1
53 64 2
53 65 1
53 66 2
53 67 1
53 68 1
53 69 3
53 70 1
53 71 2
53 72 3
53 73 3
53 74 2
53 75 1
53 76 2
53 77 3
53 78 1
53 79 1
53 80 3
53 81 3
53 82 3
53 83 3
53 84 2
53 85 3
53 86 1
53 87 1
53 88 1
53 89 3
53 90 3
53 91 1
53 92 1
53 93 2
53 94 3
53 95 1
53 96 1
53 97 2
53 98 1
53 99 3
54 55 2
54 56 1
54 57 2
54 58 2
54 59 1
54 60 1
54 61 2
54 62 2
54 63 1
54 64 1
54 65 2
54 66 2
54 67 1
54 68 2
54 69 2
54 70 1
54 71 1
54 72 2
54 73 2
54 74 2
54 75 1
54 76 2
54 77 3
54 78 1
54 79 2
54 80 2
54 81 2
54 82 2
54 83 2
54 84 2
54 85 2
54 86 1
54 87 1
54 88 1
54 89 2
54 90 3
54 91 1
54 92 1
54 93 1
54 94 2
54 95 1
54 96 1
54 97 2
54 98 1
54 99 2
55 56 2
55 57 2
55 58 3
55 59 1
55 60 3
55 61 2
55 62 3
55 63 1
55 64 2
55 65 2
55 66 1
55 67 3
55 68 2
55 69 2
55 70 1
55 71 2
55 72 2
55 73 2
55 74 1
55 75 3
55 76 3
55 77 3
55 78 2
55 79 3
55 80 2
55 81 4
55 82 1
55 83 3
55 84 1
55 85 3
55 86 2
55 87 2
55 88 3
55 89 3
55 90 1
55 91 2
55 92 2
55 93 2
55 94 2
55 95 2
55 96 1
55 97 3
55 98 2
55 99 2
56 57 2
56 58 2
56 59 2
56 60 1
56 61 2
56 62 2
56 63 1
56 64 1
56 65 2
56 66 2
56 67 1
56 68 2
56 69 3
56 70 2
56 71 1
56 72 3
56 73 3
56 74 2
56 75 1
56 76 2
56 77 3
56 78 2
56 79 2
56 80 2
56 81 2
56 82 3
56 83 2
56 84 2
56 85 2
56 86 2
56 87 1
56 88 1
56 89 2
56 90 3
56 91 2
56 92 1
56 93 1
56 94 2
56 95 1
56 96 1
56 97 1
56 98 1
56 99 2
57 58 1
57 59 1
57 60 2
57 61 1
57 62 1
57 63 2
57 64 1
57 65 2
57 66 2
57 67 2
57 68 3
57 69 1
57 70 1
57 71 1
57 72 1
57 73 1
57 74 2
57 75 3
57 76 3
57 77 2
57 78 2
57 79 3
57 80 1
57 81 3
57 82 2
57 83 2
57 84 1
57 85 2
57 86 2
57 87 1
57 88 3
57 89 2
57 90 2
57 91 2
57 92 2
57 93 1
57 94 1
57 95 1
57 96 1
57 97 2
57 98 2
57 99 1
58 59 2
58 60 3
58 61 1
58 62 1
58 63 3
58 64 2
58 65 3
58 66 3
58 67 3
58 68 4
58 69 2
58 70 2
58 71 1
58 72 2
58 73 2
58 74 2
58 75 3
58 76 4
58 77 1
58 78 3
58 79 4
58 80 1
58 81 3
58 82 2
58 83 1
58 84 2
58 85 1
58 86 3
58 87 2
58 88 3
58 89 1
58 90 3
58 91 3
58 92 3
58 93 1
58 94 1
58 95 2
58 96 2
58 97 2
58 98 3
58 99 1
59 60 2
59 61 2
59 62 2
59 63 1
59 64 1
59 65 2
59 66 1
59 67 2
59 68 2
59 69 1
59 70 1
59 71 1
59 72 1
59 73 1
59 74 1
59 75 2
59 76 3
59 77 2
59 78 2
59 79 3
59 80 1
59 81 3
59 82 2
59 83 2
59 84 1
59 85 2
59 86 2
59 87 1
59 88 2
59 89 2
59 90 2
59 91 2
59 92 2
59 93 1
59 94 1
59 95 1
59 96 1
59 97 2
59 98 2
59 99 1
60 61 3
60 62 3
60 63 2
60 64 1
60 65 2
60 66 3
60 67 1
60 68 2
60 69 3
60 70 2
60 71 2
60 72 3
60 73 3
60 74 3
60 75 1
60 76 2
60 77 3
60 78 2
60 79 2
60 80 2
60 81 1
60 82 3
60 83 3
60 84 3
60 85 3
60 86 2
60 87 1
60 88 1
60 89 2
60 90 4
60 91 2
60 92 1
60 93 2
60 94 2
60 95 1
60 96 2
60 97 1
60 98 1
60 99 2
61 62 1
61 63 2
61 64 2
61 65 3
61 66 2
61 67 3
61 68 4
61 69 1
61 70 2
61 71 1
61 72 1
61 73 1
61 74 2
61 75 3
61 76 4
61 77 1
61 78 3
61 79 4
61 80 1
61 81 3
61 82 2
61 83 1
61 84 2
61 85 1
61 86 3
61 87 2
61 88 3
61 89 1
61 90 3
61 91 3
61 92 3
61 93 1
61 94 1
61 95 2
61 96 2
61 97 2
61 98 3
61 99 1
62 63 3
62 64 2
62 65 3
62 66 2
62 67 3
62 68 4
62 69 1
62 70 2
62 71 1
62 72 2
62 73 2
62 74 2
62 75 3
62 76 4
62 77 1
62 78 3
62 79 4
62 80 1
62 81 3
62 82 2
62 83 1
62 84 2
62 85 1
62 86 3
62 87 2
62 88 3
62 89 1
62 90 3
62 91 3
62 92 3
62 93 2
62 94 1
62 95 2
62 96 2
62 97 2
62 98 3
62 99 1
63 64 2
63 65 1
63 66 1
63 67 2
63 68 2
63 69 2
63 70 1
63 71 2
63 72 2
63 73 2
63 74 1
63 75 2
63 76 2
63 77 3
63 78 1
63 79 2
63 80 2
63 81 3
63 82 2
63 83 3
63 84 1
63 85 3
63 86 1
63 87 1
63 88 2
63 89 3
63 90 2
63 91 1
63 92 1
63 93 2
63 94 2
63 95 1
63 96 1
63 97 2
63 98 1
63 99 2
64 65 3
64 66 2
64 67 2
64 68 3
64 69 2
64 70 2
64 71 1
64 72 2
64 73 2
64 74 2
64 75 2
64 76 3
64 77 2
64 78 2
64 79 3
64 80 1
64 81 2
64 82 3
64 83 2
64 84 2
64 85 2
64 86 2
64 87 1
64 88 2
64 89 2
64 90 3
64 91 2
64 92 2
64 93 1
64 94 2
64 95 1
64 96 2
64 97 1
64 98 2
64 99 2
65 66 2
65 67 1
65 68 1
65 69 3
65 70 1
65 71 2
65 72 3
65 73 3
65 74 2
65 75 2
65 76 1
65 77 4
65 78 1
65 79 1
65 80 3
65 81 3
65 82 3
65 83 4
65 84 2
65 85 4
65 86 1
65 87 2
65 88 2
65 89 3
65 90 3
65 91 1
65 92 1
65 93 2
65 94 3
65 95 2
65 96 1
65 97 3
65 98 1
65 99 3
66 67 3
66 68 2
66 69 1
66 70 1
66 71 2
66 72 1
66 73 1
66 74 1
66 75 3
66 76 3
66 77 3
66 78 2
66 79 3
66 80 2
66 81 4
66 82 1
66 83 3
66 84 1
66 85 3
66 86 2
66 87 2
66 88 3
66 89 3
66 90 1
66 91 2
66 92 2
66 93 2
66 94 2
66 95 2
66 96 2
66 97 3
66 98 2
66 99 2
67 68 2
67 69 3
67 70 2
67 71 2
67 72 3
67 73 3
67 74 3
67 75 1
67 76 2
67 77 3
67 78 1
67 79 1
67 80 3
67 81 2
67 82 3
67 83 3
67 84 3
67 85 3
67 86 2
67 87 1
67 88 1
67 89 3
67 90 3
67 91 1
67 92 1
67 93 2
67 94 3
67 95 1
67 96 2
67 97 2
67 98 1
67 99 3
68 69 3
68 70 2
68 71 3
68 72 3
68 73 3
68 74 2
68 75 2
68 76 1
68 77 4
68 78 1
68 79 1
68 80 3
68 81 3
68 82 3
68 83 4
68 84 2
68 85 4
68 86 1
68 87 2
68 88 2
68 89 4
68 90 3
68 91 1
68 92 1
68 93 3
68 94 3
68 95 2
68 96 2
68 97 3
68 98 1
68 99 3
69 70 2
69 71 2
69 72 1
69 73 1
69 74 1
69 75 3
69 76 4
69 77 2
69 78 3
69 79 4
69 80 1
69 81 3
69 82 1
69 83 2
69 84 1
69 85 2
69 86 3
69 87 2
69 88 3
69 89 2
69 90 2
69 91 3
69 92 3
69 93 2
69 94 1
69 95 2
69 96 2
69 97 2
69 98 3
69 99 1
70 71 2
70 72 2
70 73 2
70 74 1
70 75 2
70 76 2
70 77 3
70 78 1
70 79 2
70 80 2
70 81 3
70 82 2
70 83 3
70 84 1
70 85 3
70 86 1
70 87 1
70 88 2
70 89 3
70 90 2
70 91 2
70 92 2
70 93 2
70 94 2
70 95 1
70 96 1
70 97 2
70 98 2
70 99 2
71 72 2
71 73 2
71 74 2
71 75 2
71 76 3
71 77 2
71 78 2
71 79 3
71 80 1
71 81 2
71 82 2
71 83 2
71 84 2
71 85 2
71 86 2
71 87 1
71 88 2
71 89 1
71 90 3
71 91 2
71 92 2
71 93 1
71 94 1
71 95 1
71 96 2
71 97 1
71 98 2
71 99 1
72 73 1
72 74 1
72 75 3
72 76 4
72 77 2
72 78 3
72 79 4
72 80 1
72 81 3
72 82 1
72 83 2
72 84 1
72 85 2
72 86 3
72 87 2
72 88 3
72 89 2
72 90 2
72 91 3
72 92 3
72 93 2
72 94 1
72 95 2
72 96 2
72 97 2
72 98 3
72 99 1
73 74 1
73 75 3
73 76 4
73 77 2
73 78 3
73 79 4
73 80 1
73 81 3
73 82 1
73 83 2
73 84 1
73 85 2
73 86 3
73 87 2
73 88 3
73 89 2
73 90 2
73 91 3
73 92 3
73 93 2
73 94 1
73 95 2
73 96 2
73 97 2
73 98 3
73 99 1
74 75 3
74 76 3
74 77 2
74 78 2
74 79 3
74 80 2
74 81 4
74 82 1
74 83 3
74 84 1
74 85 2
74 86 2
74 87 2
74 88 3
74 89 3
74 90 1
74 91 2
74 92 2
74 93 2
74 94 2
74 95 2
74 96 2
74 97 3
74 98 2
74 99 2
75 76 2
75 77 4
75 78 2
75 79 2
75 80 3
75 81 2
75 82 3
75 83 3
75 84 3
75 85 3
75 86 2
75 87 2
75 88 1
75 89 3
75 90 4
75 91 2
75 92 1
75 93 2
75 94 3
75 95 2
75 96 2
75 97 2
75 98 1
75 99 3
76 77 4
76 78 1
76 79 1
76 80 4
76 81 3
76 82 3
76 83 4
76 84 3
76 85 4
76 86 1
76 87 2
76 88 2
76 89 4
76 90 3
76 91 1
76 92 2
76 93 3
76 94 4
76 95 3
76 96 2
76 97 3
76 98 2
76 99 4
77 78 4
77 79 4
77 80 1
77 81 3
77 82 2
77 83 1
77 84 2
77 85 1
77 86 4
77 87 2
77 88 4
77 89 1
77 90 3
77 91 4
77 92 3
77 93 2
77 94 1
77 95 2
77 96 3
77 97 2
77 98 3
77 99 1
78 79 1
78 80 3
78 81 3
78 82 3
78 83 3
78 84 2
78 85 3
78 86 1
78 87 2
78 88 2
78 89 3
78 90 2
78 91 1
78 92 1
78 93 2
78 94 3
78 95 2
78 96 1
78 97 3
78 98 1
78 99 3
79 80 4
79 81 3
79 82 3
79 83 4
79 84 3
79 85 4
79 86 1
79 87 2
79 88 1
79 89 4
79 90 3
79 91 1
79 92 1
79 93 3
79 94 4
79 95 2
79 96 2
79 97 3
79 98 1
79 99 4
80 81 3
80 82 2
80 83 1
80 84 2
80 85 1
80 86 3
80 87 2
80 88 3
80 89 1
80 90 3
80 91 3
80 92 3
80 93 1
80 94 1
80 95 2
80 96 2
80 97 1
80 98 3
80 99 1
81 82 4
81 83 3
81 84 4
81 85 3
81 86 3
81 87 2
81 88 2
81 89 3
81 90 5
81 91 3
81 92 2
81 93 2
81 94 3
81 95 2
81 96 3
81 97 2
81 98 2
81 99 3
82 83 3
82 84 1
82 85 2
82 86 2
82 87 2
82 88 3
82 89 3
82 90 1
82 91 3
82 92 3
82 93 2
82 94 2
82 95 2
82 96 2
82 97 3
82 98 3
82 99 2
83 84 3
83 85 1
83 86 3
83 87 2
83 88 3
83 89 1
83 90 3
83 91 3
83 92 3
83 93 2
83 94 1
83 95 2
83 96 3
83 97 2
83 98 3
83 99 1
84 85 2
84 86 2
84 87 2
84 88 3
84 89 3
84 90 1
84 91 2
84 92 2
84 93 2
84 94 2
84 95 2
84 96 1
84 97 3
84 98 2
84 99 2
85 86 3
85 87 2
85 88 3
85 89 1
85 90 3
85 91 3
85 92 3
85 93 2
85 94 1
85 95 2
85 96 3
85 97 2
85 98 3
85 99 1
86 87 2
86 88 2
86 89 3
86 90 2
86 91 1
86 92 1
86 93 2
86 94 3
86 95 2
86 96 1
86 97 3
86 98 1
86 99 3
87 88 2
87 89 2
87 90 3
87 91 2
87 92 1
87 93 1
87 94 2
87 95 1
87 96 1
87 97 1
87 98 1
87 99 2
88 89 3
88 90 4
88 91 1
88 92 1
88 93 2
88 94 3
88 95 2
88 96 2
88 97 2
88 98 1
88 99 3
89 90 3
89 91 3
89 92 3
89 93 2
89 94 1
89 95 2
89 96 3
89 97 1
89 98 3
89 99 1
90 91 3
90 92 3
90 93 3
90 94 2
90 95 3
90 96 2
90 97 4
90 98 3
90 99 2
91 92 1
91 93 2
91 94 3
91 95 2
91 96 1
91 97 3
91 98 1
91 99 3
92 93 2
92 94 3
92 95 1
92 96 1
92 97 2
92 98 1
92 99 3
93 94 1
93 95 1
93 96 1
93 97 1
93 98 2
93 99 1
94 95 2
94 96 2
94 97 2
94 98 3
94 99 1
95 96 1
95 97 1
95 98 1
95 99 2
96 97 2
96 98 1
96 99 2
97 98 2
97 99 2
98 99 3
